*** 2017-08-13 23:37:31.98 idempiere Log (CLogFile) ***
23:37:31.979 Setup.<init>: iDempiere(r) Release 3.1_2015-10-31 -Smart Suite ERP, CRM and SCM- (c) 1999-2013 iDempiere(r); Implementation: iDempiere - Supported by iDempiere community [1]
23:37:32.050 ConfigurationData.load: E:\mercurialidempiere\idempiereEnv.properties [1]
23:37:59.950 Config.test: OK: JavaHome=C:\Program Files\Java\jre7 [30]
23:37:59.951 Config.test: OK: Version=1.7.0_79 [30]
23:37:59.951 ConfigurationData.testAdempiere: OK: AdempiereHome = E:\mercurialidempiere [30]
23:37:59.953 KeyStoreMgt.<init>: E:\mercurialidempiere\jettyhome/etc\keystore [30]
23:37:59.956 ConfigurationData.testAdempiere: OK: KeyStore = E:\mercurialidempiere\jettyhome/etc\keystore [30]
23:37:59.957 Config.test: OK: AppsServer = localhost/127.0.0.1 [30]
23:38:00.966 Config.test: OK: Web Port = 8888 [30]
23:38:02.140 Config.test: OK: SSL Port = 8443 [30]
23:38:02.141 ConfigPostgreSQL.test: OK: Database Server = localhost/127.0.0.1 [30]
23:38:02.142 ConfigPostgreSQL.test: OK: Database Port = 5432 [30]
23:38:02.258 ConfigPostgreSQL.test: OK: System Connection = jdbc:postgresql://localhost:5432/template1 [30]
23:38:02.296 ConfigPostgreSQL.test: OK: Database User = adempiere [30]
23:38:02.327-----------> ConfigurationData.testMail: Not valid:  - Illegal address [30]
23:38:08.960 Config.test: OK: JavaHome=C:\Program Files\Java\jre7 [33]
23:38:08.960 Config.test: OK: Version=1.7.0_79 [33]
23:38:08.960 ConfigurationData.testAdempiere: OK: AdempiereHome = E:\mercurialidempiere [33]
23:38:08.961 KeyStoreMgt.<init>: E:\mercurialidempiere\jettyhome/etc\keystore [33]
23:38:08.961 ConfigurationData.testAdempiere: OK: KeyStore = E:\mercurialidempiere\jettyhome/etc\keystore [33]
23:38:08.962 Config.test: OK: AppsServer = localhost/127.0.0.1 [33]
23:38:09.963 Config.test: OK: Web Port = 8888 [33]
23:38:10.969 Config.test: OK: SSL Port = 8443 [33]
23:38:10.969 ConfigPostgreSQL.test: OK: Database Server = localhost/127.0.0.1 [33]
23:38:10.970 ConfigPostgreSQL.test: OK: Database Port = 5432 [33]
23:38:11.003 ConfigPostgreSQL.test: OK: System Connection = jdbc:postgresql://localhost:5432/template1 [33]
23:38:11.029 ConfigPostgreSQL.test: OK: Database User = adempiere [33]
23:38:11.029-----------> ConfigurationData.testMail: Not valid:  - Illegal address [33]
23:38:11.036 Ini.loadProperties: E:\mercurialidempiere\idempiere.properties #33 [27]
23:38:11.055 ConfigurationData.save: E:\mercurialidempiere\idempiereEnv.properties [27]
23:38:13.568 AdempiereActivator.stop: POSIntegration 1.0.0.qualifier stopped. [35]

*** 2017-08-13 23:38:14.874 idempiere Log (CLogFile) ***
