*** 2017-09-01 22:46:38.336 idempiere Log (CLogFile) ***
22:46:38.335 Setup.<init>: iDempiere(r) Release 3.1_2015-10-31 -Smart Suite ERP, CRM and SCM- (c) 1999-2013 iDempiere(r); Implementation: iDempiere - Supported by iDempiere community [1]
22:46:38.566 ConfigurationData.load: E:\mercurialidempiere\idempiereEnv.properties [1]
22:46:45.965 Config.test: OK: JavaHome=C:\Program Files\Java\jre7 [30]
22:46:45.966 Config.test: OK: Version=1.7.0_79 [30]
22:46:45.966 ConfigurationData.testAdempiere: OK: AdempiereHome = E:\mercurialidempiere [30]
22:46:45.967 KeyStoreMgt.<init>: E:\mercurialidempiere\jettyhome/etc\keystore [30]
22:46:46.011 ConfigurationData.testAdempiere: OK: KeyStore = E:\mercurialidempiere\jettyhome/etc\keystore [30]
22:46:46.013 Config.test: OK: AppsServer = localhost/127.0.0.1 [30]
22:46:47.021 Config.test: OK: Web Port = 8888 [30]
22:46:48.383 Config.test: OK: SSL Port = 8443 [30]
22:46:48.384 ConfigPostgreSQL.test: OK: Database Server = localhost/127.0.0.1 [30]
22:46:48.385 ConfigPostgreSQL.test: OK: Database Port = 5432 [30]
22:46:48.578 ConfigPostgreSQL.test: OK: System Connection = jdbc:postgresql://localhost:5432/template1 [30]
22:46:48.606 ConfigPostgreSQL.test: OK: Database User = adempiere [30]
22:46:48.631-----------> ConfigurationData.testMail: Not valid:  - Illegal address [30]
22:46:53.059 Config.test: OK: JavaHome=C:\Program Files\Java\jre7 [32]
22:46:53.059 Config.test: OK: Version=1.7.0_79 [32]
22:46:53.059 ConfigurationData.testAdempiere: OK: AdempiereHome = E:\mercurialidempiere [32]
22:46:53.059 KeyStoreMgt.<init>: E:\mercurialidempiere\jettyhome/etc\keystore [32]
22:46:53.060 ConfigurationData.testAdempiere: OK: KeyStore = E:\mercurialidempiere\jettyhome/etc\keystore [32]
22:46:53.061 Config.test: OK: AppsServer = localhost/127.0.0.1 [32]
22:46:54.063 Config.test: OK: Web Port = 8888 [32]
22:46:55.069 Config.test: OK: SSL Port = 8443 [32]
22:46:55.069 ConfigPostgreSQL.test: OK: Database Server = localhost/127.0.0.1 [32]
22:46:55.070 ConfigPostgreSQL.test: OK: Database Port = 5432 [32]
22:46:55.112 ConfigPostgreSQL.test: OK: System Connection = jdbc:postgresql://localhost:5432/template1 [32]
22:46:55.181 ConfigPostgreSQL.test: OK: Database User = adempiere [32]
22:46:55.181-----------> ConfigurationData.testMail: Not valid:  - Illegal address [32]
22:46:55.185 Ini.loadProperties: E:\mercurialidempiere\idempiere.properties #33 [27]
22:46:55.193 ConfigurationData.save: E:\mercurialidempiere\idempiereEnv.properties [27]
22:46:57.215 AdempiereActivator.stop: POSIntegration 1.0.0.qualifier stopped. [34]

*** 2017-09-01 22:46:58.0 idempiere Log (CLogFile) ***
