*** 2016-05-23 10:34:41.902 idempiere Log (CLogFile) ***
10:34:41.902 Setup.<init>: iDempiere(r) Release 3.1_2015-10-31 -Smart Suite ERP, CRM and SCM- (c) 1999-2013 iDempiere(r); Implementation: iDempiere - Supported by iDempiere community [1]
10:34:42.199 ConfigurationData.load: E:\mercurialidempiere\idempiereEnv.properties [1]
10:35:09.382 Config.test: OK: JavaHome=C:\Program Files\Java\jre7 [30]
10:35:09.384 Config.test: OK: Version=1.7.0_79 [30]
10:35:09.384 ConfigurationData.testAdempiere: OK: AdempiereHome = E:\mercurialidempiere [30]
10:35:09.417 KeyStoreMgt.<init>: E:\mercurialidempiere\jettyhome/etc\keystore [30]
10:35:09.433 ConfigurationData.testAdempiere: OK: KeyStore = E:\mercurialidempiere\jettyhome/etc\keystore [30]
10:35:09.433 Config.test: OK: AppsServer = /10.0.4.130 [30]
10:35:10.469 Config.test: OK: Web Port = 8888 [30]
10:35:11.002 Config.test: OK: SSL Port = 8443 [30]
10:35:11.002 ConfigPostgreSQL.test: OK: Database Server = /10.0.4.130 [30]
10:35:12.021-----------> ConfigurationData.testPort: Open Socket hmil-idp-apdev1.hmil.com.ni/10.0.4.130:5432 - Connection refused: connect [30]
10:35:12.023-----------> ConfigurationData.test: DB Server Port = 5432 [30]
10:35:12.024===========> ConfigurationPanel$1.finished: Error Puerto Base de Datos 
(DB Server Port = 5432) [27]
10:36:25.317 Config.test: OK: JavaHome=C:\Program Files\Java\jre7 [33]
10:36:25.320 Config.test: OK: Version=1.7.0_79 [33]
10:36:25.321 ConfigurationData.testAdempiere: OK: AdempiereHome = E:\mercurialidempiere [33]
10:36:25.321 KeyStoreMgt.<init>: E:\mercurialidempiere\jettyhome/etc\keystore [33]
10:36:25.322 ConfigurationData.testAdempiere: OK: KeyStore = E:\mercurialidempiere\jettyhome/etc\keystore [33]
10:36:25.322 Config.test: OK: AppsServer = /10.0.4.130 [33]
10:36:26.339 Config.test: OK: Web Port = 8888 [33]
10:36:26.451 Config.test: OK: SSL Port = 8443 [33]
10:36:26.451 ConfigPostgreSQL.test: OK: Database Server = /10.0.4.98 [33]
10:36:26.451 ConfigPostgreSQL.test: OK: Database Port = 5432 [33]
10:36:26.497===========> ConfigPostgreSQL.testJDBC: org.postgresql.util.PSQLException: FATAL: la autentificación password falló para el usuario «postgres» [33]
10:36:26.500-----------> ConfigPostgreSQL.test: Error connecting: jdbc:postgresql://hmil-idp-dbdev.hmil.com.ni:5432/template1 - postgres/idempiere$ [33]
10:36:26.500 ConfigPostgreSQL.test: OK: System Connection = jdbc:postgresql://hmil-idp-dbdev.hmil.com.ni:5432/template1 [33]
10:36:26.533 ConfigPostgreSQL.test: OK: Database User = adempiere [33]
10:36:26.549-----------> ConfigurationData.testMail: Not valid:  - Illegal address [33]
10:36:35.567 Config.test: OK: JavaHome=C:\Program Files\Java\jre7 [34]
10:36:35.569 Config.test: OK: Version=1.7.0_79 [34]
10:36:35.571 ConfigurationData.testAdempiere: OK: AdempiereHome = E:\mercurialidempiere [34]
10:36:35.571 KeyStoreMgt.<init>: E:\mercurialidempiere\jettyhome/etc\keystore [34]
10:36:35.571 ConfigurationData.testAdempiere: OK: KeyStore = E:\mercurialidempiere\jettyhome/etc\keystore [34]
10:36:35.571 Config.test: OK: AppsServer = /10.0.4.130 [34]
10:36:36.588 Config.test: OK: Web Port = 8888 [34]
10:36:36.652 Config.test: OK: SSL Port = 8443 [34]
10:36:36.652 ConfigPostgreSQL.test: OK: Database Server = /10.0.4.98 [34]
10:36:36.652 ConfigPostgreSQL.test: OK: Database Port = 5432 [34]
10:36:36.683 ConfigPostgreSQL.test: OK: System Connection = jdbc:postgresql://hmil-idp-dbdev.hmil.com.ni:5432/template1 [34]
10:36:36.683 ConfigPostgreSQL.test: OK: Database User = adempiere [34]
10:36:36.683-----------> ConfigurationData.testMail: Not valid:  - Illegal address [34]
10:36:40.372 Config.test: OK: JavaHome=C:\Program Files\Java\jre7 [35]
10:36:40.374 Config.test: OK: Version=1.7.0_79 [35]
10:36:40.374 ConfigurationData.testAdempiere: OK: AdempiereHome = E:\mercurialidempiere [35]
10:36:40.374 KeyStoreMgt.<init>: E:\mercurialidempiere\jettyhome/etc\keystore [35]
10:36:40.375 ConfigurationData.testAdempiere: OK: KeyStore = E:\mercurialidempiere\jettyhome/etc\keystore [35]
10:36:40.375 Config.test: OK: AppsServer = /10.0.4.130 [35]
10:36:41.390 Config.test: OK: Web Port = 8888 [35]
10:36:41.422 Config.test: OK: SSL Port = 8443 [35]
10:36:41.422 ConfigPostgreSQL.test: OK: Database Server = /10.0.4.98 [35]
10:36:41.422 ConfigPostgreSQL.test: OK: Database Port = 5432 [35]
10:36:41.438 ConfigPostgreSQL.test: OK: System Connection = jdbc:postgresql://hmil-idp-dbdev.hmil.com.ni:5432/template1 [35]
10:36:41.438 ConfigPostgreSQL.test: OK: Database User = adempiere [35]
10:36:41.438-----------> ConfigurationData.testMail: Not valid:  - Illegal address [35]
10:36:41.450 Ini.loadProperties: E:\mercurialidempiere\idempiere.properties #32 [27]
10:36:41.450 ConfigurationData.save: E:\mercurialidempiere\idempiereEnv.properties [27]

*** 2016-05-23 10:36:44.002 idempiere Log (CLogFile) ***
