*** 2016-07-12 16:45:06.642 idempiere Log (CLogFile) ***
16:45:06.641 Adempiere.startup: iDempiere(r) Release 3.1_2015-10-31 -Smart Suite ERP, CRM and SCM- (c) 1999-2013 iDempiere(r); Implementation: iDempiere - Supported by iDempiere community [17]
16:45:06.645 Ini.loadProperties: E:\mercurialidempiere/idempiere.properties #32 [17]
16:45:07.211 DB.isBuildOK: Build DB=${env.ADEMPIERE_VERSION} 20080428-1232 [17]
16:45:07.211 DB.isBuildOK: Build Cl=3.1.0.qualifier [17]
16:45:07.226-----------> DB.isBuildOK: Build Version Error 

The program assumes build version 3.1.0.qualifier, but database has build version ${env.ADEMPIERE_VERSION} 20080428-1232. 
This is likely to cause hard to fix errors. 
Please contact administrator. [17]
16:45:07.327 WebEnv.initWeb: Servlet Context Init Parameters: iDempiere Root
ServerRoot=1 [17]
16:45:07.342-----------> EMail.setFrom: you @ company.org: javax.mail.internet.AddressException: Local address contains control or whitespace in string ``you @ company.org'' [17]
16:45:07.342-----------> EMail.addTo: you @ company.org: javax.mail.internet.AddressException: Local address contains control or whitespace in string ``you @ company.org'' [17]
16:45:07.342-----------> EMail.isValid: From is invalid=null [17]
16:45:07.342-----------> EMail.isValid: From is invalid=null [17]
16:45:07.342-----------> MClient.sendEMail: Could NOT Send Email: Server started: iDempiere (odbz:172.16.67.23) to you @ company.org: Invalid Data (System) [17]
16:45:07.342 WebEnv.initWeb: Servlet Init Parameter: idempiereMonitor [17]
16:45:07.342 AdempiereMonitor.init:  [17]
16:45:08.800-----------> AnnotationConfiguration.configure: ServletContainerInitializers: detected. Class hierarchy: empty [17]
16:45:09.069-----------> ClassLocator.getDependentXMLResources: Replicate resource: ckez
Overwrite bundleresource://181.fwk491298318:2/metainfo/zk/config.xml
with bundleresource://181.fwk491298318:19/metainfo/zk/config.xml [17]
16:45:09.075-----------> ClassLocator.getDependentXMLResources: Replicate resource: zk
Overwrite bundleresource://181.fwk491298318:11/metainfo/zk/config.xml
with bundleresource://181.fwk491298318:28/metainfo/zk/config.xml [17]
16:45:09.080-----------> ClassLocator.getDependentXMLResources: Replicate resource: zkbind
Overwrite bundleresource://181.fwk491298318:12/metainfo/zk/config.xml
with bundleresource://181.fwk491298318:29/metainfo/zk/config.xml [17]
16:45:09.109-----------> ClassLocator.getDependentXMLResources: Replicate resource: zul
Overwrite bundleresource://181.fwk491298318:14/metainfo/zk/zk.xml
with bundleresource://181.fwk491298318:31/metainfo/zk/zk.xml [17]
16:45:09.592-----------> LanguageDefinition.<init>: Replicated language: xhtml, overriden by [LanguageDefinition: xhtml] [17]
16:45:09.623-----------> LanguageDefinition.<init>: Replicated language: xul/html, overriden by [LanguageDefinition: xul/html] [17]
16:45:09.704-----------> ClassLocator.getDependentXMLResources: Replicate resource: calendar
Overwrite bundleresource://181.fwk491298318:1/metainfo/zk/lang-addon.xml
with bundleresource://181.fwk491298318:18/metainfo/zk/lang-addon.xml [17]
16:45:09.716-----------> ClassLocator.getDependentXMLResources: Replicate resource: ckez
Overwrite bundleresource://181.fwk491298318:2/metainfo/zk/lang-addon.xml
with bundleresource://181.fwk491298318:19/metainfo/zk/lang-addon.xml [17]
16:45:09.721-----------> ClassLocator.getDependentXMLResources: Replicate resource: gmapsz
Overwrite bundleresource://181.fwk491298318:5/metainfo/zk/lang-addon.xml
with bundleresource://181.fwk491298318:22/metainfo/zk/lang-addon.xml [17]
16:45:09.728-----------> ClassLocator.getDependentXMLResources: Replicate resource: timeline
Overwrite bundleresource://181.fwk491298318:6/metainfo/zk/lang-addon.xml
with bundleresource://181.fwk491298318:23/metainfo/zk/lang-addon.xml [17]
16:45:09.732-----------> ClassLocator.getDependentXMLResources: Replicate resource: timeplot
Overwrite bundleresource://181.fwk491298318:7/metainfo/zk/lang-addon.xml
with bundleresource://181.fwk491298318:24/metainfo/zk/lang-addon.xml [17]
16:45:09.748-----------> ClassLocator.getDependentXMLResources: Replicate resource: zkbind
Overwrite bundleresource://181.fwk491298318:12/metainfo/zk/lang-addon.xml
with bundleresource://181.fwk491298318:29/metainfo/zk/lang-addon.xml [17]
16:45:09.752-----------> ClassLocator.getDependentXMLResources: Replicate resource: zkplus
Overwrite bundleresource://181.fwk491298318:13/metainfo/zk/lang-addon.xml
with bundleresource://181.fwk491298318:30/metainfo/zk/lang-addon.xml [17]
16:45:09.903           WebUIServlet.init: iDempiere Web Client started successfully [17]
16:45:10.961-----------> AnnotationConfiguration.configure: ServletContainerInitializers: detected. Class hierarchy: empty [17]

*** 2016-07-12 16:45:11.225 idempiere Log (CLogFile) ***
16:45:13.089-----------> Node: [172.16.67.23]:5701 [adempiere.idempiere/localhost] [3.5.3] No join method is enabled! Starting standalone. [41]
16:45:31.099-----------> Prop.loadProperties: E:\mercurialidempiere\home.properties not found [34]
16:45:31.099-----------> Prop.loadProperties: E:\mercurialidempiere\home.properties not found [35]
16:45:31.103-----------> Prop.loadProperties: !!WARNING:Please locate yout custom home.properties on iDEMPIERE_HOME. [34]
16:45:31.103-----------> Prop.loadProperties: !!WARNING:Please locate yout custom home.properties on iDEMPIERE_HOME. [35]
16:45:55.609-----------> Msg.getMsg: NOT found: ni.idempiere.toolbar.action.toolbarbtn.label [39]
16:45:55.609-----------> Msg.getMsg: NOT found: ni.idempiere.toolbar.action.toolbarbtn.tooltip [39]
