*** 2016-05-18 10:38:05.778 idempiere Log (CLogFile) ***
10:38:05.778 Adempiere.startup: iDempiere(r) Release 3.1_2015-10-31 -Smart Suite ERP, CRM and SCM- (c) 1999-2013 iDempiere(r); Implementation: iDempiere - Supported by iDempiere community [14]
10:38:05.794 Ini.loadProperties: E:\mercurialidempiere/idempiere.properties #32 [14]
10:38:06.321 DB.isBuildOK: Build DB=${env.ADEMPIERE_VERSION} 20080428-1232 [14]
10:38:06.321 DB.isBuildOK: Build Cl=3.1.0.qualifier [14]
10:38:06.337-----------> DB.isBuildOK: Build Version Error 

The program assumes build version 3.1.0.qualifier, but database has build version ${env.ADEMPIERE_VERSION} 20080428-1232. 
This is likely to cause hard to fix errors. 
Please contact administrator. [14]
10:38:06.431 WebEnv.initWeb: Servlet Context Init Parameters: iDempiere Root
ServerRoot=1 [14]
10:38:06.431-----------> EMail.setFrom: you @ company.org: javax.mail.internet.AddressException: Local address contains control or whitespace in string ``you @ company.org'' [14]
10:38:06.431-----------> EMail.addTo: you @ company.org: javax.mail.internet.AddressException: Local address contains control or whitespace in string ``you @ company.org'' [14]
10:38:06.431-----------> EMail.isValid: From is invalid=null [14]
10:38:06.431-----------> EMail.isValid: From is invalid=null [14]
10:38:06.431-----------> MClient.sendEMail: Could NOT Send Email: Server started: iDempiere (odbz:10.0.5.43) to you @ company.org: Invalid Data (System) [14]
10:38:06.431 WebEnv.initWeb: Servlet Init Parameter: idempiereMonitor [14]
10:38:06.431 AdempiereMonitor.init:  [14]
10:38:07.681-----------> AnnotationConfiguration.configure: ServletContainerInitializers: detected. Class hierarchy: empty [14]
10:38:07.911-----------> ClassLocator.getDependentXMLResources: Replicate resource: ckez
Overwrite bundleresource://178.fwk1614885207:2/metainfo/zk/config.xml
with bundleresource://178.fwk1614885207:19/metainfo/zk/config.xml [14]
10:38:07.927-----------> ClassLocator.getDependentXMLResources: Replicate resource: zk
Overwrite bundleresource://178.fwk1614885207:11/metainfo/zk/config.xml
with bundleresource://178.fwk1614885207:28/metainfo/zk/config.xml [14]
10:38:07.927-----------> ClassLocator.getDependentXMLResources: Replicate resource: zkbind
Overwrite bundleresource://178.fwk1614885207:12/metainfo/zk/config.xml
with bundleresource://178.fwk1614885207:29/metainfo/zk/config.xml [14]
10:38:07.943-----------> ClassLocator.getDependentXMLResources: Replicate resource: zul
Overwrite bundleresource://178.fwk1614885207:14/metainfo/zk/zk.xml
with bundleresource://178.fwk1614885207:31/metainfo/zk/zk.xml [14]
10:38:08.271-----------> LanguageDefinition.<init>: Replicated language: xhtml, overriden by [LanguageDefinition: xhtml] [14]
10:38:08.302-----------> LanguageDefinition.<init>: Replicated language: xul/html, overriden by [LanguageDefinition: xul/html] [14]
10:38:08.349-----------> ClassLocator.getDependentXMLResources: Replicate resource: calendar
Overwrite bundleresource://178.fwk1614885207:1/metainfo/zk/lang-addon.xml
with bundleresource://178.fwk1614885207:18/metainfo/zk/lang-addon.xml [14]
10:38:08.365-----------> ClassLocator.getDependentXMLResources: Replicate resource: ckez
Overwrite bundleresource://178.fwk1614885207:2/metainfo/zk/lang-addon.xml
with bundleresource://178.fwk1614885207:19/metainfo/zk/lang-addon.xml [14]
10:38:08.365-----------> ClassLocator.getDependentXMLResources: Replicate resource: gmapsz
Overwrite bundleresource://178.fwk1614885207:5/metainfo/zk/lang-addon.xml
with bundleresource://178.fwk1614885207:22/metainfo/zk/lang-addon.xml [14]
10:38:08.365-----------> ClassLocator.getDependentXMLResources: Replicate resource: timeline
Overwrite bundleresource://178.fwk1614885207:6/metainfo/zk/lang-addon.xml
with bundleresource://178.fwk1614885207:23/metainfo/zk/lang-addon.xml [14]
10:38:08.365-----------> ClassLocator.getDependentXMLResources: Replicate resource: timeplot
Overwrite bundleresource://178.fwk1614885207:7/metainfo/zk/lang-addon.xml
with bundleresource://178.fwk1614885207:24/metainfo/zk/lang-addon.xml [14]
10:38:08.380-----------> ClassLocator.getDependentXMLResources: Replicate resource: zkbind
Overwrite bundleresource://178.fwk1614885207:12/metainfo/zk/lang-addon.xml
with bundleresource://178.fwk1614885207:29/metainfo/zk/lang-addon.xml [14]
10:38:08.396-----------> ClassLocator.getDependentXMLResources: Replicate resource: zkplus
Overwrite bundleresource://178.fwk1614885207:13/metainfo/zk/lang-addon.xml
with bundleresource://178.fwk1614885207:30/metainfo/zk/lang-addon.xml [14]
10:38:08.490           WebUIServlet.init: iDempiere Web Client started successfully [14]
10:38:09.443-----------> AnnotationConfiguration.configure: ServletContainerInitializers: detected. Class hierarchy: empty [14]

*** 2016-05-18 10:38:09.684 idempiere Log (CLogFile) ***
10:38:11.153-----------> Node: [10.0.5.43]:5701 [adempiere.idempiere/localhost] [3.5.3] No join method is enabled! Starting standalone. [37]
