*** 2016-07-11 11:14:25.976 idempiere Log (CLogFile) ***
11:14:25.976 Adempiere.startup: iDempiere(r) Release 3.1_2015-10-31 -Smart Suite ERP, CRM and SCM- (c) 1999-2013 iDempiere(r); Implementation: iDempiere - Supported by iDempiere community [17]
11:14:25.979 Ini.loadProperties: E:\mercurialidempiere/idempiere.properties #32 [17]
11:14:26.501 DB.isBuildOK: Build DB=${env.ADEMPIERE_VERSION} 20080428-1232 [17]
11:14:26.501 DB.isBuildOK: Build Cl=3.1.0.qualifier [17]
11:14:26.519-----------> DB.isBuildOK: Build Version Error 

The program assumes build version 3.1.0.qualifier, but database has build version ${env.ADEMPIERE_VERSION} 20080428-1232. 
This is likely to cause hard to fix errors. 
Please contact administrator. [17]
11:14:26.614 WebEnv.initWeb: Servlet Context Init Parameters: iDempiere Root
ServerRoot=1 [17]
11:14:26.634-----------> EMail.setFrom: you @ company.org: javax.mail.internet.AddressException: Local address contains control or whitespace in string ``you @ company.org'' [17]
11:14:26.637-----------> EMail.addTo: you @ company.org: javax.mail.internet.AddressException: Local address contains control or whitespace in string ``you @ company.org'' [17]
11:14:26.637-----------> EMail.isValid: From is invalid=null [17]
11:14:26.638-----------> EMail.isValid: From is invalid=null [17]
11:14:26.638-----------> MClient.sendEMail: Could NOT Send Email: Server started: iDempiere (odbz:172.16.67.23) to you @ company.org: Invalid Data (System) [17]
11:14:26.638 WebEnv.initWeb: Servlet Init Parameter: idempiereMonitor [17]
11:14:26.639 AdempiereMonitor.init:  [17]
11:14:28.143-----------> AnnotationConfiguration.configure: ServletContainerInitializers: detected. Class hierarchy: empty [17]
11:14:28.362-----------> ClassLocator.getDependentXMLResources: Replicate resource: ckez
Overwrite bundleresource://181.fwk1319287199:2/metainfo/zk/config.xml
with bundleresource://181.fwk1319287199:19/metainfo/zk/config.xml [17]
11:14:28.362-----------> ClassLocator.getDependentXMLResources: Replicate resource: zk
Overwrite bundleresource://181.fwk1319287199:11/metainfo/zk/config.xml
with bundleresource://181.fwk1319287199:28/metainfo/zk/config.xml [17]
11:14:28.362-----------> ClassLocator.getDependentXMLResources: Replicate resource: zkbind
Overwrite bundleresource://181.fwk1319287199:12/metainfo/zk/config.xml
with bundleresource://181.fwk1319287199:29/metainfo/zk/config.xml [17]
11:14:28.394-----------> ClassLocator.getDependentXMLResources: Replicate resource: zul
Overwrite bundleresource://181.fwk1319287199:14/metainfo/zk/zk.xml
with bundleresource://181.fwk1319287199:31/metainfo/zk/zk.xml [17]
11:14:28.731-----------> LanguageDefinition.<init>: Replicated language: xhtml, overriden by [LanguageDefinition: xhtml] [17]
11:14:28.750-----------> LanguageDefinition.<init>: Replicated language: xul/html, overriden by [LanguageDefinition: xul/html] [17]
11:14:28.804-----------> ClassLocator.getDependentXMLResources: Replicate resource: calendar
Overwrite bundleresource://181.fwk1319287199:1/metainfo/zk/lang-addon.xml
with bundleresource://181.fwk1319287199:18/metainfo/zk/lang-addon.xml [17]
11:14:28.807-----------> ClassLocator.getDependentXMLResources: Replicate resource: ckez
Overwrite bundleresource://181.fwk1319287199:2/metainfo/zk/lang-addon.xml
with bundleresource://181.fwk1319287199:19/metainfo/zk/lang-addon.xml [17]
11:14:28.814-----------> ClassLocator.getDependentXMLResources: Replicate resource: gmapsz
Overwrite bundleresource://181.fwk1319287199:5/metainfo/zk/lang-addon.xml
with bundleresource://181.fwk1319287199:22/metainfo/zk/lang-addon.xml [17]
11:14:28.819-----------> ClassLocator.getDependentXMLResources: Replicate resource: timeline
Overwrite bundleresource://181.fwk1319287199:6/metainfo/zk/lang-addon.xml
with bundleresource://181.fwk1319287199:23/metainfo/zk/lang-addon.xml [17]
11:14:28.822-----------> ClassLocator.getDependentXMLResources: Replicate resource: timeplot
Overwrite bundleresource://181.fwk1319287199:7/metainfo/zk/lang-addon.xml
with bundleresource://181.fwk1319287199:24/metainfo/zk/lang-addon.xml [17]
11:14:28.838-----------> ClassLocator.getDependentXMLResources: Replicate resource: zkbind
Overwrite bundleresource://181.fwk1319287199:12/metainfo/zk/lang-addon.xml
with bundleresource://181.fwk1319287199:29/metainfo/zk/lang-addon.xml [17]
11:14:28.846-----------> ClassLocator.getDependentXMLResources: Replicate resource: zkplus
Overwrite bundleresource://181.fwk1319287199:13/metainfo/zk/lang-addon.xml
with bundleresource://181.fwk1319287199:30/metainfo/zk/lang-addon.xml [17]
11:14:28.996           WebUIServlet.init: iDempiere Web Client started successfully [17]
11:14:30.121-----------> AnnotationConfiguration.configure: ServletContainerInitializers: detected. Class hierarchy: empty [17]

*** 2016-07-11 11:14:30.422 idempiere Log (CLogFile) ***
11:14:32.269-----------> Node: [172.16.67.23]:5701 [adempiere.idempiere/localhost] [3.5.3] No join method is enabled! Starting standalone. [49]
11:15:07.710-----------> Msg.getMsg: NOT found: org.evenos.btn.test.action.jan.label [33]
11:15:07.710-----------> Msg.getMsg: NOT found: org.evenos.btn.test.action.jan.tooltip [33]
11:18:03.394-----------> Msg.getMsg: NOT found: org.evenos.btn.test.action.jan.label [67]
11:18:03.394-----------> Msg.getMsg: NOT found: org.evenos.btn.test.action.jan.tooltip [67]
11:18:46.945-----------> Msg.getMsg: NOT found: org.evenos.btn.test.action.jan.label [35]
11:18:46.945-----------> Msg.getMsg: NOT found: org.evenos.btn.test.action.jan.tooltip [35]
11:19:29.327-----------> Msg.getMsg: NOT found: org.evenos.btn.test.action.jan.label [33]
11:19:29.327-----------> Msg.getMsg: NOT found: org.evenos.btn.test.action.jan.tooltip [33]
11:26:48.492-----------> Msg.getMsg: NOT found: org.evenos.btn.test.action.jan.label [35]
11:26:48.492-----------> Msg.getMsg: NOT found: org.evenos.btn.test.action.jan.tooltip [35]
13:26:08.515-----------> ClusterService: [172.16.67.23]:5701 [adempiere.idempiere/localhost] [3.5.3] Resetting master confirmation timestamps because of huge system clock jump! Clock-Jump: 4991158ms, Master-Confirmation-Timeout: 500000ms. [102]
