*** 2016-07-12 10:45:35.301 idempiere Log (CLogFile) ***
10:45:35.301 Adempiere.startup: iDempiere(r) Release 3.1_2015-10-31 -Smart Suite ERP, CRM and SCM- (c) 1999-2013 iDempiere(r); Implementation: iDempiere - Supported by iDempiere community [17]
10:45:35.317 Ini.loadProperties: E:\mercurialidempiere/idempiere.properties #32 [17]
10:45:36.756 DB.isBuildOK: Build DB=${env.ADEMPIERE_VERSION} 20080428-1232 [17]
10:45:36.756 DB.isBuildOK: Build Cl=3.1.0.qualifier [17]
10:45:36.828-----------> DB.isBuildOK: Build Version Error 

The program assumes build version 3.1.0.qualifier, but database has build version ${env.ADEMPIERE_VERSION} 20080428-1232. 
This is likely to cause hard to fix errors. 
Please contact administrator. [17]
10:45:38.443 WebEnv.initWeb: Servlet Context Init Parameters: iDempiere Root
ServerRoot=1 [17]
10:45:38.452-----------> EMail.setFrom: you @ company.org: javax.mail.internet.AddressException: Local address contains control or whitespace in string ``you @ company.org'' [17]
10:45:38.452-----------> EMail.addTo: you @ company.org: javax.mail.internet.AddressException: Local address contains control or whitespace in string ``you @ company.org'' [17]
10:45:38.452-----------> EMail.isValid: From is invalid=null [17]
10:45:38.452-----------> EMail.isValid: From is invalid=null [17]
10:45:38.452-----------> MClient.sendEMail: Could NOT Send Email: Server started: iDempiere (odbz:172.16.67.23) to you @ company.org: Invalid Data (System) [17]
10:45:38.452 WebEnv.initWeb: Servlet Init Parameter: idempiereMonitor [17]
10:45:38.452 AdempiereMonitor.init:  [17]
10:45:40.805-----------> AnnotationConfiguration.configure: ServletContainerInitializers: detected. Class hierarchy: empty [17]
10:45:41.167-----------> ClassLocator.getDependentXMLResources: Replicate resource: ckez
Overwrite bundleresource://181.fwk1319287199:2/metainfo/zk/config.xml
with bundleresource://181.fwk1319287199:19/metainfo/zk/config.xml [17]
10:45:41.183-----------> ClassLocator.getDependentXMLResources: Replicate resource: zk
Overwrite bundleresource://181.fwk1319287199:11/metainfo/zk/config.xml
with bundleresource://181.fwk1319287199:28/metainfo/zk/config.xml [17]
10:45:41.183-----------> ClassLocator.getDependentXMLResources: Replicate resource: zkbind
Overwrite bundleresource://181.fwk1319287199:12/metainfo/zk/config.xml
with bundleresource://181.fwk1319287199:29/metainfo/zk/config.xml [17]
10:45:41.198-----------> ClassLocator.getDependentXMLResources: Replicate resource: zul
Overwrite bundleresource://181.fwk1319287199:14/metainfo/zk/zk.xml
with bundleresource://181.fwk1319287199:31/metainfo/zk/zk.xml [17]
10:45:41.649-----------> LanguageDefinition.<init>: Replicated language: xhtml, overriden by [LanguageDefinition: xhtml] [17]
10:45:41.680-----------> LanguageDefinition.<init>: Replicated language: xul/html, overriden by [LanguageDefinition: xul/html] [17]
10:45:41.743-----------> ClassLocator.getDependentXMLResources: Replicate resource: calendar
Overwrite bundleresource://181.fwk1319287199:1/metainfo/zk/lang-addon.xml
with bundleresource://181.fwk1319287199:18/metainfo/zk/lang-addon.xml [17]
10:45:41.743-----------> ClassLocator.getDependentXMLResources: Replicate resource: ckez
Overwrite bundleresource://181.fwk1319287199:2/metainfo/zk/lang-addon.xml
with bundleresource://181.fwk1319287199:19/metainfo/zk/lang-addon.xml [17]
10:45:41.743-----------> ClassLocator.getDependentXMLResources: Replicate resource: gmapsz
Overwrite bundleresource://181.fwk1319287199:5/metainfo/zk/lang-addon.xml
with bundleresource://181.fwk1319287199:22/metainfo/zk/lang-addon.xml [17]
10:45:41.758-----------> ClassLocator.getDependentXMLResources: Replicate resource: timeline
Overwrite bundleresource://181.fwk1319287199:6/metainfo/zk/lang-addon.xml
with bundleresource://181.fwk1319287199:23/metainfo/zk/lang-addon.xml [17]
10:45:41.758-----------> ClassLocator.getDependentXMLResources: Replicate resource: timeplot
Overwrite bundleresource://181.fwk1319287199:7/metainfo/zk/lang-addon.xml
with bundleresource://181.fwk1319287199:24/metainfo/zk/lang-addon.xml [17]
10:45:41.758-----------> ClassLocator.getDependentXMLResources: Replicate resource: zkbind
Overwrite bundleresource://181.fwk1319287199:12/metainfo/zk/lang-addon.xml
with bundleresource://181.fwk1319287199:29/metainfo/zk/lang-addon.xml [17]
10:45:41.774-----------> ClassLocator.getDependentXMLResources: Replicate resource: zkplus
Overwrite bundleresource://181.fwk1319287199:13/metainfo/zk/lang-addon.xml
with bundleresource://181.fwk1319287199:30/metainfo/zk/lang-addon.xml [17]
10:45:41.910           WebUIServlet.init: iDempiere Web Client started successfully [17]
10:45:42.922-----------> AnnotationConfiguration.configure: ServletContainerInitializers: detected. Class hierarchy: empty [17]

*** 2016-07-12 10:45:43.264 idempiere Log (CLogFile) ***
10:45:46.605-----------> Node: [172.16.67.23]:5701 [adempiere.idempiere/localhost] [3.5.3] No join method is enabled! Starting standalone. [40]
10:47:31.583-----------> Prop.loadProperties: E:\mercurialidempiere\home.properties not found [31]
10:47:31.583-----------> Prop.loadProperties: E:\mercurialidempiere\home.properties not found [68]
10:47:31.583-----------> Prop.loadProperties: !!WARNING:Please locate yout custom home.properties on iDEMPIERE_HOME. [31]
10:47:31.586-----------> Prop.loadProperties: !!WARNING:Please locate yout custom home.properties on iDEMPIERE_HOME. [68]
