*** 2017-06-25 19:11:20.494 idempiere Log (CLogFile) ***
19:11:20.493 Adempiere.startup: iDempiere(r) Release 3.1_2015-10-31 -Smart Suite ERP, CRM and SCM- (c) 1999-2013 iDempiere(r); Implementation: iDempiere - Supported by iDempiere community [17]
19:11:20.496 Ini.loadProperties: E:\mercurialidempiere/idempiere.properties #33 [17]
19:11:21.378 AdempiereActivator.installPackage: ni.hmil.override.codebase 1.0.0 was installed: 2017-06-19 23:52:10.981 [17]
19:11:21.380 AdempiereActivator.installPackage: cm.itkamer.wandapos-integration2 1.0.0 was installed: 2017-06-25 15:34:11.153 [17]
19:11:21.455 DB.isBuildOK: Build DB=${env.ADEMPIERE_VERSION} 20080428-1232 [17]
19:11:21.455 DB.isBuildOK: Build Cl=3.1.0.qualifier [17]
19:11:21.671-----------> DB.isBuildOK: Error en la versión de la construcción 

El programa asume version de construcción 3.1.0.qualifier, pero la base de datos tiene una versión ${env.ADEMPIERE_VERSION} 20080428-1232.
Es posible que esto cause errores difíciles de corregir.
Por favor contacte al ADMINISTRADOR. [17]
19:11:21.838 WebEnv.initWeb: Servlet Context Init Parameters: iDempiere Root
ServerRoot=1 [17]
19:11:22.019-----------> EMail.setFrom: you @ company.org: javax.mail.internet.AddressException: Local address contains control or whitespace in string ``you @ company.org'' [17]
19:11:22.021-----------> EMail.addTo: you @ company.org: javax.mail.internet.AddressException: Local address contains control or whitespace in string ``you @ company.org'' [17]
19:11:22.022-----------> EMail.isValid: From is invalid=null [17]
19:11:22.022-----------> EMail.isValid: From is invalid=null [17]
19:11:22.022-----------> MClient.sendEMail: Could NOT Send Email: Server started: iDempiere (odbz:192.168.47.1) to you @ company.org: Invalid Data (System) [17]
19:11:22.022 WebEnv.initWeb: Servlet Init Parameter: idempiereMonitor [17]
19:11:22.022 AdempiereMonitor.init:  [17]
19:11:31.709-----------> AnnotationConfiguration.configure: ServletContainerInitializers: detected. Class hierarchy: empty [17]
19:11:32.026-----------> ClassLocator.getDependentXMLResources: Replicate resource: ckez
Overwrite bundleresource://181.fwk47108597:2/metainfo/zk/config.xml
with bundleresource://181.fwk47108597:19/metainfo/zk/config.xml [17]
19:11:32.031-----------> ClassLocator.getDependentXMLResources: Replicate resource: zk
Overwrite bundleresource://181.fwk47108597:11/metainfo/zk/config.xml
with bundleresource://181.fwk47108597:28/metainfo/zk/config.xml [17]
19:11:32.037-----------> ClassLocator.getDependentXMLResources: Replicate resource: zkbind
Overwrite bundleresource://181.fwk47108597:12/metainfo/zk/config.xml
with bundleresource://181.fwk47108597:29/metainfo/zk/config.xml [17]
19:11:32.076-----------> ClassLocator.getDependentXMLResources: Replicate resource: zul
Overwrite bundleresource://181.fwk47108597:14/metainfo/zk/zk.xml
with bundleresource://181.fwk47108597:31/metainfo/zk/zk.xml [17]
19:11:32.457-----------> LanguageDefinition.<init>: Replicated language: xhtml, overriden by [LanguageDefinition: xhtml] [17]
19:11:32.482-----------> LanguageDefinition.<init>: Replicated language: xul/html, overriden by [LanguageDefinition: xul/html] [17]
19:11:32.550-----------> ClassLocator.getDependentXMLResources: Replicate resource: calendar
Overwrite bundleresource://181.fwk47108597:1/metainfo/zk/lang-addon.xml
with bundleresource://181.fwk47108597:18/metainfo/zk/lang-addon.xml [17]
19:11:32.556-----------> ClassLocator.getDependentXMLResources: Replicate resource: ckez
Overwrite bundleresource://181.fwk47108597:2/metainfo/zk/lang-addon.xml
with bundleresource://181.fwk47108597:19/metainfo/zk/lang-addon.xml [17]
19:11:32.569-----------> ClassLocator.getDependentXMLResources: Replicate resource: gmapsz
Overwrite bundleresource://181.fwk47108597:5/metainfo/zk/lang-addon.xml
with bundleresource://181.fwk47108597:22/metainfo/zk/lang-addon.xml [17]
19:11:32.573-----------> ClassLocator.getDependentXMLResources: Replicate resource: timeline
Overwrite bundleresource://181.fwk47108597:6/metainfo/zk/lang-addon.xml
with bundleresource://181.fwk47108597:23/metainfo/zk/lang-addon.xml [17]
19:11:32.576-----------> ClassLocator.getDependentXMLResources: Replicate resource: timeplot
Overwrite bundleresource://181.fwk47108597:7/metainfo/zk/lang-addon.xml
with bundleresource://181.fwk47108597:24/metainfo/zk/lang-addon.xml [17]
19:11:32.587-----------> ClassLocator.getDependentXMLResources: Replicate resource: zkbind
Overwrite bundleresource://181.fwk47108597:12/metainfo/zk/lang-addon.xml
with bundleresource://181.fwk47108597:29/metainfo/zk/lang-addon.xml [17]
19:11:32.595-----------> ClassLocator.getDependentXMLResources: Replicate resource: zkplus
Overwrite bundleresource://181.fwk47108597:13/metainfo/zk/lang-addon.xml
with bundleresource://181.fwk47108597:30/metainfo/zk/lang-addon.xml [17]
19:11:32.908           WebUIServlet.init: iDempiere Web Client started successfully [17]
19:11:34.075-----------> AnnotationConfiguration.configure: ServletContainerInitializers: detected. Class hierarchy: empty [17]

*** 2017-06-25 19:11:34.711 idempiere Log (CLogFile) ***
19:11:36.912-----------> Node: [192.168.163.1]:5701 [adempiere.idempiere/localhost] [3.5.3] No join method is enabled! Starting standalone. [51]
19:17:31.856===========> ActiveMQClient.init: null [43]
javax.jms.JMSException: Could not connect to broker URL: tcp://localhost:61616. Reason: java.net.ConnectException: Connection refused: connect
	at org.apache.activemq.util.JMSExceptionSupport.create(JMSExceptionSupport.java:35)
	at org.apache.activemq.ActiveMQConnectionFactory.createActiveMQConnection(ActiveMQConnectionFactory.java:293)
	at org.apache.activemq.ActiveMQConnectionFactory.createConnection(ActiveMQConnectionFactory.java:191)
	at org.idempiere.process.ActiveMQClient.init(ActiveMQClient.java:46)
	at org.idempiere.process.Export2Queue.doIt(Export2Queue.java:107)
	at org.compiere.process.SvrProcess.process(SvrProcess.java:198)
	at org.compiere.process.SvrProcess.startProcess(SvrProcess.java:144)
	at org.adempiere.util.ProcessUtil.startJavaProcess(ProcessUtil.java:172)
	at org.compiere.apps.AbstractProcessCtl.startProcess(AbstractProcessCtl.java:466)
	at org.compiere.apps.AbstractProcessCtl.run(AbstractProcessCtl.java:234)
	at org.adempiere.webui.apps.WProcessCtl.process(WProcessCtl.java:197)
	at org.adempiere.webui.apps.AbstractProcessDialog$ProcessDialogRunnable.doRun(AbstractProcessDialog.java:1060)
	at org.adempiere.util.ContextRunnable.run(ContextRunnable.java:38)
	at org.adempiere.webui.apps.DesktopRunnable.run(DesktopRunnable.java:40)
	at java.util.concurrent.Executors$RunnableAdapter.call(Unknown Source)
	at java.util.concurrent.FutureTask.run(Unknown Source)
	at java.util.concurrent.ScheduledThreadPoolExecutor$ScheduledFutureTask.access$201(Unknown Source)
	at java.util.concurrent.ScheduledThreadPoolExecutor$ScheduledFutureTask.run(Unknown Source)
	at java.util.concurrent.ThreadPoolExecutor.runWorker(Unknown Source)
	at java.util.concurrent.ThreadPoolExecutor$Worker.run(Unknown Source)
	at java.lang.Thread.run(Unknown Source)
caused by: java.net.ConnectException: Connection refused: connect
	at java.net.DualStackPlainSocketImpl.waitForConnect(Native Method)
	at java.net.DualStackPlainSocketImpl.socketConnect(Unknown Source)
	at java.net.AbstractPlainSocketImpl.doConnect(Unknown Source)
	at java.net.AbstractPlainSocketImpl.connectToAddress(Unknown Source)
	at java.net.AbstractPlainSocketImpl.connect(Unknown Source)
	at java.net.PlainSocketImpl.connect(Unknown Source)
	at java.net.SocksSocketImpl.connect(Unknown Source)
	at java.net.Socket.connect(Unknown Source)
	at org.apache.activemq.transport.tcp.TcpTransport.connect(TcpTransport.java:504)
	at org.apache.activemq.transport.tcp.TcpTransport.doStart(TcpTransport.java:467)
	at org.apache.activemq.util.ServiceSupport.start(ServiceSupport.java:55)
	at org.apache.activemq.transport.AbstractInactivityMonitor.start(AbstractInactivityMonitor.java:132)
	at org.apache.activemq.transport.TransportFilter.start(TransportFilter.java:58)
	at org.apache.activemq.transport.WireFormatNegotiator.start(WireFormatNegotiator.java:72)
	at org.apache.activemq.transport.TransportFilter.start(TransportFilter.java:58)
	at org.apache.activemq.transport.TransportFilter.start(TransportFilter.java:58)
	at org.apache.activemq.ActiveMQConnectionFactory.createActiveMQConnection(ActiveMQConnectionFactory.java:273)
	at org.apache.activemq.ActiveMQConnectionFactory.createConnection(ActiveMQConnectionFactory.java:191)
	at org.idempiere.process.ActiveMQClient.init(ActiveMQClient.java:46)
	at org.idempiere.process.Export2Queue.doIt(Export2Queue.java:107)
	at org.compiere.process.SvrProcess.process(SvrProcess.java:198)
	at org.compiere.process.SvrProcess.startProcess(SvrProcess.java:144)

19:17:55.358-----------> Msg.getMsg: NOT found: Do you realy want to erase queue ? [38]
19:40:02.758-----------> Msg.getMsg: NOT found: Do you realy want to erase queue ? [31]
19:53:41.872-----------> Msg.getMsg: NOT found: Do you realy want to erase queue ? [38]
20:06:10.650-----------> Msg.getMsg: NOT found: Do you realy want to erase queue ? [38]

*** 2017-06-26 10:11:57.555 idempiere Log (CLogFile) ***
