*** 2016-09-03 12:38:58.157 idempiere Log (CLogFile) ***
12:38:58.157 Adempiere.startup: iDempiere(r) Release 3.1_2015-10-31 -Smart Suite ERP, CRM and SCM- (c) 1999-2013 iDempiere(r); Implementation: iDempiere - Supported by iDempiere community [17]
12:38:58.173 Ini.loadProperties: E:\mercurialidempiere/idempiere.properties #32 [17]
12:38:59.064 AdempiereActivator.installPackage: ni.idempiere.importcurrencyrate 1.0.0 was installed: 2016-07-14 16:34:48.698 [17]
12:38:59.090 DB.isBuildOK: Build DB=${env.ADEMPIERE_VERSION} 20080428-1232 [17]
12:38:59.090 DB.isBuildOK: Build Cl=3.1.0.qualifier [17]
12:38:59.106-----------> DB.isBuildOK: Build Version Error 

The program assumes build version 3.1.0.qualifier, but database has build version ${env.ADEMPIERE_VERSION} 20080428-1232. 
This is likely to cause hard to fix errors. 
Please contact administrator. [17]
12:38:59.387 WebEnv.initWeb: Servlet Context Init Parameters: iDempiere Root
ServerRoot=1 [17]
12:38:59.497-----------> EMail.setFrom: you @ company.org: javax.mail.internet.AddressException: Local address contains control or whitespace in string ``you @ company.org'' [17]
12:38:59.512-----------> EMail.addTo: you @ company.org: javax.mail.internet.AddressException: Local address contains control or whitespace in string ``you @ company.org'' [17]
12:38:59.512-----------> EMail.isValid: From is invalid=null [17]
12:38:59.512-----------> EMail.isValid: From is invalid=null [17]
12:38:59.512-----------> MClient.sendEMail: Could NOT Send Email: Server started: iDempiere (odbz:172.16.9.81) to you @ company.org: Invalid Data (System) [17]
12:38:59.512 WebEnv.initWeb: Servlet Init Parameter: idempiereMonitor [17]
12:38:59.512 AdempiereMonitor.init:  [17]
12:39:07.334-----------> AnnotationConfiguration.configure: ServletContainerInitializers: detected. Class hierarchy: empty [17]
12:39:07.842-----------> ClassLocator.getDependentXMLResources: Replicate resource: ckez
Overwrite bundleresource://185.fwk1319287199:2/metainfo/zk/config.xml
with bundleresource://185.fwk1319287199:19/metainfo/zk/config.xml [17]
12:39:07.842-----------> ClassLocator.getDependentXMLResources: Replicate resource: zk
Overwrite bundleresource://185.fwk1319287199:11/metainfo/zk/config.xml
with bundleresource://185.fwk1319287199:28/metainfo/zk/config.xml [17]
12:39:07.857-----------> ClassLocator.getDependentXMLResources: Replicate resource: zkbind
Overwrite bundleresource://185.fwk1319287199:12/metainfo/zk/config.xml
with bundleresource://185.fwk1319287199:29/metainfo/zk/config.xml [17]
12:39:07.935-----------> ClassLocator.getDependentXMLResources: Replicate resource: zul
Overwrite bundleresource://185.fwk1319287199:14/metainfo/zk/zk.xml
with bundleresource://185.fwk1319287199:31/metainfo/zk/zk.xml [17]
12:39:08.686-----------> LanguageDefinition.<init>: Replicated language: xhtml, overriden by [LanguageDefinition: xhtml] [17]
12:39:08.709-----------> LanguageDefinition.<init>: Replicated language: xul/html, overriden by [LanguageDefinition: xul/html] [17]
12:39:08.802-----------> ClassLocator.getDependentXMLResources: Replicate resource: calendar
Overwrite bundleresource://185.fwk1319287199:1/metainfo/zk/lang-addon.xml
with bundleresource://185.fwk1319287199:18/metainfo/zk/lang-addon.xml [17]
12:39:08.818-----------> ClassLocator.getDependentXMLResources: Replicate resource: ckez
Overwrite bundleresource://185.fwk1319287199:2/metainfo/zk/lang-addon.xml
with bundleresource://185.fwk1319287199:19/metainfo/zk/lang-addon.xml [17]
12:39:08.818-----------> ClassLocator.getDependentXMLResources: Replicate resource: gmapsz
Overwrite bundleresource://185.fwk1319287199:5/metainfo/zk/lang-addon.xml
with bundleresource://185.fwk1319287199:22/metainfo/zk/lang-addon.xml [17]
12:39:08.834-----------> ClassLocator.getDependentXMLResources: Replicate resource: timeline
Overwrite bundleresource://185.fwk1319287199:6/metainfo/zk/lang-addon.xml
with bundleresource://185.fwk1319287199:23/metainfo/zk/lang-addon.xml [17]
12:39:08.834-----------> ClassLocator.getDependentXMLResources: Replicate resource: timeplot
Overwrite bundleresource://185.fwk1319287199:7/metainfo/zk/lang-addon.xml
with bundleresource://185.fwk1319287199:24/metainfo/zk/lang-addon.xml [17]
12:39:08.849-----------> ClassLocator.getDependentXMLResources: Replicate resource: zkbind
Overwrite bundleresource://185.fwk1319287199:12/metainfo/zk/lang-addon.xml
with bundleresource://185.fwk1319287199:29/metainfo/zk/lang-addon.xml [17]
12:39:08.849-----------> ClassLocator.getDependentXMLResources: Replicate resource: zkplus
Overwrite bundleresource://185.fwk1319287199:13/metainfo/zk/lang-addon.xml
with bundleresource://185.fwk1319287199:30/metainfo/zk/lang-addon.xml [17]
12:39:09.365           WebUIServlet.init: iDempiere Web Client started successfully [17]
12:39:10.584-----------> AnnotationConfiguration.configure: ServletContainerInitializers: detected. Class hierarchy: empty [17]

*** 2016-09-03 12:39:11.498 idempiere Log (CLogFile) ***
12:39:17.232-----------> Node: [172.16.9.81]:5701 [adempiere.idempiere/localhost] [3.5.3] No join method is enabled! Starting standalone. [41]
12:39:54.174-----------> Prop.loadProperties: E:\mercurialidempiere\home.properties not found [33]
12:39:54.175-----------> Prop.loadProperties: !!WARNING:Please locate yout custom home.properties on iDEMPIERE_HOME. [33]
12:40:13.533===========> MRole.getOrgWhere: No Access Org records [37]
12:45:00.653-----------> DefaultProcessFactory.newProcessInstance: org.globalqss.process.LCO_GenerateWithholding [58]
java.lang.ClassNotFoundException: org.globalqss.process.LCO_GenerateWithholding cannot be found by org.adempiere.base_3.1.0.qualifier
	at org.eclipse.osgi.internal.loader.BundleLoader.findClassInternal(BundleLoader.java:432)
	at org.eclipse.osgi.internal.loader.BundleLoader.findClass(BundleLoader.java:345)
	at org.eclipse.osgi.internal.loader.BundleLoader.findClass(BundleLoader.java:337)
	at org.eclipse.osgi.internal.loader.ModuleClassLoader.loadClass(ModuleClassLoader.java:160)
	at java.lang.ClassLoader.loadClass(Unknown Source)
	at org.adempiere.base.DefaultProcessFactory.newProcessInstance(DefaultProcessFactory.java:64)
	at org.adempiere.base.Core.getProcess(Core.java:127)
	at org.adempiere.util.ProcessUtil.startJavaProcess(ProcessUtil.java:159)
	at org.compiere.apps.AbstractProcessCtl.startProcess(AbstractProcessCtl.java:466)
	at org.compiere.apps.AbstractProcessCtl.run(AbstractProcessCtl.java:234)
	at org.adempiere.webui.apps.WProcessCtl.process(WProcessCtl.java:197)
	at org.adempiere.webui.apps.AbstractProcessDialog$ProcessDialogRunnable.doRun(AbstractProcessDialog.java:1060)
	at org.adempiere.util.ContextRunnable.run(ContextRunnable.java:38)
	at org.adempiere.webui.apps.DesktopRunnable.run(DesktopRunnable.java:40)
	at java.util.concurrent.Executors$RunnableAdapter.call(Unknown Source)
	at java.util.concurrent.FutureTask.run(Unknown Source)
	at java.util.concurrent.ScheduledThreadPoolExecutor$ScheduledFutureTask.access$201(Unknown Source)
	at java.util.concurrent.ScheduledThreadPoolExecutor$ScheduledFutureTask.run(Unknown Source)
	at java.util.concurrent.ThreadPoolExecutor.runWorker(Unknown Source)
	at java.util.concurrent.ThreadPoolExecutor$Worker.run(Unknown Source)
	at java.lang.Thread.run(Unknown Source)

12:53:26.626-----------> Msg.getMsg: NOT found: NeedsQuery [143]
12:54:17.216-----------> GridTable.saveWarning: FillMandatory - Válido Desde
 [34]
