*** 2016-06-22 14:07:14.718 idempiere Log (CLogFile) ***
14:07:14.718 Adempiere.startup: iDempiere(r) Release 3.1_2015-10-31 -Smart Suite ERP, CRM and SCM- (c) 1999-2013 iDempiere(r); Implementation: iDempiere - Supported by iDempiere community [17]
14:07:14.734 Ini.loadProperties: E:\mercurialidempiere/idempiere-dev.properties #33 [17]
14:07:15.390 DB.isBuildOK: Build DB=${env.ADEMPIERE_VERSION} 20080428-1232 [17]
14:07:15.390 DB.isBuildOK: Build Cl=3.1.0.qualifier [17]
14:07:15.406-----------> DB.isBuildOK: Build Version Error 

The program assumes build version 3.1.0.qualifier, but database has build version ${env.ADEMPIERE_VERSION} 20080428-1232. 
This is likely to cause hard to fix errors. 
Please contact administrator. [17]
14:07:15.577 Language.getLanguage: Adding Language=en, Country=US, Locale=en_US [17]
14:07:15.584 Language.getLanguage: Adding Language=en, Country=US, Locale=en_US [17]
14:07:15.693 WebEnv.initWeb: Servlet Context Init Parameters: iDempiere Root
ServerRoot=1 [17]
14:07:15.703-----------> EMail.setFrom: you @ company.org: javax.mail.internet.AddressException: Local address contains control or whitespace in string ``you @ company.org'' [17]
14:07:15.703-----------> EMail.addTo: you @ company.org: javax.mail.internet.AddressException: Local address contains control or whitespace in string ``you @ company.org'' [17]
14:07:15.703-----------> EMail.isValid: From is invalid=null [17]
14:07:15.703-----------> EMail.isValid: From is invalid=null [17]
14:07:15.703-----------> MClient.sendEMail: Could NOT Send Email: Server started: iDempiere (odbz:10.0.5.40) to you @ company.org: Invalid Data (System) [17]
14:07:15.703 WebEnv.initWeb: Servlet Init Parameter: idempiereMonitor [17]
14:07:15.703 AdempiereMonitor.init:  [17]
14:07:20.597-----------> AnnotationConfiguration.configure: ServletContainerInitializers: detected. Class hierarchy: empty [17]
14:07:20.919-----------> ClassLocator.getDependentXMLResources: Replicate resource: ckez
Overwrite bundleresource://181.fwk47108597:2/metainfo/zk/config.xml
with bundleresource://181.fwk47108597:19/metainfo/zk/config.xml [17]
14:07:20.919-----------> ClassLocator.getDependentXMLResources: Replicate resource: zk
Overwrite bundleresource://181.fwk47108597:11/metainfo/zk/config.xml
with bundleresource://181.fwk47108597:28/metainfo/zk/config.xml [17]
14:07:20.919-----------> ClassLocator.getDependentXMLResources: Replicate resource: zkbind
Overwrite bundleresource://181.fwk47108597:12/metainfo/zk/config.xml
with bundleresource://181.fwk47108597:29/metainfo/zk/config.xml [17]
14:07:20.950-----------> ClassLocator.getDependentXMLResources: Replicate resource: zul
Overwrite bundleresource://181.fwk47108597:14/metainfo/zk/zk.xml
with bundleresource://181.fwk47108597:31/metainfo/zk/zk.xml [17]
14:07:21.356-----------> LanguageDefinition.<init>: Replicated language: xhtml, overriden by [LanguageDefinition: xhtml] [17]
14:07:21.372-----------> LanguageDefinition.<init>: Replicated language: xul/html, overriden by [LanguageDefinition: xul/html] [17]
14:07:21.435-----------> ClassLocator.getDependentXMLResources: Replicate resource: calendar
Overwrite bundleresource://181.fwk47108597:1/metainfo/zk/lang-addon.xml
with bundleresource://181.fwk47108597:18/metainfo/zk/lang-addon.xml [17]
14:07:21.435-----------> ClassLocator.getDependentXMLResources: Replicate resource: ckez
Overwrite bundleresource://181.fwk47108597:2/metainfo/zk/lang-addon.xml
with bundleresource://181.fwk47108597:19/metainfo/zk/lang-addon.xml [17]
14:07:21.435-----------> ClassLocator.getDependentXMLResources: Replicate resource: gmapsz
Overwrite bundleresource://181.fwk47108597:5/metainfo/zk/lang-addon.xml
with bundleresource://181.fwk47108597:22/metainfo/zk/lang-addon.xml [17]
14:07:21.435-----------> ClassLocator.getDependentXMLResources: Replicate resource: timeline
Overwrite bundleresource://181.fwk47108597:6/metainfo/zk/lang-addon.xml
with bundleresource://181.fwk47108597:23/metainfo/zk/lang-addon.xml [17]
14:07:21.435-----------> ClassLocator.getDependentXMLResources: Replicate resource: timeplot
Overwrite bundleresource://181.fwk47108597:7/metainfo/zk/lang-addon.xml
with bundleresource://181.fwk47108597:24/metainfo/zk/lang-addon.xml [17]
14:07:21.450-----------> ClassLocator.getDependentXMLResources: Replicate resource: zkbind
Overwrite bundleresource://181.fwk47108597:12/metainfo/zk/lang-addon.xml
with bundleresource://181.fwk47108597:29/metainfo/zk/lang-addon.xml [17]
14:07:21.466-----------> ClassLocator.getDependentXMLResources: Replicate resource: zkplus
Overwrite bundleresource://181.fwk47108597:13/metainfo/zk/lang-addon.xml
with bundleresource://181.fwk47108597:30/metainfo/zk/lang-addon.xml [17]
14:07:21.591           WebUIServlet.init: iDempiere Web Client started successfully [17]
14:07:22.573-----------> AnnotationConfiguration.configure: ServletContainerInitializers: detected. Class hierarchy: empty [17]

*** 2016-06-22 14:07:23.488 idempiere Log (CLogFile) ***
14:07:25.994-----------> Node: [10.0.5.40]:5701 [adempiere.idempiere/localhost] [3.5.3] No join method is enabled! Starting standalone. [49]
