*** 2017-08-13 12:36:15.344 idempiere Log (CLogFile) ***
12:36:15.343 Adempiere.startup: iDempiere(r) Release 3.1_2015-10-31 -Smart Suite ERP, CRM and SCM- (c) 1999-2013 iDempiere(r); Implementation: iDempiere - Supported by iDempiere community [17]
12:36:15.369 Ini.loadProperties: E:\mercurialidempiere/idempiere.properties #33 [17]
12:36:18.012 AdempiereActivator.installPackage: ni.idempiere.override.codebase 1.0.0 was installed: 2017-08-07 00:33:04.411 [17]
12:36:18.014 AdempiereActivator.installPackage: cm.itkamer.wandapos-integration2 1.0.0 was installed: 2017-07-10 23:50:08.486 [17]
12:36:18.019 AdempiereActivator.installPackage: ni.idempiere.importcurrencyrate 1.0.0 was installed: 2017-05-19 12:08:41.274 [17]
12:36:18.183 DB.isBuildOK: Build DB=${env.ADEMPIERE_VERSION} 20080428-1232 [17]
12:36:18.183 DB.isBuildOK: Build Cl=3.1.0.qualifier [17]
12:36:18.291-----------> DB.isBuildOK: Error en la versión de la construcción 

El programa asume version de construcción 3.1.0.qualifier, pero la base de datos tiene una versión ${env.ADEMPIERE_VERSION} 20080428-1232.
Es posible que esto cause errores difíciles de corregir.
Por favor contacte al ADMINISTRADOR. [17]
12:36:19.961 WebEnv.initWeb: Servlet Context Init Parameters: iDempiere Root
ServerRoot=1 [17]
12:36:20.229-----------> EMail.setFrom: you @ company.org: javax.mail.internet.AddressException: Local address contains control or whitespace in string ``you @ company.org'' [17]
12:36:20.232-----------> EMail.addTo: you @ company.org: javax.mail.internet.AddressException: Local address contains control or whitespace in string ``you @ company.org'' [17]
12:36:20.233-----------> EMail.isValid: From is invalid=null [17]
12:36:20.233-----------> EMail.isValid: From is invalid=null [17]
12:36:20.233-----------> MClient.sendEMail: Could NOT Send Email: Server started: iDempiere (odbz:192.168.47.1) to you @ company.org: Invalid Data (System) [17]
12:36:20.234 WebEnv.initWeb: Servlet Init Parameter: idempiereMonitor [17]
12:36:20.234 AdempiereMonitor.init:  [17]
12:36:35.106-----------> AnnotationConfiguration.configure: ServletContainerInitializers: detected. Class hierarchy: empty [17]
12:36:35.599-----------> ClassLocator.getDependentXMLResources: Replicate resource: ckez
Overwrite bundleresource://188.fwk491298318:2/metainfo/zk/config.xml
with bundleresource://188.fwk491298318:19/metainfo/zk/config.xml [17]
12:36:35.605-----------> ClassLocator.getDependentXMLResources: Replicate resource: zk
Overwrite bundleresource://188.fwk491298318:11/metainfo/zk/config.xml
with bundleresource://188.fwk491298318:28/metainfo/zk/config.xml [17]
12:36:35.608-----------> ClassLocator.getDependentXMLResources: Replicate resource: zkbind
Overwrite bundleresource://188.fwk491298318:12/metainfo/zk/config.xml
with bundleresource://188.fwk491298318:29/metainfo/zk/config.xml [17]
12:36:35.661-----------> ClassLocator.getDependentXMLResources: Replicate resource: zul
Overwrite bundleresource://188.fwk491298318:14/metainfo/zk/zk.xml
with bundleresource://188.fwk491298318:31/metainfo/zk/zk.xml [17]
12:36:36.649-----------> LanguageDefinition.<init>: Replicated language: xhtml, overriden by [LanguageDefinition: xhtml] [17]
12:36:36.682-----------> LanguageDefinition.<init>: Replicated language: xul/html, overriden by [LanguageDefinition: xul/html] [17]
12:36:36.810-----------> ClassLocator.getDependentXMLResources: Replicate resource: calendar
Overwrite bundleresource://188.fwk491298318:1/metainfo/zk/lang-addon.xml
with bundleresource://188.fwk491298318:18/metainfo/zk/lang-addon.xml [17]
12:36:36.814-----------> ClassLocator.getDependentXMLResources: Replicate resource: ckez
Overwrite bundleresource://188.fwk491298318:2/metainfo/zk/lang-addon.xml
with bundleresource://188.fwk491298318:19/metainfo/zk/lang-addon.xml [17]
12:36:36.817-----------> ClassLocator.getDependentXMLResources: Replicate resource: gmapsz
Overwrite bundleresource://188.fwk491298318:5/metainfo/zk/lang-addon.xml
with bundleresource://188.fwk491298318:22/metainfo/zk/lang-addon.xml [17]
12:36:36.822-----------> ClassLocator.getDependentXMLResources: Replicate resource: timeline
Overwrite bundleresource://188.fwk491298318:6/metainfo/zk/lang-addon.xml
with bundleresource://188.fwk491298318:23/metainfo/zk/lang-addon.xml [17]
12:36:36.825-----------> ClassLocator.getDependentXMLResources: Replicate resource: timeplot
Overwrite bundleresource://188.fwk491298318:7/metainfo/zk/lang-addon.xml
with bundleresource://188.fwk491298318:24/metainfo/zk/lang-addon.xml [17]
12:36:36.835-----------> ClassLocator.getDependentXMLResources: Replicate resource: zkbind
Overwrite bundleresource://188.fwk491298318:12/metainfo/zk/lang-addon.xml
with bundleresource://188.fwk491298318:29/metainfo/zk/lang-addon.xml [17]
12:36:36.845-----------> ClassLocator.getDependentXMLResources: Replicate resource: zkplus
Overwrite bundleresource://188.fwk491298318:13/metainfo/zk/lang-addon.xml
with bundleresource://188.fwk491298318:30/metainfo/zk/lang-addon.xml [17]
12:36:37.257           WebUIServlet.init: iDempiere Web Client started successfully [17]
12:36:38.927-----------> AnnotationConfiguration.configure: ServletContainerInitializers: detected. Class hierarchy: empty [17]

*** 2017-08-13 12:36:39.667 idempiere Log (CLogFile) ***
12:36:46.762-----------> Node: [192.168.163.1]:5701 [adempiere.idempiere/localhost] [3.5.3] No join method is enabled! Starting standalone. [42]
12:43:07.846===========> ImpFormatRow.setFormatInfo: MTab.setFormatInfo - Invalid Callout  [33]
12:43:08.130===========> ImpFormatRow.setFormatInfo: MTab.setFormatInfo - Invalid Callout  [33]
12:43:08.143===========> ImpFormatRow.setFormatInfo: MTab.setFormatInfo - Invalid Callout  [33]
12:43:08.150===========> ImpFormatRow.setFormatInfo: MTab.setFormatInfo - Invalid Callout  [33]
12:43:08.158===========> ImpFormatRow.setFormatInfo: MTab.setFormatInfo - Invalid Callout  [33]
12:43:08.165===========> ImpFormatRow.setFormatInfo: MTab.setFormatInfo - Invalid Callout  [33]
12:43:08.173===========> ImpFormatRow.setFormatInfo: MTab.setFormatInfo - Invalid Callout  [33]
12:43:08.180===========> ImpFormatRow.setFormatInfo: MTab.setFormatInfo - Invalid Callout  [33]
12:43:08.188===========> ImpFormatRow.setFormatInfo: MTab.setFormatInfo - Invalid Callout  [33]
12:43:08.196===========> ImpFormatRow.setFormatInfo: MTab.setFormatInfo - Invalid Callout  [33]
12:43:08.204===========> ImpFormatRow.setFormatInfo: MTab.setFormatInfo - Invalid Callout  [33]
12:43:08.212===========> ImpFormatRow.setFormatInfo: MTab.setFormatInfo - Invalid Callout  [33]
12:43:08.219===========> ImpFormatRow.setFormatInfo: MTab.setFormatInfo - Invalid Callout  [33]
12:43:08.226===========> ImpFormatRow.setFormatInfo: MTab.setFormatInfo - Invalid Callout  [33]
12:43:08.236===========> ImpFormatRow.setFormatInfo: MTab.setFormatInfo - Invalid Callout  [33]
12:43:08.246===========> ImpFormatRow.setFormatInfo: MTab.setFormatInfo - Invalid Callout  [33]
12:43:08.257===========> ImpFormatRow.setFormatInfo: MTab.setFormatInfo - Invalid Callout  [33]
12:43:08.266===========> ImpFormatRow.setFormatInfo: MTab.setFormatInfo - Invalid Callout  [33]
12:43:08.274===========> ImpFormatRow.setFormatInfo: MTab.setFormatInfo - Invalid Callout  [33]
12:53:50.425===========> ImpFormatRow.setFormatInfo: MTab.setFormatInfo - Invalid Callout  [31]
12:53:50.455===========> ImpFormatRow.setFormatInfo: MTab.setFormatInfo - Invalid Callout  [31]
12:53:50.463===========> ImpFormatRow.setFormatInfo: MTab.setFormatInfo - Invalid Callout  [31]
12:53:50.471===========> ImpFormatRow.setFormatInfo: MTab.setFormatInfo - Invalid Callout  [31]
12:53:50.478===========> ImpFormatRow.setFormatInfo: MTab.setFormatInfo - Invalid Callout  [31]
12:53:50.485===========> ImpFormatRow.setFormatInfo: MTab.setFormatInfo - Invalid Callout  [31]
12:53:50.493===========> ImpFormatRow.setFormatInfo: MTab.setFormatInfo - Invalid Callout  [31]
12:53:50.500===========> ImpFormatRow.setFormatInfo: MTab.setFormatInfo - Invalid Callout  [31]
12:53:50.507===========> ImpFormatRow.setFormatInfo: MTab.setFormatInfo - Invalid Callout  [31]
12:53:50.515===========> ImpFormatRow.setFormatInfo: MTab.setFormatInfo - Invalid Callout  [31]
12:53:50.522===========> ImpFormatRow.setFormatInfo: MTab.setFormatInfo - Invalid Callout  [31]
12:53:50.529===========> ImpFormatRow.setFormatInfo: MTab.setFormatInfo - Invalid Callout  [31]
12:53:50.537===========> ImpFormatRow.setFormatInfo: MTab.setFormatInfo - Invalid Callout  [31]
12:53:50.544===========> ImpFormatRow.setFormatInfo: MTab.setFormatInfo - Invalid Callout  [31]
12:53:50.553===========> ImpFormatRow.setFormatInfo: MTab.setFormatInfo - Invalid Callout  [31]
12:53:50.562===========> ImpFormatRow.setFormatInfo: MTab.setFormatInfo - Invalid Callout  [31]
12:53:50.571===========> ImpFormatRow.setFormatInfo: MTab.setFormatInfo - Invalid Callout  [31]
12:53:50.579===========> ImpFormatRow.setFormatInfo: MTab.setFormatInfo - Invalid Callout  [31]
12:53:50.587===========> ImpFormatRow.setFormatInfo: MTab.setFormatInfo - Invalid Callout  [31]
13:23:55.663-----------> DefaultProcessFactory.newProcessInstance: ni.idempiere.override.process.NIImportOrder [143]
java.lang.ClassNotFoundException: ni.idempiere.override.process.NIImportOrder cannot be found by org.adempiere.base_3.1.0.qualifier
	at org.eclipse.osgi.internal.loader.BundleLoader.findClassInternal(BundleLoader.java:432)
	at org.eclipse.osgi.internal.loader.BundleLoader.findClass(BundleLoader.java:345)
	at org.eclipse.osgi.internal.loader.BundleLoader.findClass(BundleLoader.java:337)
	at org.eclipse.osgi.internal.loader.ModuleClassLoader.loadClass(ModuleClassLoader.java:160)
	at java.lang.ClassLoader.loadClass(Unknown Source)
	at org.adempiere.base.DefaultProcessFactory.newProcessInstance(DefaultProcessFactory.java:64)
	at org.adempiere.base.Core.getProcess(Core.java:127)
	at org.adempiere.util.ProcessUtil.startJavaProcess(ProcessUtil.java:159)
	at org.compiere.apps.AbstractProcessCtl.startProcess(AbstractProcessCtl.java:466)
	at org.compiere.apps.AbstractProcessCtl.run(AbstractProcessCtl.java:234)
	at org.adempiere.webui.apps.WProcessCtl.process(WProcessCtl.java:197)
	at org.adempiere.webui.apps.AbstractProcessDialog$ProcessDialogRunnable.doRun(AbstractProcessDialog.java:1060)
	at org.adempiere.util.ContextRunnable.run(ContextRunnable.java:38)
	at org.adempiere.webui.apps.DesktopRunnable.run(DesktopRunnable.java:40)
	at java.util.concurrent.Executors$RunnableAdapter.call(Unknown Source)
	at java.util.concurrent.FutureTask.run(Unknown Source)
	at java.util.concurrent.ScheduledThreadPoolExecutor$ScheduledFutureTask.access$201(Unknown Source)
	at java.util.concurrent.ScheduledThreadPoolExecutor$ScheduledFutureTask.run(Unknown Source)
	at java.util.concurrent.ThreadPoolExecutor.runWorker(Unknown Source)
	at java.util.concurrent.ThreadPoolExecutor$Worker.run(Unknown Source)
	at java.lang.Thread.run(Unknown Source)

