*** 2016-11-15 10:39:08.339 idempiere Log (CLogFile) ***
10:39:08.335 Adempiere.startup: iDempiere(r) Release 3.1_2015-10-31 -Smart Suite ERP, CRM and SCM- (c) 1999-2013 iDempiere(r); Implementation: iDempiere - Supported by iDempiere community [14]
10:39:08.339 Ini.loadProperties: E:\mercurialidempiere/idempiere.properties #33 [14]
10:39:08.959 AdempiereActivator.installPackage: ni.idempiere.importcurrencyrate 1.0.0 was installed: 2016-07-14 16:34:48.698 [14]
10:39:08.985 DB.isBuildOK: Build DB=${env.ADEMPIERE_VERSION} 20080428-1232 [14]
10:39:08.985 DB.isBuildOK: Build Cl=3.1.0.qualifier [14]
10:39:09.009-----------> DB.isBuildOK: Build Version Error 

The program assumes build version 3.1.0.qualifier, but database has build version ${env.ADEMPIERE_VERSION} 20080428-1232. 
This is likely to cause hard to fix errors. 
Please contact administrator. [14]
10:39:09.089 WebEnv.initWeb: Servlet Context Init Parameters: iDempiere Root
ServerRoot=1 [14]
10:39:09.429-----------> EMail.setFrom: you @ company.org: javax.mail.internet.AddressException: Local address contains control or whitespace in string ``you @ company.org'' [14]
10:39:09.429-----------> EMail.addTo: you @ company.org: javax.mail.internet.AddressException: Local address contains control or whitespace in string ``you @ company.org'' [14]
10:39:09.429-----------> EMail.isValid: From is invalid=null [14]
10:39:09.433-----------> EMail.isValid: From is invalid=null [14]
10:39:09.433-----------> MClient.sendEMail: Could NOT Send Email: Server started: iDempiere (odbz:192.168.47.1) to you @ company.org: Invalid Data (System) [14]
10:39:09.433 WebEnv.initWeb: Servlet Init Parameter: idempiereMonitor [14]
10:39:09.433 AdempiereMonitor.init:  [14]
10:39:11.575-----------> AnnotationConfiguration.configure: ServletContainerInitializers: detected. Class hierarchy: empty [14]
10:39:11.877-----------> ClassLocator.getDependentXMLResources: Replicate resource: ckez
Overwrite bundleresource://188.fwk333967374:2/metainfo/zk/config.xml
with bundleresource://188.fwk333967374:19/metainfo/zk/config.xml [14]
10:39:11.885-----------> ClassLocator.getDependentXMLResources: Replicate resource: zk
Overwrite bundleresource://188.fwk333967374:11/metainfo/zk/config.xml
with bundleresource://188.fwk333967374:28/metainfo/zk/config.xml [14]
10:39:11.889-----------> ClassLocator.getDependentXMLResources: Replicate resource: zkbind
Overwrite bundleresource://188.fwk333967374:12/metainfo/zk/config.xml
with bundleresource://188.fwk333967374:29/metainfo/zk/config.xml [14]
10:39:11.933-----------> ClassLocator.getDependentXMLResources: Replicate resource: zul
Overwrite bundleresource://188.fwk333967374:14/metainfo/zk/zk.xml
with bundleresource://188.fwk333967374:31/metainfo/zk/zk.xml [14]
10:39:12.309-----------> LanguageDefinition.<init>: Replicated language: xhtml, overriden by [LanguageDefinition: xhtml] [14]
10:39:12.337-----------> LanguageDefinition.<init>: Replicated language: xul/html, overriden by [LanguageDefinition: xul/html] [14]
10:39:12.409-----------> ClassLocator.getDependentXMLResources: Replicate resource: calendar
Overwrite bundleresource://188.fwk333967374:1/metainfo/zk/lang-addon.xml
with bundleresource://188.fwk333967374:18/metainfo/zk/lang-addon.xml [14]
10:39:12.413-----------> ClassLocator.getDependentXMLResources: Replicate resource: ckez
Overwrite bundleresource://188.fwk333967374:2/metainfo/zk/lang-addon.xml
with bundleresource://188.fwk333967374:19/metainfo/zk/lang-addon.xml [14]
10:39:12.421-----------> ClassLocator.getDependentXMLResources: Replicate resource: gmapsz
Overwrite bundleresource://188.fwk333967374:5/metainfo/zk/lang-addon.xml
with bundleresource://188.fwk333967374:22/metainfo/zk/lang-addon.xml [14]
10:39:12.425-----------> ClassLocator.getDependentXMLResources: Replicate resource: timeline
Overwrite bundleresource://188.fwk333967374:6/metainfo/zk/lang-addon.xml
with bundleresource://188.fwk333967374:23/metainfo/zk/lang-addon.xml [14]
10:39:12.429-----------> ClassLocator.getDependentXMLResources: Replicate resource: timeplot
Overwrite bundleresource://188.fwk333967374:7/metainfo/zk/lang-addon.xml
with bundleresource://188.fwk333967374:24/metainfo/zk/lang-addon.xml [14]
10:39:12.445-----------> ClassLocator.getDependentXMLResources: Replicate resource: zkbind
Overwrite bundleresource://188.fwk333967374:12/metainfo/zk/lang-addon.xml
with bundleresource://188.fwk333967374:29/metainfo/zk/lang-addon.xml [14]
10:39:12.457-----------> ClassLocator.getDependentXMLResources: Replicate resource: zkplus
Overwrite bundleresource://188.fwk333967374:13/metainfo/zk/lang-addon.xml
with bundleresource://188.fwk333967374:30/metainfo/zk/lang-addon.xml [14]
10:39:12.753           WebUIServlet.init: iDempiere Web Client started successfully [14]
10:39:13.983-----------> AnnotationConfiguration.configure: ServletContainerInitializers: detected. Class hierarchy: empty [14]

*** 2016-11-15 10:39:14.259 idempiere Log (CLogFile) ***
10:39:15.504-----------> Node: [192.168.163.1]:5701 [adempiere.idempiere/localhost] [3.5.3] No join method is enabled! Starting standalone. [38]
10:39:14.380===========> NotificationValidator.initialize: NotificationValidator.initialize() [65]
org.postgresql.util.PSQLException: ERROR: no existe la relación «ni_notification_trigguer»
  Position: 81; State=42P01; ErrorCode=0
	at org.postgresql.core.v3.QueryExecutorImpl.receiveErrorResponse(QueryExecutorImpl.java:2182)
	at org.postgresql.core.v3.QueryExecutorImpl.processResults(QueryExecutorImpl.java:1911)
	at org.postgresql.core.v3.QueryExecutorImpl.execute(QueryExecutorImpl.java:173)
	at org.postgresql.jdbc2.AbstractJdbc2Statement.execute(AbstractJdbc2Statement.java:645)
	at org.postgresql.jdbc2.AbstractJdbc2Statement.executeWithFlags(AbstractJdbc2Statement.java:495)
	at org.postgresql.jdbc2.AbstractJdbc2Statement.executeQuery(AbstractJdbc2Statement.java:380)
	at com.mchange.v2.c3p0.impl.NewProxyPreparedStatement.executeQuery(NewProxyPreparedStatement.java:1418)
	at sun.reflect.GeneratedMethodAccessor21.invoke(Unknown Source)
	at sun.reflect.DelegatingMethodAccessorImpl.invoke(Unknown Source)
	at java.lang.reflect.Method.invoke(Unknown Source)
	at org.compiere.db.StatementProxy.invoke(StatementProxy.java:128)
	at com.sun.proxy.$Proxy3.executeQuery(Unknown Source)
	at ni.idempiere.model.NotificationValidator.initialize(NotificationValidator.java:45)
	at org.adempiere.base.event.AbstractEventHandler.bindEventManager(AbstractEventHandler.java:57)
	at sun.reflect.NativeMethodAccessorImpl.invoke0(Native Method)
	at sun.reflect.NativeMethodAccessorImpl.invoke(Unknown Source)
	at sun.reflect.DelegatingMethodAccessorImpl.invoke(Unknown Source)
	at java.lang.reflect.Method.invoke(Unknown Source)
	at org.eclipse.equinox.internal.ds.model.ComponentReference.bind(ComponentReference.java:376)
	at org.eclipse.equinox.internal.ds.model.ServiceComponentProp.bindReference(ServiceComponentProp.java:430)
	at org.eclipse.equinox.internal.ds.model.ServiceComponentProp.bind(ServiceComponentProp.java:218)

10:40:31.592-----------> Prop.loadProperties: E:\mercurialidempiere\home.properties not found [34]
10:40:31.592-----------> Prop.loadProperties: !!WARNING:Please locate yout custom home.properties on iDEMPIERE_HOME. [34]
10:41:16.525-----------> Msg.getMsg: NOT found: ni.idempiere.toolbar.button.action.report.label [36]
10:41:16.525-----------> Msg.getMsg: NOT found: ni.idempiere.toolbar.button.action.report.tooltip [36]
10:43:01.146-----------> Msg.getMsg: NOT found: ni.idempiere.toolbar.button.action.report.label [34]
10:43:01.146-----------> Msg.getMsg: NOT found: ni.idempiere.toolbar.button.action.report.tooltip [34]
