*** 2016-08-30 15:23:08.705 idempiere Log (CLogFile) ***
15:23:08.705 Adempiere.startup: iDempiere(r) Release 3.1_2015-10-31 -Smart Suite ERP, CRM and SCM- (c) 1999-2013 iDempiere(r); Implementation: iDempiere - Supported by iDempiere community [17]
15:23:08.709 Ini.loadProperties: E:\mercurialidempiere/idempiere-test.properties #33 [17]
15:23:09.443 AdempiereActivator.installPackage: ni.idempiere.importcurrencyrate 1.0.0 was installed: 2016-08-30 13:27:06.079 [17]
15:23:09.488 DB.isBuildOK: Build DB=${env.ADEMPIERE_VERSION} 20080428-1232 [17]
15:23:09.488 DB.isBuildOK: Build Cl=3.1.0.qualifier [17]
15:23:09.532-----------> DB.isBuildOK: Build Version Error 

The program assumes build version 3.1.0.qualifier, but database has build version ${env.ADEMPIERE_VERSION} 20080428-1232. 
This is likely to cause hard to fix errors. 
Please contact administrator. [17]
15:23:09.903 WebEnv.initWeb: Servlet Context Init Parameters: iDempiere Root
ServerRoot=1 [17]
15:23:09.992-----------> EMail.setFrom: you @ company.org: javax.mail.internet.AddressException: Local address contains control or whitespace in string ``you @ company.org'' [17]
15:23:10.004-----------> EMail.addTo: you @ company.org: javax.mail.internet.AddressException: Local address contains control or whitespace in string ``you @ company.org'' [17]
15:23:10.004-----------> EMail.isValid: From is invalid=null [17]
15:23:10.004-----------> EMail.isValid: From is invalid=null [17]
15:23:10.008-----------> MClient.sendEMail: Could NOT Send Email: Server started: iDempiere (odbz:10.0.5.53) to you @ company.org: Invalid Data (System) [17]
15:23:10.008 WebEnv.initWeb: Servlet Init Parameter: idempiereMonitor [17]
15:23:10.008 AdempiereMonitor.init:  [17]
15:23:12.866-----------> AnnotationConfiguration.configure: ServletContainerInitializers: detected. Class hierarchy: empty [17]
15:23:13.104-----------> ClassLocator.getDependentXMLResources: Replicate resource: ckez
Overwrite bundleresource://185.fwk1480207683:2/metainfo/zk/config.xml
with bundleresource://185.fwk1480207683:19/metainfo/zk/config.xml [17]
15:23:13.119-----------> ClassLocator.getDependentXMLResources: Replicate resource: zk
Overwrite bundleresource://185.fwk1480207683:11/metainfo/zk/config.xml
with bundleresource://185.fwk1480207683:28/metainfo/zk/config.xml [17]
15:23:13.119-----------> ClassLocator.getDependentXMLResources: Replicate resource: zkbind
Overwrite bundleresource://185.fwk1480207683:12/metainfo/zk/config.xml
with bundleresource://185.fwk1480207683:29/metainfo/zk/config.xml [17]
15:23:13.166-----------> ClassLocator.getDependentXMLResources: Replicate resource: zul
Overwrite bundleresource://185.fwk1480207683:14/metainfo/zk/zk.xml
with bundleresource://185.fwk1480207683:31/metainfo/zk/zk.xml [17]
15:23:13.562-----------> LanguageDefinition.<init>: Replicated language: xhtml, overriden by [LanguageDefinition: xhtml] [17]
15:23:13.578-----------> LanguageDefinition.<init>: Replicated language: xul/html, overriden by [LanguageDefinition: xul/html] [17]
15:23:13.652-----------> ClassLocator.getDependentXMLResources: Replicate resource: calendar
Overwrite bundleresource://185.fwk1480207683:1/metainfo/zk/lang-addon.xml
with bundleresource://185.fwk1480207683:18/metainfo/zk/lang-addon.xml [17]
15:23:13.652-----------> ClassLocator.getDependentXMLResources: Replicate resource: ckez
Overwrite bundleresource://185.fwk1480207683:2/metainfo/zk/lang-addon.xml
with bundleresource://185.fwk1480207683:19/metainfo/zk/lang-addon.xml [17]
15:23:13.668-----------> ClassLocator.getDependentXMLResources: Replicate resource: gmapsz
Overwrite bundleresource://185.fwk1480207683:5/metainfo/zk/lang-addon.xml
with bundleresource://185.fwk1480207683:22/metainfo/zk/lang-addon.xml [17]
15:23:13.668-----------> ClassLocator.getDependentXMLResources: Replicate resource: timeline
Overwrite bundleresource://185.fwk1480207683:6/metainfo/zk/lang-addon.xml
with bundleresource://185.fwk1480207683:23/metainfo/zk/lang-addon.xml [17]
15:23:13.668-----------> ClassLocator.getDependentXMLResources: Replicate resource: timeplot
Overwrite bundleresource://185.fwk1480207683:7/metainfo/zk/lang-addon.xml
with bundleresource://185.fwk1480207683:24/metainfo/zk/lang-addon.xml [17]
15:23:13.683-----------> ClassLocator.getDependentXMLResources: Replicate resource: zkbind
Overwrite bundleresource://185.fwk1480207683:12/metainfo/zk/lang-addon.xml
with bundleresource://185.fwk1480207683:29/metainfo/zk/lang-addon.xml [17]
15:23:13.699-----------> ClassLocator.getDependentXMLResources: Replicate resource: zkplus
Overwrite bundleresource://185.fwk1480207683:13/metainfo/zk/lang-addon.xml
with bundleresource://185.fwk1480207683:30/metainfo/zk/lang-addon.xml [17]
15:23:13.889           WebUIServlet.init: iDempiere Web Client started successfully [17]
15:23:14.980-----------> AnnotationConfiguration.configure: ServletContainerInitializers: detected. Class hierarchy: empty [17]

*** 2016-08-30 15:23:15.228 idempiere Log (CLogFile) ***
15:23:17.402-----------> Node: [10.0.5.53]:5701 [adempiere.idempiere/localhost] [3.5.3] No join method is enabled! Starting standalone. [49]
15:26:27.520===========> MRole.addAccessSQL: TableName not correctly parsed - TableNameIn=C_Invoice - AccessSqlParser[C_Invoice=WHERE|0] - #1 C_Invoice=WHERE
 = SELECT C_Invoice_ID, DocumentNo, DateInvoiced, GrandTotal, PartialPayment, Balance, PaidBill FROM C_Invoice WHERE  [38]
15:28:31.844-----------> Msg.getMsg: NOT found: El proveedor seleccionado, tiene pagos en borrador que necesitan primero ser procesados. [126]
15:28:51.882-----------> Msg.getMsg: NOT found: ni.idempiere.toolbar.action.toolbarbtn.label [32]
15:28:51.882-----------> Msg.getMsg: NOT found: ni.idempiere.toolbar.action.toolbarbtn.tooltip [32]
