*** 2016-07-08 12:08:04.463 idempiere Log (CLogFile) ***
12:08:04.463 Adempiere.startup: iDempiere(r) Release 3.1_2015-10-31 -Smart Suite ERP, CRM and SCM- (c) 1999-2013 iDempiere(r); Implementation: iDempiere - Supported by iDempiere community [17]
12:08:04.467 Ini.loadProperties: E:\mercurialidempiere/idempiere.properties #32 [17]
12:08:05.042 DB.isBuildOK: Build DB=${env.ADEMPIERE_VERSION} 20080428-1232 [17]
12:08:05.042 DB.isBuildOK: Build Cl=3.1.0.qualifier [17]
12:08:05.058-----------> DB.isBuildOK: Build Version Error 

The program assumes build version 3.1.0.qualifier, but database has build version ${env.ADEMPIERE_VERSION} 20080428-1232. 
This is likely to cause hard to fix errors. 
Please contact administrator. [17]
12:08:05.158 WebEnv.initWeb: Servlet Context Init Parameters: iDempiere Root
ServerRoot=1 [17]
12:08:05.174-----------> EMail.setFrom: you @ company.org: javax.mail.internet.AddressException: Local address contains control or whitespace in string ``you @ company.org'' [17]
12:08:05.178-----------> EMail.addTo: you @ company.org: javax.mail.internet.AddressException: Local address contains control or whitespace in string ``you @ company.org'' [17]
12:08:05.178-----------> EMail.isValid: From is invalid=null [17]
12:08:05.178-----------> EMail.isValid: From is invalid=null [17]
12:08:05.178-----------> MClient.sendEMail: Could NOT Send Email: Server started: iDempiere (odbz:172.16.67.23) to you @ company.org: Invalid Data (System) [17]
12:08:05.178 WebEnv.initWeb: Servlet Init Parameter: idempiereMonitor [17]
12:08:05.178 AdempiereMonitor.init:  [17]
12:08:07.084-----------> AnnotationConfiguration.configure: ServletContainerInitializers: detected. Class hierarchy: empty [17]
12:08:07.361-----------> ClassLocator.getDependentXMLResources: Replicate resource: ckez
Overwrite bundleresource://180.fwk1319287199:2/metainfo/zk/config.xml
with bundleresource://180.fwk1319287199:19/metainfo/zk/config.xml [17]
12:08:07.368-----------> ClassLocator.getDependentXMLResources: Replicate resource: zk
Overwrite bundleresource://180.fwk1319287199:11/metainfo/zk/config.xml
with bundleresource://180.fwk1319287199:28/metainfo/zk/config.xml [17]
12:08:07.373-----------> ClassLocator.getDependentXMLResources: Replicate resource: zkbind
Overwrite bundleresource://180.fwk1319287199:12/metainfo/zk/config.xml
with bundleresource://180.fwk1319287199:29/metainfo/zk/config.xml [17]
12:08:07.407-----------> ClassLocator.getDependentXMLResources: Replicate resource: zul
Overwrite bundleresource://180.fwk1319287199:14/metainfo/zk/zk.xml
with bundleresource://180.fwk1319287199:31/metainfo/zk/zk.xml [17]
12:08:07.877-----------> LanguageDefinition.<init>: Replicated language: xhtml, overriden by [LanguageDefinition: xhtml] [17]
12:08:07.912-----------> LanguageDefinition.<init>: Replicated language: xul/html, overriden by [LanguageDefinition: xul/html] [17]
12:08:08.009-----------> ClassLocator.getDependentXMLResources: Replicate resource: calendar
Overwrite bundleresource://180.fwk1319287199:1/metainfo/zk/lang-addon.xml
with bundleresource://180.fwk1319287199:18/metainfo/zk/lang-addon.xml [17]
12:08:08.018-----------> ClassLocator.getDependentXMLResources: Replicate resource: ckez
Overwrite bundleresource://180.fwk1319287199:2/metainfo/zk/lang-addon.xml
with bundleresource://180.fwk1319287199:19/metainfo/zk/lang-addon.xml [17]
12:08:08.036-----------> ClassLocator.getDependentXMLResources: Replicate resource: gmapsz
Overwrite bundleresource://180.fwk1319287199:5/metainfo/zk/lang-addon.xml
with bundleresource://180.fwk1319287199:22/metainfo/zk/lang-addon.xml [17]
12:08:08.046-----------> ClassLocator.getDependentXMLResources: Replicate resource: timeline
Overwrite bundleresource://180.fwk1319287199:6/metainfo/zk/lang-addon.xml
with bundleresource://180.fwk1319287199:23/metainfo/zk/lang-addon.xml [17]
12:08:08.052-----------> ClassLocator.getDependentXMLResources: Replicate resource: timeplot
Overwrite bundleresource://180.fwk1319287199:7/metainfo/zk/lang-addon.xml
with bundleresource://180.fwk1319287199:24/metainfo/zk/lang-addon.xml [17]
12:08:08.076-----------> ClassLocator.getDependentXMLResources: Replicate resource: zkbind
Overwrite bundleresource://180.fwk1319287199:12/metainfo/zk/lang-addon.xml
with bundleresource://180.fwk1319287199:29/metainfo/zk/lang-addon.xml [17]
12:08:08.087-----------> ClassLocator.getDependentXMLResources: Replicate resource: zkplus
Overwrite bundleresource://180.fwk1319287199:13/metainfo/zk/lang-addon.xml
with bundleresource://180.fwk1319287199:30/metainfo/zk/lang-addon.xml [17]
12:08:08.241           WebUIServlet.init: iDempiere Web Client started successfully [17]
12:08:09.601-----------> AnnotationConfiguration.configure: ServletContainerInitializers: detected. Class hierarchy: empty [17]

*** 2016-07-08 12:08:09.918 idempiere Log (CLogFile) ***
12:08:12.646-----------> Node: [172.16.67.23]:5701 [adempiere.idempiere/localhost] [3.5.3] No join method is enabled! Starting standalone. [43]
