*** 2016-06-05 20:42:12.249 idempiere Log (CLogFile) ***
20:42:12.233 Adempiere.startup: iDempiere(r) Release 3.1_2015-10-31 -Smart Suite ERP, CRM and SCM- (c) 1999-2013 iDempiere(r); Implementation: iDempiere - Supported by iDempiere community [17]
20:42:12.249 Ini.loadProperties: E:\mercurialidempiere/idempiere.properties #32 [17]
20:42:12.686 DB.isBuildOK: Build DB=${env.ADEMPIERE_VERSION} 20080428-1232 [17]
20:42:12.686 DB.isBuildOK: Build Cl=3.1.0.qualifier [17]
20:42:12.702-----------> DB.isBuildOK: Build Version Error 

The program assumes build version 3.1.0.qualifier, but database has build version ${env.ADEMPIERE_VERSION} 20080428-1232. 
This is likely to cause hard to fix errors. 
Please contact administrator. [17]
20:42:12.780 Language.getLanguage: Adding Language=en, Country=US, Locale=en_US [17]
20:42:12.780 Language.getLanguage: Adding Language=en, Country=US, Locale=en_US [17]
20:42:12.858 WebEnv.initWeb: Servlet Context Init Parameters: iDempiere Root
ServerRoot=1 [17]
20:42:12.905-----------> EMail.setFrom: you @ company.org: javax.mail.internet.AddressException: Local address contains control or whitespace in string ``you @ company.org'' [17]
20:42:12.905-----------> EMail.addTo: you @ company.org: javax.mail.internet.AddressException: Local address contains control or whitespace in string ``you @ company.org'' [17]
20:42:12.905-----------> EMail.isValid: From is invalid=null [17]
20:42:12.905-----------> EMail.isValid: From is invalid=null [17]
20:42:12.905-----------> MClient.sendEMail: Could NOT Send Email: Server started: iDempiere (odbz:127.0.0.1) to you @ company.org: Invalid Data (System) [17]
20:42:12.905 WebEnv.initWeb: Servlet Init Parameter: idempiereMonitor [17]
20:42:12.905 AdempiereMonitor.init:  [17]
20:42:14.264-----------> AnnotationConfiguration.configure: ServletContainerInitializers: detected. Class hierarchy: empty [17]
20:42:14.494-----------> ClassLocator.getDependentXMLResources: Replicate resource: ckez
Overwrite bundleresource://179.fwk1480207683:2/metainfo/zk/config.xml
with bundleresource://179.fwk1480207683:19/metainfo/zk/config.xml [17]
20:42:14.494-----------> ClassLocator.getDependentXMLResources: Replicate resource: zk
Overwrite bundleresource://179.fwk1480207683:11/metainfo/zk/config.xml
with bundleresource://179.fwk1480207683:28/metainfo/zk/config.xml [17]
20:42:14.494-----------> ClassLocator.getDependentXMLResources: Replicate resource: zkbind
Overwrite bundleresource://179.fwk1480207683:12/metainfo/zk/config.xml
with bundleresource://179.fwk1480207683:29/metainfo/zk/config.xml [17]
20:42:14.525-----------> ClassLocator.getDependentXMLResources: Replicate resource: zul
Overwrite bundleresource://179.fwk1480207683:14/metainfo/zk/zk.xml
with bundleresource://179.fwk1480207683:31/metainfo/zk/zk.xml [17]
20:42:14.869-----------> LanguageDefinition.<init>: Replicated language: xhtml, overriden by [LanguageDefinition: xhtml] [17]
20:42:14.884-----------> LanguageDefinition.<init>: Replicated language: xul/html, overriden by [LanguageDefinition: xul/html] [17]
20:42:14.947-----------> ClassLocator.getDependentXMLResources: Replicate resource: calendar
Overwrite bundleresource://179.fwk1480207683:1/metainfo/zk/lang-addon.xml
with bundleresource://179.fwk1480207683:18/metainfo/zk/lang-addon.xml [17]
20:42:14.947-----------> ClassLocator.getDependentXMLResources: Replicate resource: ckez
Overwrite bundleresource://179.fwk1480207683:2/metainfo/zk/lang-addon.xml
with bundleresource://179.fwk1480207683:19/metainfo/zk/lang-addon.xml [17]
20:42:14.947-----------> ClassLocator.getDependentXMLResources: Replicate resource: gmapsz
Overwrite bundleresource://179.fwk1480207683:5/metainfo/zk/lang-addon.xml
with bundleresource://179.fwk1480207683:22/metainfo/zk/lang-addon.xml [17]
20:42:14.962-----------> ClassLocator.getDependentXMLResources: Replicate resource: timeline
Overwrite bundleresource://179.fwk1480207683:6/metainfo/zk/lang-addon.xml
with bundleresource://179.fwk1480207683:23/metainfo/zk/lang-addon.xml [17]
20:42:14.962-----------> ClassLocator.getDependentXMLResources: Replicate resource: timeplot
Overwrite bundleresource://179.fwk1480207683:7/metainfo/zk/lang-addon.xml
with bundleresource://179.fwk1480207683:24/metainfo/zk/lang-addon.xml [17]
20:42:14.962-----------> ClassLocator.getDependentXMLResources: Replicate resource: zkbind
Overwrite bundleresource://179.fwk1480207683:12/metainfo/zk/lang-addon.xml
with bundleresource://179.fwk1480207683:29/metainfo/zk/lang-addon.xml [17]
20:42:14.978-----------> ClassLocator.getDependentXMLResources: Replicate resource: zkplus
Overwrite bundleresource://179.fwk1480207683:13/metainfo/zk/lang-addon.xml
with bundleresource://179.fwk1480207683:30/metainfo/zk/lang-addon.xml [17]
20:42:15.119           WebUIServlet.init: iDempiere Web Client started successfully [17]
20:42:16.041-----------> AnnotationConfiguration.configure: ServletContainerInitializers: detected. Class hierarchy: empty [17]

*** 2016-06-05 20:42:16.311 idempiere Log (CLogFile) ***
20:42:18.061-----------> Node: [127.0.0.1]:5701 [adempiere.idempiere/localhost] [3.5.3] No join method is enabled! Starting standalone. [42]
20:42:50.870-----------> Prop.loadProperties: E:\mercurialidempiere\home.properties not found [35]
20:42:50.870-----------> Prop.loadProperties: E:\mercurialidempiere\home.properties not found [34]
20:42:50.871-----------> Prop.loadProperties: !!WARNING:Please locate yout custom home.properties on iDEMPIERE_HOME. [35]
20:42:50.871-----------> Prop.loadProperties: !!WARNING:Please locate yout custom home.properties on iDEMPIERE_HOME. [34]
20:43:02.654===========> MRole.addAccessSQL: TableName not correctly parsed - TableNameIn=AD_Attachment - AccessSqlParser[AD_Attachment=WHERE|0] - #1 AD_Attachment=WHERE
 = SELECT AD_Attachment_ID, Title, Textmsg FROM AD_Attachment WHERE  [37]
