*** 2016-07-26 09:30:18.257 idempiere Log (CLogFile) ***
09:30:18.257 Adempiere.startup: iDempiere(r) Release 3.1_2015-10-31 -Smart Suite ERP, CRM and SCM- (c) 1999-2013 iDempiere(r); Implementation: iDempiere - Supported by iDempiere community [17]
09:30:18.257 Ini.loadProperties: E:\mercurialidempiere/idempiere.properties #32 [17]
09:30:19.070 AdempiereActivator.installPackage: ni.idempiere.importcurrencyrate 1.0.0 was installed: 2016-07-14 15:40:48.116 [17]
09:30:19.104 DB.isBuildOK: Build DB=${env.ADEMPIERE_VERSION} 20080428-1232 [17]
09:30:19.104 DB.isBuildOK: Build Cl=3.1.0.qualifier [17]
09:30:19.149-----------> DB.isBuildOK: Build Version Error 

The program assumes build version 3.1.0.qualifier, but database has build version ${env.ADEMPIERE_VERSION} 20080428-1232. 
This is likely to cause hard to fix errors. 
Please contact administrator. [17]
09:30:19.244 WebEnv.initWeb: Servlet Context Init Parameters: iDempiere Root
ServerRoot=1 [17]
09:30:19.260-----------> EMail.setFrom: you @ company.org: javax.mail.internet.AddressException: Local address contains control or whitespace in string ``you @ company.org'' [17]
09:30:19.260-----------> EMail.addTo: you @ company.org: javax.mail.internet.AddressException: Local address contains control or whitespace in string ``you @ company.org'' [17]
09:30:19.260-----------> EMail.isValid: From is invalid=null [17]
09:30:19.260-----------> EMail.isValid: From is invalid=null [17]
09:30:19.260-----------> MClient.sendEMail: Could NOT Send Email: Server started: iDempiere (odbz:172.16.67.22) to you @ company.org: Invalid Data (System) [17]
09:30:19.260 WebEnv.initWeb: Servlet Init Parameter: idempiereMonitor [17]
09:30:19.260 AdempiereMonitor.init:  [17]
09:30:24.252-----------> AnnotationConfiguration.configure: ServletContainerInitializers: detected. Class hierarchy: empty [17]
09:30:24.574-----------> ClassLocator.getDependentXMLResources: Replicate resource: ckez
Overwrite bundleresource://183.fwk1319287199:2/metainfo/zk/config.xml
with bundleresource://183.fwk1319287199:19/metainfo/zk/config.xml [17]
09:30:24.574-----------> ClassLocator.getDependentXMLResources: Replicate resource: zk
Overwrite bundleresource://183.fwk1319287199:11/metainfo/zk/config.xml
with bundleresource://183.fwk1319287199:28/metainfo/zk/config.xml [17]
09:30:24.590-----------> ClassLocator.getDependentXMLResources: Replicate resource: zkbind
Overwrite bundleresource://183.fwk1319287199:12/metainfo/zk/config.xml
with bundleresource://183.fwk1319287199:29/metainfo/zk/config.xml [17]
09:30:24.606-----------> ClassLocator.getDependentXMLResources: Replicate resource: zul
Overwrite bundleresource://183.fwk1319287199:14/metainfo/zk/zk.xml
with bundleresource://183.fwk1319287199:31/metainfo/zk/zk.xml [17]
09:30:24.996-----------> LanguageDefinition.<init>: Replicated language: xhtml, overriden by [LanguageDefinition: xhtml] [17]
09:30:25.027-----------> LanguageDefinition.<init>: Replicated language: xul/html, overriden by [LanguageDefinition: xul/html] [17]
09:30:25.090-----------> ClassLocator.getDependentXMLResources: Replicate resource: calendar
Overwrite bundleresource://183.fwk1319287199:1/metainfo/zk/lang-addon.xml
with bundleresource://183.fwk1319287199:18/metainfo/zk/lang-addon.xml [17]
09:30:25.090-----------> ClassLocator.getDependentXMLResources: Replicate resource: ckez
Overwrite bundleresource://183.fwk1319287199:2/metainfo/zk/lang-addon.xml
with bundleresource://183.fwk1319287199:19/metainfo/zk/lang-addon.xml [17]
09:30:25.090-----------> ClassLocator.getDependentXMLResources: Replicate resource: gmapsz
Overwrite bundleresource://183.fwk1319287199:5/metainfo/zk/lang-addon.xml
with bundleresource://183.fwk1319287199:22/metainfo/zk/lang-addon.xml [17]
09:30:25.106-----------> ClassLocator.getDependentXMLResources: Replicate resource: timeline
Overwrite bundleresource://183.fwk1319287199:6/metainfo/zk/lang-addon.xml
with bundleresource://183.fwk1319287199:23/metainfo/zk/lang-addon.xml [17]
09:30:25.106-----------> ClassLocator.getDependentXMLResources: Replicate resource: timeplot
Overwrite bundleresource://183.fwk1319287199:7/metainfo/zk/lang-addon.xml
with bundleresource://183.fwk1319287199:24/metainfo/zk/lang-addon.xml [17]
09:30:25.121-----------> ClassLocator.getDependentXMLResources: Replicate resource: zkbind
Overwrite bundleresource://183.fwk1319287199:12/metainfo/zk/lang-addon.xml
with bundleresource://183.fwk1319287199:29/metainfo/zk/lang-addon.xml [17]
09:30:25.121-----------> ClassLocator.getDependentXMLResources: Replicate resource: zkplus
Overwrite bundleresource://183.fwk1319287199:13/metainfo/zk/lang-addon.xml
with bundleresource://183.fwk1319287199:30/metainfo/zk/lang-addon.xml [17]
09:30:25.283           WebUIServlet.init: iDempiere Web Client started successfully [17]
09:30:26.463-----------> AnnotationConfiguration.configure: ServletContainerInitializers: detected. Class hierarchy: empty [17]

*** 2016-07-26 09:30:26.904 idempiere Log (CLogFile) ***
09:30:28.831-----------> Node: [172.16.67.22]:5701 [adempiere.idempiere/localhost] [3.5.3] No join method is enabled! Starting standalone. [50]
09:32:19.628-----------> Msg.getMsg: NOT found: ni.idempiere.toolbar.action.toolbarbtn.label [31]
09:32:19.644-----------> Msg.getMsg: NOT found: ni.idempiere.toolbar.action.toolbarbtn.tooltip [31]
