*** 2016-12-12 11:52:35.483 idempiere Log (CLogFile) ***
11:52:35.483 Adempiere.startup: iDempiere(r) Release 3.1_2015-10-31 -Smart Suite ERP, CRM and SCM- (c) 1999-2013 iDempiere(r); Implementation: iDempiere - Supported by iDempiere community [17]
11:52:35.485 Ini.loadProperties: E:\mercurialidempiere/idempiere-dev.properties #33 [17]
11:52:36.141 AdempiereActivator.installPackage: ni.idempiere.importcurrencyrate 1.0.0 was installed: 2016-11-24 14:40:50.73 [17]
11:52:36.197 DB.isBuildOK: Build DB=${env.ADEMPIERE_VERSION} 20080428-1232 [17]
11:52:36.197 DB.isBuildOK: Build Cl=3.1.0.qualifier [17]
11:52:36.234-----------> DB.isBuildOK: Build Version Error 

The program assumes build version 3.1.0.qualifier, but database has build version ${env.ADEMPIERE_VERSION} 20080428-1232. 
This is likely to cause hard to fix errors. 
Please contact administrator. [17]
11:52:36.366 WebEnv.initWeb: Servlet Context Init Parameters: iDempiere Root
ServerRoot=1 [17]
11:52:36.512-----------> EMail.setFrom: you @ company.org: javax.mail.internet.AddressException: Local address contains control or whitespace in string ``you @ company.org'' [17]
11:52:36.517-----------> EMail.addTo: you @ company.org: javax.mail.internet.AddressException: Local address contains control or whitespace in string ``you @ company.org'' [17]
11:52:36.517-----------> EMail.isValid: From is invalid=null [17]
11:52:36.518-----------> EMail.isValid: From is invalid=null [17]
11:52:36.518-----------> MClient.sendEMail: Could NOT Send Email: Server started: iDempiere (odbz:192.168.47.1) to you @ company.org: Invalid Data (System) [17]
11:52:36.518 WebEnv.initWeb: Servlet Init Parameter: idempiereMonitor [17]
11:52:36.518 AdempiereMonitor.init:  [17]
11:52:38.721-----------> AnnotationConfiguration.configure: ServletContainerInitializers: detected. Class hierarchy: empty [17]
11:52:38.965-----------> ClassLocator.getDependentXMLResources: Replicate resource: ckez
Overwrite bundleresource://188.fwk1480207683:2/metainfo/zk/config.xml
with bundleresource://188.fwk1480207683:19/metainfo/zk/config.xml [17]
11:52:38.971-----------> ClassLocator.getDependentXMLResources: Replicate resource: zk
Overwrite bundleresource://188.fwk1480207683:11/metainfo/zk/config.xml
with bundleresource://188.fwk1480207683:28/metainfo/zk/config.xml [17]
11:52:38.978-----------> ClassLocator.getDependentXMLResources: Replicate resource: zkbind
Overwrite bundleresource://188.fwk1480207683:12/metainfo/zk/config.xml
with bundleresource://188.fwk1480207683:29/metainfo/zk/config.xml [17]
11:52:39.002-----------> ClassLocator.getDependentXMLResources: Replicate resource: zul
Overwrite bundleresource://188.fwk1480207683:14/metainfo/zk/zk.xml
with bundleresource://188.fwk1480207683:31/metainfo/zk/zk.xml [17]
11:52:39.401-----------> LanguageDefinition.<init>: Replicated language: xhtml, overriden by [LanguageDefinition: xhtml] [17]
11:52:39.429-----------> LanguageDefinition.<init>: Replicated language: xul/html, overriden by [LanguageDefinition: xul/html] [17]
11:52:39.487-----------> ClassLocator.getDependentXMLResources: Replicate resource: calendar
Overwrite bundleresource://188.fwk1480207683:1/metainfo/zk/lang-addon.xml
with bundleresource://188.fwk1480207683:18/metainfo/zk/lang-addon.xml [17]
11:52:39.493-----------> ClassLocator.getDependentXMLResources: Replicate resource: ckez
Overwrite bundleresource://188.fwk1480207683:2/metainfo/zk/lang-addon.xml
with bundleresource://188.fwk1480207683:19/metainfo/zk/lang-addon.xml [17]
11:52:39.498-----------> ClassLocator.getDependentXMLResources: Replicate resource: gmapsz
Overwrite bundleresource://188.fwk1480207683:5/metainfo/zk/lang-addon.xml
with bundleresource://188.fwk1480207683:22/metainfo/zk/lang-addon.xml [17]
11:52:39.504-----------> ClassLocator.getDependentXMLResources: Replicate resource: timeline
Overwrite bundleresource://188.fwk1480207683:6/metainfo/zk/lang-addon.xml
with bundleresource://188.fwk1480207683:23/metainfo/zk/lang-addon.xml [17]
11:52:39.509-----------> ClassLocator.getDependentXMLResources: Replicate resource: timeplot
Overwrite bundleresource://188.fwk1480207683:7/metainfo/zk/lang-addon.xml
with bundleresource://188.fwk1480207683:24/metainfo/zk/lang-addon.xml [17]
11:52:39.521-----------> ClassLocator.getDependentXMLResources: Replicate resource: zkbind
Overwrite bundleresource://188.fwk1480207683:12/metainfo/zk/lang-addon.xml
with bundleresource://188.fwk1480207683:29/metainfo/zk/lang-addon.xml [17]
11:52:39.529-----------> ClassLocator.getDependentXMLResources: Replicate resource: zkplus
Overwrite bundleresource://188.fwk1480207683:13/metainfo/zk/lang-addon.xml
with bundleresource://188.fwk1480207683:30/metainfo/zk/lang-addon.xml [17]
11:52:39.769           WebUIServlet.init: iDempiere Web Client started successfully [17]
11:52:41.386-----------> AnnotationConfiguration.configure: ServletContainerInitializers: detected. Class hierarchy: empty [17]

*** 2016-12-12 11:52:41.724 idempiere Log (CLogFile) ***
11:52:43.275-----------> Node: [192.168.163.1]:5701 [adempiere.idempiere/localhost] [3.5.3] No join method is enabled! Starting standalone. [43]
11:52:41.875===========> NotificationValidator.initialize: NotificationValidator.initialize() [77]
org.postgresql.util.PSQLException: ERROR: no existe la relación «ni_notification_trigguer»
  Position: 81; State=42P01; ErrorCode=0
	at org.postgresql.core.v3.QueryExecutorImpl.receiveErrorResponse(QueryExecutorImpl.java:2182)
	at org.postgresql.core.v3.QueryExecutorImpl.processResults(QueryExecutorImpl.java:1911)
	at org.postgresql.core.v3.QueryExecutorImpl.execute(QueryExecutorImpl.java:173)
	at org.postgresql.jdbc2.AbstractJdbc2Statement.execute(AbstractJdbc2Statement.java:645)
	at org.postgresql.jdbc2.AbstractJdbc2Statement.executeWithFlags(AbstractJdbc2Statement.java:495)
	at org.postgresql.jdbc2.AbstractJdbc2Statement.executeQuery(AbstractJdbc2Statement.java:380)
	at com.mchange.v2.c3p0.impl.NewProxyPreparedStatement.executeQuery(NewProxyPreparedStatement.java:1418)
	at sun.reflect.GeneratedMethodAccessor21.invoke(Unknown Source)
	at sun.reflect.DelegatingMethodAccessorImpl.invoke(Unknown Source)
	at java.lang.reflect.Method.invoke(Unknown Source)
	at org.compiere.db.StatementProxy.invoke(StatementProxy.java:128)
	at com.sun.proxy.$Proxy3.executeQuery(Unknown Source)
	at ni.idempiere.model.NotificationValidator.initialize(NotificationValidator.java:45)
	at org.adempiere.base.event.AbstractEventHandler.bindEventManager(AbstractEventHandler.java:57)
	at sun.reflect.NativeMethodAccessorImpl.invoke0(Native Method)
	at sun.reflect.NativeMethodAccessorImpl.invoke(Unknown Source)
	at sun.reflect.DelegatingMethodAccessorImpl.invoke(Unknown Source)
	at java.lang.reflect.Method.invoke(Unknown Source)
	at org.eclipse.equinox.internal.ds.model.ComponentReference.bind(ComponentReference.java:376)
	at org.eclipse.equinox.internal.ds.model.ServiceComponentProp.bindReference(ServiceComponentProp.java:430)
	at org.eclipse.equinox.internal.ds.model.ServiceComponentProp.bind(ServiceComponentProp.java:218)

11:57:39.197-----------> Prop.loadProperties: E:\mercurialidempiere\home.properties not found [34]
11:57:39.198-----------> Prop.loadProperties: !!WARNING:Please locate yout custom home.properties on iDEMPIERE_HOME. [34]
11:57:49.575===========> MRole.addAccessSQL: TableName not correctly parsed - TableNameIn=C_Invoice - AccessSqlParser[C_Invoice=WHERE|0] - #1 C_Invoice=WHERE
 = SELECT C_Invoice_ID, DocumentNo, DateInvoiced, GrandTotal, PartialPayment, Balance, PaidBill FROM C_Invoice WHERE  [37]
12:00:31.157-----------> DefaultProcessFactory.newProcessInstance: ni.hmil.process.conta.general.ComputeSaldosHistoricos [54]
java.lang.ClassNotFoundException: ni.hmil.process.conta.general.ComputeSaldosHistoricos cannot be found by org.adempiere.base_3.1.0.qualifier
	at org.eclipse.osgi.internal.loader.BundleLoader.findClassInternal(BundleLoader.java:432)
	at org.eclipse.osgi.internal.loader.BundleLoader.findClass(BundleLoader.java:345)
	at org.eclipse.osgi.internal.loader.BundleLoader.findClass(BundleLoader.java:337)
	at org.eclipse.osgi.internal.loader.ModuleClassLoader.loadClass(ModuleClassLoader.java:160)
	at java.lang.ClassLoader.loadClass(Unknown Source)
	at org.adempiere.base.DefaultProcessFactory.newProcessInstance(DefaultProcessFactory.java:64)
	at org.adempiere.base.Core.getProcess(Core.java:127)
	at org.adempiere.util.ProcessUtil.startJavaProcess(ProcessUtil.java:159)
	at org.adempiere.util.ProcessUtil.startJavaProcess(ProcessUtil.java:139)
	at org.adempiere.util.ProcessUtil.startJavaProcess(ProcessUtil.java:128)
	at org.compiere.process.ServerProcessCtl.startProcess(ServerProcessCtl.java:408)
	at org.compiere.process.ServerProcessCtl.run(ServerProcessCtl.java:239)
	at org.compiere.process.ServerProcessCtl.process(ServerProcessCtl.java:100)
	at org.compiere.server.Scheduler.runProcess(Scheduler.java:172)
	at org.compiere.server.Scheduler.doWork(Scheduler.java:118)
	at org.compiere.server.AdempiereServer.doRun(AdempiereServer.java:211)
	at org.compiere.server.AdempiereServer.run(AdempiereServer.java:190)
	at org.compiere.server.AdempiereServerMgr$ServerWrapper.run(AdempiereServerMgr.java:504)
	at java.util.concurrent.Executors$RunnableAdapter.call(Unknown Source)
	at java.util.concurrent.FutureTask.run(Unknown Source)
	at java.util.concurrent.ScheduledThreadPoolExecutor$ScheduledFutureTask.access$201(Unknown Source)

12:01:31.558-----------> Msg.getMsg: NOT found: Número de Facturas(ejem:#F1,#F2,...) [40]
