*** 2016-06-03 15:49:50.639 idempiere Log (CLogFile) ***
15:49:50.639 Adempiere.startup: iDempiere(r) Release 3.1_2015-10-31 -Smart Suite ERP, CRM and SCM- (c) 1999-2013 iDempiere(r); Implementation: iDempiere - Supported by iDempiere community [17]
15:49:50.639 Ini.loadProperties: E:\mercurialidempiere/idempiere.properties #32 [17]
15:49:51.235 DB.isBuildOK: Build DB=${env.ADEMPIERE_VERSION} 20080428-1232 [17]
15:49:51.235 DB.isBuildOK: Build Cl=3.1.0.qualifier [17]
15:49:51.250-----------> DB.isBuildOK: Build Version Error 

The program assumes build version 3.1.0.qualifier, but database has build version ${env.ADEMPIERE_VERSION} 20080428-1232. 
This is likely to cause hard to fix errors. 
Please contact administrator. [17]
15:49:51.391 Language.getLanguage: Adding Language=en, Country=US, Locale=en_US [17]
15:49:51.391 Language.getLanguage: Adding Language=en, Country=US, Locale=en_US [17]
15:49:51.469 WebEnv.initWeb: Servlet Context Init Parameters: iDempiere Root
ServerRoot=1 [17]
15:49:51.485-----------> EMail.setFrom: you @ company.org: javax.mail.internet.AddressException: Local address contains control or whitespace in string ``you @ company.org'' [17]
15:49:51.501-----------> EMail.addTo: you @ company.org: javax.mail.internet.AddressException: Local address contains control or whitespace in string ``you @ company.org'' [17]
15:49:51.501-----------> EMail.isValid: From is invalid=null [17]
15:49:51.501-----------> EMail.isValid: From is invalid=null [17]
15:49:51.501-----------> MClient.sendEMail: Could NOT Send Email: Server started: iDempiere (odbz:172.16.45.162) to you @ company.org: Invalid Data (System) [17]
15:49:51.501 WebEnv.initWeb: Servlet Init Parameter: idempiereMonitor [17]
15:49:51.501 AdempiereMonitor.init:  [17]
15:49:53.198-----------> AnnotationConfiguration.configure: ServletContainerInitializers: detected. Class hierarchy: empty [17]
15:49:53.469-----------> ClassLocator.getDependentXMLResources: Replicate resource: ckez
Overwrite bundleresource://179.fwk1319287199:2/metainfo/zk/config.xml
with bundleresource://179.fwk1319287199:19/metainfo/zk/config.xml [17]
15:49:53.469-----------> ClassLocator.getDependentXMLResources: Replicate resource: zk
Overwrite bundleresource://179.fwk1319287199:11/metainfo/zk/config.xml
with bundleresource://179.fwk1319287199:28/metainfo/zk/config.xml [17]
15:49:53.484-----------> ClassLocator.getDependentXMLResources: Replicate resource: zkbind
Overwrite bundleresource://179.fwk1319287199:12/metainfo/zk/config.xml
with bundleresource://179.fwk1319287199:29/metainfo/zk/config.xml [17]
15:49:53.500-----------> ClassLocator.getDependentXMLResources: Replicate resource: zul
Overwrite bundleresource://179.fwk1319287199:14/metainfo/zk/zk.xml
with bundleresource://179.fwk1319287199:31/metainfo/zk/zk.xml [17]
15:49:53.892-----------> LanguageDefinition.<init>: Replicated language: xhtml, overriden by [LanguageDefinition: xhtml] [17]
15:49:53.920-----------> LanguageDefinition.<init>: Replicated language: xul/html, overriden by [LanguageDefinition: xul/html] [17]
15:49:53.987-----------> ClassLocator.getDependentXMLResources: Replicate resource: calendar
Overwrite bundleresource://179.fwk1319287199:1/metainfo/zk/lang-addon.xml
with bundleresource://179.fwk1319287199:18/metainfo/zk/lang-addon.xml [17]
15:49:53.987-----------> ClassLocator.getDependentXMLResources: Replicate resource: ckez
Overwrite bundleresource://179.fwk1319287199:2/metainfo/zk/lang-addon.xml
with bundleresource://179.fwk1319287199:19/metainfo/zk/lang-addon.xml [17]
15:49:53.987-----------> ClassLocator.getDependentXMLResources: Replicate resource: gmapsz
Overwrite bundleresource://179.fwk1319287199:5/metainfo/zk/lang-addon.xml
with bundleresource://179.fwk1319287199:22/metainfo/zk/lang-addon.xml [17]
15:49:54.002-----------> ClassLocator.getDependentXMLResources: Replicate resource: timeline
Overwrite bundleresource://179.fwk1319287199:6/metainfo/zk/lang-addon.xml
with bundleresource://179.fwk1319287199:23/metainfo/zk/lang-addon.xml [17]
15:49:54.002-----------> ClassLocator.getDependentXMLResources: Replicate resource: timeplot
Overwrite bundleresource://179.fwk1319287199:7/metainfo/zk/lang-addon.xml
with bundleresource://179.fwk1319287199:24/metainfo/zk/lang-addon.xml [17]
15:49:54.018-----------> ClassLocator.getDependentXMLResources: Replicate resource: zkbind
Overwrite bundleresource://179.fwk1319287199:12/metainfo/zk/lang-addon.xml
with bundleresource://179.fwk1319287199:29/metainfo/zk/lang-addon.xml [17]
15:49:54.018-----------> ClassLocator.getDependentXMLResources: Replicate resource: zkplus
Overwrite bundleresource://179.fwk1319287199:13/metainfo/zk/lang-addon.xml
with bundleresource://179.fwk1319287199:30/metainfo/zk/lang-addon.xml [17]
15:49:54.147           WebUIServlet.init: iDempiere Web Client started successfully [17]
15:49:55.162-----------> AnnotationConfiguration.configure: ServletContainerInitializers: detected. Class hierarchy: empty [17]

*** 2016-06-03 15:49:55.417 idempiere Log (CLogFile) ***
15:49:57.510-----------> Node: [172.16.45.162]:5701 [adempiere.idempiere/localhost] [3.5.3] No join method is enabled! Starting standalone. [41]
