*** 2016-05-18 10:09:26.999 idempiere Log (CLogFile) ***
10:09:26.999 Adempiere.startup: iDempiere(r) Release 3.1_2015-10-31 -Smart Suite ERP, CRM and SCM- (c) 1999-2013 iDempiere(r); Implementation: iDempiere - Supported by iDempiere community [17]
10:09:26.999 Ini.loadProperties: E:\mercurialidempiere/idempiere.properties #32 [17]
10:10:08.315 DB.isBuildOK: Build DB=${env.ADEMPIERE_VERSION} 20080428-1232 [17]
10:10:08.315 DB.isBuildOK: Build Cl=3.1.0.qualifier [17]
10:10:08.325-----------> DB.isBuildOK: Build Version Error 

The program assumes build version 3.1.0.qualifier, but database has build version ${env.ADEMPIERE_VERSION} 20080428-1232. 
This is likely to cause hard to fix errors. 
Please contact administrator. [17]
10:10:08.419 WebEnv.initWeb: Servlet Context Init Parameters: iDempiere Root
ServerRoot=1 [17]
10:10:08.435-----------> EMail.setFrom: you @ company.org: javax.mail.internet.AddressException: Local address contains control or whitespace in string ``you @ company.org'' [17]
10:10:08.435-----------> EMail.addTo: you @ company.org: javax.mail.internet.AddressException: Local address contains control or whitespace in string ``you @ company.org'' [17]
10:10:08.435-----------> EMail.isValid: From is invalid=null [17]
10:10:08.435-----------> EMail.isValid: From is invalid=null [17]
10:10:08.435-----------> MClient.sendEMail: Could NOT Send Email: Server started: iDempiere (odbz:10.0.5.43) to you @ company.org: Invalid Data (System) [17]
10:10:08.435 WebEnv.initWeb: Servlet Init Parameter: idempiereMonitor [17]
10:10:08.435 AdempiereMonitor.init:  [17]
10:10:09.935-----------> AnnotationConfiguration.configure: ServletContainerInitializers: detected. Class hierarchy: empty [17]
10:10:10.164-----------> ClassLocator.getDependentXMLResources: Replicate resource: ckez
Overwrite bundleresource://178.fwk1399961333:2/metainfo/zk/config.xml
with bundleresource://178.fwk1399961333:19/metainfo/zk/config.xml [17]
10:10:10.164-----------> ClassLocator.getDependentXMLResources: Replicate resource: zk
Overwrite bundleresource://178.fwk1399961333:11/metainfo/zk/config.xml
with bundleresource://178.fwk1399961333:28/metainfo/zk/config.xml [17]
10:10:10.164-----------> ClassLocator.getDependentXMLResources: Replicate resource: zkbind
Overwrite bundleresource://178.fwk1399961333:12/metainfo/zk/config.xml
with bundleresource://178.fwk1399961333:29/metainfo/zk/config.xml [17]
10:10:10.196-----------> ClassLocator.getDependentXMLResources: Replicate resource: zul
Overwrite bundleresource://178.fwk1399961333:14/metainfo/zk/zk.xml
with bundleresource://178.fwk1399961333:31/metainfo/zk/zk.xml [17]
10:10:10.571-----------> LanguageDefinition.<init>: Replicated language: xhtml, overriden by [LanguageDefinition: xhtml] [17]
10:10:10.602-----------> LanguageDefinition.<init>: Replicated language: xul/html, overriden by [LanguageDefinition: xul/html] [17]
10:10:10.649-----------> ClassLocator.getDependentXMLResources: Replicate resource: calendar
Overwrite bundleresource://178.fwk1399961333:1/metainfo/zk/lang-addon.xml
with bundleresource://178.fwk1399961333:18/metainfo/zk/lang-addon.xml [17]
10:10:10.649-----------> ClassLocator.getDependentXMLResources: Replicate resource: ckez
Overwrite bundleresource://178.fwk1399961333:2/metainfo/zk/lang-addon.xml
with bundleresource://178.fwk1399961333:19/metainfo/zk/lang-addon.xml [17]
10:10:10.664-----------> ClassLocator.getDependentXMLResources: Replicate resource: gmapsz
Overwrite bundleresource://178.fwk1399961333:5/metainfo/zk/lang-addon.xml
with bundleresource://178.fwk1399961333:22/metainfo/zk/lang-addon.xml [17]
10:10:10.664-----------> ClassLocator.getDependentXMLResources: Replicate resource: timeline
Overwrite bundleresource://178.fwk1399961333:6/metainfo/zk/lang-addon.xml
with bundleresource://178.fwk1399961333:23/metainfo/zk/lang-addon.xml [17]
10:10:10.664-----------> ClassLocator.getDependentXMLResources: Replicate resource: timeplot
Overwrite bundleresource://178.fwk1399961333:7/metainfo/zk/lang-addon.xml
with bundleresource://178.fwk1399961333:24/metainfo/zk/lang-addon.xml [17]
10:10:10.680-----------> ClassLocator.getDependentXMLResources: Replicate resource: zkbind
Overwrite bundleresource://178.fwk1399961333:12/metainfo/zk/lang-addon.xml
with bundleresource://178.fwk1399961333:29/metainfo/zk/lang-addon.xml [17]
10:10:10.680-----------> ClassLocator.getDependentXMLResources: Replicate resource: zkplus
Overwrite bundleresource://178.fwk1399961333:13/metainfo/zk/lang-addon.xml
with bundleresource://178.fwk1399961333:30/metainfo/zk/lang-addon.xml [17]
10:10:10.821           WebUIServlet.init: iDempiere Web Client started successfully [17]
10:10:11.727-----------> AnnotationConfiguration.configure: ServletContainerInitializers: detected. Class hierarchy: empty [17]

*** 2016-05-18 10:10:11.937 idempiere Log (CLogFile) ***
10:10:14.047-----------> Node: [10.0.5.43]:5701 [adempiere.idempiere/localhost] [3.5.3] No join method is enabled! Starting standalone. [42]
10:12:59.075-----------> DefaultFormFactory.newFormInstance: Web UI form not implemented for the swing form org.adempiere.webui.Form.WMyFirstFormController [33]
10:12:59.080===========> UiEngineImpl.handleError:  [33]
org.adempiere.webui.exception.ApplicationException: Failed to open org.adempiere.webui.Form.WMyFirstFormController
	at org.adempiere.webui.panel.AbstractMenuPanel.fireMenuSelectedEvent(AbstractMenuPanel.java:305)
	at org.adempiere.webui.panel.AbstractMenuPanel.doOnClick(AbstractMenuPanel.java:250)
	at org.adempiere.webui.panel.AbstractMenuPanel.onEvent(AbstractMenuPanel.java:224)
	at org.adempiere.webui.panel.MenuTreePanel.onEvent(MenuTreePanel.java:116)
	at org.zkoss.zk.ui.AbstractComponent.onEvent(AbstractComponent.java:2773)
	at org.zkoss.zk.ui.AbstractComponent.service(AbstractComponent.java:2744)
	at org.zkoss.zk.ui.AbstractComponent.service(AbstractComponent.java:2685)
	at org.zkoss.zk.ui.impl.EventProcessor.process(EventProcessor.java:136)
	at org.zkoss.zk.ui.impl.UiEngineImpl.processEvent(UiEngineImpl.java:1765)
	at org.zkoss.zk.ui.impl.UiEngineImpl.process(UiEngineImpl.java:1550)
	at org.zkoss.zk.ui.impl.UiEngineImpl.execUpdate(UiEngineImpl.java:1260)
	at org.zkoss.zk.au.http.DHtmlUpdateServlet.process(DHtmlUpdateServlet.java:611)
	at org.zkoss.zk.au.http.DHtmlUpdateServlet.doGet(DHtmlUpdateServlet.java:485)
	at org.zkoss.zk.au.http.DHtmlUpdateServlet.doPost(DHtmlUpdateServlet.java:494)
	at javax.servlet.http.HttpServlet.service(HttpServlet.java:707)
	at javax.servlet.http.HttpServlet.service(HttpServlet.java:790)
	at org.eclipse.jetty.servlet.ServletHolder.handle(ServletHolder.java:808)
	at org.eclipse.jetty.servlet.ServletHandler.doHandle(ServletHandler.java:587)
	at org.eclipse.jetty.server.handler.ScopedHandler.handle(ScopedHandler.java:143)
	at org.eclipse.jetty.security.SecurityHandler.handle(SecurityHandler.java:577)
	at org.eclipse.jetty.server.session.SessionHandler.doHandle(SessionHandler.java:223)
caused by: org.adempiere.webui.exception.ApplicationException: Failed to open org.adempiere.webui.Form.WMyFirstFormController
	at org.adempiere.webui.panel.ADForm.openForm(ADForm.java:163)
	at org.adempiere.webui.panel.ADForm.openForm(ADForm.java:136)
	at org.adempiere.webui.desktop.TabbedDesktop.openForm(TabbedDesktop.java:88)
	at org.adempiere.webui.desktop.DefaultDesktop.openForm(DefaultDesktop.java:846)
	at org.adempiere.webui.desktop.AbstractDesktop.onMenuSelected(AbstractDesktop.java:77)
	at org.adempiere.webui.desktop.DefaultDesktop.onMenuSelected(DefaultDesktop.java:886)
	at org.adempiere.webui.panel.AbstractMenuPanel.fireMenuSelectedEvent(AbstractMenuPanel.java:301)
	at org.adempiere.webui.panel.AbstractMenuPanel.doOnClick(AbstractMenuPanel.java:250)
	at org.adempiere.webui.panel.AbstractMenuPanel.onEvent(AbstractMenuPanel.java:224)
	at org.adempiere.webui.panel.MenuTreePanel.onEvent(MenuTreePanel.java:116)
	at org.zkoss.zk.ui.AbstractComponent.onEvent(AbstractComponent.java:2773)
	at org.zkoss.zk.ui.AbstractComponent.service(AbstractComponent.java:2744)
	at org.zkoss.zk.ui.AbstractComponent.service(AbstractComponent.java:2685)
	at org.zkoss.zk.ui.impl.EventProcessor.process(EventProcessor.java:136)
	at org.zkoss.zk.ui.impl.UiEngineImpl.processEvent(UiEngineImpl.java:1765)
	at org.zkoss.zk.ui.impl.UiEngineImpl.process(UiEngineImpl.java:1550)
	at org.zkoss.zk.ui.impl.UiEngineImpl.execUpdate(UiEngineImpl.java:1260)
	at org.zkoss.zk.au.http.DHtmlUpdateServlet.process(DHtmlUpdateServlet.java:611)
	at org.zkoss.zk.au.http.DHtmlUpdateServlet.doGet(DHtmlUpdateServlet.java:485)
	at org.zkoss.zk.au.http.DHtmlUpdateServlet.doPost(DHtmlUpdateServlet.java:494)
	at javax.servlet.http.HttpServlet.service(HttpServlet.java:707)

10:20:26.258-----------> DefaultFormFactory.newFormInstance: Web UI form not implemented for the swing form org.adempiere.webui.Form.WMyFirstFormController [34]
10:21:03.188===========> UiEngineImpl.handleError:  [34]
org.adempiere.webui.exception.ApplicationException: Failed to open org.adempiere.webui.Form.WMyFirstFormController
	at org.adempiere.webui.panel.AbstractMenuPanel.fireMenuSelectedEvent(AbstractMenuPanel.java:305)
	at org.adempiere.webui.panel.AbstractMenuPanel.doOnClick(AbstractMenuPanel.java:250)
	at org.adempiere.webui.panel.AbstractMenuPanel.onEvent(AbstractMenuPanel.java:224)
	at org.adempiere.webui.panel.MenuTreePanel.onEvent(MenuTreePanel.java:116)
	at org.zkoss.zk.ui.AbstractComponent.onEvent(AbstractComponent.java:2773)
	at org.zkoss.zk.ui.AbstractComponent.service(AbstractComponent.java:2744)
	at org.zkoss.zk.ui.AbstractComponent.service(AbstractComponent.java:2685)
	at org.zkoss.zk.ui.impl.EventProcessor.process(EventProcessor.java:136)
	at org.zkoss.zk.ui.impl.UiEngineImpl.processEvent(UiEngineImpl.java:1765)
	at org.zkoss.zk.ui.impl.UiEngineImpl.process(UiEngineImpl.java:1550)
	at org.zkoss.zk.ui.impl.UiEngineImpl.execUpdate(UiEngineImpl.java:1260)
	at org.zkoss.zk.au.http.DHtmlUpdateServlet.process(DHtmlUpdateServlet.java:611)
	at org.zkoss.zk.au.http.DHtmlUpdateServlet.doGet(DHtmlUpdateServlet.java:485)
	at org.zkoss.zk.au.http.DHtmlUpdateServlet.doPost(DHtmlUpdateServlet.java:494)
	at javax.servlet.http.HttpServlet.service(HttpServlet.java:707)
	at javax.servlet.http.HttpServlet.service(HttpServlet.java:790)
	at org.eclipse.jetty.servlet.ServletHolder.handle(ServletHolder.java:808)
	at org.eclipse.jetty.servlet.ServletHandler.doHandle(ServletHandler.java:587)
	at org.eclipse.jetty.server.handler.ScopedHandler.handle(ScopedHandler.java:143)
	at org.eclipse.jetty.security.SecurityHandler.handle(SecurityHandler.java:577)
	at org.eclipse.jetty.server.session.SessionHandler.doHandle(SessionHandler.java:223)
caused by: org.adempiere.webui.exception.ApplicationException: Failed to open org.adempiere.webui.Form.WMyFirstFormController
	at org.adempiere.webui.panel.ADForm.openForm(ADForm.java:163)
	at org.adempiere.webui.panel.ADForm.openForm(ADForm.java:136)
	at org.adempiere.webui.desktop.TabbedDesktop.openForm(TabbedDesktop.java:88)
	at org.adempiere.webui.desktop.DefaultDesktop.openForm(DefaultDesktop.java:846)
	at org.adempiere.webui.desktop.AbstractDesktop.onMenuSelected(AbstractDesktop.java:77)
	at org.adempiere.webui.desktop.DefaultDesktop.onMenuSelected(DefaultDesktop.java:886)
	at org.adempiere.webui.panel.AbstractMenuPanel.fireMenuSelectedEvent(AbstractMenuPanel.java:301)
	at org.adempiere.webui.panel.AbstractMenuPanel.doOnClick(AbstractMenuPanel.java:250)
	at org.adempiere.webui.panel.AbstractMenuPanel.onEvent(AbstractMenuPanel.java:224)
	at org.adempiere.webui.panel.MenuTreePanel.onEvent(MenuTreePanel.java:116)
	at org.zkoss.zk.ui.AbstractComponent.onEvent(AbstractComponent.java:2773)
	at org.zkoss.zk.ui.AbstractComponent.service(AbstractComponent.java:2744)
	at org.zkoss.zk.ui.AbstractComponent.service(AbstractComponent.java:2685)
	at org.zkoss.zk.ui.impl.EventProcessor.process(EventProcessor.java:136)
	at org.zkoss.zk.ui.impl.UiEngineImpl.processEvent(UiEngineImpl.java:1765)
	at org.zkoss.zk.ui.impl.UiEngineImpl.process(UiEngineImpl.java:1550)
	at org.zkoss.zk.ui.impl.UiEngineImpl.execUpdate(UiEngineImpl.java:1260)
	at org.zkoss.zk.au.http.DHtmlUpdateServlet.process(DHtmlUpdateServlet.java:611)
	at org.zkoss.zk.au.http.DHtmlUpdateServlet.doGet(DHtmlUpdateServlet.java:485)
	at org.zkoss.zk.au.http.DHtmlUpdateServlet.doPost(DHtmlUpdateServlet.java:494)
	at javax.servlet.http.HttpServlet.service(HttpServlet.java:707)

