*** 2016-07-05 09:21:43.716 idempiere Log (CLogFile) ***
09:21:43.716 Adempiere.startup: iDempiere(r) Release 3.1_2015-10-31 -Smart Suite ERP, CRM and SCM- (c) 1999-2013 iDempiere(r); Implementation: iDempiere - Supported by iDempiere community [17]
09:21:43.732 Ini.loadProperties: E:\mercurialidempiere/idempiere.properties #32 [17]
09:21:44.381 DB.isBuildOK: Build DB=${env.ADEMPIERE_VERSION} 20080428-1232 [17]
09:21:44.381 DB.isBuildOK: Build Cl=3.1.0.qualifier [17]
09:21:44.397-----------> DB.isBuildOK: Build Version Error 

The program assumes build version 3.1.0.qualifier, but database has build version ${env.ADEMPIERE_VERSION} 20080428-1232. 
This is likely to cause hard to fix errors. 
Please contact administrator. [17]
09:21:44.491 WebEnv.initWeb: Servlet Context Init Parameters: iDempiere Root
ServerRoot=1 [17]
09:21:44.506-----------> EMail.setFrom: you @ company.org: javax.mail.internet.AddressException: Local address contains control or whitespace in string ``you @ company.org'' [17]
09:21:44.506-----------> EMail.addTo: you @ company.org: javax.mail.internet.AddressException: Local address contains control or whitespace in string ``you @ company.org'' [17]
09:21:44.506-----------> EMail.isValid: From is invalid=null [17]
09:21:44.506-----------> EMail.isValid: From is invalid=null [17]
09:21:44.506-----------> MClient.sendEMail: Could NOT Send Email: Server started: iDempiere (odbz:10.0.5.58) to you @ company.org: Invalid Data (System) [17]
09:21:44.506 WebEnv.initWeb: Servlet Init Parameter: idempiereMonitor [17]
09:21:44.506 AdempiereMonitor.init:  [17]
09:21:46.163-----------> AnnotationConfiguration.configure: ServletContainerInitializers: detected. Class hierarchy: empty [17]
09:21:46.461-----------> ClassLocator.getDependentXMLResources: Replicate resource: ckez
Overwrite bundleresource://180.fwk491298318:2/metainfo/zk/config.xml
with bundleresource://180.fwk491298318:19/metainfo/zk/config.xml [17]
09:21:46.461-----------> ClassLocator.getDependentXMLResources: Replicate resource: zk
Overwrite bundleresource://180.fwk491298318:11/metainfo/zk/config.xml
with bundleresource://180.fwk491298318:28/metainfo/zk/config.xml [17]
09:21:46.461-----------> ClassLocator.getDependentXMLResources: Replicate resource: zkbind
Overwrite bundleresource://180.fwk491298318:12/metainfo/zk/config.xml
with bundleresource://180.fwk491298318:29/metainfo/zk/config.xml [17]
09:21:46.492-----------> ClassLocator.getDependentXMLResources: Replicate resource: zul
Overwrite bundleresource://180.fwk491298318:14/metainfo/zk/zk.xml
with bundleresource://180.fwk491298318:31/metainfo/zk/zk.xml [17]
09:21:46.945-----------> LanguageDefinition.<init>: Replicated language: xhtml, overriden by [LanguageDefinition: xhtml] [17]
09:21:46.976-----------> LanguageDefinition.<init>: Replicated language: xul/html, overriden by [LanguageDefinition: xul/html] [17]
09:21:47.039-----------> ClassLocator.getDependentXMLResources: Replicate resource: calendar
Overwrite bundleresource://180.fwk491298318:1/metainfo/zk/lang-addon.xml
with bundleresource://180.fwk491298318:18/metainfo/zk/lang-addon.xml [17]
09:21:47.039-----------> ClassLocator.getDependentXMLResources: Replicate resource: ckez
Overwrite bundleresource://180.fwk491298318:2/metainfo/zk/lang-addon.xml
with bundleresource://180.fwk491298318:19/metainfo/zk/lang-addon.xml [17]
09:21:47.054-----------> ClassLocator.getDependentXMLResources: Replicate resource: gmapsz
Overwrite bundleresource://180.fwk491298318:5/metainfo/zk/lang-addon.xml
with bundleresource://180.fwk491298318:22/metainfo/zk/lang-addon.xml [17]
09:21:47.054-----------> ClassLocator.getDependentXMLResources: Replicate resource: timeline
Overwrite bundleresource://180.fwk491298318:6/metainfo/zk/lang-addon.xml
with bundleresource://180.fwk491298318:23/metainfo/zk/lang-addon.xml [17]
09:21:47.054-----------> ClassLocator.getDependentXMLResources: Replicate resource: timeplot
Overwrite bundleresource://180.fwk491298318:7/metainfo/zk/lang-addon.xml
with bundleresource://180.fwk491298318:24/metainfo/zk/lang-addon.xml [17]
09:21:47.086-----------> ClassLocator.getDependentXMLResources: Replicate resource: zkbind
Overwrite bundleresource://180.fwk491298318:12/metainfo/zk/lang-addon.xml
with bundleresource://180.fwk491298318:29/metainfo/zk/lang-addon.xml [17]
09:21:47.086-----------> ClassLocator.getDependentXMLResources: Replicate resource: zkplus
Overwrite bundleresource://180.fwk491298318:13/metainfo/zk/lang-addon.xml
with bundleresource://180.fwk491298318:30/metainfo/zk/lang-addon.xml [17]
09:21:47.242           WebUIServlet.init: iDempiere Web Client started successfully [17]
09:21:48.422-----------> AnnotationConfiguration.configure: ServletContainerInitializers: detected. Class hierarchy: empty [17]

*** 2016-07-05 09:21:48.683 idempiere Log (CLogFile) ***
09:21:50.953-----------> Node: [10.0.5.58]:5701 [adempiere.idempiere/localhost] [3.5.3] No join method is enabled! Starting standalone. [43]
