*** 2016-06-17 14:52:02.993 idempiere Log (CLogFile) ***
14:52:02.993 Adempiere.startup: iDempiere(r) Release 3.1_2015-10-31 -Smart Suite ERP, CRM and SCM- (c) 1999-2013 iDempiere(r); Implementation: iDempiere - Supported by iDempiere community [17]
14:52:02.998 Ini.loadProperties: E:\mercurialidempiere/idempiere-dev.properties #33 [17]
14:52:03.484 DB.isBuildOK: Build DB=${env.ADEMPIERE_VERSION} 20080428-1232 [17]
14:52:03.484 DB.isBuildOK: Build Cl=3.1.0.qualifier [17]
14:52:03.504-----------> DB.isBuildOK: Build Version Error 

The program assumes build version 3.1.0.qualifier, but database has build version ${env.ADEMPIERE_VERSION} 20080428-1232. 
This is likely to cause hard to fix errors. 
Please contact administrator. [17]
14:52:03.630 Language.getLanguage: Adding Language=en, Country=US, Locale=en_US [17]
14:52:03.633 Language.getLanguage: Adding Language=en, Country=US, Locale=en_US [17]
14:52:03.707 WebEnv.initWeb: Servlet Context Init Parameters: iDempiere Root
ServerRoot=1 [17]
14:52:03.719-----------> EMail.setFrom: you @ company.org: javax.mail.internet.AddressException: Local address contains control or whitespace in string ``you @ company.org'' [17]
14:52:03.722-----------> EMail.addTo: you @ company.org: javax.mail.internet.AddressException: Local address contains control or whitespace in string ``you @ company.org'' [17]
14:52:03.722-----------> EMail.isValid: From is invalid=null [17]
14:52:03.722-----------> EMail.isValid: From is invalid=null [17]
14:52:03.723-----------> MClient.sendEMail: Could NOT Send Email: Server started: iDempiere (odbz:10.0.5.43) to you @ company.org: Invalid Data (System) [17]
14:52:03.723 WebEnv.initWeb: Servlet Init Parameter: idempiereMonitor [17]
14:52:03.723 AdempiereMonitor.init:  [17]
14:52:05.420-----------> AnnotationConfiguration.configure: ServletContainerInitializers: detected. Class hierarchy: empty [17]
14:52:05.707-----------> ClassLocator.getDependentXMLResources: Replicate resource: ckez
Overwrite bundleresource://180.fwk1399961333:2/metainfo/zk/config.xml
with bundleresource://180.fwk1399961333:19/metainfo/zk/config.xml [17]
14:52:05.718-----------> ClassLocator.getDependentXMLResources: Replicate resource: zk
Overwrite bundleresource://180.fwk1399961333:11/metainfo/zk/config.xml
with bundleresource://180.fwk1399961333:28/metainfo/zk/config.xml [17]
14:52:05.722-----------> ClassLocator.getDependentXMLResources: Replicate resource: zkbind
Overwrite bundleresource://180.fwk1399961333:12/metainfo/zk/config.xml
with bundleresource://180.fwk1399961333:29/metainfo/zk/config.xml [17]
14:52:05.755-----------> ClassLocator.getDependentXMLResources: Replicate resource: zul
Overwrite bundleresource://180.fwk1399961333:14/metainfo/zk/zk.xml
with bundleresource://180.fwk1399961333:31/metainfo/zk/zk.xml [17]
14:52:06.192-----------> LanguageDefinition.<init>: Replicated language: xhtml, overriden by [LanguageDefinition: xhtml] [17]
14:52:06.221-----------> LanguageDefinition.<init>: Replicated language: xul/html, overriden by [LanguageDefinition: xul/html] [17]
14:52:06.305-----------> ClassLocator.getDependentXMLResources: Replicate resource: calendar
Overwrite bundleresource://180.fwk1399961333:1/metainfo/zk/lang-addon.xml
with bundleresource://180.fwk1399961333:18/metainfo/zk/lang-addon.xml [17]
14:52:06.310-----------> ClassLocator.getDependentXMLResources: Replicate resource: ckez
Overwrite bundleresource://180.fwk1399961333:2/metainfo/zk/lang-addon.xml
with bundleresource://180.fwk1399961333:19/metainfo/zk/lang-addon.xml [17]
14:52:06.317-----------> ClassLocator.getDependentXMLResources: Replicate resource: gmapsz
Overwrite bundleresource://180.fwk1399961333:5/metainfo/zk/lang-addon.xml
with bundleresource://180.fwk1399961333:22/metainfo/zk/lang-addon.xml [17]
14:52:06.320-----------> ClassLocator.getDependentXMLResources: Replicate resource: timeline
Overwrite bundleresource://180.fwk1399961333:6/metainfo/zk/lang-addon.xml
with bundleresource://180.fwk1399961333:23/metainfo/zk/lang-addon.xml [17]
14:52:06.323-----------> ClassLocator.getDependentXMLResources: Replicate resource: timeplot
Overwrite bundleresource://180.fwk1399961333:7/metainfo/zk/lang-addon.xml
with bundleresource://180.fwk1399961333:24/metainfo/zk/lang-addon.xml [17]
14:52:06.336-----------> ClassLocator.getDependentXMLResources: Replicate resource: zkbind
Overwrite bundleresource://180.fwk1399961333:12/metainfo/zk/lang-addon.xml
with bundleresource://180.fwk1399961333:29/metainfo/zk/lang-addon.xml [17]
14:52:06.341-----------> ClassLocator.getDependentXMLResources: Replicate resource: zkplus
Overwrite bundleresource://180.fwk1399961333:13/metainfo/zk/lang-addon.xml
with bundleresource://180.fwk1399961333:30/metainfo/zk/lang-addon.xml [17]
14:52:06.452           WebUIServlet.init: iDempiere Web Client started successfully [17]
14:52:07.664-----------> AnnotationConfiguration.configure: ServletContainerInitializers: detected. Class hierarchy: empty [17]

*** 2016-06-17 14:52:07.997 idempiere Log (CLogFile) ***
14:52:10.575-----------> Node: [10.0.5.43]:5701 [adempiere.idempiere/localhost] [3.5.3] No join method is enabled! Starting standalone. [40]
14:52:16.016-----------> Prop.loadProperties: E:\mercurialidempiere\home.properties not found [33]
14:52:16.016-----------> Prop.loadProperties: !!WARNING:Please locate yout custom home.properties on iDEMPIERE_HOME. [33]
14:52:48.102===========> MyCallout.start: Columname: IsPrepayment [35]
14:52:48.181===========> MyCallout.start: New Value: true [35]
14:52:48.207===========> MyCallout.start: Old Value: false [35]
