*** 2016-07-12 15:55:06.971 idempiere Log (CLogFile) ***
15:55:06.971 Adempiere.startup: iDempiere(r) Release 3.1_2015-10-31 -Smart Suite ERP, CRM and SCM- (c) 1999-2013 iDempiere(r); Implementation: iDempiere - Supported by iDempiere community [17]
15:55:06.971 Ini.loadProperties: E:\mercurialidempiere/idempiere.properties #32 [17]
15:55:07.504 DB.isBuildOK: Build DB=${env.ADEMPIERE_VERSION} 20080428-1232 [17]
15:55:07.504 DB.isBuildOK: Build Cl=3.1.0.qualifier [17]
15:55:07.520-----------> DB.isBuildOK: Build Version Error 

The program assumes build version 3.1.0.qualifier, but database has build version ${env.ADEMPIERE_VERSION} 20080428-1232. 
This is likely to cause hard to fix errors. 
Please contact administrator. [17]
15:55:07.627 WebEnv.initWeb: Servlet Context Init Parameters: iDempiere Root
ServerRoot=1 [17]
15:55:07.642-----------> EMail.setFrom: you @ company.org: javax.mail.internet.AddressException: Local address contains control or whitespace in string ``you @ company.org'' [17]
15:55:07.642-----------> EMail.addTo: you @ company.org: javax.mail.internet.AddressException: Local address contains control or whitespace in string ``you @ company.org'' [17]
15:55:07.642-----------> EMail.isValid: From is invalid=null [17]
15:55:07.642-----------> EMail.isValid: From is invalid=null [17]
15:55:07.642-----------> MClient.sendEMail: Could NOT Send Email: Server started: iDempiere (odbz:172.16.67.23) to you @ company.org: Invalid Data (System) [17]
15:55:07.642 WebEnv.initWeb: Servlet Init Parameter: idempiereMonitor [17]
15:55:07.642 AdempiereMonitor.init:  [17]
15:55:09.133-----------> AnnotationConfiguration.configure: ServletContainerInitializers: detected. Class hierarchy: empty [17]
15:55:09.405-----------> ClassLocator.getDependentXMLResources: Replicate resource: ckez
Overwrite bundleresource://181.fwk47108597:2/metainfo/zk/config.xml
with bundleresource://181.fwk47108597:19/metainfo/zk/config.xml [17]
15:55:09.405-----------> ClassLocator.getDependentXMLResources: Replicate resource: zk
Overwrite bundleresource://181.fwk47108597:11/metainfo/zk/config.xml
with bundleresource://181.fwk47108597:28/metainfo/zk/config.xml [17]
15:55:09.405-----------> ClassLocator.getDependentXMLResources: Replicate resource: zkbind
Overwrite bundleresource://181.fwk47108597:12/metainfo/zk/config.xml
with bundleresource://181.fwk47108597:29/metainfo/zk/config.xml [17]
15:55:09.447-----------> ClassLocator.getDependentXMLResources: Replicate resource: zul
Overwrite bundleresource://181.fwk47108597:14/metainfo/zk/zk.xml
with bundleresource://181.fwk47108597:31/metainfo/zk/zk.xml [17]
15:55:09.833-----------> LanguageDefinition.<init>: Replicated language: xhtml, overriden by [LanguageDefinition: xhtml] [17]
15:55:09.849-----------> LanguageDefinition.<init>: Replicated language: xul/html, overriden by [LanguageDefinition: xul/html] [17]
15:55:09.927-----------> ClassLocator.getDependentXMLResources: Replicate resource: calendar
Overwrite bundleresource://181.fwk47108597:1/metainfo/zk/lang-addon.xml
with bundleresource://181.fwk47108597:18/metainfo/zk/lang-addon.xml [17]
15:55:09.927-----------> ClassLocator.getDependentXMLResources: Replicate resource: ckez
Overwrite bundleresource://181.fwk47108597:2/metainfo/zk/lang-addon.xml
with bundleresource://181.fwk47108597:19/metainfo/zk/lang-addon.xml [17]
15:55:09.927-----------> ClassLocator.getDependentXMLResources: Replicate resource: gmapsz
Overwrite bundleresource://181.fwk47108597:5/metainfo/zk/lang-addon.xml
with bundleresource://181.fwk47108597:22/metainfo/zk/lang-addon.xml [17]
15:55:09.927-----------> ClassLocator.getDependentXMLResources: Replicate resource: timeline
Overwrite bundleresource://181.fwk47108597:6/metainfo/zk/lang-addon.xml
with bundleresource://181.fwk47108597:23/metainfo/zk/lang-addon.xml [17]
15:55:09.943-----------> ClassLocator.getDependentXMLResources: Replicate resource: timeplot
Overwrite bundleresource://181.fwk47108597:7/metainfo/zk/lang-addon.xml
with bundleresource://181.fwk47108597:24/metainfo/zk/lang-addon.xml [17]
15:55:09.943-----------> ClassLocator.getDependentXMLResources: Replicate resource: zkbind
Overwrite bundleresource://181.fwk47108597:12/metainfo/zk/lang-addon.xml
with bundleresource://181.fwk47108597:29/metainfo/zk/lang-addon.xml [17]
15:55:09.958-----------> ClassLocator.getDependentXMLResources: Replicate resource: zkplus
Overwrite bundleresource://181.fwk47108597:13/metainfo/zk/lang-addon.xml
with bundleresource://181.fwk47108597:30/metainfo/zk/lang-addon.xml [17]
15:55:10.152           WebUIServlet.init: iDempiere Web Client started successfully [17]
15:55:11.173-----------> AnnotationConfiguration.configure: ServletContainerInitializers: detected. Class hierarchy: empty [17]

*** 2016-07-12 15:55:11.436 idempiere Log (CLogFile) ***
15:55:13.401-----------> Node: [172.16.67.23]:5701 [adempiere.idempiere/localhost] [3.5.3] No join method is enabled! Starting standalone. [42]
