*** 2016-06-23 11:17:40.005 idempiere Log (CLogFile) ***
11:17:40.005 Adempiere.startup: iDempiere(r) Release 3.1_2015-10-31 -Smart Suite ERP, CRM and SCM- (c) 1999-2013 iDempiere(r); Implementation: iDempiere - Supported by iDempiere community [17]
11:17:40.009 Ini.loadProperties: E:\mercurialidempiere/idempiere-dev.properties #33 [17]
11:17:40.911 DB.isBuildOK: Build DB=${env.ADEMPIERE_VERSION} 20080428-1232 [17]
11:17:40.911 DB.isBuildOK: Build Cl=3.1.0.qualifier [17]
11:17:41.025-----------> DB.isBuildOK: Build Version Error 

The program assumes build version 3.1.0.qualifier, but database has build version ${env.ADEMPIERE_VERSION} 20080428-1232. 
This is likely to cause hard to fix errors. 
Please contact administrator. [17]
11:17:41.325 Language.getLanguage: Adding Language=en, Country=US, Locale=en_US [17]
11:17:41.333 Language.getLanguage: Adding Language=en, Country=US, Locale=en_US [17]
11:17:41.442 WebEnv.initWeb: Servlet Context Init Parameters: iDempiere Root
ServerRoot=1 [17]
11:17:41.454-----------> EMail.setFrom: you @ company.org: javax.mail.internet.AddressException: Local address contains control or whitespace in string ``you @ company.org'' [17]
11:17:41.466-----------> EMail.addTo: you @ company.org: javax.mail.internet.AddressException: Local address contains control or whitespace in string ``you @ company.org'' [17]
11:17:41.470-----------> EMail.isValid: From is invalid=null [17]
11:17:41.470-----------> EMail.isValid: From is invalid=null [17]
11:17:41.470-----------> MClient.sendEMail: Could NOT Send Email: Server started: iDempiere (odbz:10.0.5.41) to you @ company.org: Invalid Data (System) [17]
11:17:41.470 WebEnv.initWeb: Servlet Init Parameter: idempiereMonitor [17]
11:17:41.470 AdempiereMonitor.init:  [17]
11:17:45.017-----------> AnnotationConfiguration.configure: ServletContainerInitializers: detected. Class hierarchy: empty [17]
11:17:45.275-----------> ClassLocator.getDependentXMLResources: Replicate resource: ckez
Overwrite bundleresource://184.fwk1399961333:2/metainfo/zk/config.xml
with bundleresource://184.fwk1399961333:19/metainfo/zk/config.xml [17]
11:17:45.279-----------> ClassLocator.getDependentXMLResources: Replicate resource: zk
Overwrite bundleresource://184.fwk1399961333:11/metainfo/zk/config.xml
with bundleresource://184.fwk1399961333:28/metainfo/zk/config.xml [17]
11:17:45.283-----------> ClassLocator.getDependentXMLResources: Replicate resource: zkbind
Overwrite bundleresource://184.fwk1399961333:12/metainfo/zk/config.xml
with bundleresource://184.fwk1399961333:29/metainfo/zk/config.xml [17]
11:17:45.315-----------> ClassLocator.getDependentXMLResources: Replicate resource: zul
Overwrite bundleresource://184.fwk1399961333:14/metainfo/zk/zk.xml
with bundleresource://184.fwk1399961333:31/metainfo/zk/zk.xml [17]
11:17:45.735-----------> LanguageDefinition.<init>: Replicated language: xhtml, overriden by [LanguageDefinition: xhtml] [17]
11:17:45.763-----------> LanguageDefinition.<init>: Replicated language: xul/html, overriden by [LanguageDefinition: xul/html] [17]
11:17:45.839-----------> ClassLocator.getDependentXMLResources: Replicate resource: calendar
Overwrite bundleresource://184.fwk1399961333:1/metainfo/zk/lang-addon.xml
with bundleresource://184.fwk1399961333:18/metainfo/zk/lang-addon.xml [17]
11:17:45.843-----------> ClassLocator.getDependentXMLResources: Replicate resource: ckez
Overwrite bundleresource://184.fwk1399961333:2/metainfo/zk/lang-addon.xml
with bundleresource://184.fwk1399961333:19/metainfo/zk/lang-addon.xml [17]
11:17:45.847-----------> ClassLocator.getDependentXMLResources: Replicate resource: gmapsz
Overwrite bundleresource://184.fwk1399961333:5/metainfo/zk/lang-addon.xml
with bundleresource://184.fwk1399961333:22/metainfo/zk/lang-addon.xml [17]
11:17:45.851-----------> ClassLocator.getDependentXMLResources: Replicate resource: timeline
Overwrite bundleresource://184.fwk1399961333:6/metainfo/zk/lang-addon.xml
with bundleresource://184.fwk1399961333:23/metainfo/zk/lang-addon.xml [17]
11:17:45.855-----------> ClassLocator.getDependentXMLResources: Replicate resource: timeplot
Overwrite bundleresource://184.fwk1399961333:7/metainfo/zk/lang-addon.xml
with bundleresource://184.fwk1399961333:24/metainfo/zk/lang-addon.xml [17]
11:17:45.871-----------> ClassLocator.getDependentXMLResources: Replicate resource: zkbind
Overwrite bundleresource://184.fwk1399961333:12/metainfo/zk/lang-addon.xml
with bundleresource://184.fwk1399961333:29/metainfo/zk/lang-addon.xml [17]
11:17:45.879-----------> ClassLocator.getDependentXMLResources: Replicate resource: zkplus
Overwrite bundleresource://184.fwk1399961333:13/metainfo/zk/lang-addon.xml
with bundleresource://184.fwk1399961333:30/metainfo/zk/lang-addon.xml [17]
11:17:46.007           WebUIServlet.init: iDempiere Web Client started successfully [17]
11:17:47.114-----------> AnnotationConfiguration.configure: ServletContainerInitializers: detected. Class hierarchy: empty [17]
11:17:47.241-----------> LCO_ValidatorDN.initialize:  [69]
11:17:47.305-----------> LCO_ValidatorMM.initialize:  [69]
11:17:47.333-----------> LCO_ValidatorWH.initialize:  [69]

*** 2016-06-23 11:17:47.489 idempiere Log (CLogFile) ***
11:17:49.573-----------> Node: [10.0.5.41]:5701 [adempiere.idempiere/localhost] [3.5.3] No join method is enabled! Starting standalone. [56]
11:18:33.131-----------> DefaultFormFactory.newFormInstance: Web UI form not implemented for the swing form org.eevolution.form.HRActionNoticeForm [36]
