*** 2016-07-11 16:35:49.52 idempiere Log (CLogFile) ***
16:35:49.520 Adempiere.startup: iDempiere(r) Release 3.1_2015-10-31 -Smart Suite ERP, CRM and SCM- (c) 1999-2013 iDempiere(r); Implementation: iDempiere - Supported by iDempiere community [17]
16:35:49.520 Ini.loadProperties: E:\mercurialidempiere/idempiere.properties #32 [17]
16:35:50.109 DB.isBuildOK: Build DB=${env.ADEMPIERE_VERSION} 20080428-1232 [17]
16:35:50.109 DB.isBuildOK: Build Cl=3.1.0.qualifier [17]
16:35:50.129-----------> DB.isBuildOK: Build Version Error 

The program assumes build version 3.1.0.qualifier, but database has build version ${env.ADEMPIERE_VERSION} 20080428-1232. 
This is likely to cause hard to fix errors. 
Please contact administrator. [17]
16:35:50.233 WebEnv.initWeb: Servlet Context Init Parameters: iDempiere Root
ServerRoot=1 [17]
16:35:50.249-----------> EMail.setFrom: you @ company.org: javax.mail.internet.AddressException: Local address contains control or whitespace in string ``you @ company.org'' [17]
16:35:50.249-----------> EMail.addTo: you @ company.org: javax.mail.internet.AddressException: Local address contains control or whitespace in string ``you @ company.org'' [17]
16:35:50.249-----------> EMail.isValid: From is invalid=null [17]
16:35:50.249-----------> EMail.isValid: From is invalid=null [17]
16:35:50.249-----------> MClient.sendEMail: Could NOT Send Email: Server started: iDempiere (odbz:172.16.67.23) to you @ company.org: Invalid Data (System) [17]
16:35:50.249 WebEnv.initWeb: Servlet Init Parameter: idempiereMonitor [17]
16:35:50.249 AdempiereMonitor.init:  [17]
16:35:52.055-----------> AnnotationConfiguration.configure: ServletContainerInitializers: detected. Class hierarchy: empty [17]
16:35:52.348-----------> ClassLocator.getDependentXMLResources: Replicate resource: ckez
Overwrite bundleresource://182.fwk47108597:2/metainfo/zk/config.xml
with bundleresource://182.fwk47108597:19/metainfo/zk/config.xml [17]
16:35:52.356-----------> ClassLocator.getDependentXMLResources: Replicate resource: zk
Overwrite bundleresource://182.fwk47108597:11/metainfo/zk/config.xml
with bundleresource://182.fwk47108597:28/metainfo/zk/config.xml [17]
16:35:52.360-----------> ClassLocator.getDependentXMLResources: Replicate resource: zkbind
Overwrite bundleresource://182.fwk47108597:12/metainfo/zk/config.xml
with bundleresource://182.fwk47108597:29/metainfo/zk/config.xml [17]
16:35:52.388-----------> ClassLocator.getDependentXMLResources: Replicate resource: zul
Overwrite bundleresource://182.fwk47108597:14/metainfo/zk/zk.xml
with bundleresource://182.fwk47108597:31/metainfo/zk/zk.xml [17]
16:35:52.812-----------> LanguageDefinition.<init>: Replicated language: xhtml, overriden by [LanguageDefinition: xhtml] [17]
16:35:52.848-----------> LanguageDefinition.<init>: Replicated language: xul/html, overriden by [LanguageDefinition: xul/html] [17]
16:35:52.916-----------> ClassLocator.getDependentXMLResources: Replicate resource: calendar
Overwrite bundleresource://182.fwk47108597:1/metainfo/zk/lang-addon.xml
with bundleresource://182.fwk47108597:18/metainfo/zk/lang-addon.xml [17]
16:35:52.924-----------> ClassLocator.getDependentXMLResources: Replicate resource: ckez
Overwrite bundleresource://182.fwk47108597:2/metainfo/zk/lang-addon.xml
with bundleresource://182.fwk47108597:19/metainfo/zk/lang-addon.xml [17]
16:35:52.928-----------> ClassLocator.getDependentXMLResources: Replicate resource: gmapsz
Overwrite bundleresource://182.fwk47108597:5/metainfo/zk/lang-addon.xml
with bundleresource://182.fwk47108597:22/metainfo/zk/lang-addon.xml [17]
16:35:52.932-----------> ClassLocator.getDependentXMLResources: Replicate resource: timeline
Overwrite bundleresource://182.fwk47108597:6/metainfo/zk/lang-addon.xml
with bundleresource://182.fwk47108597:23/metainfo/zk/lang-addon.xml [17]
16:35:52.940-----------> ClassLocator.getDependentXMLResources: Replicate resource: timeplot
Overwrite bundleresource://182.fwk47108597:7/metainfo/zk/lang-addon.xml
with bundleresource://182.fwk47108597:24/metainfo/zk/lang-addon.xml [17]
16:35:52.952-----------> ClassLocator.getDependentXMLResources: Replicate resource: zkbind
Overwrite bundleresource://182.fwk47108597:12/metainfo/zk/lang-addon.xml
with bundleresource://182.fwk47108597:29/metainfo/zk/lang-addon.xml [17]
16:35:52.964-----------> ClassLocator.getDependentXMLResources: Replicate resource: zkplus
Overwrite bundleresource://182.fwk47108597:13/metainfo/zk/lang-addon.xml
with bundleresource://182.fwk47108597:30/metainfo/zk/lang-addon.xml [17]
16:35:53.087           WebUIServlet.init: iDempiere Web Client started successfully [17]
16:35:54.639-----------> AnnotationConfiguration.configure: ServletContainerInitializers: detected. Class hierarchy: empty [17]

*** 2016-07-11 16:35:55.003 idempiere Log (CLogFile) ***
16:35:57.460-----------> Node: [172.16.67.23]:5701 [adempiere.idempiere/localhost] [3.5.3] No join method is enabled! Starting standalone. [41]
16:36:18.892-----------> Prop.loadProperties: E:\mercurialidempiere\home.properties not found [35]
16:36:18.892-----------> Prop.loadProperties: !!WARNING:Please locate yout custom home.properties on iDEMPIERE_HOME. [35]
