*** 2016-06-14 14:38:30.773 idempiere Log (CLogFile) ***
14:38:30.757 Adempiere.startup: iDempiere(r) Release 3.1_2015-10-31 -Smart Suite ERP, CRM and SCM- (c) 1999-2013 iDempiere(r); Implementation: iDempiere - Supported by iDempiere community [17]
14:38:30.773 Ini.loadProperties: E:\mercurialidempiere/idempiere-dev.properties #33 [17]
14:38:31.288 DB.isBuildOK: Build DB=${env.ADEMPIERE_VERSION} 20080428-1232 [17]
14:38:31.288 DB.isBuildOK: Build Cl=3.1.0.qualifier [17]
14:38:31.320-----------> DB.isBuildOK: Build Version Error 

The program assumes build version 3.1.0.qualifier, but database has build version ${env.ADEMPIERE_VERSION} 20080428-1232. 
This is likely to cause hard to fix errors. 
Please contact administrator. [17]
14:38:31.458 Language.getLanguage: Adding Language=en, Country=US, Locale=en_US [17]
14:38:31.479 Language.getLanguage: Adding Language=en, Country=US, Locale=en_US [17]
14:38:31.566 WebEnv.initWeb: Servlet Context Init Parameters: iDempiere Root
ServerRoot=1 [17]
14:38:31.582-----------> EMail.setFrom: you @ company.org: javax.mail.internet.AddressException: Local address contains control or whitespace in string ``you @ company.org'' [17]
14:38:31.582-----------> EMail.addTo: you @ company.org: javax.mail.internet.AddressException: Local address contains control or whitespace in string ``you @ company.org'' [17]
14:38:31.582-----------> EMail.isValid: From is invalid=null [17]
14:38:31.582-----------> EMail.isValid: From is invalid=null [17]
14:38:31.582-----------> MClient.sendEMail: Could NOT Send Email: Server started: iDempiere (odbz:10.0.5.41) to you @ company.org: Invalid Data (System) [17]
14:38:31.582 WebEnv.initWeb: Servlet Init Parameter: idempiereMonitor [17]
14:38:31.582 AdempiereMonitor.init:  [17]
14:38:33.316-----------> AnnotationConfiguration.configure: ServletContainerInitializers: detected. Class hierarchy: empty [17]
14:38:33.542-----------> ClassLocator.getDependentXMLResources: Replicate resource: ckez
Overwrite bundleresource://179.fwk1399961333:2/metainfo/zk/config.xml
with bundleresource://179.fwk1399961333:19/metainfo/zk/config.xml [17]
14:38:33.542-----------> ClassLocator.getDependentXMLResources: Replicate resource: zk
Overwrite bundleresource://179.fwk1399961333:11/metainfo/zk/config.xml
with bundleresource://179.fwk1399961333:28/metainfo/zk/config.xml [17]
14:38:33.542-----------> ClassLocator.getDependentXMLResources: Replicate resource: zkbind
Overwrite bundleresource://179.fwk1399961333:12/metainfo/zk/config.xml
with bundleresource://179.fwk1399961333:29/metainfo/zk/config.xml [17]
14:38:33.573-----------> ClassLocator.getDependentXMLResources: Replicate resource: zul
Overwrite bundleresource://179.fwk1399961333:14/metainfo/zk/zk.xml
with bundleresource://179.fwk1399961333:31/metainfo/zk/zk.xml [17]
14:38:33.886-----------> LanguageDefinition.<init>: Replicated language: xhtml, overriden by [LanguageDefinition: xhtml] [17]
14:38:33.917-----------> LanguageDefinition.<init>: Replicated language: xul/html, overriden by [LanguageDefinition: xul/html] [17]
14:38:33.964-----------> ClassLocator.getDependentXMLResources: Replicate resource: calendar
Overwrite bundleresource://179.fwk1399961333:1/metainfo/zk/lang-addon.xml
with bundleresource://179.fwk1399961333:18/metainfo/zk/lang-addon.xml [17]
14:38:33.979-----------> ClassLocator.getDependentXMLResources: Replicate resource: ckez
Overwrite bundleresource://179.fwk1399961333:2/metainfo/zk/lang-addon.xml
with bundleresource://179.fwk1399961333:19/metainfo/zk/lang-addon.xml [17]
14:38:33.979-----------> ClassLocator.getDependentXMLResources: Replicate resource: gmapsz
Overwrite bundleresource://179.fwk1399961333:5/metainfo/zk/lang-addon.xml
with bundleresource://179.fwk1399961333:22/metainfo/zk/lang-addon.xml [17]
14:38:33.979-----------> ClassLocator.getDependentXMLResources: Replicate resource: timeline
Overwrite bundleresource://179.fwk1399961333:6/metainfo/zk/lang-addon.xml
with bundleresource://179.fwk1399961333:23/metainfo/zk/lang-addon.xml [17]
14:38:33.979-----------> ClassLocator.getDependentXMLResources: Replicate resource: timeplot
Overwrite bundleresource://179.fwk1399961333:7/metainfo/zk/lang-addon.xml
with bundleresource://179.fwk1399961333:24/metainfo/zk/lang-addon.xml [17]
14:38:33.995-----------> ClassLocator.getDependentXMLResources: Replicate resource: zkbind
Overwrite bundleresource://179.fwk1399961333:12/metainfo/zk/lang-addon.xml
with bundleresource://179.fwk1399961333:29/metainfo/zk/lang-addon.xml [17]
14:38:33.995-----------> ClassLocator.getDependentXMLResources: Replicate resource: zkplus
Overwrite bundleresource://179.fwk1399961333:13/metainfo/zk/lang-addon.xml
with bundleresource://179.fwk1399961333:30/metainfo/zk/lang-addon.xml [17]
14:38:34.104           WebUIServlet.init: iDempiere Web Client started successfully [17]
14:38:34.997-----------> AnnotationConfiguration.configure: ServletContainerInitializers: detected. Class hierarchy: empty [17]

*** 2016-06-14 14:38:35.236 idempiere Log (CLogFile) ***
14:38:36.990-----------> Node: [10.0.5.41]:5701 [adempiere.idempiere/localhost] [3.5.3] No join method is enabled! Starting standalone. [41]
14:42:03.193===========> GridTab.processCallout: start [36]
java.lang.ArithmeticException: Non-terminating decimal expansion; no exact representable decimal result.
	at java.math.BigDecimal.divide(Unknown Source)
	at ni.hmil.override.callout.NICalloutPayment.amounts(NICalloutPayment.java:452)
	at ni.hmil.override.callout.NICalloutPayment.start(NICalloutPayment.java:41)
	at org.compiere.model.GridTab.processCallout(GridTab.java:2971)
	at org.compiere.model.GridTab.processFieldChange(GridTab.java:2749)
	at org.adempiere.webui.adwindow.ADTabpanel.dataStatusChanged(ADTabpanel.java:1240)
	at org.compiere.model.GridTab.fireDataStatusChanged(GridTab.java:2362)
	at org.compiere.model.GridTab.dataStatusChanged(GridTab.java:2330)
	at org.compiere.model.GridTable.fireDataStatusChanged(GridTable.java:3348)
	at org.compiere.model.GridTable.setValueAt(GridTable.java:1325)
	at org.compiere.model.GridTable.setValueAt(GridTable.java:1250)
	at org.adempiere.webui.util.GridTabDataBinder.valueChange(GridTabDataBinder.java:126)
	at org.adempiere.webui.editor.WEditor.fireValueChange(WEditor.java:403)
	at org.adempiere.webui.editor.WTableDirEditor.onEvent(WTableDirEditor.java:406)
	at org.zkoss.zk.ui.AbstractComponent.onEvent(AbstractComponent.java:2773)
	at org.zkoss.zk.ui.AbstractComponent.service(AbstractComponent.java:2744)
	at org.zkoss.zk.ui.AbstractComponent.service(AbstractComponent.java:2685)
	at org.zkoss.zk.ui.impl.EventProcessor.process(EventProcessor.java:136)
	at org.zkoss.zk.ui.impl.UiEngineImpl.processEvent(UiEngineImpl.java:1765)
	at org.zkoss.zk.ui.impl.UiEngineImpl.process(UiEngineImpl.java:1550)
	at org.zkoss.zk.ui.impl.UiEngineImpl.execUpdate(UiEngineImpl.java:1260)

14:42:03.347-----------> Msg.getMsg: NOT found: Callout Invalid: java.lang.ArithmeticException: Non-terminating decimal expansion; no exact representable decimal result. [36]
