*** 2016-10-12 14:44:42.413 idempiere Log (CLogFile) ***
14:44:42.413 Adempiere.startup: iDempiere(r) Release 3.1_2015-10-31 -Smart Suite ERP, CRM and SCM- (c) 1999-2013 iDempiere(r); Implementation: iDempiere - Supported by iDempiere community [17]
14:44:42.413 Ini.loadProperties: E:\mercurialidempiere/idempiere.properties #33 [17]
14:44:43.272 AdempiereActivator.installPackage: ni.idempiere.importcurrencyrate 1.0.0 was installed: 2016-07-14 16:34:48.698 [17]
14:44:43.303 DB.isBuildOK: Build DB=${env.ADEMPIERE_VERSION} 20080428-1232 [17]
14:44:43.303 DB.isBuildOK: Build Cl=3.1.0.qualifier [17]
14:44:43.334-----------> DB.isBuildOK: Build Version Error 

The program assumes build version 3.1.0.qualifier, but database has build version ${env.ADEMPIERE_VERSION} 20080428-1232. 
This is likely to cause hard to fix errors. 
Please contact administrator. [17]
14:44:43.443 WebEnv.initWeb: Servlet Context Init Parameters: iDempiere Root
ServerRoot=1 [17]
14:44:43.459-----------> EMail.setFrom: you @ company.org: javax.mail.internet.AddressException: Local address contains control or whitespace in string ``you @ company.org'' [17]
14:44:43.459-----------> EMail.addTo: you @ company.org: javax.mail.internet.AddressException: Local address contains control or whitespace in string ``you @ company.org'' [17]
14:44:43.459-----------> EMail.isValid: From is invalid=null [17]
14:44:43.459-----------> EMail.isValid: From is invalid=null [17]
14:44:43.459-----------> MClient.sendEMail: Could NOT Send Email: Server started: iDempiere (odbz:192.168.163.1) to you @ company.org: Invalid Data (System) [17]
14:44:43.459 WebEnv.initWeb: Servlet Init Parameter: idempiereMonitor [17]
14:44:43.459 AdempiereMonitor.init:  [17]
14:44:48.287-----------> AnnotationConfiguration.configure: ServletContainerInitializers: detected. Class hierarchy: empty [17]
14:44:48.576-----------> ClassLocator.getDependentXMLResources: Replicate resource: ckez
Overwrite bundleresource://187.fwk1480207683:2/metainfo/zk/config.xml
with bundleresource://187.fwk1480207683:19/metainfo/zk/config.xml [17]
14:44:48.576-----------> ClassLocator.getDependentXMLResources: Replicate resource: zk
Overwrite bundleresource://187.fwk1480207683:11/metainfo/zk/config.xml
with bundleresource://187.fwk1480207683:28/metainfo/zk/config.xml [17]
14:44:48.576-----------> ClassLocator.getDependentXMLResources: Replicate resource: zkbind
Overwrite bundleresource://187.fwk1480207683:12/metainfo/zk/config.xml
with bundleresource://187.fwk1480207683:29/metainfo/zk/config.xml [17]
14:44:48.607-----------> ClassLocator.getDependentXMLResources: Replicate resource: zul
Overwrite bundleresource://187.fwk1480207683:14/metainfo/zk/zk.xml
with bundleresource://187.fwk1480207683:31/metainfo/zk/zk.xml [17]
14:44:49.018-----------> LanguageDefinition.<init>: Replicated language: xhtml, overriden by [LanguageDefinition: xhtml] [17]
14:44:49.065-----------> LanguageDefinition.<init>: Replicated language: xul/html, overriden by [LanguageDefinition: xul/html] [17]
14:44:49.127-----------> ClassLocator.getDependentXMLResources: Replicate resource: calendar
Overwrite bundleresource://187.fwk1480207683:1/metainfo/zk/lang-addon.xml
with bundleresource://187.fwk1480207683:18/metainfo/zk/lang-addon.xml [17]
14:44:49.127-----------> ClassLocator.getDependentXMLResources: Replicate resource: ckez
Overwrite bundleresource://187.fwk1480207683:2/metainfo/zk/lang-addon.xml
with bundleresource://187.fwk1480207683:19/metainfo/zk/lang-addon.xml [17]
14:44:49.127-----------> ClassLocator.getDependentXMLResources: Replicate resource: gmapsz
Overwrite bundleresource://187.fwk1480207683:5/metainfo/zk/lang-addon.xml
with bundleresource://187.fwk1480207683:22/metainfo/zk/lang-addon.xml [17]
14:44:49.143-----------> ClassLocator.getDependentXMLResources: Replicate resource: timeline
Overwrite bundleresource://187.fwk1480207683:6/metainfo/zk/lang-addon.xml
with bundleresource://187.fwk1480207683:23/metainfo/zk/lang-addon.xml [17]
14:44:49.143-----------> ClassLocator.getDependentXMLResources: Replicate resource: timeplot
Overwrite bundleresource://187.fwk1480207683:7/metainfo/zk/lang-addon.xml
with bundleresource://187.fwk1480207683:24/metainfo/zk/lang-addon.xml [17]
14:44:49.158-----------> ClassLocator.getDependentXMLResources: Replicate resource: zkbind
Overwrite bundleresource://187.fwk1480207683:12/metainfo/zk/lang-addon.xml
with bundleresource://187.fwk1480207683:29/metainfo/zk/lang-addon.xml [17]
14:44:49.158-----------> ClassLocator.getDependentXMLResources: Replicate resource: zkplus
Overwrite bundleresource://187.fwk1480207683:13/metainfo/zk/lang-addon.xml
with bundleresource://187.fwk1480207683:30/metainfo/zk/lang-addon.xml [17]
14:44:49.330           WebUIServlet.init: iDempiere Web Client started successfully [17]
14:44:50.558-----------> AnnotationConfiguration.configure: ServletContainerInitializers: detected. Class hierarchy: empty [17]

*** 2016-10-12 14:44:50.98 idempiere Log (CLogFile) ***
14:44:53.089-----------> Node: [192.168.163.1]:5701 [adempiere.idempiere/localhost] [3.5.3] No join method is enabled! Starting standalone. [50]
14:45:25.198-----------> Msg.getMsg: NOT found: ni.idempiere.toolbar.button.action.report.label [37]
14:45:25.198-----------> Msg.getMsg: NOT found: ni.idempiere.toolbar.button.action.report.tooltip [37]
14:45:29.525-----------> Msg.getMsg: NOT found: ni.idempiere.toolbar.button.action.report.label [35]
14:45:29.525-----------> Msg.getMsg: NOT found: ni.idempiere.toolbar.button.action.report.tooltip [35]
14:45:50.927-----------> MPeriod.isOpen: May-16 - Period Control not found for NAC [33]
14:45:50.931-----------> MPeriod.isOpen: May-16: Not open for NAC (2016-05-31 00:00:00.0) [33]
14:45:56.553-----------> MPeriod.isOpen: May-16 - Period Control not found for NAC [133]
14:45:56.553-----------> MPeriod.isOpen: May-16: Not open for NAC (2016-05-31 00:00:00.0) [133]
14:45:56.561-----------> MWFActivity.run: MWFNode[193-(DocPrepare),Action=DocumentAction=PR] [133]
org.adempiere.exceptions.PeriodClosedException: Periodo Cerrado Fecha=2016-05-31 00:00:00.0, Tipo de Documento Base=Sin Contabilidad
	at org.compiere.model.MPeriod.testPeriodOpen(MPeriod.java:798)
	at org.compiere.model.MPeriod.testPeriodOpen(MPeriod.java:831)
	at org.compiere.model.MInvoice.prepareIt(MInvoice.java:1432)
	at org.compiere.process.DocumentEngine.prepareIt(DocumentEngine.java:428)
	at org.compiere.process.DocumentEngine.processIt(DocumentEngine.java:297)
	at org.compiere.process.DocumentEngine.processIt(DocumentEngine.java:275)
	at org.compiere.model.MInvoice.processIt(MInvoice.java:1391)
	at org.compiere.wf.MWFActivity.performWork(MWFActivity.java:1009)
	at org.compiere.wf.MWFActivity.run(MWFActivity.java:874)
	at org.compiere.wf.MWFProcess.startNext(MWFProcess.java:373)
	at org.compiere.wf.MWFProcess.checkActivities(MWFProcess.java:283)
	at org.compiere.wf.MWFActivity.setWFState(MWFActivity.java:277)
	at org.compiere.wf.MWFActivity.run(MWFActivity.java:891)
	at org.compiere.wf.MWFProcess.startWork(MWFProcess.java:505)
	at org.compiere.wf.MWorkflow.start(MWorkflow.java:687)

14:46:35.009-----------> Msg.getMsg: NOT found: ni.idempiere.toolbar.button.action.report.label [33]
14:46:35.009-----------> Msg.getMsg: NOT found: ni.idempiere.toolbar.button.action.report.tooltip [33]
14:46:54.609-----------> MPeriod.isOpen: Oct-16 - Period Control not found for NAC [34]
14:46:54.609-----------> MPeriod.isOpen: Oct-16: Not open for NAC (2016-10-11 00:00:00.0) [34]
14:46:54.612===========> CalloutEngine.start: start: dateAcct [34]
org.adempiere.exceptions.PeriodClosedException: Periodo Cerrado Fecha=2016-10-11 00:00:00.0, Tipo de Documento Base=Sin Contabilidad
	at org.compiere.model.MPeriod.testPeriodOpen(MPeriod.java:798)
	at org.compiere.model.MPeriod.testPeriodOpen(MPeriod.java:831)
	at org.compiere.model.CalloutEngine.checkPeriodOpen(CalloutEngine.java:280)
	at org.compiere.model.CalloutEngine.dateAcct(CalloutEngine.java:234)
	at sun.reflect.NativeMethodAccessorImpl.invoke0(Native Method)
	at sun.reflect.NativeMethodAccessorImpl.invoke(Unknown Source)
	at sun.reflect.DelegatingMethodAccessorImpl.invoke(Unknown Source)
	at java.lang.reflect.Method.invoke(Unknown Source)
	at org.compiere.model.CalloutEngine.start(CalloutEngine.java:109)
	at org.compiere.model.GridTab.processCallout(GridTab.java:2935)
	at org.compiere.model.GridTab.processFieldChange(GridTab.java:2749)
	at org.adempiere.webui.adwindow.ADTabpanel.dataStatusChanged(ADTabpanel.java:1240)
	at org.compiere.model.GridTab.fireDataStatusChanged(GridTab.java:2362)
	at org.compiere.model.GridTab.dataStatusChanged(GridTab.java:2330)
	at org.compiere.model.GridTable.fireDataStatusChanged(GridTable.java:3348)
	at org.compiere.model.GridTable.setValueAt(GridTable.java:1325)
	at org.compiere.model.GridTable.setValueAt(GridTable.java:1250)

14:46:54.676-----------> Msg.getMsg: NOT found: Periodo Cerrado Fecha=2016-10-11 00:00:00.0, Tipo de Documento Base=Sin Contabilidad [34]
14:49:31.182-----------> MPeriod.isOpen: Oct-16 - Period Control not found for NAC [32]
14:49:31.186-----------> MPeriod.isOpen: Oct-16: Not open for NAC (2016-10-11 00:00:00.0) [32]
14:50:52.528===========> MDocType.saveError: FillMandatory - GL_Category_ID is mandatory. [177]
14:50:52.546===========> MDocType.saveError: FillMandatory - Tipo Comprobante Contable - GL_Category_ID is mandatory. [177]
14:50:52.546===========> MDocType.saveError: FillMandatory - GL_Category_ID is mandatory. [177]
14:50:52.546===========> MDocType.saveError: FillMandatory - Tipo Comprobante Contable - GL_Category_ID is mandatory. [177]
14:50:52.546===========> MDocType.saveError: FillMandatory - GL_Category_ID is mandatory. [177]
14:50:52.546===========> MDocType.saveError: FillMandatory - Tipo Comprobante Contable - GL_Category_ID is mandatory. [177]
14:50:52.546===========> MDocType.saveError: FillMandatory - GL_Category_ID is mandatory. [177]
14:50:52.546===========> MDocType.saveError: FillMandatory - Tipo Comprobante Contable - GL_Category_ID is mandatory. [177]
14:50:52.546===========> MDocType.saveError: FillMandatory - GL_Category_ID is mandatory. [177]
14:50:52.561===========> MDocType.saveError: FillMandatory - Tipo Comprobante Contable - GL_Category_ID is mandatory. [177]
14:50:52.562===========> MDocType.saveError: FillMandatory - GL_Category_ID is mandatory. [177]
14:50:52.566===========> MDocType.saveError: FillMandatory - Tipo Comprobante Contable - GL_Category_ID is mandatory. [177]
14:50:52.566===========> MDocType.saveError: FillMandatory - GL_Category_ID is mandatory. [177]
14:50:52.570===========> MDocType.saveError: FillMandatory - Tipo Comprobante Contable - GL_Category_ID is mandatory. [177]
14:50:52.570===========> MDocType.saveError: FillMandatory - GL_Category_ID is mandatory. [177]
14:50:52.570===========> MDocType.saveError: FillMandatory - Tipo Comprobante Contable - GL_Category_ID is mandatory. [177]
14:50:52.574===========> MDocType.saveError: FillMandatory - GL_Category_ID is mandatory. [177]
14:50:52.574===========> MDocType.saveError: FillMandatory - Tipo Comprobante Contable - GL_Category_ID is mandatory. [177]
14:50:52.578===========> MDocType.saveError: FillMandatory - GL_Category_ID is mandatory. [177]
14:50:52.578===========> MDocType.saveError: FillMandatory - Tipo Comprobante Contable - GL_Category_ID is mandatory. [177]
14:50:52.582===========> MDocType.saveError: FillMandatory - GL_Category_ID is mandatory. [177]
14:50:52.582===========> MDocType.saveError: FillMandatory - Tipo Comprobante Contable - GL_Category_ID is mandatory. [177]
14:50:52.582===========> MDocType.saveError: FillMandatory - GL_Category_ID is mandatory. [177]
14:50:52.586===========> MDocType.saveError: FillMandatory - Tipo Comprobante Contable - GL_Category_ID is mandatory. [177]
14:50:52.586===========> MDocType.saveError: FillMandatory - GL_Category_ID is mandatory. [177]
14:50:52.586===========> MDocType.saveError: FillMandatory - Tipo Comprobante Contable - GL_Category_ID is mandatory. [177]
14:50:52.590===========> MDocType.saveError: FillMandatory - GL_Category_ID is mandatory. [177]
14:50:52.590===========> MDocType.saveError: FillMandatory - Tipo Comprobante Contable - GL_Category_ID is mandatory. [177]
14:50:52.594===========> MDocType.saveError: FillMandatory - GL_Category_ID is mandatory. [177]
14:50:52.594===========> MDocType.saveError: FillMandatory - Tipo Comprobante Contable - GL_Category_ID is mandatory. [177]
14:50:52.598===========> MDocType.saveError: FillMandatory - GL_Category_ID is mandatory. [177]
14:50:52.598===========> MDocType.saveError: FillMandatory - Tipo Comprobante Contable - GL_Category_ID is mandatory. [177]
14:50:52.598===========> MDocType.saveError: FillMandatory - GL_Category_ID is mandatory. [177]
14:50:52.602===========> MDocType.saveError: FillMandatory - Tipo Comprobante Contable - GL_Category_ID is mandatory. [177]
14:50:52.602===========> MDocType.saveError: FillMandatory - GL_Category_ID is mandatory. [177]
14:50:52.602===========> MDocType.saveError: FillMandatory - Tipo Comprobante Contable - GL_Category_ID is mandatory. [177]
14:50:52.606===========> MDocType.saveError: FillMandatory - GL_Category_ID is mandatory. [177]
14:50:52.606===========> MDocType.saveError: FillMandatory - Tipo Comprobante Contable - GL_Category_ID is mandatory. [177]
14:50:52.610===========> MDocType.saveError: FillMandatory - GL_Category_ID is mandatory. [177]
14:50:52.610===========> MDocType.saveError: FillMandatory - Tipo Comprobante Contable - GL_Category_ID is mandatory. [177]
14:50:52.610===========> MDocType.saveError: FillMandatory - GL_Category_ID is mandatory. [177]
14:50:52.614===========> MDocType.saveError: FillMandatory - Tipo Comprobante Contable - GL_Category_ID is mandatory. [177]
14:50:52.614===========> MDocType.saveError: FillMandatory - GL_Category_ID is mandatory. [177]
14:50:52.614===========> MDocType.saveError: FillMandatory - Tipo Comprobante Contable - GL_Category_ID is mandatory. [177]
14:50:52.618===========> MDocType.saveError: FillMandatory - GL_Category_ID is mandatory. [177]
14:50:52.618===========> MDocType.saveError: FillMandatory - Tipo Comprobante Contable - GL_Category_ID is mandatory. [177]
14:50:52.618===========> MDocType.saveError: FillMandatory - GL_Category_ID is mandatory. [177]
14:50:52.618===========> MDocType.saveError: FillMandatory - Tipo Comprobante Contable - GL_Category_ID is mandatory. [177]
14:50:52.618===========> MDocType.saveError: FillMandatory - GL_Category_ID is mandatory. [177]
14:50:52.618===========> MDocType.saveError: FillMandatory - Tipo Comprobante Contable - GL_Category_ID is mandatory. [177]
14:50:52.618===========> MDocType.saveError: FillMandatory - GL_Category_ID is mandatory. [177]
14:50:52.618===========> MDocType.saveError: FillMandatory - Tipo Comprobante Contable - GL_Category_ID is mandatory. [177]
14:50:52.618===========> MDocType.saveError: FillMandatory - GL_Category_ID is mandatory. [177]
14:50:52.618===========> MDocType.saveError: FillMandatory - Tipo Comprobante Contable - GL_Category_ID is mandatory. [177]
14:50:52.634===========> MDocType.saveError: FillMandatory - GL_Category_ID is mandatory. [177]
14:50:52.634===========> MDocType.saveError: FillMandatory - Tipo Comprobante Contable - GL_Category_ID is mandatory. [177]
14:50:52.634===========> MDocType.saveError: FillMandatory - GL_Category_ID is mandatory. [177]
14:50:52.634===========> MDocType.saveError: FillMandatory - Tipo Comprobante Contable - GL_Category_ID is mandatory. [177]
14:50:52.634===========> MDocType.saveError: FillMandatory - GL_Category_ID is mandatory. [177]
14:50:52.634===========> MDocType.saveError: FillMandatory - Tipo Comprobante Contable - GL_Category_ID is mandatory. [177]
14:50:52.634===========> MDocType.saveError: FillMandatory - GL_Category_ID is mandatory. [177]
14:50:52.634===========> MDocType.saveError: FillMandatory - Tipo Comprobante Contable - GL_Category_ID is mandatory. [177]
14:50:52.634===========> MDocType.saveError: FillMandatory - GL_Category_ID is mandatory. [177]
14:50:52.634===========> MDocType.saveError: FillMandatory - Tipo Comprobante Contable - GL_Category_ID is mandatory. [177]
14:50:52.634===========> MDocType.saveError: FillMandatory - GL_Category_ID is mandatory. [177]
14:50:52.649===========> MDocType.saveError: FillMandatory - Tipo Comprobante Contable - GL_Category_ID is mandatory. [177]
14:51:45.651-----------> Msg.getMsg: NOT found: ni.idempiere.toolbar.button.action.report.label [32]
14:51:45.651-----------> Msg.getMsg: NOT found: ni.idempiere.toolbar.button.action.report.tooltip [32]
14:53:49.088-----------> Msg.getMsg: NOT found: ni.idempiere.toolbar.button.action.report.label [32]
14:53:49.088-----------> Msg.getMsg: NOT found: ni.idempiere.toolbar.button.action.report.tooltip [32]
14:53:51.585-----------> Msg.getMsg: NOT found: ni.idempiere.toolbar.button.action.report.label [34]
14:53:51.585-----------> Msg.getMsg: NOT found: ni.idempiere.toolbar.button.action.report.tooltip [34]
14:54:18.907-----------> Msg.getMsg: NOT found: ni.idempiere.toolbar.button.action.report.label [35]
14:54:18.907-----------> Msg.getMsg: NOT found: ni.idempiere.toolbar.button.action.report.tooltip [35]
14:54:27.956-----------> Msg.getMsg: NOT found: ni.idempiere.toolbar.button.action.report.label [34]
14:54:27.956-----------> Msg.getMsg: NOT found: ni.idempiere.toolbar.button.action.report.tooltip [34]
14:54:32.777-----------> Msg.getMsg: NOT found: ni.idempiere.toolbar.button.action.report.label [33]
14:54:32.777-----------> Msg.getMsg: NOT found: ni.idempiere.toolbar.button.action.report.tooltip [33]
14:57:32.153===========> Doc_Invoice.createFacts: DocumentType unknown: NAC [188]
14:58:11.170===========> Doc_Invoice.createFacts: DocumentType unknown: NAC [33]
