*** 2017-07-28 08:34:27.727 idempiere Log (CLogFile) ***
08:34:27.727 Adempiere.startup: iDempiere(r) Release 3.1_2015-10-31 -Smart Suite ERP, CRM and SCM- (c) 1999-2013 iDempiere(r); Implementation: iDempiere - Supported by iDempiere community [17]
08:34:27.743 Ini.loadProperties: E:\mercurialidempiere/idempiere.properties #33 [17]
08:34:35.342 AdempiereActivator.installPackage: ni.hmil.override.codebase 1.0.0 was installed: 2017-06-19 23:52:10.981 [17]
08:34:35.346 AdempiereActivator.installPackage: cm.itkamer.wandapos-integration2 1.0.0 was installed: 2017-06-25 15:34:11.153 [17]
08:34:35.346 AdempiereActivator.installPackage: ni.idempiere.importcurrencyrate 1.0.0 was installed: 2017-05-19 12:08:41.274 [17]
08:34:35.928 DB.isBuildOK: Build DB=${env.ADEMPIERE_VERSION} 20080428-1232 [17]
08:34:35.928 DB.isBuildOK: Build Cl=3.1.0.qualifier [17]
08:34:36.360-----------> DB.isBuildOK: Error en la versión de la construcción 

El programa asume version de construcción 3.1.0.qualifier, pero la base de datos tiene una versión ${env.ADEMPIERE_VERSION} 20080428-1232.
Es posible que esto cause errores difíciles de corregir.
Por favor contacte al ADMINISTRADOR. [17]
08:34:42.993 WebEnv.initWeb: Servlet Context Init Parameters: iDempiere Root
ServerRoot=1 [17]
08:34:43.223-----------> EMail.setFrom: you @ company.org: javax.mail.internet.AddressException: Local address contains control or whitespace in string ``you @ company.org'' [17]
08:34:43.227-----------> EMail.addTo: you @ company.org: javax.mail.internet.AddressException: Local address contains control or whitespace in string ``you @ company.org'' [17]
08:34:43.227-----------> EMail.isValid: From is invalid=null [17]
08:34:43.227-----------> EMail.isValid: From is invalid=null [17]
08:34:43.227-----------> MClient.sendEMail: Could NOT Send Email: Server started: iDempiere (odbz:192.168.47.1) to you @ company.org: Invalid Data (System) [17]
08:34:43.227 WebEnv.initWeb: Servlet Init Parameter: idempiereMonitor [17]
08:34:43.227 AdempiereMonitor.init:  [17]
08:35:02.546-----------> AnnotationConfiguration.configure: ServletContainerInitializers: detected. Class hierarchy: empty [17]
08:35:03.051-----------> ClassLocator.getDependentXMLResources: Replicate resource: ckez
Overwrite bundleresource://187.fwk1480207683:2/metainfo/zk/config.xml
with bundleresource://187.fwk1480207683:19/metainfo/zk/config.xml [17]
08:35:03.055-----------> ClassLocator.getDependentXMLResources: Replicate resource: zk
Overwrite bundleresource://187.fwk1480207683:11/metainfo/zk/config.xml
with bundleresource://187.fwk1480207683:28/metainfo/zk/config.xml [17]
08:35:03.063-----------> ClassLocator.getDependentXMLResources: Replicate resource: zkbind
Overwrite bundleresource://187.fwk1480207683:12/metainfo/zk/config.xml
with bundleresource://187.fwk1480207683:29/metainfo/zk/config.xml [17]
08:35:03.103-----------> ClassLocator.getDependentXMLResources: Replicate resource: zul
Overwrite bundleresource://187.fwk1480207683:14/metainfo/zk/zk.xml
with bundleresource://187.fwk1480207683:31/metainfo/zk/zk.xml [17]
08:35:03.942-----------> LanguageDefinition.<init>: Replicated language: xhtml, overriden by [LanguageDefinition: xhtml] [17]
08:35:03.971-----------> LanguageDefinition.<init>: Replicated language: xul/html, overriden by [LanguageDefinition: xul/html] [17]
08:35:04.083-----------> ClassLocator.getDependentXMLResources: Replicate resource: calendar
Overwrite bundleresource://187.fwk1480207683:1/metainfo/zk/lang-addon.xml
with bundleresource://187.fwk1480207683:18/metainfo/zk/lang-addon.xml [17]
08:35:04.087-----------> ClassLocator.getDependentXMLResources: Replicate resource: ckez
Overwrite bundleresource://187.fwk1480207683:2/metainfo/zk/lang-addon.xml
with bundleresource://187.fwk1480207683:19/metainfo/zk/lang-addon.xml [17]
08:35:04.091-----------> ClassLocator.getDependentXMLResources: Replicate resource: gmapsz
Overwrite bundleresource://187.fwk1480207683:5/metainfo/zk/lang-addon.xml
with bundleresource://187.fwk1480207683:22/metainfo/zk/lang-addon.xml [17]
08:35:04.099-----------> ClassLocator.getDependentXMLResources: Replicate resource: timeline
Overwrite bundleresource://187.fwk1480207683:6/metainfo/zk/lang-addon.xml
with bundleresource://187.fwk1480207683:23/metainfo/zk/lang-addon.xml [17]
08:35:04.103-----------> ClassLocator.getDependentXMLResources: Replicate resource: timeplot
Overwrite bundleresource://187.fwk1480207683:7/metainfo/zk/lang-addon.xml
with bundleresource://187.fwk1480207683:24/metainfo/zk/lang-addon.xml [17]
08:35:04.119-----------> ClassLocator.getDependentXMLResources: Replicate resource: zkbind
Overwrite bundleresource://187.fwk1480207683:12/metainfo/zk/lang-addon.xml
with bundleresource://187.fwk1480207683:29/metainfo/zk/lang-addon.xml [17]
08:35:04.127-----------> ClassLocator.getDependentXMLResources: Replicate resource: zkplus
Overwrite bundleresource://187.fwk1480207683:13/metainfo/zk/lang-addon.xml
with bundleresource://187.fwk1480207683:30/metainfo/zk/lang-addon.xml [17]
08:35:04.541           WebUIServlet.init: iDempiere Web Client started successfully [17]
08:35:06.058-----------> AnnotationConfiguration.configure: ServletContainerInitializers: detected. Class hierarchy: empty [17]

*** 2017-07-28 08:35:07.132 idempiere Log (CLogFile) ***
08:35:12.688-----------> Node: [192.168.163.1]:5701 [adempiere.idempiere/localhost] [3.5.3] No join method is enabled! Starting standalone. [42]
08:55:12.444-----------> Msg.getMsg: NOT found: ni.idempiere.toolbar.button.action.report.label [69]
08:55:12.444-----------> Msg.getMsg: NOT found: ni.idempiere.toolbar.button.action.report.tooltip [69]
08:55:18.670-----------> Msg.getMsg: NOT found: ni.idempiere.toolbar.button.action.report.label [68]
08:55:18.674-----------> Msg.getMsg: NOT found: ni.idempiere.toolbar.button.action.report.tooltip [68]
08:55:19.545===========> DesktopImpl.service: [Desktop z_913:/index.zul] client error: Failed to mount: adempiere.set is not a function [184]
08:55:20.106===========> DesktopImpl.service: [Desktop z_913:/index.zul] client error: Failed to mount: adempiere.set is not a function [184]
08:55:20.909===========> DesktopImpl.service: [Desktop z_913:/index.zul] client error: Failed to mount: adempiere.set is not a function [184]
08:55:20.924===========> DesktopImpl.service: [Desktop z_913:/index.zul] client error: Failed to mount: adempiere.set is not a function [184]
08:55:20.956===========> DesktopImpl.service: [Desktop z_913:/index.zul] client error: Failed to mount: adempiere.set is not a function [184]
08:55:20.956===========> DesktopImpl.service: [Desktop z_913:/index.zul] client error: Failed to mount: adempiere.set is not a function [184]
08:55:21.932===========> DesktopImpl.service: [Desktop z_913:/index.zul] client error: Failed to mount: adempiere.set is not a function [68]
08:55:21.984===========> DesktopImpl.service: [Desktop z_913:/index.zul] client error: Failed to mount: adempiere.set is not a function [68]
08:55:22.021===========> DesktopImpl.service: [Desktop z_913:/index.zul] client error: Failed to mount: adempiere.set is not a function [68]
08:55:22.057===========> DesktopImpl.service: [Desktop z_913:/index.zul] client error: Failed to mount: adempiere.set is not a function [68]
08:55:22.085===========> DesktopImpl.service: [Desktop z_913:/index.zul] client error: Failed to mount: adempiere.set is not a function [68]
08:55:22.100===========> DesktopImpl.service: [Desktop z_913:/index.zul] client error: Failed to mount: adempiere.set is not a function [68]
08:55:22.100===========> DesktopImpl.service: [Desktop z_913:/index.zul] client error: Failed to mount: adempiere.set is not a function [68]
08:55:22.125===========> DesktopImpl.service: [Desktop z_913:/index.zul] client error: Failed to mount: adempiere.set is not a function [68]
08:55:22.137===========> DesktopImpl.service: [Desktop z_913:/index.zul] client error: Failed to mount: adempiere.set is not a function [68]
08:55:22.145===========> DesktopImpl.service: [Desktop z_913:/index.zul] client error: Failed to mount: adempiere.set is not a function [68]
08:55:22.157===========> DesktopImpl.service: [Desktop z_913:/index.zul] client error: Failed to mount: adempiere.set is not a function [68]
08:55:22.165===========> DesktopImpl.service: [Desktop z_913:/index.zul] client error: Failed to mount: adempiere.set is not a function [68]
08:55:22.177===========> DesktopImpl.service: [Desktop z_913:/index.zul] client error: Failed to mount: adempiere.set is not a function [68]
08:55:22.209===========> DesktopImpl.service: [Desktop z_913:/index.zul] client error: Failed to mount: adempiere.set is not a function [68]
08:55:22.209===========> DesktopImpl.service: [Desktop z_913:/index.zul] client error: Failed to mount: adempiere.set is not a function [68]
08:55:22.224===========> DesktopImpl.service: [Desktop z_913:/index.zul] client error: Failed to mount: adempiere.set is not a function [68]
08:55:22.260===========> DesktopImpl.service: [Desktop z_913:/index.zul] client error: Failed to mount: adempiere.set is not a function [68]
08:55:22.300===========> DesktopImpl.service: [Desktop z_913:/index.zul] client error: Failed to mount: adempiere.set is not a function [68]
08:55:22.312===========> DesktopImpl.service: [Desktop z_913:/index.zul] client error: Failed to mount: adempiere.set is not a function [68]
08:55:22.324===========> DesktopImpl.service: [Desktop z_913:/index.zul] client error: Failed to mount: adempiere.set is not a function [68]
08:55:22.332===========> DesktopImpl.service: [Desktop z_913:/index.zul] client error: Failed to mount: adempiere.set is not a function [68]
08:55:22.344===========> DesktopImpl.service: [Desktop z_913:/index.zul] client error: Failed to mount: adempiere.set is not a function [68]
08:55:22.396===========> DesktopImpl.service: [Desktop z_913:/index.zul] client error: Failed to mount: adempiere.set is not a function [68]
08:55:22.408===========> DesktopImpl.service: [Desktop z_913:/index.zul] client error: Failed to mount: adempiere.set is not a function [68]
08:55:22.444===========> DesktopImpl.service: [Desktop z_913:/index.zul] client error: Failed to mount: adempiere.set is not a function [68]
08:55:22.460===========> DesktopImpl.service: [Desktop z_913:/index.zul] client error: Failed to mount: adempiere.set is not a function [68]
08:55:22.460===========> DesktopImpl.service: [Desktop z_913:/index.zul] client error: Failed to mount: adempiere.set is not a function [68]
08:55:22.476===========> DesktopImpl.service: [Desktop z_913:/index.zul] client error: Failed to mount: adempiere.set is not a function [68]
08:55:22.500===========> DesktopImpl.service: [Desktop z_913:/index.zul] client error: Failed to mount: adempiere.set is not a function [68]
08:55:22.512===========> DesktopImpl.service: [Desktop z_913:/index.zul] client error: Failed to mount: adempiere.set is not a function [68]
08:55:22.544===========> DesktopImpl.service: [Desktop z_913:/index.zul] client error: Failed to mount: adempiere.set is not a function [68]
08:55:22.572===========> DesktopImpl.service: [Desktop z_913:/index.zul] client error: Failed to mount: adempiere.set is not a function [68]
08:55:22.588===========> DesktopImpl.service: [Desktop z_913:/index.zul] client error: Failed to mount: adempiere.set is not a function [68]
08:55:22.619===========> DesktopImpl.service: [Desktop z_913:/index.zul] client error: Failed to mount: adempiere.set is not a function [68]
08:55:22.636===========> DesktopImpl.service: [Desktop z_913:/index.zul] client error: Failed to mount: adempiere.set is not a function [68]
08:55:22.651===========> DesktopImpl.service: [Desktop z_913:/index.zul] client error: Failed to mount: adempiere.set is not a function [68]
08:55:22.651===========> DesktopImpl.service: [Desktop z_913:/index.zul] client error: Failed to mount: adempiere.set is not a function [68]
08:55:22.667===========> DesktopImpl.service: [Desktop z_913:/index.zul] client error: Failed to mount: adempiere.set is not a function [68]
08:55:22.694===========> DesktopImpl.service: [Desktop z_913:/index.zul] client error: Failed to mount: adempiere.set is not a function [68]
08:55:22.714===========> DesktopImpl.service: [Desktop z_913:/index.zul] client error: Failed to mount: adempiere.set is not a function [68]
08:55:22.729===========> DesktopImpl.service: [Desktop z_913:/index.zul] client error: Failed to mount: adempiere.set is not a function [68]
08:55:22.729===========> DesktopImpl.service: [Desktop z_913:/index.zul] client error: Failed to mount: adempiere.set is not a function [68]
08:55:22.745===========> DesktopImpl.service: [Desktop z_913:/index.zul] client error: Failed to mount: adempiere.set is not a function [68]
08:55:22.761===========> DesktopImpl.service: [Desktop z_913:/index.zul] client error: Failed to mount: adempiere.set is not a function [68]
08:55:22.769===========> DesktopImpl.service: [Desktop z_913:/index.zul] client error: Failed to mount: adempiere.set is not a function [68]
08:55:22.777===========> DesktopImpl.service: [Desktop z_913:/index.zul] client error: Failed to mount: adempiere.set is not a function [68]
08:55:22.781===========> DesktopImpl.service: [Desktop z_913:/index.zul] client error: Failed to mount: adempiere.set is not a function [68]
08:55:22.796===========> DesktopImpl.service: [Desktop z_913:/index.zul] client error: Failed to mount: adempiere.set is not a function [68]
08:55:22.796===========> DesktopImpl.service: [Desktop z_913:/index.zul] client error: Failed to mount: adempiere.set is not a function [68]
08:55:22.812===========> DesktopImpl.service: [Desktop z_913:/index.zul] client error: Failed to mount: adempiere.set is not a function [68]
08:55:22.828===========> DesktopImpl.service: [Desktop z_913:/index.zul] client error: Failed to mount: adempiere.set is not a function [68]
08:55:22.828===========> DesktopImpl.service: [Desktop z_913:/index.zul] client error: Failed to mount: adempiere.set is not a function [68]
08:55:22.843===========> DesktopImpl.service: [Desktop z_913:/index.zul] client error: Failed to mount: adempiere.set is not a function [68]
08:57:27.794-----------> Msg.getMsg: NOT found: ni.idempiere.toolbar.button.action.report.label [69]
08:57:27.794-----------> Msg.getMsg: NOT found: ni.idempiere.toolbar.button.action.report.tooltip [69]
08:57:27.862===========> GridFieldVO.loadLookupInfo: No LookupInfo for C_Catalogo_ID [69]
java.lang.NullPointerException
	at org.compiere.model.MLookupFactory.getLookup_TableDir(MLookupFactory.java:788)
	at org.compiere.model.MLookupFactory.getLookupInfo(MLookupFactory.java:226)
	at org.compiere.model.GridFieldVO.loadLookupInfo(GridFieldVO.java:711)
	at org.compiere.model.GridFieldVO.initFinish(GridFieldVO.java:700)
	at org.compiere.model.GridFieldVO.create(GridFieldVO.java:312)
	at org.compiere.model.GridTabVO.createFields(GridTabVO.java:305)
	at org.compiere.model.GridTabVO.getFields(GridTabVO.java:499)
	at org.compiere.model.GridTab.loadFields(GridTab.java:362)
	at org.compiere.model.GridTab.loadTab(GridTab.java:308)
	at org.compiere.model.GridTab.initTab(GridTab.java:299)
	at org.compiere.model.GridWindow.initTab(GridWindow.java:195)

08:57:28.692===========> DesktopImpl.service: [Desktop z_913:/index.zul] client error: Failed to mount: adempiere.set is not a function [184]
08:57:28.720===========> DesktopImpl.service: [Desktop z_913:/index.zul] client error: Failed to mount: adempiere.set is not a function [184]
08:57:28.736===========> DesktopImpl.service: [Desktop z_913:/index.zul] client error: Failed to mount: adempiere.set is not a function [184]
08:57:29.471===========> DesktopImpl.service: [Desktop z_913:/index.zul] client error: Failed to mount: adempiere.set is not a function [68]
08:57:29.518===========> DesktopImpl.service: [Desktop z_913:/index.zul] client error: Failed to mount: adempiere.set is not a function [68]
08:57:29.522===========> DesktopImpl.service: [Desktop z_913:/index.zul] client error: Failed to mount: adempiere.set is not a function [68]
08:57:29.538===========> DesktopImpl.service: [Desktop z_913:/index.zul] client error: Failed to mount: adempiere.set is not a function [68]
08:57:29.538===========> DesktopImpl.service: [Desktop z_913:/index.zul] client error: Failed to mount: adempiere.set is not a function [68]
08:57:29.553===========> DesktopImpl.service: [Desktop z_913:/index.zul] client error: Failed to mount: adempiere.set is not a function [68]
08:57:29.553===========> DesktopImpl.service: [Desktop z_913:/index.zul] client error: Failed to mount: adempiere.set is not a function [68]
08:57:29.569===========> DesktopImpl.service: [Desktop z_913:/index.zul] client error: Failed to mount: adempiere.set is not a function [68]
08:57:29.600===========> DesktopImpl.service: [Desktop z_913:/index.zul] client error: Failed to mount: adempiere.set is not a function [68]
08:57:29.600===========> DesktopImpl.service: [Desktop z_913:/index.zul] client error: Failed to mount: adempiere.set is not a function [68]
08:57:29.616===========> DesktopImpl.service: [Desktop z_913:/index.zul] client error: Failed to mount: adempiere.set is not a function [68]
08:57:29.616===========> DesktopImpl.service: [Desktop z_913:/index.zul] client error: Failed to mount: adempiere.set is not a function [68]
08:57:29.636===========> DesktopImpl.service: [Desktop z_913:/index.zul] client error: Failed to mount: adempiere.set is not a function [68]
08:57:29.644===========> DesktopImpl.service: [Desktop z_913:/index.zul] client error: Failed to mount: adempiere.set is not a function [68]
08:57:34.373===========> DesktopImpl.service: [Desktop z_913:/index.zul] client error: Failed to mount: adempiere.set is not a function [184]
08:57:34.418===========> DesktopImpl.service: [Desktop z_913:/index.zul] client error: Failed to mount: adempiere.set is not a function [184]
08:57:34.429===========> DesktopImpl.service: [Desktop z_913:/index.zul] client error: Failed to mount: adempiere.set is not a function [184]
08:57:34.444===========> DesktopImpl.service: [Desktop z_913:/index.zul] client error: Failed to mount: adempiere.set is not a function [184]
08:57:34.444===========> DesktopImpl.service: [Desktop z_913:/index.zul] client error: Failed to mount: adempiere.set is not a function [184]
08:57:34.460===========> DesktopImpl.service: [Desktop z_913:/index.zul] client error: Failed to mount: adempiere.set is not a function [184]
08:57:34.460===========> DesktopImpl.service: [Desktop z_913:/index.zul] client error: Failed to mount: adempiere.set is not a function [184]
08:57:34.478===========> DesktopImpl.service: [Desktop z_913:/index.zul] client error: Failed to mount: adempiere.set is not a function [184]
08:57:34.490===========> DesktopImpl.service: [Desktop z_913:/index.zul] client error: Failed to mount: adempiere.set is not a function [184]
08:57:34.498===========> DesktopImpl.service: [Desktop z_913:/index.zul] client error: Failed to mount: adempiere.set is not a function [184]
08:57:34.506===========> DesktopImpl.service: [Desktop z_913:/index.zul] client error: Failed to mount: adempiere.set is not a function [184]
08:57:34.514===========> DesktopImpl.service: [Desktop z_913:/index.zul] client error: Failed to mount: adempiere.set is not a function [184]
08:57:34.518===========> DesktopImpl.service: [Desktop z_913:/index.zul] client error: Failed to mount: adempiere.set is not a function [184]
08:57:42.880-----------> Msg.getMsg: NOT found: ni.idempiere.toolbar.button.action.report.label [184]
08:57:42.880-----------> Msg.getMsg: NOT found: ni.idempiere.toolbar.button.action.report.tooltip [184]
08:57:42.918===========> GridFieldVO.loadLookupInfo: No LookupInfo for C_Catalogo_ID [184]
java.lang.NullPointerException
	at org.compiere.model.MLookupFactory.getLookup_TableDir(MLookupFactory.java:788)
	at org.compiere.model.MLookupFactory.getLookupInfo(MLookupFactory.java:226)
	at org.compiere.model.GridFieldVO.loadLookupInfo(GridFieldVO.java:711)
	at org.compiere.model.GridFieldVO.initFinish(GridFieldVO.java:700)
	at org.compiere.model.GridFieldVO.create(GridFieldVO.java:312)
	at org.compiere.model.GridTabVO.createFields(GridTabVO.java:305)
	at org.compiere.model.GridTabVO.getFields(GridTabVO.java:499)
	at org.compiere.model.GridTab.loadFields(GridTab.java:362)
	at org.compiere.model.GridTab.loadTab(GridTab.java:308)
	at org.compiere.model.GridTab.initTab(GridTab.java:299)
	at org.compiere.model.GridWindow.initTab(GridWindow.java:195)

08:57:43.152===========> DesktopImpl.service: [Desktop z_913:/index.zul] client error: Failed to mount: adempiere.set is not a function [69]
08:57:43.164===========> DesktopImpl.service: [Desktop z_913:/index.zul] client error: Failed to mount: adempiere.set is not a function [69]
08:57:43.180===========> DesktopImpl.service: [Desktop z_913:/index.zul] client error: Failed to mount: adempiere.set is not a function [69]
08:57:43.456===========> DesktopImpl.service: [Desktop z_913:/index.zul] client error: Failed to mount: adempiere.set is not a function [32]
08:57:43.504===========> DesktopImpl.service: [Desktop z_913:/index.zul] client error: Failed to mount: adempiere.set is not a function [32]
08:57:43.516===========> DesktopImpl.service: [Desktop z_913:/index.zul] client error: Failed to mount: adempiere.set is not a function [32]
08:57:43.524===========> DesktopImpl.service: [Desktop z_913:/index.zul] client error: Failed to mount: adempiere.set is not a function [32]
08:57:43.536===========> DesktopImpl.service: [Desktop z_913:/index.zul] client error: Failed to mount: adempiere.set is not a function [32]
08:57:43.544===========> DesktopImpl.service: [Desktop z_913:/index.zul] client error: Failed to mount: adempiere.set is not a function [32]
08:57:43.556===========> DesktopImpl.service: [Desktop z_913:/index.zul] client error: Failed to mount: adempiere.set is not a function [32]
08:57:43.568===========> DesktopImpl.service: [Desktop z_913:/index.zul] client error: Failed to mount: adempiere.set is not a function [32]
08:57:43.576===========> DesktopImpl.service: [Desktop z_913:/index.zul] client error: Failed to mount: adempiere.set is not a function [32]
08:57:43.584===========> DesktopImpl.service: [Desktop z_913:/index.zul] client error: Failed to mount: adempiere.set is not a function [32]
08:57:43.584===========> DesktopImpl.service: [Desktop z_913:/index.zul] client error: Failed to mount: adempiere.set is not a function [32]
08:57:43.604===========> DesktopImpl.service: [Desktop z_913:/index.zul] client error: Failed to mount: adempiere.set is not a function [32]
08:57:43.612===========> DesktopImpl.service: [Desktop z_913:/index.zul] client error: Failed to mount: adempiere.set is not a function [32]
08:57:43.620===========> DesktopImpl.service: [Desktop z_913:/index.zul] client error: Failed to mount: adempiere.set is not a function [32]
08:57:43.632===========> DesktopImpl.service: [Desktop z_913:/index.zul] client error: Failed to mount: adempiere.set is not a function [32]
08:57:43.644===========> DesktopImpl.service: [Desktop z_913:/index.zul] client error: Failed to mount: adempiere.set is not a function [32]
08:57:43.668===========> DesktopImpl.service: [Desktop z_913:/index.zul] client error: Failed to mount: adempiere.set is not a function [32]
08:57:43.680===========> DesktopImpl.service: [Desktop z_913:/index.zul] client error: Failed to mount: adempiere.set is not a function [32]
08:57:43.688===========> DesktopImpl.service: [Desktop z_913:/index.zul] client error: Failed to mount: adempiere.set is not a function [32]
08:57:43.696===========> DesktopImpl.service: [Desktop z_913:/index.zul] client error: Failed to mount: adempiere.set is not a function [32]
08:57:43.725===========> DesktopImpl.service: [Desktop z_913:/index.zul] client error: Failed to mount: adempiere.set is not a function [32]
08:57:43.737===========> DesktopImpl.service: [Desktop z_913:/index.zul] client error: Failed to mount: adempiere.set is not a function [32]
08:58:04.456-----------> Msg.getMsg: NOT found: ni.idempiere.toolbar.button.action.report.label [69]
08:58:04.456-----------> Msg.getMsg: NOT found: ni.idempiere.toolbar.button.action.report.tooltip [69]
08:58:04.850===========> DesktopImpl.service: [Desktop z_913:/index.zul] client error: Failed to mount: adempiere.set is not a function [184]
08:58:04.862===========> DesktopImpl.service: [Desktop z_913:/index.zul] client error: Failed to mount: adempiere.set is not a function [184]
08:58:04.878===========> DesktopImpl.service: [Desktop z_913:/index.zul] client error: Failed to mount: adempiere.set is not a function [184]
08:58:04.894===========> DesktopImpl.service: [Desktop z_913:/index.zul] client error: Failed to mount: adempiere.set is not a function [184]
08:58:05.074===========> DesktopImpl.service: [Desktop z_913:/index.zul] client error: Failed to mount: adempiere.set is not a function [69]
08:58:05.086===========> DesktopImpl.service: [Desktop z_913:/index.zul] client error: Failed to mount: adempiere.set is not a function [69]
08:58:05.102===========> DesktopImpl.service: [Desktop z_913:/index.zul] client error: Failed to mount: adempiere.set is not a function [69]
08:58:05.110===========> DesktopImpl.service: [Desktop z_913:/index.zul] client error: Failed to mount: adempiere.set is not a function [69]
08:58:05.122===========> DesktopImpl.service: [Desktop z_913:/index.zul] client error: Failed to mount: adempiere.set is not a function [69]
08:58:05.134===========> DesktopImpl.service: [Desktop z_913:/index.zul] client error: Failed to mount: adempiere.set is not a function [69]
08:58:05.146===========> DesktopImpl.service: [Desktop z_913:/index.zul] client error: Failed to mount: adempiere.set is not a function [69]
08:58:05.158===========> DesktopImpl.service: [Desktop z_913:/index.zul] client error: Failed to mount: adempiere.set is not a function [69]
08:58:05.170===========> DesktopImpl.service: [Desktop z_913:/index.zul] client error: Failed to mount: adempiere.set is not a function [69]
08:58:05.173===========> DesktopImpl.service: [Desktop z_913:/index.zul] client error: Failed to mount: adempiere.set is not a function [69]
08:58:05.188===========> DesktopImpl.service: [Desktop z_913:/index.zul] client error: Failed to mount: adempiere.set is not a function [69]
08:58:05.188===========> DesktopImpl.service: [Desktop z_913:/index.zul] client error: Failed to mount: adempiere.set is not a function [69]
08:58:05.204===========> DesktopImpl.service: [Desktop z_913:/index.zul] client error: Failed to mount: adempiere.set is not a function [69]
08:58:24.959-----------> Msg.getMsg: NOT found: ni.idempiere.toolbar.button.action.report.label [184]
08:58:24.959-----------> Msg.getMsg: NOT found: ni.idempiere.toolbar.button.action.report.tooltip [184]
08:58:24.985===========> GridFieldVO.loadLookupInfo: No LookupInfo for C_Catalogo_ID [184]
java.lang.NullPointerException
	at org.compiere.model.MLookupFactory.getLookup_TableDir(MLookupFactory.java:788)
	at org.compiere.model.MLookupFactory.getLookupInfo(MLookupFactory.java:226)
	at org.compiere.model.GridFieldVO.loadLookupInfo(GridFieldVO.java:711)
	at org.compiere.model.GridFieldVO.initFinish(GridFieldVO.java:700)
	at org.compiere.model.GridFieldVO.create(GridFieldVO.java:312)
	at org.compiere.model.GridTabVO.createFields(GridTabVO.java:305)
	at org.compiere.model.GridTabVO.getFields(GridTabVO.java:499)
	at org.compiere.model.GridTab.loadFields(GridTab.java:362)
	at org.compiere.model.GridTab.loadTab(GridTab.java:308)
	at org.compiere.model.GridTab.initTab(GridTab.java:299)
	at org.compiere.model.GridWindow.initTab(GridWindow.java:195)

08:58:25.529===========> DesktopImpl.service: [Desktop z_913:/index.zul] client error: Failed to mount: adempiere.set is not a function [69]
08:58:25.553===========> DesktopImpl.service: [Desktop z_913:/index.zul] client error: Failed to mount: adempiere.set is not a function [69]
08:58:25.573===========> DesktopImpl.service: [Desktop z_913:/index.zul] client error: Failed to mount: adempiere.set is not a function [69]
08:58:25.593===========> DesktopImpl.service: [Desktop z_913:/index.zul] client error: Failed to mount: adempiere.set is not a function [69]
08:58:26.073===========> DesktopImpl.service: [Desktop z_913:/index.zul] client error: Failed to mount: adempiere.set is not a function [32]
08:58:26.116===========> DesktopImpl.service: [Desktop z_913:/index.zul] client error: Failed to mount: adempiere.set is not a function [32]
08:58:26.129===========> DesktopImpl.service: [Desktop z_913:/index.zul] client error: Failed to mount: adempiere.set is not a function [32]
08:58:26.137===========> DesktopImpl.service: [Desktop z_913:/index.zul] client error: Failed to mount: adempiere.set is not a function [32]
08:58:26.165===========> DesktopImpl.service: [Desktop z_913:/index.zul] client error: Failed to mount: adempiere.set is not a function [32]
08:58:26.176===========> DesktopImpl.service: [Desktop z_913:/index.zul] client error: Failed to mount: adempiere.set is not a function [32]
08:58:26.188===========> DesktopImpl.service: [Desktop z_913:/index.zul] client error: Failed to mount: adempiere.set is not a function [32]
08:58:26.196===========> DesktopImpl.service: [Desktop z_913:/index.zul] client error: Failed to mount: adempiere.set is not a function [32]
08:58:26.204===========> DesktopImpl.service: [Desktop z_913:/index.zul] client error: Failed to mount: adempiere.set is not a function [32]
08:58:26.216===========> DesktopImpl.service: [Desktop z_913:/index.zul] client error: Failed to mount: adempiere.set is not a function [32]
08:58:26.220===========> DesktopImpl.service: [Desktop z_913:/index.zul] client error: Failed to mount: adempiere.set is not a function [32]
08:58:26.235===========> DesktopImpl.service: [Desktop z_913:/index.zul] client error: Failed to mount: adempiere.set is not a function [32]
08:58:26.235===========> DesktopImpl.service: [Desktop z_913:/index.zul] client error: Failed to mount: adempiere.set is not a function [32]
08:58:26.251===========> DesktopImpl.service: [Desktop z_913:/index.zul] client error: Failed to mount: adempiere.set is not a function [32]
08:58:29.038===========> DesktopImpl.service: [Desktop z_913:/index.zul] client error: Failed to mount: adempiere.set is not a function [69]
08:58:29.077===========> DesktopImpl.service: [Desktop z_913:/index.zul] client error: Failed to mount: adempiere.set is not a function [69]
08:58:29.088===========> DesktopImpl.service: [Desktop z_913:/index.zul] client error: Failed to mount: adempiere.set is not a function [69]
08:58:29.103===========> DesktopImpl.service: [Desktop z_913:/index.zul] client error: Failed to mount: adempiere.set is not a function [69]
08:58:29.103===========> DesktopImpl.service: [Desktop z_913:/index.zul] client error: Failed to mount: adempiere.set is not a function [69]
08:58:29.119===========> DesktopImpl.service: [Desktop z_913:/index.zul] client error: Failed to mount: adempiere.set is not a function [69]
08:58:29.119===========> DesktopImpl.service: [Desktop z_913:/index.zul] client error: Failed to mount: adempiere.set is not a function [69]
08:58:29.135===========> DesktopImpl.service: [Desktop z_913:/index.zul] client error: Failed to mount: adempiere.set is not a function [69]
08:58:29.135===========> DesktopImpl.service: [Desktop z_913:/index.zul] client error: Failed to mount: adempiere.set is not a function [69]
08:58:29.150===========> DesktopImpl.service: [Desktop z_913:/index.zul] client error: Failed to mount: adempiere.set is not a function [69]
08:58:29.150===========> DesktopImpl.service: [Desktop z_913:/index.zul] client error: Failed to mount: adempiere.set is not a function [69]
08:58:29.166===========> DesktopImpl.service: [Desktop z_913:/index.zul] client error: Failed to mount: adempiere.set is not a function [69]
08:58:29.181===========> DesktopImpl.service: [Desktop z_913:/index.zul] client error: Failed to mount: adempiere.set is not a function [69]
08:58:29.192===========> DesktopImpl.service: [Desktop z_913:/index.zul] client error: Failed to mount: adempiere.set is not a function [69]
08:58:30.133===========> DesktopImpl.service: [Desktop z_913:/index.zul] client error: Failed to mount: adempiere.set is not a function [184]
08:58:30.161===========> DesktopImpl.service: [Desktop z_913:/index.zul] client error: Failed to mount: adempiere.set is not a function [184]
08:58:30.177===========> DesktopImpl.service: [Desktop z_913:/index.zul] client error: Failed to mount: adempiere.set is not a function [184]
08:58:30.177===========> DesktopImpl.service: [Desktop z_913:/index.zul] client error: Failed to mount: adempiere.set is not a function [184]
08:58:30.193===========> DesktopImpl.service: [Desktop z_913:/index.zul] client error: Failed to mount: adempiere.set is not a function [184]
08:58:30.209===========> DesktopImpl.service: [Desktop z_913:/index.zul] client error: Failed to mount: adempiere.set is not a function [184]
08:58:30.209===========> DesktopImpl.service: [Desktop z_913:/index.zul] client error: Failed to mount: adempiere.set is not a function [184]
08:58:30.224===========> DesktopImpl.service: [Desktop z_913:/index.zul] client error: Failed to mount: adempiere.set is not a function [184]
08:58:30.240===========> DesktopImpl.service: [Desktop z_913:/index.zul] client error: Failed to mount: adempiere.set is not a function [184]
08:58:30.240===========> DesktopImpl.service: [Desktop z_913:/index.zul] client error: Failed to mount: adempiere.set is not a function [184]
08:58:30.256===========> DesktopImpl.service: [Desktop z_913:/index.zul] client error: Failed to mount: adempiere.set is not a function [184]
08:58:30.271===========> DesktopImpl.service: [Desktop z_913:/index.zul] client error: Failed to mount: adempiere.set is not a function [184]
08:58:30.271===========> DesktopImpl.service: [Desktop z_913:/index.zul] client error: Failed to mount: adempiere.set is not a function [184]
08:58:30.287===========> DesktopImpl.service: [Desktop z_913:/index.zul] client error: Failed to mount: adempiere.set is not a function [184]
08:58:31.498===========> DesktopImpl.service: [Desktop z_913:/index.zul] client error: Failed to mount: adempiere.set is not a function [69]
08:58:31.531===========> DesktopImpl.service: [Desktop z_913:/index.zul] client error: Failed to mount: adempiere.set is not a function [69]
09:32:58.562-----------> ClusterService: [192.168.163.1]:5701 [adempiere.idempiere/localhost] [3.5.3] Resetting master confirmation timestamps because of huge system clock jump! Clock-Jump: 1914027ms, Master-Confirmation-Timeout: 500000ms. [137]
