*** 2016-06-09 12:37:00.95 idempiere Log (CLogFile) ***
12:37:00.950 Adempiere.startup: iDempiere(r) Release 3.1_2015-10-31 -Smart Suite ERP, CRM and SCM- (c) 1999-2013 iDempiere(r); Implementation: iDempiere - Supported by iDempiere community [17]
12:37:00.966 Ini.loadProperties: E:\mercurialidempiere/idempiere-test.properties #33 [17]
12:37:01.560 DB.isBuildOK: Build DB=${env.ADEMPIERE_VERSION} 20080428-1232 [17]
12:37:01.560 DB.isBuildOK: Build Cl=3.1.0.qualifier [17]
12:37:01.591-----------> DB.isBuildOK: Build Version Error 

The program assumes build version 3.1.0.qualifier, but database has build version ${env.ADEMPIERE_VERSION} 20080428-1232. 
This is likely to cause hard to fix errors. 
Please contact administrator. [17]
12:37:01.888 Language.getLanguage: Adding Language=en, Country=US, Locale=en_US [17]
12:37:01.906 Language.getLanguage: Adding Language=en, Country=US, Locale=en_US [17]
12:37:02.203 WebEnv.initWeb: Servlet Context Init Parameters: iDempiere Root
ServerRoot=1 [17]
12:37:02.218-----------> EMail.setFrom: you @ company.org: javax.mail.internet.AddressException: Local address contains control or whitespace in string ``you @ company.org'' [17]
12:37:02.297-----------> EMail.addTo: you @ company.org: javax.mail.internet.AddressException: Local address contains control or whitespace in string ``you @ company.org'' [17]
12:37:02.297-----------> EMail.isValid: From is invalid=null [17]
12:37:02.297-----------> EMail.isValid: From is invalid=null [17]
12:37:02.297-----------> MClient.sendEMail: Could NOT Send Email: Server started: iDempiere (odbz:10.0.5.41) to you @ company.org: Invalid Data (System) [17]
12:37:02.297 WebEnv.initWeb: Servlet Init Parameter: idempiereMonitor [17]
12:37:02.297 AdempiereMonitor.init:  [17]
12:37:06.210-----------> AnnotationConfiguration.configure: ServletContainerInitializers: detected. Class hierarchy: empty [17]
12:37:06.480-----------> ClassLocator.getDependentXMLResources: Replicate resource: ckez
Overwrite bundleresource://179.fwk1319287199:2/metainfo/zk/config.xml
with bundleresource://179.fwk1319287199:19/metainfo/zk/config.xml [17]
12:37:06.480-----------> ClassLocator.getDependentXMLResources: Replicate resource: zk
Overwrite bundleresource://179.fwk1319287199:11/metainfo/zk/config.xml
with bundleresource://179.fwk1319287199:28/metainfo/zk/config.xml [17]
12:37:06.496-----------> ClassLocator.getDependentXMLResources: Replicate resource: zkbind
Overwrite bundleresource://179.fwk1319287199:12/metainfo/zk/config.xml
with bundleresource://179.fwk1319287199:29/metainfo/zk/config.xml [17]
12:37:06.527-----------> ClassLocator.getDependentXMLResources: Replicate resource: zul
Overwrite bundleresource://179.fwk1319287199:14/metainfo/zk/zk.xml
with bundleresource://179.fwk1319287199:31/metainfo/zk/zk.xml [17]
12:37:06.918-----------> LanguageDefinition.<init>: Replicated language: xhtml, overriden by [LanguageDefinition: xhtml] [17]
12:37:06.949-----------> LanguageDefinition.<init>: Replicated language: xul/html, overriden by [LanguageDefinition: xul/html] [17]
12:37:06.996-----------> ClassLocator.getDependentXMLResources: Replicate resource: calendar
Overwrite bundleresource://179.fwk1319287199:1/metainfo/zk/lang-addon.xml
with bundleresource://179.fwk1319287199:18/metainfo/zk/lang-addon.xml [17]
12:37:07.012-----------> ClassLocator.getDependentXMLResources: Replicate resource: ckez
Overwrite bundleresource://179.fwk1319287199:2/metainfo/zk/lang-addon.xml
with bundleresource://179.fwk1319287199:19/metainfo/zk/lang-addon.xml [17]
12:37:07.012-----------> ClassLocator.getDependentXMLResources: Replicate resource: gmapsz
Overwrite bundleresource://179.fwk1319287199:5/metainfo/zk/lang-addon.xml
with bundleresource://179.fwk1319287199:22/metainfo/zk/lang-addon.xml [17]
12:37:07.012-----------> ClassLocator.getDependentXMLResources: Replicate resource: timeline
Overwrite bundleresource://179.fwk1319287199:6/metainfo/zk/lang-addon.xml
with bundleresource://179.fwk1319287199:23/metainfo/zk/lang-addon.xml [17]
12:37:07.027-----------> ClassLocator.getDependentXMLResources: Replicate resource: timeplot
Overwrite bundleresource://179.fwk1319287199:7/metainfo/zk/lang-addon.xml
with bundleresource://179.fwk1319287199:24/metainfo/zk/lang-addon.xml [17]
12:37:07.043-----------> ClassLocator.getDependentXMLResources: Replicate resource: zkbind
Overwrite bundleresource://179.fwk1319287199:12/metainfo/zk/lang-addon.xml
with bundleresource://179.fwk1319287199:29/metainfo/zk/lang-addon.xml [17]
12:37:07.043-----------> ClassLocator.getDependentXMLResources: Replicate resource: zkplus
Overwrite bundleresource://179.fwk1319287199:13/metainfo/zk/lang-addon.xml
with bundleresource://179.fwk1319287199:30/metainfo/zk/lang-addon.xml [17]
12:37:07.199           WebUIServlet.init: iDempiere Web Client started successfully [17]
12:37:08.277-----------> AnnotationConfiguration.configure: ServletContainerInitializers: detected. Class hierarchy: empty [17]

*** 2016-06-09 12:37:08.633 idempiere Log (CLogFile) ***
12:37:11.024-----------> Node: [10.0.5.41]:5701 [adempiere.idempiere/localhost] [3.5.3] No join method is enabled! Starting standalone. [41]
12:37:55.755-----------> Prop.loadProperties: E:\mercurialidempiere\home.properties not found [37]
12:37:55.759-----------> Prop.loadProperties: !!WARNING:Please locate yout custom home.properties on iDEMPIERE_HOME. [37]
12:37:55.761-----------> Prop.loadProperties: E:\mercurialidempiere\home.properties not found [35]
12:37:55.762-----------> Prop.loadProperties: !!WARNING:Please locate yout custom home.properties on iDEMPIERE_HOME. [35]
12:38:16.700-----------> DefaultModelFactory.getClass: No class for table with it entity: LCO_WithholdingType [38]
12:39:54.636===========> MCharge.getAccount: NO account for C_Charge_ID=1000003 [56]
12:39:56.102-----------> Fact.isSourceBalanced: NO - Diff=-454545.0 - Fact[MPayment[1000087-1000062,Receipt=false,PayAmt=454545,Discount=0.0,WriteOff=0.0,OverUnder=0.0,AcctSchema[1000000-PAME S.A. UN/35 Cordoba Oro],PostType=A] [56]
12:39:58.819===========> MCharge.getAccount: NO account for C_Charge_ID=1000003 [56]
12:39:58.993-----------> Fact.isSourceBalanced: NO - Diff=454545.0 - Fact[MPayment[1000088-1000063,Receipt=true,PayAmt=454545,Discount=0.0,WriteOff=0.0,OverUnder=0.0,AcctSchema[1000000-PAME S.A. UN/35 Cordoba Oro],PostType=A] [56]
12:40:42.030===========> MCharge.getAccount: NO account for C_Charge_ID=1000003 [55]
12:40:42.333-----------> Fact.isSourceBalanced: NO - Diff=-454545.0 - Fact[MPayment[1000089-78784554,Receipt=false,PayAmt=454545,Discount=0.0,WriteOff=0.0,OverUnder=0.0,AcctSchema[1000000-PAME S.A. UN/35 Cordoba Oro],PostType=A] [55]
12:40:43.264===========> DB.executeUpdate: INSERT INTO C_Payment (AD_Client_ID,AD_Org_ID,IsActive,Created,CreatedBy,Updated,UpdatedBy,IsApproved,Processing,Processed,IsReconciled,C_BankAccount_ID,TaxAmt,R_AvsAddr,R_AvsZip,Posted,C_Payment_ID,TrxType,TenderType,C_Currency_ID,DiscountAmt,C_DocType_ID,PayAmt,C_BPartner_ID,DateTrx,IsAllocated,DocumentNo,IsOnline,DocStatus,DocAction,IsReceipt,WriteOffAmt,OverUnderAmt,IsOverUnderPayment,IsSelfService,IsDelayedCapture,C_Charge_ID,DateAcct,IsPrepayment,C_Payment_UU) VALUES (?,?,?,?,?,?,?,?,?,?,?,?,?,?,?,?,?,?,?,?,?,?,?,?,trunc(cast(? as TIMESTAMP)),?,?,?,?,?,?,?,?,?,?,?,?,trunc(cast(? as TIMESTAMP)),?,?) [SvrProcess_4c24986b-5f28-4098-9ff3-b8cd4da401f9] [55]
org.postgresql.util.PSQLException: ERROR: llave duplicada viola restricción de unicidad «const_unique_documentno»
  Detail: Ya existe la llave (documentno)=(78784554).; State=23505; ErrorCode=0
	at org.postgresql.core.v3.QueryExecutorImpl.receiveErrorResponse(QueryExecutorImpl.java:2182)
	at org.postgresql.core.v3.QueryExecutorImpl.processResults(QueryExecutorImpl.java:1911)
	at org.postgresql.core.v3.QueryExecutorImpl.execute(QueryExecutorImpl.java:173)
	at org.postgresql.jdbc2.AbstractJdbc2Statement.execute(AbstractJdbc2Statement.java:645)
	at org.postgresql.jdbc2.AbstractJdbc2Statement.executeWithFlags(AbstractJdbc2Statement.java:495)
	at org.postgresql.jdbc2.AbstractJdbc2Statement.executeUpdate(AbstractJdbc2Statement.java:441)
	at com.mchange.v2.c3p0.impl.NewProxyPreparedStatement.executeUpdate(NewProxyPreparedStatement.java:1449)
	at sun.reflect.GeneratedMethodAccessor41.invoke(Unknown Source)
	at sun.reflect.DelegatingMethodAccessorImpl.invoke(Unknown Source)
	at java.lang.reflect.Method.invoke(Unknown Source)
	at org.compiere.db.StatementProxy.invoke(StatementProxy.java:128)
	at com.sun.proxy.$Proxy3.executeUpdate(Unknown Source)
	at org.compiere.util.DB.executeUpdate(DB.java:1038)
	at org.compiere.util.DB.executeUpdate(DB.java:1007)
	at org.compiere.model.PO.doInsert(PO.java:2974)
	at org.compiere.model.PO.saveNew(PO.java:2778)
	at org.compiere.model.PO.save(PO.java:2128)
	at org.compiere.model.PO.saveEx(PO.java:2216)
	at ni.hmil.override.process.NIBankTransfer.generateBankTransfer(NIBankTransfer.java:201)
	at ni.hmil.override.process.NIBankTransfer.doIt(NIBankTransfer.java:141)
	at org.compiere.process.SvrProcess.process(SvrProcess.java:198)
	at org.compiere.process.SvrProcess.startProcess(SvrProcess.java:144)

12:40:43.402===========> DB.saveError: SaveErrorNotUnique - ERROR: llave duplicada viola restricción de unicidad «const_unique_documentno»
  Detail: Ya existe la llave (documentno)=(78784554). [55]
12:40:43.410-----------> MPayment.doInsert: [SvrProcess_4c24986b-5f28-4098-9ff3-b8cd4da401f9]Not inserted - C_Payment [55]
12:40:43.486===========> MPayment.saveError: SaveErrorNotUnique - ERROR: llave duplicada viola restricción de unicidad «const_unique_documentno»
  Detail: Ya existe la llave (documentno)=(78784554). [55]
12:40:43.554===========> NIBankTransfer.process: Could not save record - Require unique data:  

Please change information.: ERROR: llave duplicada viola restricción de unicidad «const_unique_documentno»
  Detail: Ya existe la llave (documentno)=(78784554). [55]
org.adempiere.exceptions.AdempiereException: Could not save record - Require unique data:  

Please change information.: ERROR: llave duplicada viola restricción de unicidad «const_unique_documentno»
  Detail: Ya existe la llave (documentno)=(78784554).
	at org.compiere.model.PO.saveEx(PO.java:2224)
	at ni.hmil.override.process.NIBankTransfer.generateBankTransfer(NIBankTransfer.java:201)
	at ni.hmil.override.process.NIBankTransfer.doIt(NIBankTransfer.java:141)
	at org.compiere.process.SvrProcess.process(SvrProcess.java:198)
	at org.compiere.process.SvrProcess.startProcess(SvrProcess.java:144)
	at org.adempiere.util.ProcessUtil.startJavaProcess(ProcessUtil.java:172)
	at org.compiere.apps.AbstractProcessCtl.startProcess(AbstractProcessCtl.java:466)
	at org.compiere.apps.AbstractProcessCtl.run(AbstractProcessCtl.java:234)
	at org.adempiere.webui.apps.WProcessCtl.process(WProcessCtl.java:197)
	at org.adempiere.webui.apps.AbstractProcessDialog$ProcessDialogRunnable.doRun(AbstractProcessDialog.java:1060)
	at org.adempiere.util.ContextRunnable.run(ContextRunnable.java:38)
	at org.adempiere.webui.apps.DesktopRunnable.run(DesktopRunnable.java:40)
	at java.util.concurrent.Executors$RunnableAdapter.call(Unknown Source)
	at java.util.concurrent.FutureTask.run(Unknown Source)
	at java.util.concurrent.ScheduledThreadPoolExecutor$ScheduledFutureTask.access$201(Unknown Source)
	at java.util.concurrent.ScheduledThreadPoolExecutor$ScheduledFutureTask.run(Unknown Source)
	at java.util.concurrent.ThreadPoolExecutor.runWorker(Unknown Source)
	at java.util.concurrent.ThreadPoolExecutor$Worker.run(Unknown Source)
	at java.lang.Thread.run(Unknown Source)

12:43:59.200===========> MCharge.getAccount: NO account for C_Charge_ID=1000003 [48]
12:43:59.404-----------> Fact.isSourceBalanced: NO - Diff=-454545.0 - Fact[MPayment[1000091-78784554,Receipt=false,PayAmt=454545,Discount=0.0,WriteOff=0.0,OverUnder=0.0,AcctSchema[1000000-PAME S.A. UN/35 Cordoba Oro],PostType=A] [48]
12:44:17.349===========> DB.executeUpdate: INSERT INTO C_Payment (AD_Client_ID,AD_Org_ID,IsActive,Created,CreatedBy,Updated,UpdatedBy,IsApproved,Processing,Processed,IsReconciled,C_BankAccount_ID,TaxAmt,R_AvsAddr,R_AvsZip,Posted,C_Payment_ID,TrxType,TenderType,C_Currency_ID,DiscountAmt,C_DocType_ID,PayAmt,C_BPartner_ID,DateTrx,IsAllocated,DocumentNo,IsOnline,DocStatus,DocAction,IsReceipt,WriteOffAmt,OverUnderAmt,IsOverUnderPayment,IsSelfService,IsDelayedCapture,C_Charge_ID,DateAcct,IsPrepayment,C_Payment_UU) VALUES (?,?,?,?,?,?,?,?,?,?,?,?,?,?,?,?,?,?,?,?,?,?,?,?,trunc(cast(? as TIMESTAMP)),?,?,?,?,?,?,?,?,?,?,?,?,trunc(cast(? as TIMESTAMP)),?,?) [SvrProcess_d0b242ef-f830-4104-a437-a9f21ccbf1f2] [48]
org.postgresql.util.PSQLException: ERROR: llave duplicada viola restricción de unicidad «const_unique_documentno»
  Detail: Ya existe la llave (documentno)=(78784554).; State=23505; ErrorCode=0
	at org.postgresql.core.v3.QueryExecutorImpl.receiveErrorResponse(QueryExecutorImpl.java:2182)
	at org.postgresql.core.v3.QueryExecutorImpl.processResults(QueryExecutorImpl.java:1911)
	at org.postgresql.core.v3.QueryExecutorImpl.execute(QueryExecutorImpl.java:173)
	at org.postgresql.jdbc2.AbstractJdbc2Statement.execute(AbstractJdbc2Statement.java:645)
	at org.postgresql.jdbc2.AbstractJdbc2Statement.executeWithFlags(AbstractJdbc2Statement.java:495)
	at org.postgresql.jdbc2.AbstractJdbc2Statement.executeUpdate(AbstractJdbc2Statement.java:441)
	at com.mchange.v2.c3p0.impl.NewProxyPreparedStatement.executeUpdate(NewProxyPreparedStatement.java:1449)
	at sun.reflect.GeneratedMethodAccessor41.invoke(Unknown Source)
	at sun.reflect.DelegatingMethodAccessorImpl.invoke(Unknown Source)
	at java.lang.reflect.Method.invoke(Unknown Source)
	at org.compiere.db.StatementProxy.invoke(StatementProxy.java:128)
	at com.sun.proxy.$Proxy3.executeUpdate(Unknown Source)
	at org.compiere.util.DB.executeUpdate(DB.java:1038)
	at org.compiere.util.DB.executeUpdate(DB.java:1007)
	at org.compiere.model.PO.doInsert(PO.java:2974)
	at org.compiere.model.PO.saveNew(PO.java:2778)
	at org.compiere.model.PO.save(PO.java:2128)
	at org.compiere.model.PO.saveEx(PO.java:2216)
	at ni.hmil.override.process.NIBankTransfer.generateBankTransfer(NIBankTransfer.java:201)
	at ni.hmil.override.process.NIBankTransfer.doIt(NIBankTransfer.java:141)
	at org.compiere.process.SvrProcess.process(SvrProcess.java:198)
	at org.compiere.process.SvrProcess.startProcess(SvrProcess.java:144)

12:44:17.564===========> DB.saveError: SaveErrorNotUnique - ERROR: llave duplicada viola restricción de unicidad «const_unique_documentno»
  Detail: Ya existe la llave (documentno)=(78784554). [48]
12:44:17.569-----------> MPayment.doInsert: [SvrProcess_d0b242ef-f830-4104-a437-a9f21ccbf1f2]Not inserted - C_Payment [48]
12:44:17.739===========> MPayment.saveError: SaveErrorNotUnique - ERROR: llave duplicada viola restricción de unicidad «const_unique_documentno»
  Detail: Ya existe la llave (documentno)=(78784554). [48]
12:44:23.241===========> NIBankTransfer.process: Could not save record - Require unique data:  

Please change information.: ERROR: llave duplicada viola restricción de unicidad «const_unique_documentno»
  Detail: Ya existe la llave (documentno)=(78784554). [48]
org.adempiere.exceptions.AdempiereException: Could not save record - Require unique data:  

Please change information.: ERROR: llave duplicada viola restricción de unicidad «const_unique_documentno»
  Detail: Ya existe la llave (documentno)=(78784554).
	at org.compiere.model.PO.saveEx(PO.java:2224)
	at ni.hmil.override.process.NIBankTransfer.generateBankTransfer(NIBankTransfer.java:201)
	at ni.hmil.override.process.NIBankTransfer.doIt(NIBankTransfer.java:141)
	at org.compiere.process.SvrProcess.process(SvrProcess.java:198)
	at org.compiere.process.SvrProcess.startProcess(SvrProcess.java:144)
	at org.adempiere.util.ProcessUtil.startJavaProcess(ProcessUtil.java:172)
	at org.compiere.apps.AbstractProcessCtl.startProcess(AbstractProcessCtl.java:466)
	at org.compiere.apps.AbstractProcessCtl.run(AbstractProcessCtl.java:234)
	at org.adempiere.webui.apps.WProcessCtl.process(WProcessCtl.java:197)
	at org.adempiere.webui.apps.AbstractProcessDialog$ProcessDialogRunnable.doRun(AbstractProcessDialog.java:1060)
	at org.adempiere.util.ContextRunnable.run(ContextRunnable.java:38)
	at org.adempiere.webui.apps.DesktopRunnable.run(DesktopRunnable.java:40)
	at java.util.concurrent.Executors$RunnableAdapter.call(Unknown Source)
	at java.util.concurrent.FutureTask.run(Unknown Source)
	at java.util.concurrent.ScheduledThreadPoolExecutor$ScheduledFutureTask.access$201(Unknown Source)
	at java.util.concurrent.ScheduledThreadPoolExecutor$ScheduledFutureTask.run(Unknown Source)
	at java.util.concurrent.ThreadPoolExecutor.runWorker(Unknown Source)
	at java.util.concurrent.ThreadPoolExecutor$Worker.run(Unknown Source)
	at java.lang.Thread.run(Unknown Source)

12:47:14.441===========> MCharge.getAccount: NO account for C_Charge_ID=1000003 [136]
12:47:14.644-----------> Fact.isSourceBalanced: NO - Diff=-454545.0 - Fact[MPayment[1000093-78784554,Receipt=false,PayAmt=454545,Discount=0.0,WriteOff=0.0,OverUnder=0.0,AcctSchema[1000000-PAME S.A. UN/35 Cordoba Oro],PostType=A] [136]
12:48:16.884===========> DB.executeUpdate: INSERT INTO C_Payment (AD_Client_ID,AD_Org_ID,IsActive,Created,CreatedBy,Updated,UpdatedBy,IsApproved,Processing,Processed,IsReconciled,C_BankAccount_ID,TaxAmt,R_AvsAddr,R_AvsZip,Posted,C_Payment_ID,TrxType,TenderType,C_Currency_ID,DiscountAmt,C_DocType_ID,PayAmt,C_BPartner_ID,DateTrx,IsAllocated,DocumentNo,IsOnline,DocStatus,DocAction,IsReceipt,WriteOffAmt,OverUnderAmt,IsOverUnderPayment,IsSelfService,IsDelayedCapture,C_Charge_ID,DateAcct,IsPrepayment,C_Payment_UU) VALUES (?,?,?,?,?,?,?,?,?,?,?,?,?,?,?,?,?,?,?,?,?,?,?,?,trunc(cast(? as TIMESTAMP)),?,?,?,?,?,?,?,?,?,?,?,?,trunc(cast(? as TIMESTAMP)),?,?) [SvrProcess_312fe5ed-5593-4d93-94ef-0c6259f2659b] [136]
org.postgresql.util.PSQLException: ERROR: llave duplicada viola restricción de unicidad «const_unique_documentno»
  Detail: Ya existe la llave (documentno)=(78784554).; State=23505; ErrorCode=0
	at org.postgresql.core.v3.QueryExecutorImpl.receiveErrorResponse(QueryExecutorImpl.java:2182)
	at org.postgresql.core.v3.QueryExecutorImpl.processResults(QueryExecutorImpl.java:1911)
	at org.postgresql.core.v3.QueryExecutorImpl.execute(QueryExecutorImpl.java:173)
	at org.postgresql.jdbc2.AbstractJdbc2Statement.execute(AbstractJdbc2Statement.java:645)
	at org.postgresql.jdbc2.AbstractJdbc2Statement.executeWithFlags(AbstractJdbc2Statement.java:495)
	at org.postgresql.jdbc2.AbstractJdbc2Statement.executeUpdate(AbstractJdbc2Statement.java:441)
	at com.mchange.v2.c3p0.impl.NewProxyPreparedStatement.executeUpdate(NewProxyPreparedStatement.java:1449)
	at sun.reflect.GeneratedMethodAccessor41.invoke(Unknown Source)
	at sun.reflect.DelegatingMethodAccessorImpl.invoke(Unknown Source)
	at java.lang.reflect.Method.invoke(Unknown Source)
	at org.compiere.db.StatementProxy.invoke(StatementProxy.java:128)
	at com.sun.proxy.$Proxy3.executeUpdate(Unknown Source)
	at org.compiere.util.DB.executeUpdate(DB.java:1038)
	at org.compiere.util.DB.executeUpdate(DB.java:1007)
	at org.compiere.model.PO.doInsert(PO.java:2974)
	at org.compiere.model.PO.saveNew(PO.java:2778)
	at org.compiere.model.PO.save(PO.java:2128)
	at org.compiere.model.PO.saveEx(PO.java:2216)
	at ni.hmil.override.process.NIBankTransfer.generateBankTransfer(NIBankTransfer.java:201)
	at ni.hmil.override.process.NIBankTransfer.doIt(NIBankTransfer.java:141)
	at org.compiere.process.SvrProcess.process(SvrProcess.java:198)
	at org.compiere.process.SvrProcess.startProcess(SvrProcess.java:144)

12:48:18.011===========> DB.saveError: SaveErrorNotUnique - ERROR: llave duplicada viola restricción de unicidad «const_unique_documentno»
  Detail: Ya existe la llave (documentno)=(78784554). [136]
12:48:18.019-----------> MPayment.doInsert: [SvrProcess_312fe5ed-5593-4d93-94ef-0c6259f2659b]Not inserted - C_Payment [136]
12:48:18.071===========> MPayment.saveError: SaveErrorNotUnique - ERROR: llave duplicada viola restricción de unicidad «const_unique_documentno»
  Detail: Ya existe la llave (documentno)=(78784554). [136]
12:48:18.201===========> NIBankTransfer.process: Could not save record - Require unique data:  

Please change information.: ERROR: llave duplicada viola restricción de unicidad «const_unique_documentno»
  Detail: Ya existe la llave (documentno)=(78784554). [136]
org.adempiere.exceptions.AdempiereException: Could not save record - Require unique data:  

Please change information.: ERROR: llave duplicada viola restricción de unicidad «const_unique_documentno»
  Detail: Ya existe la llave (documentno)=(78784554).
	at org.compiere.model.PO.saveEx(PO.java:2224)
	at ni.hmil.override.process.NIBankTransfer.generateBankTransfer(NIBankTransfer.java:201)
	at ni.hmil.override.process.NIBankTransfer.doIt(NIBankTransfer.java:141)
	at org.compiere.process.SvrProcess.process(SvrProcess.java:198)
	at org.compiere.process.SvrProcess.startProcess(SvrProcess.java:144)
	at org.adempiere.util.ProcessUtil.startJavaProcess(ProcessUtil.java:172)
	at org.compiere.apps.AbstractProcessCtl.startProcess(AbstractProcessCtl.java:466)
	at org.compiere.apps.AbstractProcessCtl.run(AbstractProcessCtl.java:234)
	at org.adempiere.webui.apps.WProcessCtl.process(WProcessCtl.java:197)
	at org.adempiere.webui.apps.AbstractProcessDialog$ProcessDialogRunnable.doRun(AbstractProcessDialog.java:1060)
	at org.adempiere.util.ContextRunnable.run(ContextRunnable.java:38)
	at org.adempiere.webui.apps.DesktopRunnable.run(DesktopRunnable.java:40)
	at java.util.concurrent.Executors$RunnableAdapter.call(Unknown Source)
	at java.util.concurrent.FutureTask.run(Unknown Source)
	at java.util.concurrent.ScheduledThreadPoolExecutor$ScheduledFutureTask.access$201(Unknown Source)
	at java.util.concurrent.ScheduledThreadPoolExecutor$ScheduledFutureTask.run(Unknown Source)
	at java.util.concurrent.ThreadPoolExecutor.runWorker(Unknown Source)
	at java.util.concurrent.ThreadPoolExecutor$Worker.run(Unknown Source)
	at java.lang.Thread.run(Unknown Source)

12:57:56.940===========> MCharge.getAccount: NO account for C_Charge_ID=1000003 [149]
12:57:57.070-----------> Fact.isSourceBalanced: NO - Diff=-454545.0 - Fact[MPayment[1000095-78784554,Receipt=false,PayAmt=454545,Discount=0.0,WriteOff=0.0,OverUnder=0.0,AcctSchema[1000000-PAME S.A. UN/35 Cordoba Oro],PostType=A] [149]
12:57:58.053===========> DB.executeUpdate: INSERT INTO C_Payment (AD_Client_ID,AD_Org_ID,IsActive,Created,CreatedBy,Updated,UpdatedBy,IsApproved,Processing,Processed,IsReconciled,C_BankAccount_ID,TaxAmt,R_AvsAddr,R_AvsZip,Posted,C_Payment_ID,TrxType,TenderType,C_Currency_ID,DiscountAmt,C_DocType_ID,PayAmt,C_BPartner_ID,DateTrx,IsAllocated,DocumentNo,IsOnline,DocStatus,DocAction,IsReceipt,WriteOffAmt,OverUnderAmt,IsOverUnderPayment,IsSelfService,IsDelayedCapture,C_Charge_ID,DateAcct,IsPrepayment,C_Payment_UU) VALUES (?,?,?,?,?,?,?,?,?,?,?,?,?,?,?,?,?,?,?,?,?,?,?,?,trunc(cast(? as TIMESTAMP)),?,?,?,?,?,?,?,?,?,?,?,?,trunc(cast(? as TIMESTAMP)),?,?) [SvrProcess_4551b04f-49a5-4ba3-83ec-f99a4e50610c] [149]
org.postgresql.util.PSQLException: ERROR: llave duplicada viola restricción de unicidad «const_unique_documentno»
  Detail: Ya existe la llave (documentno)=(78784554).; State=23505; ErrorCode=0
	at org.postgresql.core.v3.QueryExecutorImpl.receiveErrorResponse(QueryExecutorImpl.java:2182)
	at org.postgresql.core.v3.QueryExecutorImpl.processResults(QueryExecutorImpl.java:1911)
	at org.postgresql.core.v3.QueryExecutorImpl.execute(QueryExecutorImpl.java:173)
	at org.postgresql.jdbc2.AbstractJdbc2Statement.execute(AbstractJdbc2Statement.java:645)
	at org.postgresql.jdbc2.AbstractJdbc2Statement.executeWithFlags(AbstractJdbc2Statement.java:495)
	at org.postgresql.jdbc2.AbstractJdbc2Statement.executeUpdate(AbstractJdbc2Statement.java:441)
	at com.mchange.v2.c3p0.impl.NewProxyPreparedStatement.executeUpdate(NewProxyPreparedStatement.java:1449)
	at sun.reflect.GeneratedMethodAccessor41.invoke(Unknown Source)
	at sun.reflect.DelegatingMethodAccessorImpl.invoke(Unknown Source)
	at java.lang.reflect.Method.invoke(Unknown Source)
	at org.compiere.db.StatementProxy.invoke(StatementProxy.java:128)
	at com.sun.proxy.$Proxy3.executeUpdate(Unknown Source)
	at org.compiere.util.DB.executeUpdate(DB.java:1038)
	at org.compiere.util.DB.executeUpdate(DB.java:1007)
	at org.compiere.model.PO.doInsert(PO.java:2974)
	at org.compiere.model.PO.saveNew(PO.java:2778)
	at org.compiere.model.PO.save(PO.java:2128)
	at org.compiere.model.PO.saveEx(PO.java:2216)
	at ni.hmil.override.process.NIBankTransfer.generateBankTransfer(NIBankTransfer.java:201)
	at ni.hmil.override.process.NIBankTransfer.doIt(NIBankTransfer.java:141)
	at org.compiere.process.SvrProcess.process(SvrProcess.java:198)
	at org.compiere.process.SvrProcess.startProcess(SvrProcess.java:144)

12:57:58.171===========> DB.saveError: SaveErrorNotUnique - ERROR: llave duplicada viola restricción de unicidad «const_unique_documentno»
  Detail: Ya existe la llave (documentno)=(78784554). [149]
12:57:58.187-----------> MPayment.doInsert: [SvrProcess_4551b04f-49a5-4ba3-83ec-f99a4e50610c]Not inserted - C_Payment [149]
12:57:58.214===========> MPayment.saveError: SaveErrorNotUnique - ERROR: llave duplicada viola restricción de unicidad «const_unique_documentno»
  Detail: Ya existe la llave (documentno)=(78784554). [149]
12:57:58.254===========> NIBankTransfer.process: Could not save record - Require unique data:  

Please change information.: ERROR: llave duplicada viola restricción de unicidad «const_unique_documentno»
  Detail: Ya existe la llave (documentno)=(78784554). [149]
org.adempiere.exceptions.AdempiereException: Could not save record - Require unique data:  

Please change information.: ERROR: llave duplicada viola restricción de unicidad «const_unique_documentno»
  Detail: Ya existe la llave (documentno)=(78784554).
	at org.compiere.model.PO.saveEx(PO.java:2224)
	at ni.hmil.override.process.NIBankTransfer.generateBankTransfer(NIBankTransfer.java:201)
	at ni.hmil.override.process.NIBankTransfer.doIt(NIBankTransfer.java:141)
	at org.compiere.process.SvrProcess.process(SvrProcess.java:198)
	at org.compiere.process.SvrProcess.startProcess(SvrProcess.java:144)
	at org.adempiere.util.ProcessUtil.startJavaProcess(ProcessUtil.java:172)
	at org.compiere.apps.AbstractProcessCtl.startProcess(AbstractProcessCtl.java:466)
	at org.compiere.apps.AbstractProcessCtl.run(AbstractProcessCtl.java:234)
	at org.adempiere.webui.apps.WProcessCtl.process(WProcessCtl.java:197)
	at org.adempiere.webui.apps.AbstractProcessDialog$ProcessDialogRunnable.doRun(AbstractProcessDialog.java:1060)
	at org.adempiere.util.ContextRunnable.run(ContextRunnable.java:38)
	at org.adempiere.webui.apps.DesktopRunnable.run(DesktopRunnable.java:40)
	at java.util.concurrent.Executors$RunnableAdapter.call(Unknown Source)
	at java.util.concurrent.FutureTask.run(Unknown Source)
	at java.util.concurrent.ScheduledThreadPoolExecutor$ScheduledFutureTask.access$201(Unknown Source)
	at java.util.concurrent.ScheduledThreadPoolExecutor$ScheduledFutureTask.run(Unknown Source)
	at java.util.concurrent.ThreadPoolExecutor.runWorker(Unknown Source)
	at java.util.concurrent.ThreadPoolExecutor$Worker.run(Unknown Source)
	at java.lang.Thread.run(Unknown Source)

13:06:04.234===========> MCharge.getAccount: NO account for C_Charge_ID=1000003 [146]
13:06:04.384-----------> Fact.isSourceBalanced: NO - Diff=-454545.0 - Fact[MPayment[1000097-78784554,Receipt=false,PayAmt=454545,Discount=0.0,WriteOff=0.0,OverUnder=0.0,AcctSchema[1000000-PAME S.A. UN/35 Cordoba Oro],PostType=A] [146]
13:06:05.033===========> DB.executeUpdate: INSERT INTO C_Payment (AD_Client_ID,AD_Org_ID,IsActive,Created,CreatedBy,Updated,UpdatedBy,IsApproved,Processing,Processed,IsReconciled,C_BankAccount_ID,TaxAmt,R_AvsAddr,R_AvsZip,Posted,C_Payment_ID,TrxType,TenderType,C_Currency_ID,DiscountAmt,C_DocType_ID,PayAmt,C_BPartner_ID,DateTrx,IsAllocated,DocumentNo,IsOnline,DocStatus,DocAction,IsReceipt,WriteOffAmt,OverUnderAmt,IsOverUnderPayment,IsSelfService,IsDelayedCapture,C_Charge_ID,DateAcct,IsPrepayment,C_Payment_UU) VALUES (?,?,?,?,?,?,?,?,?,?,?,?,?,?,?,?,?,?,?,?,?,?,?,?,trunc(cast(? as TIMESTAMP)),?,?,?,?,?,?,?,?,?,?,?,?,trunc(cast(? as TIMESTAMP)),?,?) [SvrProcess_518c7dff-8c9d-4018-960a-b931d5bf701a] [146]
org.postgresql.util.PSQLException: ERROR: llave duplicada viola restricción de unicidad «const_unique_documentno»
  Detail: Ya existe la llave (documentno)=(78784554).; State=23505; ErrorCode=0
	at org.postgresql.core.v3.QueryExecutorImpl.receiveErrorResponse(QueryExecutorImpl.java:2182)
	at org.postgresql.core.v3.QueryExecutorImpl.processResults(QueryExecutorImpl.java:1911)
	at org.postgresql.core.v3.QueryExecutorImpl.execute(QueryExecutorImpl.java:173)
	at org.postgresql.jdbc2.AbstractJdbc2Statement.execute(AbstractJdbc2Statement.java:645)
	at org.postgresql.jdbc2.AbstractJdbc2Statement.executeWithFlags(AbstractJdbc2Statement.java:495)
	at org.postgresql.jdbc2.AbstractJdbc2Statement.executeUpdate(AbstractJdbc2Statement.java:441)
	at com.mchange.v2.c3p0.impl.NewProxyPreparedStatement.executeUpdate(NewProxyPreparedStatement.java:1449)
	at sun.reflect.GeneratedMethodAccessor41.invoke(Unknown Source)
	at sun.reflect.DelegatingMethodAccessorImpl.invoke(Unknown Source)
	at java.lang.reflect.Method.invoke(Unknown Source)
	at org.compiere.db.StatementProxy.invoke(StatementProxy.java:128)
	at com.sun.proxy.$Proxy3.executeUpdate(Unknown Source)
	at org.compiere.util.DB.executeUpdate(DB.java:1038)
	at org.compiere.util.DB.executeUpdate(DB.java:1007)
	at org.compiere.model.PO.doInsert(PO.java:2974)
	at org.compiere.model.PO.saveNew(PO.java:2778)
	at org.compiere.model.PO.save(PO.java:2128)
	at org.compiere.model.PO.saveEx(PO.java:2216)
	at ni.hmil.override.process.NIBankTransfer.generateBankTransfer(NIBankTransfer.java:201)
	at ni.hmil.override.process.NIBankTransfer.doIt(NIBankTransfer.java:141)
	at org.compiere.process.SvrProcess.process(SvrProcess.java:198)
	at org.compiere.process.SvrProcess.startProcess(SvrProcess.java:144)

13:06:05.268===========> DB.saveError: SaveErrorNotUnique - ERROR: llave duplicada viola restricción de unicidad «const_unique_documentno»
  Detail: Ya existe la llave (documentno)=(78784554). [146]
13:06:05.272-----------> MPayment.doInsert: [SvrProcess_518c7dff-8c9d-4018-960a-b931d5bf701a]Not inserted - C_Payment [146]
13:06:05.371===========> MPayment.saveError: SaveErrorNotUnique - ERROR: llave duplicada viola restricción de unicidad «const_unique_documentno»
  Detail: Ya existe la llave (documentno)=(78784554). [146]
13:06:05.455===========> NIBankTransfer.process: Could not save record - Require unique data:  

Please change information.: ERROR: llave duplicada viola restricción de unicidad «const_unique_documentno»
  Detail: Ya existe la llave (documentno)=(78784554). [146]
org.adempiere.exceptions.AdempiereException: Could not save record - Require unique data:  

Please change information.: ERROR: llave duplicada viola restricción de unicidad «const_unique_documentno»
  Detail: Ya existe la llave (documentno)=(78784554).
	at org.compiere.model.PO.saveEx(PO.java:2224)
	at ni.hmil.override.process.NIBankTransfer.generateBankTransfer(NIBankTransfer.java:201)
	at ni.hmil.override.process.NIBankTransfer.doIt(NIBankTransfer.java:141)
	at org.compiere.process.SvrProcess.process(SvrProcess.java:198)
	at org.compiere.process.SvrProcess.startProcess(SvrProcess.java:144)
	at org.adempiere.util.ProcessUtil.startJavaProcess(ProcessUtil.java:172)
	at org.compiere.apps.AbstractProcessCtl.startProcess(AbstractProcessCtl.java:466)
	at org.compiere.apps.AbstractProcessCtl.run(AbstractProcessCtl.java:234)
	at org.adempiere.webui.apps.WProcessCtl.process(WProcessCtl.java:197)
	at org.adempiere.webui.apps.AbstractProcessDialog$ProcessDialogRunnable.doRun(AbstractProcessDialog.java:1060)
	at org.adempiere.util.ContextRunnable.run(ContextRunnable.java:38)
	at org.adempiere.webui.apps.DesktopRunnable.run(DesktopRunnable.java:40)
	at java.util.concurrent.Executors$RunnableAdapter.call(Unknown Source)
	at java.util.concurrent.FutureTask.run(Unknown Source)
	at java.util.concurrent.ScheduledThreadPoolExecutor$ScheduledFutureTask.access$201(Unknown Source)
	at java.util.concurrent.ScheduledThreadPoolExecutor$ScheduledFutureTask.run(Unknown Source)
	at java.util.concurrent.ThreadPoolExecutor.runWorker(Unknown Source)
	at java.util.concurrent.ThreadPoolExecutor$Worker.run(Unknown Source)
	at java.lang.Thread.run(Unknown Source)

