*** 2016-06-23 14:07:21.722 idempiere Log (CLogFile) ***
14:07:21.722 Adempiere.startup: iDempiere(r) Release 3.1_2015-10-31 -Smart Suite ERP, CRM and SCM- (c) 1999-2013 iDempiere(r); Implementation: iDempiere - Supported by iDempiere community [17]
14:07:21.737 Ini.loadProperties: E:\mercurialidempiere/idempiere-dev.properties #33 [17]
14:07:22.287 DB.isBuildOK: Build DB=${env.ADEMPIERE_VERSION} 20080428-1232 [17]
14:07:22.287 DB.isBuildOK: Build Cl=3.1.0.qualifier [17]
14:07:22.318-----------> DB.isBuildOK: Build Version Error 

The program assumes build version 3.1.0.qualifier, but database has build version ${env.ADEMPIERE_VERSION} 20080428-1232. 
This is likely to cause hard to fix errors. 
Please contact administrator. [17]
14:07:22.537 Language.getLanguage: Adding Language=en, Country=US, Locale=en_US [17]
14:07:22.543 Language.getLanguage: Adding Language=en, Country=US, Locale=en_US [17]
14:07:22.683 WebEnv.initWeb: Servlet Context Init Parameters: iDempiere Root
ServerRoot=1 [17]
14:07:22.699-----------> EMail.setFrom: you @ company.org: javax.mail.internet.AddressException: Local address contains control or whitespace in string ``you @ company.org'' [17]
14:07:22.699-----------> EMail.addTo: you @ company.org: javax.mail.internet.AddressException: Local address contains control or whitespace in string ``you @ company.org'' [17]
14:07:22.699-----------> EMail.isValid: From is invalid=null [17]
14:07:22.699-----------> EMail.isValid: From is invalid=null [17]
14:07:22.699-----------> MClient.sendEMail: Could NOT Send Email: Server started: iDempiere (odbz:10.0.5.41) to you @ company.org: Invalid Data (System) [17]
14:07:22.699 WebEnv.initWeb: Servlet Init Parameter: idempiereMonitor [17]
14:07:22.699 AdempiereMonitor.init:  [17]
14:07:28.466-----------> AnnotationConfiguration.configure: ServletContainerInitializers: detected. Class hierarchy: empty [17]
14:07:28.760-----------> ClassLocator.getDependentXMLResources: Replicate resource: ckez
Overwrite bundleresource://182.fwk1399961333:2/metainfo/zk/config.xml
with bundleresource://182.fwk1399961333:19/metainfo/zk/config.xml [17]
14:07:28.760-----------> ClassLocator.getDependentXMLResources: Replicate resource: zk
Overwrite bundleresource://182.fwk1399961333:11/metainfo/zk/config.xml
with bundleresource://182.fwk1399961333:28/metainfo/zk/config.xml [17]
14:07:28.775-----------> ClassLocator.getDependentXMLResources: Replicate resource: zkbind
Overwrite bundleresource://182.fwk1399961333:12/metainfo/zk/config.xml
with bundleresource://182.fwk1399961333:29/metainfo/zk/config.xml [17]
14:07:28.791-----------> ClassLocator.getDependentXMLResources: Replicate resource: zul
Overwrite bundleresource://182.fwk1399961333:14/metainfo/zk/zk.xml
with bundleresource://182.fwk1399961333:31/metainfo/zk/zk.xml [17]
14:07:29.119-----------> LanguageDefinition.<init>: Replicated language: xhtml, overriden by [LanguageDefinition: xhtml] [17]
14:07:29.150-----------> LanguageDefinition.<init>: Replicated language: xul/html, overriden by [LanguageDefinition: xul/html] [17]
14:07:29.213-----------> ClassLocator.getDependentXMLResources: Replicate resource: calendar
Overwrite bundleresource://182.fwk1399961333:1/metainfo/zk/lang-addon.xml
with bundleresource://182.fwk1399961333:18/metainfo/zk/lang-addon.xml [17]
14:07:29.213-----------> ClassLocator.getDependentXMLResources: Replicate resource: ckez
Overwrite bundleresource://182.fwk1399961333:2/metainfo/zk/lang-addon.xml
with bundleresource://182.fwk1399961333:19/metainfo/zk/lang-addon.xml [17]
14:07:29.213-----------> ClassLocator.getDependentXMLResources: Replicate resource: gmapsz
Overwrite bundleresource://182.fwk1399961333:5/metainfo/zk/lang-addon.xml
with bundleresource://182.fwk1399961333:22/metainfo/zk/lang-addon.xml [17]
14:07:29.213-----------> ClassLocator.getDependentXMLResources: Replicate resource: timeline
Overwrite bundleresource://182.fwk1399961333:6/metainfo/zk/lang-addon.xml
with bundleresource://182.fwk1399961333:23/metainfo/zk/lang-addon.xml [17]
14:07:29.213-----------> ClassLocator.getDependentXMLResources: Replicate resource: timeplot
Overwrite bundleresource://182.fwk1399961333:7/metainfo/zk/lang-addon.xml
with bundleresource://182.fwk1399961333:24/metainfo/zk/lang-addon.xml [17]
14:07:29.228-----------> ClassLocator.getDependentXMLResources: Replicate resource: zkbind
Overwrite bundleresource://182.fwk1399961333:12/metainfo/zk/lang-addon.xml
with bundleresource://182.fwk1399961333:29/metainfo/zk/lang-addon.xml [17]
14:07:29.244-----------> ClassLocator.getDependentXMLResources: Replicate resource: zkplus
Overwrite bundleresource://182.fwk1399961333:13/metainfo/zk/lang-addon.xml
with bundleresource://182.fwk1399961333:30/metainfo/zk/lang-addon.xml [17]
14:07:29.369           WebUIServlet.init: iDempiere Web Client started successfully [17]
14:07:30.310-----------> AnnotationConfiguration.configure: ServletContainerInitializers: detected. Class hierarchy: empty [17]
14:07:30.573-----------> LCO_ValidatorDN.initialize:  [40]
14:07:30.901-----------> LCO_ValidatorWH.initialize:  [40]

*** 2016-06-23 14:07:31.149 idempiere Log (CLogFile) ***
14:07:32.296-----------> Node: [10.0.5.41]:5701 [adempiere.idempiere/localhost] [3.5.3] No join method is enabled! Starting standalone. [52]
14:08:17.333-----------> Prop.loadProperties: E:\mercurialidempiere\home.properties not found [33]
14:08:17.334-----------> Prop.loadProperties: !!WARNING:Please locate yout custom home.properties on iDEMPIERE_HOME. [33]
14:10:46.542===========> NICalloutPayment.invoiceinallocate: linea 729 =Pay=151.237196, Discount=0.000000 [37]
14:10:47.424===========> NICalloutPayment.invoiceallocate: linea 616 =WriteOffAmt=3.024723 [37]
14:10:50.825===========> NICalloutPayment.amountsinallocate: linea 802 =Pay=148.212473, Discount=0, WriteOff=3.024723, OverUnderAmt=0 [37]
14:10:52.308===========> NICalloutPayment.invoiceallocate: linea 632 =WriteOffAmt=3.024723 [37]
14:12:08.742===========> NICalloutPayment.invoiceinallocate: linea 729 =Pay=151.237196, Discount=0.000000 [32]
14:12:09.683===========> NICalloutPayment.invoiceallocate: linea 616 =WriteOffAmt=3.024723 [32]
14:12:10.640===========> NICalloutPayment.amountsinallocate: linea 802 =Pay=148.212473, Discount=0, WriteOff=3.024723, OverUnderAmt=0 [32]
14:12:11.241===========> NICalloutPayment.invoiceallocate: linea 632 =WriteOffAmt=3.024723 [32]
