*** 2016-12-12 14:07:48.903 idempiere Log (CLogFile) ***
14:07:48.903 Adempiere.startup: iDempiere(r) Release 3.1_2015-10-31 -Smart Suite ERP, CRM and SCM- (c) 1999-2013 iDempiere(r); Implementation: iDempiere - Supported by iDempiere community [17]
14:07:48.903 Ini.loadProperties: E:\mercurialidempiere/idempiere-dev.properties #33 [17]
14:07:50.088 AdempiereActivator.installPackage: ni.idempiere.importcurrencyrate 1.0.0 was installed: 2016-11-24 14:40:50.73 [17]
14:07:50.163 DB.isBuildOK: Build DB=${env.ADEMPIERE_VERSION} 20080428-1232 [17]
14:07:50.163 DB.isBuildOK: Build Cl=3.1.0.qualifier [17]
14:07:50.195-----------> DB.isBuildOK: Build Version Error 

The program assumes build version 3.1.0.qualifier, but database has build version ${env.ADEMPIERE_VERSION} 20080428-1232. 
This is likely to cause hard to fix errors. 
Please contact administrator. [17]
14:07:50.392 WebEnv.initWeb: Servlet Context Init Parameters: iDempiere Root
ServerRoot=1 [17]
14:07:50.501-----------> EMail.setFrom: you @ company.org: javax.mail.internet.AddressException: Local address contains control or whitespace in string ``you @ company.org'' [17]
14:07:50.517-----------> EMail.addTo: you @ company.org: javax.mail.internet.AddressException: Local address contains control or whitespace in string ``you @ company.org'' [17]
14:07:50.517-----------> EMail.isValid: From is invalid=null [17]
14:07:50.517-----------> EMail.isValid: From is invalid=null [17]
14:07:50.517-----------> MClient.sendEMail: Could NOT Send Email: Server started: iDempiere (odbz:192.168.47.1) to you @ company.org: Invalid Data (System) [17]
14:07:50.517 WebEnv.initWeb: Servlet Init Parameter: idempiereMonitor [17]
14:07:50.517 AdempiereMonitor.init:  [17]
14:07:55.050-----------> AnnotationConfiguration.configure: ServletContainerInitializers: detected. Class hierarchy: empty [17]
14:07:55.384-----------> ClassLocator.getDependentXMLResources: Replicate resource: ckez
Overwrite bundleresource://188.fwk1480207683:2/metainfo/zk/config.xml
with bundleresource://188.fwk1480207683:19/metainfo/zk/config.xml [17]
14:07:55.384-----------> ClassLocator.getDependentXMLResources: Replicate resource: zk
Overwrite bundleresource://188.fwk1480207683:11/metainfo/zk/config.xml
with bundleresource://188.fwk1480207683:28/metainfo/zk/config.xml [17]
14:07:55.400-----------> ClassLocator.getDependentXMLResources: Replicate resource: zkbind
Overwrite bundleresource://188.fwk1480207683:12/metainfo/zk/config.xml
with bundleresource://188.fwk1480207683:29/metainfo/zk/config.xml [17]
14:07:55.415-----------> ClassLocator.getDependentXMLResources: Replicate resource: zul
Overwrite bundleresource://188.fwk1480207683:14/metainfo/zk/zk.xml
with bundleresource://188.fwk1480207683:31/metainfo/zk/zk.xml [17]
14:07:55.763-----------> LanguageDefinition.<init>: Replicated language: xhtml, overriden by [LanguageDefinition: xhtml] [17]
14:07:55.779-----------> LanguageDefinition.<init>: Replicated language: xul/html, overriden by [LanguageDefinition: xul/html] [17]
14:07:55.841-----------> ClassLocator.getDependentXMLResources: Replicate resource: calendar
Overwrite bundleresource://188.fwk1480207683:1/metainfo/zk/lang-addon.xml
with bundleresource://188.fwk1480207683:18/metainfo/zk/lang-addon.xml [17]
14:07:55.841-----------> ClassLocator.getDependentXMLResources: Replicate resource: ckez
Overwrite bundleresource://188.fwk1480207683:2/metainfo/zk/lang-addon.xml
with bundleresource://188.fwk1480207683:19/metainfo/zk/lang-addon.xml [17]
14:07:55.841-----------> ClassLocator.getDependentXMLResources: Replicate resource: gmapsz
Overwrite bundleresource://188.fwk1480207683:5/metainfo/zk/lang-addon.xml
with bundleresource://188.fwk1480207683:22/metainfo/zk/lang-addon.xml [17]
14:07:55.857-----------> ClassLocator.getDependentXMLResources: Replicate resource: timeline
Overwrite bundleresource://188.fwk1480207683:6/metainfo/zk/lang-addon.xml
with bundleresource://188.fwk1480207683:23/metainfo/zk/lang-addon.xml [17]
14:07:55.857-----------> ClassLocator.getDependentXMLResources: Replicate resource: timeplot
Overwrite bundleresource://188.fwk1480207683:7/metainfo/zk/lang-addon.xml
with bundleresource://188.fwk1480207683:24/metainfo/zk/lang-addon.xml [17]
14:07:55.857-----------> ClassLocator.getDependentXMLResources: Replicate resource: zkbind
Overwrite bundleresource://188.fwk1480207683:12/metainfo/zk/lang-addon.xml
with bundleresource://188.fwk1480207683:29/metainfo/zk/lang-addon.xml [17]
14:07:55.872-----------> ClassLocator.getDependentXMLResources: Replicate resource: zkplus
Overwrite bundleresource://188.fwk1480207683:13/metainfo/zk/lang-addon.xml
with bundleresource://188.fwk1480207683:30/metainfo/zk/lang-addon.xml [17]
14:07:56.107           WebUIServlet.init: iDempiere Web Client started successfully [17]
14:07:57.134-----------> AnnotationConfiguration.configure: ServletContainerInitializers: detected. Class hierarchy: empty [17]

*** 2016-12-12 14:07:57.75 idempiere Log (CLogFile) ***
14:07:58.848-----------> Node: [192.168.163.1]:5701 [adempiere.idempiere/localhost] [3.5.3] No join method is enabled! Starting standalone. [40]
14:07:58.031===========> NotificationValidator.initialize: NotificationValidator.initialize() [70]
org.postgresql.util.PSQLException: ERROR: no existe la relación «ni_notification_trigguer»
  Position: 81; State=42P01; ErrorCode=0
	at org.postgresql.core.v3.QueryExecutorImpl.receiveErrorResponse(QueryExecutorImpl.java:2182)
	at org.postgresql.core.v3.QueryExecutorImpl.processResults(QueryExecutorImpl.java:1911)
	at org.postgresql.core.v3.QueryExecutorImpl.execute(QueryExecutorImpl.java:173)
	at org.postgresql.jdbc2.AbstractJdbc2Statement.execute(AbstractJdbc2Statement.java:645)
	at org.postgresql.jdbc2.AbstractJdbc2Statement.executeWithFlags(AbstractJdbc2Statement.java:495)
	at org.postgresql.jdbc2.AbstractJdbc2Statement.executeQuery(AbstractJdbc2Statement.java:380)
	at com.mchange.v2.c3p0.impl.NewProxyPreparedStatement.executeQuery(NewProxyPreparedStatement.java:1418)
	at sun.reflect.GeneratedMethodAccessor21.invoke(Unknown Source)
	at sun.reflect.DelegatingMethodAccessorImpl.invoke(Unknown Source)
	at java.lang.reflect.Method.invoke(Unknown Source)
	at org.compiere.db.StatementProxy.invoke(StatementProxy.java:128)
	at com.sun.proxy.$Proxy3.executeQuery(Unknown Source)
	at ni.idempiere.model.NotificationValidator.initialize(NotificationValidator.java:45)
	at org.adempiere.base.event.AbstractEventHandler.bindEventManager(AbstractEventHandler.java:57)
	at sun.reflect.NativeMethodAccessorImpl.invoke0(Native Method)
	at sun.reflect.NativeMethodAccessorImpl.invoke(Unknown Source)
	at sun.reflect.DelegatingMethodAccessorImpl.invoke(Unknown Source)
	at java.lang.reflect.Method.invoke(Unknown Source)
	at org.eclipse.equinox.internal.ds.model.ComponentReference.bind(ComponentReference.java:376)
	at org.eclipse.equinox.internal.ds.model.ServiceComponentProp.bindReference(ServiceComponentProp.java:430)
	at org.eclipse.equinox.internal.ds.model.ServiceComponentProp.bind(ServiceComponentProp.java:218)

14:08:12.656===========> MRole.addAccessSQL: TableName not correctly parsed - TableNameIn=C_Invoice - AccessSqlParser[C_Invoice=WHERE|0] - #1 C_Invoice=WHERE
 = SELECT C_Invoice_ID, DocumentNo, DateInvoiced, GrandTotal, PartialPayment, Balance, PaidBill FROM C_Invoice WHERE  [69]
14:08:52.089-----------> Msg.getMsg: NOT found: El Cliente seleccionado, tiene recibo en borrador que necesita primero ser procesado. [35]
14:08:52.103===========> MRole.addAccessSQL: TableName not correctly parsed - TableNameIn=C_Invoice - AccessSqlParser[C_Invoice=WHERE|0] - #1 C_Invoice=WHERE
 = SELECT C_Invoice_ID, DocumentNo, Numero_PK_Cobro, Numero_Factura, DateInvoiced, GrandTotal, PartialPayment, Balance, PaidBill FROM C_Invoice WHERE  [35]
14:09:14.722-----------> Msg.getMsg: NOT found: ni.idempiere.toolbar.button.action.report.label [34]
14:09:14.723-----------> Msg.getMsg: NOT found: ni.idempiere.toolbar.button.action.report.tooltip [34]
14:09:58.123-----------> Msg.getMsg: NOT found: El Cliente seleccionado, tiene recibo en borrador que necesita primero ser procesado. [37]
14:09:58.129===========> MRole.addAccessSQL: TableName not correctly parsed - TableNameIn=C_Invoice - AccessSqlParser[C_Invoice=WHERE|0] - #1 C_Invoice=WHERE
 = SELECT C_Invoice_ID, DocumentNo, Numero_PK_Cobro, Numero_Factura, DateInvoiced, GrandTotal, PartialPayment, Balance, PaidBill FROM C_Invoice WHERE  [37]
14:10:08.341-----------> Msg.getMsg: NOT found: ni.idempiere.toolbar.button.action.report.label [69]
14:10:08.341-----------> Msg.getMsg: NOT found: ni.idempiere.toolbar.button.action.report.tooltip [69]
14:10:44.319-----------> Msg.getMsg: NOT found: ni.idempiere.toolbar.button.action.report.label [69]
14:10:44.319-----------> Msg.getMsg: NOT found: ni.idempiere.toolbar.button.action.report.tooltip [69]
14:11:12.610-----------> Msg.getMsg: NOT found: El Cliente seleccionado, tiene recibo en borrador que necesita primero ser procesado. [32]
14:11:12.612===========> MRole.addAccessSQL: TableName not correctly parsed - TableNameIn=C_Invoice - AccessSqlParser[C_Invoice=WHERE|0] - #1 C_Invoice=WHERE
 = SELECT C_Invoice_ID, DocumentNo, Numero_PK_Cobro, Numero_Factura, DateInvoiced, GrandTotal, PartialPayment, Balance, PaidBill FROM C_Invoice WHERE  [32]
14:11:20.856-----------> Msg.getMsg: NOT found: ni.idempiere.toolbar.button.action.report.label [69]
14:11:20.856-----------> Msg.getMsg: NOT found: ni.idempiere.toolbar.button.action.report.tooltip [69]
14:11:57.667-----------> Msg.getMsg: NOT found: El Cliente seleccionado, tiene recibo en borrador que necesita primero ser procesado. [32]
14:11:57.668===========> MRole.addAccessSQL: TableName not correctly parsed - TableNameIn=C_Invoice - AccessSqlParser[C_Invoice=WHERE|0] - #1 C_Invoice=WHERE
 = SELECT C_Invoice_ID, DocumentNo, Numero_PK_Cobro, Numero_Factura, DateInvoiced, GrandTotal, PartialPayment, Balance, PaidBill FROM C_Invoice WHERE  [32]
14:12:11.133-----------> Msg.getMsg: NOT found: ni.idempiere.toolbar.button.action.report.label [69]
14:12:11.133-----------> Msg.getMsg: NOT found: ni.idempiere.toolbar.button.action.report.tooltip [69]
14:12:33.657-----------> Msg.getMsg: NOT found: Número de Facturas(ejem:#F1,#F2,...) [33]
14:12:37.537===========> MRole.addAccessSQL: TableName not correctly parsed - TableNameIn=C_Invoice - AccessSqlParser[C_Invoice=WHERE|0] - #1 C_Invoice=WHERE
 = SELECT C_Invoice_ID, DocumentNo, Numero_PK_Cobro, Numero_Factura, DateInvoiced, GrandTotal, PartialPayment, Balance, PaidBill FROM C_Invoice WHERE  [69]
14:12:46.846-----------> Msg.getMsg: NOT found: # Referencia [32]
14:12:59.320===========> MRole.addAccessSQL: TableName not correctly parsed - TableNameIn=C_Invoice - AccessSqlParser[C_Invoice=WHERE|0] - #1 C_Invoice=WHERE
 = SELECT C_Invoice_ID, DocumentNo, Numero_PK_Cobro, Numero_Factura, DateInvoiced, GrandTotal, PartialPayment, Balance, PaidBill FROM C_Invoice WHERE  [35]
