*** 2016-06-21 16:05:14.973 idempiere Log (CLogFile) ***
16:05:14.973 Adempiere.startup: iDempiere(r) Release 3.1_2015-10-31 -Smart Suite ERP, CRM and SCM- (c) 1999-2013 iDempiere(r); Implementation: iDempiere - Supported by iDempiere community [17]
16:05:14.973 Ini.loadProperties: E:\mercurialidempiere/idempiere-dev.properties #33 [17]
16:05:15.473 DB.isBuildOK: Build DB=${env.ADEMPIERE_VERSION} 20080428-1232 [17]
16:05:15.473 DB.isBuildOK: Build Cl=3.1.0.qualifier [17]
16:05:15.520-----------> DB.isBuildOK: Build Version Error 

The program assumes build version 3.1.0.qualifier, but database has build version ${env.ADEMPIERE_VERSION} 20080428-1232. 
This is likely to cause hard to fix errors. 
Please contact administrator. [17]
16:05:15.707 Language.getLanguage: Adding Language=en, Country=US, Locale=en_US [17]
16:05:15.723 Language.getLanguage: Adding Language=en, Country=US, Locale=en_US [17]
16:05:15.832 WebEnv.initWeb: Servlet Context Init Parameters: iDempiere Root
ServerRoot=1 [17]
16:05:15.848-----------> EMail.setFrom: you @ company.org: javax.mail.internet.AddressException: Local address contains control or whitespace in string ``you @ company.org'' [17]
16:05:15.848-----------> EMail.addTo: you @ company.org: javax.mail.internet.AddressException: Local address contains control or whitespace in string ``you @ company.org'' [17]
16:05:15.848-----------> EMail.isValid: From is invalid=null [17]
16:05:15.848-----------> EMail.isValid: From is invalid=null [17]
16:05:15.848-----------> MClient.sendEMail: Could NOT Send Email: Server started: iDempiere (odbz:10.0.5.41) to you @ company.org: Invalid Data (System) [17]
16:05:15.848 WebEnv.initWeb: Servlet Init Parameter: idempiereMonitor [17]
16:05:15.848 AdempiereMonitor.init:  [17]
16:05:17.911-----------> AnnotationConfiguration.configure: ServletContainerInitializers: detected. Class hierarchy: empty [17]
16:05:18.154-----------> ClassLocator.getDependentXMLResources: Replicate resource: ckez
Overwrite bundleresource://180.fwk1399961333:2/metainfo/zk/config.xml
with bundleresource://180.fwk1399961333:19/metainfo/zk/config.xml [17]
16:05:18.154-----------> ClassLocator.getDependentXMLResources: Replicate resource: zk
Overwrite bundleresource://180.fwk1399961333:11/metainfo/zk/config.xml
with bundleresource://180.fwk1399961333:28/metainfo/zk/config.xml [17]
16:05:18.154-----------> ClassLocator.getDependentXMLResources: Replicate resource: zkbind
Overwrite bundleresource://180.fwk1399961333:12/metainfo/zk/config.xml
with bundleresource://180.fwk1399961333:29/metainfo/zk/config.xml [17]
16:05:18.186-----------> ClassLocator.getDependentXMLResources: Replicate resource: zul
Overwrite bundleresource://180.fwk1399961333:14/metainfo/zk/zk.xml
with bundleresource://180.fwk1399961333:31/metainfo/zk/zk.xml [17]
16:05:18.498-----------> LanguageDefinition.<init>: Replicated language: xhtml, overriden by [LanguageDefinition: xhtml] [17]
16:05:18.529-----------> LanguageDefinition.<init>: Replicated language: xul/html, overriden by [LanguageDefinition: xul/html] [17]
16:05:18.576-----------> ClassLocator.getDependentXMLResources: Replicate resource: calendar
Overwrite bundleresource://180.fwk1399961333:1/metainfo/zk/lang-addon.xml
with bundleresource://180.fwk1399961333:18/metainfo/zk/lang-addon.xml [17]
16:05:18.576-----------> ClassLocator.getDependentXMLResources: Replicate resource: ckez
Overwrite bundleresource://180.fwk1399961333:2/metainfo/zk/lang-addon.xml
with bundleresource://180.fwk1399961333:19/metainfo/zk/lang-addon.xml [17]
16:05:18.576-----------> ClassLocator.getDependentXMLResources: Replicate resource: gmapsz
Overwrite bundleresource://180.fwk1399961333:5/metainfo/zk/lang-addon.xml
with bundleresource://180.fwk1399961333:22/metainfo/zk/lang-addon.xml [17]
16:05:18.592-----------> ClassLocator.getDependentXMLResources: Replicate resource: timeline
Overwrite bundleresource://180.fwk1399961333:6/metainfo/zk/lang-addon.xml
with bundleresource://180.fwk1399961333:23/metainfo/zk/lang-addon.xml [17]
16:05:18.592-----------> ClassLocator.getDependentXMLResources: Replicate resource: timeplot
Overwrite bundleresource://180.fwk1399961333:7/metainfo/zk/lang-addon.xml
with bundleresource://180.fwk1399961333:24/metainfo/zk/lang-addon.xml [17]
16:05:18.592-----------> ClassLocator.getDependentXMLResources: Replicate resource: zkbind
Overwrite bundleresource://180.fwk1399961333:12/metainfo/zk/lang-addon.xml
with bundleresource://180.fwk1399961333:29/metainfo/zk/lang-addon.xml [17]
16:05:18.607-----------> ClassLocator.getDependentXMLResources: Replicate resource: zkplus
Overwrite bundleresource://180.fwk1399961333:13/metainfo/zk/lang-addon.xml
with bundleresource://180.fwk1399961333:30/metainfo/zk/lang-addon.xml [17]
16:05:18.701           WebUIServlet.init: iDempiere Web Client started successfully [17]
16:05:19.639-----------> AnnotationConfiguration.configure: ServletContainerInitializers: detected. Class hierarchy: empty [17]

*** 2016-06-21 16:05:19.924 idempiere Log (CLogFile) ***
16:05:21.752-----------> Node: [10.0.5.41]:5701 [adempiere.idempiere/localhost] [3.5.3] No join method is enabled! Starting standalone. [40]
