*** 2017-04-24 22:22:30.16 idempiere Log (CLogFile) ***
22:22:30.160 Adempiere.startup: iDempiere(r) Release 3.1_2015-10-31 -Smart Suite ERP, CRM and SCM- (c) 1999-2013 iDempiere(r); Implementation: iDempiere - Supported by iDempiere community [17]
22:22:30.160 Ini.loadProperties: E:\mercurialidempiere/idempiereDEMOGuadalupana.properties #34 [17]
22:22:36.203 DB.isBuildOK: Build DB=${env.ADEMPIERE_VERSION} 20080428-1232 [17]
22:22:36.203 DB.isBuildOK: Build Cl=3.1.0.qualifier [17]
22:22:37.586-----------> DB.isBuildOK: Build Version Error 

The program assumes build version 3.1.0.qualifier, but database has build version ${env.ADEMPIERE_VERSION} 20080428-1232. 
This is likely to cause hard to fix errors. 
Please contact administrator. [17]
22:22:42.257 WebEnv.initWeb: Servlet Context Init Parameters: iDempiere Root
ServerRoot=1 [17]
22:22:42.457-----------> EMail.setFrom: you @ company.org: javax.mail.internet.AddressException: Local address contains control or whitespace in string ``you @ company.org'' [17]
22:22:42.922-----------> EMail.addTo: you @ company.org: javax.mail.internet.AddressException: Local address contains control or whitespace in string ``you @ company.org'' [17]
22:22:42.922-----------> EMail.isValid: From is invalid=null [17]
22:22:42.922-----------> EMail.isValid: From is invalid=null [17]
22:22:42.922-----------> MClient.sendEMail: Could NOT Send Email: Server started: iDempiere (odbz:192.168.47.1) to you @ company.org: Invalid Data (System) [17]
22:22:42.922 WebEnv.initWeb: Servlet Init Parameter: idempiereMonitor [17]
22:22:42.922 AdempiereMonitor.init:  [17]
22:23:18.889-----------> AnnotationConfiguration.configure: ServletContainerInitializers: detected. Class hierarchy: empty [17]
22:23:19.122-----------> ClassLocator.getDependentXMLResources: Replicate resource: ckez
Overwrite bundleresource://182.fwk1319287199:2/metainfo/zk/config.xml
with bundleresource://182.fwk1319287199:19/metainfo/zk/config.xml [17]
22:23:19.122-----------> ClassLocator.getDependentXMLResources: Replicate resource: zk
Overwrite bundleresource://182.fwk1319287199:11/metainfo/zk/config.xml
with bundleresource://182.fwk1319287199:28/metainfo/zk/config.xml [17]
22:23:19.137-----------> ClassLocator.getDependentXMLResources: Replicate resource: zkbind
Overwrite bundleresource://182.fwk1319287199:12/metainfo/zk/config.xml
with bundleresource://182.fwk1319287199:29/metainfo/zk/config.xml [17]
22:23:19.153-----------> ClassLocator.getDependentXMLResources: Replicate resource: zul
Overwrite bundleresource://182.fwk1319287199:14/metainfo/zk/zk.xml
with bundleresource://182.fwk1319287199:31/metainfo/zk/zk.xml [17]
22:23:19.948-----------> LanguageDefinition.<init>: Replicated language: xhtml, overriden by [LanguageDefinition: xhtml] [17]
22:23:19.967-----------> LanguageDefinition.<init>: Replicated language: xul/html, overriden by [LanguageDefinition: xul/html] [17]
22:23:20.019-----------> ClassLocator.getDependentXMLResources: Replicate resource: calendar
Overwrite bundleresource://182.fwk1319287199:1/metainfo/zk/lang-addon.xml
with bundleresource://182.fwk1319287199:18/metainfo/zk/lang-addon.xml [17]
22:23:20.019-----------> ClassLocator.getDependentXMLResources: Replicate resource: ckez
Overwrite bundleresource://182.fwk1319287199:2/metainfo/zk/lang-addon.xml
with bundleresource://182.fwk1319287199:19/metainfo/zk/lang-addon.xml [17]
22:23:20.034-----------> ClassLocator.getDependentXMLResources: Replicate resource: gmapsz
Overwrite bundleresource://182.fwk1319287199:5/metainfo/zk/lang-addon.xml
with bundleresource://182.fwk1319287199:22/metainfo/zk/lang-addon.xml [17]
22:23:20.034-----------> ClassLocator.getDependentXMLResources: Replicate resource: timeline
Overwrite bundleresource://182.fwk1319287199:6/metainfo/zk/lang-addon.xml
with bundleresource://182.fwk1319287199:23/metainfo/zk/lang-addon.xml [17]
22:23:20.034-----------> ClassLocator.getDependentXMLResources: Replicate resource: timeplot
Overwrite bundleresource://182.fwk1319287199:7/metainfo/zk/lang-addon.xml
with bundleresource://182.fwk1319287199:24/metainfo/zk/lang-addon.xml [17]
22:23:20.050-----------> ClassLocator.getDependentXMLResources: Replicate resource: zkbind
Overwrite bundleresource://182.fwk1319287199:12/metainfo/zk/lang-addon.xml
with bundleresource://182.fwk1319287199:29/metainfo/zk/lang-addon.xml [17]
22:23:20.050-----------> ClassLocator.getDependentXMLResources: Replicate resource: zkplus
Overwrite bundleresource://182.fwk1319287199:13/metainfo/zk/lang-addon.xml
with bundleresource://182.fwk1319287199:30/metainfo/zk/lang-addon.xml [17]
22:23:20.759           WebUIServlet.init: iDempiere Web Client started successfully [17]
22:23:21.754-----------> AnnotationConfiguration.configure: ServletContainerInitializers: detected. Class hierarchy: empty [17]
22:23:21.893-----------> LCO_ValidatorWH.initialize:  [48]

*** 2017-04-24 22:23:22.058 idempiere Log (CLogFile) ***
22:23:24.638-----------> Node: [192.168.163.1]:5701 [adempiere.idempiere/localhost] [3.5.3] No join method is enabled! Starting standalone. [50]
22:23:36.473-----------> Prop.loadProperties: E:\mercurialidempiere\home.properties not found [28]
22:23:36.474-----------> Prop.loadProperties: !!WARNING:Please locate yout custom home.properties on iDEMPIERE_HOME. [28]
22:23:40.713-----------> ServletHandler.doHandle: /webui/ [36]
org.zkoss.zk.ui.UiException: Page not found: /theme/demo/preference.zul
	at org.zkoss.zk.ui.http.ExecutionImpl.getPageDefinition(ExecutionImpl.java:379)
	at org.zkoss.zk.ui.impl.AbstractExecution.createComponents0(AbstractExecution.java:279)
	at org.zkoss.zk.ui.impl.AbstractExecution.createComponents(AbstractExecution.java:271)
	at org.zkoss.zul.Include.afterCompose(Include.java:488)
	at org.zkoss.zk.ui.impl.UiEngineImpl.execCreateChild0(UiEngineImpl.java:878)
	at org.zkoss.zk.ui.impl.UiEngineImpl.execCreateChild(UiEngineImpl.java:826)
	at org.zkoss.zk.ui.impl.UiEngineImpl.execCreate0(UiEngineImpl.java:735)
	at org.zkoss.zk.ui.impl.UiEngineImpl.execCreateChild(UiEngineImpl.java:797)
	at org.zkoss.zk.ui.impl.UiEngineImpl.execCreate0(UiEngineImpl.java:757)
	at org.zkoss.zk.ui.impl.UiEngineImpl.execCreate(UiEngineImpl.java:699)
	at org.zkoss.zk.ui.impl.UiEngineImpl.execNewPage0(UiEngineImpl.java:442)
	at org.zkoss.zk.ui.impl.UiEngineImpl.execNewPage(UiEngineImpl.java:356)
	at org.zkoss.zk.ui.http.DHtmlLayoutServlet.process(DHtmlLayoutServlet.java:217)
	at org.zkoss.zk.ui.http.DHtmlLayoutServlet.doGet(DHtmlLayoutServlet.java:136)
	at org.adempiere.webui.session.WebUIServlet.doGet(WebUIServlet.java:95)
	at javax.servlet.http.HttpServlet.service(HttpServlet.java:687)
	at javax.servlet.http.HttpServlet.service(HttpServlet.java:790)
	at org.adempiere.webui.session.WebUIServlet.service(WebUIServlet.java:108)
	at org.eclipse.jetty.servlet.ServletHolder.handle(ServletHolder.java:808)
	at org.eclipse.jetty.servlet.ServletHandler.doHandle(ServletHandler.java:587)
	at org.eclipse.jetty.server.handler.ScopedHandler.handle(ScopedHandler.java:143)

