*** 2017-09-01 22:44:45.778 idempiere Log (CLogFile) ***
22:44:45.777 Adempiere.startup: iDempiere(r) Release 3.1_2015-10-31 -Smart Suite ERP, CRM and SCM- (c) 1999-2013 iDempiere(r); Implementation: iDempiere - Supported by iDempiere community [17]
22:44:45.780 Ini.loadProperties: E:\mercurialidempiere/idempiere.properties #33 [17]
22:44:50.844 AdempiereActivator.installPackage: cm.itkamer.wandapos-integration2 1.0.0 was installed: 2017-08-13 23:43:42.216 [17]
22:44:50.846 AdempiereActivator.installPackage: ni.idempiere.procesingdocuments 1.0.0 was installed: 2017-08-22 08:34:51.737 [17]
22:44:50.848 AdempiereActivator.installPackage: ni.idempiere.override.codebase 1.0.0 was installed: 2017-08-02 00:55:24.5 [17]
22:44:50.850 AdempiereActivator.installPackage: ni.idempiere.importcurrencyrate 1.0.0 was installed: 2017-07-25 04:24:07.139 [17]
22:44:51.446 DB.isBuildOK: Build DB=${env.ADEMPIERE_VERSION} 20080428-1232 [17]
22:44:51.446 DB.isBuildOK: Build Cl=3.1.0.qualifier [17]
22:44:51.811-----------> DB.isBuildOK: Error en la versión de la construcción 

El programa asume version de construcción 3.1.0.qualifier, pero la base de datos tiene una versión ${env.ADEMPIERE_VERSION} 20080428-1232.
Es posible que esto cause errores difíciles de corregir.
Por favor contacte al ADMINISTRADOR. [17]
22:44:57.637 WebEnv.initWeb: Servlet Context Init Parameters: iDempiere Root
ServerRoot=1 [17]
22:44:57.841-----------> EMail.setFrom: you @ company.org: javax.mail.internet.AddressException: Local address contains control or whitespace in string ``you @ company.org'' [17]
22:44:57.842-----------> EMail.addTo: you @ company.org: javax.mail.internet.AddressException: Local address contains control or whitespace in string ``you @ company.org'' [17]
22:44:57.842-----------> EMail.isValid: From is invalid=null [17]
22:44:57.843-----------> EMail.isValid: From is invalid=null [17]
22:44:57.843-----------> MClient.sendEMail: Could NOT Send Email: Server started: iDempiere (odbz:192.168.47.1) to you @ company.org: Invalid Data (System) [17]
22:44:57.843 WebEnv.initWeb: Servlet Init Parameter: idempiereMonitor [17]
22:44:57.843 AdempiereMonitor.init:  [17]
22:45:04.078-----------> AnnotationConfiguration.configure: ServletContainerInitializers: detected. Class hierarchy: empty [17]
22:45:04.388-----------> ClassLocator.getDependentXMLResources: Replicate resource: ckez
Overwrite bundleresource://188.fwk1319287199:2/metainfo/zk/config.xml
with bundleresource://188.fwk1319287199:19/metainfo/zk/config.xml [17]
22:45:04.392-----------> ClassLocator.getDependentXMLResources: Replicate resource: zk
Overwrite bundleresource://188.fwk1319287199:11/metainfo/zk/config.xml
with bundleresource://188.fwk1319287199:28/metainfo/zk/config.xml [17]
22:45:04.395-----------> ClassLocator.getDependentXMLResources: Replicate resource: zkbind
Overwrite bundleresource://188.fwk1319287199:12/metainfo/zk/config.xml
with bundleresource://188.fwk1319287199:29/metainfo/zk/config.xml [17]
22:45:04.423-----------> ClassLocator.getDependentXMLResources: Replicate resource: zul
Overwrite bundleresource://188.fwk1319287199:14/metainfo/zk/zk.xml
with bundleresource://188.fwk1319287199:31/metainfo/zk/zk.xml [17]
22:45:04.929-----------> LanguageDefinition.<init>: Replicated language: xhtml, overriden by [LanguageDefinition: xhtml] [17]
22:45:04.953-----------> LanguageDefinition.<init>: Replicated language: xul/html, overriden by [LanguageDefinition: xul/html] [17]
22:45:05.017-----------> ClassLocator.getDependentXMLResources: Replicate resource: calendar
Overwrite bundleresource://188.fwk1319287199:1/metainfo/zk/lang-addon.xml
with bundleresource://188.fwk1319287199:18/metainfo/zk/lang-addon.xml [17]
22:45:05.021-----------> ClassLocator.getDependentXMLResources: Replicate resource: ckez
Overwrite bundleresource://188.fwk1319287199:2/metainfo/zk/lang-addon.xml
with bundleresource://188.fwk1319287199:19/metainfo/zk/lang-addon.xml [17]
22:45:05.024-----------> ClassLocator.getDependentXMLResources: Replicate resource: gmapsz
Overwrite bundleresource://188.fwk1319287199:5/metainfo/zk/lang-addon.xml
with bundleresource://188.fwk1319287199:22/metainfo/zk/lang-addon.xml [17]
22:45:05.027-----------> ClassLocator.getDependentXMLResources: Replicate resource: timeline
Overwrite bundleresource://188.fwk1319287199:6/metainfo/zk/lang-addon.xml
with bundleresource://188.fwk1319287199:23/metainfo/zk/lang-addon.xml [17]
22:45:05.030-----------> ClassLocator.getDependentXMLResources: Replicate resource: timeplot
Overwrite bundleresource://188.fwk1319287199:7/metainfo/zk/lang-addon.xml
with bundleresource://188.fwk1319287199:24/metainfo/zk/lang-addon.xml [17]
22:45:05.043-----------> ClassLocator.getDependentXMLResources: Replicate resource: zkbind
Overwrite bundleresource://188.fwk1319287199:12/metainfo/zk/lang-addon.xml
with bundleresource://188.fwk1319287199:29/metainfo/zk/lang-addon.xml [17]
22:45:05.051-----------> ClassLocator.getDependentXMLResources: Replicate resource: zkplus
Overwrite bundleresource://188.fwk1319287199:13/metainfo/zk/lang-addon.xml
with bundleresource://188.fwk1319287199:30/metainfo/zk/lang-addon.xml [17]
22:45:05.334           WebUIServlet.init: iDempiere Web Client started successfully [17]
22:45:06.291-----------> AnnotationConfiguration.configure: ServletContainerInitializers: detected. Class hierarchy: empty [17]

*** 2017-09-01 22:45:06.791 idempiere Log (CLogFile) ***
22:45:10.339-----------> Node: [192.168.163.1]:5701 [adempiere.nemusa/localhost] [3.5.3] No join method is enabled! Starting standalone. [40]
