*** 2016-11-23 09:40:32.094 idempiere Log (CLogFile) ***
09:40:32.094 Adempiere.startup: iDempiere(r) Release 3.1_2015-10-31 -Smart Suite ERP, CRM and SCM- (c) 1999-2013 iDempiere(r); Implementation: iDempiere - Supported by iDempiere community [17]
09:40:32.094 Ini.loadProperties: E:\mercurialidempiere/idempiere-dev.properties #33 [17]
09:40:32.767 AdempiereActivator.installPackage: ni.idempiere.importcurrencyrate 1.0.0 was installed: 2016-11-22 09:09:34.722 [17]
09:40:32.787 DB.isBuildOK: Build DB=${env.ADEMPIERE_VERSION} 20080428-1232 [17]
09:40:32.787 DB.isBuildOK: Build Cl=3.1.0.qualifier [17]
09:40:32.853-----------> DB.isBuildOK: Build Version Error 

The program assumes build version 3.1.0.qualifier, but database has build version ${env.ADEMPIERE_VERSION} 20080428-1232. 
This is likely to cause hard to fix errors. 
Please contact administrator. [17]
09:40:33.009 WebEnv.initWeb: Servlet Context Init Parameters: iDempiere Root
ServerRoot=1 [17]
09:40:33.230-----------> EMail.setFrom: you @ company.org: javax.mail.internet.AddressException: Local address contains control or whitespace in string ``you @ company.org'' [17]
09:40:33.246-----------> EMail.addTo: you @ company.org: javax.mail.internet.AddressException: Local address contains control or whitespace in string ``you @ company.org'' [17]
09:40:33.246-----------> EMail.isValid: From is invalid=null [17]
09:40:33.246-----------> EMail.isValid: From is invalid=null [17]
09:40:33.246-----------> MClient.sendEMail: Could NOT Send Email: Server started: iDempiere (odbz:192.168.47.1) to you @ company.org: Invalid Data (System) [17]
09:40:33.246 WebEnv.initWeb: Servlet Init Parameter: idempiereMonitor [17]
09:40:33.246 AdempiereMonitor.init:  [17]
09:40:35.754-----------> AnnotationConfiguration.configure: ServletContainerInitializers: detected. Class hierarchy: empty [17]
09:40:36.067-----------> ClassLocator.getDependentXMLResources: Replicate resource: ckez
Overwrite bundleresource://188.fwk47108597:2/metainfo/zk/config.xml
with bundleresource://188.fwk47108597:19/metainfo/zk/config.xml [17]
09:40:36.067-----------> ClassLocator.getDependentXMLResources: Replicate resource: zk
Overwrite bundleresource://188.fwk47108597:11/metainfo/zk/config.xml
with bundleresource://188.fwk47108597:28/metainfo/zk/config.xml [17]
09:40:36.082-----------> ClassLocator.getDependentXMLResources: Replicate resource: zkbind
Overwrite bundleresource://188.fwk47108597:12/metainfo/zk/config.xml
with bundleresource://188.fwk47108597:29/metainfo/zk/config.xml [17]
09:40:36.114-----------> ClassLocator.getDependentXMLResources: Replicate resource: zul
Overwrite bundleresource://188.fwk47108597:14/metainfo/zk/zk.xml
with bundleresource://188.fwk47108597:31/metainfo/zk/zk.xml [17]
09:40:36.497-----------> LanguageDefinition.<init>: Replicated language: xhtml, overriden by [LanguageDefinition: xhtml] [17]
09:40:36.529-----------> LanguageDefinition.<init>: Replicated language: xul/html, overriden by [LanguageDefinition: xul/html] [17]
09:40:36.591-----------> ClassLocator.getDependentXMLResources: Replicate resource: calendar
Overwrite bundleresource://188.fwk47108597:1/metainfo/zk/lang-addon.xml
with bundleresource://188.fwk47108597:18/metainfo/zk/lang-addon.xml [17]
09:40:36.591-----------> ClassLocator.getDependentXMLResources: Replicate resource: ckez
Overwrite bundleresource://188.fwk47108597:2/metainfo/zk/lang-addon.xml
with bundleresource://188.fwk47108597:19/metainfo/zk/lang-addon.xml [17]
09:40:36.591-----------> ClassLocator.getDependentXMLResources: Replicate resource: gmapsz
Overwrite bundleresource://188.fwk47108597:5/metainfo/zk/lang-addon.xml
with bundleresource://188.fwk47108597:22/metainfo/zk/lang-addon.xml [17]
09:40:36.591-----------> ClassLocator.getDependentXMLResources: Replicate resource: timeline
Overwrite bundleresource://188.fwk47108597:6/metainfo/zk/lang-addon.xml
with bundleresource://188.fwk47108597:23/metainfo/zk/lang-addon.xml [17]
09:40:36.607-----------> ClassLocator.getDependentXMLResources: Replicate resource: timeplot
Overwrite bundleresource://188.fwk47108597:7/metainfo/zk/lang-addon.xml
with bundleresource://188.fwk47108597:24/metainfo/zk/lang-addon.xml [17]
09:40:36.607-----------> ClassLocator.getDependentXMLResources: Replicate resource: zkbind
Overwrite bundleresource://188.fwk47108597:12/metainfo/zk/lang-addon.xml
with bundleresource://188.fwk47108597:29/metainfo/zk/lang-addon.xml [17]
09:40:36.622-----------> ClassLocator.getDependentXMLResources: Replicate resource: zkplus
Overwrite bundleresource://188.fwk47108597:13/metainfo/zk/lang-addon.xml
with bundleresource://188.fwk47108597:30/metainfo/zk/lang-addon.xml [17]
09:40:36.952           WebUIServlet.init: iDempiere Web Client started successfully [17]
09:40:38.197-----------> AnnotationConfiguration.configure: ServletContainerInitializers: detected. Class hierarchy: empty [17]

*** 2016-11-23 09:40:38.411 idempiere Log (CLogFile) ***
09:40:39.762-----------> Node: [192.168.163.1]:5701 [adempiere.idempiere/localhost] [3.5.3] No join method is enabled! Starting standalone. [49]
09:40:38.568===========> NotificationValidator.initialize: NotificationValidator.initialize() [76]
org.postgresql.util.PSQLException: ERROR: no existe la relación «ni_notification_trigguer»
  Position: 81; State=42P01; ErrorCode=0
	at org.postgresql.core.v3.QueryExecutorImpl.receiveErrorResponse(QueryExecutorImpl.java:2182)
	at org.postgresql.core.v3.QueryExecutorImpl.processResults(QueryExecutorImpl.java:1911)
	at org.postgresql.core.v3.QueryExecutorImpl.execute(QueryExecutorImpl.java:173)
	at org.postgresql.jdbc2.AbstractJdbc2Statement.execute(AbstractJdbc2Statement.java:645)
	at org.postgresql.jdbc2.AbstractJdbc2Statement.executeWithFlags(AbstractJdbc2Statement.java:495)
	at org.postgresql.jdbc2.AbstractJdbc2Statement.executeQuery(AbstractJdbc2Statement.java:380)
	at com.mchange.v2.c3p0.impl.NewProxyPreparedStatement.executeQuery(NewProxyPreparedStatement.java:1418)
	at sun.reflect.GeneratedMethodAccessor21.invoke(Unknown Source)
	at sun.reflect.DelegatingMethodAccessorImpl.invoke(Unknown Source)
	at java.lang.reflect.Method.invoke(Unknown Source)
	at org.compiere.db.StatementProxy.invoke(StatementProxy.java:128)
	at com.sun.proxy.$Proxy3.executeQuery(Unknown Source)
	at ni.idempiere.model.NotificationValidator.initialize(NotificationValidator.java:45)
	at org.adempiere.base.event.AbstractEventHandler.bindEventManager(AbstractEventHandler.java:57)
	at sun.reflect.NativeMethodAccessorImpl.invoke0(Native Method)
	at sun.reflect.NativeMethodAccessorImpl.invoke(Unknown Source)
	at sun.reflect.DelegatingMethodAccessorImpl.invoke(Unknown Source)
	at java.lang.reflect.Method.invoke(Unknown Source)
	at org.eclipse.equinox.internal.ds.model.ComponentReference.bind(ComponentReference.java:376)
	at org.eclipse.equinox.internal.ds.model.ServiceComponentProp.bindReference(ServiceComponentProp.java:430)
	at org.eclipse.equinox.internal.ds.model.ServiceComponentProp.bind(ServiceComponentProp.java:218)

09:40:59.502===========> MRole.addAccessSQL: TableName not correctly parsed - TableNameIn=C_Invoice - AccessSqlParser[C_Invoice=WHERE|0] - #1 C_Invoice=WHERE
 = SELECT C_Invoice_ID, DocumentNo, DateInvoiced, GrandTotal, PartialPayment, Balance, PaidBill FROM C_Invoice WHERE  [32]
09:41:35.270-----------> Msg.getMsg: NOT found: ni.idempiere.toolbar.button.action.report.label [32]
09:41:35.270-----------> Msg.getMsg: NOT found: ni.idempiere.toolbar.button.action.report.tooltip [32]
09:43:48.034-----------> Msg.getMsg: NOT found: El proveedor seleccionado, tiene pagos en borrador que necesitan primero ser procesados. [38]
09:43:51.697-----------> Msg.getMsg: NOT found: ni.idempiere.toolbar.button.action.report.label [32]
09:43:51.697-----------> Msg.getMsg: NOT found: ni.idempiere.toolbar.button.action.report.tooltip [32]
09:44:08.639===========> NIMPayment.beforeSave: Log desde NINSSMPayment... [155]
09:45:49.486===========> NIMPayment.beforeSave: Log desde NINSSMPayment... [155]
09:46:20.526-----------> Msg.getMsg: NOT found: ni.idempiere.toolbar.button.action.report.label [36]
09:46:20.526-----------> Msg.getMsg: NOT found: ni.idempiere.toolbar.button.action.report.tooltip [36]
09:47:47.617-----------> Msg.getMsg: NOT found: ni.idempiere.toolbar.button.action.report.label [38]
09:47:47.617-----------> Msg.getMsg: NOT found: ni.idempiere.toolbar.button.action.report.tooltip [38]
