*** 2016-06-01 17:18:33.954 idempiere Log (CLogFile) ***
17:18:33.954 Adempiere.startup: iDempiere(r) Release 3.1_2015-10-31 -Smart Suite ERP, CRM and SCM- (c) 1999-2013 iDempiere(r); Implementation: iDempiere - Supported by iDempiere community [17]
17:18:33.954 Ini.loadProperties: E:\mercurialidempiere/idempiere-test.properties #33 [17]
17:18:34.361 DB.isBuildOK: Build DB=${env.ADEMPIERE_VERSION} 20080428-1232 [17]
17:18:34.361 DB.isBuildOK: Build Cl=3.1.0.qualifier [17]
17:18:34.376-----------> DB.isBuildOK: Build Version Error 

The program assumes build version 3.1.0.qualifier, but database has build version ${env.ADEMPIERE_VERSION} 20080428-1232. 
This is likely to cause hard to fix errors. 
Please contact administrator. [17]
17:18:34.501 Language.getLanguage: Adding Language=en, Country=US, Locale=en_US [17]
17:18:34.501 Language.getLanguage: Adding Language=en, Country=US, Locale=en_US [17]
17:18:34.564 WebEnv.initWeb: Servlet Context Init Parameters: iDempiere Root
ServerRoot=1 [17]
17:18:34.579-----------> EMail.setFrom: you @ company.org: javax.mail.internet.AddressException: Local address contains control or whitespace in string ``you @ company.org'' [17]
17:18:34.579-----------> EMail.addTo: you @ company.org: javax.mail.internet.AddressException: Local address contains control or whitespace in string ``you @ company.org'' [17]
17:18:34.579-----------> EMail.isValid: From is invalid=null [17]
17:18:34.579-----------> EMail.isValid: From is invalid=null [17]
17:18:34.579-----------> MClient.sendEMail: Could NOT Send Email: Server started: iDempiere (odbz:10.0.5.43) to you @ company.org: Invalid Data (System) [17]
17:18:34.579 WebEnv.initWeb: Servlet Init Parameter: idempiereMonitor [17]
17:18:34.579 AdempiereMonitor.init:  [17]
17:18:36.126-----------> AnnotationConfiguration.configure: ServletContainerInitializers: detected. Class hierarchy: empty [17]
17:18:36.360-----------> ClassLocator.getDependentXMLResources: Replicate resource: ckez
Overwrite bundleresource://179.fwk146410964:2/metainfo/zk/config.xml
with bundleresource://179.fwk146410964:19/metainfo/zk/config.xml [17]
17:18:36.360-----------> ClassLocator.getDependentXMLResources: Replicate resource: zk
Overwrite bundleresource://179.fwk146410964:11/metainfo/zk/config.xml
with bundleresource://179.fwk146410964:28/metainfo/zk/config.xml [17]
17:18:36.376-----------> ClassLocator.getDependentXMLResources: Replicate resource: zkbind
Overwrite bundleresource://179.fwk146410964:12/metainfo/zk/config.xml
with bundleresource://179.fwk146410964:29/metainfo/zk/config.xml [17]
17:18:36.392-----------> ClassLocator.getDependentXMLResources: Replicate resource: zul
Overwrite bundleresource://179.fwk146410964:14/metainfo/zk/zk.xml
with bundleresource://179.fwk146410964:31/metainfo/zk/zk.xml [17]
17:18:36.721-----------> LanguageDefinition.<init>: Replicated language: xhtml, overriden by [LanguageDefinition: xhtml] [17]
17:18:36.753-----------> LanguageDefinition.<init>: Replicated language: xul/html, overriden by [LanguageDefinition: xul/html] [17]
17:18:36.815-----------> ClassLocator.getDependentXMLResources: Replicate resource: calendar
Overwrite bundleresource://179.fwk146410964:1/metainfo/zk/lang-addon.xml
with bundleresource://179.fwk146410964:18/metainfo/zk/lang-addon.xml [17]
17:18:36.815-----------> ClassLocator.getDependentXMLResources: Replicate resource: ckez
Overwrite bundleresource://179.fwk146410964:2/metainfo/zk/lang-addon.xml
with bundleresource://179.fwk146410964:19/metainfo/zk/lang-addon.xml [17]
17:18:36.831-----------> ClassLocator.getDependentXMLResources: Replicate resource: gmapsz
Overwrite bundleresource://179.fwk146410964:5/metainfo/zk/lang-addon.xml
with bundleresource://179.fwk146410964:22/metainfo/zk/lang-addon.xml [17]
17:18:36.831-----------> ClassLocator.getDependentXMLResources: Replicate resource: timeline
Overwrite bundleresource://179.fwk146410964:6/metainfo/zk/lang-addon.xml
with bundleresource://179.fwk146410964:23/metainfo/zk/lang-addon.xml [17]
17:18:36.831-----------> ClassLocator.getDependentXMLResources: Replicate resource: timeplot
Overwrite bundleresource://179.fwk146410964:7/metainfo/zk/lang-addon.xml
with bundleresource://179.fwk146410964:24/metainfo/zk/lang-addon.xml [17]
17:18:36.846-----------> ClassLocator.getDependentXMLResources: Replicate resource: zkbind
Overwrite bundleresource://179.fwk146410964:12/metainfo/zk/lang-addon.xml
with bundleresource://179.fwk146410964:29/metainfo/zk/lang-addon.xml [17]
17:18:36.846-----------> ClassLocator.getDependentXMLResources: Replicate resource: zkplus
Overwrite bundleresource://179.fwk146410964:13/metainfo/zk/lang-addon.xml
with bundleresource://179.fwk146410964:30/metainfo/zk/lang-addon.xml [17]
17:18:36.956           WebUIServlet.init: iDempiere Web Client started successfully [17]
17:18:37.869-----------> AnnotationConfiguration.configure: ServletContainerInitializers: detected. Class hierarchy: empty [17]

*** 2016-06-01 17:18:38.113 idempiere Log (CLogFile) ***
17:18:39.869-----------> Node: [10.0.5.43]:5701 [adempiere.idempiere/localhost] [3.5.3] No join method is enabled! Starting standalone. [42]
17:18:55.417===========> MRole.addAccessSQL: TableName not correctly parsed - TableNameIn=C_Invoice - AccessSqlParser[C_Invoice=WHERE|0] - #1 C_Invoice=WHERE
 = SELECT C_Invoice_ID, DocumentNo, DateInvoiced, GrandTotal, PartialPayment, Balance, PaidBill FROM C_Invoice WHERE  [38]
17:19:37.689-----------> Msg.getMsg: NOT found: El proveedor seleccionado, tiene pagos en borrador que necesitan primero ser procesados. [34]
