*** 2016-06-01 15:31:45.454 idempiere Log (CLogFile) ***
15:31:45.454 Adempiere.startup: iDempiere(r) Release 3.1_2015-10-31 -Smart Suite ERP, CRM and SCM- (c) 1999-2013 iDempiere(r); Implementation: iDempiere - Supported by iDempiere community [17]
15:31:45.454 Ini.loadProperties: E:\mercurialidempiere/idempiere-test.properties #33 [17]
15:31:45.917 DB.isBuildOK: Build DB=${env.ADEMPIERE_VERSION} 20080428-1232 [17]
15:31:45.917 DB.isBuildOK: Build Cl=3.1.0.qualifier [17]
15:31:45.932-----------> DB.isBuildOK: Build Version Error 

The program assumes build version 3.1.0.qualifier, but database has build version ${env.ADEMPIERE_VERSION} 20080428-1232. 
This is likely to cause hard to fix errors. 
Please contact administrator. [17]
15:31:46.057 Language.getLanguage: Adding Language=en, Country=US, Locale=en_US [17]
15:31:46.057 Language.getLanguage: Adding Language=en, Country=US, Locale=en_US [17]
15:31:46.120 WebEnv.initWeb: Servlet Context Init Parameters: iDempiere Root
ServerRoot=1 [17]
15:31:46.136-----------> EMail.setFrom: you @ company.org: javax.mail.internet.AddressException: Local address contains control or whitespace in string ``you @ company.org'' [17]
15:31:46.136-----------> EMail.addTo: you @ company.org: javax.mail.internet.AddressException: Local address contains control or whitespace in string ``you @ company.org'' [17]
15:31:46.136-----------> EMail.isValid: From is invalid=null [17]
15:31:46.136-----------> EMail.isValid: From is invalid=null [17]
15:31:46.136-----------> MClient.sendEMail: Could NOT Send Email: Server started: iDempiere (odbz:10.0.5.43) to you @ company.org: Invalid Data (System) [17]
15:31:46.136 WebEnv.initWeb: Servlet Init Parameter: idempiereMonitor [17]
15:31:46.136 AdempiereMonitor.init:  [17]
15:31:47.847-----------> AnnotationConfiguration.configure: ServletContainerInitializers: detected. Class hierarchy: empty [17]
15:31:48.095-----------> ClassLocator.getDependentXMLResources: Replicate resource: ckez
Overwrite bundleresource://179.fwk1319287199:2/metainfo/zk/config.xml
with bundleresource://179.fwk1319287199:19/metainfo/zk/config.xml [17]
15:31:48.110-----------> ClassLocator.getDependentXMLResources: Replicate resource: zk
Overwrite bundleresource://179.fwk1319287199:11/metainfo/zk/config.xml
with bundleresource://179.fwk1319287199:28/metainfo/zk/config.xml [17]
15:31:48.110-----------> ClassLocator.getDependentXMLResources: Replicate resource: zkbind
Overwrite bundleresource://179.fwk1319287199:12/metainfo/zk/config.xml
with bundleresource://179.fwk1319287199:29/metainfo/zk/config.xml [17]
15:31:48.141-----------> ClassLocator.getDependentXMLResources: Replicate resource: zul
Overwrite bundleresource://179.fwk1319287199:14/metainfo/zk/zk.xml
with bundleresource://179.fwk1319287199:31/metainfo/zk/zk.xml [17]
15:31:48.535-----------> LanguageDefinition.<init>: Replicated language: xhtml, overriden by [LanguageDefinition: xhtml] [17]
15:31:48.566-----------> LanguageDefinition.<init>: Replicated language: xul/html, overriden by [LanguageDefinition: xul/html] [17]
15:31:48.629-----------> ClassLocator.getDependentXMLResources: Replicate resource: calendar
Overwrite bundleresource://179.fwk1319287199:1/metainfo/zk/lang-addon.xml
with bundleresource://179.fwk1319287199:18/metainfo/zk/lang-addon.xml [17]
15:31:48.644-----------> ClassLocator.getDependentXMLResources: Replicate resource: ckez
Overwrite bundleresource://179.fwk1319287199:2/metainfo/zk/lang-addon.xml
with bundleresource://179.fwk1319287199:19/metainfo/zk/lang-addon.xml [17]
15:31:48.644-----------> ClassLocator.getDependentXMLResources: Replicate resource: gmapsz
Overwrite bundleresource://179.fwk1319287199:5/metainfo/zk/lang-addon.xml
with bundleresource://179.fwk1319287199:22/metainfo/zk/lang-addon.xml [17]
15:31:48.660-----------> ClassLocator.getDependentXMLResources: Replicate resource: timeline
Overwrite bundleresource://179.fwk1319287199:6/metainfo/zk/lang-addon.xml
with bundleresource://179.fwk1319287199:23/metainfo/zk/lang-addon.xml [17]
15:31:48.660-----------> ClassLocator.getDependentXMLResources: Replicate resource: timeplot
Overwrite bundleresource://179.fwk1319287199:7/metainfo/zk/lang-addon.xml
with bundleresource://179.fwk1319287199:24/metainfo/zk/lang-addon.xml [17]
15:31:48.676-----------> ClassLocator.getDependentXMLResources: Replicate resource: zkbind
Overwrite bundleresource://179.fwk1319287199:12/metainfo/zk/lang-addon.xml
with bundleresource://179.fwk1319287199:29/metainfo/zk/lang-addon.xml [17]
15:31:48.676-----------> ClassLocator.getDependentXMLResources: Replicate resource: zkplus
Overwrite bundleresource://179.fwk1319287199:13/metainfo/zk/lang-addon.xml
with bundleresource://179.fwk1319287199:30/metainfo/zk/lang-addon.xml [17]
15:31:48.785           WebUIServlet.init: iDempiere Web Client started successfully [17]
15:31:49.929-----------> AnnotationConfiguration.configure: ServletContainerInitializers: detected. Class hierarchy: empty [17]

*** 2016-06-01 15:31:50.184 idempiere Log (CLogFile) ***
15:31:52.430-----------> Node: [10.0.5.43]:5701 [adempiere.idempiere/localhost] [3.5.3] No join method is enabled! Starting standalone. [42]
15:32:25.741===========> MRole.addAccessSQL: TableName not correctly parsed - TableNameIn=C_Invoice - AccessSqlParser[C_Invoice=WHERE|0] - #1 C_Invoice=WHERE
 = SELECT C_Invoice_ID, DocumentNo, DateInvoiced, GrandTotal, PartialPayment, Balance, PaidBill FROM C_Invoice WHERE  [121]
15:34:43.613===========> NINSSAllocateInvoice.updateHeader: Header update #32 [35]
15:35:23.294===========> GridTable.open: Count SQL=SELECT COUNT(*) FROM C_Payment WHERE ((C_Payment.C_BPartner_ID IS NOT NULL) AND  ((M_Payment.M_Payment_ID=1000039))) AND C_Payment.AD_Client_ID IN(0,1000000) AND C_Payment.AD_Org_ID IN(0,1000000) AND  (C_Payment.C_Payment_ID IS NULL OR C_Payment.C_Payment_ID NOT IN ( SELECT Record_ID FROM AD_Private_Access WHERE AD_Table_ID = 335 AND AD_User_ID <> 0 AND IsActive = 'Y' ))  [32]
org.postgresql.util.PSQLException: ERROR: falta una entrada para la tabla «m_payment» en la cláusula FROM
  Position: 83; State=42P01; ErrorCode=0
	at org.postgresql.core.v3.QueryExecutorImpl.receiveErrorResponse(QueryExecutorImpl.java:2182)
	at org.postgresql.core.v3.QueryExecutorImpl.processResults(QueryExecutorImpl.java:1911)
	at org.postgresql.core.v3.QueryExecutorImpl.execute(QueryExecutorImpl.java:173)
	at org.postgresql.jdbc2.AbstractJdbc2Statement.execute(AbstractJdbc2Statement.java:645)
	at org.postgresql.jdbc2.AbstractJdbc2Statement.executeWithFlags(AbstractJdbc2Statement.java:495)
	at org.postgresql.jdbc2.AbstractJdbc2Statement.executeQuery(AbstractJdbc2Statement.java:380)
	at com.mchange.v2.c3p0.impl.NewProxyPreparedStatement.executeQuery(NewProxyPreparedStatement.java:1418)
	at sun.reflect.GeneratedMethodAccessor21.invoke(Unknown Source)
	at sun.reflect.DelegatingMethodAccessorImpl.invoke(Unknown Source)
	at java.lang.reflect.Method.invoke(Unknown Source)
	at org.compiere.db.StatementProxy.invoke(StatementProxy.java:128)
	at com.sun.proxy.$Proxy3.executeQuery(Unknown Source)
	at org.compiere.model.GridTable$Loader.open(GridTable.java:3511)
	at org.compiere.model.GridTable.open(GridTable.java:626)
	at org.compiere.model.GridTab.query(GridTab.java:726)
	at org.adempiere.webui.adwindow.ADTabpanel.query(ADTabpanel.java:942)
	at org.adempiere.webui.adwindow.AbstractADWindowContent.initFirstTabpanel(AbstractADWindowContent.java:653)
	at org.adempiere.webui.adwindow.AbstractADWindowContent.initTab(AbstractADWindowContent.java:639)
	at org.adempiere.webui.adwindow.AbstractADWindowContent.initPanel(AbstractADWindowContent.java:352)
	at org.adempiere.webui.adwindow.ADWindow.doCreatePart(ADWindow.java:132)
	at org.adempiere.webui.part.AbstractUIPart.createPart(AbstractUIPart.java:50)

