*** 2016-12-06 16:14:19.445 idempiere Log (CLogFile) ***
16:14:19.444 Adempiere.startup: iDempiere(r) Release 3.1_2015-10-31 -Smart Suite ERP, CRM and SCM- (c) 1999-2013 iDempiere(r); Implementation: iDempiere - Supported by iDempiere community [17]
16:14:19.447 Ini.loadProperties: E:\mercurialidempiere/idempiere-dev.properties #33 [17]
16:14:20.149 AdempiereActivator.installPackage: ni.idempiere.importcurrencyrate 1.0.0 was installed: 2016-11-24 14:40:50.73 [17]
16:14:20.195 DB.isBuildOK: Build DB=${env.ADEMPIERE_VERSION} 20080428-1232 [17]
16:14:20.196 DB.isBuildOK: Build Cl=3.1.0.qualifier [17]
16:14:20.232-----------> DB.isBuildOK: Build Version Error 

The program assumes build version 3.1.0.qualifier, but database has build version ${env.ADEMPIERE_VERSION} 20080428-1232. 
This is likely to cause hard to fix errors. 
Please contact administrator. [17]
16:14:20.376 WebEnv.initWeb: Servlet Context Init Parameters: iDempiere Root
ServerRoot=1 [17]
16:14:20.567-----------> EMail.setFrom: you @ company.org: javax.mail.internet.AddressException: Local address contains control or whitespace in string ``you @ company.org'' [17]
16:14:20.576-----------> EMail.addTo: you @ company.org: javax.mail.internet.AddressException: Local address contains control or whitespace in string ``you @ company.org'' [17]
16:14:20.577-----------> EMail.isValid: From is invalid=null [17]
16:14:20.577-----------> EMail.isValid: From is invalid=null [17]
16:14:20.577-----------> MClient.sendEMail: Could NOT Send Email: Server started: iDempiere (odbz:192.168.47.1) to you @ company.org: Invalid Data (System) [17]
16:14:20.577 WebEnv.initWeb: Servlet Init Parameter: idempiereMonitor [17]
16:14:20.577 AdempiereMonitor.init:  [17]
16:14:23.136-----------> AnnotationConfiguration.configure: ServletContainerInitializers: detected. Class hierarchy: empty [17]
16:14:23.440-----------> ClassLocator.getDependentXMLResources: Replicate resource: ckez
Overwrite bundleresource://188.fwk1480207683:2/metainfo/zk/config.xml
with bundleresource://188.fwk1480207683:19/metainfo/zk/config.xml [17]
16:14:23.449-----------> ClassLocator.getDependentXMLResources: Replicate resource: zk
Overwrite bundleresource://188.fwk1480207683:11/metainfo/zk/config.xml
with bundleresource://188.fwk1480207683:28/metainfo/zk/config.xml [17]
16:14:23.458-----------> ClassLocator.getDependentXMLResources: Replicate resource: zkbind
Overwrite bundleresource://188.fwk1480207683:12/metainfo/zk/config.xml
with bundleresource://188.fwk1480207683:29/metainfo/zk/config.xml [17]
16:14:23.497-----------> ClassLocator.getDependentXMLResources: Replicate resource: zul
Overwrite bundleresource://188.fwk1480207683:14/metainfo/zk/zk.xml
with bundleresource://188.fwk1480207683:31/metainfo/zk/zk.xml [17]
16:14:24.032-----------> LanguageDefinition.<init>: Replicated language: xhtml, overriden by [LanguageDefinition: xhtml] [17]
16:14:24.071-----------> LanguageDefinition.<init>: Replicated language: xul/html, overriden by [LanguageDefinition: xul/html] [17]
16:14:24.150-----------> ClassLocator.getDependentXMLResources: Replicate resource: calendar
Overwrite bundleresource://188.fwk1480207683:1/metainfo/zk/lang-addon.xml
with bundleresource://188.fwk1480207683:18/metainfo/zk/lang-addon.xml [17]
16:14:24.156-----------> ClassLocator.getDependentXMLResources: Replicate resource: ckez
Overwrite bundleresource://188.fwk1480207683:2/metainfo/zk/lang-addon.xml
with bundleresource://188.fwk1480207683:19/metainfo/zk/lang-addon.xml [17]
16:14:24.162-----------> ClassLocator.getDependentXMLResources: Replicate resource: gmapsz
Overwrite bundleresource://188.fwk1480207683:5/metainfo/zk/lang-addon.xml
with bundleresource://188.fwk1480207683:22/metainfo/zk/lang-addon.xml [17]
16:14:24.166-----------> ClassLocator.getDependentXMLResources: Replicate resource: timeline
Overwrite bundleresource://188.fwk1480207683:6/metainfo/zk/lang-addon.xml
with bundleresource://188.fwk1480207683:23/metainfo/zk/lang-addon.xml [17]
16:14:24.171-----------> ClassLocator.getDependentXMLResources: Replicate resource: timeplot
Overwrite bundleresource://188.fwk1480207683:7/metainfo/zk/lang-addon.xml
with bundleresource://188.fwk1480207683:24/metainfo/zk/lang-addon.xml [17]
16:14:24.187-----------> ClassLocator.getDependentXMLResources: Replicate resource: zkbind
Overwrite bundleresource://188.fwk1480207683:12/metainfo/zk/lang-addon.xml
with bundleresource://188.fwk1480207683:29/metainfo/zk/lang-addon.xml [17]
16:14:24.197-----------> ClassLocator.getDependentXMLResources: Replicate resource: zkplus
Overwrite bundleresource://188.fwk1480207683:13/metainfo/zk/lang-addon.xml
with bundleresource://188.fwk1480207683:30/metainfo/zk/lang-addon.xml [17]
16:14:24.511           WebUIServlet.init: iDempiere Web Client started successfully [17]
16:14:25.877-----------> AnnotationConfiguration.configure: ServletContainerInitializers: detected. Class hierarchy: empty [17]

*** 2016-12-06 16:14:26.191 idempiere Log (CLogFile) ***
16:14:27.873-----------> Node: [192.168.163.1]:5701 [adempiere.idempiere/localhost] [3.5.3] No join method is enabled! Starting standalone. [49]
16:14:26.343===========> NotificationValidator.initialize: NotificationValidator.initialize() [75]
org.postgresql.util.PSQLException: ERROR: no existe la relación «ni_notification_trigguer»
  Position: 81; State=42P01; ErrorCode=0
	at org.postgresql.core.v3.QueryExecutorImpl.receiveErrorResponse(QueryExecutorImpl.java:2182)
	at org.postgresql.core.v3.QueryExecutorImpl.processResults(QueryExecutorImpl.java:1911)
	at org.postgresql.core.v3.QueryExecutorImpl.execute(QueryExecutorImpl.java:173)
	at org.postgresql.jdbc2.AbstractJdbc2Statement.execute(AbstractJdbc2Statement.java:645)
	at org.postgresql.jdbc2.AbstractJdbc2Statement.executeWithFlags(AbstractJdbc2Statement.java:495)
	at org.postgresql.jdbc2.AbstractJdbc2Statement.executeQuery(AbstractJdbc2Statement.java:380)
	at com.mchange.v2.c3p0.impl.NewProxyPreparedStatement.executeQuery(NewProxyPreparedStatement.java:1418)
	at sun.reflect.GeneratedMethodAccessor21.invoke(Unknown Source)
	at sun.reflect.DelegatingMethodAccessorImpl.invoke(Unknown Source)
	at java.lang.reflect.Method.invoke(Unknown Source)
	at org.compiere.db.StatementProxy.invoke(StatementProxy.java:128)
	at com.sun.proxy.$Proxy3.executeQuery(Unknown Source)
	at ni.idempiere.model.NotificationValidator.initialize(NotificationValidator.java:45)
	at org.adempiere.base.event.AbstractEventHandler.bindEventManager(AbstractEventHandler.java:57)
	at sun.reflect.NativeMethodAccessorImpl.invoke0(Native Method)
	at sun.reflect.NativeMethodAccessorImpl.invoke(Unknown Source)
	at sun.reflect.DelegatingMethodAccessorImpl.invoke(Unknown Source)
	at java.lang.reflect.Method.invoke(Unknown Source)
	at org.eclipse.equinox.internal.ds.model.ComponentReference.bind(ComponentReference.java:376)
	at org.eclipse.equinox.internal.ds.model.ServiceComponentProp.bindReference(ServiceComponentProp.java:430)
	at org.eclipse.equinox.internal.ds.model.ServiceComponentProp.bind(ServiceComponentProp.java:218)

16:14:41.738===========> MRole.addAccessSQL: TableName not correctly parsed - TableNameIn=C_Invoice - AccessSqlParser[C_Invoice=WHERE|0] - #1 C_Invoice=WHERE
 = SELECT C_Invoice_ID, DocumentNo, DateInvoiced, GrandTotal, PartialPayment, Balance, PaidBill FROM C_Invoice WHERE  [37]
16:15:29.172-----------> Msg.getMsg: NOT found: Número de Facturas(ejem:#F1,#F2,...) [38]
16:15:43.466===========> MRole.addAccessSQL: TableName not correctly parsed - TableNameIn=C_Invoice - AccessSqlParser[C_Invoice=WHERE|0] - #1 C_Invoice=WHERE
 = SELECT C_Invoice_ID, DocumentNo, Numero_PK_Cobro, Numero_Factura, DateInvoiced, GrandTotal, PartialPayment, Balance, PaidBill FROM C_Invoice WHERE  [32]
16:16:17.763===========> UiEngineImpl.handleError:  [32]
java.lang.NullPointerException
	at org.adempiere.webui.form.WNIAllocateInvoice.loadBPartnerInfo(WNIAllocateInvoice.java:648)
	at org.adempiere.webui.form.WNIAllocateInvoice.access$2(WNIAllocateInvoice.java:641)
	at org.adempiere.webui.form.WNIAllocateInvoice$3.onCallback(WNIAllocateInvoice.java:552)
	at org.adempiere.webui.form.WNIAllocateInvoice$3.onCallback(WNIAllocateInvoice.java:1)
	at org.adempiere.webui.window.FDialog$2.onCallback(FDialog.java:357)
	at org.adempiere.webui.window.FDialog$2.onCallback(FDialog.java:1)
	at org.adempiere.webui.component.Messagebox.onPageDetached(Messagebox.java:351)
	at org.zkoss.zk.ui.AbstractComponent.setPage0(AbstractComponent.java:477)
	at org.zkoss.zk.ui.AbstractComponent.setPageBefore(AbstractComponent.java:396)
	at org.zkoss.zk.ui.AbstractComponent.setPage(AbstractComponent.java:361)
	at org.zkoss.zk.ui.AbstractComponent.detach(AbstractComponent.java:1681)
	at org.adempiere.webui.component.Messagebox.onEvent(Messagebox.java:340)
	at org.zkoss.zk.ui.AbstractComponent.onEvent(AbstractComponent.java:2773)
	at org.zkoss.zk.ui.AbstractComponent.service(AbstractComponent.java:2744)
	at org.zkoss.zk.ui.AbstractComponent.service(AbstractComponent.java:2685)
	at org.zkoss.zk.ui.impl.EventProcessor.process(EventProcessor.java:136)
	at org.zkoss.zk.ui.impl.UiEngineImpl.processEvent(UiEngineImpl.java:1765)
	at org.zkoss.zk.ui.impl.UiEngineImpl.process(UiEngineImpl.java:1550)
	at org.zkoss.zk.ui.impl.UiEngineImpl.execUpdate(UiEngineImpl.java:1260)
	at org.zkoss.zk.au.http.DHtmlUpdateServlet.process(DHtmlUpdateServlet.java:611)
	at org.zkoss.zk.au.http.DHtmlUpdateServlet.doGet(DHtmlUpdateServlet.java:485)

16:16:29.947-----------> Msg.getMsg: NOT found: Número de Facturas(ejem:#F1,#F2,...) [37]
16:16:45.872===========> MRole.addAccessSQL: TableName not correctly parsed - TableNameIn=C_Invoice - AccessSqlParser[C_Invoice=WHERE|0] - #1 C_Invoice=WHERE
 = SELECT C_Invoice_ID, DocumentNo, Numero_PK_Cobro, Numero_Factura, DateInvoiced, GrandTotal, PartialPayment, Balance, PaidBill FROM C_Invoice WHERE  [37]
16:17:01.441===========> UiEngineImpl.handleError:  [37]
java.lang.NullPointerException
	at org.adempiere.webui.form.WNIAllocateInvoice.loadBPartnerInfo(WNIAllocateInvoice.java:648)
	at org.adempiere.webui.form.WNIAllocateInvoice.access$2(WNIAllocateInvoice.java:641)
	at org.adempiere.webui.form.WNIAllocateInvoice$3.onCallback(WNIAllocateInvoice.java:552)
	at org.adempiere.webui.form.WNIAllocateInvoice$3.onCallback(WNIAllocateInvoice.java:1)
	at org.adempiere.webui.window.FDialog$2.onCallback(FDialog.java:357)
	at org.adempiere.webui.window.FDialog$2.onCallback(FDialog.java:1)
	at org.adempiere.webui.component.Messagebox.onPageDetached(Messagebox.java:351)
	at org.zkoss.zk.ui.AbstractComponent.setPage0(AbstractComponent.java:477)
	at org.zkoss.zk.ui.AbstractComponent.setPageBefore(AbstractComponent.java:396)
	at org.zkoss.zk.ui.AbstractComponent.setPage(AbstractComponent.java:361)
	at org.zkoss.zk.ui.AbstractComponent.detach(AbstractComponent.java:1681)
	at org.adempiere.webui.component.Messagebox.onEvent(Messagebox.java:340)
	at org.zkoss.zk.ui.AbstractComponent.onEvent(AbstractComponent.java:2773)
	at org.zkoss.zk.ui.AbstractComponent.service(AbstractComponent.java:2744)
	at org.zkoss.zk.ui.AbstractComponent.service(AbstractComponent.java:2685)
	at org.zkoss.zk.ui.impl.EventProcessor.process(EventProcessor.java:136)
	at org.zkoss.zk.ui.impl.UiEngineImpl.processEvent(UiEngineImpl.java:1765)
	at org.zkoss.zk.ui.impl.UiEngineImpl.process(UiEngineImpl.java:1550)
	at org.zkoss.zk.ui.impl.UiEngineImpl.execUpdate(UiEngineImpl.java:1260)
	at org.zkoss.zk.au.http.DHtmlUpdateServlet.process(DHtmlUpdateServlet.java:611)
	at org.zkoss.zk.au.http.DHtmlUpdateServlet.doGet(DHtmlUpdateServlet.java:485)

