*** 2017-08-12 14:55:04.002 idempiere Log (CLogFile) ***
14:55:04.001 Adempiere.startup: iDempiere(r) Release 3.1_2015-10-31 -Smart Suite ERP, CRM and SCM- (c) 1999-2013 iDempiere(r); Implementation: iDempiere - Supported by iDempiere community [17]
14:55:04.007 Ini.loadProperties: E:\mercurialidempiere/idempiere.properties #33 [17]
14:55:05.132 AdempiereActivator.installPackage: ni.idempiere.importcurrencyrate 1.0.0 was installed: 2017-05-19 12:08:41.274 [17]
14:55:05.136 AdempiereActivator.installPackage: ni.idempiere.override.codebase 1.0.0 was installed: 2017-08-07 00:33:04.411 [17]
14:55:05.138 AdempiereActivator.installPackage: cm.itkamer.wandapos-integration2 1.0.0 was installed: 2017-07-10 23:50:08.486 [17]
14:55:05.208 DB.isBuildOK: Build DB=${env.ADEMPIERE_VERSION} 20080428-1232 [17]
14:55:05.208 DB.isBuildOK: Build Cl=3.1.0.qualifier [17]
14:55:05.289-----------> DB.isBuildOK: Error en la versión de la construcción 

El programa asume version de construcción 3.1.0.qualifier, pero la base de datos tiene una versión ${env.ADEMPIERE_VERSION} 20080428-1232.
Es posible que esto cause errores difíciles de corregir.
Por favor contacte al ADMINISTRADOR. [17]
14:55:05.421 WebEnv.initWeb: Servlet Context Init Parameters: iDempiere Root
ServerRoot=1 [17]
14:55:05.590-----------> EMail.setFrom: you @ company.org: javax.mail.internet.AddressException: Local address contains control or whitespace in string ``you @ company.org'' [17]
14:55:05.592-----------> EMail.addTo: you @ company.org: javax.mail.internet.AddressException: Local address contains control or whitespace in string ``you @ company.org'' [17]
14:55:05.592-----------> EMail.isValid: From is invalid=null [17]
14:55:05.592-----------> EMail.isValid: From is invalid=null [17]
14:55:05.593-----------> MClient.sendEMail: Could NOT Send Email: Server started: iDempiere (odbz:192.168.47.1) to you @ company.org: Invalid Data (System) [17]
14:55:05.593 WebEnv.initWeb: Servlet Init Parameter: idempiereMonitor [17]
14:55:05.593 AdempiereMonitor.init:  [17]
14:55:15.923-----------> AnnotationConfiguration.configure: ServletContainerInitializers: detected. Class hierarchy: empty [17]
14:55:16.268-----------> ClassLocator.getDependentXMLResources: Replicate resource: ckez
Overwrite bundleresource://187.fwk1217681101:2/metainfo/zk/config.xml
with bundleresource://187.fwk1217681101:19/metainfo/zk/config.xml [17]
14:55:16.272-----------> ClassLocator.getDependentXMLResources: Replicate resource: zk
Overwrite bundleresource://187.fwk1217681101:11/metainfo/zk/config.xml
with bundleresource://187.fwk1217681101:28/metainfo/zk/config.xml [17]
14:55:16.276-----------> ClassLocator.getDependentXMLResources: Replicate resource: zkbind
Overwrite bundleresource://187.fwk1217681101:12/metainfo/zk/config.xml
with bundleresource://187.fwk1217681101:29/metainfo/zk/config.xml [17]
14:55:16.303-----------> ClassLocator.getDependentXMLResources: Replicate resource: zul
Overwrite bundleresource://187.fwk1217681101:14/metainfo/zk/zk.xml
with bundleresource://187.fwk1217681101:31/metainfo/zk/zk.xml [17]
14:55:16.759-----------> LanguageDefinition.<init>: Replicated language: xhtml, overriden by [LanguageDefinition: xhtml] [17]
14:55:16.789-----------> LanguageDefinition.<init>: Replicated language: xul/html, overriden by [LanguageDefinition: xul/html] [17]
14:55:16.875-----------> ClassLocator.getDependentXMLResources: Replicate resource: calendar
Overwrite bundleresource://187.fwk1217681101:1/metainfo/zk/lang-addon.xml
with bundleresource://187.fwk1217681101:18/metainfo/zk/lang-addon.xml [17]
14:55:16.880-----------> ClassLocator.getDependentXMLResources: Replicate resource: ckez
Overwrite bundleresource://187.fwk1217681101:2/metainfo/zk/lang-addon.xml
with bundleresource://187.fwk1217681101:19/metainfo/zk/lang-addon.xml [17]
14:55:16.893-----------> ClassLocator.getDependentXMLResources: Replicate resource: gmapsz
Overwrite bundleresource://187.fwk1217681101:5/metainfo/zk/lang-addon.xml
with bundleresource://187.fwk1217681101:22/metainfo/zk/lang-addon.xml [17]
14:55:16.899-----------> ClassLocator.getDependentXMLResources: Replicate resource: timeline
Overwrite bundleresource://187.fwk1217681101:6/metainfo/zk/lang-addon.xml
with bundleresource://187.fwk1217681101:23/metainfo/zk/lang-addon.xml [17]
14:55:16.907-----------> ClassLocator.getDependentXMLResources: Replicate resource: timeplot
Overwrite bundleresource://187.fwk1217681101:7/metainfo/zk/lang-addon.xml
with bundleresource://187.fwk1217681101:24/metainfo/zk/lang-addon.xml [17]
14:55:16.925-----------> ClassLocator.getDependentXMLResources: Replicate resource: zkbind
Overwrite bundleresource://187.fwk1217681101:12/metainfo/zk/lang-addon.xml
with bundleresource://187.fwk1217681101:29/metainfo/zk/lang-addon.xml [17]
14:55:16.934-----------> ClassLocator.getDependentXMLResources: Replicate resource: zkplus
Overwrite bundleresource://187.fwk1217681101:13/metainfo/zk/lang-addon.xml
with bundleresource://187.fwk1217681101:30/metainfo/zk/lang-addon.xml [17]
14:55:17.283           WebUIServlet.init: iDempiere Web Client started successfully [17]
14:55:18.848-----------> AnnotationConfiguration.configure: ServletContainerInitializers: detected. Class hierarchy: empty [17]

*** 2017-08-12 14:55:19.482 idempiere Log (CLogFile) ***
14:55:21.703-----------> Node: [192.168.163.1]:5701 [adempiere.idempiere/localhost] [3.5.3] No join method is enabled! Starting standalone. [50]
14:59:00.071-----------> Prop.loadProperties: E:\mercurialidempiere\home.properties not found [38]
14:59:00.071-----------> Prop.loadProperties: !!WARNING:Please locate yout custom home.properties on iDEMPIERE_HOME. [38]
15:04:23.716-----------> GridTable.saveWarning: FillMandatory - Nombre
 [32]
