*** 2016-05-24 10:18:01.554 idempiere Log (CLogFile) ***
10:18:01.554 Adempiere.startup: iDempiere(r) Release 3.1_2015-10-31 -Smart Suite ERP, CRM and SCM- (c) 1999-2013 iDempiere(r); Implementation: iDempiere - Supported by iDempiere community [17]
10:18:01.569 Ini.loadProperties: E:\mercurialidempiere/idempiere-test.properties #33 [17]
10:18:01.944 DB.isBuildOK: Build DB=${env.ADEMPIERE_VERSION} 20080428-1232 [17]
10:18:01.944 DB.isBuildOK: Build Cl=3.1.0.qualifier [17]
10:18:01.960-----------> DB.isBuildOK: Build Version Error 

The program assumes build version 3.1.0.qualifier, but database has build version ${env.ADEMPIERE_VERSION} 20080428-1232. 
This is likely to cause hard to fix errors. 
Please contact administrator. [17]
10:18:02.054 Language.getLanguage: Adding Language=en, Country=US, Locale=en_US [17]
10:18:02.069 Language.getLanguage: Adding Language=en, Country=US, Locale=en_US [17]
10:18:02.132 WebEnv.initWeb: Servlet Context Init Parameters: iDempiere Root
ServerRoot=1 [17]
10:18:02.147-----------> EMail.setFrom: you @ company.org: javax.mail.internet.AddressException: Local address contains control or whitespace in string ``you @ company.org'' [17]
10:18:02.147-----------> EMail.addTo: you @ company.org: javax.mail.internet.AddressException: Local address contains control or whitespace in string ``you @ company.org'' [17]
10:18:02.147-----------> EMail.isValid: From is invalid=null [17]
10:18:02.147-----------> EMail.isValid: From is invalid=null [17]
10:18:02.147-----------> MClient.sendEMail: Could NOT Send Email: Server started: iDempiere (odbz:10.0.5.43) to you @ company.org: Invalid Data (System) [17]
10:18:02.147 WebEnv.initWeb: Servlet Init Parameter: idempiereMonitor [17]
10:18:02.147 AdempiereMonitor.init:  [17]
10:18:03.647-----------> AnnotationConfiguration.configure: ServletContainerInitializers: detected. Class hierarchy: empty [17]
10:18:03.871-----------> ClassLocator.getDependentXMLResources: Replicate resource: ckez
Overwrite bundleresource://178.fwk1399961333:2/metainfo/zk/config.xml
with bundleresource://178.fwk1399961333:19/metainfo/zk/config.xml [17]
10:18:03.887-----------> ClassLocator.getDependentXMLResources: Replicate resource: zk
Overwrite bundleresource://178.fwk1399961333:11/metainfo/zk/config.xml
with bundleresource://178.fwk1399961333:28/metainfo/zk/config.xml [17]
10:18:03.887-----------> ClassLocator.getDependentXMLResources: Replicate resource: zkbind
Overwrite bundleresource://178.fwk1399961333:12/metainfo/zk/config.xml
with bundleresource://178.fwk1399961333:29/metainfo/zk/config.xml [17]
10:18:03.918-----------> ClassLocator.getDependentXMLResources: Replicate resource: zul
Overwrite bundleresource://178.fwk1399961333:14/metainfo/zk/zk.xml
with bundleresource://178.fwk1399961333:31/metainfo/zk/zk.xml [17]
10:18:04.246-----------> LanguageDefinition.<init>: Replicated language: xhtml, overriden by [LanguageDefinition: xhtml] [17]
10:18:04.277-----------> LanguageDefinition.<init>: Replicated language: xul/html, overriden by [LanguageDefinition: xul/html] [17]
10:18:04.324-----------> ClassLocator.getDependentXMLResources: Replicate resource: calendar
Overwrite bundleresource://178.fwk1399961333:1/metainfo/zk/lang-addon.xml
with bundleresource://178.fwk1399961333:18/metainfo/zk/lang-addon.xml [17]
10:18:04.340-----------> ClassLocator.getDependentXMLResources: Replicate resource: ckez
Overwrite bundleresource://178.fwk1399961333:2/metainfo/zk/lang-addon.xml
with bundleresource://178.fwk1399961333:19/metainfo/zk/lang-addon.xml [17]
10:18:04.340-----------> ClassLocator.getDependentXMLResources: Replicate resource: gmapsz
Overwrite bundleresource://178.fwk1399961333:5/metainfo/zk/lang-addon.xml
with bundleresource://178.fwk1399961333:22/metainfo/zk/lang-addon.xml [17]
10:18:04.340-----------> ClassLocator.getDependentXMLResources: Replicate resource: timeline
Overwrite bundleresource://178.fwk1399961333:6/metainfo/zk/lang-addon.xml
with bundleresource://178.fwk1399961333:23/metainfo/zk/lang-addon.xml [17]
10:18:04.340-----------> ClassLocator.getDependentXMLResources: Replicate resource: timeplot
Overwrite bundleresource://178.fwk1399961333:7/metainfo/zk/lang-addon.xml
with bundleresource://178.fwk1399961333:24/metainfo/zk/lang-addon.xml [17]
10:18:04.355-----------> ClassLocator.getDependentXMLResources: Replicate resource: zkbind
Overwrite bundleresource://178.fwk1399961333:12/metainfo/zk/lang-addon.xml
with bundleresource://178.fwk1399961333:29/metainfo/zk/lang-addon.xml [17]
10:18:04.371-----------> ClassLocator.getDependentXMLResources: Replicate resource: zkplus
Overwrite bundleresource://178.fwk1399961333:13/metainfo/zk/lang-addon.xml
with bundleresource://178.fwk1399961333:30/metainfo/zk/lang-addon.xml [17]
10:18:04.480           WebUIServlet.init: iDempiere Web Client started successfully [17]
10:18:05.434-----------> AnnotationConfiguration.configure: ServletContainerInitializers: detected. Class hierarchy: empty [17]

*** 2016-05-24 10:18:05.711 idempiere Log (CLogFile) ***
10:18:07.993-----------> Node: [10.0.5.43]:5701 [adempiere.idempiere/localhost] [3.5.3] No join method is enabled! Starting standalone. [41]
10:18:18.115===========> MRole.addAccessSQL: TableName not correctly parsed - TableNameIn=C_Invoice - AccessSqlParser[C_Invoice=WHERE|0] - #1 C_Invoice=WHERE
 = SELECT C_Invoice_ID, DocumentNo, DateInvoiced, GrandTotal, Balance FROM C_Invoice WHERE  [37]
10:18:34.963===========> MRole.addAccessSQL: TableName not correctly parsed - TableNameIn=C_Invoice - AccessSqlParser[C_Invoice=WHERE|0] - #1 C_Invoice=WHERE
 = SELECT C_Invoice_ID, DocumentNo, DateInvoiced, GrandTotal, Balance FROM C_Invoice WHERE  [35]
10:19:58.648===========> GridWindowVO.create: No Window - AD_Window_ID=123, AD_Role_ID=MRole[0,System Administrator,UserLevel=S  ,AD_Client_ID=0,AD_Org_ID=0] - SELECT Name,Description,Help,WindowType, AD_Color_ID,AD_Image_ID,WinHeight,WinWidth, IsSOTrx, AD_Window_UU FROM AD_Window_vt w WHERE w.AD_Window_ID=? AND AD_Language='es_NI' [34]
10:19:58.694===========> CLogger.saveError: AccessTableNoView - (Not found) [34]
10:20:08.982===========> GridWindowVO.create: No Window - AD_Window_ID=123, AD_Role_ID=MRole[0,System Administrator,UserLevel=S  ,AD_Client_ID=0,AD_Org_ID=0] - SELECT Name,Description,Help,WindowType, AD_Color_ID,AD_Image_ID,WinHeight,WinWidth, IsSOTrx, AD_Window_UU FROM AD_Window_vt w WHERE w.AD_Window_ID=? AND AD_Language='es_NI' [34]
10:20:08.998===========> CLogger.saveError: AccessTableNoView - (Not found) [34]
