*** 2017-08-18 12:25:22.79 idempiere Log (CLogFile) ***
12:25:22.790 Adempiere.startup: iDempiere(r) Release 3.1_2015-10-31 -Smart Suite ERP, CRM and SCM- (c) 1999-2013 iDempiere(r); Implementation: iDempiere - Supported by iDempiere community [17]
12:25:22.793 Ini.loadProperties: E:\mercurialidempiere/idempiere.properties #33 [17]
12:25:23.331 AdempiereActivator.installPackage: ni.idempiere.procesingdocuments 1.0.0 was installed: 2017-08-18 11:31:17.908 [17]
12:25:23.333 AdempiereActivator.installPackage: cm.itkamer.wandapos-integration2 1.0.0 was installed: 2017-07-10 23:50:08.486 [17]
12:25:23.335 AdempiereActivator.installPackage: ni.idempiere.importcurrencyrate 1.0.0 was installed: 2017-05-19 12:08:41.274 [17]
12:25:23.337 AdempiereActivator.installPackage: ni.idempiere.override.codebase 1.0.0 was installed: 2017-08-07 00:33:04.411 [17]
12:25:23.350 DB.isBuildOK: Build DB=${env.ADEMPIERE_VERSION} 20080428-1232 [17]
12:25:23.350 DB.isBuildOK: Build Cl=3.1.0.qualifier [17]
12:25:23.367-----------> DB.isBuildOK: Error en la versión de la construcción 

El programa asume version de construcción 3.1.0.qualifier, pero la base de datos tiene una versión ${env.ADEMPIERE_VERSION} 20080428-1232.
Es posible que esto cause errores difíciles de corregir.
Por favor contacte al ADMINISTRADOR. [17]
12:25:23.436 WebEnv.initWeb: Servlet Context Init Parameters: iDempiere Root
ServerRoot=1 [17]
12:25:23.633-----------> EMail.setFrom: you @ company.org: javax.mail.internet.AddressException: Local address contains control or whitespace in string ``you @ company.org'' [17]
12:25:23.635-----------> EMail.addTo: you @ company.org: javax.mail.internet.AddressException: Local address contains control or whitespace in string ``you @ company.org'' [17]
12:25:23.635-----------> EMail.isValid: From is invalid=null [17]
12:25:23.635-----------> EMail.isValid: From is invalid=null [17]
12:25:23.635-----------> MClient.sendEMail: Could NOT Send Email: Server started: iDempiere (odbz:192.168.8.100) to you @ company.org: Invalid Data (System) [17]
12:25:23.636 WebEnv.initWeb: Servlet Init Parameter: idempiereMonitor [17]
12:25:23.636 AdempiereMonitor.init:  [17]
12:25:25.218-----------> AnnotationConfiguration.configure: ServletContainerInitializers: detected. Class hierarchy: empty [17]
12:25:25.437-----------> ClassLocator.getDependentXMLResources: Replicate resource: ckez
Overwrite bundleresource://188.fwk1319287199:2/metainfo/zk/config.xml
with bundleresource://188.fwk1319287199:19/metainfo/zk/config.xml [17]
12:25:25.443-----------> ClassLocator.getDependentXMLResources: Replicate resource: zk
Overwrite bundleresource://188.fwk1319287199:11/metainfo/zk/config.xml
with bundleresource://188.fwk1319287199:28/metainfo/zk/config.xml [17]
12:25:25.449-----------> ClassLocator.getDependentXMLResources: Replicate resource: zkbind
Overwrite bundleresource://188.fwk1319287199:12/metainfo/zk/config.xml
with bundleresource://188.fwk1319287199:29/metainfo/zk/config.xml [17]
12:25:25.480-----------> ClassLocator.getDependentXMLResources: Replicate resource: zul
Overwrite bundleresource://188.fwk1319287199:14/metainfo/zk/zk.xml
with bundleresource://188.fwk1319287199:31/metainfo/zk/zk.xml [17]
12:25:25.816-----------> LanguageDefinition.<init>: Replicated language: xhtml, overriden by [LanguageDefinition: xhtml] [17]
12:25:25.839-----------> LanguageDefinition.<init>: Replicated language: xul/html, overriden by [LanguageDefinition: xul/html] [17]
12:25:25.893-----------> ClassLocator.getDependentXMLResources: Replicate resource: calendar
Overwrite bundleresource://188.fwk1319287199:1/metainfo/zk/lang-addon.xml
with bundleresource://188.fwk1319287199:18/metainfo/zk/lang-addon.xml [17]
12:25:25.896-----------> ClassLocator.getDependentXMLResources: Replicate resource: ckez
Overwrite bundleresource://188.fwk1319287199:2/metainfo/zk/lang-addon.xml
with bundleresource://188.fwk1319287199:19/metainfo/zk/lang-addon.xml [17]
12:25:25.902-----------> ClassLocator.getDependentXMLResources: Replicate resource: gmapsz
Overwrite bundleresource://188.fwk1319287199:5/metainfo/zk/lang-addon.xml
with bundleresource://188.fwk1319287199:22/metainfo/zk/lang-addon.xml [17]
12:25:25.906-----------> ClassLocator.getDependentXMLResources: Replicate resource: timeline
Overwrite bundleresource://188.fwk1319287199:6/metainfo/zk/lang-addon.xml
with bundleresource://188.fwk1319287199:23/metainfo/zk/lang-addon.xml [17]
12:25:25.909-----------> ClassLocator.getDependentXMLResources: Replicate resource: timeplot
Overwrite bundleresource://188.fwk1319287199:7/metainfo/zk/lang-addon.xml
with bundleresource://188.fwk1319287199:24/metainfo/zk/lang-addon.xml [17]
12:25:25.924-----------> ClassLocator.getDependentXMLResources: Replicate resource: zkbind
Overwrite bundleresource://188.fwk1319287199:12/metainfo/zk/lang-addon.xml
with bundleresource://188.fwk1319287199:29/metainfo/zk/lang-addon.xml [17]
12:25:25.930-----------> ClassLocator.getDependentXMLResources: Replicate resource: zkplus
Overwrite bundleresource://188.fwk1319287199:13/metainfo/zk/lang-addon.xml
with bundleresource://188.fwk1319287199:30/metainfo/zk/lang-addon.xml [17]
12:25:26.202           WebUIServlet.init: iDempiere Web Client started successfully [17]
12:25:27.119-----------> AnnotationConfiguration.configure: ServletContainerInitializers: detected. Class hierarchy: empty [17]

*** 2017-08-18 12:25:27.398 idempiere Log (CLogFile) ***
12:25:29.519-----------> Node: [192.168.163.1]:5701 [adempiere.nemusa/localhost] [3.5.3] No join method is enabled! Starting standalone. [44]
12:30:02.900===========> NIMPayment.beforeSave: Log desde NINSSMPayment... [38]
12:30:19.719===========> NIMPayment.beforeSave: Log desde NINSSMPayment... [178]
12:30:20.955===========> NIMPayment.beforeSave: Log desde NINSSMPayment... [178]
12:30:40.296===========> NIMPayment.beforeSave: Log desde NINSSMPayment... [37]
12:30:40.960===========> NIMPayment.beforeSave: Log desde NINSSMPayment... [65]
12:30:41.052===========> NIMPayment.beforeSave: Log desde NINSSMPayment... [65]
12:30:41.215===========> NIMPayment.beforeSave: Log desde NINSSMPayment... [65]
12:30:41.586===========> NIMPayment.beforeSave: Log desde NINSSMPayment... [65]
12:30:41.896===========> NIMPayment.beforeSave: Log desde NINSSMPayment... [65]
12:30:55.785===========> NIMPayment.beforeSave: Log desde NINSSMPayment... [33]
12:31:09.575===========> NIMPayment.beforeSave: Log desde NINSSMPayment... [40]
12:31:14.382===========> NIMPayment.beforeSave: Log desde NINSSMPayment... [181]
12:31:14.816===========> NIMPayment.beforeSave: Log desde NINSSMPayment... [181]
12:40:11.226===========> NIMPayment.beforeSave: Log desde NINSSMPayment... [200]
12:40:11.782===========> NIMPayment.beforeSave: Log desde NINSSMPayment... [185]
12:40:11.852===========> NIMPayment.beforeSave: Log desde NINSSMPayment... [185]
12:40:11.973===========> NIMPayment.beforeSave: Log desde NINSSMPayment... [185]
12:40:12.241===========> NIMPayment.beforeSave: Log desde NINSSMPayment... [185]
12:40:12.632===========> NIMPayment.beforeSave: Log desde NINSSMPayment... [185]
12:40:25.844===========> NIMPayment.beforeSave: Log desde NINSSMPayment... [200]
12:40:46.171===========> NIMPayment.beforeSave: Log desde NINSSMPayment... [156]
12:40:53.312===========> NIMPayment.beforeSave: Log desde NINSSMPayment... [156]
12:41:33.389===========> NIMPayment.beforeSave: Log desde NINSSMPayment... [38]
12:41:33.865===========> NIMPayment.beforeSave: Log desde NINSSMPayment... [160]
12:41:34.031===========> NIMPayment.beforeSave: Log desde NINSSMPayment... [160]
12:41:34.202===========> NIMPayment.beforeSave: Log desde NINSSMPayment... [160]
12:41:34.740===========> NIMPayment.beforeSave: Log desde NINSSMPayment... [160]
12:41:35.028===========> NIMPayment.beforeSave: Log desde NINSSMPayment... [160]
12:41:53.352===========> NIMPayment.beforeSave: Log desde NINSSMPayment... [198]
