*** 2017-02-01 15:03:54.653 idempiere Log (CLogFile) ***
15:03:54.653 Adempiere.startup: iDempiere(r) Release 3.1_2015-10-31 -Smart Suite ERP, CRM and SCM- (c) 1999-2013 iDempiere(r); Implementation: iDempiere - Supported by iDempiere community [17]
15:03:54.656 Ini.loadProperties: E:\mercurialidempiere/idempiere.properties #33 [17]
15:03:55.384 AdempiereActivator.installPackage: ni.idempiere.importcurrencyrate 1.0.0 was installed: 2016-07-14 16:34:48.698 [17]
15:03:55.398 DB.isBuildOK: Build DB=${env.ADEMPIERE_VERSION} 20080428-1232 [17]
15:03:55.398 DB.isBuildOK: Build Cl=3.1.0.qualifier [17]
15:03:55.420-----------> DB.isBuildOK: Build Version Error 

The program assumes build version 3.1.0.qualifier, but database has build version ${env.ADEMPIERE_VERSION} 20080428-1232. 
This is likely to cause hard to fix errors. 
Please contact administrator. [17]
15:03:55.512 WebEnv.initWeb: Servlet Context Init Parameters: iDempiere Root
ServerRoot=1 [17]
15:03:55.691-----------> EMail.setFrom: you @ company.org: javax.mail.internet.AddressException: Local address contains control or whitespace in string ``you @ company.org'' [17]
15:03:55.694-----------> EMail.addTo: you @ company.org: javax.mail.internet.AddressException: Local address contains control or whitespace in string ``you @ company.org'' [17]
15:03:55.694-----------> EMail.isValid: From is invalid=null [17]
15:03:55.694-----------> EMail.isValid: From is invalid=null [17]
15:03:55.694-----------> MClient.sendEMail: Could NOT Send Email: Server started: iDempiere (odbz:192.168.47.1) to you @ company.org: Invalid Data (System) [17]
15:03:55.695 WebEnv.initWeb: Servlet Init Parameter: idempiereMonitor [17]
15:03:55.695 AdempiereMonitor.init:  [17]
15:03:57.841-----------> AnnotationConfiguration.configure: ServletContainerInitializers: detected. Class hierarchy: empty [17]
15:03:58.168-----------> ClassLocator.getDependentXMLResources: Replicate resource: ckez
Overwrite bundleresource://187.fwk1399961333:2/metainfo/zk/config.xml
with bundleresource://187.fwk1399961333:19/metainfo/zk/config.xml [17]
15:03:58.179-----------> ClassLocator.getDependentXMLResources: Replicate resource: zk
Overwrite bundleresource://187.fwk1399961333:11/metainfo/zk/config.xml
with bundleresource://187.fwk1399961333:28/metainfo/zk/config.xml [17]
15:03:58.185-----------> ClassLocator.getDependentXMLResources: Replicate resource: zkbind
Overwrite bundleresource://187.fwk1399961333:12/metainfo/zk/config.xml
with bundleresource://187.fwk1399961333:29/metainfo/zk/config.xml [17]
15:03:58.229-----------> ClassLocator.getDependentXMLResources: Replicate resource: zul
Overwrite bundleresource://187.fwk1399961333:14/metainfo/zk/zk.xml
with bundleresource://187.fwk1399961333:31/metainfo/zk/zk.xml [17]
15:03:58.731-----------> LanguageDefinition.<init>: Replicated language: xhtml, overriden by [LanguageDefinition: xhtml] [17]
15:03:58.769-----------> LanguageDefinition.<init>: Replicated language: xul/html, overriden by [LanguageDefinition: xul/html] [17]
15:03:58.850-----------> ClassLocator.getDependentXMLResources: Replicate resource: calendar
Overwrite bundleresource://187.fwk1399961333:1/metainfo/zk/lang-addon.xml
with bundleresource://187.fwk1399961333:18/metainfo/zk/lang-addon.xml [17]
15:03:58.860-----------> ClassLocator.getDependentXMLResources: Replicate resource: ckez
Overwrite bundleresource://187.fwk1399961333:2/metainfo/zk/lang-addon.xml
with bundleresource://187.fwk1399961333:19/metainfo/zk/lang-addon.xml [17]
15:03:58.867-----------> ClassLocator.getDependentXMLResources: Replicate resource: gmapsz
Overwrite bundleresource://187.fwk1399961333:5/metainfo/zk/lang-addon.xml
with bundleresource://187.fwk1399961333:22/metainfo/zk/lang-addon.xml [17]
15:03:58.877-----------> ClassLocator.getDependentXMLResources: Replicate resource: timeline
Overwrite bundleresource://187.fwk1399961333:6/metainfo/zk/lang-addon.xml
with bundleresource://187.fwk1399961333:23/metainfo/zk/lang-addon.xml [17]
15:03:58.882-----------> ClassLocator.getDependentXMLResources: Replicate resource: timeplot
Overwrite bundleresource://187.fwk1399961333:7/metainfo/zk/lang-addon.xml
with bundleresource://187.fwk1399961333:24/metainfo/zk/lang-addon.xml [17]
15:03:58.897-----------> ClassLocator.getDependentXMLResources: Replicate resource: zkbind
Overwrite bundleresource://187.fwk1399961333:12/metainfo/zk/lang-addon.xml
with bundleresource://187.fwk1399961333:29/metainfo/zk/lang-addon.xml [17]
15:03:58.915-----------> ClassLocator.getDependentXMLResources: Replicate resource: zkplus
Overwrite bundleresource://187.fwk1399961333:13/metainfo/zk/lang-addon.xml
with bundleresource://187.fwk1399961333:30/metainfo/zk/lang-addon.xml [17]
15:03:59.241           WebUIServlet.init: iDempiere Web Client started successfully [17]
15:04:00.516-----------> AnnotationConfiguration.configure: ServletContainerInitializers: detected. Class hierarchy: empty [17]

*** 2017-02-01 15:04:00.838 idempiere Log (CLogFile) ***
15:04:02.543-----------> Node: [192.168.163.1]:5701 [adempiere.idempiere/localhost] [3.5.3] No join method is enabled! Starting standalone. [41]
15:04:00.974===========> NotificationValidator.initialize: NotificationValidator.initialize() [70]
org.postgresql.util.PSQLException: ERROR: no existe la relación «ni_notification_trigguer»
  Position: 81; State=42P01; ErrorCode=0
	at org.postgresql.core.v3.QueryExecutorImpl.receiveErrorResponse(QueryExecutorImpl.java:2182)
	at org.postgresql.core.v3.QueryExecutorImpl.processResults(QueryExecutorImpl.java:1911)
	at org.postgresql.core.v3.QueryExecutorImpl.execute(QueryExecutorImpl.java:173)
	at org.postgresql.jdbc2.AbstractJdbc2Statement.execute(AbstractJdbc2Statement.java:645)
	at org.postgresql.jdbc2.AbstractJdbc2Statement.executeWithFlags(AbstractJdbc2Statement.java:495)
	at org.postgresql.jdbc2.AbstractJdbc2Statement.executeQuery(AbstractJdbc2Statement.java:380)
	at com.mchange.v2.c3p0.impl.NewProxyPreparedStatement.executeQuery(NewProxyPreparedStatement.java:1418)
	at sun.reflect.GeneratedMethodAccessor21.invoke(Unknown Source)
	at sun.reflect.DelegatingMethodAccessorImpl.invoke(Unknown Source)
	at java.lang.reflect.Method.invoke(Unknown Source)
	at org.compiere.db.StatementProxy.invoke(StatementProxy.java:128)
	at com.sun.proxy.$Proxy3.executeQuery(Unknown Source)
	at ni.idempiere.model.NotificationValidator.initialize(NotificationValidator.java:45)
	at org.adempiere.base.event.AbstractEventHandler.bindEventManager(AbstractEventHandler.java:57)
	at sun.reflect.NativeMethodAccessorImpl.invoke0(Native Method)
	at sun.reflect.NativeMethodAccessorImpl.invoke(Unknown Source)
	at sun.reflect.DelegatingMethodAccessorImpl.invoke(Unknown Source)
	at java.lang.reflect.Method.invoke(Unknown Source)
	at org.eclipse.equinox.internal.ds.model.ComponentReference.bind(ComponentReference.java:376)
	at org.eclipse.equinox.internal.ds.model.ServiceComponentProp.bindReference(ServiceComponentProp.java:430)
	at org.eclipse.equinox.internal.ds.model.ServiceComponentProp.bind(ServiceComponentProp.java:218)

15:04:24.864-----------> Prop.loadProperties: E:\mercurialidempiere\home.properties not found [34]
15:04:24.864-----------> Prop.loadProperties: !!WARNING:Please locate yout custom home.properties on iDEMPIERE_HOME. [34]
15:05:32.020-----------> MWorkflow.getNodesInOrder: Added Node w/o transition: MWFNode[1000004-Export Data to Queue,Action=Process:AD_Process_ID=1000027] [34]
15:05:32.020-----------> MWorkflow.getNodesInOrder: Added Node w/o transition: MWFNode[1000003-Turn ActiveMQ OFF,Action=Task:AD_Task_ID=50001] [34]
15:05:32.021-----------> MWorkflow.getNodesInOrder: Added Node w/o transition: MWFNode[1000002-Turn ActiveMQ ON,Action=Task:AD_Task_ID=50000] [34]
15:05:32.021-----------> MWorkflow.getNodesInOrder: Added Node w/o transition: MWFNode[1000001-Process Imported Orders,Action=Window:AD_Window_ID=281] [34]
15:05:32.021-----------> MWorkflow.getNodesInOrder: Added Node w/o transition: MWFNode[1000000-Import Orders from Wanda POS,Action=Process:AD_Process_ID=1000026] [34]
15:05:33.377-----------> MWorkflow.getNodesInOrder: Added Node w/o transition: MWFNode[1000004-Export Data to Queue,Action=Process:AD_Process_ID=1000027] [33]
15:05:33.377-----------> MWorkflow.getNodesInOrder: Added Node w/o transition: MWFNode[1000003-Turn ActiveMQ OFF,Action=Task:AD_Task_ID=50001] [33]
15:05:33.378-----------> MWorkflow.getNodesInOrder: Added Node w/o transition: MWFNode[1000002-Turn ActiveMQ ON,Action=Task:AD_Task_ID=50000] [33]
15:05:33.378-----------> MWorkflow.getNodesInOrder: Added Node w/o transition: MWFNode[1000001-Process Imported Orders,Action=Window:AD_Window_ID=281] [33]
15:05:33.379-----------> MWorkflow.getNodesInOrder: Added Node w/o transition: MWFNode[1000000-Import Orders from Wanda POS,Action=Process:AD_Process_ID=1000026] [33]
15:05:50.875-----------> Msg.getMsg: NOT found: ni.idempiere.toolbar.button.action.report.label [35]
15:05:50.875-----------> Msg.getMsg: NOT found: ni.idempiere.toolbar.button.action.report.tooltip [35]
15:05:55.069-----------> Msg.getMsg: NOT found: ni.idempiere.toolbar.button.action.report.label [68]
15:05:55.069-----------> Msg.getMsg: NOT found: ni.idempiere.toolbar.button.action.report.tooltip [68]
15:06:00.200-----------> Msg.getMsg: NOT found: ni.idempiere.toolbar.button.action.report.label [38]
15:06:00.200-----------> Msg.getMsg: NOT found: ni.idempiere.toolbar.button.action.report.tooltip [38]
15:06:11.475-----------> Msg.getMsg: NOT found: ni.idempiere.toolbar.button.action.report.label [33]
15:06:11.476-----------> Msg.getMsg: NOT found: ni.idempiere.toolbar.button.action.report.tooltip [33]
15:06:17.759-----------> Msg.getMsg: NOT found: ni.idempiere.toolbar.button.action.report.label [68]
15:06:17.760-----------> Msg.getMsg: NOT found: ni.idempiere.toolbar.button.action.report.tooltip [68]
15:06:24.208-----------> Msg.getMsg: NOT found: ni.idempiere.toolbar.button.action.report.label [34]
15:06:24.208-----------> Msg.getMsg: NOT found: ni.idempiere.toolbar.button.action.report.tooltip [34]
15:08:40.129-----------> Msg.getMsg: NOT found: ni.idempiere.toolbar.button.action.report.label [33]
15:08:40.129-----------> Msg.getMsg: NOT found: ni.idempiere.toolbar.button.action.report.tooltip [33]
15:09:49.226-----------> Msg.getMsg: NOT found: ni.idempiere.toolbar.button.action.report.label [38]
15:09:49.226-----------> Msg.getMsg: NOT found: ni.idempiere.toolbar.button.action.report.tooltip [38]
15:10:35.106-----------> Msg.getMsg: NOT found: ni.idempiere.toolbar.button.action.report.label [33]
15:10:35.107-----------> Msg.getMsg: NOT found: ni.idempiere.toolbar.button.action.report.tooltip [33]
15:11:37.465-----------> Msg.getMsg: NOT found: ni.idempiere.toolbar.button.action.report.label [38]
15:11:37.465-----------> Msg.getMsg: NOT found: ni.idempiere.toolbar.button.action.report.tooltip [38]
15:12:04.109-----------> Msg.getMsg: NOT found: ni.idempiere.toolbar.button.action.report.label [33]
15:12:04.109-----------> Msg.getMsg: NOT found: ni.idempiere.toolbar.button.action.report.tooltip [33]
15:12:29.459-----------> MPeriod.isOpen: No Period for 2017-02-01 00:00:00.0 (MMR) [38]
15:12:30.951-----------> MPeriod.isOpen: No Period for 2017-02-01 00:00:00.0 (MMR) [50]
15:12:30.991-----------> MWFActivity.run: MWFNode[189-(DocPrepare),Action=DocumentAction=PR] [50]
java.lang.Exception: @PeriodClosed@
	at org.compiere.wf.MWFActivity.performWork(MWFActivity.java:1047)
	at org.compiere.wf.MWFActivity.run(MWFActivity.java:874)
	at org.compiere.wf.MWFProcess.startNext(MWFProcess.java:373)
	at org.compiere.wf.MWFProcess.checkActivities(MWFProcess.java:283)
	at org.compiere.wf.MWFActivity.setWFState(MWFActivity.java:277)
	at org.compiere.wf.MWFActivity.run(MWFActivity.java:891)
	at org.compiere.wf.MWFProcess.startWork(MWFProcess.java:505)
	at org.compiere.wf.MWorkflow.start(MWorkflow.java:687)
	at org.adempiere.util.ProcessUtil.startWorkFlow(ProcessUtil.java:313)
	at org.compiere.apps.AbstractProcessCtl.startWorkflow(AbstractProcessCtl.java:391)
	at org.compiere.apps.AbstractProcessCtl.run(AbstractProcessCtl.java:209)

15:13:21.100-----------> Doc_InOut.createFacts: Resubmit - No Costs for ROTULO-AREA DE BOMBA (required order line) [41]
15:13:53.841-----------> Msg.getMsg: NOT found: ni.idempiere.toolbar.button.action.report.label [68]
15:13:53.841-----------> Msg.getMsg: NOT found: ni.idempiere.toolbar.button.action.report.tooltip [68]
15:14:51.389-----------> Msg.getMsg: NOT found: ni.idempiere.toolbar.button.action.report.label [34]
15:14:51.390-----------> Msg.getMsg: NOT found: ni.idempiere.toolbar.button.action.report.tooltip [34]
15:14:54.342-----------> Msg.getMsg: NOT found: ni.idempiere.toolbar.button.action.report.label [68]
15:14:54.342-----------> Msg.getMsg: NOT found: ni.idempiere.toolbar.button.action.report.tooltip [68]
15:18:16.803-----------> Msg.getMsg: NOT found: ni.idempiere.toolbar.button.action.report.label [38]
15:18:16.804-----------> Msg.getMsg: NOT found: ni.idempiere.toolbar.button.action.report.tooltip [38]
15:18:28.205-----------> Msg.getMsg: NOT found: ni.idempiere.toolbar.button.action.report.label [68]
15:18:28.205-----------> Msg.getMsg: NOT found: ni.idempiere.toolbar.button.action.report.tooltip [68]
15:18:50.932-----------> Msg.getMsg: NOT found: ni.idempiere.toolbar.button.action.report.label [34]
15:18:50.932-----------> Msg.getMsg: NOT found: ni.idempiere.toolbar.button.action.report.tooltip [34]
15:19:09.872-----------> Msg.getMsg: NOT found: ni.idempiere.toolbar.button.action.report.label [68]
15:19:09.873-----------> Msg.getMsg: NOT found: ni.idempiere.toolbar.button.action.report.tooltip [68]
