*** 2016-05-20 14:52:20.754 idempiere Log (CLogFile) ***
14:52:20.754 Adempiere.startup: iDempiere(r) Release 3.1_2015-10-31 -Smart Suite ERP, CRM and SCM- (c) 1999-2013 iDempiere(r); Implementation: iDempiere - Supported by iDempiere community [17]
14:52:20.754 Ini.loadProperties: E:\mercurialidempiere/idempiere.properties #32 [17]
14:52:21.318 DB.isBuildOK: Build DB=${env.ADEMPIERE_VERSION} 20080428-1232 [17]
14:52:21.318 DB.isBuildOK: Build Cl=3.1.0.qualifier [17]
14:52:21.334-----------> DB.isBuildOK: Build Version Error 

The program assumes build version 3.1.0.qualifier, but database has build version ${env.ADEMPIERE_VERSION} 20080428-1232. 
This is likely to cause hard to fix errors. 
Please contact administrator. [17]
14:52:21.459 Language.getLanguage: Adding Language=en, Country=US, Locale=en_US [17]
14:52:21.459 Language.getLanguage: Adding Language=en, Country=US, Locale=en_US [17]
14:52:21.521 WebEnv.initWeb: Servlet Context Init Parameters: iDempiere Root
ServerRoot=1 [17]
14:52:21.537-----------> EMail.setFrom: you @ company.org: javax.mail.internet.AddressException: Local address contains control or whitespace in string ``you @ company.org'' [17]
14:52:21.552-----------> EMail.addTo: you @ company.org: javax.mail.internet.AddressException: Local address contains control or whitespace in string ``you @ company.org'' [17]
14:52:21.552-----------> EMail.isValid: From is invalid=null [17]
14:52:21.552-----------> EMail.isValid: From is invalid=null [17]
14:52:21.552-----------> MClient.sendEMail: Could NOT Send Email: Server started: iDempiere (odbz:10.0.5.43) to you @ company.org: Invalid Data (System) [17]
14:52:21.552 WebEnv.initWeb: Servlet Init Parameter: idempiereMonitor [17]
14:52:21.552 AdempiereMonitor.init:  [17]
14:52:23.242-----------> AnnotationConfiguration.configure: ServletContainerInitializers: detected. Class hierarchy: empty [17]
14:52:23.512-----------> ClassLocator.getDependentXMLResources: Replicate resource: ckez
Overwrite bundleresource://178.fwk1480207683:2/metainfo/zk/config.xml
with bundleresource://178.fwk1480207683:19/metainfo/zk/config.xml [17]
14:52:23.527-----------> ClassLocator.getDependentXMLResources: Replicate resource: zk
Overwrite bundleresource://178.fwk1480207683:11/metainfo/zk/config.xml
with bundleresource://178.fwk1480207683:28/metainfo/zk/config.xml [17]
14:52:23.527-----------> ClassLocator.getDependentXMLResources: Replicate resource: zkbind
Overwrite bundleresource://178.fwk1480207683:12/metainfo/zk/config.xml
with bundleresource://178.fwk1480207683:29/metainfo/zk/config.xml [17]
14:52:23.558-----------> ClassLocator.getDependentXMLResources: Replicate resource: zul
Overwrite bundleresource://178.fwk1480207683:14/metainfo/zk/zk.xml
with bundleresource://178.fwk1480207683:31/metainfo/zk/zk.xml [17]
14:52:23.979-----------> LanguageDefinition.<init>: Replicated language: xhtml, overriden by [LanguageDefinition: xhtml] [17]
14:52:23.995-----------> LanguageDefinition.<init>: Replicated language: xul/html, overriden by [LanguageDefinition: xul/html] [17]
14:52:24.073-----------> ClassLocator.getDependentXMLResources: Replicate resource: calendar
Overwrite bundleresource://178.fwk1480207683:1/metainfo/zk/lang-addon.xml
with bundleresource://178.fwk1480207683:18/metainfo/zk/lang-addon.xml [17]
14:52:24.088-----------> ClassLocator.getDependentXMLResources: Replicate resource: ckez
Overwrite bundleresource://178.fwk1480207683:2/metainfo/zk/lang-addon.xml
with bundleresource://178.fwk1480207683:19/metainfo/zk/lang-addon.xml [17]
14:52:24.088-----------> ClassLocator.getDependentXMLResources: Replicate resource: gmapsz
Overwrite bundleresource://178.fwk1480207683:5/metainfo/zk/lang-addon.xml
with bundleresource://178.fwk1480207683:22/metainfo/zk/lang-addon.xml [17]
14:52:24.088-----------> ClassLocator.getDependentXMLResources: Replicate resource: timeline
Overwrite bundleresource://178.fwk1480207683:6/metainfo/zk/lang-addon.xml
with bundleresource://178.fwk1480207683:23/metainfo/zk/lang-addon.xml [17]
14:52:24.104-----------> ClassLocator.getDependentXMLResources: Replicate resource: timeplot
Overwrite bundleresource://178.fwk1480207683:7/metainfo/zk/lang-addon.xml
with bundleresource://178.fwk1480207683:24/metainfo/zk/lang-addon.xml [17]
14:52:24.104-----------> ClassLocator.getDependentXMLResources: Replicate resource: zkbind
Overwrite bundleresource://178.fwk1480207683:12/metainfo/zk/lang-addon.xml
with bundleresource://178.fwk1480207683:29/metainfo/zk/lang-addon.xml [17]
14:52:24.120-----------> ClassLocator.getDependentXMLResources: Replicate resource: zkplus
Overwrite bundleresource://178.fwk1480207683:13/metainfo/zk/lang-addon.xml
with bundleresource://178.fwk1480207683:30/metainfo/zk/lang-addon.xml [17]
14:52:24.265           WebUIServlet.init: iDempiere Web Client started successfully [17]
14:52:25.405-----------> AnnotationConfiguration.configure: ServletContainerInitializers: detected. Class hierarchy: empty [17]

*** 2016-05-20 14:52:25.686 idempiere Log (CLogFile) ***
14:52:28.312-----------> Node: [10.0.5.43]:5701 [adempiere.idempiere/localhost] [3.5.3] No join method is enabled! Starting standalone. [42]
14:52:46.010===========> MRole.addAccessSQL: TableName not correctly parsed - TableNameIn=C_Invoice - AccessSqlParser[C_Invoice=WHERE|0] - #1 C_Invoice=WHERE
 = SELECT C_Invoice_ID, DocumentNo, DateInvoiced, GrandTotal, Balance FROM C_Invoice WHERE  [40]
14:52:46.135-----------> LayoutRegion.setFlex: The flex attribute is deprecated, use setHflex and setVflex on child component instead. [40]
14:54:26.813===========> MRole.addAccessSQL: TableName not correctly parsed - TableNameIn=i - AccessSqlParser[|0]
 = SELECT	i.C_Invoice_ID 		,i.documentNo 		,i.dateinvoiced 		,i.grandtotal 		,(i.grandtotal - ABS(SUM(CASE WHEN al.amount IS NULL THEN 0 ELSE al.amount END))) Balance FROM	C_Invoice i 		LEFT JOIN C_AllocationLine al ON (i.C_Invoice_ID=al.C_Invoice_ID AND al.C_Payment_ID IS NOT NULL) WHERE  i.C_DocTypetarget_ID=1000005 		AND i.DocStatus IN('CL','CO')   		AND (i.C_BPartner_ID=1000003)  GROUP BY i.C_Invoice_ID 		,i.documentno 		,i.dateinvoiced 		,i.grandtotal HAVING (i.grandtotal - ABS(SUM(CASE WHEN al.amount IS NULL THEN 0 ELSE al.amount END)))>0  [35]
