*** 2016-05-26 09:54:13.516 idempiere Log (CLogFile) ***
09:54:13.516 Adempiere.startup: iDempiere(r) Release 3.1_2015-10-31 -Smart Suite ERP, CRM and SCM- (c) 1999-2013 iDempiere(r); Implementation: iDempiere - Supported by iDempiere community [17]
09:54:13.532 Ini.loadProperties: E:\mercurialidempiere/idempiere-test.properties #33 [17]
09:54:13.907 DB.isBuildOK: Build DB=${env.ADEMPIERE_VERSION} 20080428-1232 [17]
09:54:13.907 DB.isBuildOK: Build Cl=3.1.0.qualifier [17]
09:54:13.922-----------> DB.isBuildOK: Build Version Error 

The program assumes build version 3.1.0.qualifier, but database has build version ${env.ADEMPIERE_VERSION} 20080428-1232. 
This is likely to cause hard to fix errors. 
Please contact administrator. [17]
09:54:14.032 Language.getLanguage: Adding Language=en, Country=US, Locale=en_US [17]
09:54:14.032 Language.getLanguage: Adding Language=en, Country=US, Locale=en_US [17]
09:54:14.110 WebEnv.initWeb: Servlet Context Init Parameters: iDempiere Root
ServerRoot=1 [17]
09:54:14.110-----------> EMail.setFrom: you @ company.org: javax.mail.internet.AddressException: Local address contains control or whitespace in string ``you @ company.org'' [17]
09:54:14.125-----------> EMail.addTo: you @ company.org: javax.mail.internet.AddressException: Local address contains control or whitespace in string ``you @ company.org'' [17]
09:54:14.125-----------> EMail.isValid: From is invalid=null [17]
09:54:14.125-----------> EMail.isValid: From is invalid=null [17]
09:54:14.125-----------> MClient.sendEMail: Could NOT Send Email: Server started: iDempiere (odbz:10.0.5.43) to you @ company.org: Invalid Data (System) [17]
09:54:14.125 WebEnv.initWeb: Servlet Init Parameter: idempiereMonitor [17]
09:54:14.125 AdempiereMonitor.init:  [17]
09:54:15.594-----------> AnnotationConfiguration.configure: ServletContainerInitializers: detected. Class hierarchy: empty [17]
09:54:15.815-----------> ClassLocator.getDependentXMLResources: Replicate resource: ckez
Overwrite bundleresource://179.fwk1399961333:2/metainfo/zk/config.xml
with bundleresource://179.fwk1399961333:19/metainfo/zk/config.xml [17]
09:54:15.815-----------> ClassLocator.getDependentXMLResources: Replicate resource: zk
Overwrite bundleresource://179.fwk1399961333:11/metainfo/zk/config.xml
with bundleresource://179.fwk1399961333:28/metainfo/zk/config.xml [17]
09:54:15.815-----------> ClassLocator.getDependentXMLResources: Replicate resource: zkbind
Overwrite bundleresource://179.fwk1399961333:12/metainfo/zk/config.xml
with bundleresource://179.fwk1399961333:29/metainfo/zk/config.xml [17]
09:54:15.846-----------> ClassLocator.getDependentXMLResources: Replicate resource: zul
Overwrite bundleresource://179.fwk1399961333:14/metainfo/zk/zk.xml
with bundleresource://179.fwk1399961333:31/metainfo/zk/zk.xml [17]
09:54:16.174-----------> LanguageDefinition.<init>: Replicated language: xhtml, overriden by [LanguageDefinition: xhtml] [17]
09:54:16.205-----------> LanguageDefinition.<init>: Replicated language: xul/html, overriden by [LanguageDefinition: xul/html] [17]
09:54:16.268-----------> ClassLocator.getDependentXMLResources: Replicate resource: calendar
Overwrite bundleresource://179.fwk1399961333:1/metainfo/zk/lang-addon.xml
with bundleresource://179.fwk1399961333:18/metainfo/zk/lang-addon.xml [17]
09:54:16.268-----------> ClassLocator.getDependentXMLResources: Replicate resource: ckez
Overwrite bundleresource://179.fwk1399961333:2/metainfo/zk/lang-addon.xml
with bundleresource://179.fwk1399961333:19/metainfo/zk/lang-addon.xml [17]
09:54:16.268-----------> ClassLocator.getDependentXMLResources: Replicate resource: gmapsz
Overwrite bundleresource://179.fwk1399961333:5/metainfo/zk/lang-addon.xml
with bundleresource://179.fwk1399961333:22/metainfo/zk/lang-addon.xml [17]
09:54:16.283-----------> ClassLocator.getDependentXMLResources: Replicate resource: timeline
Overwrite bundleresource://179.fwk1399961333:6/metainfo/zk/lang-addon.xml
with bundleresource://179.fwk1399961333:23/metainfo/zk/lang-addon.xml [17]
09:54:16.283-----------> ClassLocator.getDependentXMLResources: Replicate resource: timeplot
Overwrite bundleresource://179.fwk1399961333:7/metainfo/zk/lang-addon.xml
with bundleresource://179.fwk1399961333:24/metainfo/zk/lang-addon.xml [17]
09:54:16.299-----------> ClassLocator.getDependentXMLResources: Replicate resource: zkbind
Overwrite bundleresource://179.fwk1399961333:12/metainfo/zk/lang-addon.xml
with bundleresource://179.fwk1399961333:29/metainfo/zk/lang-addon.xml [17]
09:54:16.299-----------> ClassLocator.getDependentXMLResources: Replicate resource: zkplus
Overwrite bundleresource://179.fwk1399961333:13/metainfo/zk/lang-addon.xml
with bundleresource://179.fwk1399961333:30/metainfo/zk/lang-addon.xml [17]
09:54:16.377           WebUIServlet.init: iDempiere Web Client started successfully [17]
09:54:17.252-----------> AnnotationConfiguration.configure: ServletContainerInitializers: detected. Class hierarchy: empty [17]

*** 2016-05-26 09:54:17.449 idempiere Log (CLogFile) ***
09:54:19.074-----------> Node: [10.0.5.43]:5701 [adempiere.idempiere/localhost] [3.5.3] No join method is enabled! Starting standalone. [43]
