*** 2016-09-08 21:49:06.222 idempiere Log (CLogFile) ***
21:49:06.222 Adempiere.startup: iDempiere(r) Release 3.1_2015-10-31 -Smart Suite ERP, CRM and SCM- (c) 1999-2013 iDempiere(r); Implementation: iDempiere - Supported by iDempiere community [17]
21:49:06.253 Ini.loadProperties: E:\mercurialidempiere/idempiere.properties #33 [17]
21:49:09.338 AdempiereActivator.installPackage: ni.idempiere.importcurrencyrate 1.0.0 was installed: 2016-07-14 16:34:48.698 [17]
21:49:09.519 DB.isBuildOK: Build DB=${env.ADEMPIERE_VERSION} 20080428-1232 [17]
21:49:09.519 DB.isBuildOK: Build Cl=3.1.0.qualifier [17]
21:49:09.628-----------> DB.isBuildOK: Build Version Error 

The program assumes build version 3.1.0.qualifier, but database has build version ${env.ADEMPIERE_VERSION} 20080428-1232. 
This is likely to cause hard to fix errors. 
Please contact administrator. [17]
21:49:09.844 WebEnv.initWeb: Servlet Context Init Parameters: iDempiere Root
ServerRoot=1 [17]
21:49:10.066-----------> EMail.setFrom: you @ company.org: javax.mail.internet.AddressException: Local address contains control or whitespace in string ``you @ company.org'' [17]
21:49:10.066-----------> EMail.addTo: you @ company.org: javax.mail.internet.AddressException: Local address contains control or whitespace in string ``you @ company.org'' [17]
21:49:10.066-----------> EMail.isValid: From is invalid=null [17]
21:49:10.066-----------> EMail.isValid: From is invalid=null [17]
21:49:10.066-----------> MClient.sendEMail: Could NOT Send Email: Server started: iDempiere (odbz:192.168.163.1) to you @ company.org: Invalid Data (System) [17]
21:49:10.066 WebEnv.initWeb: Servlet Init Parameter: idempiereMonitor [17]
21:49:10.066 AdempiereMonitor.init:  [17]
21:49:21.760-----------> AnnotationConfiguration.configure: ServletContainerInitializers: detected. Class hierarchy: empty [17]
21:49:22.273-----------> ClassLocator.getDependentXMLResources: Replicate resource: ckez
Overwrite bundleresource://185.fwk491298318:2/metainfo/zk/config.xml
with bundleresource://185.fwk491298318:19/metainfo/zk/config.xml [17]
21:49:22.289-----------> ClassLocator.getDependentXMLResources: Replicate resource: zk
Overwrite bundleresource://185.fwk491298318:11/metainfo/zk/config.xml
with bundleresource://185.fwk491298318:28/metainfo/zk/config.xml [17]
21:49:22.289-----------> ClassLocator.getDependentXMLResources: Replicate resource: zkbind
Overwrite bundleresource://185.fwk491298318:12/metainfo/zk/config.xml
with bundleresource://185.fwk491298318:29/metainfo/zk/config.xml [17]
21:49:22.336-----------> ClassLocator.getDependentXMLResources: Replicate resource: zul
Overwrite bundleresource://185.fwk491298318:14/metainfo/zk/zk.xml
with bundleresource://185.fwk491298318:31/metainfo/zk/zk.xml [17]
21:49:23.163-----------> LanguageDefinition.<init>: Replicated language: xhtml, overriden by [LanguageDefinition: xhtml] [17]
21:49:23.201-----------> LanguageDefinition.<init>: Replicated language: xul/html, overriden by [LanguageDefinition: xul/html] [17]
21:49:23.279-----------> ClassLocator.getDependentXMLResources: Replicate resource: calendar
Overwrite bundleresource://185.fwk491298318:1/metainfo/zk/lang-addon.xml
with bundleresource://185.fwk491298318:18/metainfo/zk/lang-addon.xml [17]
21:49:23.279-----------> ClassLocator.getDependentXMLResources: Replicate resource: ckez
Overwrite bundleresource://185.fwk491298318:2/metainfo/zk/lang-addon.xml
with bundleresource://185.fwk491298318:19/metainfo/zk/lang-addon.xml [17]
21:49:23.295-----------> ClassLocator.getDependentXMLResources: Replicate resource: gmapsz
Overwrite bundleresource://185.fwk491298318:5/metainfo/zk/lang-addon.xml
with bundleresource://185.fwk491298318:22/metainfo/zk/lang-addon.xml [17]
21:49:23.295-----------> ClassLocator.getDependentXMLResources: Replicate resource: timeline
Overwrite bundleresource://185.fwk491298318:6/metainfo/zk/lang-addon.xml
with bundleresource://185.fwk491298318:23/metainfo/zk/lang-addon.xml [17]
21:49:23.295-----------> ClassLocator.getDependentXMLResources: Replicate resource: timeplot
Overwrite bundleresource://185.fwk491298318:7/metainfo/zk/lang-addon.xml
with bundleresource://185.fwk491298318:24/metainfo/zk/lang-addon.xml [17]
21:49:23.310-----------> ClassLocator.getDependentXMLResources: Replicate resource: zkbind
Overwrite bundleresource://185.fwk491298318:12/metainfo/zk/lang-addon.xml
with bundleresource://185.fwk491298318:29/metainfo/zk/lang-addon.xml [17]
21:49:23.310-----------> ClassLocator.getDependentXMLResources: Replicate resource: zkplus
Overwrite bundleresource://185.fwk491298318:13/metainfo/zk/lang-addon.xml
with bundleresource://185.fwk491298318:30/metainfo/zk/lang-addon.xml [17]
21:49:23.513           WebUIServlet.init: iDempiere Web Client started successfully [17]
21:49:24.704-----------> AnnotationConfiguration.configure: ServletContainerInitializers: detected. Class hierarchy: empty [17]

*** 2016-09-08 21:49:25.434 idempiere Log (CLogFile) ***
21:49:31.547-----------> Node: [192.168.1.5]:5701 [adempiere.idempiere/localhost] [3.5.3] No join method is enabled! Starting standalone. [42]
21:50:00.383-----------> Prop.loadProperties: E:\mercurialidempiere\home.properties not found [33]
21:50:00.383-----------> Prop.loadProperties: !!WARNING:Please locate yout custom home.properties on iDEMPIERE_HOME. [33]
21:52:55.473-----------> ServletHandler.doHandle: /webui/zkau [38]
java.lang.IllegalStateException: Form too many keys
	at org.eclipse.jetty.util.UrlEncoded.decodeUtf8To(UrlEncoded.java:526)
	at org.eclipse.jetty.util.UrlEncoded.decodeTo(UrlEncoded.java:641)
	at org.eclipse.jetty.server.Request.extractFormParameters(Request.java:370)
	at org.eclipse.jetty.server.Request.extractContentParameters(Request.java:302)
	at org.eclipse.jetty.server.Request.extractParameters(Request.java:256)
	at org.eclipse.jetty.server.Request.getParameter(Request.java:825)
	at org.zkoss.zk.au.http.DHtmlUpdateServlet$3.getDesktopId(DHtmlUpdateServlet.java:748)
	at org.zkoss.zk.au.http.DHtmlUpdateServlet.process(DHtmlUpdateServlet.java:531)
	at org.zkoss.zk.au.http.DHtmlUpdateServlet.doGet(DHtmlUpdateServlet.java:485)
	at org.zkoss.zk.au.http.DHtmlUpdateServlet.doPost(DHtmlUpdateServlet.java:494)
	at javax.servlet.http.HttpServlet.service(HttpServlet.java:707)
	at javax.servlet.http.HttpServlet.service(HttpServlet.java:790)
	at org.eclipse.jetty.servlet.ServletHolder.handle(ServletHolder.java:808)
	at org.eclipse.jetty.servlet.ServletHandler.doHandle(ServletHandler.java:587)
	at org.eclipse.jetty.server.handler.ScopedHandler.handle(ScopedHandler.java:143)
	at org.eclipse.jetty.security.SecurityHandler.handle(SecurityHandler.java:577)
	at org.eclipse.jetty.server.session.SessionHandler.doHandle(SessionHandler.java:223)
	at org.eclipse.jetty.server.handler.ContextHandler.doHandle(ContextHandler.java:1127)
	at org.eclipse.jetty.servlet.ServletHandler.doScope(ServletHandler.java:515)
	at org.eclipse.jetty.server.session.SessionHandler.doScope(SessionHandler.java:185)
	at org.eclipse.jetty.server.handler.ContextHandler.doScope(ContextHandler.java:1061)

21:54:36.905===========> Trx.commit: WSS1473393024409_7d2613d5-ec00-40c0-9bd2-08fb0dfd0ac7 [32]
org.postgresql.util.PSQLException: ERROR: update o delete en «c_order» viola la llave foránea «corder_smjtmpwebsales» en la tabla «smj_tmpwebsales»
  Detail: La llave (c_order_id)=(1000002) todavía es referida desde la tabla «smj_tmpwebsales».; State=23503; ErrorCode=0
	at org.postgresql.core.v3.QueryExecutorImpl.receiveErrorResponse(QueryExecutorImpl.java:2182)
	at org.postgresql.core.v3.QueryExecutorImpl.processResults(QueryExecutorImpl.java:1911)
	at org.postgresql.core.v3.QueryExecutorImpl.execute(QueryExecutorImpl.java:173)
	at org.postgresql.jdbc2.AbstractJdbc2Connection.executeTransactionCommand(AbstractJdbc2Connection.java:824)
	at org.postgresql.jdbc2.AbstractJdbc2Connection.commit(AbstractJdbc2Connection.java:848)
	at com.mchange.v2.c3p0.impl.NewProxyConnection.commit(NewProxyConnection.java:1007)
	at org.compiere.util.Trx.commit(Trx.java:357)
	at org.compiere.util.Trx.commit(Trx.java:399)
	at com.smj.webui.apps.form.WSimplifiedSales.deleteAll(WSimplifiedSales.java:1947)
	at com.smj.webui.apps.form.WSimplifiedSales.access$22(WSimplifiedSales.java:1933)
	at com.smj.webui.apps.form.WSimplifiedSales$15.onCallback(WSimplifiedSales.java:1130)
	at com.smj.webui.apps.form.WSimplifiedSales$15.onCallback(WSimplifiedSales.java:1)
	at org.adempiere.webui.component.Messagebox.onPageDetached(Messagebox.java:349)
	at org.zkoss.zk.ui.AbstractComponent.setPage0(AbstractComponent.java:477)
	at org.zkoss.zk.ui.AbstractComponent.setPageBefore(AbstractComponent.java:396)
	at org.zkoss.zk.ui.AbstractComponent.setPage(AbstractComponent.java:361)
	at org.zkoss.zk.ui.AbstractComponent.detach(AbstractComponent.java:1681)
	at org.adempiere.webui.component.Messagebox.onEvent(Messagebox.java:340)
	at org.zkoss.zk.ui.AbstractComponent.onEvent(AbstractComponent.java:2773)
	at org.zkoss.zk.ui.AbstractComponent.service(AbstractComponent.java:2744)
	at org.zkoss.zk.ui.AbstractComponent.service(AbstractComponent.java:2685)

21:54:37.046===========> Trx.saveError: DeleteErrorDependent - ERROR: update o delete en «c_order» viola la llave foránea «corder_smjtmpwebsales» en la tabla «smj_tmpwebsales»
  Detail: La llave (c_order_id)=(1000002) todavía es referida desde la tabla «smj_tmpwebsales». [32]
21:55:46.569===========> Trx.commit: WSS1473393309055_a1139bd7-bfec-40bd-8fa9-3075751a00d7 [35]
org.postgresql.util.PSQLException: ERROR: update o delete en «c_order» viola la llave foránea «corder_smjtmpwebsales» en la tabla «smj_tmpwebsales»
  Detail: La llave (c_order_id)=(1000002) todavía es referida desde la tabla «smj_tmpwebsales».; State=23503; ErrorCode=0
	at org.postgresql.core.v3.QueryExecutorImpl.receiveErrorResponse(QueryExecutorImpl.java:2182)
	at org.postgresql.core.v3.QueryExecutorImpl.processResults(QueryExecutorImpl.java:1911)
	at org.postgresql.core.v3.QueryExecutorImpl.execute(QueryExecutorImpl.java:173)
	at org.postgresql.jdbc2.AbstractJdbc2Connection.executeTransactionCommand(AbstractJdbc2Connection.java:824)
	at org.postgresql.jdbc2.AbstractJdbc2Connection.commit(AbstractJdbc2Connection.java:848)
	at com.mchange.v2.c3p0.impl.NewProxyConnection.commit(NewProxyConnection.java:1007)
	at org.compiere.util.Trx.commit(Trx.java:357)
	at org.compiere.util.Trx.commit(Trx.java:399)
	at com.smj.webui.apps.form.WSimplifiedSales.deleteAll(WSimplifiedSales.java:1947)
	at com.smj.webui.apps.form.WSimplifiedSales.access$22(WSimplifiedSales.java:1933)
	at com.smj.webui.apps.form.WSimplifiedSales$15.onCallback(WSimplifiedSales.java:1130)
	at com.smj.webui.apps.form.WSimplifiedSales$15.onCallback(WSimplifiedSales.java:1)
	at org.adempiere.webui.component.Messagebox.onPageDetached(Messagebox.java:349)
	at org.zkoss.zk.ui.AbstractComponent.setPage0(AbstractComponent.java:477)
	at org.zkoss.zk.ui.AbstractComponent.setPageBefore(AbstractComponent.java:396)
	at org.zkoss.zk.ui.AbstractComponent.setPage(AbstractComponent.java:361)
	at org.zkoss.zk.ui.AbstractComponent.detach(AbstractComponent.java:1681)
	at org.adempiere.webui.component.Messagebox.onEvent(Messagebox.java:340)
	at org.zkoss.zk.ui.AbstractComponent.onEvent(AbstractComponent.java:2773)
	at org.zkoss.zk.ui.AbstractComponent.service(AbstractComponent.java:2744)
	at org.zkoss.zk.ui.AbstractComponent.service(AbstractComponent.java:2685)

21:55:46.589===========> Trx.saveError: DeleteErrorDependent - ERROR: update o delete en «c_order» viola la llave foránea «corder_smjtmpwebsales» en la tabla «smj_tmpwebsales»
  Detail: La llave (c_order_id)=(1000002) todavía es referida desde la tabla «smj_tmpwebsales». [35]
21:56:18.119===========> UiEngineImpl.handleError:  [38]
java.lang.IndexOutOfBoundsException: Index: 0
	at java.util.AbstractSequentialList.get(Unknown Source)
	at org.adempiere.webui.part.WindowContainer.setTabTitle(WindowContainer.java:419)
	at org.adempiere.webui.desktop.DefaultDesktop.updateUI(DefaultDesktop.java:685)
	at org.adempiere.webui.desktop.DefaultDesktop.onEvent(DefaultDesktop.java:565)
	at org.zkoss.zk.ui.event.impl.DesktopEventQueue$QueueListener.onEvent(DesktopEventQueue.java:162)
	at org.zkoss.zk.ui.AbstractComponent.onEvent(AbstractComponent.java:2773)
	at org.zkoss.zk.ui.AbstractComponent.service(AbstractComponent.java:2744)
	at org.zkoss.zk.ui.AbstractComponent.service(AbstractComponent.java:2685)
	at org.zkoss.zk.ui.impl.EventProcessor.process(EventProcessor.java:136)
	at org.zkoss.zk.ui.impl.UiEngineImpl.processEvent(UiEngineImpl.java:1765)
	at org.zkoss.zk.ui.impl.UiEngineImpl.process(UiEngineImpl.java:1550)
	at org.zkoss.zk.ui.impl.UiEngineImpl.execUpdate(UiEngineImpl.java:1260)
	at org.zkoss.zk.au.http.DHtmlUpdateServlet.process(DHtmlUpdateServlet.java:611)
	at org.zkoss.zk.au.http.DHtmlUpdateServlet.doGet(DHtmlUpdateServlet.java:485)
	at org.zkoss.zk.au.http.DHtmlUpdateServlet.doPost(DHtmlUpdateServlet.java:494)
	at javax.servlet.http.HttpServlet.service(HttpServlet.java:707)
	at javax.servlet.http.HttpServlet.service(HttpServlet.java:790)
	at org.eclipse.jetty.servlet.ServletHolder.handle(ServletHolder.java:808)
	at org.eclipse.jetty.servlet.ServletHandler.doHandle(ServletHandler.java:587)
	at org.eclipse.jetty.server.handler.ScopedHandler.handle(ScopedHandler.java:143)
	at org.eclipse.jetty.security.SecurityHandler.handle(SecurityHandler.java:577)

21:58:49.405-----------> MPeriod.isOpen: Jul-16: Not open for MMR (2016-07-18 00:00:00.0) [34]
21:58:52.017-----------> MPeriod.isOpen: Jul-16: Not open for MMR (2016-07-18 00:00:00.0) [137]
21:58:52.048-----------> MWFActivity.run: MWFNode[189-(DocPrepare),Action=DocumentAction=PR] [137]
java.lang.Exception: @PeriodClosed@
	at org.compiere.wf.MWFActivity.performWork(MWFActivity.java:1047)
	at org.compiere.wf.MWFActivity.run(MWFActivity.java:874)
	at org.compiere.wf.MWFProcess.startNext(MWFProcess.java:373)
	at org.compiere.wf.MWFProcess.checkActivities(MWFProcess.java:283)
	at org.compiere.wf.MWFActivity.setWFState(MWFActivity.java:277)
	at org.compiere.wf.MWFActivity.run(MWFActivity.java:891)
	at org.compiere.wf.MWFProcess.startWork(MWFProcess.java:505)
	at org.compiere.wf.MWorkflow.start(MWorkflow.java:687)
	at org.adempiere.util.ProcessUtil.startWorkFlow(ProcessUtil.java:313)
	at org.compiere.apps.AbstractProcessCtl.startWorkflow(AbstractProcessCtl.java:391)
	at org.compiere.apps.AbstractProcessCtl.run(AbstractProcessCtl.java:209)

21:59:43.604-----------> Doc_InOut.createFacts: Resubmit - No Costs for Estándar (required order line) [147]
22:00:10.555-----------> MProduct.get_Value: Column not found - smjdiscount_allowed [32]
22:00:10.815===========> DB.executeUpdate: INSERT INTO smj_tmpwebsalesline (smj_tmpwebsalesline_ID,smj_tmpwebsales_ID,M_Product_ID,ProductName,ProductValue,C_BPartner_ID,partnername,Price,Qty,M_Warehouse_ID,WarehouseName,QtyEntered,total,C_UOM_ID,UOMName,tax,M_AttributeSetInstance_ID,AD_Client_ID,AD_Org_ID,IsActive,Created,CreatedBy,Updated,UpdatedBy,purchaseprice,smj_isworkorder,Line,C_OrderLine_ID,smj_tmpwebsalesline_UU) VALUES (?,?,?,?,?,?,?,?,?,?,?,?,?,?,?,?,?,?,?,?,?,?,?,?,?,?,?,?,?) [WSS1473393590392_f8ba6d00-4ba0-4d68-83a5-ffab3837021a] [32]
org.postgresql.util.PSQLException: ERROR: el valor null para la columna «smj_iswarranty» viola la restricción not null
  Detail: La fila que falla contiene (1000000, 1000011, 1000000, Estándar, Estándar, 1000381, VENTAS MOSTRADOR POS, 1.00, 1, 1000000, Estándar, null, 1.0, 1.00000, 100, Unidad, 0.0, 0, null, 1000000, 1000000, Y, 2016-09-08 22:00:10.555, 1000000, 2016-09-08 22:00:10.555, 1000000, 1, null, null, null, F, 10, null, null, null, null, 1000000, c10f48fa-849f-4f84-a9e0-0cfc5d4a3491).; State=23502; ErrorCode=0
	at org.postgresql.core.v3.QueryExecutorImpl.receiveErrorResponse(QueryExecutorImpl.java:2182)
	at org.postgresql.core.v3.QueryExecutorImpl.processResults(QueryExecutorImpl.java:1911)
	at org.postgresql.core.v3.QueryExecutorImpl.execute(QueryExecutorImpl.java:173)
	at org.postgresql.jdbc2.AbstractJdbc2Statement.execute(AbstractJdbc2Statement.java:645)
	at org.postgresql.jdbc2.AbstractJdbc2Statement.executeWithFlags(AbstractJdbc2Statement.java:495)
	at org.postgresql.jdbc2.AbstractJdbc2Statement.executeUpdate(AbstractJdbc2Statement.java:441)
	at com.mchange.v2.c3p0.impl.NewProxyPreparedStatement.executeUpdate(NewProxyPreparedStatement.java:1449)
	at sun.reflect.GeneratedMethodAccessor39.invoke(Unknown Source)
	at sun.reflect.DelegatingMethodAccessorImpl.invoke(Unknown Source)
	at java.lang.reflect.Method.invoke(Unknown Source)
	at org.compiere.db.StatementProxy.invoke(StatementProxy.java:128)
	at com.sun.proxy.$Proxy3.executeUpdate(Unknown Source)
	at org.compiere.util.DB.executeUpdate(DB.java:1038)
	at org.compiere.util.DB.executeUpdate(DB.java:1007)
	at org.compiere.model.PO.doInsert(PO.java:2974)
	at org.compiere.model.PO.saveNew(PO.java:2778)
	at org.compiere.model.PO.save(PO.java:2128)
	at com.smj.model.MSMJTmpWebSalesLine.save(MSMJTmpWebSalesLine.java:77)
	at com.smj.webui.apps.form.WSimplifiedSales.showInfoProduct(WSimplifiedSales.java:1546)
	at com.smj.webui.apps.form.WSimplifiedSales.valueChange(WSimplifiedSales.java:2053)
	at org.adempiere.webui.editor.WEditor.fireValueChange(WEditor.java:403)

22:00:10.871===========> DB.saveError: DBExecuteError - ERROR: el valor null para la columna «smj_iswarranty» viola la restricción not null
  Detail: La fila que falla contiene (1000000, 1000011, 1000000, Estándar, Estándar, 1000381, VENTAS MOSTRADOR POS, 1.00, 1, 1000000, Estándar, null, 1.0, 1.00000, 100, Unidad, 0.0, 0, null, 1000000, 1000000, Y, 2016-09-08 22:00:10.555, 1000000, 2016-09-08 22:00:10.555, 1000000, 1, null, null, null, F, 10, null, null, null, null, 1000000, c10f48fa-849f-4f84-a9e0-0cfc5d4a3491). [32]
22:00:10.875-----------> MSMJTmpWebSalesLine.doInsert: [WSS1473393590392_f8ba6d00-4ba0-4d68-83a5-ffab3837021a]Not inserted - smj_tmpwebsalesline [32]
22:00:10.875===========> MSMJTmpWebSalesLine.saveError: DBExecuteError - DBExecuteError:ERROR: el valor null para la columna «smj_iswarranty» viola la restricción not null
  Detail: La fila que falla contiene (1000000, 1000011, 1000000, Estándar, Estándar, 1000381, VENTAS MOSTRADOR POS, 1.00, 1, 1000000, Estándar, null, 1.0, 1.00000, 100, Unidad, 0.0, 0, null, 1000000, 1000000, Y, 2016-09-08 22:00:10.555, 1000000, 2016-09-08 22:00:10.555, 1000000, 1, null, null, null, F, 10, null, null, null, null, 1000000, c10f48fa-849f-4f84-a9e0-0cfc5d4a3491). [32]
22:00:23.537-----------> NewPooledConnection.log: [c3p0] A PooledConnection that has already signalled a Connection error is still in use! [32]
22:00:23.537-----------> NewPooledConnection.log: [c3p0] Another error has occurred [ org.postgresql.util.PSQLException: ERROR: el valor null para la columna «smj_iswarranty» viola la restricción not null
  Detail: La fila que falla contiene (1000001, 1000011, 1000000, Estándar, Estándar, 1000381, VENTAS MOSTRADOR POS, 1.00, 232.0, 1000000, Estándar, null, 232, 232.0000, 100, Unidad, 0.0, 0, null, 1000000, 1000000, Y, 2016-09-08 22:00:10.555, 1000000, 2016-09-08 22:00:10.555, 1000000, 1, null, null, null, F, 10, null, null, null, null, 1000000, c10f48fa-849f-4f84-a9e0-0cfc5d4a3491). ] which will not be reported to listeners! [32]
org.postgresql.util.PSQLException: ERROR: el valor null para la columna «smj_iswarranty» viola la restricción not null
  Detail: La fila que falla contiene (1000001, 1000011, 1000000, Estándar, Estándar, 1000381, VENTAS MOSTRADOR POS, 1.00, 232.0, 1000000, Estándar, null, 232, 232.0000, 100, Unidad, 0.0, 0, null, 1000000, 1000000, Y, 2016-09-08 22:00:10.555, 1000000, 2016-09-08 22:00:10.555, 1000000, 1, null, null, null, F, 10, null, null, null, null, 1000000, c10f48fa-849f-4f84-a9e0-0cfc5d4a3491).; State=23502; ErrorCode=0
	at org.postgresql.core.v3.QueryExecutorImpl.receiveErrorResponse(QueryExecutorImpl.java:2182)
	at org.postgresql.core.v3.QueryExecutorImpl.processResults(QueryExecutorImpl.java:1911)
	at org.postgresql.core.v3.QueryExecutorImpl.execute(QueryExecutorImpl.java:173)
	at org.postgresql.jdbc2.AbstractJdbc2Statement.execute(AbstractJdbc2Statement.java:645)
	at org.postgresql.jdbc2.AbstractJdbc2Statement.executeWithFlags(AbstractJdbc2Statement.java:495)
	at org.postgresql.jdbc2.AbstractJdbc2Statement.executeUpdate(AbstractJdbc2Statement.java:441)
	at com.mchange.v2.c3p0.impl.NewProxyPreparedStatement.executeUpdate(NewProxyPreparedStatement.java:1449)
	at sun.reflect.GeneratedMethodAccessor39.invoke(Unknown Source)
	at sun.reflect.DelegatingMethodAccessorImpl.invoke(Unknown Source)
	at java.lang.reflect.Method.invoke(Unknown Source)
	at org.compiere.db.StatementProxy.invoke(StatementProxy.java:128)
	at com.sun.proxy.$Proxy3.executeUpdate(Unknown Source)
	at org.compiere.util.DB.executeUpdate(DB.java:1038)
	at org.compiere.util.DB.executeUpdate(DB.java:1007)
	at org.compiere.model.PO.doInsert(PO.java:2974)
	at org.compiere.model.PO.saveNew(PO.java:2778)
	at org.compiere.model.PO.save(PO.java:2128)
	at com.smj.model.MSMJTmpWebSalesLine.save(MSMJTmpWebSalesLine.java:77)
	at com.smj.webui.apps.form.WSimplifiedSales.tableChanged(WSimplifiedSales.java:2257)
	at org.adempiere.webui.component.ListModelTable.fireTableChange(ListModelTable.java:324)
	at org.adempiere.webui.component.ListModelTable.setDataAt(ListModelTable.java:223)

22:00:23.542===========> DB.executeUpdate: INSERT INTO smj_tmpwebsalesline (smj_tmpwebsalesline_ID,smj_tmpwebsales_ID,M_Product_ID,ProductName,ProductValue,C_BPartner_ID,partnername,Price,Qty,M_Warehouse_ID,WarehouseName,QtyEntered,total,C_UOM_ID,UOMName,tax,M_AttributeSetInstance_ID,AD_Client_ID,AD_Org_ID,IsActive,Created,CreatedBy,Updated,UpdatedBy,purchaseprice,smj_isworkorder,Line,C_OrderLine_ID,smj_tmpwebsalesline_UU) VALUES (?,?,?,?,?,?,?,?,?,?,?,?,?,?,?,?,?,?,?,?,?,?,?,?,?,?,?,?,?) [WSS1473393590392_f8ba6d00-4ba0-4d68-83a5-ffab3837021a] [32]
org.postgresql.util.PSQLException: ERROR: el valor null para la columna «smj_iswarranty» viola la restricción not null
  Detail: La fila que falla contiene (1000001, 1000011, 1000000, Estándar, Estándar, 1000381, VENTAS MOSTRADOR POS, 1.00, 232.0, 1000000, Estándar, null, 232, 232.0000, 100, Unidad, 0.0, 0, null, 1000000, 1000000, Y, 2016-09-08 22:00:10.555, 1000000, 2016-09-08 22:00:10.555, 1000000, 1, null, null, null, F, 10, null, null, null, null, 1000000, c10f48fa-849f-4f84-a9e0-0cfc5d4a3491).; State=23502; ErrorCode=0
	at org.postgresql.core.v3.QueryExecutorImpl.receiveErrorResponse(QueryExecutorImpl.java:2182)
	at org.postgresql.core.v3.QueryExecutorImpl.processResults(QueryExecutorImpl.java:1911)
	at org.postgresql.core.v3.QueryExecutorImpl.execute(QueryExecutorImpl.java:173)
	at org.postgresql.jdbc2.AbstractJdbc2Statement.execute(AbstractJdbc2Statement.java:645)
	at org.postgresql.jdbc2.AbstractJdbc2Statement.executeWithFlags(AbstractJdbc2Statement.java:495)
	at org.postgresql.jdbc2.AbstractJdbc2Statement.executeUpdate(AbstractJdbc2Statement.java:441)
	at com.mchange.v2.c3p0.impl.NewProxyPreparedStatement.executeUpdate(NewProxyPreparedStatement.java:1449)
	at sun.reflect.GeneratedMethodAccessor39.invoke(Unknown Source)
	at sun.reflect.DelegatingMethodAccessorImpl.invoke(Unknown Source)
	at java.lang.reflect.Method.invoke(Unknown Source)
	at org.compiere.db.StatementProxy.invoke(StatementProxy.java:128)
	at com.sun.proxy.$Proxy3.executeUpdate(Unknown Source)
	at org.compiere.util.DB.executeUpdate(DB.java:1038)
	at org.compiere.util.DB.executeUpdate(DB.java:1007)
	at org.compiere.model.PO.doInsert(PO.java:2974)
	at org.compiere.model.PO.saveNew(PO.java:2778)
	at org.compiere.model.PO.save(PO.java:2128)
	at com.smj.model.MSMJTmpWebSalesLine.save(MSMJTmpWebSalesLine.java:77)
	at com.smj.webui.apps.form.WSimplifiedSales.tableChanged(WSimplifiedSales.java:2257)
	at org.adempiere.webui.component.ListModelTable.fireTableChange(ListModelTable.java:324)
	at org.adempiere.webui.component.ListModelTable.setDataAt(ListModelTable.java:223)

22:00:23.558===========> DB.saveError: DBExecuteError - ERROR: el valor null para la columna «smj_iswarranty» viola la restricción not null
  Detail: La fila que falla contiene (1000001, 1000011, 1000000, Estándar, Estándar, 1000381, VENTAS MOSTRADOR POS, 1.00, 232.0, 1000000, Estándar, null, 232, 232.0000, 100, Unidad, 0.0, 0, null, 1000000, 1000000, Y, 2016-09-08 22:00:10.555, 1000000, 2016-09-08 22:00:10.555, 1000000, 1, null, null, null, F, 10, null, null, null, null, 1000000, c10f48fa-849f-4f84-a9e0-0cfc5d4a3491). [32]
22:00:23.562-----------> MSMJTmpWebSalesLine.doInsert: [WSS1473393590392_f8ba6d00-4ba0-4d68-83a5-ffab3837021a]Not inserted - smj_tmpwebsalesline [32]
22:00:23.562===========> MSMJTmpWebSalesLine.saveError: DBExecuteError - DBExecuteError:ERROR: el valor null para la columna «smj_iswarranty» viola la restricción not null
  Detail: La fila que falla contiene (1000001, 1000011, 1000000, Estándar, Estándar, 1000381, VENTAS MOSTRADOR POS, 1.00, 232.0, 1000000, Estándar, null, 232, 232.0000, 100, Unidad, 0.0, 0, null, 1000000, 1000000, Y, 2016-09-08 22:00:10.555, 1000000, 2016-09-08 22:00:10.555, 1000000, 1, null, null, null, F, 10, null, null, null, null, 1000000, c10f48fa-849f-4f84-a9e0-0cfc5d4a3491). [32]
22:00:46.749-----------> Msg.translate: NOT found: SMJ_LabelAvailablePoints [32]
22:00:46.751-----------> Msg.translate: NOT found: SMJ_LabelTotalPoints [32]
22:00:46.752-----------> Msg.translate: NOT found: SMJ_LabelPointsReceived [32]
22:00:46.752-----------> LayoutRegion.setFlex: The flex attribute is deprecated, use setHflex and setVflex on child component instead. [32]
22:00:46.756===========> UiEngineImpl.handleError:  [32]
java.lang.NullPointerException
	at com.smj.webui.component.SMJPaymentWindow.listPayterm(SMJPaymentWindow.java:778)
	at com.smj.webui.component.SMJPaymentWindow.init(SMJPaymentWindow.java:521)
	at com.smj.webui.component.SMJPaymentWindow.<init>(SMJPaymentWindow.java:233)
	at com.smj.webui.apps.form.WSimplifiedSales.showPayment(WSimplifiedSales.java:1633)
	at com.smj.webui.apps.form.WSimplifiedSales.onEvent(WSimplifiedSales.java:1086)
	at org.zkoss.zk.ui.AbstractComponent.onEvent(AbstractComponent.java:2773)
	at org.zkoss.zk.ui.AbstractComponent.service(AbstractComponent.java:2744)
	at org.zkoss.zk.ui.AbstractComponent.service(AbstractComponent.java:2685)
	at org.zkoss.zk.ui.impl.EventProcessor.process(EventProcessor.java:136)
	at org.zkoss.zk.ui.impl.UiEngineImpl.processEvent(UiEngineImpl.java:1765)
	at org.zkoss.zk.ui.impl.UiEngineImpl.process(UiEngineImpl.java:1550)
	at org.zkoss.zk.ui.impl.UiEngineImpl.execUpdate(UiEngineImpl.java:1260)
	at org.zkoss.zk.au.http.DHtmlUpdateServlet.process(DHtmlUpdateServlet.java:611)
	at org.zkoss.zk.au.http.DHtmlUpdateServlet.doGet(DHtmlUpdateServlet.java:485)
	at org.zkoss.zk.au.http.DHtmlUpdateServlet.doPost(DHtmlUpdateServlet.java:494)
	at javax.servlet.http.HttpServlet.service(HttpServlet.java:707)
	at javax.servlet.http.HttpServlet.service(HttpServlet.java:790)
	at org.eclipse.jetty.servlet.ServletHolder.handle(ServletHolder.java:808)
	at org.eclipse.jetty.servlet.ServletHandler.doHandle(ServletHandler.java:587)
	at org.eclipse.jetty.server.handler.ScopedHandler.handle(ScopedHandler.java:143)
	at org.eclipse.jetty.security.SecurityHandler.handle(SecurityHandler.java:577)

22:00:50.305-----------> ServletHandler.doHandle: /webui/zkau [38]
java.lang.IllegalStateException: Form too many keys
	at org.eclipse.jetty.util.UrlEncoded.decodeUtf8To(UrlEncoded.java:526)
	at org.eclipse.jetty.util.UrlEncoded.decodeTo(UrlEncoded.java:641)
	at org.eclipse.jetty.server.Request.extractFormParameters(Request.java:370)
	at org.eclipse.jetty.server.Request.extractContentParameters(Request.java:302)
	at org.eclipse.jetty.server.Request.extractParameters(Request.java:256)
	at org.eclipse.jetty.server.Request.getParameter(Request.java:825)
	at org.zkoss.zk.au.http.DHtmlUpdateServlet$3.getDesktopId(DHtmlUpdateServlet.java:748)
	at org.zkoss.zk.au.http.DHtmlUpdateServlet.process(DHtmlUpdateServlet.java:531)
	at org.zkoss.zk.au.http.DHtmlUpdateServlet.doGet(DHtmlUpdateServlet.java:485)
	at org.zkoss.zk.au.http.DHtmlUpdateServlet.doPost(DHtmlUpdateServlet.java:494)
	at javax.servlet.http.HttpServlet.service(HttpServlet.java:707)
	at javax.servlet.http.HttpServlet.service(HttpServlet.java:790)
	at org.eclipse.jetty.servlet.ServletHolder.handle(ServletHolder.java:808)
	at org.eclipse.jetty.servlet.ServletHandler.doHandle(ServletHandler.java:587)
	at org.eclipse.jetty.server.handler.ScopedHandler.handle(ScopedHandler.java:143)
	at org.eclipse.jetty.security.SecurityHandler.handle(SecurityHandler.java:577)
	at org.eclipse.jetty.server.session.SessionHandler.doHandle(SessionHandler.java:223)
	at org.eclipse.jetty.server.handler.ContextHandler.doHandle(ContextHandler.java:1127)
	at org.eclipse.jetty.servlet.ServletHandler.doScope(ServletHandler.java:515)
	at org.eclipse.jetty.server.session.SessionHandler.doScope(SessionHandler.java:185)
	at org.eclipse.jetty.server.handler.ContextHandler.doScope(ContextHandler.java:1061)

22:00:50.309-----------> HttpParser.parseNext: badMessage: java.lang.IllegalStateException: too much data after closed for HttpChannelOverHttp@bcb3c5a{r=6696,c=false,a=IDLE,uri=-} [38]
22:00:57.210-----------> MProduct.get_Value: Column not found - smjdiscount_allowed [32]
22:00:57.319-----------> NewPooledConnection.log: [c3p0] A PooledConnection that has already signalled a Connection error is still in use! [32]
22:00:57.319-----------> NewPooledConnection.log: [c3p0] Another error has occurred [ org.postgresql.util.PSQLException: ERROR: el valor null para la columna «smj_iswarranty» viola la restricción not null
  Detail: La fila que falla contiene (1000002, 1000011, 1000000, Estándar, Estándar, 1000381, VENTAS MOSTRADOR POS, 1.00, 1, 1000000, Estándar, null, 1.0, 1.00000, 100, Unidad, 0.0, 0, null, 1000000, 1000000, Y, 2016-09-08 22:00:57.21, 1000000, 2016-09-08 22:00:57.21, 1000000, 1, null, null, null, F, 20, null, null, null, null, 1000001, 73a61cf4-99b9-4ae3-ab2b-758a1486b826). ] which will not be reported to listeners! [32]
org.postgresql.util.PSQLException: ERROR: el valor null para la columna «smj_iswarranty» viola la restricción not null
  Detail: La fila que falla contiene (1000002, 1000011, 1000000, Estándar, Estándar, 1000381, VENTAS MOSTRADOR POS, 1.00, 1, 1000000, Estándar, null, 1.0, 1.00000, 100, Unidad, 0.0, 0, null, 1000000, 1000000, Y, 2016-09-08 22:00:57.21, 1000000, 2016-09-08 22:00:57.21, 1000000, 1, null, null, null, F, 20, null, null, null, null, 1000001, 73a61cf4-99b9-4ae3-ab2b-758a1486b826).; State=23502; ErrorCode=0
	at org.postgresql.core.v3.QueryExecutorImpl.receiveErrorResponse(QueryExecutorImpl.java:2182)
	at org.postgresql.core.v3.QueryExecutorImpl.processResults(QueryExecutorImpl.java:1911)
	at org.postgresql.core.v3.QueryExecutorImpl.execute(QueryExecutorImpl.java:173)
	at org.postgresql.jdbc2.AbstractJdbc2Statement.execute(AbstractJdbc2Statement.java:645)
	at org.postgresql.jdbc2.AbstractJdbc2Statement.executeWithFlags(AbstractJdbc2Statement.java:495)
	at org.postgresql.jdbc2.AbstractJdbc2Statement.executeUpdate(AbstractJdbc2Statement.java:441)
	at com.mchange.v2.c3p0.impl.NewProxyPreparedStatement.executeUpdate(NewProxyPreparedStatement.java:1449)
	at sun.reflect.GeneratedMethodAccessor39.invoke(Unknown Source)
	at sun.reflect.DelegatingMethodAccessorImpl.invoke(Unknown Source)
	at java.lang.reflect.Method.invoke(Unknown Source)
	at org.compiere.db.StatementProxy.invoke(StatementProxy.java:128)
	at com.sun.proxy.$Proxy3.executeUpdate(Unknown Source)
	at org.compiere.util.DB.executeUpdate(DB.java:1038)
	at org.compiere.util.DB.executeUpdate(DB.java:1007)
	at org.compiere.model.PO.doInsert(PO.java:2974)
	at org.compiere.model.PO.saveNew(PO.java:2778)
	at org.compiere.model.PO.save(PO.java:2128)
	at com.smj.model.MSMJTmpWebSalesLine.save(MSMJTmpWebSalesLine.java:77)
	at com.smj.webui.apps.form.WSimplifiedSales.showInfoProduct(WSimplifiedSales.java:1546)
	at com.smj.webui.apps.form.WSimplifiedSales.valueChange(WSimplifiedSales.java:2053)
	at org.adempiere.webui.editor.WEditor.fireValueChange(WEditor.java:403)

22:00:57.323===========> DB.executeUpdate: INSERT INTO smj_tmpwebsalesline (smj_tmpwebsalesline_ID,smj_tmpwebsales_ID,M_Product_ID,ProductName,ProductValue,C_BPartner_ID,partnername,Price,Qty,M_Warehouse_ID,WarehouseName,QtyEntered,total,C_UOM_ID,UOMName,tax,M_AttributeSetInstance_ID,AD_Client_ID,AD_Org_ID,IsActive,Created,CreatedBy,Updated,UpdatedBy,purchaseprice,smj_isworkorder,Line,C_OrderLine_ID,smj_tmpwebsalesline_UU) VALUES (?,?,?,?,?,?,?,?,?,?,?,?,?,?,?,?,?,?,?,?,?,?,?,?,?,?,?,?,?) [WSS1473393590392_f8ba6d00-4ba0-4d68-83a5-ffab3837021a] [32]
org.postgresql.util.PSQLException: ERROR: el valor null para la columna «smj_iswarranty» viola la restricción not null
  Detail: La fila que falla contiene (1000002, 1000011, 1000000, Estándar, Estándar, 1000381, VENTAS MOSTRADOR POS, 1.00, 1, 1000000, Estándar, null, 1.0, 1.00000, 100, Unidad, 0.0, 0, null, 1000000, 1000000, Y, 2016-09-08 22:00:57.21, 1000000, 2016-09-08 22:00:57.21, 1000000, 1, null, null, null, F, 20, null, null, null, null, 1000001, 73a61cf4-99b9-4ae3-ab2b-758a1486b826).; State=23502; ErrorCode=0
	at org.postgresql.core.v3.QueryExecutorImpl.receiveErrorResponse(QueryExecutorImpl.java:2182)
	at org.postgresql.core.v3.QueryExecutorImpl.processResults(QueryExecutorImpl.java:1911)
	at org.postgresql.core.v3.QueryExecutorImpl.execute(QueryExecutorImpl.java:173)
	at org.postgresql.jdbc2.AbstractJdbc2Statement.execute(AbstractJdbc2Statement.java:645)
	at org.postgresql.jdbc2.AbstractJdbc2Statement.executeWithFlags(AbstractJdbc2Statement.java:495)
	at org.postgresql.jdbc2.AbstractJdbc2Statement.executeUpdate(AbstractJdbc2Statement.java:441)
	at com.mchange.v2.c3p0.impl.NewProxyPreparedStatement.executeUpdate(NewProxyPreparedStatement.java:1449)
	at sun.reflect.GeneratedMethodAccessor39.invoke(Unknown Source)
	at sun.reflect.DelegatingMethodAccessorImpl.invoke(Unknown Source)
	at java.lang.reflect.Method.invoke(Unknown Source)
	at org.compiere.db.StatementProxy.invoke(StatementProxy.java:128)
	at com.sun.proxy.$Proxy3.executeUpdate(Unknown Source)
	at org.compiere.util.DB.executeUpdate(DB.java:1038)
	at org.compiere.util.DB.executeUpdate(DB.java:1007)
	at org.compiere.model.PO.doInsert(PO.java:2974)
	at org.compiere.model.PO.saveNew(PO.java:2778)
	at org.compiere.model.PO.save(PO.java:2128)
	at com.smj.model.MSMJTmpWebSalesLine.save(MSMJTmpWebSalesLine.java:77)
	at com.smj.webui.apps.form.WSimplifiedSales.showInfoProduct(WSimplifiedSales.java:1546)
	at com.smj.webui.apps.form.WSimplifiedSales.valueChange(WSimplifiedSales.java:2053)
	at org.adempiere.webui.editor.WEditor.fireValueChange(WEditor.java:403)

22:00:57.331===========> DB.saveError: DBExecuteError - ERROR: el valor null para la columna «smj_iswarranty» viola la restricción not null
  Detail: La fila que falla contiene (1000002, 1000011, 1000000, Estándar, Estándar, 1000381, VENTAS MOSTRADOR POS, 1.00, 1, 1000000, Estándar, null, 1.0, 1.00000, 100, Unidad, 0.0, 0, null, 1000000, 1000000, Y, 2016-09-08 22:00:57.21, 1000000, 2016-09-08 22:00:57.21, 1000000, 1, null, null, null, F, 20, null, null, null, null, 1000001, 73a61cf4-99b9-4ae3-ab2b-758a1486b826). [32]
22:00:57.331-----------> MSMJTmpWebSalesLine.doInsert: [WSS1473393590392_f8ba6d00-4ba0-4d68-83a5-ffab3837021a]Not inserted - smj_tmpwebsalesline [32]
22:00:57.335===========> MSMJTmpWebSalesLine.saveError: DBExecuteError - DBExecuteError:ERROR: el valor null para la columna «smj_iswarranty» viola la restricción not null
  Detail: La fila que falla contiene (1000002, 1000011, 1000000, Estándar, Estándar, 1000381, VENTAS MOSTRADOR POS, 1.00, 1, 1000000, Estándar, null, 1.0, 1.00000, 100, Unidad, 0.0, 0, null, 1000000, 1000000, Y, 2016-09-08 22:00:57.21, 1000000, 2016-09-08 22:00:57.21, 1000000, 1, null, null, null, F, 20, null, null, null, null, 1000001, 73a61cf4-99b9-4ae3-ab2b-758a1486b826). [32]
22:01:04.080-----------> NewPooledConnection.log: [c3p0] A PooledConnection that has already signalled a Connection error is still in use! [35]
22:01:04.080-----------> NewPooledConnection.log: [c3p0] Another error has occurred [ org.postgresql.util.PSQLException: ERROR: el valor null para la columna «smj_iswarranty» viola la restricción not null
  Detail: La fila que falla contiene (1000003, 1000011, 1000000, Estándar, Estándar, 1000381, VENTAS MOSTRADOR POS, 1.00, 56.0, 1000000, Estándar, null, 56, 56.0000, 100, Unidad, 0.0, 0, null, 1000000, 1000000, Y, 2016-09-08 22:00:57.21, 1000000, 2016-09-08 22:00:57.21, 1000000, 1, null, null, null, F, 20, null, null, null, null, 1000001, 73a61cf4-99b9-4ae3-ab2b-758a1486b826). ] which will not be reported to listeners! [35]
org.postgresql.util.PSQLException: ERROR: el valor null para la columna «smj_iswarranty» viola la restricción not null
  Detail: La fila que falla contiene (1000003, 1000011, 1000000, Estándar, Estándar, 1000381, VENTAS MOSTRADOR POS, 1.00, 56.0, 1000000, Estándar, null, 56, 56.0000, 100, Unidad, 0.0, 0, null, 1000000, 1000000, Y, 2016-09-08 22:00:57.21, 1000000, 2016-09-08 22:00:57.21, 1000000, 1, null, null, null, F, 20, null, null, null, null, 1000001, 73a61cf4-99b9-4ae3-ab2b-758a1486b826).; State=23502; ErrorCode=0
	at org.postgresql.core.v3.QueryExecutorImpl.receiveErrorResponse(QueryExecutorImpl.java:2182)
	at org.postgresql.core.v3.QueryExecutorImpl.processResults(QueryExecutorImpl.java:1911)
	at org.postgresql.core.v3.QueryExecutorImpl.execute(QueryExecutorImpl.java:173)
	at org.postgresql.jdbc2.AbstractJdbc2Statement.execute(AbstractJdbc2Statement.java:645)
	at org.postgresql.jdbc2.AbstractJdbc2Statement.executeWithFlags(AbstractJdbc2Statement.java:495)
	at org.postgresql.jdbc2.AbstractJdbc2Statement.executeUpdate(AbstractJdbc2Statement.java:441)
	at com.mchange.v2.c3p0.impl.NewProxyPreparedStatement.executeUpdate(NewProxyPreparedStatement.java:1449)
	at sun.reflect.GeneratedMethodAccessor39.invoke(Unknown Source)
	at sun.reflect.DelegatingMethodAccessorImpl.invoke(Unknown Source)
	at java.lang.reflect.Method.invoke(Unknown Source)
	at org.compiere.db.StatementProxy.invoke(StatementProxy.java:128)
	at com.sun.proxy.$Proxy3.executeUpdate(Unknown Source)
	at org.compiere.util.DB.executeUpdate(DB.java:1038)
	at org.compiere.util.DB.executeUpdate(DB.java:1007)
	at org.compiere.model.PO.doInsert(PO.java:2974)
	at org.compiere.model.PO.saveNew(PO.java:2778)
	at org.compiere.model.PO.save(PO.java:2128)
	at com.smj.model.MSMJTmpWebSalesLine.save(MSMJTmpWebSalesLine.java:77)
	at com.smj.webui.apps.form.WSimplifiedSales.tableChanged(WSimplifiedSales.java:2257)
	at org.adempiere.webui.component.ListModelTable.fireTableChange(ListModelTable.java:324)
	at org.adempiere.webui.component.ListModelTable.setDataAt(ListModelTable.java:223)

22:01:04.084===========> DB.executeUpdate: INSERT INTO smj_tmpwebsalesline (smj_tmpwebsalesline_ID,smj_tmpwebsales_ID,M_Product_ID,ProductName,ProductValue,C_BPartner_ID,partnername,Price,Qty,M_Warehouse_ID,WarehouseName,QtyEntered,total,C_UOM_ID,UOMName,tax,M_AttributeSetInstance_ID,AD_Client_ID,AD_Org_ID,IsActive,Created,CreatedBy,Updated,UpdatedBy,purchaseprice,smj_isworkorder,Line,C_OrderLine_ID,smj_tmpwebsalesline_UU) VALUES (?,?,?,?,?,?,?,?,?,?,?,?,?,?,?,?,?,?,?,?,?,?,?,?,?,?,?,?,?) [WSS1473393590392_f8ba6d00-4ba0-4d68-83a5-ffab3837021a] [35]
org.postgresql.util.PSQLException: ERROR: el valor null para la columna «smj_iswarranty» viola la restricción not null
  Detail: La fila que falla contiene (1000003, 1000011, 1000000, Estándar, Estándar, 1000381, VENTAS MOSTRADOR POS, 1.00, 56.0, 1000000, Estándar, null, 56, 56.0000, 100, Unidad, 0.0, 0, null, 1000000, 1000000, Y, 2016-09-08 22:00:57.21, 1000000, 2016-09-08 22:00:57.21, 1000000, 1, null, null, null, F, 20, null, null, null, null, 1000001, 73a61cf4-99b9-4ae3-ab2b-758a1486b826).; State=23502; ErrorCode=0
	at org.postgresql.core.v3.QueryExecutorImpl.receiveErrorResponse(QueryExecutorImpl.java:2182)
	at org.postgresql.core.v3.QueryExecutorImpl.processResults(QueryExecutorImpl.java:1911)
	at org.postgresql.core.v3.QueryExecutorImpl.execute(QueryExecutorImpl.java:173)
	at org.postgresql.jdbc2.AbstractJdbc2Statement.execute(AbstractJdbc2Statement.java:645)
	at org.postgresql.jdbc2.AbstractJdbc2Statement.executeWithFlags(AbstractJdbc2Statement.java:495)
	at org.postgresql.jdbc2.AbstractJdbc2Statement.executeUpdate(AbstractJdbc2Statement.java:441)
	at com.mchange.v2.c3p0.impl.NewProxyPreparedStatement.executeUpdate(NewProxyPreparedStatement.java:1449)
	at sun.reflect.GeneratedMethodAccessor39.invoke(Unknown Source)
	at sun.reflect.DelegatingMethodAccessorImpl.invoke(Unknown Source)
	at java.lang.reflect.Method.invoke(Unknown Source)
	at org.compiere.db.StatementProxy.invoke(StatementProxy.java:128)
	at com.sun.proxy.$Proxy3.executeUpdate(Unknown Source)
	at org.compiere.util.DB.executeUpdate(DB.java:1038)
	at org.compiere.util.DB.executeUpdate(DB.java:1007)
	at org.compiere.model.PO.doInsert(PO.java:2974)
	at org.compiere.model.PO.saveNew(PO.java:2778)
	at org.compiere.model.PO.save(PO.java:2128)
	at com.smj.model.MSMJTmpWebSalesLine.save(MSMJTmpWebSalesLine.java:77)
	at com.smj.webui.apps.form.WSimplifiedSales.tableChanged(WSimplifiedSales.java:2257)
	at org.adempiere.webui.component.ListModelTable.fireTableChange(ListModelTable.java:324)
	at org.adempiere.webui.component.ListModelTable.setDataAt(ListModelTable.java:223)

22:01:04.092===========> DB.saveError: DBExecuteError - ERROR: el valor null para la columna «smj_iswarranty» viola la restricción not null
  Detail: La fila que falla contiene (1000003, 1000011, 1000000, Estándar, Estándar, 1000381, VENTAS MOSTRADOR POS, 1.00, 56.0, 1000000, Estándar, null, 56, 56.0000, 100, Unidad, 0.0, 0, null, 1000000, 1000000, Y, 2016-09-08 22:00:57.21, 1000000, 2016-09-08 22:00:57.21, 1000000, 1, null, null, null, F, 20, null, null, null, null, 1000001, 73a61cf4-99b9-4ae3-ab2b-758a1486b826). [35]
22:01:04.092-----------> MSMJTmpWebSalesLine.doInsert: [WSS1473393590392_f8ba6d00-4ba0-4d68-83a5-ffab3837021a]Not inserted - smj_tmpwebsalesline [35]
22:01:04.092===========> MSMJTmpWebSalesLine.saveError: DBExecuteError - DBExecuteError:ERROR: el valor null para la columna «smj_iswarranty» viola la restricción not null
  Detail: La fila que falla contiene (1000003, 1000011, 1000000, Estándar, Estándar, 1000381, VENTAS MOSTRADOR POS, 1.00, 56.0, 1000000, Estándar, null, 56, 56.0000, 100, Unidad, 0.0, 0, null, 1000000, 1000000, Y, 2016-09-08 22:00:57.21, 1000000, 2016-09-08 22:00:57.21, 1000000, 1, null, null, null, F, 20, null, null, null, null, 1000001, 73a61cf4-99b9-4ae3-ab2b-758a1486b826). [35]
22:01:51.644-----------> MProduct.get_Value: Column not found - smjdiscount_allowed [32]
22:01:51.754===========> DB.executeUpdate: INSERT INTO smj_tmpwebsalesline (smj_tmpwebsalesline_ID,smj_tmpwebsales_ID,M_Product_ID,ProductName,ProductValue,C_BPartner_ID,partnername,Price,Qty,M_Warehouse_ID,WarehouseName,QtyEntered,total,C_UOM_ID,UOMName,tax,M_AttributeSetInstance_ID,AD_Client_ID,AD_Org_ID,IsActive,Created,CreatedBy,Updated,UpdatedBy,purchaseprice,smj_isworkorder,Line,C_OrderLine_ID,smj_tmpwebsalesline_UU) VALUES (?,?,?,?,?,?,?,?,?,?,?,?,?,?,?,?,?,?,?,?,?,?,?,?,?,?,?,?,?) [WSS1473393699206_6e36a595-064d-4ff8-ab58-02e3696f8fe6] [32]
org.postgresql.util.PSQLException: ERROR: el valor null para la columna «smj_iswarranty» viola la restricción not null
  Detail: La fila que falla contiene (1000004, 1000011, 1000000, Estándar, Estándar, 1000381, VENTAS MOSTRADOR POS, 1.00, 1, 1000000, Estándar, null, 1.0, 1.00000, 100, Unidad, 0.0, 0, null, 1000000, 1000000, Y, 2016-09-08 22:01:51.644, 1000000, 2016-09-08 22:01:51.644, 1000000, 1, null, null, null, F, 10, null, null, null, null, 1000002, a25d6281-9880-4418-9783-d4f70782554c).; State=23502; ErrorCode=0
	at org.postgresql.core.v3.QueryExecutorImpl.receiveErrorResponse(QueryExecutorImpl.java:2182)
	at org.postgresql.core.v3.QueryExecutorImpl.processResults(QueryExecutorImpl.java:1911)
	at org.postgresql.core.v3.QueryExecutorImpl.execute(QueryExecutorImpl.java:173)
	at org.postgresql.jdbc2.AbstractJdbc2Statement.execute(AbstractJdbc2Statement.java:645)
	at org.postgresql.jdbc2.AbstractJdbc2Statement.executeWithFlags(AbstractJdbc2Statement.java:495)
	at org.postgresql.jdbc2.AbstractJdbc2Statement.executeUpdate(AbstractJdbc2Statement.java:441)
	at com.mchange.v2.c3p0.impl.NewProxyPreparedStatement.executeUpdate(NewProxyPreparedStatement.java:1449)
	at sun.reflect.GeneratedMethodAccessor39.invoke(Unknown Source)
	at sun.reflect.DelegatingMethodAccessorImpl.invoke(Unknown Source)
	at java.lang.reflect.Method.invoke(Unknown Source)
	at org.compiere.db.StatementProxy.invoke(StatementProxy.java:128)
	at com.sun.proxy.$Proxy3.executeUpdate(Unknown Source)
	at org.compiere.util.DB.executeUpdate(DB.java:1038)
	at org.compiere.util.DB.executeUpdate(DB.java:1007)
	at org.compiere.model.PO.doInsert(PO.java:2974)
	at org.compiere.model.PO.saveNew(PO.java:2778)
	at org.compiere.model.PO.save(PO.java:2128)
	at com.smj.model.MSMJTmpWebSalesLine.save(MSMJTmpWebSalesLine.java:77)
	at com.smj.webui.apps.form.WSimplifiedSales.showInfoProduct(WSimplifiedSales.java:1546)
	at com.smj.webui.apps.form.WSimplifiedSales.valueChange(WSimplifiedSales.java:2053)
	at org.adempiere.webui.editor.WEditor.fireValueChange(WEditor.java:403)

22:01:51.770===========> DB.saveError: DBExecuteError - ERROR: el valor null para la columna «smj_iswarranty» viola la restricción not null
  Detail: La fila que falla contiene (1000004, 1000011, 1000000, Estándar, Estándar, 1000381, VENTAS MOSTRADOR POS, 1.00, 1, 1000000, Estándar, null, 1.0, 1.00000, 100, Unidad, 0.0, 0, null, 1000000, 1000000, Y, 2016-09-08 22:01:51.644, 1000000, 2016-09-08 22:01:51.644, 1000000, 1, null, null, null, F, 10, null, null, null, null, 1000002, a25d6281-9880-4418-9783-d4f70782554c). [32]
22:01:51.770-----------> MSMJTmpWebSalesLine.doInsert: [WSS1473393699206_6e36a595-064d-4ff8-ab58-02e3696f8fe6]Not inserted - smj_tmpwebsalesline [32]
22:01:51.770===========> MSMJTmpWebSalesLine.saveError: DBExecuteError - DBExecuteError:ERROR: el valor null para la columna «smj_iswarranty» viola la restricción not null
  Detail: La fila que falla contiene (1000004, 1000011, 1000000, Estándar, Estándar, 1000381, VENTAS MOSTRADOR POS, 1.00, 1, 1000000, Estándar, null, 1.0, 1.00000, 100, Unidad, 0.0, 0, null, 1000000, 1000000, Y, 2016-09-08 22:01:51.644, 1000000, 2016-09-08 22:01:51.644, 1000000, 1, null, null, null, F, 10, null, null, null, null, 1000002, a25d6281-9880-4418-9783-d4f70782554c). [32]
22:02:02.283-----------> NewPooledConnection.log: [c3p0] A PooledConnection that has already signalled a Connection error is still in use! [38]
22:02:02.283-----------> NewPooledConnection.log: [c3p0] Another error has occurred [ org.postgresql.util.PSQLException: ERROR: el valor null para la columna «smj_iswarranty» viola la restricción not null
  Detail: La fila que falla contiene (1000005, 1000011, 1000000, Estándar, Estándar, 1000381, VENTAS MOSTRADOR POS, 1.00, 253.0, 1000000, Estándar, null, 253, 253.0000, 100, Unidad, 0.0, 0, null, 1000000, 1000000, Y, 2016-09-08 22:01:51.644, 1000000, 2016-09-08 22:01:51.644, 1000000, 1, null, null, null, F, 10, null, null, null, null, 1000002, a25d6281-9880-4418-9783-d4f70782554c). ] which will not be reported to listeners! [38]
org.postgresql.util.PSQLException: ERROR: el valor null para la columna «smj_iswarranty» viola la restricción not null
  Detail: La fila que falla contiene (1000005, 1000011, 1000000, Estándar, Estándar, 1000381, VENTAS MOSTRADOR POS, 1.00, 253.0, 1000000, Estándar, null, 253, 253.0000, 100, Unidad, 0.0, 0, null, 1000000, 1000000, Y, 2016-09-08 22:01:51.644, 1000000, 2016-09-08 22:01:51.644, 1000000, 1, null, null, null, F, 10, null, null, null, null, 1000002, a25d6281-9880-4418-9783-d4f70782554c).; State=23502; ErrorCode=0
	at org.postgresql.core.v3.QueryExecutorImpl.receiveErrorResponse(QueryExecutorImpl.java:2182)
	at org.postgresql.core.v3.QueryExecutorImpl.processResults(QueryExecutorImpl.java:1911)
	at org.postgresql.core.v3.QueryExecutorImpl.execute(QueryExecutorImpl.java:173)
	at org.postgresql.jdbc2.AbstractJdbc2Statement.execute(AbstractJdbc2Statement.java:645)
	at org.postgresql.jdbc2.AbstractJdbc2Statement.executeWithFlags(AbstractJdbc2Statement.java:495)
	at org.postgresql.jdbc2.AbstractJdbc2Statement.executeUpdate(AbstractJdbc2Statement.java:441)
	at com.mchange.v2.c3p0.impl.NewProxyPreparedStatement.executeUpdate(NewProxyPreparedStatement.java:1449)
	at sun.reflect.GeneratedMethodAccessor39.invoke(Unknown Source)
	at sun.reflect.DelegatingMethodAccessorImpl.invoke(Unknown Source)
	at java.lang.reflect.Method.invoke(Unknown Source)
	at org.compiere.db.StatementProxy.invoke(StatementProxy.java:128)
	at com.sun.proxy.$Proxy3.executeUpdate(Unknown Source)
	at org.compiere.util.DB.executeUpdate(DB.java:1038)
	at org.compiere.util.DB.executeUpdate(DB.java:1007)
	at org.compiere.model.PO.doInsert(PO.java:2974)
	at org.compiere.model.PO.saveNew(PO.java:2778)
	at org.compiere.model.PO.save(PO.java:2128)
	at com.smj.model.MSMJTmpWebSalesLine.save(MSMJTmpWebSalesLine.java:77)
	at com.smj.webui.apps.form.WSimplifiedSales.tableChanged(WSimplifiedSales.java:2257)
	at org.adempiere.webui.component.ListModelTable.fireTableChange(ListModelTable.java:324)
	at org.adempiere.webui.component.ListModelTable.setDataAt(ListModelTable.java:223)

22:02:02.287===========> DB.executeUpdate: INSERT INTO smj_tmpwebsalesline (smj_tmpwebsalesline_ID,smj_tmpwebsales_ID,M_Product_ID,ProductName,ProductValue,C_BPartner_ID,partnername,Price,Qty,M_Warehouse_ID,WarehouseName,QtyEntered,total,C_UOM_ID,UOMName,tax,M_AttributeSetInstance_ID,AD_Client_ID,AD_Org_ID,IsActive,Created,CreatedBy,Updated,UpdatedBy,purchaseprice,smj_isworkorder,Line,C_OrderLine_ID,smj_tmpwebsalesline_UU) VALUES (?,?,?,?,?,?,?,?,?,?,?,?,?,?,?,?,?,?,?,?,?,?,?,?,?,?,?,?,?) [WSS1473393699206_6e36a595-064d-4ff8-ab58-02e3696f8fe6] [38]
org.postgresql.util.PSQLException: ERROR: el valor null para la columna «smj_iswarranty» viola la restricción not null
  Detail: La fila que falla contiene (1000005, 1000011, 1000000, Estándar, Estándar, 1000381, VENTAS MOSTRADOR POS, 1.00, 253.0, 1000000, Estándar, null, 253, 253.0000, 100, Unidad, 0.0, 0, null, 1000000, 1000000, Y, 2016-09-08 22:01:51.644, 1000000, 2016-09-08 22:01:51.644, 1000000, 1, null, null, null, F, 10, null, null, null, null, 1000002, a25d6281-9880-4418-9783-d4f70782554c).; State=23502; ErrorCode=0
	at org.postgresql.core.v3.QueryExecutorImpl.receiveErrorResponse(QueryExecutorImpl.java:2182)
	at org.postgresql.core.v3.QueryExecutorImpl.processResults(QueryExecutorImpl.java:1911)
	at org.postgresql.core.v3.QueryExecutorImpl.execute(QueryExecutorImpl.java:173)
	at org.postgresql.jdbc2.AbstractJdbc2Statement.execute(AbstractJdbc2Statement.java:645)
	at org.postgresql.jdbc2.AbstractJdbc2Statement.executeWithFlags(AbstractJdbc2Statement.java:495)
	at org.postgresql.jdbc2.AbstractJdbc2Statement.executeUpdate(AbstractJdbc2Statement.java:441)
	at com.mchange.v2.c3p0.impl.NewProxyPreparedStatement.executeUpdate(NewProxyPreparedStatement.java:1449)
	at sun.reflect.GeneratedMethodAccessor39.invoke(Unknown Source)
	at sun.reflect.DelegatingMethodAccessorImpl.invoke(Unknown Source)
	at java.lang.reflect.Method.invoke(Unknown Source)
	at org.compiere.db.StatementProxy.invoke(StatementProxy.java:128)
	at com.sun.proxy.$Proxy3.executeUpdate(Unknown Source)
	at org.compiere.util.DB.executeUpdate(DB.java:1038)
	at org.compiere.util.DB.executeUpdate(DB.java:1007)
	at org.compiere.model.PO.doInsert(PO.java:2974)
	at org.compiere.model.PO.saveNew(PO.java:2778)
	at org.compiere.model.PO.save(PO.java:2128)
	at com.smj.model.MSMJTmpWebSalesLine.save(MSMJTmpWebSalesLine.java:77)
	at com.smj.webui.apps.form.WSimplifiedSales.tableChanged(WSimplifiedSales.java:2257)
	at org.adempiere.webui.component.ListModelTable.fireTableChange(ListModelTable.java:324)
	at org.adempiere.webui.component.ListModelTable.setDataAt(ListModelTable.java:223)

22:02:02.407===========> DB.saveError: DBExecuteError - ERROR: el valor null para la columna «smj_iswarranty» viola la restricción not null
  Detail: La fila que falla contiene (1000005, 1000011, 1000000, Estándar, Estándar, 1000381, VENTAS MOSTRADOR POS, 1.00, 253.0, 1000000, Estándar, null, 253, 253.0000, 100, Unidad, 0.0, 0, null, 1000000, 1000000, Y, 2016-09-08 22:01:51.644, 1000000, 2016-09-08 22:01:51.644, 1000000, 1, null, null, null, F, 10, null, null, null, null, 1000002, a25d6281-9880-4418-9783-d4f70782554c). [38]
22:02:02.407-----------> MSMJTmpWebSalesLine.doInsert: [WSS1473393699206_6e36a595-064d-4ff8-ab58-02e3696f8fe6]Not inserted - smj_tmpwebsalesline [38]
22:02:02.407===========> MSMJTmpWebSalesLine.saveError: DBExecuteError - DBExecuteError:ERROR: el valor null para la columna «smj_iswarranty» viola la restricción not null
  Detail: La fila que falla contiene (1000005, 1000011, 1000000, Estándar, Estándar, 1000381, VENTAS MOSTRADOR POS, 1.00, 253.0, 1000000, Estándar, null, 253, 253.0000, 100, Unidad, 0.0, 0, null, 1000000, 1000000, Y, 2016-09-08 22:01:51.644, 1000000, 2016-09-08 22:01:51.644, 1000000, 1, null, null, null, F, 10, null, null, null, null, 1000002, a25d6281-9880-4418-9783-d4f70782554c). [38]
22:03:43.056-----------> ServletHandler.doHandle: /webui/zkau [38]
java.lang.IllegalStateException: Form too large: 219872 > 200000
	at org.eclipse.jetty.server.Request.extractFormParameters(Request.java:364)
	at org.eclipse.jetty.server.Request.extractContentParameters(Request.java:302)
	at org.eclipse.jetty.server.Request.extractParameters(Request.java:256)
	at org.eclipse.jetty.server.Request.getParameter(Request.java:825)
	at org.zkoss.zk.au.http.DHtmlUpdateServlet$3.getDesktopId(DHtmlUpdateServlet.java:748)
	at org.zkoss.zk.au.http.DHtmlUpdateServlet.process(DHtmlUpdateServlet.java:531)
	at org.zkoss.zk.au.http.DHtmlUpdateServlet.doGet(DHtmlUpdateServlet.java:485)
	at org.zkoss.zk.au.http.DHtmlUpdateServlet.doPost(DHtmlUpdateServlet.java:494)
	at javax.servlet.http.HttpServlet.service(HttpServlet.java:707)
	at javax.servlet.http.HttpServlet.service(HttpServlet.java:790)
	at org.eclipse.jetty.servlet.ServletHolder.handle(ServletHolder.java:808)
	at org.eclipse.jetty.servlet.ServletHandler.doHandle(ServletHandler.java:587)
	at org.eclipse.jetty.server.handler.ScopedHandler.handle(ScopedHandler.java:143)
	at org.eclipse.jetty.security.SecurityHandler.handle(SecurityHandler.java:577)
	at org.eclipse.jetty.server.session.SessionHandler.doHandle(SessionHandler.java:223)
	at org.eclipse.jetty.server.handler.ContextHandler.doHandle(ContextHandler.java:1127)
	at org.eclipse.jetty.servlet.ServletHandler.doScope(ServletHandler.java:515)
	at org.eclipse.jetty.server.session.SessionHandler.doScope(SessionHandler.java:185)
	at org.eclipse.jetty.server.handler.ContextHandler.doScope(ContextHandler.java:1061)
	at org.eclipse.jetty.server.handler.ScopedHandler.handle(ScopedHandler.java:141)
	at org.eclipse.jetty.server.handler.ContextHandlerCollection.handle(ContextHandlerCollection.java:215)

22:03:43.062-----------> HttpParser.parseNext: badMessage: java.lang.IllegalStateException: too much data after closed for HttpChannelOverHttp@77864f8f{r=14812,c=false,a=IDLE,uri=-} [38]
22:06:43.025===========> UiEngineImpl.handleError:  [32]
java.lang.NullPointerException
	at org.adempiere.webui.component.Messagebox.show(Messagebox.java:273)
	at org.adempiere.webui.component.Messagebox.showDialog(Messagebox.java:303)
	at org.adempiere.webui.component.Messagebox.showDialog(Messagebox.java:296)
	at org.adempiere.webui.component.Messagebox.showDialog(Messagebox.java:291)
	at com.smj.util.Message.showWarning(Message.java:31)
	at com.smj.util.Message.showWarning(Message.java:17)
	at com.smj.webui.apps.form.WSimplifiedSales.onEvent(WSimplifiedSales.java:1046)
	at org.zkoss.zk.ui.AbstractComponent.onEvent(AbstractComponent.java:2773)
	at org.zkoss.zk.ui.AbstractComponent.service(AbstractComponent.java:2744)
	at org.zkoss.zk.ui.AbstractComponent.service(AbstractComponent.java:2685)
	at org.zkoss.zk.ui.impl.EventProcessor.process(EventProcessor.java:136)
	at org.zkoss.zk.ui.impl.UiEngineImpl.processEvent(UiEngineImpl.java:1765)
	at org.zkoss.zk.ui.impl.UiEngineImpl.process(UiEngineImpl.java:1550)
	at org.zkoss.zk.ui.impl.UiEngineImpl.execUpdate(UiEngineImpl.java:1260)
	at org.zkoss.zk.au.http.DHtmlUpdateServlet.process(DHtmlUpdateServlet.java:611)
	at org.zkoss.zk.au.http.DHtmlUpdateServlet.doGet(DHtmlUpdateServlet.java:485)
	at org.zkoss.zk.au.http.DHtmlUpdateServlet.doPost(DHtmlUpdateServlet.java:494)
	at javax.servlet.http.HttpServlet.service(HttpServlet.java:707)
	at javax.servlet.http.HttpServlet.service(HttpServlet.java:790)
	at org.eclipse.jetty.servlet.ServletHolder.handle(ServletHolder.java:808)
	at org.eclipse.jetty.servlet.ServletHandler.doHandle(ServletHandler.java:587)

22:06:43.040-----------> AbstractComponent.service: No page is available in [Desktop z_v21:/index.zul] because desktop was destroyed.
It is usually caused by invalidating the native session directly. If it is required, please set Attributes.RENEW_NATIVE_SESSION first. [32]
22:06:54.238-----------> ServletHandler.doHandle: /webui/zkau [35]
java.lang.IllegalStateException: Form too large: 2244179 > 200000
	at org.eclipse.jetty.server.Request.extractFormParameters(Request.java:364)
	at org.eclipse.jetty.server.Request.extractContentParameters(Request.java:302)
	at org.eclipse.jetty.server.Request.extractParameters(Request.java:256)
	at org.eclipse.jetty.server.Request.getParameter(Request.java:825)
	at org.zkoss.zk.au.http.DHtmlUpdateServlet$3.getDesktopId(DHtmlUpdateServlet.java:748)
	at org.zkoss.zk.au.http.DHtmlUpdateServlet.denoteSessionTimeout(DHtmlUpdateServlet.java:511)
	at org.zkoss.zk.au.http.DHtmlUpdateServlet.doGet(DHtmlUpdateServlet.java:473)
	at org.zkoss.zk.au.http.DHtmlUpdateServlet.doPost(DHtmlUpdateServlet.java:494)
	at javax.servlet.http.HttpServlet.service(HttpServlet.java:707)
	at javax.servlet.http.HttpServlet.service(HttpServlet.java:790)
	at org.eclipse.jetty.servlet.ServletHolder.handle(ServletHolder.java:808)
	at org.eclipse.jetty.servlet.ServletHandler.doHandle(ServletHandler.java:587)
	at org.eclipse.jetty.server.handler.ScopedHandler.handle(ScopedHandler.java:143)
	at org.eclipse.jetty.security.SecurityHandler.handle(SecurityHandler.java:577)
	at org.eclipse.jetty.server.session.SessionHandler.doHandle(SessionHandler.java:223)
	at org.eclipse.jetty.server.handler.ContextHandler.doHandle(ContextHandler.java:1127)
	at org.eclipse.jetty.servlet.ServletHandler.doScope(ServletHandler.java:515)
	at org.eclipse.jetty.server.session.SessionHandler.doScope(SessionHandler.java:185)
	at org.eclipse.jetty.server.handler.ContextHandler.doScope(ContextHandler.java:1061)
	at org.eclipse.jetty.server.handler.ScopedHandler.handle(ScopedHandler.java:141)
	at org.eclipse.jetty.server.handler.ContextHandlerCollection.handle(ContextHandlerCollection.java:215)

22:06:54.238-----------> HttpParser.parseNext: badMessage: java.lang.IllegalStateException: too much data after closed for HttpChannelOverHttp@bb63f5e{r=836,c=false,a=IDLE,uri=-} [35]
