*** 2016-07-11 13:39:24.788 idempiere Log (CLogFile) ***
13:39:24.788 Adempiere.startup: iDempiere(r) Release 3.1_2015-10-31 -Smart Suite ERP, CRM and SCM- (c) 1999-2013 iDempiere(r); Implementation: iDempiere - Supported by iDempiere community [17]
13:39:24.788 Ini.loadProperties: E:\mercurialidempiere/idempiere.properties #32 [17]
13:39:25.307 DB.isBuildOK: Build DB=${env.ADEMPIERE_VERSION} 20080428-1232 [17]
13:39:25.307 DB.isBuildOK: Build Cl=3.1.0.qualifier [17]
13:39:25.322-----------> DB.isBuildOK: Build Version Error 

The program assumes build version 3.1.0.qualifier, but database has build version ${env.ADEMPIERE_VERSION} 20080428-1232. 
This is likely to cause hard to fix errors. 
Please contact administrator. [17]
13:39:25.416 WebEnv.initWeb: Servlet Context Init Parameters: iDempiere Root
ServerRoot=1 [17]
13:39:25.432-----------> EMail.setFrom: you @ company.org: javax.mail.internet.AddressException: Local address contains control or whitespace in string ``you @ company.org'' [17]
13:39:25.432-----------> EMail.addTo: you @ company.org: javax.mail.internet.AddressException: Local address contains control or whitespace in string ``you @ company.org'' [17]
13:39:25.432-----------> EMail.isValid: From is invalid=null [17]
13:39:25.432-----------> EMail.isValid: From is invalid=null [17]
13:39:25.432-----------> MClient.sendEMail: Could NOT Send Email: Server started: iDempiere (odbz:10.0.5.58) to you @ company.org: Invalid Data (System) [17]
13:39:25.432 WebEnv.initWeb: Servlet Init Parameter: idempiereMonitor [17]
13:39:25.432 AdempiereMonitor.init:  [17]
13:39:26.932-----------> AnnotationConfiguration.configure: ServletContainerInitializers: detected. Class hierarchy: empty [17]
13:39:27.157-----------> ClassLocator.getDependentXMLResources: Replicate resource: ckez
Overwrite bundleresource://180.fwk1399961333:2/metainfo/zk/config.xml
with bundleresource://180.fwk1399961333:19/metainfo/zk/config.xml [17]
13:39:27.173-----------> ClassLocator.getDependentXMLResources: Replicate resource: zk
Overwrite bundleresource://180.fwk1399961333:11/metainfo/zk/config.xml
with bundleresource://180.fwk1399961333:28/metainfo/zk/config.xml [17]
13:39:27.173-----------> ClassLocator.getDependentXMLResources: Replicate resource: zkbind
Overwrite bundleresource://180.fwk1399961333:12/metainfo/zk/config.xml
with bundleresource://180.fwk1399961333:29/metainfo/zk/config.xml [17]
13:39:27.204-----------> ClassLocator.getDependentXMLResources: Replicate resource: zul
Overwrite bundleresource://180.fwk1399961333:14/metainfo/zk/zk.xml
with bundleresource://180.fwk1399961333:31/metainfo/zk/zk.xml [17]
13:39:27.594-----------> LanguageDefinition.<init>: Replicated language: xhtml, overriden by [LanguageDefinition: xhtml] [17]
13:39:27.626-----------> LanguageDefinition.<init>: Replicated language: xul/html, overriden by [LanguageDefinition: xul/html] [17]
13:39:27.688-----------> ClassLocator.getDependentXMLResources: Replicate resource: calendar
Overwrite bundleresource://180.fwk1399961333:1/metainfo/zk/lang-addon.xml
with bundleresource://180.fwk1399961333:18/metainfo/zk/lang-addon.xml [17]
13:39:27.688-----------> ClassLocator.getDependentXMLResources: Replicate resource: ckez
Overwrite bundleresource://180.fwk1399961333:2/metainfo/zk/lang-addon.xml
with bundleresource://180.fwk1399961333:19/metainfo/zk/lang-addon.xml [17]
13:39:27.688-----------> ClassLocator.getDependentXMLResources: Replicate resource: gmapsz
Overwrite bundleresource://180.fwk1399961333:5/metainfo/zk/lang-addon.xml
with bundleresource://180.fwk1399961333:22/metainfo/zk/lang-addon.xml [17]
13:39:27.704-----------> ClassLocator.getDependentXMLResources: Replicate resource: timeline
Overwrite bundleresource://180.fwk1399961333:6/metainfo/zk/lang-addon.xml
with bundleresource://180.fwk1399961333:23/metainfo/zk/lang-addon.xml [17]
13:39:27.704-----------> ClassLocator.getDependentXMLResources: Replicate resource: timeplot
Overwrite bundleresource://180.fwk1399961333:7/metainfo/zk/lang-addon.xml
with bundleresource://180.fwk1399961333:24/metainfo/zk/lang-addon.xml [17]
13:39:27.719-----------> ClassLocator.getDependentXMLResources: Replicate resource: zkbind
Overwrite bundleresource://180.fwk1399961333:12/metainfo/zk/lang-addon.xml
with bundleresource://180.fwk1399961333:29/metainfo/zk/lang-addon.xml [17]
13:39:27.719-----------> ClassLocator.getDependentXMLResources: Replicate resource: zkplus
Overwrite bundleresource://180.fwk1399961333:13/metainfo/zk/lang-addon.xml
with bundleresource://180.fwk1399961333:30/metainfo/zk/lang-addon.xml [17]
13:39:27.860           WebUIServlet.init: iDempiere Web Client started successfully [17]
13:39:28.888-----------> AnnotationConfiguration.configure: ServletContainerInitializers: detected. Class hierarchy: empty [17]

*** 2016-07-11 13:39:29.145 idempiere Log (CLogFile) ***
13:39:31.270-----------> Node: [10.0.5.58]:5701 [adempiere.idempiere/localhost] [3.5.3] No join method is enabled! Starting standalone. [40]
13:41:20.103-----------> DefaultProcessFactory.newProcessInstance: org.adempiere.webui.process.CacheReset [52]
java.lang.ClassNotFoundException: org.adempiere.webui.process.CacheReset cannot be found by org.adempiere.base_3.1.0.qualifier
	at org.eclipse.osgi.internal.loader.BundleLoader.findClassInternal(BundleLoader.java:432)
	at org.eclipse.osgi.internal.loader.BundleLoader.findClass(BundleLoader.java:345)
	at org.eclipse.osgi.internal.loader.BundleLoader.findClass(BundleLoader.java:337)
	at org.eclipse.osgi.internal.loader.ModuleClassLoader.loadClass(ModuleClassLoader.java:160)
	at java.lang.ClassLoader.loadClass(Unknown Source)
	at org.adempiere.base.DefaultProcessFactory.newProcessInstance(DefaultProcessFactory.java:64)
	at org.adempiere.base.Core.getProcess(Core.java:127)
	at org.adempiere.util.ProcessUtil.startJavaProcess(ProcessUtil.java:159)
	at org.compiere.apps.AbstractProcessCtl.startProcess(AbstractProcessCtl.java:466)
	at org.compiere.apps.AbstractProcessCtl.run(AbstractProcessCtl.java:234)
	at org.adempiere.webui.apps.WProcessCtl.process(WProcessCtl.java:197)
	at org.adempiere.webui.apps.AbstractProcessDialog$ProcessDialogRunnable.doRun(AbstractProcessDialog.java:1060)
	at org.adempiere.util.ContextRunnable.run(ContextRunnable.java:38)
	at org.adempiere.webui.apps.DesktopRunnable.run(DesktopRunnable.java:40)
	at java.util.concurrent.Executors$RunnableAdapter.call(Unknown Source)
	at java.util.concurrent.FutureTask.run(Unknown Source)
	at java.util.concurrent.ScheduledThreadPoolExecutor$ScheduledFutureTask.access$201(Unknown Source)
	at java.util.concurrent.ScheduledThreadPoolExecutor$ScheduledFutureTask.run(Unknown Source)
	at java.util.concurrent.ThreadPoolExecutor.runWorker(Unknown Source)
	at java.util.concurrent.ThreadPoolExecutor$Worker.run(Unknown Source)
	at java.lang.Thread.run(Unknown Source)

