*** 2016-05-20 09:51:34.625 idempiere Log (CLogFile) ***
09:51:34.625 Adempiere.startup: iDempiere(r) Release 3.1_2015-10-31 -Smart Suite ERP, CRM and SCM- (c) 1999-2013 iDempiere(r); Implementation: iDempiere - Supported by iDempiere community [17]
09:51:34.719 Ini.loadProperties: E:\mercurialidempiere/idempiere.properties #32 [17]
09:51:38.204 DB.isBuildOK: Build DB=${env.ADEMPIERE_VERSION} 20080428-1232 [17]
09:51:38.204 DB.isBuildOK: Build Cl=3.1.0.qualifier [17]
09:51:38.698-----------> DB.isBuildOK: Build Version Error 

The program assumes build version 3.1.0.qualifier, but database has build version ${env.ADEMPIERE_VERSION} 20080428-1232. 
This is likely to cause hard to fix errors. 
Please contact administrator. [17]
09:51:41.719 Language.getLanguage: Adding Language=en, Country=US, Locale=en_US [17]
09:51:41.721 Language.getLanguage: Adding Language=en, Country=US, Locale=en_US [17]
09:51:46.548 WebEnv.initWeb: Servlet Context Init Parameters: iDempiere Root
ServerRoot=1 [17]
09:51:46.627-----------> EMail.setFrom: you @ company.org: javax.mail.internet.AddressException: Local address contains control or whitespace in string ``you @ company.org'' [17]
09:51:46.627-----------> EMail.addTo: you @ company.org: javax.mail.internet.AddressException: Local address contains control or whitespace in string ``you @ company.org'' [17]
09:51:46.627-----------> EMail.isValid: From is invalid=null [17]
09:51:46.627-----------> EMail.isValid: From is invalid=null [17]
09:51:46.627-----------> MClient.sendEMail: Could NOT Send Email: Server started: iDempiere (odbz:10.0.5.43) to you @ company.org: Invalid Data (System) [17]
09:51:46.627 WebEnv.initWeb: Servlet Init Parameter: idempiereMonitor [17]
09:51:46.627 AdempiereMonitor.init:  [17]
09:51:57.911-----------> AnnotationConfiguration.configure: ServletContainerInitializers: detected. Class hierarchy: empty [17]
09:51:58.363-----------> ClassLocator.getDependentXMLResources: Replicate resource: ckez
Overwrite bundleresource://178.fwk1217681101:2/metainfo/zk/config.xml
with bundleresource://178.fwk1217681101:19/metainfo/zk/config.xml [17]
09:51:58.363-----------> ClassLocator.getDependentXMLResources: Replicate resource: zk
Overwrite bundleresource://178.fwk1217681101:11/metainfo/zk/config.xml
with bundleresource://178.fwk1217681101:28/metainfo/zk/config.xml [17]
09:51:58.379-----------> ClassLocator.getDependentXMLResources: Replicate resource: zkbind
Overwrite bundleresource://178.fwk1217681101:12/metainfo/zk/config.xml
with bundleresource://178.fwk1217681101:29/metainfo/zk/config.xml [17]
09:51:58.394-----------> ClassLocator.getDependentXMLResources: Replicate resource: zul
Overwrite bundleresource://178.fwk1217681101:14/metainfo/zk/zk.xml
with bundleresource://178.fwk1217681101:31/metainfo/zk/zk.xml [17]
09:51:59.062-----------> LanguageDefinition.<init>: Replicated language: xhtml, overriden by [LanguageDefinition: xhtml] [17]
09:51:59.085-----------> LanguageDefinition.<init>: Replicated language: xul/html, overriden by [LanguageDefinition: xul/html] [17]
09:51:59.163-----------> ClassLocator.getDependentXMLResources: Replicate resource: calendar
Overwrite bundleresource://178.fwk1217681101:1/metainfo/zk/lang-addon.xml
with bundleresource://178.fwk1217681101:18/metainfo/zk/lang-addon.xml [17]
09:51:59.163-----------> ClassLocator.getDependentXMLResources: Replicate resource: ckez
Overwrite bundleresource://178.fwk1217681101:2/metainfo/zk/lang-addon.xml
with bundleresource://178.fwk1217681101:19/metainfo/zk/lang-addon.xml [17]
09:51:59.163-----------> ClassLocator.getDependentXMLResources: Replicate resource: gmapsz
Overwrite bundleresource://178.fwk1217681101:5/metainfo/zk/lang-addon.xml
with bundleresource://178.fwk1217681101:22/metainfo/zk/lang-addon.xml [17]
09:51:59.178-----------> ClassLocator.getDependentXMLResources: Replicate resource: timeline
Overwrite bundleresource://178.fwk1217681101:6/metainfo/zk/lang-addon.xml
with bundleresource://178.fwk1217681101:23/metainfo/zk/lang-addon.xml [17]
09:51:59.178-----------> ClassLocator.getDependentXMLResources: Replicate resource: timeplot
Overwrite bundleresource://178.fwk1217681101:7/metainfo/zk/lang-addon.xml
with bundleresource://178.fwk1217681101:24/metainfo/zk/lang-addon.xml [17]
09:51:59.194-----------> ClassLocator.getDependentXMLResources: Replicate resource: zkbind
Overwrite bundleresource://178.fwk1217681101:12/metainfo/zk/lang-addon.xml
with bundleresource://178.fwk1217681101:29/metainfo/zk/lang-addon.xml [17]
09:51:59.194-----------> ClassLocator.getDependentXMLResources: Replicate resource: zkplus
Overwrite bundleresource://178.fwk1217681101:13/metainfo/zk/lang-addon.xml
with bundleresource://178.fwk1217681101:30/metainfo/zk/lang-addon.xml [17]
09:51:59.393           WebUIServlet.init: iDempiere Web Client started successfully [17]
09:52:00.442-----------> AnnotationConfiguration.configure: ServletContainerInitializers: detected. Class hierarchy: empty [17]

*** 2016-05-20 09:52:01.132 idempiere Log (CLogFile) ***
09:52:06.608-----------> Node: [10.0.5.43]:5701 [adempiere.idempiere/localhost] [3.5.3] No join method is enabled! Starting standalone. [44]
09:52:15.663-----------> Prop.loadProperties: E:\mercurialidempiere\home.properties not found [30]
09:52:15.663-----------> Prop.loadProperties: E:\mercurialidempiere\home.properties not found [42]
09:52:15.663-----------> Prop.loadProperties: !!WARNING:Please locate yout custom home.properties on iDEMPIERE_HOME. [30]
09:52:15.664-----------> Prop.loadProperties: !!WARNING:Please locate yout custom home.properties on iDEMPIERE_HOME. [42]
09:53:07.747===========> MRole.addAccessSQL: TableName not correctly parsed - TableNameIn=C_Invoice - AccessSqlParser[C_Invoice=WHERE|0] - #1 C_Invoice=WHERE
 = SELECT C_Invoice_ID, DocumentNo, DateInvoiced, GrandTotal, Balance FROM C_Invoice WHERE  [41]
