*** 2017-02-21 01:15:59.483 idempiere Log (CLogFile) ***
01:15:59.483 Adempiere.startup: iDempiere(r) Release 3.1_2015-10-31 -Smart Suite ERP, CRM and SCM- (c) 1999-2013 iDempiere(r); Implementation: iDempiere - Supported by iDempiere community [17]
01:15:59.483 Ini.loadProperties: E:\mercurialidempiere/idempiere.properties #33 [17]
01:16:00.203 DB.isBuildOK: Build DB=${env.ADEMPIERE_VERSION} 20080428-1232 [17]
01:16:00.203 DB.isBuildOK: Build Cl=3.1.0.qualifier [17]
01:16:00.228-----------> DB.isBuildOK: Build Version Error 

The program assumes build version 3.1.0.qualifier, but database has build version ${env.ADEMPIERE_VERSION} 20080428-1232. 
This is likely to cause hard to fix errors. 
Please contact administrator. [17]
01:16:00.700 WebEnv.initWeb: Servlet Context Init Parameters: iDempiere Root
ServerRoot=1 [17]
01:16:00.860-----------> EMail.setFrom: you @ company.org: javax.mail.internet.AddressException: Local address contains control or whitespace in string ``you @ company.org'' [17]
01:16:00.860-----------> EMail.addTo: you @ company.org: javax.mail.internet.AddressException: Local address contains control or whitespace in string ``you @ company.org'' [17]
01:16:00.860-----------> EMail.isValid: From is invalid=null [17]
01:16:00.860-----------> EMail.isValid: From is invalid=null [17]
01:16:00.860-----------> MClient.sendEMail: Could NOT Send Email: Server started: iDempiere (odbz:192.168.47.1) to you @ company.org: Invalid Data (System) [17]
01:16:00.860 WebEnv.initWeb: Servlet Init Parameter: idempiereMonitor [17]
01:16:00.860 AdempiereMonitor.init:  [17]
01:16:10.587-----------> AnnotationConfiguration.configure: ServletContainerInitializers: detected. Class hierarchy: empty [17]
01:16:10.897-----------> ClassLocator.getDependentXMLResources: Replicate resource: ckez
Overwrite bundleresource://181.fwk491298318:2/metainfo/zk/config.xml
with bundleresource://181.fwk491298318:19/metainfo/zk/config.xml [17]
01:16:10.913-----------> ClassLocator.getDependentXMLResources: Replicate resource: zk
Overwrite bundleresource://181.fwk491298318:11/metainfo/zk/config.xml
with bundleresource://181.fwk491298318:28/metainfo/zk/config.xml [17]
01:16:10.913-----------> ClassLocator.getDependentXMLResources: Replicate resource: zkbind
Overwrite bundleresource://181.fwk491298318:12/metainfo/zk/config.xml
with bundleresource://181.fwk491298318:29/metainfo/zk/config.xml [17]
01:16:10.944-----------> ClassLocator.getDependentXMLResources: Replicate resource: zul
Overwrite bundleresource://181.fwk491298318:14/metainfo/zk/zk.xml
with bundleresource://181.fwk491298318:31/metainfo/zk/zk.xml [17]
01:16:11.350-----------> LanguageDefinition.<init>: Replicated language: xhtml, overriden by [LanguageDefinition: xhtml] [17]
01:16:11.365-----------> LanguageDefinition.<init>: Replicated language: xul/html, overriden by [LanguageDefinition: xul/html] [17]
01:16:11.437-----------> ClassLocator.getDependentXMLResources: Replicate resource: calendar
Overwrite bundleresource://181.fwk491298318:1/metainfo/zk/lang-addon.xml
with bundleresource://181.fwk491298318:18/metainfo/zk/lang-addon.xml [17]
01:16:11.437-----------> ClassLocator.getDependentXMLResources: Replicate resource: ckez
Overwrite bundleresource://181.fwk491298318:2/metainfo/zk/lang-addon.xml
with bundleresource://181.fwk491298318:19/metainfo/zk/lang-addon.xml [17]
01:16:11.453-----------> ClassLocator.getDependentXMLResources: Replicate resource: gmapsz
Overwrite bundleresource://181.fwk491298318:5/metainfo/zk/lang-addon.xml
with bundleresource://181.fwk491298318:22/metainfo/zk/lang-addon.xml [17]
01:16:11.453-----------> ClassLocator.getDependentXMLResources: Replicate resource: timeline
Overwrite bundleresource://181.fwk491298318:6/metainfo/zk/lang-addon.xml
with bundleresource://181.fwk491298318:23/metainfo/zk/lang-addon.xml [17]
01:16:11.453-----------> ClassLocator.getDependentXMLResources: Replicate resource: timeplot
Overwrite bundleresource://181.fwk491298318:7/metainfo/zk/lang-addon.xml
with bundleresource://181.fwk491298318:24/metainfo/zk/lang-addon.xml [17]
01:16:11.468-----------> ClassLocator.getDependentXMLResources: Replicate resource: zkbind
Overwrite bundleresource://181.fwk491298318:12/metainfo/zk/lang-addon.xml
with bundleresource://181.fwk491298318:29/metainfo/zk/lang-addon.xml [17]
01:16:11.484-----------> ClassLocator.getDependentXMLResources: Replicate resource: zkplus
Overwrite bundleresource://181.fwk491298318:13/metainfo/zk/lang-addon.xml
with bundleresource://181.fwk491298318:30/metainfo/zk/lang-addon.xml [17]
01:16:11.779           WebUIServlet.init: iDempiere Web Client started successfully [17]
01:16:13.005-----------> AnnotationConfiguration.configure: ServletContainerInitializers: detected. Class hierarchy: empty [17]
01:16:13.498-----------> LCO_ValidatorWH.initialize:  [64]

*** 2017-02-21 01:16:13.87 idempiere Log (CLogFile) ***
01:16:15.958-----------> Node: [192.168.163.1]:5701 [adempiere.idempiere/localhost] [3.5.3] No join method is enabled! Starting standalone. [50]
01:17:53.281-----------> MWorkflow.getNodesInOrder: Added Node w/o transition: MWFNode[1000004-Export Data to Queue,Action=Process:AD_Process_ID=1000027] [31]
01:17:53.281-----------> MWorkflow.getNodesInOrder: Added Node w/o transition: MWFNode[1000003-Turn ActiveMQ OFF,Action=Task:AD_Task_ID=50001] [31]
01:17:53.295-----------> MWorkflow.getNodesInOrder: Added Node w/o transition: MWFNode[1000002-Turn ActiveMQ ON,Action=Task:AD_Task_ID=50000] [31]
01:17:53.296-----------> MWorkflow.getNodesInOrder: Added Node w/o transition: MWFNode[1000001-Process Imported Orders,Action=Window:AD_Window_ID=281] [31]
01:17:53.296-----------> MWorkflow.getNodesInOrder: Added Node w/o transition: MWFNode[1000000-Import Orders from Wanda POS,Action=Process:AD_Process_ID=1000026] [31]
01:17:59.726-----------> MWorkflow.getNodesInOrder: Added Node w/o transition: MWFNode[1000004-Export Data to Queue,Action=Process:AD_Process_ID=1000027] [35]
01:17:59.726-----------> MWorkflow.getNodesInOrder: Added Node w/o transition: MWFNode[1000003-Turn ActiveMQ OFF,Action=Task:AD_Task_ID=50001] [35]
01:17:59.729-----------> MWorkflow.getNodesInOrder: Added Node w/o transition: MWFNode[1000002-Turn ActiveMQ ON,Action=Task:AD_Task_ID=50000] [35]
01:17:59.729-----------> MWorkflow.getNodesInOrder: Added Node w/o transition: MWFNode[1000001-Process Imported Orders,Action=Window:AD_Window_ID=281] [35]
01:17:59.730-----------> MWorkflow.getNodesInOrder: Added Node w/o transition: MWFNode[1000000-Import Orders from Wanda POS,Action=Process:AD_Process_ID=1000026] [35]
01:19:08.152===========> ActiveMQClient.init: null [56]
javax.jms.JMSException: Could not connect to broker URL: tcp://172.110.29.53:61616. Reason: java.net.ConnectException: Connection refused: connect
	at org.apache.activemq.util.JMSExceptionSupport.create(JMSExceptionSupport.java:35)
	at org.apache.activemq.ActiveMQConnectionFactory.createActiveMQConnection(ActiveMQConnectionFactory.java:293)
	at org.apache.activemq.ActiveMQConnectionFactory.createConnection(ActiveMQConnectionFactory.java:191)
	at org.idempiere.process.ActiveMQClient.init(ActiveMQClient.java:46)
	at org.idempiere.process.Export2Queue.doIt(Export2Queue.java:107)
	at org.compiere.process.SvrProcess.process(SvrProcess.java:198)
	at org.compiere.process.SvrProcess.startProcess(SvrProcess.java:144)
	at org.adempiere.util.ProcessUtil.startJavaProcess(ProcessUtil.java:172)
	at org.compiere.apps.AbstractProcessCtl.startProcess(AbstractProcessCtl.java:466)
	at org.compiere.apps.AbstractProcessCtl.run(AbstractProcessCtl.java:234)
	at org.adempiere.webui.apps.WProcessCtl.process(WProcessCtl.java:197)
	at org.adempiere.webui.apps.AbstractProcessDialog$ProcessDialogRunnable.doRun(AbstractProcessDialog.java:1060)
	at org.adempiere.util.ContextRunnable.run(ContextRunnable.java:38)
	at org.adempiere.webui.apps.DesktopRunnable.run(DesktopRunnable.java:40)
	at java.util.concurrent.Executors$RunnableAdapter.call(Unknown Source)
	at java.util.concurrent.FutureTask.run(Unknown Source)
	at java.util.concurrent.ScheduledThreadPoolExecutor$ScheduledFutureTask.access$201(Unknown Source)
	at java.util.concurrent.ScheduledThreadPoolExecutor$ScheduledFutureTask.run(Unknown Source)
	at java.util.concurrent.ThreadPoolExecutor.runWorker(Unknown Source)
	at java.util.concurrent.ThreadPoolExecutor$Worker.run(Unknown Source)
	at java.lang.Thread.run(Unknown Source)
caused by: java.net.ConnectException: Connection refused: connect
	at java.net.DualStackPlainSocketImpl.waitForConnect(Native Method)
	at java.net.DualStackPlainSocketImpl.socketConnect(Unknown Source)
	at java.net.AbstractPlainSocketImpl.doConnect(Unknown Source)
	at java.net.AbstractPlainSocketImpl.connectToAddress(Unknown Source)
	at java.net.AbstractPlainSocketImpl.connect(Unknown Source)
	at java.net.PlainSocketImpl.connect(Unknown Source)
	at java.net.SocksSocketImpl.connect(Unknown Source)
	at java.net.Socket.connect(Unknown Source)
	at org.apache.activemq.transport.tcp.TcpTransport.connect(TcpTransport.java:504)
	at org.apache.activemq.transport.tcp.TcpTransport.doStart(TcpTransport.java:467)
	at org.apache.activemq.util.ServiceSupport.start(ServiceSupport.java:55)
	at org.apache.activemq.transport.AbstractInactivityMonitor.start(AbstractInactivityMonitor.java:132)
	at org.apache.activemq.transport.TransportFilter.start(TransportFilter.java:58)
	at org.apache.activemq.transport.WireFormatNegotiator.start(WireFormatNegotiator.java:72)
	at org.apache.activemq.transport.TransportFilter.start(TransportFilter.java:58)
	at org.apache.activemq.transport.TransportFilter.start(TransportFilter.java:58)
	at org.apache.activemq.ActiveMQConnectionFactory.createActiveMQConnection(ActiveMQConnectionFactory.java:273)
	at org.apache.activemq.ActiveMQConnectionFactory.createConnection(ActiveMQConnectionFactory.java:191)
	at org.idempiere.process.ActiveMQClient.init(ActiveMQClient.java:46)
	at org.idempiere.process.Export2Queue.doIt(Export2Queue.java:107)
	at org.compiere.process.SvrProcess.process(SvrProcess.java:198)
	at org.compiere.process.SvrProcess.startProcess(SvrProcess.java:144)

01:25:57.617-----------> Msg.getMsg: NOT found: Do you realy want to erase queue ? [39]
01:31:59.536-----------> Msg.getMsg: NOT found: Do you realy want to erase queue ? [35]
01:47:46.925-----------> Msg.getMsg: NOT found: Do you realy want to erase queue ? [31]
01:48:46.921-----------> Msg.getMsg: NOT found: Do you realy want to erase queue ? [39]
01:56:45.780-----------> Msg.getMsg: NOT found: Do you realy want to erase queue ? [31]
01:57:43.839-----------> Msg.getMsg: NOT found: Do you realy want to erase queue ? [39]
01:58:08.300-----------> Msg.getMsg: NOT found: Do you realy want to erase queue ? [31]
01:59:24.633-----------> Msg.getMsg: NOT found: Do you realy want to erase queue ? [33]
