*** 2016-05-20 11:36:12.566 idempiere Log (CLogFile) ***
11:36:12.566 Adempiere.startup: iDempiere(r) Release 3.1_2015-10-31 -Smart Suite ERP, CRM and SCM- (c) 1999-2013 iDempiere(r); Implementation: iDempiere - Supported by iDempiere community [17]
11:36:12.566 Ini.loadProperties: E:\mercurialidempiere/idempiere.properties #32 [17]
11:36:13.019 DB.isBuildOK: Build DB=${env.ADEMPIERE_VERSION} 20080428-1232 [17]
11:36:13.019 DB.isBuildOK: Build Cl=3.1.0.qualifier [17]
11:36:13.035-----------> DB.isBuildOK: Build Version Error 

The program assumes build version 3.1.0.qualifier, but database has build version ${env.ADEMPIERE_VERSION} 20080428-1232. 
This is likely to cause hard to fix errors. 
Please contact administrator. [17]
11:36:13.113 Language.getLanguage: Adding Language=en, Country=US, Locale=en_US [17]
11:36:13.113 Language.getLanguage: Adding Language=en, Country=US, Locale=en_US [17]
11:36:13.175 WebEnv.initWeb: Servlet Context Init Parameters: iDempiere Root
ServerRoot=1 [17]
11:36:13.175-----------> EMail.setFrom: you @ company.org: javax.mail.internet.AddressException: Local address contains control or whitespace in string ``you @ company.org'' [17]
11:36:13.191-----------> EMail.addTo: you @ company.org: javax.mail.internet.AddressException: Local address contains control or whitespace in string ``you @ company.org'' [17]
11:36:13.191-----------> EMail.isValid: From is invalid=null [17]
11:36:13.191-----------> EMail.isValid: From is invalid=null [17]
11:36:13.191-----------> MClient.sendEMail: Could NOT Send Email: Server started: iDempiere (odbz:10.0.5.43) to you @ company.org: Invalid Data (System) [17]
11:36:13.191 WebEnv.initWeb: Servlet Init Parameter: idempiereMonitor [17]
11:36:13.191 AdempiereMonitor.init:  [17]
11:36:14.566-----------> AnnotationConfiguration.configure: ServletContainerInitializers: detected. Class hierarchy: empty [17]
11:36:14.794-----------> ClassLocator.getDependentXMLResources: Replicate resource: ckez
Overwrite bundleresource://178.fwk1319287199:2/metainfo/zk/config.xml
with bundleresource://178.fwk1319287199:19/metainfo/zk/config.xml [17]
11:36:14.794-----------> ClassLocator.getDependentXMLResources: Replicate resource: zk
Overwrite bundleresource://178.fwk1319287199:11/metainfo/zk/config.xml
with bundleresource://178.fwk1319287199:28/metainfo/zk/config.xml [17]
11:36:14.809-----------> ClassLocator.getDependentXMLResources: Replicate resource: zkbind
Overwrite bundleresource://178.fwk1319287199:12/metainfo/zk/config.xml
with bundleresource://178.fwk1319287199:29/metainfo/zk/config.xml [17]
11:36:14.825-----------> ClassLocator.getDependentXMLResources: Replicate resource: zul
Overwrite bundleresource://178.fwk1319287199:14/metainfo/zk/zk.xml
with bundleresource://178.fwk1319287199:31/metainfo/zk/zk.xml [17]
11:36:15.153-----------> LanguageDefinition.<init>: Replicated language: xhtml, overriden by [LanguageDefinition: xhtml] [17]
11:36:15.184-----------> LanguageDefinition.<init>: Replicated language: xul/html, overriden by [LanguageDefinition: xul/html] [17]
11:36:15.247-----------> ClassLocator.getDependentXMLResources: Replicate resource: calendar
Overwrite bundleresource://178.fwk1319287199:1/metainfo/zk/lang-addon.xml
with bundleresource://178.fwk1319287199:18/metainfo/zk/lang-addon.xml [17]
11:36:15.247-----------> ClassLocator.getDependentXMLResources: Replicate resource: ckez
Overwrite bundleresource://178.fwk1319287199:2/metainfo/zk/lang-addon.xml
with bundleresource://178.fwk1319287199:19/metainfo/zk/lang-addon.xml [17]
11:36:15.247-----------> ClassLocator.getDependentXMLResources: Replicate resource: gmapsz
Overwrite bundleresource://178.fwk1319287199:5/metainfo/zk/lang-addon.xml
with bundleresource://178.fwk1319287199:22/metainfo/zk/lang-addon.xml [17]
11:36:15.247-----------> ClassLocator.getDependentXMLResources: Replicate resource: timeline
Overwrite bundleresource://178.fwk1319287199:6/metainfo/zk/lang-addon.xml
with bundleresource://178.fwk1319287199:23/metainfo/zk/lang-addon.xml [17]
11:36:15.247-----------> ClassLocator.getDependentXMLResources: Replicate resource: timeplot
Overwrite bundleresource://178.fwk1319287199:7/metainfo/zk/lang-addon.xml
with bundleresource://178.fwk1319287199:24/metainfo/zk/lang-addon.xml [17]
11:36:15.262-----------> ClassLocator.getDependentXMLResources: Replicate resource: zkbind
Overwrite bundleresource://178.fwk1319287199:12/metainfo/zk/lang-addon.xml
with bundleresource://178.fwk1319287199:29/metainfo/zk/lang-addon.xml [17]
11:36:15.278-----------> ClassLocator.getDependentXMLResources: Replicate resource: zkplus
Overwrite bundleresource://178.fwk1319287199:13/metainfo/zk/lang-addon.xml
with bundleresource://178.fwk1319287199:30/metainfo/zk/lang-addon.xml [17]
11:36:15.379           WebUIServlet.init: iDempiere Web Client started successfully [17]
11:36:16.317-----------> AnnotationConfiguration.configure: ServletContainerInitializers: detected. Class hierarchy: empty [17]

*** 2016-05-20 11:36:16.525 idempiere Log (CLogFile) ***
11:36:18.242-----------> Node: [10.0.5.43]:5702 [adempiere.idempiere/localhost] [3.5.3] No join method is enabled! Starting standalone. [43]
11:36:18.253-----------> Node: [10.0.5.43]:5702 [adempiere.idempiere/localhost] [3.5.3] Config seed port is 5701 and cluster size is 1. Some of the ports seem occupied! [43]
11:36:44.163===========> MRole.addAccessSQL: TableName not correctly parsed - TableNameIn=C_Invoice - AccessSqlParser[C_Invoice=WHERE|0] - #1 C_Invoice=WHERE
 = SELECT C_Invoice_ID, DocumentNo, DateInvoiced, GrandTotal, Balance FROM C_Invoice WHERE  [38]
11:36:44.287-----------> LayoutRegion.setFlex: The flex attribute is deprecated, use setHflex and setVflex on child component instead. [38]
