*** 2016-07-27 16:43:35.014 idempiere Log (CLogFile) ***
16:43:35.014 Adempiere.startup: iDempiere(r) Release 3.1_2015-10-31 -Smart Suite ERP, CRM and SCM- (c) 1999-2013 iDempiere(r); Implementation: iDempiere - Supported by iDempiere community [17]
16:43:35.018 Ini.loadProperties: E:\mercurialidempiere/idempiere.properties #32 [17]
16:43:35.617 AdempiereActivator.installPackage: ni.idempiere.importcurrencyrate 1.0.0 was installed: 2016-07-14 15:40:48.116 [17]
16:43:35.633 DB.isBuildOK: Build DB=${env.ADEMPIERE_VERSION} 20080428-1232 [17]
16:43:35.633 DB.isBuildOK: Build Cl=3.1.0.qualifier [17]
16:43:35.657-----------> DB.isBuildOK: Build Version Error 

The program assumes build version 3.1.0.qualifier, but database has build version ${env.ADEMPIERE_VERSION} 20080428-1232. 
This is likely to cause hard to fix errors. 
Please contact administrator. [17]
16:43:35.765 WebEnv.initWeb: Servlet Context Init Parameters: iDempiere Root
ServerRoot=1 [17]
16:43:35.785-----------> EMail.setFrom: you @ company.org: javax.mail.internet.AddressException: Local address contains control or whitespace in string ``you @ company.org'' [17]
16:43:35.789-----------> EMail.addTo: you @ company.org: javax.mail.internet.AddressException: Local address contains control or whitespace in string ``you @ company.org'' [17]
16:43:35.789-----------> EMail.isValid: From is invalid=null [17]
16:43:35.789-----------> EMail.isValid: From is invalid=null [17]
16:43:35.789-----------> MClient.sendEMail: Could NOT Send Email: Server started: iDempiere (odbz:192.168.1.128) to you @ company.org: Invalid Data (System) [17]
16:43:35.789 WebEnv.initWeb: Servlet Init Parameter: idempiereMonitor [17]
16:43:35.789 AdempiereMonitor.init:  [17]
16:43:37.555-----------> AnnotationConfiguration.configure: ServletContainerInitializers: detected. Class hierarchy: empty [17]
16:43:37.809-----------> ClassLocator.getDependentXMLResources: Replicate resource: ckez
Overwrite bundleresource://185.fwk1480207683:2/metainfo/zk/config.xml
with bundleresource://185.fwk1480207683:19/metainfo/zk/config.xml [17]
16:43:37.817-----------> ClassLocator.getDependentXMLResources: Replicate resource: zk
Overwrite bundleresource://185.fwk1480207683:11/metainfo/zk/config.xml
with bundleresource://185.fwk1480207683:28/metainfo/zk/config.xml [17]
16:43:37.825-----------> ClassLocator.getDependentXMLResources: Replicate resource: zkbind
Overwrite bundleresource://185.fwk1480207683:12/metainfo/zk/config.xml
with bundleresource://185.fwk1480207683:29/metainfo/zk/config.xml [17]
16:43:37.861-----------> ClassLocator.getDependentXMLResources: Replicate resource: zul
Overwrite bundleresource://185.fwk1480207683:14/metainfo/zk/zk.xml
with bundleresource://185.fwk1480207683:31/metainfo/zk/zk.xml [17]
16:43:38.245-----------> LanguageDefinition.<init>: Replicated language: xhtml, overriden by [LanguageDefinition: xhtml] [17]
16:43:38.273-----------> LanguageDefinition.<init>: Replicated language: xul/html, overriden by [LanguageDefinition: xul/html] [17]
16:43:38.349-----------> ClassLocator.getDependentXMLResources: Replicate resource: calendar
Overwrite bundleresource://185.fwk1480207683:1/metainfo/zk/lang-addon.xml
with bundleresource://185.fwk1480207683:18/metainfo/zk/lang-addon.xml [17]
16:43:38.357-----------> ClassLocator.getDependentXMLResources: Replicate resource: ckez
Overwrite bundleresource://185.fwk1480207683:2/metainfo/zk/lang-addon.xml
with bundleresource://185.fwk1480207683:19/metainfo/zk/lang-addon.xml [17]
16:43:38.365-----------> ClassLocator.getDependentXMLResources: Replicate resource: gmapsz
Overwrite bundleresource://185.fwk1480207683:5/metainfo/zk/lang-addon.xml
with bundleresource://185.fwk1480207683:22/metainfo/zk/lang-addon.xml [17]
16:43:38.369-----------> ClassLocator.getDependentXMLResources: Replicate resource: timeline
Overwrite bundleresource://185.fwk1480207683:6/metainfo/zk/lang-addon.xml
with bundleresource://185.fwk1480207683:23/metainfo/zk/lang-addon.xml [17]
16:43:38.373-----------> ClassLocator.getDependentXMLResources: Replicate resource: timeplot
Overwrite bundleresource://185.fwk1480207683:7/metainfo/zk/lang-addon.xml
with bundleresource://185.fwk1480207683:24/metainfo/zk/lang-addon.xml [17]
16:43:38.389-----------> ClassLocator.getDependentXMLResources: Replicate resource: zkbind
Overwrite bundleresource://185.fwk1480207683:12/metainfo/zk/lang-addon.xml
with bundleresource://185.fwk1480207683:29/metainfo/zk/lang-addon.xml [17]
16:43:38.401-----------> ClassLocator.getDependentXMLResources: Replicate resource: zkplus
Overwrite bundleresource://185.fwk1480207683:13/metainfo/zk/lang-addon.xml
with bundleresource://185.fwk1480207683:30/metainfo/zk/lang-addon.xml [17]
16:43:38.539           WebUIServlet.init: iDempiere Web Client started successfully [17]
16:43:39.667-----------> AnnotationConfiguration.configure: ServletContainerInitializers: detected. Class hierarchy: empty [17]

*** 2016-07-27 16:43:39.902 idempiere Log (CLogFile) ***
16:43:42.054-----------> Node: [192.168.1.128]:5701 [adempiere.idempiere/localhost] [3.5.3] No join method is enabled! Starting standalone. [41]
16:44:00.348-----------> Prop.loadProperties: E:\mercurialidempiere\home.properties not found [32]
16:44:00.348-----------> Prop.loadProperties: E:\mercurialidempiere\home.properties not found [37]
16:44:00.348-----------> Prop.loadProperties: !!WARNING:Please locate yout custom home.properties on iDEMPIERE_HOME. [32]
16:44:00.352-----------> Prop.loadProperties: !!WARNING:Please locate yout custom home.properties on iDEMPIERE_HOME. [37]
16:44:17.771-----------> Msg.getMsg: NOT found: ni.idempiere.toolbar.action.toolbarbtn.label [37]
16:44:17.775-----------> Msg.getMsg: NOT found: ni.idempiere.toolbar.action.toolbarbtn.tooltip [37]
16:44:20.664-----------> Msg.getMsg: NOT found: ni.idempiere.toolbar.action.toolbarbtn.label [36]
16:44:20.665-----------> Msg.getMsg: NOT found: ni.idempiere.toolbar.action.toolbarbtn.tooltip [36]
16:46:24.583-----------> Msg.getMsg: NOT found: ni.idempiere.toolbar.action.toolbarbtn.label [33]
16:46:24.583-----------> Msg.getMsg: NOT found: ni.idempiere.toolbar.action.toolbarbtn.tooltip [33]
16:49:37.378-----------> Msg.getMsg: NOT found: ni.idempiere.toolbar.action.toolbarbtn.label [37]
16:49:37.378-----------> Msg.getMsg: NOT found: ni.idempiere.toolbar.action.toolbarbtn.tooltip [37]
16:53:20.427-----------> Msg.getMsg: NOT found: ni.idempiere.toolbar.action.toolbarbtn.label [37]
16:53:20.427-----------> Msg.getMsg: NOT found: ni.idempiere.toolbar.action.toolbarbtn.tooltip [37]
16:54:42.059-----------> Msg.getMsg: NOT found: ni.idempiere.toolbar.action.toolbarbtn.label [32]
16:54:42.059-----------> Msg.getMsg: NOT found: ni.idempiere.toolbar.action.toolbarbtn.tooltip [32]
16:54:52.430-----------> Msg.getMsg: NOT found: ni.idempiere.toolbar.action.toolbarbtn.label [33]
16:54:52.433-----------> Msg.getMsg: NOT found: ni.idempiere.toolbar.action.toolbarbtn.tooltip [33]
16:55:28.497-----------> Msg.getMsg: NOT found: ni.idempiere.toolbar.action.toolbarbtn.label [33]
16:55:28.497-----------> Msg.getMsg: NOT found: ni.idempiere.toolbar.action.toolbarbtn.tooltip [33]
16:55:57.435-----------> Msg.getMsg: NOT found: ni.idempiere.toolbar.action.toolbarbtn.label [36]
16:55:57.435-----------> Msg.getMsg: NOT found: ni.idempiere.toolbar.action.toolbarbtn.tooltip [36]
16:56:50.918-----------> ADTabpanel.navigateTo: Tab does not have ID with Node_ID=578 [36]
16:56:50.932===========> UiEngineImpl.handleError:  [36]
org.adempiere.exceptions.AdempiereException: Record is not in current search
	at org.adempiere.webui.adwindow.ADTabpanel.navigateTo(ADTabpanel.java:1215)
	at org.adempiere.webui.adwindow.ADTabpanel.onEvent(ADTabpanel.java:1079)
	at org.zkoss.zk.ui.AbstractComponent.onEvent(AbstractComponent.java:2773)
	at org.zkoss.zk.ui.AbstractComponent.service(AbstractComponent.java:2744)
	at org.zkoss.zk.ui.AbstractComponent.service(AbstractComponent.java:2685)
	at org.zkoss.zk.ui.impl.EventProcessor.process(EventProcessor.java:136)
	at org.zkoss.zk.ui.impl.UiEngineImpl.processEvent(UiEngineImpl.java:1765)
	at org.zkoss.zk.ui.impl.UiEngineImpl.process(UiEngineImpl.java:1550)
	at org.zkoss.zk.ui.impl.UiEngineImpl.execUpdate(UiEngineImpl.java:1260)
	at org.zkoss.zk.au.http.DHtmlUpdateServlet.process(DHtmlUpdateServlet.java:611)
	at org.zkoss.zk.au.http.DHtmlUpdateServlet.doGet(DHtmlUpdateServlet.java:485)
	at org.zkoss.zk.au.http.DHtmlUpdateServlet.doPost(DHtmlUpdateServlet.java:494)
	at javax.servlet.http.HttpServlet.service(HttpServlet.java:707)
	at javax.servlet.http.HttpServlet.service(HttpServlet.java:790)
	at org.eclipse.jetty.servlet.ServletHolder.handle(ServletHolder.java:808)
	at org.eclipse.jetty.servlet.ServletHandler.doHandle(ServletHandler.java:587)
	at org.eclipse.jetty.server.handler.ScopedHandler.handle(ScopedHandler.java:143)
	at org.eclipse.jetty.security.SecurityHandler.handle(SecurityHandler.java:577)
	at org.eclipse.jetty.server.session.SessionHandler.doHandle(SessionHandler.java:223)
	at org.eclipse.jetty.server.handler.ContextHandler.doHandle(ContextHandler.java:1127)
	at org.eclipse.jetty.servlet.ServletHandler.doScope(ServletHandler.java:515)

16:57:48.489-----------> Msg.getMsg: NOT found: ni.idempiere.toolbar.action.toolbarbtn.label [37]
16:57:48.489-----------> Msg.getMsg: NOT found: ni.idempiere.toolbar.action.toolbarbtn.tooltip [37]
16:58:09.831-----------> Msg.getMsg: NOT found: Current record was changed by another user, please ReQuery [33]
16:58:27.690-----------> Msg.getMsg: NOT found: ni.idempiere.toolbar.action.toolbarbtn.label [36]
16:58:27.694-----------> Msg.getMsg: NOT found: ni.idempiere.toolbar.action.toolbarbtn.tooltip [36]
