*** 2017-07-18 00:40:25.806 idempiere Log (CLogFile) ***
00:40:25.806 Adempiere.startup: iDempiere(r) Release 3.1_2015-10-31 -Smart Suite ERP, CRM and SCM- (c) 1999-2013 iDempiere(r); Implementation: iDempiere - Supported by iDempiere community [17]
00:40:25.823 Ini.loadProperties: E:\mercurialidempiere/idempiere.properties #33 [17]
00:40:26.479 AdempiereActivator.installPackage: cm.itkamer.wandapos-integration2 1.0.0 was installed: 2017-06-25 15:34:11.153 [17]
00:40:26.485 AdempiereActivator.installPackage: ni.hmil.override.codebase 1.0.0 was installed: 2017-06-19 23:52:10.981 [17]
00:40:26.486 DB.isBuildOK: Build DB=${env.ADEMPIERE_VERSION} 20080428-1232 [17]
00:40:26.486 DB.isBuildOK: Build Cl=3.1.0.qualifier [17]
00:40:26.502-----------> DB.isBuildOK: Error en la versión de la construcción 

El programa asume version de construcción 3.1.0.qualifier, pero la base de datos tiene una versión ${env.ADEMPIERE_VERSION} 20080428-1232.
Es posible que esto cause errores difíciles de corregir.
Por favor contacte al ADMINISTRADOR. [17]
00:40:26.584 WebEnv.initWeb: Servlet Context Init Parameters: iDempiere Root
ServerRoot=1 [17]
00:40:26.760-----------> EMail.setFrom: you @ company.org: javax.mail.internet.AddressException: Local address contains control or whitespace in string ``you @ company.org'' [17]
00:40:26.770-----------> EMail.addTo: you @ company.org: javax.mail.internet.AddressException: Local address contains control or whitespace in string ``you @ company.org'' [17]
00:40:26.770-----------> EMail.isValid: From is invalid=null [17]
00:40:26.770-----------> EMail.isValid: From is invalid=null [17]
00:40:26.770-----------> MClient.sendEMail: Could NOT Send Email: Server started: iDempiere (odbz:192.168.47.1) to you @ company.org: Invalid Data (System) [17]
00:40:26.770 WebEnv.initWeb: Servlet Init Parameter: idempiereMonitor [17]
00:40:26.770 AdempiereMonitor.init:  [17]
00:40:28.388-----------> AnnotationConfiguration.configure: ServletContainerInitializers: detected. Class hierarchy: empty [17]
00:40:28.601-----------> ClassLocator.getDependentXMLResources: Replicate resource: ckez
Overwrite bundleresource://184.fwk491298318:2/metainfo/zk/config.xml
with bundleresource://184.fwk491298318:19/metainfo/zk/config.xml [17]
00:40:28.617-----------> ClassLocator.getDependentXMLResources: Replicate resource: zk
Overwrite bundleresource://184.fwk491298318:11/metainfo/zk/config.xml
with bundleresource://184.fwk491298318:28/metainfo/zk/config.xml [17]
00:40:28.617-----------> ClassLocator.getDependentXMLResources: Replicate resource: zkbind
Overwrite bundleresource://184.fwk491298318:12/metainfo/zk/config.xml
with bundleresource://184.fwk491298318:29/metainfo/zk/config.xml [17]
00:40:28.646-----------> ClassLocator.getDependentXMLResources: Replicate resource: zul
Overwrite bundleresource://184.fwk491298318:14/metainfo/zk/zk.xml
with bundleresource://184.fwk491298318:31/metainfo/zk/zk.xml [17]
00:40:28.995-----------> LanguageDefinition.<init>: Replicated language: xhtml, overriden by [LanguageDefinition: xhtml] [17]
00:40:29.026-----------> LanguageDefinition.<init>: Replicated language: xul/html, overriden by [LanguageDefinition: xul/html] [17]
00:40:29.073-----------> ClassLocator.getDependentXMLResources: Replicate resource: calendar
Overwrite bundleresource://184.fwk491298318:1/metainfo/zk/lang-addon.xml
with bundleresource://184.fwk491298318:18/metainfo/zk/lang-addon.xml [17]
00:40:29.073-----------> ClassLocator.getDependentXMLResources: Replicate resource: ckez
Overwrite bundleresource://184.fwk491298318:2/metainfo/zk/lang-addon.xml
with bundleresource://184.fwk491298318:19/metainfo/zk/lang-addon.xml [17]
00:40:29.089-----------> ClassLocator.getDependentXMLResources: Replicate resource: gmapsz
Overwrite bundleresource://184.fwk491298318:5/metainfo/zk/lang-addon.xml
with bundleresource://184.fwk491298318:22/metainfo/zk/lang-addon.xml [17]
00:40:29.089-----------> ClassLocator.getDependentXMLResources: Replicate resource: timeline
Overwrite bundleresource://184.fwk491298318:6/metainfo/zk/lang-addon.xml
with bundleresource://184.fwk491298318:23/metainfo/zk/lang-addon.xml [17]
00:40:29.089-----------> ClassLocator.getDependentXMLResources: Replicate resource: timeplot
Overwrite bundleresource://184.fwk491298318:7/metainfo/zk/lang-addon.xml
with bundleresource://184.fwk491298318:24/metainfo/zk/lang-addon.xml [17]
00:40:29.104-----------> ClassLocator.getDependentXMLResources: Replicate resource: zkbind
Overwrite bundleresource://184.fwk491298318:12/metainfo/zk/lang-addon.xml
with bundleresource://184.fwk491298318:29/metainfo/zk/lang-addon.xml [17]
00:40:29.104-----------> ClassLocator.getDependentXMLResources: Replicate resource: zkplus
Overwrite bundleresource://184.fwk491298318:13/metainfo/zk/lang-addon.xml
with bundleresource://184.fwk491298318:30/metainfo/zk/lang-addon.xml [17]
00:40:29.432           WebUIServlet.init: iDempiere Web Client started successfully [17]
00:40:30.402-----------> AnnotationConfiguration.configure: ServletContainerInitializers: detected. Class hierarchy: empty [17]

*** 2017-07-18 00:40:30.609 idempiere Log (CLogFile) ***
00:40:32.557-----------> Node: [192.168.163.1]:5701 [adempiere.idempiere/localhost] [3.5.3] No join method is enabled! Starting standalone. [43]
00:40:56.907-----------> Msg.getMsg: NOT found: ni.idempiere.toolbar.button.action.report.label [32]
00:40:56.907-----------> Msg.getMsg: NOT found: ni.idempiere.toolbar.button.action.report.tooltip [32]
00:41:01.052===========> DesktopImpl.service: [Desktop z_nli:/index.zul] client error: Failed to mount: adempiere.set is not a function [34]
00:41:01.139===========> DesktopImpl.service: [Desktop z_nli:/index.zul] client error: Failed to mount: adempiere.set is not a function [34]
00:41:01.294===========> DesktopImpl.service: [Desktop z_nli:/index.zul] client error: Failed to mount: adempiere.set is not a function [34]
00:41:01.510===========> DesktopImpl.service: [Desktop z_nli:/index.zul] client error: Failed to mount: adempiere.set is not a function [35]
00:41:01.546===========> DesktopImpl.service: [Desktop z_nli:/index.zul] client error: Failed to mount: adempiere.set is not a function [35]
00:41:01.558===========> DesktopImpl.service: [Desktop z_nli:/index.zul] client error: Failed to mount: adempiere.set is not a function [35]
00:41:01.573===========> DesktopImpl.service: [Desktop z_nli:/index.zul] client error: Failed to mount: adempiere.set is not a function [35]
00:41:01.585===========> DesktopImpl.service: [Desktop z_nli:/index.zul] client error: Failed to mount: adempiere.set is not a function [35]
00:41:01.596===========> DesktopImpl.service: [Desktop z_nli:/index.zul] client error: Failed to mount: adempiere.set is not a function [35]
00:41:01.605===========> DesktopImpl.service: [Desktop z_nli:/index.zul] client error: Failed to mount: adempiere.set is not a function [35]
00:41:01.617===========> DesktopImpl.service: [Desktop z_nli:/index.zul] client error: Failed to mount: adempiere.set is not a function [35]
00:41:01.630===========> DesktopImpl.service: [Desktop z_nli:/index.zul] client error: Failed to mount: adempiere.set is not a function [35]
00:41:01.642===========> DesktopImpl.service: [Desktop z_nli:/index.zul] client error: Failed to mount: adempiere.set is not a function [35]
00:41:01.652===========> DesktopImpl.service: [Desktop z_nli:/index.zul] client error: Failed to mount: adempiere.set is not a function [35]
00:41:01.663===========> DesktopImpl.service: [Desktop z_nli:/index.zul] client error: Failed to mount: adempiere.set is not a function [35]
00:41:01.673===========> DesktopImpl.service: [Desktop z_nli:/index.zul] client error: Failed to mount: adempiere.set is not a function [35]
00:41:01.684===========> DesktopImpl.service: [Desktop z_nli:/index.zul] client error: Failed to mount: adempiere.set is not a function [35]
00:41:01.697===========> DesktopImpl.service: [Desktop z_nli:/index.zul] client error: Failed to mount: adempiere.set is not a function [35]
00:41:01.709===========> DesktopImpl.service: [Desktop z_nli:/index.zul] client error: Failed to mount: adempiere.set is not a function [35]
00:41:01.719===========> DesktopImpl.service: [Desktop z_nli:/index.zul] client error: Failed to mount: adempiere.set is not a function [35]
00:41:01.729===========> DesktopImpl.service: [Desktop z_nli:/index.zul] client error: Failed to mount: adempiere.set is not a function [35]
00:41:01.740===========> DesktopImpl.service: [Desktop z_nli:/index.zul] client error: Failed to mount: adempiere.set is not a function [35]
00:41:01.751===========> DesktopImpl.service: [Desktop z_nli:/index.zul] client error: Failed to mount: adempiere.set is not a function [35]
00:41:01.765===========> DesktopImpl.service: [Desktop z_nli:/index.zul] client error: Failed to mount: adempiere.set is not a function [35]
00:41:01.777===========> DesktopImpl.service: [Desktop z_nli:/index.zul] client error: Failed to mount: adempiere.set is not a function [35]
00:41:01.792===========> DesktopImpl.service: [Desktop z_nli:/index.zul] client error: Failed to mount: adempiere.set is not a function [35]
00:41:01.828===========> DesktopImpl.service: [Desktop z_nli:/index.zul] client error: Failed to mount: adempiere.set is not a function [35]
00:41:01.858===========> DesktopImpl.service: [Desktop z_nli:/index.zul] client error: Failed to mount: adempiere.set is not a function [35]
00:41:01.868===========> DesktopImpl.service: [Desktop z_nli:/index.zul] client error: Failed to mount: adempiere.set is not a function [35]
00:42:16.940-----------> Msg.getMsg: NOT found: ni.idempiere.toolbar.button.action.report.label [38]
00:42:16.940-----------> Msg.getMsg: NOT found: ni.idempiere.toolbar.button.action.report.tooltip [38]
00:45:05.741===========> GridTab.processCallout: start [38]
java.lang.NullPointerException
	at ni.idempiere.zk.model.NICalloutDocAction.start(NICalloutDocAction.java:63)
	at org.compiere.model.GridTab.processCallout(GridTab.java:2971)
	at org.adempiere.webui.adwindow.AbstractADWindowContent.processButtonCallout(AbstractADWindowContent.java:3049)
	at org.adempiere.webui.adwindow.AbstractADWindowContent.access$28(AbstractADWindowContent.java:3043)
	at org.adempiere.webui.adwindow.AbstractADWindowContent$47.run(AbstractADWindowContent.java:3017)
	at org.adempiere.webui.apps.BusyDialogTemplate.onEvent(BusyDialogTemplate.java:37)
	at org.zkoss.zk.ui.AbstractComponent.onEvent(AbstractComponent.java:2773)
	at org.zkoss.zk.ui.AbstractComponent.service(AbstractComponent.java:2744)
	at org.zkoss.zk.ui.AbstractComponent.service(AbstractComponent.java:2685)
	at org.zkoss.zk.ui.impl.EventProcessor.process(EventProcessor.java:136)
	at org.zkoss.zk.ui.impl.UiEngineImpl.processEvent(UiEngineImpl.java:1765)
	at org.zkoss.zk.ui.impl.UiEngineImpl.process(UiEngineImpl.java:1550)
	at org.zkoss.zk.ui.impl.UiEngineImpl.execUpdate(UiEngineImpl.java:1260)
	at org.zkoss.zk.au.http.DHtmlUpdateServlet.process(DHtmlUpdateServlet.java:611)
	at org.zkoss.zk.au.http.DHtmlUpdateServlet.doGet(DHtmlUpdateServlet.java:485)
	at org.zkoss.zk.au.http.DHtmlUpdateServlet.doPost(DHtmlUpdateServlet.java:494)
	at javax.servlet.http.HttpServlet.service(HttpServlet.java:707)
	at javax.servlet.http.HttpServlet.service(HttpServlet.java:790)
	at org.eclipse.jetty.servlet.ServletHolder.handle(ServletHolder.java:808)
	at org.eclipse.jetty.servlet.ServletHandler.doHandle(ServletHandler.java:587)
	at org.eclipse.jetty.server.handler.ScopedHandler.handle(ScopedHandler.java:143)

