*** 2016-06-15 10:02:09.854 idempiere Log (CLogFile) ***
10:02:09.854 Adempiere.startup: iDempiere(r) Release 3.1_2015-10-31 -Smart Suite ERP, CRM and SCM- (c) 1999-2013 iDempiere(r); Implementation: iDempiere - Supported by iDempiere community [17]
10:02:09.854 Ini.loadProperties: E:\mercurialidempiere/idempiere.properties #32 [17]
10:02:10.338 DB.isBuildOK: Build DB=${env.ADEMPIERE_VERSION} 20080428-1232 [17]
10:02:10.338 DB.isBuildOK: Build Cl=3.1.0.qualifier [17]
10:02:10.354-----------> DB.isBuildOK: Build Version Error 

The program assumes build version 3.1.0.qualifier, but database has build version ${env.ADEMPIERE_VERSION} 20080428-1232. 
This is likely to cause hard to fix errors. 
Please contact administrator. [17]
10:02:10.463 Language.getLanguage: Adding Language=en, Country=US, Locale=en_US [17]
10:02:10.463 Language.getLanguage: Adding Language=en, Country=US, Locale=en_US [17]
10:02:10.510 WebEnv.initWeb: Servlet Context Init Parameters: iDempiere Root
ServerRoot=1 [17]
10:02:10.526-----------> EMail.setFrom: you @ company.org: javax.mail.internet.AddressException: Local address contains control or whitespace in string ``you @ company.org'' [17]
10:02:10.526-----------> EMail.addTo: you @ company.org: javax.mail.internet.AddressException: Local address contains control or whitespace in string ``you @ company.org'' [17]
10:02:10.526-----------> EMail.isValid: From is invalid=null [17]
10:02:10.526-----------> EMail.isValid: From is invalid=null [17]
10:02:10.526-----------> MClient.sendEMail: Could NOT Send Email: Server started: iDempiere (odbz:10.0.5.41) to you @ company.org: Invalid Data (System) [17]
10:02:10.526 WebEnv.initWeb: Servlet Init Parameter: idempiereMonitor [17]
10:02:10.541 AdempiereMonitor.init:  [17]
10:02:11.952-----------> AnnotationConfiguration.configure: ServletContainerInitializers: detected. Class hierarchy: empty [17]
10:02:12.229-----------> ClassLocator.getDependentXMLResources: Replicate resource: ckez
Overwrite bundleresource://179.fwk1480207683:2/metainfo/zk/config.xml
with bundleresource://179.fwk1480207683:19/metainfo/zk/config.xml [17]
10:02:12.229-----------> ClassLocator.getDependentXMLResources: Replicate resource: zk
Overwrite bundleresource://179.fwk1480207683:11/metainfo/zk/config.xml
with bundleresource://179.fwk1480207683:28/metainfo/zk/config.xml [17]
10:02:12.229-----------> ClassLocator.getDependentXMLResources: Replicate resource: zkbind
Overwrite bundleresource://179.fwk1480207683:12/metainfo/zk/config.xml
with bundleresource://179.fwk1480207683:29/metainfo/zk/config.xml [17]
10:02:12.261-----------> ClassLocator.getDependentXMLResources: Replicate resource: zul
Overwrite bundleresource://179.fwk1480207683:14/metainfo/zk/zk.xml
with bundleresource://179.fwk1480207683:31/metainfo/zk/zk.xml [17]
10:02:12.636-----------> LanguageDefinition.<init>: Replicated language: xhtml, overriden by [LanguageDefinition: xhtml] [17]
10:02:12.667-----------> LanguageDefinition.<init>: Replicated language: xul/html, overriden by [LanguageDefinition: xul/html] [17]
10:02:12.745-----------> ClassLocator.getDependentXMLResources: Replicate resource: calendar
Overwrite bundleresource://179.fwk1480207683:1/metainfo/zk/lang-addon.xml
with bundleresource://179.fwk1480207683:18/metainfo/zk/lang-addon.xml [17]
10:02:12.745-----------> ClassLocator.getDependentXMLResources: Replicate resource: ckez
Overwrite bundleresource://179.fwk1480207683:2/metainfo/zk/lang-addon.xml
with bundleresource://179.fwk1480207683:19/metainfo/zk/lang-addon.xml [17]
10:02:12.745-----------> ClassLocator.getDependentXMLResources: Replicate resource: gmapsz
Overwrite bundleresource://179.fwk1480207683:5/metainfo/zk/lang-addon.xml
with bundleresource://179.fwk1480207683:22/metainfo/zk/lang-addon.xml [17]
10:02:12.761-----------> ClassLocator.getDependentXMLResources: Replicate resource: timeline
Overwrite bundleresource://179.fwk1480207683:6/metainfo/zk/lang-addon.xml
with bundleresource://179.fwk1480207683:23/metainfo/zk/lang-addon.xml [17]
10:02:12.761-----------> ClassLocator.getDependentXMLResources: Replicate resource: timeplot
Overwrite bundleresource://179.fwk1480207683:7/metainfo/zk/lang-addon.xml
with bundleresource://179.fwk1480207683:24/metainfo/zk/lang-addon.xml [17]
10:02:12.776-----------> ClassLocator.getDependentXMLResources: Replicate resource: zkbind
Overwrite bundleresource://179.fwk1480207683:12/metainfo/zk/lang-addon.xml
with bundleresource://179.fwk1480207683:29/metainfo/zk/lang-addon.xml [17]
10:02:12.776-----------> ClassLocator.getDependentXMLResources: Replicate resource: zkplus
Overwrite bundleresource://179.fwk1480207683:13/metainfo/zk/lang-addon.xml
with bundleresource://179.fwk1480207683:30/metainfo/zk/lang-addon.xml [17]
10:02:12.901           WebUIServlet.init: iDempiere Web Client started successfully [17]
10:02:13.964-----------> AnnotationConfiguration.configure: ServletContainerInitializers: detected. Class hierarchy: empty [17]

*** 2016-06-15 10:02:14.212 idempiere Log (CLogFile) ***
10:02:16.072-----------> Node: [10.0.5.41]:5701 [adempiere.idempiere/localhost] [3.5.3] No join method is enabled! Starting standalone. [41]
10:02:35.605-----------> Prop.loadProperties: E:\mercurialidempiere\home.properties not found [37]
10:02:35.605-----------> Prop.loadProperties: !!WARNING:Please locate yout custom home.properties on iDEMPIERE_HOME. [37]
10:02:56.861-----------> EMail.send: (ME) - Invalid Username/Password - EMailAuthenticator[osmar.benavidez@gmail.com/************] [130]
10:02:56.861-----------> MClient.testEMail: Could NOT send Test EMail from smtp.gmail.com: osmar.benavidez@gmail.com (osmar.benavidez@gmail.com) to osmar.benavidez@gmail.com: (ME) - Invalid Username/Password - EMailAuthenticator[osmar.benavidez@gmail.com/************] [130]
10:04:54.827-----------> EMail.send: (ME) - Invalid Username/Password - EMailAuthenticator[osmar.benavidez@gmail.com/************] [142]
10:04:54.827-----------> MClient.testEMail: Could NOT send Test EMail from smtp.gmail.com: osmar.benavidez@gmail.com (osmar.benavidez@gmail.com) to osmar.benavidez@gmail.com: (ME) - Invalid Username/Password - EMailAuthenticator[osmar.benavidez@gmail.com/************] [142]
10:08:08.371===========> RequestEMailProcessor.prepare: prepare - Unknown Parameter: p_NestInbox [174]
10:08:08.630-----------> EmailSrv.<init>: because imap is gmail server, force port to 993 [174]
10:08:08.639===========> RequestEMailProcessor.process: request type: must define a default request type, or select one in request type field [174]
org.adempiere.exceptions.AdempiereException: request type: must define a default request type, or select one in request type field
	at org.compiere.process.RequestEMailProcessor.checkInputParameter(RequestEMailProcessor.java:181)
	at org.compiere.process.RequestEMailProcessor.doIt(RequestEMailProcessor.java:148)
	at org.compiere.process.SvrProcess.process(SvrProcess.java:198)
	at org.compiere.process.SvrProcess.startProcess(SvrProcess.java:144)
	at org.adempiere.util.ProcessUtil.startJavaProcess(ProcessUtil.java:172)
	at org.compiere.apps.AbstractProcessCtl.startProcess(AbstractProcessCtl.java:466)
	at org.compiere.apps.AbstractProcessCtl.run(AbstractProcessCtl.java:234)
	at org.adempiere.webui.apps.WProcessCtl.process(WProcessCtl.java:197)
	at org.adempiere.webui.apps.AbstractProcessDialog$ProcessDialogRunnable.doRun(AbstractProcessDialog.java:1060)
	at org.adempiere.util.ContextRunnable.run(ContextRunnable.java:38)
	at org.adempiere.webui.apps.DesktopRunnable.run(DesktopRunnable.java:40)
	at java.util.concurrent.Executors$RunnableAdapter.call(Unknown Source)
	at java.util.concurrent.FutureTask.run(Unknown Source)
	at java.util.concurrent.ScheduledThreadPoolExecutor$ScheduledFutureTask.access$201(Unknown Source)
	at java.util.concurrent.ScheduledThreadPoolExecutor$ScheduledFutureTask.run(Unknown Source)
	at java.util.concurrent.ThreadPoolExecutor.runWorker(Unknown Source)
	at java.util.concurrent.ThreadPoolExecutor$Worker.run(Unknown Source)
	at java.lang.Thread.run(Unknown Source)

10:09:59.308===========> RequestEMailProcessor.prepare: prepare - Unknown Parameter: p_NestInbox [144]
10:09:59.324-----------> EmailSrv.<init>: because imap is gmail server, force port to 993 [144]
10:09:59.378===========> RequestEMailProcessor.process: Couldn't connect to host, port: imap.gmail.com:993, 993; timeout -1 [144]
java.net.UnknownHostException: imap.gmail.com:993
	at java.net.AbstractPlainSocketImpl.connect(Unknown Source)
	at java.net.PlainSocketImpl.connect(Unknown Source)
	at java.net.SocksSocketImpl.connect(Unknown Source)
	at java.net.Socket.connect(Unknown Source)
	at java.net.Socket.connect(Unknown Source)
	at com.sun.mail.util.SocketFetcher.createSocket(SocketFetcher.java:301)
	at com.sun.mail.util.SocketFetcher.getSocket(SocketFetcher.java:229)
	at com.sun.mail.iap.Protocol.<init>(Protocol.java:116)
	at com.sun.mail.imap.protocol.IMAPProtocol.<init>(IMAPProtocol.java:121)
	at com.sun.mail.imap.IMAPStore.newIMAPProtocol(IMAPStore.java:710)
	at com.sun.mail.imap.IMAPStore.protocolConnect(IMAPStore.java:659)
	at javax.mail.Service.connect(Service.java:367)
	at javax.mail.Service.connect(Service.java:226)
	at javax.mail.Service.connect(Service.java:175)
	at org.compiere.util.EmailSrv.getMailStore(EmailSrv.java:182)
	at org.compiere.process.RequestEMailProcessor.checkInputParameter(RequestEMailProcessor.java:185)
	at org.compiere.process.RequestEMailProcessor.doIt(RequestEMailProcessor.java:148)
	at org.compiere.process.SvrProcess.process(SvrProcess.java:198)
	at org.compiere.process.SvrProcess.startProcess(SvrProcess.java:144)
	at org.adempiere.util.ProcessUtil.startJavaProcess(ProcessUtil.java:172)
	at org.compiere.apps.AbstractProcessCtl.startProcess(AbstractProcessCtl.java:466)
	at org.compiere.apps.AbstractProcessCtl.run(AbstractProcessCtl.java:234)

10:10:28.170===========> RequestEMailProcessor.prepare: prepare - Unknown Parameter: p_NestInbox [58]
10:10:28.198-----------> EmailSrv.<init>: because imap is gmail server, force port to 993 [58]
10:10:28.199===========> RequestEMailProcessor.process: Couldn't connect to host, port: imap.gmail.com:587, 993; timeout -1 [58]
java.net.UnknownHostException: imap.gmail.com:587
	at java.net.AbstractPlainSocketImpl.connect(Unknown Source)
	at java.net.PlainSocketImpl.connect(Unknown Source)
	at java.net.SocksSocketImpl.connect(Unknown Source)
	at java.net.Socket.connect(Unknown Source)
	at java.net.Socket.connect(Unknown Source)
	at com.sun.mail.util.SocketFetcher.createSocket(SocketFetcher.java:301)
	at com.sun.mail.util.SocketFetcher.getSocket(SocketFetcher.java:229)
	at com.sun.mail.iap.Protocol.<init>(Protocol.java:116)
	at com.sun.mail.imap.protocol.IMAPProtocol.<init>(IMAPProtocol.java:121)
	at com.sun.mail.imap.IMAPStore.newIMAPProtocol(IMAPStore.java:710)
	at com.sun.mail.imap.IMAPStore.protocolConnect(IMAPStore.java:659)
	at javax.mail.Service.connect(Service.java:367)
	at javax.mail.Service.connect(Service.java:226)
	at javax.mail.Service.connect(Service.java:175)
	at org.compiere.util.EmailSrv.getMailStore(EmailSrv.java:182)
	at org.compiere.process.RequestEMailProcessor.checkInputParameter(RequestEMailProcessor.java:185)
	at org.compiere.process.RequestEMailProcessor.doIt(RequestEMailProcessor.java:148)
	at org.compiere.process.SvrProcess.process(SvrProcess.java:198)
	at org.compiere.process.SvrProcess.startProcess(SvrProcess.java:144)
	at org.adempiere.util.ProcessUtil.startJavaProcess(ProcessUtil.java:172)
	at org.compiere.apps.AbstractProcessCtl.startProcess(AbstractProcessCtl.java:466)
	at org.compiere.apps.AbstractProcessCtl.run(AbstractProcessCtl.java:234)

10:10:36.640===========> RequestEMailProcessor.prepare: prepare - Unknown Parameter: p_NestInbox [170]
10:10:36.652-----------> EmailSrv.<init>: because imap is gmail server, force port to 993 [170]
10:10:37.747===========> RequestEMailProcessor.process: Couldn't connect to host, port: imap.gmail.com, 993; timeout -1 [170]
java.net.ConnectException: Connection refused: connect
	at java.net.DualStackPlainSocketImpl.connect0(Native Method)
	at java.net.DualStackPlainSocketImpl.socketConnect(Unknown Source)
	at java.net.AbstractPlainSocketImpl.doConnect(Unknown Source)
	at java.net.AbstractPlainSocketImpl.connectToAddress(Unknown Source)
	at java.net.AbstractPlainSocketImpl.connect(Unknown Source)
	at java.net.PlainSocketImpl.connect(Unknown Source)
	at java.net.SocksSocketImpl.connect(Unknown Source)
	at java.net.Socket.connect(Unknown Source)
	at java.net.Socket.connect(Unknown Source)
	at com.sun.mail.util.SocketFetcher.createSocket(SocketFetcher.java:301)
	at com.sun.mail.util.SocketFetcher.getSocket(SocketFetcher.java:229)
	at com.sun.mail.iap.Protocol.<init>(Protocol.java:116)
	at com.sun.mail.imap.protocol.IMAPProtocol.<init>(IMAPProtocol.java:121)
	at com.sun.mail.imap.IMAPStore.newIMAPProtocol(IMAPStore.java:710)
	at com.sun.mail.imap.IMAPStore.protocolConnect(IMAPStore.java:659)
	at javax.mail.Service.connect(Service.java:367)
	at javax.mail.Service.connect(Service.java:226)
	at javax.mail.Service.connect(Service.java:175)
	at org.compiere.util.EmailSrv.getMailStore(EmailSrv.java:182)
	at org.compiere.process.RequestEMailProcessor.checkInputParameter(RequestEMailProcessor.java:185)
	at org.compiere.process.RequestEMailProcessor.doIt(RequestEMailProcessor.java:148)
	at org.compiere.process.SvrProcess.process(SvrProcess.java:198)
	at org.compiere.process.SvrProcess.startProcess(SvrProcess.java:144)

