*** 2017-09-04 19:05:53.708 idempiere Log (CLogFile) ***
19:05:53.708 Adempiere.startup: iDempiere(r) Release 3.1_2015-10-31 -Smart Suite ERP, CRM and SCM- (c) 1999-2013 iDempiere(r); Implementation: iDempiere - Supported by iDempiere community [17]
19:05:53.711 Ini.loadProperties: E:\mercurialidempiere/idempiere.properties #33 [17]
19:05:54.282 AdempiereActivator.installPackage: ni.idempiere.importcurrencyrate 1.0.0 was installed: 2017-05-19 12:08:41.274 [17]
19:05:54.285 AdempiereActivator.installPackage: ni.idempiere.procesingdocuments 1.0.0 was installed: 2017-08-14 01:30:40.036 [17]
19:05:54.286 AdempiereActivator.installPackage: cm.itkamer.wandapos-integration2 1.0.0 was installed: 2017-07-10 23:50:08.486 [17]
19:05:54.290 AdempiereActivator.installPackage: ni.idempiere.override.codebase 1.0.0 was installed: 2017-08-07 00:33:04.411 [17]
19:05:54.300 DB.isBuildOK: Build DB=${env.ADEMPIERE_VERSION} 20080428-1232 [17]
19:05:54.300 DB.isBuildOK: Build Cl=3.1.0.qualifier [17]
19:05:54.316-----------> DB.isBuildOK: Error en la versión de la construcción 

El programa asume version de construcción 3.1.0.qualifier, pero la base de datos tiene una versión ${env.ADEMPIERE_VERSION} 20080428-1232.
Es posible que esto cause errores difíciles de corregir.
Por favor contacte al ADMINISTRADOR. [17]
19:05:54.381 WebEnv.initWeb: Servlet Context Init Parameters: iDempiere Root
ServerRoot=1 [17]
19:05:54.563-----------> EMail.setFrom: you @ company.org: javax.mail.internet.AddressException: Local address contains control or whitespace in string ``you @ company.org'' [17]
19:05:54.565-----------> EMail.addTo: you @ company.org: javax.mail.internet.AddressException: Local address contains control or whitespace in string ``you @ company.org'' [17]
19:05:54.566-----------> EMail.isValid: From is invalid=null [17]
19:05:54.566-----------> EMail.isValid: From is invalid=null [17]
19:05:54.566-----------> MClient.sendEMail: Could NOT Send Email: Server started: iDempiere (odbz:192.168.47.1) to you @ company.org: Invalid Data (System) [17]
19:05:54.566 WebEnv.initWeb: Servlet Init Parameter: idempiereMonitor [17]
19:05:54.566 AdempiereMonitor.init:  [17]
19:05:56.136-----------> AnnotationConfiguration.configure: ServletContainerInitializers: detected. Class hierarchy: empty [17]
19:05:56.369-----------> ClassLocator.getDependentXMLResources: Replicate resource: ckez
Overwrite bundleresource://188.fwk176207911:2/metainfo/zk/config.xml
with bundleresource://188.fwk176207911:19/metainfo/zk/config.xml [17]
19:05:56.376-----------> ClassLocator.getDependentXMLResources: Replicate resource: zk
Overwrite bundleresource://188.fwk176207911:11/metainfo/zk/config.xml
with bundleresource://188.fwk176207911:28/metainfo/zk/config.xml [17]
19:05:56.381-----------> ClassLocator.getDependentXMLResources: Replicate resource: zkbind
Overwrite bundleresource://188.fwk176207911:12/metainfo/zk/config.xml
with bundleresource://188.fwk176207911:29/metainfo/zk/config.xml [17]
19:05:56.414-----------> ClassLocator.getDependentXMLResources: Replicate resource: zul
Overwrite bundleresource://188.fwk176207911:14/metainfo/zk/zk.xml
with bundleresource://188.fwk176207911:31/metainfo/zk/zk.xml [17]
19:05:56.752-----------> LanguageDefinition.<init>: Replicated language: xhtml, overriden by [LanguageDefinition: xhtml] [17]
19:05:56.773-----------> LanguageDefinition.<init>: Replicated language: xul/html, overriden by [LanguageDefinition: xul/html] [17]
19:05:56.830-----------> ClassLocator.getDependentXMLResources: Replicate resource: calendar
Overwrite bundleresource://188.fwk176207911:1/metainfo/zk/lang-addon.xml
with bundleresource://188.fwk176207911:18/metainfo/zk/lang-addon.xml [17]
19:05:56.833-----------> ClassLocator.getDependentXMLResources: Replicate resource: ckez
Overwrite bundleresource://188.fwk176207911:2/metainfo/zk/lang-addon.xml
with bundleresource://188.fwk176207911:19/metainfo/zk/lang-addon.xml [17]
19:05:56.837-----------> ClassLocator.getDependentXMLResources: Replicate resource: gmapsz
Overwrite bundleresource://188.fwk176207911:5/metainfo/zk/lang-addon.xml
with bundleresource://188.fwk176207911:22/metainfo/zk/lang-addon.xml [17]
19:05:56.840-----------> ClassLocator.getDependentXMLResources: Replicate resource: timeline
Overwrite bundleresource://188.fwk176207911:6/metainfo/zk/lang-addon.xml
with bundleresource://188.fwk176207911:23/metainfo/zk/lang-addon.xml [17]
19:05:56.844-----------> ClassLocator.getDependentXMLResources: Replicate resource: timeplot
Overwrite bundleresource://188.fwk176207911:7/metainfo/zk/lang-addon.xml
with bundleresource://188.fwk176207911:24/metainfo/zk/lang-addon.xml [17]
19:05:56.857-----------> ClassLocator.getDependentXMLResources: Replicate resource: zkbind
Overwrite bundleresource://188.fwk176207911:12/metainfo/zk/lang-addon.xml
with bundleresource://188.fwk176207911:29/metainfo/zk/lang-addon.xml [17]
19:05:56.862-----------> ClassLocator.getDependentXMLResources: Replicate resource: zkplus
Overwrite bundleresource://188.fwk176207911:13/metainfo/zk/lang-addon.xml
with bundleresource://188.fwk176207911:30/metainfo/zk/lang-addon.xml [17]
19:05:57.150           WebUIServlet.init: iDempiere Web Client started successfully [17]
19:05:58.191-----------> AnnotationConfiguration.configure: ServletContainerInitializers: detected. Class hierarchy: empty [17]

*** 2017-09-04 19:05:58.409 idempiere Log (CLogFile) ***
19:06:01.579-----------> Node: [192.168.163.1]:5701 [adempiere.nemusa/localhost] [3.5.3] No join method is enabled! Starting standalone. [42]
19:07:53.396-----------> Doc_InOut.createFacts: No Costs for Cuaderno Espiral Cuadriculado 60H Tigu [120]
19:08:24.478-----------> FactLine.setAmtSource: Source DR Precision 166.0219 -> 166.022 [120]
19:08:24.487-----------> FactLine.setAmtSource: Source CR Precision 166.0219 -> 166.022 [120]
19:08:26.201-----------> Doc_InOut.createFacts: No Costs for Tabla C/Clamp T/C Ampo [120]
19:08:27.823-----------> FactLine.setAmtSource: Source DR Precision 166.0219 -> 166.022 [120]
19:08:27.829-----------> FactLine.setAmtSource: Source CR Precision 166.0219 -> 166.022 [120]
19:08:27.936-----------> FactLine.setAmtSource: Source DR Precision 215.5938 -> 215.594 [120]
19:08:27.941-----------> FactLine.setAmtSource: Source CR Precision 215.5938 -> 215.594 [120]
19:08:29.798-----------> FactLine.setAmtSource: Source DR Precision 29.3325 -> 29.333 [120]
19:08:29.804-----------> FactLine.setAmtSource: Source CR Precision 29.3325 -> 29.333 [120]
19:08:31.603-----------> FactLine.setAmtSource: Source DR Precision 357.2698 -> 357.270 [120]
19:08:31.608-----------> FactLine.setAmtSource: Source CR Precision 357.2698 -> 357.270 [120]
19:08:31.726-----------> FactLine.setAmtSource: Source DR Precision 223.5136 -> 223.514 [120]
19:08:31.731-----------> FactLine.setAmtSource: Source CR Precision 223.5136 -> 223.514 [120]
19:08:33.987-----------> FactLine.setAmtSource: Source DR Precision 223.5136 -> 223.514 [120]
19:08:33.991-----------> FactLine.setAmtSource: Source CR Precision 223.5136 -> 223.514 [120]
19:08:34.085-----------> FactLine.setAmtSource: Source DR Precision 357.2698 -> 357.270 [120]
19:08:34.090-----------> FactLine.setAmtSource: Source CR Precision 357.2698 -> 357.270 [120]
19:08:35.813-----------> FactLine.setAmtSource: Source DR Precision 166.0219 -> 166.022 [120]
19:08:35.817-----------> FactLine.setAmtSource: Source CR Precision 166.0219 -> 166.022 [120]
19:08:35.924-----------> FactLine.setAmtSource: Source DR Precision 215.5938 -> 215.594 [120]
19:08:35.928-----------> FactLine.setAmtSource: Source CR Precision 215.5938 -> 215.594 [120]
19:08:51.415-----------> Doc_InOut.createFacts: No Costs for Marometa Matematica SB+WB Pack 1 [120]
19:08:53.312-----------> FactLine.setAmtSource: Source DR Precision 50.1586 -> 50.159 [120]
19:08:53.317-----------> FactLine.setAmtSource: Source CR Precision 50.1586 -> 50.159 [120]
19:08:53.393-----------> FactLine.setAmtSource: Source DR Precision 182.7415 -> 182.742 [120]
19:08:53.398-----------> FactLine.setAmtSource: Source CR Precision 182.7415 -> 182.742 [120]
19:08:53.480-----------> Doc_InOut.createFacts: No Costs for Escritura Coquito [120]
19:08:54.907-----------> Doc_InOut.createFacts: No Costs for BOLSA DE MANILA 7X10 [120]
19:08:56.557-----------> FactLine.setAmtSource: Source DR Precision 227.0277 -> 227.028 [120]
19:08:56.561-----------> FactLine.setAmtSource: Source CR Precision 227.0277 -> 227.028 [120]
19:08:56.714-----------> FactLine.setAmtSource: Source DR Precision 125.9196 -> 125.920 [120]
19:08:56.719-----------> FactLine.setAmtSource: Source CR Precision 125.9196 -> 125.920 [120]
19:08:58.227-----------> FactLine.setAmtSource: Source DR Precision 346.7101 -> 346.710 [120]
19:08:58.231-----------> FactLine.setAmtSource: Source CR Precision 346.7101 -> 346.710 [120]
19:08:58.413-----------> FactLine.setAmtSource: Source DR Precision 256.0532 -> 256.053 [120]
19:08:58.418-----------> FactLine.setAmtSource: Source CR Precision 256.0532 -> 256.053 [120]
19:09:06.443-----------> FactLine.setAmtSource: Source DR Precision 166.0219 -> 166.022 [120]
19:09:06.447-----------> FactLine.setAmtSource: Source CR Precision 166.0219 -> 166.022 [120]
19:09:09.257-----------> FactLine.setAmtSource: Source DR Precision 44.8787 -> 44.879 [120]
19:09:09.261-----------> FactLine.setAmtSource: Source CR Precision 44.8787 -> 44.879 [120]
19:09:09.358-----------> FactLine.setAmtSource: Source DR Precision 215.5938 -> 215.594 [120]
19:09:09.362-----------> FactLine.setAmtSource: Source CR Precision 215.5938 -> 215.594 [120]
19:09:10.880-----------> FactLine.setAmtSource: Source DR Precision 263.1125 -> 263.113 [120]
19:09:10.885-----------> FactLine.setAmtSource: Source CR Precision 263.1125 -> 263.113 [120]
19:09:10.976-----------> FactLine.setAmtSource: Source DR Precision 112.9301 -> 112.930 [120]
19:09:10.979-----------> FactLine.setAmtSource: Source CR Precision 112.9301 -> 112.930 [120]
19:09:12.537-----------> Doc_InOut.createFacts: No Costs for Cuentosde Oro Coquito: La Bella Durmiente (Incluye 5 Cuentos) [120]
19:09:15.257-----------> Doc_InOut.createFacts: No Costs for Insights SB PK 1 [120]
19:09:16.570-----------> FactLine.setAmtSource: Source DR Precision 182.7415 -> 182.742 [120]
19:09:16.574-----------> FactLine.setAmtSource: Source CR Precision 182.7415 -> 182.742 [120]
19:09:16.664-----------> FactLine.setAmtSource: Source DR Precision 215.5939 -> 215.594 [120]
19:09:16.668-----------> FactLine.setAmtSource: Source CR Precision 215.5939 -> 215.594 [120]
19:09:18.589-----------> Doc_InOut.createFacts: No Costs for Convivencia y Civismo 4 [120]
19:09:20.276-----------> Doc_InOut.createFacts: No Costs for MiniColor [120]
19:09:21.546-----------> Doc_InOut.createFacts: No Costs for Insights SB PK 6 [120]
19:09:22.833-----------> FactLine.setAmtSource: Source DR Precision 42.5321 -> 42.532 [120]
19:09:22.837-----------> FactLine.setAmtSource: Source CR Precision 42.5321 -> 42.532 [120]
19:09:22.934-----------> FactLine.setAmtSource: Source DR Precision 215.5939 -> 215.594 [120]
19:09:22.938-----------> FactLine.setAmtSource: Source CR Precision 215.5939 -> 215.594 [120]
19:09:24.404-----------> FactLine.setAmtSource: Source DR Precision 182.7415 -> 182.742 [120]
19:09:24.407-----------> FactLine.setAmtSource: Source CR Precision 182.7415 -> 182.742 [120]
19:09:24.448-----------> FactLine.setAmtSource: Source DR Precision 112.9301 -> 112.930 [120]
19:09:24.451-----------> FactLine.setAmtSource: Source CR Precision 112.9301 -> 112.930 [120]
19:09:26.078-----------> Doc_InOut.createFacts: No Costs for Marometa Matematica SB+WB Pack 1 [120]
19:09:27.657-----------> FactLine.setAmtSource: Source DR Precision 462.0499 -> 462.050 [120]
19:09:27.660-----------> FactLine.setAmtSource: Source CR Precision 462.0499 -> 462.050 [120]
19:09:27.724-----------> FactLine.setAmtSource: Source DR Precision 263.1125 -> 263.113 [120]
19:09:27.727-----------> FactLine.setAmtSource: Source CR Precision 263.1125 -> 263.113 [120]
19:09:29.006-----------> FactLine.setAmtSource: Source DR Precision 223.5136 -> 223.514 [120]
19:09:29.010-----------> FactLine.setAmtSource: Source CR Precision 223.5136 -> 223.514 [120]
19:09:29.117-----------> FactLine.setAmtSource: Source DR Precision 223.5136 -> 223.514 [120]
19:09:29.121-----------> FactLine.setAmtSource: Source CR Precision 223.5136 -> 223.514 [120]
19:09:29.152===========> Doc_InOut.post:  [120]
org.adempiere.exceptions.AverageCostingNegativeQtyException: Product=Insights SB PK 5, Current Qty=0.0, New Current Qty=-1.0, CostElement=Promedio OC, Schema=Nemusa UN/35 Córdoba
	at org.compiere.model.MCost.setCurrentQty(MCost.java:1700)
	at org.compiere.model.MCostDetail.process(MCostDetail.java:1211)
	at org.compiere.model.MCostDetail.process(MCostDetail.java:863)
	at org.compiere.model.MCostDetail.createShipment(MCostDetail.java:259)
	at org.compiere.acct.Doc_InOut.createFacts(Doc_InOut.java:269)
	at org.compiere.acct.Doc.postLogic(Doc.java:643)
	at org.compiere.acct.Doc.post(Doc.java:529)
	at org.compiere.acct.DocManager.postDocument(DocManager.java:299)
	at org.compiere.acct.DocManager.postDocument(DocManager.java:246)
	at org.compiere.acct.Doc.postImmediate(Doc.java:238)
	at org.compiere.process.DocumentEngine.postImmediate(DocumentEngine.java:1312)
	at org.compiere.process.DocumentEngine.postIt(DocumentEngine.java:511)
	at org.compiere.process.DocumentEngine.processIt(DocumentEngine.java:339)
	at org.compiere.process.DocumentEngine.processIt(DocumentEngine.java:275)
	at org.compiere.model.MInOut.processIt(MInOut.java:1077)
	at org.compiere.model.MOrder.createShipment(MOrder.java:2177)
	at org.compiere.model.MOrder.completeIt(MOrder.java:1919)
	at org.compiere.process.DocumentEngine.completeIt(DocumentEngine.java:494)
	at org.compiere.process.DocumentEngine.processIt(DocumentEngine.java:311)
	at org.compiere.process.DocumentEngine.processIt(DocumentEngine.java:275)
	at org.compiere.model.MOrder.processIt(MOrder.java:1203)

19:10:03.318-----------> Msg.getMsg: NOT found: ¿Desea visualizar los documentos procesados? [33]
19:10:30.118-----------> FactLine.setAmtSource: Source DR Precision 223.5136 -> 223.514 [38]
19:10:30.128-----------> FactLine.setAmtSource: Source CR Precision 223.5136 -> 223.514 [38]
19:10:30.252-----------> FactLine.setAmtSource: Source DR Precision 223.5136 -> 223.514 [38]
19:10:30.255-----------> FactLine.setAmtSource: Source CR Precision 223.5136 -> 223.514 [38]
19:10:30.331===========> Doc_InOut.post:  [38]
org.adempiere.exceptions.AverageCostingNegativeQtyException: Product=Insights SB PK 5, Current Qty=0.0, New Current Qty=-1.0, CostElement=Promedio OC, Schema=Nemusa UN/35 Córdoba
	at org.compiere.model.MCost.setCurrentQty(MCost.java:1700)
	at org.compiere.model.MCostDetail.process(MCostDetail.java:1211)
	at org.compiere.model.MCostDetail.process(MCostDetail.java:863)
	at org.compiere.model.MCostDetail.createShipment(MCostDetail.java:259)
	at org.compiere.acct.Doc_InOut.createFacts(Doc_InOut.java:269)
	at org.compiere.acct.Doc.postLogic(Doc.java:643)
	at org.compiere.acct.Doc.post(Doc.java:529)
	at org.compiere.acct.DocManager.postDocument(DocManager.java:299)
	at org.compiere.acct.DocManager.postDocument(DocManager.java:246)
	at org.compiere.acct.Doc.postImmediate(Doc.java:238)
	at org.adempiere.webui.apps.AEnv.postImmediate(AEnv.java:345)

