*** 2017-07-17 13:05:38.696 idempiere Log (CLogFile) ***
13:05:38.681 Adempiere.startup: iDempiere(r) Release 3.1_2015-10-31 -Smart Suite ERP, CRM and SCM- (c) 1999-2013 iDempiere(r); Implementation: iDempiere - Supported by iDempiere community [17]
13:05:38.696 Ini.loadProperties: E:\mercurialidempiere/idempiere.properties #33 [17]
13:05:39.274 AdempiereActivator.installPackage: ni.hmil.override.codebase 1.0.0 was installed: 2017-06-19 23:52:10.981 [17]
13:05:39.278 AdempiereActivator.installPackage: cm.itkamer.wandapos-integration2 1.0.0 was installed: 2017-06-25 15:34:11.153 [17]
13:05:39.279 DB.isBuildOK: Build DB=${env.ADEMPIERE_VERSION} 20080428-1232 [17]
13:05:39.279 DB.isBuildOK: Build Cl=3.1.0.qualifier [17]
13:05:39.295-----------> DB.isBuildOK: Error en la versión de la construcción 

El programa asume version de construcción 3.1.0.qualifier, pero la base de datos tiene una versión ${env.ADEMPIERE_VERSION} 20080428-1232.
Es posible que esto cause errores difíciles de corregir.
Por favor contacte al ADMINISTRADOR. [17]
13:05:39.373 WebEnv.initWeb: Servlet Context Init Parameters: iDempiere Root
ServerRoot=1 [17]
13:05:39.545-----------> EMail.setFrom: you @ company.org: javax.mail.internet.AddressException: Local address contains control or whitespace in string ``you @ company.org'' [17]
13:05:39.562-----------> EMail.addTo: you @ company.org: javax.mail.internet.AddressException: Local address contains control or whitespace in string ``you @ company.org'' [17]
13:05:39.562-----------> EMail.isValid: From is invalid=null [17]
13:05:39.562-----------> EMail.isValid: From is invalid=null [17]
13:05:39.562-----------> MClient.sendEMail: Could NOT Send Email: Server started: iDempiere (odbz:192.168.47.1) to you @ company.org: Invalid Data (System) [17]
13:05:39.562 WebEnv.initWeb: Servlet Init Parameter: idempiereMonitor [17]
13:05:39.562 AdempiereMonitor.init:  [17]
13:05:41.215-----------> AnnotationConfiguration.configure: ServletContainerInitializers: detected. Class hierarchy: empty [17]
13:05:41.450-----------> ClassLocator.getDependentXMLResources: Replicate resource: ckez
Overwrite bundleresource://182.fwk1480207683:2/metainfo/zk/config.xml
with bundleresource://182.fwk1480207683:19/metainfo/zk/config.xml [17]
13:05:41.450-----------> ClassLocator.getDependentXMLResources: Replicate resource: zk
Overwrite bundleresource://182.fwk1480207683:11/metainfo/zk/config.xml
with bundleresource://182.fwk1480207683:28/metainfo/zk/config.xml [17]
13:05:41.450-----------> ClassLocator.getDependentXMLResources: Replicate resource: zkbind
Overwrite bundleresource://182.fwk1480207683:12/metainfo/zk/config.xml
with bundleresource://182.fwk1480207683:29/metainfo/zk/config.xml [17]
13:05:41.481-----------> ClassLocator.getDependentXMLResources: Replicate resource: zul
Overwrite bundleresource://182.fwk1480207683:14/metainfo/zk/zk.xml
with bundleresource://182.fwk1480207683:31/metainfo/zk/zk.xml [17]
13:05:41.840-----------> LanguageDefinition.<init>: Replicated language: xhtml, overriden by [LanguageDefinition: xhtml] [17]
13:05:41.856-----------> LanguageDefinition.<init>: Replicated language: xul/html, overriden by [LanguageDefinition: xul/html] [17]
13:05:41.918-----------> ClassLocator.getDependentXMLResources: Replicate resource: calendar
Overwrite bundleresource://182.fwk1480207683:1/metainfo/zk/lang-addon.xml
with bundleresource://182.fwk1480207683:18/metainfo/zk/lang-addon.xml [17]
13:05:41.918-----------> ClassLocator.getDependentXMLResources: Replicate resource: ckez
Overwrite bundleresource://182.fwk1480207683:2/metainfo/zk/lang-addon.xml
with bundleresource://182.fwk1480207683:19/metainfo/zk/lang-addon.xml [17]
13:05:41.918-----------> ClassLocator.getDependentXMLResources: Replicate resource: gmapsz
Overwrite bundleresource://182.fwk1480207683:5/metainfo/zk/lang-addon.xml
with bundleresource://182.fwk1480207683:22/metainfo/zk/lang-addon.xml [17]
13:05:41.918-----------> ClassLocator.getDependentXMLResources: Replicate resource: timeline
Overwrite bundleresource://182.fwk1480207683:6/metainfo/zk/lang-addon.xml
with bundleresource://182.fwk1480207683:23/metainfo/zk/lang-addon.xml [17]
13:05:41.934-----------> ClassLocator.getDependentXMLResources: Replicate resource: timeplot
Overwrite bundleresource://182.fwk1480207683:7/metainfo/zk/lang-addon.xml
with bundleresource://182.fwk1480207683:24/metainfo/zk/lang-addon.xml [17]
13:05:41.950-----------> ClassLocator.getDependentXMLResources: Replicate resource: zkbind
Overwrite bundleresource://182.fwk1480207683:12/metainfo/zk/lang-addon.xml
with bundleresource://182.fwk1480207683:29/metainfo/zk/lang-addon.xml [17]
13:05:41.950-----------> ClassLocator.getDependentXMLResources: Replicate resource: zkplus
Overwrite bundleresource://182.fwk1480207683:13/metainfo/zk/lang-addon.xml
with bundleresource://182.fwk1480207683:30/metainfo/zk/lang-addon.xml [17]
13:05:42.215           WebUIServlet.init: iDempiere Web Client started successfully [17]
13:05:43.387-----------> AnnotationConfiguration.configure: ServletContainerInitializers: detected. Class hierarchy: empty [17]

*** 2017-07-17 13:05:43.658 idempiere Log (CLogFile) ***
13:05:46.565-----------> Node: [192.168.163.1]:5701 [adempiere.idempiere/localhost] [3.5.3] No join method is enabled! Starting standalone. [42]
13:06:02.812===========> DesktopImpl.service: [Desktop z_kfb:/index.zul] client error: Failed to mount: adempiere.set is not a function [37]
13:06:02.890===========> DesktopImpl.service: [Desktop z_kfb:/index.zul] client error: Failed to mount: adempiere.set is not a function [37]
13:06:03.019===========> DesktopImpl.service: [Desktop z_kfb:/index.zul] client error: Failed to mount: adempiere.set is not a function [37]
13:06:03.472===========> DesktopImpl.service: [Desktop z_kfb:/index.zul] client error: Failed to mount: adempiere.set is not a function [34]
13:06:03.487===========> DesktopImpl.service: [Desktop z_kfb:/index.zul] client error: Failed to mount: adempiere.set is not a function [34]
13:06:03.503===========> DesktopImpl.service: [Desktop z_kfb:/index.zul] client error: Failed to mount: adempiere.set is not a function [34]
13:06:03.519===========> DesktopImpl.service: [Desktop z_kfb:/index.zul] client error: Failed to mount: adempiere.set is not a function [34]
13:06:03.534===========> DesktopImpl.service: [Desktop z_kfb:/index.zul] client error: Failed to mount: adempiere.set is not a function [34]
13:06:03.534===========> DesktopImpl.service: [Desktop z_kfb:/index.zul] client error: Failed to mount: adempiere.set is not a function [34]
13:06:03.550===========> DesktopImpl.service: [Desktop z_kfb:/index.zul] client error: Failed to mount: adempiere.set is not a function [34]
13:06:03.566===========> DesktopImpl.service: [Desktop z_kfb:/index.zul] client error: Failed to mount: adempiere.set is not a function [34]
13:06:03.566===========> DesktopImpl.service: [Desktop z_kfb:/index.zul] client error: Failed to mount: adempiere.set is not a function [34]
13:06:03.581===========> DesktopImpl.service: [Desktop z_kfb:/index.zul] client error: Failed to mount: adempiere.set is not a function [34]
13:06:03.597===========> DesktopImpl.service: [Desktop z_kfb:/index.zul] client error: Failed to mount: adempiere.set is not a function [34]
13:06:03.597===========> DesktopImpl.service: [Desktop z_kfb:/index.zul] client error: Failed to mount: adempiere.set is not a function [34]
13:06:03.612===========> DesktopImpl.service: [Desktop z_kfb:/index.zul] client error: Failed to mount: adempiere.set is not a function [34]
13:06:03.628===========> DesktopImpl.service: [Desktop z_kfb:/index.zul] client error: Failed to mount: adempiere.set is not a function [34]
13:06:03.628===========> DesktopImpl.service: [Desktop z_kfb:/index.zul] client error: Failed to mount: adempiere.set is not a function [34]
13:06:03.644===========> DesktopImpl.service: [Desktop z_kfb:/index.zul] client error: Failed to mount: adempiere.set is not a function [34]
13:06:03.644===========> DesktopImpl.service: [Desktop z_kfb:/index.zul] client error: Failed to mount: adempiere.set is not a function [34]
13:06:03.659===========> DesktopImpl.service: [Desktop z_kfb:/index.zul] client error: Failed to mount: adempiere.set is not a function [34]
13:06:03.675===========> DesktopImpl.service: [Desktop z_kfb:/index.zul] client error: Failed to mount: adempiere.set is not a function [34]
13:06:03.675===========> DesktopImpl.service: [Desktop z_kfb:/index.zul] client error: Failed to mount: adempiere.set is not a function [34]
13:06:06.175===========> DesktopImpl.service: [Desktop z_kfb:/index.zul] client error: Failed to mount: adempiere.set is not a function [39]
13:06:06.674===========> DesktopImpl.service: [Desktop z_kfb:/index.zul] client error: Failed to mount: adempiere.set is not a function [35]
13:06:06.705===========> DesktopImpl.service: [Desktop z_kfb:/index.zul] client error: Failed to mount: adempiere.set is not a function [35]
13:06:06.736===========> DesktopImpl.service: [Desktop z_kfb:/index.zul] client error: Failed to mount: adempiere.set is not a function [35]
13:06:06.736===========> DesktopImpl.service: [Desktop z_kfb:/index.zul] client error: Failed to mount: adempiere.set is not a function [35]
13:06:06.752===========> DesktopImpl.service: [Desktop z_kfb:/index.zul] client error: Failed to mount: adempiere.set is not a function [35]
13:06:31.237===========> PackIn.importXML: importXML: [60]
java.lang.NullPointerException
	at org.adempiere.pipo2.handler.TableElementHandler.endElement(TableElementHandler.java:111)
	at org.adempiere.pipo2.PackInHandler.processDeferElements(PackInHandler.java:394)
	at org.adempiere.pipo2.PackInHandler.endElement(PackInHandler.java:309)
	at com.sun.org.apache.xerces.internal.parsers.AbstractSAXParser.endElement(Unknown Source)
	at com.sun.org.apache.xerces.internal.impl.XMLDocumentFragmentScannerImpl.scanEndElement(Unknown Source)
	at com.sun.org.apache.xerces.internal.impl.XMLDocumentFragmentScannerImpl$FragmentContentDriver.next(Unknown Source)
	at com.sun.org.apache.xerces.internal.impl.XMLDocumentScannerImpl.next(Unknown Source)
	at com.sun.org.apache.xerces.internal.impl.XMLDocumentFragmentScannerImpl.scanDocument(Unknown Source)
	at com.sun.org.apache.xerces.internal.parsers.XML11Configuration.parse(Unknown Source)
	at com.sun.org.apache.xerces.internal.parsers.XML11Configuration.parse(Unknown Source)
	at com.sun.org.apache.xerces.internal.parsers.XMLParser.parse(Unknown Source)
	at com.sun.org.apache.xerces.internal.parsers.AbstractSAXParser.parse(Unknown Source)
	at com.sun.org.apache.xerces.internal.jaxp.SAXParserImpl$JAXPSAXParser.parse(Unknown Source)
	at com.sun.org.apache.xerces.internal.jaxp.SAXParserImpl.parse(Unknown Source)
	at javax.xml.parsers.SAXParser.parse(Unknown Source)
	at org.adempiere.pipo2.PackIn.importXML(PackIn.java:173)
	at org.adempiere.pipo2.PackIn.importXML(PackIn.java:136)
	at org.adempiere.pipo2.PackInProcess.doIt(PackInProcess.java:143)
	at org.compiere.process.SvrProcess.process(SvrProcess.java:198)
	at org.compiere.process.SvrProcess.startProcess(SvrProcess.java:144)
	at org.adempiere.util.ProcessUtil.startJavaProcess(ProcessUtil.java:172)
	at org.compiere.apps.AbstractProcessCtl.startProcess(AbstractProcessCtl.java:466)
	at org.compiere.apps.AbstractProcessCtl.run(AbstractProcessCtl.java:234)

13:06:31.268===========> PackIn.importXML: importXML: [60]
java.lang.RuntimeException
	at org.adempiere.pipo2.PackIn.importXML(PackIn.java:188)
	at org.adempiere.pipo2.PackIn.importXML(PackIn.java:136)
	at org.adempiere.pipo2.PackInProcess.doIt(PackInProcess.java:143)
	at org.compiere.process.SvrProcess.process(SvrProcess.java:198)
	at org.compiere.process.SvrProcess.startProcess(SvrProcess.java:144)
	at org.adempiere.util.ProcessUtil.startJavaProcess(ProcessUtil.java:172)
	at org.compiere.apps.AbstractProcessCtl.startProcess(AbstractProcessCtl.java:466)
	at org.compiere.apps.AbstractProcessCtl.run(AbstractProcessCtl.java:234)
	at org.adempiere.webui.apps.WProcessCtl.process(WProcessCtl.java:197)
	at org.adempiere.webui.apps.AbstractProcessDialog$ProcessDialogRunnable.doRun(AbstractProcessDialog.java:1060)
	at org.adempiere.util.ContextRunnable.run(ContextRunnable.java:38)
	at org.adempiere.webui.apps.DesktopRunnable.run(DesktopRunnable.java:40)
	at java.util.concurrent.Executors$RunnableAdapter.call(Unknown Source)
	at java.util.concurrent.FutureTask.run(Unknown Source)
	at java.util.concurrent.ScheduledThreadPoolExecutor$ScheduledFutureTask.access$201(Unknown Source)
	at java.util.concurrent.ScheduledThreadPoolExecutor$ScheduledFutureTask.run(Unknown Source)
	at java.util.concurrent.ThreadPoolExecutor.runWorker(Unknown Source)
	at java.util.concurrent.ThreadPoolExecutor$Worker.run(Unknown Source)
	at java.lang.Thread.run(Unknown Source)
caused by: java.lang.NullPointerException
	at org.adempiere.pipo2.handler.TableElementHandler.endElement(TableElementHandler.java:111)
	at org.adempiere.pipo2.PackInHandler.processDeferElements(PackInHandler.java:394)
	at org.adempiere.pipo2.PackInHandler.endElement(PackInHandler.java:309)
	at com.sun.org.apache.xerces.internal.parsers.AbstractSAXParser.endElement(Unknown Source)
	at com.sun.org.apache.xerces.internal.impl.XMLDocumentFragmentScannerImpl.scanEndElement(Unknown Source)
	at com.sun.org.apache.xerces.internal.impl.XMLDocumentFragmentScannerImpl$FragmentContentDriver.next(Unknown Source)
	at com.sun.org.apache.xerces.internal.impl.XMLDocumentScannerImpl.next(Unknown Source)
	at com.sun.org.apache.xerces.internal.impl.XMLDocumentFragmentScannerImpl.scanDocument(Unknown Source)
	at com.sun.org.apache.xerces.internal.parsers.XML11Configuration.parse(Unknown Source)
	at com.sun.org.apache.xerces.internal.parsers.XML11Configuration.parse(Unknown Source)
	at com.sun.org.apache.xerces.internal.parsers.XMLParser.parse(Unknown Source)
	at com.sun.org.apache.xerces.internal.parsers.AbstractSAXParser.parse(Unknown Source)
	at com.sun.org.apache.xerces.internal.jaxp.SAXParserImpl$JAXPSAXParser.parse(Unknown Source)
	at com.sun.org.apache.xerces.internal.jaxp.SAXParserImpl.parse(Unknown Source)
	at javax.xml.parsers.SAXParser.parse(Unknown Source)
	at org.adempiere.pipo2.PackIn.importXML(PackIn.java:173)
	at org.adempiere.pipo2.PackIn.importXML(PackIn.java:136)
	at org.adempiere.pipo2.PackInProcess.doIt(PackInProcess.java:143)
	at org.compiere.process.SvrProcess.process(SvrProcess.java:198)
	at org.compiere.process.SvrProcess.startProcess(SvrProcess.java:144)
	at org.adempiere.util.ProcessUtil.startJavaProcess(ProcessUtil.java:172)
	at org.compiere.apps.AbstractProcessCtl.startProcess(AbstractProcessCtl.java:466)
	at org.compiere.apps.AbstractProcessCtl.run(AbstractProcessCtl.java:234)

13:06:31.270===========> PackInProcess.doIt: importXML: [60]
java.lang.RuntimeException
	at org.adempiere.pipo2.PackIn.importXML(PackIn.java:188)
	at org.adempiere.pipo2.PackIn.importXML(PackIn.java:136)
	at org.adempiere.pipo2.PackInProcess.doIt(PackInProcess.java:143)
	at org.compiere.process.SvrProcess.process(SvrProcess.java:198)
	at org.compiere.process.SvrProcess.startProcess(SvrProcess.java:144)
	at org.adempiere.util.ProcessUtil.startJavaProcess(ProcessUtil.java:172)
	at org.compiere.apps.AbstractProcessCtl.startProcess(AbstractProcessCtl.java:466)
	at org.compiere.apps.AbstractProcessCtl.run(AbstractProcessCtl.java:234)
	at org.adempiere.webui.apps.WProcessCtl.process(WProcessCtl.java:197)
	at org.adempiere.webui.apps.AbstractProcessDialog$ProcessDialogRunnable.doRun(AbstractProcessDialog.java:1060)
	at org.adempiere.util.ContextRunnable.run(ContextRunnable.java:38)
	at org.adempiere.webui.apps.DesktopRunnable.run(DesktopRunnable.java:40)
	at java.util.concurrent.Executors$RunnableAdapter.call(Unknown Source)
	at java.util.concurrent.FutureTask.run(Unknown Source)
	at java.util.concurrent.ScheduledThreadPoolExecutor$ScheduledFutureTask.access$201(Unknown Source)
	at java.util.concurrent.ScheduledThreadPoolExecutor$ScheduledFutureTask.run(Unknown Source)
	at java.util.concurrent.ThreadPoolExecutor.runWorker(Unknown Source)
	at java.util.concurrent.ThreadPoolExecutor$Worker.run(Unknown Source)
	at java.lang.Thread.run(Unknown Source)
caused by: java.lang.NullPointerException
	at org.adempiere.pipo2.handler.TableElementHandler.endElement(TableElementHandler.java:111)
	at org.adempiere.pipo2.PackInHandler.processDeferElements(PackInHandler.java:394)
	at org.adempiere.pipo2.PackInHandler.endElement(PackInHandler.java:309)
	at com.sun.org.apache.xerces.internal.parsers.AbstractSAXParser.endElement(Unknown Source)
	at com.sun.org.apache.xerces.internal.impl.XMLDocumentFragmentScannerImpl.scanEndElement(Unknown Source)
	at com.sun.org.apache.xerces.internal.impl.XMLDocumentFragmentScannerImpl$FragmentContentDriver.next(Unknown Source)
	at com.sun.org.apache.xerces.internal.impl.XMLDocumentScannerImpl.next(Unknown Source)
	at com.sun.org.apache.xerces.internal.impl.XMLDocumentFragmentScannerImpl.scanDocument(Unknown Source)
	at com.sun.org.apache.xerces.internal.parsers.XML11Configuration.parse(Unknown Source)
	at com.sun.org.apache.xerces.internal.parsers.XML11Configuration.parse(Unknown Source)
	at com.sun.org.apache.xerces.internal.parsers.XMLParser.parse(Unknown Source)
	at com.sun.org.apache.xerces.internal.parsers.AbstractSAXParser.parse(Unknown Source)
	at com.sun.org.apache.xerces.internal.jaxp.SAXParserImpl$JAXPSAXParser.parse(Unknown Source)
	at com.sun.org.apache.xerces.internal.jaxp.SAXParserImpl.parse(Unknown Source)
	at javax.xml.parsers.SAXParser.parse(Unknown Source)
	at org.adempiere.pipo2.PackIn.importXML(PackIn.java:173)
	at org.adempiere.pipo2.PackIn.importXML(PackIn.java:136)
	at org.adempiere.pipo2.PackInProcess.doIt(PackInProcess.java:143)
	at org.compiere.process.SvrProcess.process(SvrProcess.java:198)
	at org.compiere.process.SvrProcess.startProcess(SvrProcess.java:144)
	at org.adempiere.util.ProcessUtil.startJavaProcess(ProcessUtil.java:172)
	at org.compiere.apps.AbstractProcessCtl.startProcess(AbstractProcessCtl.java:466)
	at org.compiere.apps.AbstractProcessCtl.run(AbstractProcessCtl.java:234)

13:06:31.286===========> PackInProcess.process: java.lang.RuntimeException [60]
java.lang.NullPointerException
	at org.adempiere.pipo2.handler.TableElementHandler.endElement(TableElementHandler.java:111)
	at org.adempiere.pipo2.PackInHandler.processDeferElements(PackInHandler.java:394)
	at org.adempiere.pipo2.PackInHandler.endElement(PackInHandler.java:309)
	at com.sun.org.apache.xerces.internal.parsers.AbstractSAXParser.endElement(Unknown Source)
	at com.sun.org.apache.xerces.internal.impl.XMLDocumentFragmentScannerImpl.scanEndElement(Unknown Source)
	at com.sun.org.apache.xerces.internal.impl.XMLDocumentFragmentScannerImpl$FragmentContentDriver.next(Unknown Source)
	at com.sun.org.apache.xerces.internal.impl.XMLDocumentScannerImpl.next(Unknown Source)
	at com.sun.org.apache.xerces.internal.impl.XMLDocumentFragmentScannerImpl.scanDocument(Unknown Source)
	at com.sun.org.apache.xerces.internal.parsers.XML11Configuration.parse(Unknown Source)
	at com.sun.org.apache.xerces.internal.parsers.XML11Configuration.parse(Unknown Source)
	at com.sun.org.apache.xerces.internal.parsers.XMLParser.parse(Unknown Source)
	at com.sun.org.apache.xerces.internal.parsers.AbstractSAXParser.parse(Unknown Source)
	at com.sun.org.apache.xerces.internal.jaxp.SAXParserImpl$JAXPSAXParser.parse(Unknown Source)
	at com.sun.org.apache.xerces.internal.jaxp.SAXParserImpl.parse(Unknown Source)
	at javax.xml.parsers.SAXParser.parse(Unknown Source)
	at org.adempiere.pipo2.PackIn.importXML(PackIn.java:173)
	at org.adempiere.pipo2.PackIn.importXML(PackIn.java:136)
	at org.adempiere.pipo2.PackInProcess.doIt(PackInProcess.java:143)
	at org.compiere.process.SvrProcess.process(SvrProcess.java:198)
	at org.compiere.process.SvrProcess.startProcess(SvrProcess.java:144)
	at org.adempiere.util.ProcessUtil.startJavaProcess(ProcessUtil.java:172)
	at org.compiere.apps.AbstractProcessCtl.startProcess(AbstractProcessCtl.java:466)
	at org.compiere.apps.AbstractProcessCtl.run(AbstractProcessCtl.java:234)

13:06:51.770===========> PackInProcess.process: Could not delete folder C:\Users\OBENAV~1\AppData\Local\Temp\\packin0, please check permissions [52]
SystemError: Could not delete folder C:\Users\OBENAV~1\AppData\Local\Temp\\packin0, please check permissions
	at org.adempiere.pipo2.PackInProcess.doIt(PackInProcess.java:92)
	at org.compiere.process.SvrProcess.process(SvrProcess.java:198)
	at org.compiere.process.SvrProcess.startProcess(SvrProcess.java:144)
	at org.adempiere.util.ProcessUtil.startJavaProcess(ProcessUtil.java:172)
	at org.compiere.apps.AbstractProcessCtl.startProcess(AbstractProcessCtl.java:466)
	at org.compiere.apps.AbstractProcessCtl.run(AbstractProcessCtl.java:234)
	at org.adempiere.webui.apps.WProcessCtl.process(WProcessCtl.java:197)
	at org.adempiere.webui.apps.AbstractProcessDialog$ProcessDialogRunnable.doRun(AbstractProcessDialog.java:1060)
	at org.adempiere.util.ContextRunnable.run(ContextRunnable.java:38)
	at org.adempiere.webui.apps.DesktopRunnable.run(DesktopRunnable.java:40)
	at java.util.concurrent.Executors$RunnableAdapter.call(Unknown Source)
	at java.util.concurrent.FutureTask.run(Unknown Source)
	at java.util.concurrent.ScheduledThreadPoolExecutor$ScheduledFutureTask.access$201(Unknown Source)
	at java.util.concurrent.ScheduledThreadPoolExecutor$ScheduledFutureTask.run(Unknown Source)
	at java.util.concurrent.ThreadPoolExecutor.runWorker(Unknown Source)
	at java.util.concurrent.ThreadPoolExecutor$Worker.run(Unknown Source)
	at java.lang.Thread.run(Unknown Source)

13:07:12.753-----------> Node: [192.168.163.1]:5701 [adempiere.idempiere/localhost] [3.5.3] Terminating forcefully... [72]

*** 2017-07-17 13:07:12.753 idempiere Log (CLogFile) ***
