*** 2016-08-07 16:57:37.413 idempiere Log (CLogFile) ***
16:57:37.413 Adempiere.startup: iDempiere(r) Release 3.1_2015-10-31 -Smart Suite ERP, CRM and SCM- (c) 1999-2013 iDempiere(r); Implementation: iDempiere - Supported by iDempiere community [17]
16:57:37.413 Ini.loadProperties: E:\mercurialidempiere/idempiere.properties #32 [17]
16:57:37.967 AdempiereActivator.installPackage: ni.idempiere.importcurrencyrate 1.0.0 was installed: 2016-07-14 15:40:48.116 [17]
16:57:37.983 DB.isBuildOK: Build DB=${env.ADEMPIERE_VERSION} 20080428-1232 [17]
16:57:37.999 DB.isBuildOK: Build Cl=3.1.0.qualifier [17]
16:57:38.014-----------> DB.isBuildOK: Build Version Error 

The program assumes build version 3.1.0.qualifier, but database has build version ${env.ADEMPIERE_VERSION} 20080428-1232. 
This is likely to cause hard to fix errors. 
Please contact administrator. [17]
16:57:38.092 WebEnv.initWeb: Servlet Context Init Parameters: iDempiere Root
ServerRoot=1 [17]
16:57:38.175-----------> EMail.setFrom: you @ company.org: javax.mail.internet.AddressException: Local address contains control or whitespace in string ``you @ company.org'' [17]
16:57:38.175-----------> EMail.addTo: you @ company.org: javax.mail.internet.AddressException: Local address contains control or whitespace in string ``you @ company.org'' [17]
16:57:38.175-----------> EMail.isValid: From is invalid=null [17]
16:57:38.175-----------> EMail.isValid: From is invalid=null [17]
16:57:38.175-----------> MClient.sendEMail: Could NOT Send Email: Server started: iDempiere (odbz:192.168.1.8) to you @ company.org: Invalid Data (System) [17]
16:57:38.175 WebEnv.initWeb: Servlet Init Parameter: idempiereMonitor [17]
16:57:38.175 AdempiereMonitor.init:  [17]
16:57:39.630-----------> AnnotationConfiguration.configure: ServletContainerInitializers: detected. Class hierarchy: empty [17]
16:57:39.849-----------> ClassLocator.getDependentXMLResources: Replicate resource: ckez
Overwrite bundleresource://187.fwk1399961333:2/metainfo/zk/config.xml
with bundleresource://187.fwk1399961333:19/metainfo/zk/config.xml [17]
16:57:39.865-----------> ClassLocator.getDependentXMLResources: Replicate resource: zk
Overwrite bundleresource://187.fwk1399961333:11/metainfo/zk/config.xml
with bundleresource://187.fwk1399961333:28/metainfo/zk/config.xml [17]
16:57:39.865-----------> ClassLocator.getDependentXMLResources: Replicate resource: zkbind
Overwrite bundleresource://187.fwk1399961333:12/metainfo/zk/config.xml
with bundleresource://187.fwk1399961333:29/metainfo/zk/config.xml [17]
16:57:39.896-----------> ClassLocator.getDependentXMLResources: Replicate resource: zul
Overwrite bundleresource://187.fwk1399961333:14/metainfo/zk/zk.xml
with bundleresource://187.fwk1399961333:31/metainfo/zk/zk.xml [17]
16:57:40.249-----------> LanguageDefinition.<init>: Replicated language: xhtml, overriden by [LanguageDefinition: xhtml] [17]
16:57:40.265-----------> LanguageDefinition.<init>: Replicated language: xul/html, overriden by [LanguageDefinition: xul/html] [17]
16:57:40.327-----------> ClassLocator.getDependentXMLResources: Replicate resource: calendar
Overwrite bundleresource://187.fwk1399961333:1/metainfo/zk/lang-addon.xml
with bundleresource://187.fwk1399961333:18/metainfo/zk/lang-addon.xml [17]
16:57:40.327-----------> ClassLocator.getDependentXMLResources: Replicate resource: ckez
Overwrite bundleresource://187.fwk1399961333:2/metainfo/zk/lang-addon.xml
with bundleresource://187.fwk1399961333:19/metainfo/zk/lang-addon.xml [17]
16:57:40.327-----------> ClassLocator.getDependentXMLResources: Replicate resource: gmapsz
Overwrite bundleresource://187.fwk1399961333:5/metainfo/zk/lang-addon.xml
with bundleresource://187.fwk1399961333:22/metainfo/zk/lang-addon.xml [17]
16:57:40.343-----------> ClassLocator.getDependentXMLResources: Replicate resource: timeline
Overwrite bundleresource://187.fwk1399961333:6/metainfo/zk/lang-addon.xml
with bundleresource://187.fwk1399961333:23/metainfo/zk/lang-addon.xml [17]
16:57:40.343-----------> ClassLocator.getDependentXMLResources: Replicate resource: timeplot
Overwrite bundleresource://187.fwk1399961333:7/metainfo/zk/lang-addon.xml
with bundleresource://187.fwk1399961333:24/metainfo/zk/lang-addon.xml [17]
16:57:40.343-----------> ClassLocator.getDependentXMLResources: Replicate resource: zkbind
Overwrite bundleresource://187.fwk1399961333:12/metainfo/zk/lang-addon.xml
with bundleresource://187.fwk1399961333:29/metainfo/zk/lang-addon.xml [17]
16:57:40.358-----------> ClassLocator.getDependentXMLResources: Replicate resource: zkplus
Overwrite bundleresource://187.fwk1399961333:13/metainfo/zk/lang-addon.xml
with bundleresource://187.fwk1399961333:30/metainfo/zk/lang-addon.xml [17]
16:57:40.530           WebUIServlet.init: iDempiere Web Client started successfully [17]
16:57:41.421-----------> AnnotationConfiguration.configure: ServletContainerInitializers: detected. Class hierarchy: empty [17]
16:57:41.488 AdempiereActivator.start: org.idempiere.budget 2.1.0.qualifier starting... [17]
16:57:41.488 AdempiereActivator.start: org.idempiere.budget 2.1.0.qualifier ready. [17]
16:57:41.488 AdempiereActivator.installPackage: org.idempiere.budget 2.1.0 was installed: 2016-08-07 16:37:40.439 [42]
16:57:41.660 AdempiereActivator.start: org.purchasing.forecast 2.1.0.qualifier starting... [17]
16:57:41.660 AdempiereActivator.start: org.purchasing.forecast 2.1.0.qualifier ready. [17]
16:57:41.679 PipoDictionaryService.merge: zipFilepath->C:\Users\OBENAV~1\AppData\Local\Temp\org.purchasing.forecast2068341790046148747.zip [52]

*** 2016-08-07 16:57:41.752 idempiere Log (CLogFile) ***
16:57:43.502-----------> Node: [192.168.1.8]:5701 [adempiere.idempiere/localhost] [3.5.3] No join method is enabled! Starting standalone. [50]
16:57:48.649-----------> MInfoWindow.validate: ERROR: no existe la relación «m_forecastprocess»
  Position: 31 [52]
16:57:48.681-----------> MInfoWindow.validate: ERROR: no existe la relación «m_forecastprocess»
  Position: 48 [52]
16:57:48.696-----------> MInfoWindow.validate: ERROR: no existe la relación «m_forecastprocess»
  Position: 56 [52]
16:57:48.728-----------> MInfoWindow.validate: ERROR: no existe la relación «m_forecastprocess»
  Position: 73 [52]
16:57:48.743-----------> MInfoWindow.validate: ERROR: no existe la relación «m_forecastprocess»
  Position: 89 [52]
16:57:48.759-----------> MInfoWindow.validate: ERROR: no existe la relación «m_forecastprocess»
  Position: 108 [52]
16:57:48.775-----------> MInfoWindow.validate: ERROR: no existe la relación «m_forecastprocess»
  Position: 126 [52]
16:57:48.806-----------> MInfoWindow.validate: ERROR: no existe la relación «m_forecastprocess»
  Position: 140 [52]
16:57:48.837-----------> MInfoWindow.validate: ERROR: no existe la relación «m_forecastprocess»
  Position: 161 [52]
16:57:48.853-----------> MInfoWindow.validate: ERROR: no existe la relación «m_forecastprocess»
  Position: 184 [52]
16:57:48.868-----------> MInfoWindow.validate: ERROR: no existe la relación «m_forecastprocess»
  Position: 204 [52]
