*** 2016-10-05 09:21:42.729 idempiere Log (CLogFile) ***
09:21:42.729 Adempiere.startup: iDempiere(r) Release 3.1_2015-10-31 -Smart Suite ERP, CRM and SCM- (c) 1999-2013 iDempiere(r); Implementation: iDempiere - Supported by iDempiere community [17]
09:21:42.729 Ini.loadProperties: E:\mercurialidempiere/idempiere.properties #33 [17]
09:21:43.318 AdempiereActivator.installPackage: ni.idempiere.importcurrencyrate 1.0.0 was installed: 2016-07-14 16:34:48.698 [17]
09:21:43.328 DB.isBuildOK: Build DB=${env.ADEMPIERE_VERSION} 20080428-1232 [17]
09:21:43.328 DB.isBuildOK: Build Cl=3.1.0.qualifier [17]
09:21:43.359-----------> DB.isBuildOK: Build Version Error 

The program assumes build version 3.1.0.qualifier, but database has build version ${env.ADEMPIERE_VERSION} 20080428-1232. 
This is likely to cause hard to fix errors. 
Please contact administrator. [17]
09:21:43.437 WebEnv.initWeb: Servlet Context Init Parameters: iDempiere Root
ServerRoot=1 [17]
09:21:43.453-----------> EMail.setFrom: you @ company.org: javax.mail.internet.AddressException: Local address contains control or whitespace in string ``you @ company.org'' [17]
09:21:43.453-----------> EMail.addTo: you @ company.org: javax.mail.internet.AddressException: Local address contains control or whitespace in string ``you @ company.org'' [17]
09:21:43.453-----------> EMail.isValid: From is invalid=null [17]
09:21:43.453-----------> EMail.isValid: From is invalid=null [17]
09:21:43.453-----------> MClient.sendEMail: Could NOT Send Email: Server started: iDempiere (odbz:172.16.9.71) to you @ company.org: Invalid Data (System) [17]
09:21:43.453 WebEnv.initWeb: Servlet Init Parameter: idempiereMonitor [17]
09:21:43.453 AdempiereMonitor.init:  [17]
09:21:45.109-----------> AnnotationConfiguration.configure: ServletContainerInitializers: detected. Class hierarchy: empty [17]
09:21:45.387-----------> ClassLocator.getDependentXMLResources: Replicate resource: ckez
Overwrite bundleresource://187.fwk1480207683:2/metainfo/zk/config.xml
with bundleresource://187.fwk1480207683:19/metainfo/zk/config.xml [17]
09:21:45.403-----------> ClassLocator.getDependentXMLResources: Replicate resource: zk
Overwrite bundleresource://187.fwk1480207683:11/metainfo/zk/config.xml
with bundleresource://187.fwk1480207683:28/metainfo/zk/config.xml [17]
09:21:45.403-----------> ClassLocator.getDependentXMLResources: Replicate resource: zkbind
Overwrite bundleresource://187.fwk1480207683:12/metainfo/zk/config.xml
with bundleresource://187.fwk1480207683:29/metainfo/zk/config.xml [17]
09:21:45.434-----------> ClassLocator.getDependentXMLResources: Replicate resource: zul
Overwrite bundleresource://187.fwk1480207683:14/metainfo/zk/zk.xml
with bundleresource://187.fwk1480207683:31/metainfo/zk/zk.xml [17]
09:21:45.799-----------> LanguageDefinition.<init>: Replicated language: xhtml, overriden by [LanguageDefinition: xhtml] [17]
09:21:45.830-----------> LanguageDefinition.<init>: Replicated language: xul/html, overriden by [LanguageDefinition: xul/html] [17]
09:21:45.893-----------> ClassLocator.getDependentXMLResources: Replicate resource: calendar
Overwrite bundleresource://187.fwk1480207683:1/metainfo/zk/lang-addon.xml
with bundleresource://187.fwk1480207683:18/metainfo/zk/lang-addon.xml [17]
09:21:45.908-----------> ClassLocator.getDependentXMLResources: Replicate resource: ckez
Overwrite bundleresource://187.fwk1480207683:2/metainfo/zk/lang-addon.xml
with bundleresource://187.fwk1480207683:19/metainfo/zk/lang-addon.xml [17]
09:21:45.908-----------> ClassLocator.getDependentXMLResources: Replicate resource: gmapsz
Overwrite bundleresource://187.fwk1480207683:5/metainfo/zk/lang-addon.xml
with bundleresource://187.fwk1480207683:22/metainfo/zk/lang-addon.xml [17]
09:21:45.908-----------> ClassLocator.getDependentXMLResources: Replicate resource: timeline
Overwrite bundleresource://187.fwk1480207683:6/metainfo/zk/lang-addon.xml
with bundleresource://187.fwk1480207683:23/metainfo/zk/lang-addon.xml [17]
09:21:45.924-----------> ClassLocator.getDependentXMLResources: Replicate resource: timeplot
Overwrite bundleresource://187.fwk1480207683:7/metainfo/zk/lang-addon.xml
with bundleresource://187.fwk1480207683:24/metainfo/zk/lang-addon.xml [17]
09:21:45.940-----------> ClassLocator.getDependentXMLResources: Replicate resource: zkbind
Overwrite bundleresource://187.fwk1480207683:12/metainfo/zk/lang-addon.xml
with bundleresource://187.fwk1480207683:29/metainfo/zk/lang-addon.xml [17]
09:21:45.940-----------> ClassLocator.getDependentXMLResources: Replicate resource: zkplus
Overwrite bundleresource://187.fwk1480207683:13/metainfo/zk/lang-addon.xml
with bundleresource://187.fwk1480207683:30/metainfo/zk/lang-addon.xml [17]
09:21:46.096           WebUIServlet.init: iDempiere Web Client started successfully [17]
09:21:47.205-----------> AnnotationConfiguration.configure: ServletContainerInitializers: detected. Class hierarchy: empty [17]

*** 2016-10-05 09:21:47.455 idempiere Log (CLogFile) ***
09:21:49.410-----------> Node: [192.168.163.1]:5701 [adempiere.idempiere/localhost] [3.5.3] No join method is enabled! Starting standalone. [40]
09:26:41.170-----------> Prop.loadProperties: E:\mercurialidempiere\home.properties not found [34]
09:26:41.170-----------> Prop.loadProperties: !!WARNING:Please locate yout custom home.properties on iDEMPIERE_HOME. [34]
09:26:54.489===========> MRole.getOrgWhere: No Access Org records [34]
