*** 2016-07-12 11:52:06.358 idempiere Log (CLogFile) ***
11:52:06.357 Adempiere.startup: iDempiere(r) Release 3.1_2015-10-31 -Smart Suite ERP, CRM and SCM- (c) 1999-2013 iDempiere(r); Implementation: iDempiere - Supported by iDempiere community [17]
11:52:06.361 Ini.loadProperties: E:\mercurialidempiere/idempiere.properties #32 [17]
11:52:06.877 DB.isBuildOK: Build DB=${env.ADEMPIERE_VERSION} 20080428-1232 [17]
11:52:06.877 DB.isBuildOK: Build Cl=3.1.0.qualifier [17]
11:52:06.893-----------> DB.isBuildOK: Build Version Error 

The program assumes build version 3.1.0.qualifier, but database has build version ${env.ADEMPIERE_VERSION} 20080428-1232. 
This is likely to cause hard to fix errors. 
Please contact administrator. [17]
11:52:06.970 WebEnv.initWeb: Servlet Context Init Parameters: iDempiere Root
ServerRoot=1 [17]
11:52:06.981-----------> EMail.setFrom: you @ company.org: javax.mail.internet.AddressException: Local address contains control or whitespace in string ``you @ company.org'' [17]
11:52:06.982-----------> EMail.addTo: you @ company.org: javax.mail.internet.AddressException: Local address contains control or whitespace in string ``you @ company.org'' [17]
11:52:06.982-----------> EMail.isValid: From is invalid=null [17]
11:52:06.983-----------> EMail.isValid: From is invalid=null [17]
11:52:06.983-----------> MClient.sendEMail: Could NOT Send Email: Server started: iDempiere (odbz:172.16.67.23) to you @ company.org: Invalid Data (System) [17]
11:52:06.983 WebEnv.initWeb: Servlet Init Parameter: idempiereMonitor [17]
11:52:06.983 AdempiereMonitor.init:  [17]
11:52:08.265-----------> AnnotationConfiguration.configure: ServletContainerInitializers: detected. Class hierarchy: empty [17]
11:52:08.548-----------> ClassLocator.getDependentXMLResources: Replicate resource: ckez
Overwrite bundleresource://181.fwk47108597:2/metainfo/zk/config.xml
with bundleresource://181.fwk47108597:19/metainfo/zk/config.xml [17]
11:52:08.556-----------> ClassLocator.getDependentXMLResources: Replicate resource: zk
Overwrite bundleresource://181.fwk47108597:11/metainfo/zk/config.xml
with bundleresource://181.fwk47108597:28/metainfo/zk/config.xml [17]
11:52:08.562-----------> ClassLocator.getDependentXMLResources: Replicate resource: zkbind
Overwrite bundleresource://181.fwk47108597:12/metainfo/zk/config.xml
with bundleresource://181.fwk47108597:29/metainfo/zk/config.xml [17]
11:52:08.598-----------> ClassLocator.getDependentXMLResources: Replicate resource: zul
Overwrite bundleresource://181.fwk47108597:14/metainfo/zk/zk.xml
with bundleresource://181.fwk47108597:31/metainfo/zk/zk.xml [17]
11:52:08.980-----------> LanguageDefinition.<init>: Replicated language: xhtml, overriden by [LanguageDefinition: xhtml] [17]
11:52:09.004-----------> LanguageDefinition.<init>: Replicated language: xul/html, overriden by [LanguageDefinition: xul/html] [17]
11:52:09.063-----------> ClassLocator.getDependentXMLResources: Replicate resource: calendar
Overwrite bundleresource://181.fwk47108597:1/metainfo/zk/lang-addon.xml
with bundleresource://181.fwk47108597:18/metainfo/zk/lang-addon.xml [17]
11:52:09.070-----------> ClassLocator.getDependentXMLResources: Replicate resource: ckez
Overwrite bundleresource://181.fwk47108597:2/metainfo/zk/lang-addon.xml
with bundleresource://181.fwk47108597:19/metainfo/zk/lang-addon.xml [17]
11:52:09.072-----------> ClassLocator.getDependentXMLResources: Replicate resource: gmapsz
Overwrite bundleresource://181.fwk47108597:5/metainfo/zk/lang-addon.xml
with bundleresource://181.fwk47108597:22/metainfo/zk/lang-addon.xml [17]
11:52:09.072-----------> ClassLocator.getDependentXMLResources: Replicate resource: timeline
Overwrite bundleresource://181.fwk47108597:6/metainfo/zk/lang-addon.xml
with bundleresource://181.fwk47108597:23/metainfo/zk/lang-addon.xml [17]
11:52:09.072-----------> ClassLocator.getDependentXMLResources: Replicate resource: timeplot
Overwrite bundleresource://181.fwk47108597:7/metainfo/zk/lang-addon.xml
with bundleresource://181.fwk47108597:24/metainfo/zk/lang-addon.xml [17]
11:52:09.088-----------> ClassLocator.getDependentXMLResources: Replicate resource: zkbind
Overwrite bundleresource://181.fwk47108597:12/metainfo/zk/lang-addon.xml
with bundleresource://181.fwk47108597:29/metainfo/zk/lang-addon.xml [17]
11:52:09.088-----------> ClassLocator.getDependentXMLResources: Replicate resource: zkplus
Overwrite bundleresource://181.fwk47108597:13/metainfo/zk/lang-addon.xml
with bundleresource://181.fwk47108597:30/metainfo/zk/lang-addon.xml [17]
11:52:09.227           WebUIServlet.init: iDempiere Web Client started successfully [17]
11:52:10.127-----------> AnnotationConfiguration.configure: ServletContainerInitializers: detected. Class hierarchy: empty [17]

*** 2016-07-12 11:52:10.352 idempiere Log (CLogFile) ***
11:52:12.112-----------> Node: [172.16.67.23]:5701 [adempiere.idempiere/localhost] [3.5.3] No join method is enabled! Starting standalone. [48]
11:52:50.657-----------> Msg.getMsg: NOT found: ni.idempiere.toolbar.action.toolbarbtn.label [35]
11:52:50.657-----------> Msg.getMsg: NOT found: ni.idempiere.toolbar.action.toolbarbtn.tooltip [35]
11:53:36.459===========> DB.executeUpdate: INSERT INTO AD_SysConfig (AD_SysConfig_ID,AD_Client_ID,AD_Org_ID,Created,Updated,CreatedBy,UpdatedBy,IsActive,Name,Value,EntityType,ConfigurationLevel,AD_SysConfig_UU) VALUES (?,?,?,?,?,?,?,?,?,?,?,?,?) [POSaveAD_SysConfig_c6fe19c4-8b9a-4c3f-924b-c7bf74974dd4] [33]
org.postgresql.util.PSQLException: ERROR: llave duplicada viola restricción de unicidad «ad_sysconfig_org_name»
  Detail: Ya existe la llave (ad_client_id, ad_org_id, name)=(0, 0, ZK_BROWSER_TITLE).; State=23505; ErrorCode=0
	at org.postgresql.core.v3.QueryExecutorImpl.receiveErrorResponse(QueryExecutorImpl.java:2182)
	at org.postgresql.core.v3.QueryExecutorImpl.processResults(QueryExecutorImpl.java:1911)
	at org.postgresql.core.v3.QueryExecutorImpl.execute(QueryExecutorImpl.java:173)
	at org.postgresql.jdbc2.AbstractJdbc2Statement.execute(AbstractJdbc2Statement.java:645)
	at org.postgresql.jdbc2.AbstractJdbc2Statement.executeWithFlags(AbstractJdbc2Statement.java:495)
	at org.postgresql.jdbc2.AbstractJdbc2Statement.executeUpdate(AbstractJdbc2Statement.java:441)
	at com.mchange.v2.c3p0.impl.NewProxyPreparedStatement.executeUpdate(NewProxyPreparedStatement.java:1449)
	at sun.reflect.NativeMethodAccessorImpl.invoke0(Native Method)
	at sun.reflect.NativeMethodAccessorImpl.invoke(Unknown Source)
	at sun.reflect.DelegatingMethodAccessorImpl.invoke(Unknown Source)
	at java.lang.reflect.Method.invoke(Unknown Source)
	at org.compiere.db.StatementProxy.invoke(StatementProxy.java:128)
	at com.sun.proxy.$Proxy3.executeUpdate(Unknown Source)
	at org.compiere.util.DB.executeUpdate(DB.java:1038)
	at org.compiere.util.DB.executeUpdate(DB.java:1007)
	at org.compiere.model.PO.doInsert(PO.java:2974)
	at org.compiere.model.PO.saveNew(PO.java:2778)
	at org.compiere.model.PO.save(PO.java:2128)
	at org.compiere.model.GridTable.dataSavePO(GridTable.java:2223)
	at org.compiere.model.GridTable.dataSave(GridTable.java:1549)
	at org.compiere.model.GridTab.dataSave(GridTab.java:1007)

11:53:36.599===========> DB.saveError: SaveErrorNotUnique - ERROR: llave duplicada viola restricción de unicidad «ad_sysconfig_org_name»
  Detail: Ya existe la llave (ad_client_id, ad_org_id, name)=(0, 0, ZK_BROWSER_TITLE). [33]
11:53:36.600-----------> MSysConfig.doInsert: [POSaveAD_SysConfig_c6fe19c4-8b9a-4c3f-924b-c7bf74974dd4]Not inserted - AD_SysConfig [33]
11:53:36.778===========> MSysConfig.saveError: SaveErrorNotUnique - ERROR: llave duplicada viola restricción de unicidad «ad_sysconfig_org_name»
  Detail: Ya existe la llave (ad_client_id, ad_org_id, name)=(0, 0, ZK_BROWSER_TITLE). [33]
11:53:36.780-----------> GridTable.saveWarning: SaveErrorNotUnique - ERROR: llave duplicada viola restricción de unicidad «ad_sysconfig_org_name»
  Detail: Ya existe la llave (ad_client_id, ad_org_id, name)=(0, 0, ZK_BROWSER_TITLE). [33]
11:54:05.291-----------> Msg.getMsg: NOT found: ni.idempiere.toolbar.action.toolbarbtn.label [33]
11:54:05.291-----------> Msg.getMsg: NOT found: ni.idempiere.toolbar.action.toolbarbtn.tooltip [33]
11:54:15.810-----------> Prop.loadProperties: E:\mercurialidempiere\home.properties not found [123]
11:54:15.810-----------> Prop.loadProperties: !!WARNING:Please locate yout custom home.properties on iDEMPIERE_HOME. [123]
11:54:17.028-----------> Prop.loadProperties: E:\mercurialidempiere\home.properties not found [38]
11:54:17.029-----------> Prop.loadProperties: !!WARNING:Please locate yout custom home.properties on iDEMPIERE_HOME. [38]
