*** 2016-06-03 11:30:23.756 idempiere Log (CLogFile) ***
11:30:23.756 Adempiere.startup: iDempiere(r) Release 3.1_2015-10-31 -Smart Suite ERP, CRM and SCM- (c) 1999-2013 iDempiere(r); Implementation: iDempiere - Supported by iDempiere community [17]
11:30:23.756 Ini.loadProperties: E:\mercurialidempiere/idempiere-test.properties #33 [17]
11:30:24.131 DB.isBuildOK: Build DB=${env.ADEMPIERE_VERSION} 20080428-1232 [17]
11:30:24.131 DB.isBuildOK: Build Cl=3.1.0.qualifier [17]
11:30:24.147-----------> DB.isBuildOK: Build Version Error 

The program assumes build version 3.1.0.qualifier, but database has build version ${env.ADEMPIERE_VERSION} 20080428-1232. 
This is likely to cause hard to fix errors. 
Please contact administrator. [17]
11:30:24.240 Language.getLanguage: Adding Language=en, Country=US, Locale=en_US [17]
11:30:24.256 Language.getLanguage: Adding Language=en, Country=US, Locale=en_US [17]
11:30:24.318 WebEnv.initWeb: Servlet Context Init Parameters: iDempiere Root
ServerRoot=1 [17]
11:30:24.334-----------> EMail.setFrom: you @ company.org: javax.mail.internet.AddressException: Local address contains control or whitespace in string ``you @ company.org'' [17]
11:30:24.334-----------> EMail.addTo: you @ company.org: javax.mail.internet.AddressException: Local address contains control or whitespace in string ``you @ company.org'' [17]
11:30:24.334-----------> EMail.isValid: From is invalid=null [17]
11:30:24.334-----------> EMail.isValid: From is invalid=null [17]
11:30:24.334-----------> MClient.sendEMail: Could NOT Send Email: Server started: iDempiere (odbz:10.0.5.43) to you @ company.org: Invalid Data (System) [17]
11:30:24.334 WebEnv.initWeb: Servlet Init Parameter: idempiereMonitor [17]
11:30:24.334 AdempiereMonitor.init:  [17]
11:30:25.740-----------> AnnotationConfiguration.configure: ServletContainerInitializers: detected. Class hierarchy: empty [17]
11:30:25.971-----------> ClassLocator.getDependentXMLResources: Replicate resource: ckez
Overwrite bundleresource://179.fwk782690658:2/metainfo/zk/config.xml
with bundleresource://179.fwk782690658:19/metainfo/zk/config.xml [17]
11:30:25.971-----------> ClassLocator.getDependentXMLResources: Replicate resource: zk
Overwrite bundleresource://179.fwk782690658:11/metainfo/zk/config.xml
with bundleresource://179.fwk782690658:28/metainfo/zk/config.xml [17]
11:30:25.987-----------> ClassLocator.getDependentXMLResources: Replicate resource: zkbind
Overwrite bundleresource://179.fwk782690658:12/metainfo/zk/config.xml
with bundleresource://179.fwk782690658:29/metainfo/zk/config.xml [17]
11:30:26.002-----------> ClassLocator.getDependentXMLResources: Replicate resource: zul
Overwrite bundleresource://179.fwk782690658:14/metainfo/zk/zk.xml
with bundleresource://179.fwk782690658:31/metainfo/zk/zk.xml [17]
11:30:26.330-----------> LanguageDefinition.<init>: Replicated language: xhtml, overriden by [LanguageDefinition: xhtml] [17]
11:30:26.346-----------> LanguageDefinition.<init>: Replicated language: xul/html, overriden by [LanguageDefinition: xul/html] [17]
11:30:26.393-----------> ClassLocator.getDependentXMLResources: Replicate resource: calendar
Overwrite bundleresource://179.fwk782690658:1/metainfo/zk/lang-addon.xml
with bundleresource://179.fwk782690658:18/metainfo/zk/lang-addon.xml [17]
11:30:26.393-----------> ClassLocator.getDependentXMLResources: Replicate resource: ckez
Overwrite bundleresource://179.fwk782690658:2/metainfo/zk/lang-addon.xml
with bundleresource://179.fwk782690658:19/metainfo/zk/lang-addon.xml [17]
11:30:26.393-----------> ClassLocator.getDependentXMLResources: Replicate resource: gmapsz
Overwrite bundleresource://179.fwk782690658:5/metainfo/zk/lang-addon.xml
with bundleresource://179.fwk782690658:22/metainfo/zk/lang-addon.xml [17]
11:30:26.409-----------> ClassLocator.getDependentXMLResources: Replicate resource: timeline
Overwrite bundleresource://179.fwk782690658:6/metainfo/zk/lang-addon.xml
with bundleresource://179.fwk782690658:23/metainfo/zk/lang-addon.xml [17]
11:30:26.409-----------> ClassLocator.getDependentXMLResources: Replicate resource: timeplot
Overwrite bundleresource://179.fwk782690658:7/metainfo/zk/lang-addon.xml
with bundleresource://179.fwk782690658:24/metainfo/zk/lang-addon.xml [17]
11:30:26.424-----------> ClassLocator.getDependentXMLResources: Replicate resource: zkbind
Overwrite bundleresource://179.fwk782690658:12/metainfo/zk/lang-addon.xml
with bundleresource://179.fwk782690658:29/metainfo/zk/lang-addon.xml [17]
11:30:26.440-----------> ClassLocator.getDependentXMLResources: Replicate resource: zkplus
Overwrite bundleresource://179.fwk782690658:13/metainfo/zk/lang-addon.xml
with bundleresource://179.fwk782690658:30/metainfo/zk/lang-addon.xml [17]
11:30:26.534           WebUIServlet.init: iDempiere Web Client started successfully [17]
11:30:27.455-----------> AnnotationConfiguration.configure: ServletContainerInitializers: detected. Class hierarchy: empty [17]

*** 2016-06-03 11:30:27.671 idempiere Log (CLogFile) ***
11:30:29.218-----------> Node: [10.0.5.43]:5701 [adempiere.idempiere/localhost] [3.5.3] No join method is enabled! Starting standalone. [42]
11:31:06.314===========> MRole.addAccessSQL: TableName not correctly parsed - TableNameIn=C_Invoice - AccessSqlParser[C_Invoice=WHERE|0] - #1 C_Invoice=WHERE
 = SELECT C_Invoice_ID, DocumentNo, DateInvoiced, GrandTotal, PartialPayment, Balance, PaidBill FROM C_Invoice WHERE  [28]
11:33:53.738===========> MRole.addAccessSQL: TableName not correctly parsed - TableNameIn=C_Invoice - AccessSqlParser[C_Invoice=WHERE|0] - #1 C_Invoice=WHERE
 = SELECT C_Invoice_ID, DocumentNo, DateInvoiced, GrandTotal, PartialPayment, Balance, PaidBill FROM C_Invoice WHERE  [34]
