*** 2016-07-06 15:48:36.35 idempiere Log (CLogFile) ***
15:48:36.350 Adempiere.startup: iDempiere(r) Release 3.1_2015-10-31 -Smart Suite ERP, CRM and SCM- (c) 1999-2013 iDempiere(r); Implementation: iDempiere - Supported by iDempiere community [17]
15:48:36.381 Ini.loadProperties: E:\mercurialidempiere/idempiere.properties #32 [17]
15:48:39.061 DB.isBuildOK: Build DB=${env.ADEMPIERE_VERSION} 20080428-1232 [17]
15:48:39.061 DB.isBuildOK: Build Cl=3.1.0.qualifier [17]
15:48:39.149-----------> DB.isBuildOK: Build Version Error 

The program assumes build version 3.1.0.qualifier, but database has build version ${env.ADEMPIERE_VERSION} 20080428-1232. 
This is likely to cause hard to fix errors. 
Please contact administrator. [17]
15:48:39.664 WebEnv.initWeb: Servlet Context Init Parameters: iDempiere Root
ServerRoot=1 [17]
15:48:39.875-----------> EMail.setFrom: you @ company.org: javax.mail.internet.AddressException: Local address contains control or whitespace in string ``you @ company.org'' [17]
15:48:39.890-----------> EMail.addTo: you @ company.org: javax.mail.internet.AddressException: Local address contains control or whitespace in string ``you @ company.org'' [17]
15:48:39.890-----------> EMail.isValid: From is invalid=null [17]
15:48:39.890-----------> EMail.isValid: From is invalid=null [17]
15:48:39.890-----------> MClient.sendEMail: Could NOT Send Email: Server started: iDempiere (odbz:172.16.76.136) to you @ company.org: Invalid Data (System) [17]
15:48:39.890 WebEnv.initWeb: Servlet Init Parameter: idempiereMonitor [17]
15:48:39.890 AdempiereMonitor.init:  [17]
15:48:53.076-----------> AnnotationConfiguration.configure: ServletContainerInitializers: detected. Class hierarchy: empty [17]
15:48:53.731-----------> ClassLocator.getDependentXMLResources: Replicate resource: ckez
Overwrite bundleresource://180.fwk491298318:2/metainfo/zk/config.xml
with bundleresource://180.fwk491298318:19/metainfo/zk/config.xml [17]
15:48:53.731-----------> ClassLocator.getDependentXMLResources: Replicate resource: zk
Overwrite bundleresource://180.fwk491298318:11/metainfo/zk/config.xml
with bundleresource://180.fwk491298318:28/metainfo/zk/config.xml [17]
15:48:53.731-----------> ClassLocator.getDependentXMLResources: Replicate resource: zkbind
Overwrite bundleresource://180.fwk491298318:12/metainfo/zk/config.xml
with bundleresource://180.fwk491298318:29/metainfo/zk/config.xml [17]
15:48:53.778-----------> ClassLocator.getDependentXMLResources: Replicate resource: zul
Overwrite bundleresource://180.fwk491298318:14/metainfo/zk/zk.xml
with bundleresource://180.fwk491298318:31/metainfo/zk/zk.xml [17]
15:48:54.499-----------> LanguageDefinition.<init>: Replicated language: xhtml, overriden by [LanguageDefinition: xhtml] [17]
15:48:54.522-----------> LanguageDefinition.<init>: Replicated language: xul/html, overriden by [LanguageDefinition: xul/html] [17]
15:48:54.600-----------> ClassLocator.getDependentXMLResources: Replicate resource: calendar
Overwrite bundleresource://180.fwk491298318:1/metainfo/zk/lang-addon.xml
with bundleresource://180.fwk491298318:18/metainfo/zk/lang-addon.xml [17]
15:48:54.600-----------> ClassLocator.getDependentXMLResources: Replicate resource: ckez
Overwrite bundleresource://180.fwk491298318:2/metainfo/zk/lang-addon.xml
with bundleresource://180.fwk491298318:19/metainfo/zk/lang-addon.xml [17]
15:48:54.616-----------> ClassLocator.getDependentXMLResources: Replicate resource: gmapsz
Overwrite bundleresource://180.fwk491298318:5/metainfo/zk/lang-addon.xml
with bundleresource://180.fwk491298318:22/metainfo/zk/lang-addon.xml [17]
15:48:54.616-----------> ClassLocator.getDependentXMLResources: Replicate resource: timeline
Overwrite bundleresource://180.fwk491298318:6/metainfo/zk/lang-addon.xml
with bundleresource://180.fwk491298318:23/metainfo/zk/lang-addon.xml [17]
15:48:54.616-----------> ClassLocator.getDependentXMLResources: Replicate resource: timeplot
Overwrite bundleresource://180.fwk491298318:7/metainfo/zk/lang-addon.xml
with bundleresource://180.fwk491298318:24/metainfo/zk/lang-addon.xml [17]
15:48:54.632-----------> ClassLocator.getDependentXMLResources: Replicate resource: zkbind
Overwrite bundleresource://180.fwk491298318:12/metainfo/zk/lang-addon.xml
with bundleresource://180.fwk491298318:29/metainfo/zk/lang-addon.xml [17]
15:48:54.647-----------> ClassLocator.getDependentXMLResources: Replicate resource: zkplus
Overwrite bundleresource://180.fwk491298318:13/metainfo/zk/lang-addon.xml
with bundleresource://180.fwk491298318:30/metainfo/zk/lang-addon.xml [17]
15:48:54.866           WebUIServlet.init: iDempiere Web Client started successfully [17]
15:48:55.989-----------> AnnotationConfiguration.configure: ServletContainerInitializers: detected. Class hierarchy: empty [17]

*** 2016-07-06 15:48:56.875 idempiere Log (CLogFile) ***
15:49:01.884-----------> Node: [172.16.76.136]:5701 [adempiere.idempiere/localhost] [3.5.3] No join method is enabled! Starting standalone. [42]
15:50:29.275-----------> Prop.loadProperties: E:\mercurialidempiere\home.properties not found [32]
15:50:29.279-----------> Prop.loadProperties: !!WARNING:Please locate yout custom home.properties on iDEMPIERE_HOME. [32]
