*** 2016-05-27 11:19:25.536 idempiere Log (CLogFile) ***
11:19:25.536 Adempiere.startup: iDempiere(r) Release 3.1_2015-10-31 -Smart Suite ERP, CRM and SCM- (c) 1999-2013 iDempiere(r); Implementation: iDempiere - Supported by iDempiere community [17]
11:19:25.536 Ini.loadProperties: E:\mercurialidempiere/idempiere-test.properties #33 [17]
11:19:26.226 DB.isBuildOK: Build DB=${env.ADEMPIERE_VERSION} 20080428-1232 [17]
11:19:26.226 DB.isBuildOK: Build Cl=3.1.0.qualifier [17]
11:19:26.242-----------> DB.isBuildOK: Build Version Error 

The program assumes build version 3.1.0.qualifier, but database has build version ${env.ADEMPIERE_VERSION} 20080428-1232. 
This is likely to cause hard to fix errors. 
Please contact administrator. [17]
11:19:26.398 Language.getLanguage: Adding Language=en, Country=US, Locale=en_US [17]
11:19:26.408 Language.getLanguage: Adding Language=en, Country=US, Locale=en_US [17]
11:19:26.690 WebEnv.initWeb: Servlet Context Init Parameters: iDempiere Root
ServerRoot=1 [17]
11:19:26.752-----------> EMail.setFrom: you @ company.org: javax.mail.internet.AddressException: Local address contains control or whitespace in string ``you @ company.org'' [17]
11:19:26.752-----------> EMail.addTo: you @ company.org: javax.mail.internet.AddressException: Local address contains control or whitespace in string ``you @ company.org'' [17]
11:19:26.752-----------> EMail.isValid: From is invalid=null [17]
11:19:26.752-----------> EMail.isValid: From is invalid=null [17]
11:19:26.752-----------> MClient.sendEMail: Could NOT Send Email: Server started: iDempiere (odbz:10.0.5.43) to you @ company.org: Invalid Data (System) [17]
11:19:26.752 WebEnv.initWeb: Servlet Init Parameter: idempiereMonitor [17]
11:19:26.752 AdempiereMonitor.init:  [17]
11:19:31.246-----------> Prop.loadProperties: E:\mercurialidempiere\home.properties not found [35]
11:19:31.246-----------> Prop.loadProperties: !!WARNING:Please locate yout custom home.properties on iDEMPIERE_HOME. [35]
11:19:32.278-----------> AnnotationConfiguration.configure: ServletContainerInitializers: detected. Class hierarchy: empty [17]
11:19:32.564-----------> ClassLocator.getDependentXMLResources: Replicate resource: ckez
Overwrite bundleresource://179.fwk1399961333:2/metainfo/zk/config.xml
with bundleresource://179.fwk1399961333:19/metainfo/zk/config.xml [17]
11:19:32.564-----------> ClassLocator.getDependentXMLResources: Replicate resource: zk
Overwrite bundleresource://179.fwk1399961333:11/metainfo/zk/config.xml
with bundleresource://179.fwk1399961333:28/metainfo/zk/config.xml [17]
11:19:32.564-----------> ClassLocator.getDependentXMLResources: Replicate resource: zkbind
Overwrite bundleresource://179.fwk1399961333:12/metainfo/zk/config.xml
with bundleresource://179.fwk1399961333:29/metainfo/zk/config.xml [17]
11:19:32.595-----------> ClassLocator.getDependentXMLResources: Replicate resource: zul
Overwrite bundleresource://179.fwk1399961333:14/metainfo/zk/zk.xml
with bundleresource://179.fwk1399961333:31/metainfo/zk/zk.xml [17]
11:19:32.982-----------> LanguageDefinition.<init>: Replicated language: xhtml, overriden by [LanguageDefinition: xhtml] [17]
11:19:33.012-----------> LanguageDefinition.<init>: Replicated language: xul/html, overriden by [LanguageDefinition: xul/html] [17]
11:19:33.069-----------> ClassLocator.getDependentXMLResources: Replicate resource: calendar
Overwrite bundleresource://179.fwk1399961333:1/metainfo/zk/lang-addon.xml
with bundleresource://179.fwk1399961333:18/metainfo/zk/lang-addon.xml [17]
11:19:33.069-----------> ClassLocator.getDependentXMLResources: Replicate resource: ckez
Overwrite bundleresource://179.fwk1399961333:2/metainfo/zk/lang-addon.xml
with bundleresource://179.fwk1399961333:19/metainfo/zk/lang-addon.xml [17]
11:19:33.069-----------> ClassLocator.getDependentXMLResources: Replicate resource: gmapsz
Overwrite bundleresource://179.fwk1399961333:5/metainfo/zk/lang-addon.xml
with bundleresource://179.fwk1399961333:22/metainfo/zk/lang-addon.xml [17]
11:19:33.085-----------> ClassLocator.getDependentXMLResources: Replicate resource: timeline
Overwrite bundleresource://179.fwk1399961333:6/metainfo/zk/lang-addon.xml
with bundleresource://179.fwk1399961333:23/metainfo/zk/lang-addon.xml [17]
11:19:33.085-----------> ClassLocator.getDependentXMLResources: Replicate resource: timeplot
Overwrite bundleresource://179.fwk1399961333:7/metainfo/zk/lang-addon.xml
with bundleresource://179.fwk1399961333:24/metainfo/zk/lang-addon.xml [17]
11:19:33.101-----------> ClassLocator.getDependentXMLResources: Replicate resource: zkbind
Overwrite bundleresource://179.fwk1399961333:12/metainfo/zk/lang-addon.xml
with bundleresource://179.fwk1399961333:29/metainfo/zk/lang-addon.xml [17]
11:19:33.101-----------> ClassLocator.getDependentXMLResources: Replicate resource: zkplus
Overwrite bundleresource://179.fwk1399961333:13/metainfo/zk/lang-addon.xml
with bundleresource://179.fwk1399961333:30/metainfo/zk/lang-addon.xml [17]
11:19:33.234           WebUIServlet.init: iDempiere Web Client started successfully [17]
11:19:34.242-----------> AnnotationConfiguration.configure: ServletContainerInitializers: detected. Class hierarchy: empty [17]

*** 2016-05-27 11:19:34.712 idempiere Log (CLogFile) ***
11:19:38.680-----------> Node: [10.0.5.43]:5701 [adempiere.idempiere/localhost] [3.5.3] No join method is enabled! Starting standalone. [50]
11:19:58.121===========> GridTab.processCallout:  [78]
javax.script.ScriptException: Sourced file: inline evaluation of: ``import org.compiere.util.DB; import java.math.BigDecimal; import org.compiere.ut . . . '' : Method Invocation pstmt.executeQuery : at Line: 15 : in file: inline evaluation of: ``import org.compiere.util.DB; import java.math.BigDecimal; import org.compiere.ut . . . '' : pstmt .executeQuery ( ) 

Target exception: org.postgresql.util.PSQLException: ERROR: no existe la columna «void»
  Position: 126
 in inline evaluation of: ``import org.compiere.util.DB; import java.math.BigDecimal; import org.compiere.ut . . . '' at line number 15
	at bsh.engine.BshScriptEngine.evalSource(BshScriptEngine.java:86)
	at bsh.engine.BshScriptEngine.eval(BshScriptEngine.java:46)
	at javax.script.AbstractScriptEngine.eval(Unknown Source)
	at org.compiere.model.GridTab.processCallout(GridTab.java:2887)
	at org.compiere.model.GridTab.dataNew(GridTab.java:1193)
	at org.adempiere.webui.adwindow.AbstractADWindowContent$20.onCallback(AbstractADWindowContent.java:1833)
	at org.adempiere.webui.adwindow.AbstractADWindowContent$20.onCallback(AbstractADWindowContent.java:1)
	at org.adempiere.webui.adwindow.AbstractADWindowContent.saveAndNavigate(AbstractADWindowContent.java:1191)
	at org.adempiere.webui.adwindow.AbstractADWindowContent.onNewCallback(AbstractADWindowContent.java:1828)
	at org.adempiere.webui.adwindow.AbstractADWindowContent.access$11(AbstractADWindowContent.java:1818)
	at org.adempiere.webui.adwindow.AbstractADWindowContent$19.onCallback(AbstractADWindowContent.java:1809)
	at org.adempiere.webui.adwindow.AbstractADWindowContent$19.onCallback(AbstractADWindowContent.java:1)
	at org.adempiere.webui.adwindow.validator.WindowValidatorManager$ChainCallback.start(WindowValidatorManager.java:124)
	at org.adempiere.webui.adwindow.validator.WindowValidatorManager.fireWindowValidatorEvent(WindowValidatorManager.java:103)
	at org.adempiere.webui.adwindow.AbstractADWindowContent.onNew(AbstractADWindowContent.java:1815)
	at org.adempiere.webui.adwindow.AbstractADWindowContent.setActiveTab0(AbstractADWindowContent.java:1274)
	at org.adempiere.webui.adwindow.AbstractADWindowContent.access$10(AbstractADWindowContent.java:1198)
	at org.adempiere.webui.adwindow.AbstractADWindowContent$16.onCallback(AbstractADWindowContent.java:1149)
	at org.adempiere.webui.adwindow.AbstractADWindowContent$16.onCallback(AbstractADWindowContent.java:1)
	at org.adempiere.webui.adwindow.AbstractADWindowContent.saveAndNavigate(AbstractADWindowContent.java:1191)
	at org.adempiere.webui.adwindow.AbstractADWindowContent.setActiveTab(AbstractADWindowContent.java:1162)
caused by: org.postgresql.util.PSQLException: ERROR: no existe la columna «void»
  Position: 126; State=42703; ErrorCode=0
	at org.postgresql.core.v3.QueryExecutorImpl.receiveErrorResponse(QueryExecutorImpl.java:2182)
	at org.postgresql.core.v3.QueryExecutorImpl.processResults(QueryExecutorImpl.java:1911)
	at org.postgresql.core.v3.QueryExecutorImpl.execute(QueryExecutorImpl.java:173)
	at org.postgresql.jdbc2.AbstractJdbc2Statement.execute(AbstractJdbc2Statement.java:645)
	at org.postgresql.jdbc2.AbstractJdbc2Statement.executeWithFlags(AbstractJdbc2Statement.java:495)
	at org.postgresql.jdbc2.AbstractJdbc2Statement.executeQuery(AbstractJdbc2Statement.java:380)
	at com.mchange.v2.c3p0.impl.NewProxyPreparedStatement.executeQuery(NewProxyPreparedStatement.java:1418)
	at sun.reflect.GeneratedMethodAccessor21.invoke(Unknown Source)
	at sun.reflect.DelegatingMethodAccessorImpl.invoke(Unknown Source)
	at java.lang.reflect.Method.invoke(Unknown Source)
	at org.compiere.db.StatementProxy.invoke(StatementProxy.java:128)
	at com.sun.proxy.$Proxy3.executeQuery(Unknown Source)
	at sun.reflect.NativeMethodAccessorImpl.invoke0(Native Method)
	at sun.reflect.NativeMethodAccessorImpl.invoke(Unknown Source)
	at sun.reflect.DelegatingMethodAccessorImpl.invoke(Unknown Source)
	at java.lang.reflect.Method.invoke(Unknown Source)
	at bsh.Reflect.invokeMethod(Reflect.java:131)
	at bsh.Reflect.invokeObjectMethod(Reflect.java:77)
	at bsh.Name.invokeMethod(Name.java:852)
	at bsh.BSHMethodInvocation.eval(BSHMethodInvocation.java:69)
	at bsh.BSHPrimaryExpression.eval(BSHPrimaryExpression.java:96)

11:21:46.901-----------> Msg.getMsg: NOT found: SELECT invoiceOpen(C_Invoice_ID,0),invoiceDiscount(C_Invoice_ID,'2016-05-26 00:00:00.0',0) FROM C_Invoice WHERE C_Invoice_ID=1000033 [78]
11:21:46.939-----------> Msg.getMsg: NOT found: InvoiceOpen=6900.00Amount=6900.00,Discount=0.00,OverUnderAmt=-120.00 [78]
11:22:11.782===========> GridTab.processCallout:  [33]
javax.script.ScriptException: Sourced file: inline evaluation of: ``import org.compiere.util.DB; import java.math.BigDecimal; import org.compiere.ut . . . '' : Method Invocation pstmt.executeQuery : at Line: 15 : in file: inline evaluation of: ``import org.compiere.util.DB; import java.math.BigDecimal; import org.compiere.ut . . . '' : pstmt .executeQuery ( ) 

Target exception: org.postgresql.util.PSQLException: ERROR: no existe la columna «void»
  Position: 126
 in inline evaluation of: ``import org.compiere.util.DB; import java.math.BigDecimal; import org.compiere.ut . . . '' at line number 15
	at bsh.engine.BshScriptEngine.evalSource(BshScriptEngine.java:86)
	at bsh.engine.BshScriptEngine.eval(BshScriptEngine.java:46)
	at javax.script.AbstractScriptEngine.eval(Unknown Source)
	at org.compiere.model.GridTab.processCallout(GridTab.java:2887)
	at org.compiere.model.GridTab.dataNew(GridTab.java:1193)
	at org.adempiere.webui.adwindow.AbstractADWindowContent$20.onCallback(AbstractADWindowContent.java:1833)
	at org.adempiere.webui.adwindow.AbstractADWindowContent$20.onCallback(AbstractADWindowContent.java:1)
	at org.adempiere.webui.adwindow.AbstractADWindowContent.saveAndNavigate(AbstractADWindowContent.java:1191)
	at org.adempiere.webui.adwindow.AbstractADWindowContent.onNewCallback(AbstractADWindowContent.java:1828)
	at org.adempiere.webui.adwindow.AbstractADWindowContent.access$11(AbstractADWindowContent.java:1818)
	at org.adempiere.webui.adwindow.AbstractADWindowContent$19.onCallback(AbstractADWindowContent.java:1809)
	at org.adempiere.webui.adwindow.AbstractADWindowContent$19.onCallback(AbstractADWindowContent.java:1)
	at org.adempiere.webui.adwindow.validator.WindowValidatorManager$ChainCallback.start(WindowValidatorManager.java:124)
	at org.adempiere.webui.adwindow.validator.WindowValidatorManager.fireWindowValidatorEvent(WindowValidatorManager.java:103)
	at org.adempiere.webui.adwindow.AbstractADWindowContent.onNew(AbstractADWindowContent.java:1815)
	at sun.reflect.NativeMethodAccessorImpl.invoke0(Native Method)
	at sun.reflect.NativeMethodAccessorImpl.invoke(Unknown Source)
	at sun.reflect.DelegatingMethodAccessorImpl.invoke(Unknown Source)
	at java.lang.reflect.Method.invoke(Unknown Source)
	at org.adempiere.webui.adwindow.ADWindowToolbar.doOnClick(ADWindowToolbar.java:413)
	at org.adempiere.webui.adwindow.ADWindowToolbar.onEvent(ADWindowToolbar.java:377)
caused by: org.postgresql.util.PSQLException: ERROR: no existe la columna «void»
  Position: 126; State=42703; ErrorCode=0
	at org.postgresql.core.v3.QueryExecutorImpl.receiveErrorResponse(QueryExecutorImpl.java:2182)
	at org.postgresql.core.v3.QueryExecutorImpl.processResults(QueryExecutorImpl.java:1911)
	at org.postgresql.core.v3.QueryExecutorImpl.execute(QueryExecutorImpl.java:173)
	at org.postgresql.jdbc2.AbstractJdbc2Statement.execute(AbstractJdbc2Statement.java:645)
	at org.postgresql.jdbc2.AbstractJdbc2Statement.executeWithFlags(AbstractJdbc2Statement.java:495)
	at org.postgresql.jdbc2.AbstractJdbc2Statement.executeQuery(AbstractJdbc2Statement.java:380)
	at com.mchange.v2.c3p0.impl.NewProxyPreparedStatement.executeQuery(NewProxyPreparedStatement.java:1418)
	at sun.reflect.GeneratedMethodAccessor21.invoke(Unknown Source)
	at sun.reflect.DelegatingMethodAccessorImpl.invoke(Unknown Source)
	at java.lang.reflect.Method.invoke(Unknown Source)
	at org.compiere.db.StatementProxy.invoke(StatementProxy.java:128)
	at com.sun.proxy.$Proxy3.executeQuery(Unknown Source)
	at sun.reflect.NativeMethodAccessorImpl.invoke0(Native Method)
	at sun.reflect.NativeMethodAccessorImpl.invoke(Unknown Source)
	at sun.reflect.DelegatingMethodAccessorImpl.invoke(Unknown Source)
	at java.lang.reflect.Method.invoke(Unknown Source)
	at bsh.Reflect.invokeMethod(Reflect.java:131)
	at bsh.Reflect.invokeObjectMethod(Reflect.java:77)
	at bsh.Name.invokeMethod(Name.java:852)
	at bsh.BSHMethodInvocation.eval(BSHMethodInvocation.java:69)
	at bsh.BSHPrimaryExpression.eval(BSHPrimaryExpression.java:96)

11:23:07.017-----------> Msg.getMsg: NOT found: SELECT invoiceOpen(C_Invoice_ID,0),invoiceDiscount(C_Invoice_ID,'2016-05-26 00:00:00.0',0) FROM C_Invoice WHERE C_Invoice_ID=1000033 [34]
11:23:07.037-----------> Msg.getMsg: NOT found: InvoiceOpen=6900.00Amount=6900.00,Discount=0.00,OverUnderAmt=-120.00 [34]
11:23:17.486===========> GridTab.processCallout:  [37]
javax.script.ScriptException: Sourced file: inline evaluation of: ``import org.compiere.util.DB; import java.math.BigDecimal; import org.compiere.ut . . . '' : Method Invocation pstmt.executeQuery : at Line: 15 : in file: inline evaluation of: ``import org.compiere.util.DB; import java.math.BigDecimal; import org.compiere.ut . . . '' : pstmt .executeQuery ( ) 

Target exception: org.postgresql.util.PSQLException: ERROR: no existe la columna «void»
  Position: 126
 in inline evaluation of: ``import org.compiere.util.DB; import java.math.BigDecimal; import org.compiere.ut . . . '' at line number 15
	at bsh.engine.BshScriptEngine.evalSource(BshScriptEngine.java:86)
	at bsh.engine.BshScriptEngine.eval(BshScriptEngine.java:46)
	at javax.script.AbstractScriptEngine.eval(Unknown Source)
	at org.compiere.model.GridTab.processCallout(GridTab.java:2887)
	at org.compiere.model.GridTab.dataNew(GridTab.java:1193)
	at org.adempiere.webui.adwindow.AbstractADWindowContent$20.onCallback(AbstractADWindowContent.java:1833)
	at org.adempiere.webui.adwindow.AbstractADWindowContent$20.onCallback(AbstractADWindowContent.java:1)
	at org.adempiere.webui.adwindow.AbstractADWindowContent.saveAndNavigate(AbstractADWindowContent.java:1191)
	at org.adempiere.webui.adwindow.AbstractADWindowContent.onNewCallback(AbstractADWindowContent.java:1828)
	at org.adempiere.webui.adwindow.AbstractADWindowContent.access$11(AbstractADWindowContent.java:1818)
	at org.adempiere.webui.adwindow.AbstractADWindowContent$19.onCallback(AbstractADWindowContent.java:1809)
	at org.adempiere.webui.adwindow.AbstractADWindowContent$19.onCallback(AbstractADWindowContent.java:1)
	at org.adempiere.webui.adwindow.validator.WindowValidatorManager$ChainCallback.start(WindowValidatorManager.java:124)
	at org.adempiere.webui.adwindow.validator.WindowValidatorManager.fireWindowValidatorEvent(WindowValidatorManager.java:103)
	at org.adempiere.webui.adwindow.AbstractADWindowContent.onNew(AbstractADWindowContent.java:1815)
	at sun.reflect.NativeMethodAccessorImpl.invoke0(Native Method)
	at sun.reflect.NativeMethodAccessorImpl.invoke(Unknown Source)
	at sun.reflect.DelegatingMethodAccessorImpl.invoke(Unknown Source)
	at java.lang.reflect.Method.invoke(Unknown Source)
	at org.adempiere.webui.adwindow.ADWindowToolbar.doOnClick(ADWindowToolbar.java:413)
	at org.adempiere.webui.adwindow.ADWindowToolbar.onEvent(ADWindowToolbar.java:377)
caused by: org.postgresql.util.PSQLException: ERROR: no existe la columna «void»
  Position: 126; State=42703; ErrorCode=0
	at org.postgresql.core.v3.QueryExecutorImpl.receiveErrorResponse(QueryExecutorImpl.java:2182)
	at org.postgresql.core.v3.QueryExecutorImpl.processResults(QueryExecutorImpl.java:1911)
	at org.postgresql.core.v3.QueryExecutorImpl.execute(QueryExecutorImpl.java:173)
	at org.postgresql.jdbc2.AbstractJdbc2Statement.execute(AbstractJdbc2Statement.java:645)
	at org.postgresql.jdbc2.AbstractJdbc2Statement.executeWithFlags(AbstractJdbc2Statement.java:495)
	at org.postgresql.jdbc2.AbstractJdbc2Statement.executeQuery(AbstractJdbc2Statement.java:380)
	at com.mchange.v2.c3p0.impl.NewProxyPreparedStatement.executeQuery(NewProxyPreparedStatement.java:1418)
	at sun.reflect.GeneratedMethodAccessor21.invoke(Unknown Source)
	at sun.reflect.DelegatingMethodAccessorImpl.invoke(Unknown Source)
	at java.lang.reflect.Method.invoke(Unknown Source)
	at org.compiere.db.StatementProxy.invoke(StatementProxy.java:128)
	at com.sun.proxy.$Proxy3.executeQuery(Unknown Source)
	at sun.reflect.NativeMethodAccessorImpl.invoke0(Native Method)
	at sun.reflect.NativeMethodAccessorImpl.invoke(Unknown Source)
	at sun.reflect.DelegatingMethodAccessorImpl.invoke(Unknown Source)
	at java.lang.reflect.Method.invoke(Unknown Source)
	at bsh.Reflect.invokeMethod(Reflect.java:131)
	at bsh.Reflect.invokeObjectMethod(Reflect.java:77)
	at bsh.Name.invokeMethod(Name.java:852)
	at bsh.BSHMethodInvocation.eval(BSHMethodInvocation.java:69)
	at bsh.BSHPrimaryExpression.eval(BSHPrimaryExpression.java:96)

11:23:49.787-----------> Msg.getMsg: NOT found: SELECT invoiceOpen(C_Invoice_ID,0),invoiceDiscount(C_Invoice_ID,'2016-05-26 00:00:00.0',0) FROM C_Invoice WHERE C_Invoice_ID=1000033 [77]
11:23:49.803-----------> Msg.getMsg: NOT found: InvoiceOpen=6900.00Amount=6900.00,Discount=0.00,OverUnderAmt=-120.00 [77]
11:25:04.563===========> MPaymentAllocate.saveError: FillMandatory - Organization [77]
11:25:04.565-----------> GridTable.saveWarning: FillMandatory - Organization [77]
11:28:02.395===========> GridTab.processCallout:  [78]
javax.script.ScriptException: Sourced file: inline evaluation of: ``import org.compiere.util.DB; import java.math.BigDecimal; import org.compiere.ut . . . '' : Method Invocation pstmt.executeQuery : at Line: 15 : in file: inline evaluation of: ``import org.compiere.util.DB; import java.math.BigDecimal; import org.compiere.ut . . . '' : pstmt .executeQuery ( ) 

Target exception: org.postgresql.util.PSQLException: ERROR: no existe la columna «void»
  Position: 126
 in inline evaluation of: ``import org.compiere.util.DB; import java.math.BigDecimal; import org.compiere.ut . . . '' at line number 15
	at bsh.engine.BshScriptEngine.evalSource(BshScriptEngine.java:86)
	at bsh.engine.BshScriptEngine.eval(BshScriptEngine.java:46)
	at javax.script.AbstractScriptEngine.eval(Unknown Source)
	at org.compiere.model.GridTab.processCallout(GridTab.java:2887)
	at org.compiere.model.GridTab.dataNew(GridTab.java:1193)
	at org.adempiere.webui.adwindow.AbstractADWindowContent$20.onCallback(AbstractADWindowContent.java:1833)
	at org.adempiere.webui.adwindow.AbstractADWindowContent$20.onCallback(AbstractADWindowContent.java:1)
	at org.adempiere.webui.adwindow.AbstractADWindowContent.saveAndNavigate(AbstractADWindowContent.java:1191)
	at org.adempiere.webui.adwindow.AbstractADWindowContent.onNewCallback(AbstractADWindowContent.java:1828)
	at org.adempiere.webui.adwindow.AbstractADWindowContent.access$11(AbstractADWindowContent.java:1818)
	at org.adempiere.webui.adwindow.AbstractADWindowContent$19.onCallback(AbstractADWindowContent.java:1809)
	at org.adempiere.webui.adwindow.AbstractADWindowContent$19.onCallback(AbstractADWindowContent.java:1)
	at org.adempiere.webui.adwindow.validator.WindowValidatorManager$ChainCallback.start(WindowValidatorManager.java:124)
	at org.adempiere.webui.adwindow.validator.WindowValidatorManager.fireWindowValidatorEvent(WindowValidatorManager.java:103)
	at org.adempiere.webui.adwindow.AbstractADWindowContent.onNew(AbstractADWindowContent.java:1815)
	at org.adempiere.webui.adwindow.AbstractADWindowContent.setActiveTab0(AbstractADWindowContent.java:1274)
	at org.adempiere.webui.adwindow.AbstractADWindowContent.access$10(AbstractADWindowContent.java:1198)
	at org.adempiere.webui.adwindow.AbstractADWindowContent$16.onCallback(AbstractADWindowContent.java:1149)
	at org.adempiere.webui.adwindow.AbstractADWindowContent$16.onCallback(AbstractADWindowContent.java:1)
	at org.adempiere.webui.adwindow.AbstractADWindowContent.saveAndNavigate(AbstractADWindowContent.java:1191)
	at org.adempiere.webui.adwindow.AbstractADWindowContent.setActiveTab(AbstractADWindowContent.java:1162)
caused by: org.postgresql.util.PSQLException: ERROR: no existe la columna «void»
  Position: 126; State=42703; ErrorCode=0
	at org.postgresql.core.v3.QueryExecutorImpl.receiveErrorResponse(QueryExecutorImpl.java:2182)
	at org.postgresql.core.v3.QueryExecutorImpl.processResults(QueryExecutorImpl.java:1911)
	at org.postgresql.core.v3.QueryExecutorImpl.execute(QueryExecutorImpl.java:173)
	at org.postgresql.jdbc2.AbstractJdbc2Statement.execute(AbstractJdbc2Statement.java:645)
	at org.postgresql.jdbc2.AbstractJdbc2Statement.executeWithFlags(AbstractJdbc2Statement.java:495)
	at org.postgresql.jdbc2.AbstractJdbc2Statement.executeQuery(AbstractJdbc2Statement.java:380)
	at com.mchange.v2.c3p0.impl.NewProxyPreparedStatement.executeQuery(NewProxyPreparedStatement.java:1418)
	at sun.reflect.GeneratedMethodAccessor21.invoke(Unknown Source)
	at sun.reflect.DelegatingMethodAccessorImpl.invoke(Unknown Source)
	at java.lang.reflect.Method.invoke(Unknown Source)
	at org.compiere.db.StatementProxy.invoke(StatementProxy.java:128)
	at com.sun.proxy.$Proxy3.executeQuery(Unknown Source)
	at sun.reflect.NativeMethodAccessorImpl.invoke0(Native Method)
	at sun.reflect.NativeMethodAccessorImpl.invoke(Unknown Source)
	at sun.reflect.DelegatingMethodAccessorImpl.invoke(Unknown Source)
	at java.lang.reflect.Method.invoke(Unknown Source)
	at bsh.Reflect.invokeMethod(Reflect.java:131)
	at bsh.Reflect.invokeObjectMethod(Reflect.java:77)
	at bsh.Name.invokeMethod(Name.java:852)
	at bsh.BSHMethodInvocation.eval(BSHMethodInvocation.java:69)
	at bsh.BSHPrimaryExpression.eval(BSHPrimaryExpression.java:96)

11:28:09.205-----------> Msg.getMsg: NOT found: SELECT invoiceOpen(C_Invoice_ID,0),invoiceDiscount(C_Invoice_ID,'2016-05-26 00:00:00.0',0) FROM C_Invoice WHERE C_Invoice_ID=1000033 [33]
11:28:09.228-----------> Msg.getMsg: NOT found: InvoiceOpen=6900.00Amount=6900.00,Discount=0.00,OverUnderAmt=-120.00 [33]
