*** 2016-10-05 14:41:07.438 idempiere Log (CLogFile) ***
14:41:07.438 Adempiere.startup: iDempiere(r) Release 3.1_2015-10-31 -Smart Suite ERP, CRM and SCM- (c) 1999-2013 iDempiere(r); Implementation: iDempiere - Supported by iDempiere community [17]
14:41:07.438 Ini.loadProperties: E:\mercurialidempiere/idempiere.properties #33 [17]
14:41:08.063 AdempiereActivator.installPackage: ni.idempiere.importcurrencyrate 1.0.0 was installed: 2016-07-14 16:34:48.698 [17]
14:41:08.076 DB.isBuildOK: Build DB=${env.ADEMPIERE_VERSION} 20080428-1232 [17]
14:41:08.076 DB.isBuildOK: Build Cl=3.1.0.qualifier [17]
14:41:08.112-----------> DB.isBuildOK: Build Version Error 

The program assumes build version 3.1.0.qualifier, but database has build version ${env.ADEMPIERE_VERSION} 20080428-1232. 
This is likely to cause hard to fix errors. 
Please contact administrator. [17]
14:41:08.202 WebEnv.initWeb: Servlet Context Init Parameters: iDempiere Root
ServerRoot=1 [17]
14:41:08.233-----------> EMail.setFrom: you @ company.org: javax.mail.internet.AddressException: Local address contains control or whitespace in string ``you @ company.org'' [17]
14:41:08.233-----------> EMail.addTo: you @ company.org: javax.mail.internet.AddressException: Local address contains control or whitespace in string ``you @ company.org'' [17]
14:41:08.233-----------> EMail.isValid: From is invalid=null [17]
14:41:08.233-----------> EMail.isValid: From is invalid=null [17]
14:41:08.233-----------> MClient.sendEMail: Could NOT Send Email: Server started: iDempiere (odbz:192.168.163.1) to you @ company.org: Invalid Data (System) [17]
14:41:08.233 WebEnv.initWeb: Servlet Init Parameter: idempiereMonitor [17]
14:41:08.233 AdempiereMonitor.init:  [17]
14:41:09.890-----------> AnnotationConfiguration.configure: ServletContainerInitializers: detected. Class hierarchy: empty [17]
14:41:10.234-----------> ClassLocator.getDependentXMLResources: Replicate resource: ckez
Overwrite bundleresource://187.fwk491298318:2/metainfo/zk/config.xml
with bundleresource://187.fwk491298318:19/metainfo/zk/config.xml [17]
14:41:10.234-----------> ClassLocator.getDependentXMLResources: Replicate resource: zk
Overwrite bundleresource://187.fwk491298318:11/metainfo/zk/config.xml
with bundleresource://187.fwk491298318:28/metainfo/zk/config.xml [17]
14:41:10.249-----------> ClassLocator.getDependentXMLResources: Replicate resource: zkbind
Overwrite bundleresource://187.fwk491298318:12/metainfo/zk/config.xml
with bundleresource://187.fwk491298318:29/metainfo/zk/config.xml [17]
14:41:10.280-----------> ClassLocator.getDependentXMLResources: Replicate resource: zul
Overwrite bundleresource://187.fwk491298318:14/metainfo/zk/zk.xml
with bundleresource://187.fwk491298318:31/metainfo/zk/zk.xml [17]
14:41:10.676-----------> LanguageDefinition.<init>: Replicated language: xhtml, overriden by [LanguageDefinition: xhtml] [17]
14:41:10.691-----------> LanguageDefinition.<init>: Replicated language: xul/html, overriden by [LanguageDefinition: xul/html] [17]
14:41:10.754-----------> ClassLocator.getDependentXMLResources: Replicate resource: calendar
Overwrite bundleresource://187.fwk491298318:1/metainfo/zk/lang-addon.xml
with bundleresource://187.fwk491298318:18/metainfo/zk/lang-addon.xml [17]
14:41:10.769-----------> ClassLocator.getDependentXMLResources: Replicate resource: ckez
Overwrite bundleresource://187.fwk491298318:2/metainfo/zk/lang-addon.xml
with bundleresource://187.fwk491298318:19/metainfo/zk/lang-addon.xml [17]
14:41:10.769-----------> ClassLocator.getDependentXMLResources: Replicate resource: gmapsz
Overwrite bundleresource://187.fwk491298318:5/metainfo/zk/lang-addon.xml
with bundleresource://187.fwk491298318:22/metainfo/zk/lang-addon.xml [17]
14:41:10.769-----------> ClassLocator.getDependentXMLResources: Replicate resource: timeline
Overwrite bundleresource://187.fwk491298318:6/metainfo/zk/lang-addon.xml
with bundleresource://187.fwk491298318:23/metainfo/zk/lang-addon.xml [17]
14:41:10.769-----------> ClassLocator.getDependentXMLResources: Replicate resource: timeplot
Overwrite bundleresource://187.fwk491298318:7/metainfo/zk/lang-addon.xml
with bundleresource://187.fwk491298318:24/metainfo/zk/lang-addon.xml [17]
14:41:10.785-----------> ClassLocator.getDependentXMLResources: Replicate resource: zkbind
Overwrite bundleresource://187.fwk491298318:12/metainfo/zk/lang-addon.xml
with bundleresource://187.fwk491298318:29/metainfo/zk/lang-addon.xml [17]
14:41:10.801-----------> ClassLocator.getDependentXMLResources: Replicate resource: zkplus
Overwrite bundleresource://187.fwk491298318:13/metainfo/zk/lang-addon.xml
with bundleresource://187.fwk491298318:30/metainfo/zk/lang-addon.xml [17]
14:41:10.941           WebUIServlet.init: iDempiere Web Client started successfully [17]
14:41:12.039-----------> AnnotationConfiguration.configure: ServletContainerInitializers: detected. Class hierarchy: empty [17]

*** 2016-10-05 14:41:12.339 idempiere Log (CLogFile) ***
14:41:14.490-----------> Node: [192.168.163.1]:5701 [adempiere.idempiere/localhost] [3.5.3] No join method is enabled! Starting standalone. [41]
14:41:30.975-----------> Prop.loadProperties: E:\mercurialidempiere\home.properties not found [31]
14:41:30.975-----------> Prop.loadProperties: !!WARNING:Please locate yout custom home.properties on iDEMPIERE_HOME. [31]
