*** 2016-06-16 14:48:38.226 idempiere Log (CLogFile) ***
14:48:38.226 Adempiere.startup: iDempiere(r) Release 3.1_2015-10-31 -Smart Suite ERP, CRM and SCM- (c) 1999-2013 iDempiere(r); Implementation: iDempiere - Supported by iDempiere community [17]
14:48:38.226 Ini.loadProperties: E:\mercurialidempiere/idempiere-dev.properties #33 [17]
14:48:38.647 DB.isBuildOK: Build DB=${env.ADEMPIERE_VERSION} 20080428-1232 [17]
14:48:38.647 DB.isBuildOK: Build Cl=3.1.0.qualifier [17]
14:48:38.679-----------> DB.isBuildOK: Build Version Error 

The program assumes build version 3.1.0.qualifier, but database has build version ${env.ADEMPIERE_VERSION} 20080428-1232. 
This is likely to cause hard to fix errors. 
Please contact administrator. [17]
14:48:38.788 Language.getLanguage: Adding Language=en, Country=US, Locale=en_US [17]
14:48:38.804 Language.getLanguage: Adding Language=en, Country=US, Locale=en_US [17]
14:48:38.882 WebEnv.initWeb: Servlet Context Init Parameters: iDempiere Root
ServerRoot=1 [17]
14:48:38.882-----------> EMail.setFrom: you @ company.org: javax.mail.internet.AddressException: Local address contains control or whitespace in string ``you @ company.org'' [17]
14:48:38.897-----------> EMail.addTo: you @ company.org: javax.mail.internet.AddressException: Local address contains control or whitespace in string ``you @ company.org'' [17]
14:48:38.897-----------> EMail.isValid: From is invalid=null [17]
14:48:38.897-----------> EMail.isValid: From is invalid=null [17]
14:48:38.897-----------> MClient.sendEMail: Could NOT Send Email: Server started: iDempiere (odbz:10.0.5.43) to you @ company.org: Invalid Data (System) [17]
14:48:38.897 WebEnv.initWeb: Servlet Init Parameter: idempiereMonitor [17]
14:48:38.897 AdempiereMonitor.init:  [17]
14:48:40.617-----------> AnnotationConfiguration.configure: ServletContainerInitializers: detected. Class hierarchy: empty [17]
14:48:40.895-----------> ClassLocator.getDependentXMLResources: Replicate resource: ckez
Overwrite bundleresource://179.fwk1399961333:2/metainfo/zk/config.xml
with bundleresource://179.fwk1399961333:19/metainfo/zk/config.xml [17]
14:48:40.895-----------> ClassLocator.getDependentXMLResources: Replicate resource: zk
Overwrite bundleresource://179.fwk1399961333:11/metainfo/zk/config.xml
with bundleresource://179.fwk1399961333:28/metainfo/zk/config.xml [17]
14:48:40.911-----------> ClassLocator.getDependentXMLResources: Replicate resource: zkbind
Overwrite bundleresource://179.fwk1399961333:12/metainfo/zk/config.xml
with bundleresource://179.fwk1399961333:29/metainfo/zk/config.xml [17]
14:48:40.942-----------> ClassLocator.getDependentXMLResources: Replicate resource: zul
Overwrite bundleresource://179.fwk1399961333:14/metainfo/zk/zk.xml
with bundleresource://179.fwk1399961333:31/metainfo/zk/zk.xml [17]
14:48:41.348-----------> LanguageDefinition.<init>: Replicated language: xhtml, overriden by [LanguageDefinition: xhtml] [17]
14:48:41.379-----------> LanguageDefinition.<init>: Replicated language: xul/html, overriden by [LanguageDefinition: xul/html] [17]
14:48:41.458-----------> ClassLocator.getDependentXMLResources: Replicate resource: calendar
Overwrite bundleresource://179.fwk1399961333:1/metainfo/zk/lang-addon.xml
with bundleresource://179.fwk1399961333:18/metainfo/zk/lang-addon.xml [17]
14:48:41.458-----------> ClassLocator.getDependentXMLResources: Replicate resource: ckez
Overwrite bundleresource://179.fwk1399961333:2/metainfo/zk/lang-addon.xml
with bundleresource://179.fwk1399961333:19/metainfo/zk/lang-addon.xml [17]
14:48:41.458-----------> ClassLocator.getDependentXMLResources: Replicate resource: gmapsz
Overwrite bundleresource://179.fwk1399961333:5/metainfo/zk/lang-addon.xml
with bundleresource://179.fwk1399961333:22/metainfo/zk/lang-addon.xml [17]
14:48:41.458-----------> ClassLocator.getDependentXMLResources: Replicate resource: timeline
Overwrite bundleresource://179.fwk1399961333:6/metainfo/zk/lang-addon.xml
with bundleresource://179.fwk1399961333:23/metainfo/zk/lang-addon.xml [17]
14:48:41.473-----------> ClassLocator.getDependentXMLResources: Replicate resource: timeplot
Overwrite bundleresource://179.fwk1399961333:7/metainfo/zk/lang-addon.xml
with bundleresource://179.fwk1399961333:24/metainfo/zk/lang-addon.xml [17]
14:48:41.489-----------> ClassLocator.getDependentXMLResources: Replicate resource: zkbind
Overwrite bundleresource://179.fwk1399961333:12/metainfo/zk/lang-addon.xml
with bundleresource://179.fwk1399961333:29/metainfo/zk/lang-addon.xml [17]
14:48:41.489-----------> ClassLocator.getDependentXMLResources: Replicate resource: zkplus
Overwrite bundleresource://179.fwk1399961333:13/metainfo/zk/lang-addon.xml
with bundleresource://179.fwk1399961333:30/metainfo/zk/lang-addon.xml [17]
14:48:41.598           WebUIServlet.init: iDempiere Web Client started successfully [17]
14:48:42.645-----------> AnnotationConfiguration.configure: ServletContainerInitializers: detected. Class hierarchy: empty [17]

*** 2016-06-16 14:48:42.865 idempiere Log (CLogFile) ***
14:48:44.912-----------> Node: [10.0.5.43]:5701 [adempiere.idempiere/localhost] [3.5.3] No join method is enabled! Starting standalone. [42]
14:48:56.974-----------> Prop.loadProperties: E:\mercurialidempiere\home.properties not found [35]
14:48:56.974-----------> Prop.loadProperties: !!WARNING:Please locate yout custom home.properties on iDEMPIERE_HOME. [35]
14:49:42.178===========> GridTab.processCallout: NoCurrencyConversion [33]
14:49:52.644===========> MPaymentAllocate.saveError: FillMandatory - Organization [37]
14:49:52.644-----------> GridTable.saveWarning: FillMandatory - Organization [37]
14:50:09.861===========> MPaymentAllocate.saveError: Error - Invoice Amt(36400.485000) <> Totals(36410.535000000000000710542735760100185871124267578125) [34]
14:50:09.861-----------> MPaymentAllocate.save: beforeSave failed - X_C_PaymentAllocate[1000019] [34]
14:50:09.865-----------> MPaymentAllocate.save: Validation failed - javax.script.ScriptException: Sourced file: inline evaluation of: ``import java.math.BigDecimal; A_PO.setDiscountAmt(new BigDecimal(10.05)); A_PO.sa . . . '' : Method Invocation A_PO.saveEx : at Line: 1 : in file: inline evaluation of: ``import java.math.BigDecimal; A_PO.setDiscountAmt(new BigDecimal(10.05)); A_PO.sa . . . '' : A_PO .saveEx ( ) 

Target exception: org.adempiere.exceptions.AdempiereException: Error: : Invoice Amt(36400.485000) <> Totals(36410.535000000000000710542735760100185871124267578125)
 in inline evaluation of: ``import java.math.BigDecimal; A_PO.setDiscountAmt(new BigDecimal(10.05)); A_PO.sa . . . '' at line number 1 [34]
14:50:09.881===========> MPaymentAllocate.saveError: Error - javax.script.ScriptException: Sourced file: inline evaluation of: ``import java.math.BigDecimal; A_PO.setDiscountAmt(new BigDecimal(10.05)); A_PO.sa . . . '' : Method Invocation A_PO.saveEx : at Line: 1 : in file: inline evaluation of: ``import java.math.BigDecimal; A_PO.setDiscountAmt(new BigDecimal(10.05)); A_PO.sa . . . '' : A_PO .saveEx ( ) 

Target exception: org.adempiere.exceptions.AdempiereException: Error: : Invoice Amt(36400.485000) <> Totals(36410.535000000000000710542735760100185871124267578125)
 in inline evaluation of: ``import java.math.BigDecimal; A_PO.setDiscountAmt(new BigDecimal(10.05)); A_PO.sa . . . '' at line number 1 [34]
14:50:09.881-----------> GridTable.saveWarning: Error - javax.script.ScriptException: Sourced file: inline evaluation of: ``import java.math.BigDecimal; A_PO.setDiscountAmt(new BigDecimal(10.05)); A_PO.sa . . . '' : Method Invocation A_PO.saveEx : at Line: 1 : in file: inline evaluation of: ``import java.math.BigDecimal; A_PO.setDiscountAmt(new BigDecimal(10.05)); A_PO.sa . . . '' : A_PO .saveEx ( ) 

Target exception: org.adempiere.exceptions.AdempiereException: Error: : Invoice Amt(36400.485000) <> Totals(36410.535000000000000710542735760100185871124267578125)
 in inline evaluation of: ``import java.math.BigDecimal; A_PO.setDiscountAmt(new BigDecimal(10.05)); A_PO.sa . . . '' at line number 1 [34]
