*** 2016-09-13 16:13:19.312 idempiere Log (CLogFile) ***
16:13:19.312 Adempiere.startup: iDempiere(r) Release 3.1_2015-10-31 -Smart Suite ERP, CRM and SCM- (c) 1999-2013 iDempiere(r); Implementation: iDempiere - Supported by iDempiere community [17]
16:13:19.316 Ini.loadProperties: E:\mercurialidempiere/idempiere.properties #33 [17]
16:13:19.881 AdempiereActivator.installPackage: ni.idempiere.importcurrencyrate 1.0.0 was installed: 2016-07-14 16:34:48.698 [17]
16:13:19.893 DB.isBuildOK: Build DB=${env.ADEMPIERE_VERSION} 20080428-1232 [17]
16:13:19.893 DB.isBuildOK: Build Cl=3.1.0.qualifier [17]
16:13:19.913-----------> DB.isBuildOK: Build Version Error 

The program assumes build version 3.1.0.qualifier, but database has build version ${env.ADEMPIERE_VERSION} 20080428-1232. 
This is likely to cause hard to fix errors. 
Please contact administrator. [17]
16:13:19.989 WebEnv.initWeb: Servlet Context Init Parameters: iDempiere Root
ServerRoot=1 [17]
16:13:20.081-----------> EMail.setFrom: you @ company.org: javax.mail.internet.AddressException: Local address contains control or whitespace in string ``you @ company.org'' [17]
16:13:20.081-----------> EMail.addTo: you @ company.org: javax.mail.internet.AddressException: Local address contains control or whitespace in string ``you @ company.org'' [17]
16:13:20.081-----------> EMail.isValid: From is invalid=null [17]
16:13:20.081-----------> EMail.isValid: From is invalid=null [17]
16:13:20.081-----------> MClient.sendEMail: Could NOT Send Email: Server started: iDempiere (odbz:192.168.163.1) to you @ company.org: Invalid Data (System) [17]
16:13:20.081 WebEnv.initWeb: Servlet Init Parameter: idempiereMonitor [17]
16:13:20.081 AdempiereMonitor.init:  [17]
16:13:21.846-----------> AnnotationConfiguration.configure: ServletContainerInitializers: detected. Class hierarchy: empty [17]
16:13:22.116-----------> ClassLocator.getDependentXMLResources: Replicate resource: ckez
Overwrite bundleresource://186.fwk1399961333:2/metainfo/zk/config.xml
with bundleresource://186.fwk1399961333:19/metainfo/zk/config.xml [17]
16:13:22.120-----------> ClassLocator.getDependentXMLResources: Replicate resource: zk
Overwrite bundleresource://186.fwk1399961333:11/metainfo/zk/config.xml
with bundleresource://186.fwk1399961333:28/metainfo/zk/config.xml [17]
16:13:22.124-----------> ClassLocator.getDependentXMLResources: Replicate resource: zkbind
Overwrite bundleresource://186.fwk1399961333:12/metainfo/zk/config.xml
with bundleresource://186.fwk1399961333:29/metainfo/zk/config.xml [17]
16:13:22.152-----------> ClassLocator.getDependentXMLResources: Replicate resource: zul
Overwrite bundleresource://186.fwk1399961333:14/metainfo/zk/zk.xml
with bundleresource://186.fwk1399961333:31/metainfo/zk/zk.xml [17]
16:13:22.564-----------> LanguageDefinition.<init>: Replicated language: xhtml, overriden by [LanguageDefinition: xhtml] [17]
16:13:22.588-----------> LanguageDefinition.<init>: Replicated language: xul/html, overriden by [LanguageDefinition: xul/html] [17]
16:13:22.652-----------> ClassLocator.getDependentXMLResources: Replicate resource: calendar
Overwrite bundleresource://186.fwk1399961333:1/metainfo/zk/lang-addon.xml
with bundleresource://186.fwk1399961333:18/metainfo/zk/lang-addon.xml [17]
16:13:22.660-----------> ClassLocator.getDependentXMLResources: Replicate resource: ckez
Overwrite bundleresource://186.fwk1399961333:2/metainfo/zk/lang-addon.xml
with bundleresource://186.fwk1399961333:19/metainfo/zk/lang-addon.xml [17]
16:13:22.664-----------> ClassLocator.getDependentXMLResources: Replicate resource: gmapsz
Overwrite bundleresource://186.fwk1399961333:5/metainfo/zk/lang-addon.xml
with bundleresource://186.fwk1399961333:22/metainfo/zk/lang-addon.xml [17]
16:13:22.668-----------> ClassLocator.getDependentXMLResources: Replicate resource: timeline
Overwrite bundleresource://186.fwk1399961333:6/metainfo/zk/lang-addon.xml
with bundleresource://186.fwk1399961333:23/metainfo/zk/lang-addon.xml [17]
16:13:22.672-----------> ClassLocator.getDependentXMLResources: Replicate resource: timeplot
Overwrite bundleresource://186.fwk1399961333:7/metainfo/zk/lang-addon.xml
with bundleresource://186.fwk1399961333:24/metainfo/zk/lang-addon.xml [17]
16:13:22.684-----------> ClassLocator.getDependentXMLResources: Replicate resource: zkbind
Overwrite bundleresource://186.fwk1399961333:12/metainfo/zk/lang-addon.xml
with bundleresource://186.fwk1399961333:29/metainfo/zk/lang-addon.xml [17]
16:13:22.688-----------> ClassLocator.getDependentXMLResources: Replicate resource: zkplus
Overwrite bundleresource://186.fwk1399961333:13/metainfo/zk/lang-addon.xml
with bundleresource://186.fwk1399961333:30/metainfo/zk/lang-addon.xml [17]
16:13:22.876           WebUIServlet.init: iDempiere Web Client started successfully [17]
16:13:23.974-----------> AnnotationConfiguration.configure: ServletContainerInitializers: detected. Class hierarchy: empty [17]

*** 2016-09-13 16:13:24.236 idempiere Log (CLogFile) ***
16:13:26.448-----------> Node: [172.16.45.239]:5701 [adempiere.idempiere/localhost] [3.5.3] No join method is enabled! Starting standalone. [41]
