*** 2016-06-22 15:29:50.735 idempiere Log (CLogFile) ***
15:29:50.735 Adempiere.startup: iDempiere(r) Release 3.1_2015-10-31 -Smart Suite ERP, CRM and SCM- (c) 1999-2013 iDempiere(r); Implementation: iDempiere - Supported by iDempiere community [17]
15:29:50.735 Ini.loadProperties: E:\mercurialidempiere/idempiere-dev.properties #33 [17]
15:29:51.141 DB.isBuildOK: Build DB=${env.ADEMPIERE_VERSION} 20080428-1232 [17]
15:29:51.141 DB.isBuildOK: Build Cl=3.1.0.qualifier [17]
15:29:51.157-----------> DB.isBuildOK: Build Version Error 

The program assumes build version 3.1.0.qualifier, but database has build version ${env.ADEMPIERE_VERSION} 20080428-1232. 
This is likely to cause hard to fix errors. 
Please contact administrator. [17]
15:29:51.282 Language.getLanguage: Adding Language=en, Country=US, Locale=en_US [17]
15:29:51.282 Language.getLanguage: Adding Language=en, Country=US, Locale=en_US [17]
15:29:51.344 WebEnv.initWeb: Servlet Context Init Parameters: iDempiere Root
ServerRoot=1 [17]
15:29:51.360-----------> EMail.setFrom: you @ company.org: javax.mail.internet.AddressException: Local address contains control or whitespace in string ``you @ company.org'' [17]
15:29:51.360-----------> EMail.addTo: you @ company.org: javax.mail.internet.AddressException: Local address contains control or whitespace in string ``you @ company.org'' [17]
15:29:51.360-----------> EMail.isValid: From is invalid=null [17]
15:29:51.360-----------> EMail.isValid: From is invalid=null [17]
15:29:51.360-----------> MClient.sendEMail: Could NOT Send Email: Server started: iDempiere (odbz:10.0.5.40) to you @ company.org: Invalid Data (System) [17]
15:29:51.360 WebEnv.initWeb: Servlet Init Parameter: idempiereMonitor [17]
15:29:51.360 AdempiereMonitor.init:  [17]
15:29:52.813-----------> AnnotationConfiguration.configure: ServletContainerInitializers: detected. Class hierarchy: empty [17]
15:29:53.060-----------> ClassLocator.getDependentXMLResources: Replicate resource: ckez
Overwrite bundleresource://180.fwk1319287199:2/metainfo/zk/config.xml
with bundleresource://180.fwk1319287199:19/metainfo/zk/config.xml [17]
15:29:53.060-----------> ClassLocator.getDependentXMLResources: Replicate resource: zk
Overwrite bundleresource://180.fwk1319287199:11/metainfo/zk/config.xml
with bundleresource://180.fwk1319287199:28/metainfo/zk/config.xml [17]
15:29:53.060-----------> ClassLocator.getDependentXMLResources: Replicate resource: zkbind
Overwrite bundleresource://180.fwk1319287199:12/metainfo/zk/config.xml
with bundleresource://180.fwk1319287199:29/metainfo/zk/config.xml [17]
15:29:53.075-----------> ClassLocator.getDependentXMLResources: Replicate resource: zul
Overwrite bundleresource://180.fwk1319287199:14/metainfo/zk/zk.xml
with bundleresource://180.fwk1319287199:31/metainfo/zk/zk.xml [17]
15:29:53.404-----------> LanguageDefinition.<init>: Replicated language: xhtml, overriden by [LanguageDefinition: xhtml] [17]
15:29:53.419-----------> LanguageDefinition.<init>: Replicated language: xul/html, overriden by [LanguageDefinition: xul/html] [17]
15:29:53.466-----------> ClassLocator.getDependentXMLResources: Replicate resource: calendar
Overwrite bundleresource://180.fwk1319287199:1/metainfo/zk/lang-addon.xml
with bundleresource://180.fwk1319287199:18/metainfo/zk/lang-addon.xml [17]
15:29:53.466-----------> ClassLocator.getDependentXMLResources: Replicate resource: ckez
Overwrite bundleresource://180.fwk1319287199:2/metainfo/zk/lang-addon.xml
with bundleresource://180.fwk1319287199:19/metainfo/zk/lang-addon.xml [17]
15:29:53.466-----------> ClassLocator.getDependentXMLResources: Replicate resource: gmapsz
Overwrite bundleresource://180.fwk1319287199:5/metainfo/zk/lang-addon.xml
with bundleresource://180.fwk1319287199:22/metainfo/zk/lang-addon.xml [17]
15:29:53.466-----------> ClassLocator.getDependentXMLResources: Replicate resource: timeline
Overwrite bundleresource://180.fwk1319287199:6/metainfo/zk/lang-addon.xml
with bundleresource://180.fwk1319287199:23/metainfo/zk/lang-addon.xml [17]
15:29:53.482-----------> ClassLocator.getDependentXMLResources: Replicate resource: timeplot
Overwrite bundleresource://180.fwk1319287199:7/metainfo/zk/lang-addon.xml
with bundleresource://180.fwk1319287199:24/metainfo/zk/lang-addon.xml [17]
15:29:53.497-----------> ClassLocator.getDependentXMLResources: Replicate resource: zkbind
Overwrite bundleresource://180.fwk1319287199:12/metainfo/zk/lang-addon.xml
with bundleresource://180.fwk1319287199:29/metainfo/zk/lang-addon.xml [17]
15:29:53.497-----------> ClassLocator.getDependentXMLResources: Replicate resource: zkplus
Overwrite bundleresource://180.fwk1319287199:13/metainfo/zk/lang-addon.xml
with bundleresource://180.fwk1319287199:30/metainfo/zk/lang-addon.xml [17]
15:29:53.591           WebUIServlet.init: iDempiere Web Client started successfully [17]
15:29:54.435-----------> AnnotationConfiguration.configure: ServletContainerInitializers: detected. Class hierarchy: empty [17]

*** 2016-06-22 15:29:54.705 idempiere Log (CLogFile) ***
15:29:56.443-----------> Node: [10.0.5.40]:5701 [adempiere.idempiere/localhost] [3.5.3] No join method is enabled! Starting standalone. [42]
15:30:08.014-----------> Prop.loadProperties: E:\mercurialidempiere\home.properties not found [38]
15:30:08.014-----------> Prop.loadProperties: E:\mercurialidempiere\home.properties not found [33]
15:30:08.015-----------> Prop.loadProperties: !!WARNING:Please locate yout custom home.properties on iDEMPIERE_HOME. [38]
15:30:08.015-----------> Prop.loadProperties: !!WARNING:Please locate yout custom home.properties on iDEMPIERE_HOME. [33]
15:30:17.008-----------> LCO_ValidatorWH.initialize:  [69]
15:30:17.077-----------> LCO_ValidatorWH.initialize:  [69]
15:30:20.513-----------> LCO_ValidatorWH.initialize:  [69]
15:30:24.774-----------> Prop.loadProperties: E:\mercurialidempiere\home.properties not found [33]
15:30:24.775-----------> Prop.loadProperties: !!WARNING:Please locate yout custom home.properties on iDEMPIERE_HOME. [33]
15:31:00.179===========> NICalloutPayment.invoiceinallocate: linea 729 =Pay=151.237196, Discount=0.000000 [36]
15:31:00.332===========> NICalloutPayment.invoiceallocate: linea 616 =WriteOffAmt=3.024723 [36]
15:31:01.162===========> NICalloutPayment.amountsinallocate: linea 802 =Pay=148.212473, Discount=0, WriteOff=3.024723, OverUnderAmt=0 [36]
15:31:01.315===========> NICalloutPayment.invoiceallocate: linea 632 =WriteOffAmt=3.024723 [36]
15:32:26.632===========> NICalloutPayment.invoiceinallocate: linea 729 =Pay=151.237196, Discount=0.000000 [32]
15:32:33.570===========> NICalloutPayment.invoiceallocate: linea 616 =WriteOffAmt=3.024723 [32]
15:32:47.049===========> NICalloutPayment.amountsinallocate: linea 802 =Pay=148.212473, Discount=0, WriteOff=3.024723, OverUnderAmt=0 [32]
15:32:47.984===========> NICalloutPayment.invoiceallocate: linea 632 =WriteOffAmt=3.024723 [32]
15:52:01.515-----------> ClusterService: [10.0.5.40]:5701 [adempiere.idempiere/localhost] [3.5.3] Resetting master confirmation timestamps because of huge system clock jump! Clock-Jump: 625684ms, Master-Confirmation-Timeout: 500000ms. [164]
15:52:11.225===========> PreparedStatementProxy.init: SELECT COUNT(1) FROM AD_Note WHERE AD_Client_ID=? AND AD_User_ID IN (0,?) AND Processed='N' AND AD_BroadcastMessage_ID IS NULL [32]
java.lang.IllegalStateException: DB.getConnectionRO - @NoDBConnection@
	at org.compiere.util.DB.createConnection(DB.java:470)
	at org.idempiere.db.util.AutoCommitConnectionBroker.getConnection(AutoCommitConnectionBroker.java:48)
	at org.compiere.db.PreparedStatementProxy.init(PreparedStatementProxy.java:64)
	at org.compiere.db.PreparedStatementProxy.<init>(PreparedStatementProxy.java:45)
	at org.compiere.db.ProxyFactory.newCPreparedStatement(ProxyFactory.java:56)
	at org.compiere.util.DB.prepareStatement(DB.java:773)
	at org.compiere.util.DB.prepareStatement(DB.java:742)
	at org.compiere.util.DB.getSQLValueEx(DB.java:1276)
	at org.compiere.util.DB.getSQLValue(DB.java:1321)
	at org.compiere.util.DB.getSQLValue(DB.java:2187)
	at org.adempiere.webui.dashboard.DPActivitiesModel.getNoticeCount(DPActivitiesModel.java:55)

15:52:26.109===========> DB.getSQLValue: SELECT COUNT(1) FROM AD_Note WHERE AD_Client_ID=? AND AD_User_ID IN (0,?) AND Processed='N' AND AD_BroadcastMessage_ID IS NULL [32]
org.adempiere.exceptions.DBException: java.lang.IllegalStateException: DB.getConnectionRO - No Database Connection
	at org.compiere.db.PreparedStatementProxy.init(PreparedStatementProxy.java:73)
	at org.compiere.db.PreparedStatementProxy.<init>(PreparedStatementProxy.java:45)
	at org.compiere.db.ProxyFactory.newCPreparedStatement(ProxyFactory.java:56)
	at org.compiere.util.DB.prepareStatement(DB.java:773)
	at org.compiere.util.DB.prepareStatement(DB.java:742)
	at org.compiere.util.DB.getSQLValueEx(DB.java:1276)
	at org.compiere.util.DB.getSQLValue(DB.java:1321)
	at org.compiere.util.DB.getSQLValue(DB.java:2187)
	at org.adempiere.webui.dashboard.DPActivitiesModel.getNoticeCount(DPActivitiesModel.java:55)
	at org.adempiere.webui.dashboard.DPActivities.refresh(DPActivities.java:126)
	at org.adempiere.webui.dashboard.DashboardRunnable.refreshDashboard(DashboardRunnable.java:131)
	at org.adempiere.webui.dashboard.DashboardRunnable.run(DashboardRunnable.java:92)
	at org.adempiere.webui.desktop.DashboardController$3.onEvent(DashboardController.java:461)
	at org.zkoss.zk.ui.AbstractComponent.onEvent(AbstractComponent.java:2773)
	at org.zkoss.zk.ui.AbstractComponent.service(AbstractComponent.java:2744)
	at org.zkoss.zk.ui.AbstractComponent.service(AbstractComponent.java:2685)
	at org.zkoss.zk.ui.impl.EventProcessor.process(EventProcessor.java:136)
	at org.zkoss.zk.ui.impl.UiEngineImpl.processEvent(UiEngineImpl.java:1765)
	at org.zkoss.zk.ui.impl.UiEngineImpl.process(UiEngineImpl.java:1550)
	at org.zkoss.zk.ui.impl.UiEngineImpl.execUpdate(UiEngineImpl.java:1260)
	at org.zkoss.zk.au.http.DHtmlUpdateServlet.process(DHtmlUpdateServlet.java:611)
caused by: java.lang.IllegalStateException: DB.getConnectionRO - @NoDBConnection@
	at org.compiere.util.DB.createConnection(DB.java:470)
	at org.idempiere.db.util.AutoCommitConnectionBroker.getConnection(AutoCommitConnectionBroker.java:48)
	at org.compiere.db.PreparedStatementProxy.init(PreparedStatementProxy.java:64)
	at org.compiere.db.PreparedStatementProxy.<init>(PreparedStatementProxy.java:45)
	at org.compiere.db.ProxyFactory.newCPreparedStatement(ProxyFactory.java:56)
	at org.compiere.util.DB.prepareStatement(DB.java:773)
	at org.compiere.util.DB.prepareStatement(DB.java:742)
	at org.compiere.util.DB.getSQLValueEx(DB.java:1276)
	at org.compiere.util.DB.getSQLValue(DB.java:1321)
	at org.compiere.util.DB.getSQLValue(DB.java:2187)
	at org.adempiere.webui.dashboard.DPActivitiesModel.getNoticeCount(DPActivitiesModel.java:55)

