*** 2016-06-14 09:43:14.257 idempiere Log (CLogFile) ***
09:43:14.257 Adempiere.startup: iDempiere(r) Release 3.1_2015-10-31 -Smart Suite ERP, CRM and SCM- (c) 1999-2013 iDempiere(r); Implementation: iDempiere - Supported by iDempiere community [17]
09:43:14.272 Ini.loadProperties: E:\mercurialidempiere/idempiere-dev.properties #33 [17]
09:43:14.731 DB.isBuildOK: Build DB=${env.ADEMPIERE_VERSION} 20080428-1232 [17]
09:43:14.731 DB.isBuildOK: Build Cl=3.1.0.qualifier [17]
09:43:14.746-----------> DB.isBuildOK: Build Version Error 

The program assumes build version 3.1.0.qualifier, but database has build version ${env.ADEMPIERE_VERSION} 20080428-1232. 
This is likely to cause hard to fix errors. 
Please contact administrator. [17]
09:43:14.871 Language.getLanguage: Adding Language=en, Country=US, Locale=en_US [17]
09:43:14.871 Language.getLanguage: Adding Language=en, Country=US, Locale=en_US [17]
09:43:14.954 WebEnv.initWeb: Servlet Context Init Parameters: iDempiere Root
ServerRoot=1 [17]
09:43:14.954-----------> EMail.setFrom: you @ company.org: javax.mail.internet.AddressException: Local address contains control or whitespace in string ``you @ company.org'' [17]
09:43:14.970-----------> EMail.addTo: you @ company.org: javax.mail.internet.AddressException: Local address contains control or whitespace in string ``you @ company.org'' [17]
09:43:14.970-----------> EMail.isValid: From is invalid=null [17]
09:43:14.970-----------> EMail.isValid: From is invalid=null [17]
09:43:14.970-----------> MClient.sendEMail: Could NOT Send Email: Server started: iDempiere (odbz:10.0.5.43) to you @ company.org: Invalid Data (System) [17]
09:43:14.970 WebEnv.initWeb: Servlet Init Parameter: idempiereMonitor [17]
09:43:14.970 AdempiereMonitor.init:  [17]
09:43:16.517-----------> AnnotationConfiguration.configure: ServletContainerInitializers: detected. Class hierarchy: empty [17]
09:43:16.766-----------> ClassLocator.getDependentXMLResources: Replicate resource: ckez
Overwrite bundleresource://179.fwk491298318:2/metainfo/zk/config.xml
with bundleresource://179.fwk491298318:19/metainfo/zk/config.xml [17]
09:43:16.782-----------> ClassLocator.getDependentXMLResources: Replicate resource: zk
Overwrite bundleresource://179.fwk491298318:11/metainfo/zk/config.xml
with bundleresource://179.fwk491298318:28/metainfo/zk/config.xml [17]
09:43:16.782-----------> ClassLocator.getDependentXMLResources: Replicate resource: zkbind
Overwrite bundleresource://179.fwk491298318:12/metainfo/zk/config.xml
with bundleresource://179.fwk491298318:29/metainfo/zk/config.xml [17]
09:43:16.813-----------> ClassLocator.getDependentXMLResources: Replicate resource: zul
Overwrite bundleresource://179.fwk491298318:14/metainfo/zk/zk.xml
with bundleresource://179.fwk491298318:31/metainfo/zk/zk.xml [17]
09:43:17.173-----------> LanguageDefinition.<init>: Replicated language: xhtml, overriden by [LanguageDefinition: xhtml] [17]
09:43:17.204-----------> LanguageDefinition.<init>: Replicated language: xul/html, overriden by [LanguageDefinition: xul/html] [17]
09:43:17.272-----------> ClassLocator.getDependentXMLResources: Replicate resource: calendar
Overwrite bundleresource://179.fwk491298318:1/metainfo/zk/lang-addon.xml
with bundleresource://179.fwk491298318:18/metainfo/zk/lang-addon.xml [17]
09:43:17.272-----------> ClassLocator.getDependentXMLResources: Replicate resource: ckez
Overwrite bundleresource://179.fwk491298318:2/metainfo/zk/lang-addon.xml
with bundleresource://179.fwk491298318:19/metainfo/zk/lang-addon.xml [17]
09:43:17.288-----------> ClassLocator.getDependentXMLResources: Replicate resource: gmapsz
Overwrite bundleresource://179.fwk491298318:5/metainfo/zk/lang-addon.xml
with bundleresource://179.fwk491298318:22/metainfo/zk/lang-addon.xml [17]
09:43:17.288-----------> ClassLocator.getDependentXMLResources: Replicate resource: timeline
Overwrite bundleresource://179.fwk491298318:6/metainfo/zk/lang-addon.xml
with bundleresource://179.fwk491298318:23/metainfo/zk/lang-addon.xml [17]
09:43:17.304-----------> ClassLocator.getDependentXMLResources: Replicate resource: timeplot
Overwrite bundleresource://179.fwk491298318:7/metainfo/zk/lang-addon.xml
with bundleresource://179.fwk491298318:24/metainfo/zk/lang-addon.xml [17]
09:43:17.319-----------> ClassLocator.getDependentXMLResources: Replicate resource: zkbind
Overwrite bundleresource://179.fwk491298318:12/metainfo/zk/lang-addon.xml
with bundleresource://179.fwk491298318:29/metainfo/zk/lang-addon.xml [17]
09:43:17.319-----------> ClassLocator.getDependentXMLResources: Replicate resource: zkplus
Overwrite bundleresource://179.fwk491298318:13/metainfo/zk/lang-addon.xml
with bundleresource://179.fwk491298318:30/metainfo/zk/lang-addon.xml [17]
09:43:17.444           WebUIServlet.init: iDempiere Web Client started successfully [17]
09:43:18.479-----------> AnnotationConfiguration.configure: ServletContainerInitializers: detected. Class hierarchy: empty [17]

*** 2016-06-14 09:43:18.733 idempiere Log (CLogFile) ***
09:43:20.608-----------> Node: [10.0.5.43]:5701 [adempiere.idempiere/localhost] [3.5.3] No join method is enabled! Starting standalone. [51]
