*** 2016-12-19 10:31:24.659 idempiere Log (CLogFile) ***
10:31:24.659 Adempiere.startup: iDempiere(r) Release 3.1_2015-10-31 -Smart Suite ERP, CRM and SCM- (c) 1999-2013 iDempiere(r); Implementation: iDempiere - Supported by iDempiere community [17]
10:31:24.682 Ini.loadProperties: E:\mercurialidempiere/idempiere.properties #33 [17]
10:31:26.888 AdempiereActivator.installPackage: ni.idempiere.importcurrencyrate 1.0.0 was installed: 2016-07-14 16:34:48.698 [17]
10:31:27.093 DB.isBuildOK: Build DB=${env.ADEMPIERE_VERSION} 20080428-1232 [17]
10:31:27.093 DB.isBuildOK: Build Cl=3.1.0.qualifier [17]
10:31:27.180-----------> DB.isBuildOK: Build Version Error 

The program assumes build version 3.1.0.qualifier, but database has build version ${env.ADEMPIERE_VERSION} 20080428-1232. 
This is likely to cause hard to fix errors. 
Please contact administrator. [17]
10:31:28.465 WebEnv.initWeb: Servlet Context Init Parameters: iDempiere Root
ServerRoot=1 [17]
10:31:28.620-----------> EMail.setFrom: you @ company.org: javax.mail.internet.AddressException: Local address contains control or whitespace in string ``you @ company.org'' [17]
10:31:28.622-----------> EMail.addTo: you @ company.org: javax.mail.internet.AddressException: Local address contains control or whitespace in string ``you @ company.org'' [17]
10:31:28.622-----------> EMail.isValid: From is invalid=null [17]
10:31:28.623-----------> EMail.isValid: From is invalid=null [17]
10:31:28.623-----------> MClient.sendEMail: Could NOT Send Email: Server started: iDempiere (odbz:192.168.47.1) to you @ company.org: Invalid Data (System) [17]
10:31:28.623 WebEnv.initWeb: Servlet Init Parameter: idempiereMonitor [17]
10:31:28.623 AdempiereMonitor.init:  [17]
10:31:41.877-----------> AnnotationConfiguration.configure: ServletContainerInitializers: detected. Class hierarchy: empty [17]
10:31:42.290-----------> ClassLocator.getDependentXMLResources: Replicate resource: ckez
Overwrite bundleresource://188.fwk1399961333:2/metainfo/zk/config.xml
with bundleresource://188.fwk1399961333:19/metainfo/zk/config.xml [17]
10:31:42.296-----------> ClassLocator.getDependentXMLResources: Replicate resource: zk
Overwrite bundleresource://188.fwk1399961333:11/metainfo/zk/config.xml
with bundleresource://188.fwk1399961333:28/metainfo/zk/config.xml [17]
10:31:42.302-----------> ClassLocator.getDependentXMLResources: Replicate resource: zkbind
Overwrite bundleresource://188.fwk1399961333:12/metainfo/zk/config.xml
with bundleresource://188.fwk1399961333:29/metainfo/zk/config.xml [17]
10:31:42.327-----------> ClassLocator.getDependentXMLResources: Replicate resource: zul
Overwrite bundleresource://188.fwk1399961333:14/metainfo/zk/zk.xml
with bundleresource://188.fwk1399961333:31/metainfo/zk/zk.xml [17]
10:31:42.778-----------> LanguageDefinition.<init>: Replicated language: xhtml, overriden by [LanguageDefinition: xhtml] [17]
10:31:42.805-----------> LanguageDefinition.<init>: Replicated language: xul/html, overriden by [LanguageDefinition: xul/html] [17]
10:31:42.876-----------> ClassLocator.getDependentXMLResources: Replicate resource: calendar
Overwrite bundleresource://188.fwk1399961333:1/metainfo/zk/lang-addon.xml
with bundleresource://188.fwk1399961333:18/metainfo/zk/lang-addon.xml [17]
10:31:42.884-----------> ClassLocator.getDependentXMLResources: Replicate resource: ckez
Overwrite bundleresource://188.fwk1399961333:2/metainfo/zk/lang-addon.xml
with bundleresource://188.fwk1399961333:19/metainfo/zk/lang-addon.xml [17]
10:31:42.892-----------> ClassLocator.getDependentXMLResources: Replicate resource: gmapsz
Overwrite bundleresource://188.fwk1399961333:5/metainfo/zk/lang-addon.xml
with bundleresource://188.fwk1399961333:22/metainfo/zk/lang-addon.xml [17]
10:31:42.897-----------> ClassLocator.getDependentXMLResources: Replicate resource: timeline
Overwrite bundleresource://188.fwk1399961333:6/metainfo/zk/lang-addon.xml
with bundleresource://188.fwk1399961333:23/metainfo/zk/lang-addon.xml [17]
10:31:42.900-----------> ClassLocator.getDependentXMLResources: Replicate resource: timeplot
Overwrite bundleresource://188.fwk1399961333:7/metainfo/zk/lang-addon.xml
with bundleresource://188.fwk1399961333:24/metainfo/zk/lang-addon.xml [17]
10:31:42.912-----------> ClassLocator.getDependentXMLResources: Replicate resource: zkbind
Overwrite bundleresource://188.fwk1399961333:12/metainfo/zk/lang-addon.xml
with bundleresource://188.fwk1399961333:29/metainfo/zk/lang-addon.xml [17]
10:31:42.919-----------> ClassLocator.getDependentXMLResources: Replicate resource: zkplus
Overwrite bundleresource://188.fwk1399961333:13/metainfo/zk/lang-addon.xml
with bundleresource://188.fwk1399961333:30/metainfo/zk/lang-addon.xml [17]
10:31:43.201           WebUIServlet.init: iDempiere Web Client started successfully [17]
10:31:44.497-----------> AnnotationConfiguration.configure: ServletContainerInitializers: detected. Class hierarchy: empty [17]

*** 2016-12-19 10:31:45.429 idempiere Log (CLogFile) ***
10:31:47.345-----------> Node: [192.168.163.1]:5701 [adempiere.idempiere/localhost] [3.5.3] No join method is enabled! Starting standalone. [42]
10:31:45.893===========> NotificationValidator.initialize: NotificationValidator.initialize() [39]
org.postgresql.util.PSQLException: ERROR: no existe la relación «ni_notification_trigguer»
  Position: 81; State=42P01; ErrorCode=0
	at org.postgresql.core.v3.QueryExecutorImpl.receiveErrorResponse(QueryExecutorImpl.java:2182)
	at org.postgresql.core.v3.QueryExecutorImpl.processResults(QueryExecutorImpl.java:1911)
	at org.postgresql.core.v3.QueryExecutorImpl.execute(QueryExecutorImpl.java:173)
	at org.postgresql.jdbc2.AbstractJdbc2Statement.execute(AbstractJdbc2Statement.java:645)
	at org.postgresql.jdbc2.AbstractJdbc2Statement.executeWithFlags(AbstractJdbc2Statement.java:495)
	at org.postgresql.jdbc2.AbstractJdbc2Statement.executeQuery(AbstractJdbc2Statement.java:380)
	at com.mchange.v2.c3p0.impl.NewProxyPreparedStatement.executeQuery(NewProxyPreparedStatement.java:1418)
	at sun.reflect.GeneratedMethodAccessor21.invoke(Unknown Source)
	at sun.reflect.DelegatingMethodAccessorImpl.invoke(Unknown Source)
	at java.lang.reflect.Method.invoke(Unknown Source)
	at org.compiere.db.StatementProxy.invoke(StatementProxy.java:128)
	at com.sun.proxy.$Proxy3.executeQuery(Unknown Source)
	at ni.idempiere.model.NotificationValidator.initialize(NotificationValidator.java:45)
	at org.adempiere.base.event.AbstractEventHandler.bindEventManager(AbstractEventHandler.java:57)
	at sun.reflect.NativeMethodAccessorImpl.invoke0(Native Method)
	at sun.reflect.NativeMethodAccessorImpl.invoke(Unknown Source)
	at sun.reflect.DelegatingMethodAccessorImpl.invoke(Unknown Source)
	at java.lang.reflect.Method.invoke(Unknown Source)
	at org.eclipse.equinox.internal.ds.model.ComponentReference.bind(ComponentReference.java:376)
	at org.eclipse.equinox.internal.ds.model.ServiceComponentProp.bindReference(ServiceComponentProp.java:430)
	at org.eclipse.equinox.internal.ds.model.ServiceComponentProp.bind(ServiceComponentProp.java:218)

10:32:12.823-----------> Prop.loadProperties: E:\mercurialidempiere\home.properties not found [35]
10:32:12.824-----------> Prop.loadProperties: !!WARNING:Please locate yout custom home.properties on iDEMPIERE_HOME. [35]
10:32:36.721-----------> Msg.getMsg: NOT found: ni.idempiere.toolbar.button.action.report.label [33]
10:32:36.721-----------> Msg.getMsg: NOT found: ni.idempiere.toolbar.button.action.report.tooltip [33]
10:32:41.362-----------> Msg.getMsg: NOT found: ni.idempiere.toolbar.button.action.report.label [35]
10:32:41.363-----------> Msg.getMsg: NOT found: ni.idempiere.toolbar.button.action.report.tooltip [35]
10:32:44.294-----------> Msg.getMsg: NOT found: ni.idempiere.toolbar.button.action.report.label [35]
10:32:44.295-----------> Msg.getMsg: NOT found: ni.idempiere.toolbar.button.action.report.tooltip [35]
10:51:01.581-----------> Msg.getMsg: NOT found: ni.idempiere.toolbar.button.action.report.label [188]
10:51:01.581-----------> Msg.getMsg: NOT found: ni.idempiere.toolbar.button.action.report.tooltip [188]
10:52:47.332-----------> Msg.getMsg: NOT found: ni.idempiere.toolbar.button.action.report.label [35]
10:52:47.332-----------> Msg.getMsg: NOT found: ni.idempiere.toolbar.button.action.report.tooltip [35]
10:52:53.928===========> GridTab.processCallout:  [188]
javax.script.ScriptException: Sourced file: inline evaluation of: ``import org.compiere.util.DB; import java.math.BigDecimal; TenderType=A_Tab.getVa . . . '' : Error in method invocation: Method getTenderType() not found in class'java.lang.String' : at Line: 5 : in file: inline evaluation of: ``import org.compiere.util.DB; import java.math.BigDecimal; TenderType=A_Tab.getVa . . . '' : TenderType .getTenderType ( ) 
 in inline evaluation of: ``import org.compiere.util.DB; import java.math.BigDecimal; TenderType=A_Tab.getVa . . . '' at line number 5
	at bsh.engine.BshScriptEngine.evalSource(BshScriptEngine.java:92)
	at bsh.engine.BshScriptEngine.eval(BshScriptEngine.java:46)
	at javax.script.AbstractScriptEngine.eval(Unknown Source)
	at org.compiere.model.GridTab.processCallout(GridTab.java:2887)
	at org.compiere.model.GridTab.processFieldChange(GridTab.java:2749)
	at org.adempiere.webui.adwindow.ADTabpanel.dataStatusChanged(ADTabpanel.java:1240)
	at org.compiere.model.GridTab.fireDataStatusChanged(GridTab.java:2362)
	at org.compiere.model.GridTab.dataStatusChanged(GridTab.java:2330)
	at org.compiere.model.GridTable.fireDataStatusChanged(GridTable.java:3348)
	at org.compiere.model.GridTable.setValueAt(GridTable.java:1325)
	at org.compiere.model.GridTable.setValueAt(GridTable.java:1250)
	at org.adempiere.webui.util.GridTabDataBinder.valueChange(GridTabDataBinder.java:126)
	at org.adempiere.webui.editor.WEditor.fireValueChange(WEditor.java:403)
	at org.adempiere.webui.editor.WTableDirEditor.onEvent(WTableDirEditor.java:406)
	at org.zkoss.zk.ui.AbstractComponent.onEvent(AbstractComponent.java:2773)
	at org.zkoss.zk.ui.AbstractComponent.service(AbstractComponent.java:2744)
	at org.zkoss.zk.ui.AbstractComponent.service(AbstractComponent.java:2685)
	at org.zkoss.zk.ui.impl.EventProcessor.process(EventProcessor.java:136)
	at org.zkoss.zk.ui.impl.UiEngineImpl.processEvent(UiEngineImpl.java:1765)
	at org.zkoss.zk.ui.impl.UiEngineImpl.process(UiEngineImpl.java:1550)
	at org.zkoss.zk.ui.impl.UiEngineImpl.execUpdate(UiEngineImpl.java:1260)

10:52:53.945-----------> Msg.getMsg: NOT found: Callout Invalid: javax.script.ScriptException: Sourced file: inline evaluation of: ``import org.compiere.util.DB; import java.math.BigDecimal; TenderType=A_Tab.getVa . . . '' : Error in method invocation: Method getTenderType() not found in class'java.lang.String' : at Line: 5 : in file: inline evaluation of: ``import org.compiere.util.DB; import java.math.BigDecimal; TenderType=A_Tab.getVa . . . '' : TenderType .getTenderType ( ) 
 in inline evaluation of: ``import org.compiere.util.DB; import java.math.BigDecimal; TenderType=A_Tab.getVa . . . '' at line number 5 [188]
10:56:02.114-----------> Msg.getMsg: NOT found: ni.idempiere.toolbar.button.action.report.label [33]
10:56:02.114-----------> Msg.getMsg: NOT found: ni.idempiere.toolbar.button.action.report.tooltip [33]
10:56:07.434===========> GridTab.processCallout:  [35]
javax.script.ScriptException: Sourced file: inline evaluation of: ``import org.compiere.util.DB; import java.math.BigDecimal; TenderType=A_Tab.getVa . . . '' : Error in method invocation: Method getTenderType() not found in class'java.lang.String' : at Line: 5 : in file: inline evaluation of: ``import org.compiere.util.DB; import java.math.BigDecimal; TenderType=A_Tab.getVa . . . '' : TenderType .getTenderType ( ) 
 in inline evaluation of: ``import org.compiere.util.DB; import java.math.BigDecimal; TenderType=A_Tab.getVa . . . '' at line number 5
	at bsh.engine.BshScriptEngine.evalSource(BshScriptEngine.java:92)
	at bsh.engine.BshScriptEngine.eval(BshScriptEngine.java:46)
	at javax.script.AbstractScriptEngine.eval(Unknown Source)
	at org.compiere.model.GridTab.processCallout(GridTab.java:2887)
	at org.compiere.model.GridTab.processFieldChange(GridTab.java:2749)
	at org.adempiere.webui.adwindow.ADTabpanel.dataStatusChanged(ADTabpanel.java:1240)
	at org.compiere.model.GridTab.fireDataStatusChanged(GridTab.java:2362)
	at org.compiere.model.GridTab.dataStatusChanged(GridTab.java:2330)
	at org.compiere.model.GridTable.fireDataStatusChanged(GridTable.java:3348)
	at org.compiere.model.GridTable.setValueAt(GridTable.java:1325)
	at org.compiere.model.GridTable.setValueAt(GridTable.java:1250)
	at org.adempiere.webui.util.GridTabDataBinder.valueChange(GridTabDataBinder.java:126)
	at org.adempiere.webui.editor.WEditor.fireValueChange(WEditor.java:403)
	at org.adempiere.webui.editor.WTableDirEditor.onEvent(WTableDirEditor.java:406)
	at org.zkoss.zk.ui.AbstractComponent.onEvent(AbstractComponent.java:2773)
	at org.zkoss.zk.ui.AbstractComponent.service(AbstractComponent.java:2744)
	at org.zkoss.zk.ui.AbstractComponent.service(AbstractComponent.java:2685)
	at org.zkoss.zk.ui.impl.EventProcessor.process(EventProcessor.java:136)
	at org.zkoss.zk.ui.impl.UiEngineImpl.processEvent(UiEngineImpl.java:1765)
	at org.zkoss.zk.ui.impl.UiEngineImpl.process(UiEngineImpl.java:1550)
	at org.zkoss.zk.ui.impl.UiEngineImpl.execUpdate(UiEngineImpl.java:1260)

10:56:07.449-----------> Msg.getMsg: NOT found: Callout Invalid: javax.script.ScriptException: Sourced file: inline evaluation of: ``import org.compiere.util.DB; import java.math.BigDecimal; TenderType=A_Tab.getVa . . . '' : Error in method invocation: Method getTenderType() not found in class'java.lang.String' : at Line: 5 : in file: inline evaluation of: ``import org.compiere.util.DB; import java.math.BigDecimal; TenderType=A_Tab.getVa . . . '' : TenderType .getTenderType ( ) 
 in inline evaluation of: ``import org.compiere.util.DB; import java.math.BigDecimal; TenderType=A_Tab.getVa . . . '' at line number 5 [35]
10:56:25.202-----------> Prop.loadProperties: E:\mercurialidempiere\home.properties not found [33]
10:56:25.202-----------> Prop.loadProperties: !!WARNING:Please locate yout custom home.properties on iDEMPIERE_HOME. [33]
10:56:49.395-----------> Msg.getMsg: NOT found: ni.idempiere.toolbar.button.action.report.label [33]
10:56:49.395-----------> Msg.getMsg: NOT found: ni.idempiere.toolbar.button.action.report.tooltip [33]
10:57:45.530-----------> Msg.getMsg: NOT found: ni.idempiere.toolbar.button.action.report.label [33]
10:57:45.530-----------> Msg.getMsg: NOT found: ni.idempiere.toolbar.button.action.report.tooltip [33]
13:27:46.535-----------> ClusterService: [192.168.163.1]:5701 [adempiere.idempiere/localhost] [3.5.3] Resetting master confirmation timestamps because of huge system clock jump! Clock-Jump: 2789800ms, Master-Confirmation-Timeout: 500000ms. [201]
15:11:58.515-----------> ClusterService: [192.168.163.1]:5701 [adempiere.idempiere/localhost] [3.5.3] Resetting master confirmation timestamps because of huge system clock jump! Clock-Jump: 5580115ms, Master-Confirmation-Timeout: 500000ms. [224]
