*** 2017-08-18 15:38:48.972 idempiere Log (CLogFile) ***
15:38:48.971 Adempiere.startup: iDempiere(r) Release 3.1_2015-10-31 -Smart Suite ERP, CRM and SCM- (c) 1999-2013 iDempiere(r); Implementation: iDempiere - Supported by iDempiere community [17]
15:38:48.975 Ini.loadProperties: E:\mercurialidempiere/idempiere.properties #33 [17]
15:38:49.581 AdempiereActivator.installPackage: cm.itkamer.wandapos-integration2 1.0.0 was installed: 2017-07-10 23:50:08.486 [17]
15:38:49.583 AdempiereActivator.installPackage: ni.idempiere.procesingdocuments 1.0.0 was installed: 2017-08-18 11:31:17.908 [17]
15:38:49.585 AdempiereActivator.installPackage: ni.idempiere.importcurrencyrate 1.0.0 was installed: 2017-05-19 12:08:41.274 [17]
15:38:49.589 AdempiereActivator.installPackage: ni.idempiere.override.codebase 1.0.0 was installed: 2017-08-07 00:33:04.411 [17]
15:38:49.599 DB.isBuildOK: Build DB=${env.ADEMPIERE_VERSION} 20080428-1232 [17]
15:38:49.600 DB.isBuildOK: Build Cl=3.1.0.qualifier [17]
15:38:49.615-----------> DB.isBuildOK: Error en la versión de la construcción 

El programa asume version de construcción 3.1.0.qualifier, pero la base de datos tiene una versión ${env.ADEMPIERE_VERSION} 20080428-1232.
Es posible que esto cause errores difíciles de corregir.
Por favor contacte al ADMINISTRADOR. [17]
15:38:49.689 WebEnv.initWeb: Servlet Context Init Parameters: iDempiere Root
ServerRoot=1 [17]
15:38:49.871-----------> EMail.setFrom: you @ company.org: javax.mail.internet.AddressException: Local address contains control or whitespace in string ``you @ company.org'' [17]
15:38:49.872-----------> EMail.addTo: you @ company.org: javax.mail.internet.AddressException: Local address contains control or whitespace in string ``you @ company.org'' [17]
15:38:49.872-----------> EMail.isValid: From is invalid=null [17]
15:38:49.873-----------> EMail.isValid: From is invalid=null [17]
15:38:49.873-----------> MClient.sendEMail: Could NOT Send Email: Server started: iDempiere (odbz:192.168.47.1) to you @ company.org: Invalid Data (System) [17]
15:38:49.873 WebEnv.initWeb: Servlet Init Parameter: idempiereMonitor [17]
15:38:49.873 AdempiereMonitor.init:  [17]
15:38:51.457-----------> AnnotationConfiguration.configure: ServletContainerInitializers: detected. Class hierarchy: empty [17]
15:38:51.688-----------> ClassLocator.getDependentXMLResources: Replicate resource: ckez
Overwrite bundleresource://188.fwk491298318:2/metainfo/zk/config.xml
with bundleresource://188.fwk491298318:19/metainfo/zk/config.xml [17]
15:38:51.694-----------> ClassLocator.getDependentXMLResources: Replicate resource: zk
Overwrite bundleresource://188.fwk491298318:11/metainfo/zk/config.xml
with bundleresource://188.fwk491298318:28/metainfo/zk/config.xml [17]
15:38:51.698-----------> ClassLocator.getDependentXMLResources: Replicate resource: zkbind
Overwrite bundleresource://188.fwk491298318:12/metainfo/zk/config.xml
with bundleresource://188.fwk491298318:29/metainfo/zk/config.xml [17]
15:38:51.723-----------> ClassLocator.getDependentXMLResources: Replicate resource: zul
Overwrite bundleresource://188.fwk491298318:14/metainfo/zk/zk.xml
with bundleresource://188.fwk491298318:31/metainfo/zk/zk.xml [17]
15:38:52.063-----------> LanguageDefinition.<init>: Replicated language: xhtml, overriden by [LanguageDefinition: xhtml] [17]
15:38:52.088-----------> LanguageDefinition.<init>: Replicated language: xul/html, overriden by [LanguageDefinition: xul/html] [17]
15:38:52.139-----------> ClassLocator.getDependentXMLResources: Replicate resource: calendar
Overwrite bundleresource://188.fwk491298318:1/metainfo/zk/lang-addon.xml
with bundleresource://188.fwk491298318:18/metainfo/zk/lang-addon.xml [17]
15:38:52.145-----------> ClassLocator.getDependentXMLResources: Replicate resource: ckez
Overwrite bundleresource://188.fwk491298318:2/metainfo/zk/lang-addon.xml
with bundleresource://188.fwk491298318:19/metainfo/zk/lang-addon.xml [17]
15:38:52.153-----------> ClassLocator.getDependentXMLResources: Replicate resource: gmapsz
Overwrite bundleresource://188.fwk491298318:5/metainfo/zk/lang-addon.xml
with bundleresource://188.fwk491298318:22/metainfo/zk/lang-addon.xml [17]
15:38:52.157-----------> ClassLocator.getDependentXMLResources: Replicate resource: timeline
Overwrite bundleresource://188.fwk491298318:6/metainfo/zk/lang-addon.xml
with bundleresource://188.fwk491298318:23/metainfo/zk/lang-addon.xml [17]
15:38:52.162-----------> ClassLocator.getDependentXMLResources: Replicate resource: timeplot
Overwrite bundleresource://188.fwk491298318:7/metainfo/zk/lang-addon.xml
with bundleresource://188.fwk491298318:24/metainfo/zk/lang-addon.xml [17]
15:38:52.178-----------> ClassLocator.getDependentXMLResources: Replicate resource: zkbind
Overwrite bundleresource://188.fwk491298318:12/metainfo/zk/lang-addon.xml
with bundleresource://188.fwk491298318:29/metainfo/zk/lang-addon.xml [17]
15:38:52.184-----------> ClassLocator.getDependentXMLResources: Replicate resource: zkplus
Overwrite bundleresource://188.fwk491298318:13/metainfo/zk/lang-addon.xml
with bundleresource://188.fwk491298318:30/metainfo/zk/lang-addon.xml [17]
15:38:52.458           WebUIServlet.init: iDempiere Web Client started successfully [17]
15:38:53.450-----------> AnnotationConfiguration.configure: ServletContainerInitializers: detected. Class hierarchy: empty [17]

*** 2017-08-18 15:38:53.66 idempiere Log (CLogFile) ***
15:38:55.784-----------> Node: [192.168.163.1]:5701 [adempiere.nemusa/localhost] [3.5.3] No join method is enabled! Starting standalone. [42]
15:39:24.636===========> NIMPayment.beforeSave: Log desde NINSSMPayment... [32]
15:39:25.685===========> NIMPayment.beforeSave: Log desde NINSSMPayment... [133]
15:39:25.862===========> NIMPayment.beforeSave: Log desde NINSSMPayment... [133]
15:39:26.143===========> NIMPayment.beforeSave: Log desde NINSSMPayment... [133]
15:39:30.325-----------> MAllocationHdr.get_Value: Column not found - C_Payment_ID [133]
15:39:30.597-----------> MAllocationHdr.get_Value: Column not found - C_Invoice_ID [133]
15:39:42.847===========> NIMPayment.beforeSave: Log desde NINSSMPayment... [133]
15:39:43.710-----------> MAllocationHdr.get_Value: Column not found - C_Payment_ID [133]
15:39:43.711-----------> MAllocationHdr.get_Value: Column not found - C_Invoice_ID [133]
15:39:45.137===========> NIMPayment.beforeSave: Log desde NINSSMPayment... [133]
15:40:03.141===========> NIMPayment.beforeSave: Log desde NINSSMPayment... [121]
15:40:50.458===========> NIMPayment.beforeSave: Log desde NINSSMPayment... [188]
15:40:53.208-----------> MAllocationHdr.get_Value: Column not found - C_Payment_ID [188]
15:40:53.391-----------> MAllocationHdr.get_Value: Column not found - C_Invoice_ID [188]
15:41:24.129===========> NIMPayment.beforeSave: Log desde NINSSMPayment... [188]
