*** 2017-02-07 17:59:25.896 idempiere Log (CLogFile) ***
17:59:25.895 Adempiere.startup: iDempiere(r) Release 3.1_2015-10-31 -Smart Suite ERP, CRM and SCM- (c) 1999-2013 iDempiere(r); Implementation: iDempiere - Supported by iDempiere community [17]
17:59:25.900 Ini.loadProperties: E:\mercurialidempiere/idempiere-dev.properties #33 [17]
17:59:26.514 DB.isBuildOK: Build DB=${env.ADEMPIERE_VERSION} 20080428-1232 [17]
17:59:26.514 DB.isBuildOK: Build Cl=3.1.0.qualifier [17]
17:59:26.549-----------> DB.isBuildOK: Build Version Error 

The program assumes build version 3.1.0.qualifier, but database has build version ${env.ADEMPIERE_VERSION} 20080428-1232. 
This is likely to cause hard to fix errors. 
Please contact administrator. [17]
17:59:26.720 WebEnv.initWeb: Servlet Context Init Parameters: iDempiere Root
ServerRoot=1 [17]
17:59:26.905-----------> EMail.setFrom: you @ company.org: javax.mail.internet.AddressException: Local address contains control or whitespace in string ``you @ company.org'' [17]
17:59:26.912-----------> EMail.addTo: you @ company.org: javax.mail.internet.AddressException: Local address contains control or whitespace in string ``you @ company.org'' [17]
17:59:26.912-----------> EMail.isValid: From is invalid=null [17]
17:59:26.913-----------> EMail.isValid: From is invalid=null [17]
17:59:26.913-----------> MClient.sendEMail: Could NOT Send Email: Server started: iDempiere (odbz:192.168.47.1) to you @ company.org: Invalid Data (System) [17]
17:59:26.913 WebEnv.initWeb: Servlet Init Parameter: idempiereMonitor [17]
17:59:26.913 AdempiereMonitor.init:  [17]
17:59:29.320-----------> AnnotationConfiguration.configure: ServletContainerInitializers: detected. Class hierarchy: empty [17]
17:59:29.610-----------> ClassLocator.getDependentXMLResources: Replicate resource: ckez
Overwrite bundleresource://179.fwk1399961333:2/metainfo/zk/config.xml
with bundleresource://179.fwk1399961333:19/metainfo/zk/config.xml [17]
17:59:29.618-----------> ClassLocator.getDependentXMLResources: Replicate resource: zk
Overwrite bundleresource://179.fwk1399961333:11/metainfo/zk/config.xml
with bundleresource://179.fwk1399961333:28/metainfo/zk/config.xml [17]
17:59:29.624-----------> ClassLocator.getDependentXMLResources: Replicate resource: zkbind
Overwrite bundleresource://179.fwk1399961333:12/metainfo/zk/config.xml
with bundleresource://179.fwk1399961333:29/metainfo/zk/config.xml [17]
17:59:29.654-----------> ClassLocator.getDependentXMLResources: Replicate resource: zul
Overwrite bundleresource://179.fwk1399961333:14/metainfo/zk/zk.xml
with bundleresource://179.fwk1399961333:31/metainfo/zk/zk.xml [17]
17:59:30.073-----------> LanguageDefinition.<init>: Replicated language: xhtml, overriden by [LanguageDefinition: xhtml] [17]
17:59:30.103-----------> LanguageDefinition.<init>: Replicated language: xul/html, overriden by [LanguageDefinition: xul/html] [17]
17:59:30.168-----------> ClassLocator.getDependentXMLResources: Replicate resource: calendar
Overwrite bundleresource://179.fwk1399961333:1/metainfo/zk/lang-addon.xml
with bundleresource://179.fwk1399961333:18/metainfo/zk/lang-addon.xml [17]
17:59:30.173-----------> ClassLocator.getDependentXMLResources: Replicate resource: ckez
Overwrite bundleresource://179.fwk1399961333:2/metainfo/zk/lang-addon.xml
with bundleresource://179.fwk1399961333:19/metainfo/zk/lang-addon.xml [17]
17:59:30.179-----------> ClassLocator.getDependentXMLResources: Replicate resource: gmapsz
Overwrite bundleresource://179.fwk1399961333:5/metainfo/zk/lang-addon.xml
with bundleresource://179.fwk1399961333:22/metainfo/zk/lang-addon.xml [17]
17:59:30.182-----------> ClassLocator.getDependentXMLResources: Replicate resource: timeline
Overwrite bundleresource://179.fwk1399961333:6/metainfo/zk/lang-addon.xml
with bundleresource://179.fwk1399961333:23/metainfo/zk/lang-addon.xml [17]
17:59:30.185-----------> ClassLocator.getDependentXMLResources: Replicate resource: timeplot
Overwrite bundleresource://179.fwk1399961333:7/metainfo/zk/lang-addon.xml
with bundleresource://179.fwk1399961333:24/metainfo/zk/lang-addon.xml [17]
17:59:30.199-----------> ClassLocator.getDependentXMLResources: Replicate resource: zkbind
Overwrite bundleresource://179.fwk1399961333:12/metainfo/zk/lang-addon.xml
with bundleresource://179.fwk1399961333:29/metainfo/zk/lang-addon.xml [17]
17:59:30.208-----------> ClassLocator.getDependentXMLResources: Replicate resource: zkplus
Overwrite bundleresource://179.fwk1399961333:13/metainfo/zk/lang-addon.xml
with bundleresource://179.fwk1399961333:30/metainfo/zk/lang-addon.xml [17]
17:59:30.492           WebUIServlet.init: iDempiere Web Client started successfully [17]
17:59:31.637-----------> AnnotationConfiguration.configure: ServletContainerInitializers: detected. Class hierarchy: empty [17]
17:59:31.818-----------> LCO_ValidatorWH.initialize:  [70]
17:59:31.848 PipoDictionaryService.merge: zipFilepath->C:\Users\OBENAV~1\AppData\Local\Temp\org.globalqss.idempiere.LCO.withholdings6399242785158622309_2.1.1.zip [40]

*** 2017-02-07 17:59:32.031 idempiere Log (CLogFile) ***
17:59:34.712-----------> Node: [192.168.163.1]:5701 [adempiere.idempiere/localhost] [3.5.3] No join method is enabled! Starting standalone. [48]
17:59:43.347===========> TableIndexElementHandler.validateTableIndex: ERROR: no existe la columna am.amcanorder
  Position: 427 [40]
org.postgresql.util.PSQLException: ERROR: no existe la columna am.amcanorder
  Position: 427; State=42703; ErrorCode=0
	at org.postgresql.core.v3.QueryExecutorImpl.receiveErrorResponse(QueryExecutorImpl.java:2182)
	at org.postgresql.core.v3.QueryExecutorImpl.processResults(QueryExecutorImpl.java:1911)
	at org.postgresql.core.v3.QueryExecutorImpl.execute(QueryExecutorImpl.java:173)
	at org.postgresql.jdbc2.AbstractJdbc2Statement.execute(AbstractJdbc2Statement.java:645)
	at org.postgresql.jdbc2.AbstractJdbc2Statement.executeWithFlags(AbstractJdbc2Statement.java:481)
	at org.postgresql.jdbc2.AbstractJdbc2Statement.executeQuery(AbstractJdbc2Statement.java:361)
	at org.postgresql.jdbc2.AbstractJdbc2DatabaseMetaData.getIndexInfo(AbstractJdbc2DatabaseMetaData.java:4230)
	at com.mchange.v2.c3p0.impl.NewProxyDatabaseMetaData.getIndexInfo(NewProxyDatabaseMetaData.java:3328)
	at org.compiere.process.TableIndexValidate.validateTableIndex(TableIndexValidate.java:69)
	at org.adempiere.pipo2.handler.TableIndexElementHandler.validateTableIndex(TableIndexElementHandler.java:112)
	at org.adempiere.pipo2.handler.TableIndexElementHandler.endElement(TableIndexElementHandler.java:93)
	at org.adempiere.pipo2.PackInHandler.processElement(PackInHandler.java:266)
	at org.adempiere.pipo2.PackInHandler.processElement(PackInHandler.java:258)
	at org.adempiere.pipo2.PackInHandler.endElement(PackInHandler.java:337)
	at com.sun.org.apache.xerces.internal.parsers.AbstractSAXParser.endElement(Unknown Source)
	at com.sun.org.apache.xerces.internal.impl.XMLDocumentFragmentScannerImpl.scanEndElement(Unknown Source)
	at com.sun.org.apache.xerces.internal.impl.XMLDocumentFragmentScannerImpl$FragmentContentDriver.next(Unknown Source)
	at com.sun.org.apache.xerces.internal.impl.XMLDocumentScannerImpl.next(Unknown Source)
	at com.sun.org.apache.xerces.internal.impl.XMLDocumentFragmentScannerImpl.scanDocument(Unknown Source)
	at com.sun.org.apache.xerces.internal.parsers.XML11Configuration.parse(Unknown Source)
	at com.sun.org.apache.xerces.internal.parsers.XML11Configuration.parse(Unknown Source)

17:59:43.516===========> PackIn.importXML: importXML: [40]
org.adempiere.pipo2.exception.DatabaseAccessException: Failed to validate AD_TableIndex for lco_invoicewithholding_uu_idx
	at org.adempiere.pipo2.handler.TableIndexElementHandler.endElement(TableIndexElementHandler.java:99)
	at org.adempiere.pipo2.PackInHandler.processElement(PackInHandler.java:266)
	at org.adempiere.pipo2.PackInHandler.processElement(PackInHandler.java:258)
	at org.adempiere.pipo2.PackInHandler.endElement(PackInHandler.java:337)
	at com.sun.org.apache.xerces.internal.parsers.AbstractSAXParser.endElement(Unknown Source)
	at com.sun.org.apache.xerces.internal.impl.XMLDocumentFragmentScannerImpl.scanEndElement(Unknown Source)
	at com.sun.org.apache.xerces.internal.impl.XMLDocumentFragmentScannerImpl$FragmentContentDriver.next(Unknown Source)
	at com.sun.org.apache.xerces.internal.impl.XMLDocumentScannerImpl.next(Unknown Source)
	at com.sun.org.apache.xerces.internal.impl.XMLDocumentFragmentScannerImpl.scanDocument(Unknown Source)
	at com.sun.org.apache.xerces.internal.parsers.XML11Configuration.parse(Unknown Source)
	at com.sun.org.apache.xerces.internal.parsers.XML11Configuration.parse(Unknown Source)
	at com.sun.org.apache.xerces.internal.parsers.XMLParser.parse(Unknown Source)
	at com.sun.org.apache.xerces.internal.parsers.AbstractSAXParser.parse(Unknown Source)
	at com.sun.org.apache.xerces.internal.jaxp.SAXParserImpl$JAXPSAXParser.parse(Unknown Source)
	at com.sun.org.apache.xerces.internal.jaxp.SAXParserImpl.parse(Unknown Source)
	at javax.xml.parsers.SAXParser.parse(Unknown Source)
	at org.adempiere.pipo2.PackIn.importXML(PackIn.java:173)
	at org.adempiere.pipo2.PackIn.importXML(PackIn.java:136)
	at org.adempiere.pipo.srv.PipoDictionaryService.merge(PipoDictionaryService.java:104)
	at org.adempiere.plugin.utils.Incremental2PackActivator.packIn(Incremental2PackActivator.java:198)
	at org.adempiere.plugin.utils.Incremental2PackActivator.packIn(Incremental2PackActivator.java:166)

17:59:43.570===========> PackIn.importXML: importXML: [40]
java.lang.RuntimeException: Failed to validate AD_TableIndex for lco_invoicewithholding_uu_idx
	at org.adempiere.pipo2.PackIn.importXML(PackIn.java:188)
	at org.adempiere.pipo2.PackIn.importXML(PackIn.java:136)
	at org.adempiere.pipo.srv.PipoDictionaryService.merge(PipoDictionaryService.java:104)
	at org.adempiere.plugin.utils.Incremental2PackActivator.packIn(Incremental2PackActivator.java:198)
	at org.adempiere.plugin.utils.Incremental2PackActivator.packIn(Incremental2PackActivator.java:166)
	at org.adempiere.plugin.utils.Incremental2PackActivator.installPackage(Incremental2PackActivator.java:120)
	at org.adempiere.plugin.utils.Incremental2PackActivator.access$4(Incremental2PackActivator.java:89)
	at org.adempiere.plugin.utils.Incremental2PackActivator$2.run(Incremental2PackActivator.java:259)
	at java.util.concurrent.Executors$RunnableAdapter.call(Unknown Source)
	at java.util.concurrent.FutureTask.run(Unknown Source)
	at java.util.concurrent.ScheduledThreadPoolExecutor$ScheduledFutureTask.access$201(Unknown Source)
	at java.util.concurrent.ScheduledThreadPoolExecutor$ScheduledFutureTask.run(Unknown Source)
	at java.util.concurrent.ThreadPoolExecutor.runWorker(Unknown Source)
	at java.util.concurrent.ThreadPoolExecutor$Worker.run(Unknown Source)
	at java.lang.Thread.run(Unknown Source)
caused by: org.adempiere.pipo2.exception.DatabaseAccessException: Failed to validate AD_TableIndex for lco_invoicewithholding_uu_idx
	at org.adempiere.pipo2.handler.TableIndexElementHandler.endElement(TableIndexElementHandler.java:99)
	at org.adempiere.pipo2.PackInHandler.processElement(PackInHandler.java:266)
	at org.adempiere.pipo2.PackInHandler.processElement(PackInHandler.java:258)
	at org.adempiere.pipo2.PackInHandler.endElement(PackInHandler.java:337)
	at com.sun.org.apache.xerces.internal.parsers.AbstractSAXParser.endElement(Unknown Source)
	at com.sun.org.apache.xerces.internal.impl.XMLDocumentFragmentScannerImpl.scanEndElement(Unknown Source)
	at com.sun.org.apache.xerces.internal.impl.XMLDocumentFragmentScannerImpl$FragmentContentDriver.next(Unknown Source)
	at com.sun.org.apache.xerces.internal.impl.XMLDocumentScannerImpl.next(Unknown Source)
	at com.sun.org.apache.xerces.internal.impl.XMLDocumentFragmentScannerImpl.scanDocument(Unknown Source)
	at com.sun.org.apache.xerces.internal.parsers.XML11Configuration.parse(Unknown Source)
	at com.sun.org.apache.xerces.internal.parsers.XML11Configuration.parse(Unknown Source)
	at com.sun.org.apache.xerces.internal.parsers.XMLParser.parse(Unknown Source)
	at com.sun.org.apache.xerces.internal.parsers.AbstractSAXParser.parse(Unknown Source)
	at com.sun.org.apache.xerces.internal.jaxp.SAXParserImpl$JAXPSAXParser.parse(Unknown Source)
	at com.sun.org.apache.xerces.internal.jaxp.SAXParserImpl.parse(Unknown Source)
	at javax.xml.parsers.SAXParser.parse(Unknown Source)
	at org.adempiere.pipo2.PackIn.importXML(PackIn.java:173)
	at org.adempiere.pipo2.PackIn.importXML(PackIn.java:136)
	at org.adempiere.pipo.srv.PipoDictionaryService.merge(PipoDictionaryService.java:104)
	at org.adempiere.plugin.utils.Incremental2PackActivator.packIn(Incremental2PackActivator.java:198)
	at org.adempiere.plugin.utils.Incremental2PackActivator.packIn(Incremental2PackActivator.java:166)

17:59:43.616===========> PipoDictionaryService.merge: importXML: [40]
java.lang.RuntimeException: Failed to validate AD_TableIndex for lco_invoicewithholding_uu_idx
	at org.adempiere.pipo2.PackIn.importXML(PackIn.java:188)
	at org.adempiere.pipo2.PackIn.importXML(PackIn.java:136)
	at org.adempiere.pipo.srv.PipoDictionaryService.merge(PipoDictionaryService.java:104)
	at org.adempiere.plugin.utils.Incremental2PackActivator.packIn(Incremental2PackActivator.java:198)
	at org.adempiere.plugin.utils.Incremental2PackActivator.packIn(Incremental2PackActivator.java:166)
	at org.adempiere.plugin.utils.Incremental2PackActivator.installPackage(Incremental2PackActivator.java:120)
	at org.adempiere.plugin.utils.Incremental2PackActivator.access$4(Incremental2PackActivator.java:89)
	at org.adempiere.plugin.utils.Incremental2PackActivator$2.run(Incremental2PackActivator.java:259)
	at java.util.concurrent.Executors$RunnableAdapter.call(Unknown Source)
	at java.util.concurrent.FutureTask.run(Unknown Source)
	at java.util.concurrent.ScheduledThreadPoolExecutor$ScheduledFutureTask.access$201(Unknown Source)
	at java.util.concurrent.ScheduledThreadPoolExecutor$ScheduledFutureTask.run(Unknown Source)
	at java.util.concurrent.ThreadPoolExecutor.runWorker(Unknown Source)
	at java.util.concurrent.ThreadPoolExecutor$Worker.run(Unknown Source)
	at java.lang.Thread.run(Unknown Source)
caused by: org.adempiere.pipo2.exception.DatabaseAccessException: Failed to validate AD_TableIndex for lco_invoicewithholding_uu_idx
	at org.adempiere.pipo2.handler.TableIndexElementHandler.endElement(TableIndexElementHandler.java:99)
	at org.adempiere.pipo2.PackInHandler.processElement(PackInHandler.java:266)
	at org.adempiere.pipo2.PackInHandler.processElement(PackInHandler.java:258)
	at org.adempiere.pipo2.PackInHandler.endElement(PackInHandler.java:337)
	at com.sun.org.apache.xerces.internal.parsers.AbstractSAXParser.endElement(Unknown Source)
	at com.sun.org.apache.xerces.internal.impl.XMLDocumentFragmentScannerImpl.scanEndElement(Unknown Source)
	at com.sun.org.apache.xerces.internal.impl.XMLDocumentFragmentScannerImpl$FragmentContentDriver.next(Unknown Source)
	at com.sun.org.apache.xerces.internal.impl.XMLDocumentScannerImpl.next(Unknown Source)
	at com.sun.org.apache.xerces.internal.impl.XMLDocumentFragmentScannerImpl.scanDocument(Unknown Source)
	at com.sun.org.apache.xerces.internal.parsers.XML11Configuration.parse(Unknown Source)
	at com.sun.org.apache.xerces.internal.parsers.XML11Configuration.parse(Unknown Source)
	at com.sun.org.apache.xerces.internal.parsers.XMLParser.parse(Unknown Source)
	at com.sun.org.apache.xerces.internal.parsers.AbstractSAXParser.parse(Unknown Source)
	at com.sun.org.apache.xerces.internal.jaxp.SAXParserImpl$JAXPSAXParser.parse(Unknown Source)
	at com.sun.org.apache.xerces.internal.jaxp.SAXParserImpl.parse(Unknown Source)
	at javax.xml.parsers.SAXParser.parse(Unknown Source)
	at org.adempiere.pipo2.PackIn.importXML(PackIn.java:173)
	at org.adempiere.pipo2.PackIn.importXML(PackIn.java:136)
	at org.adempiere.pipo.srv.PipoDictionaryService.merge(PipoDictionaryService.java:104)
	at org.adempiere.plugin.utils.Incremental2PackActivator.packIn(Incremental2PackActivator.java:198)
	at org.adempiere.plugin.utils.Incremental2PackActivator.packIn(Incremental2PackActivator.java:166)

17:59:43.871===========> Incremental2PackActivator.packIn: Pack in failed. [40]
java.lang.RuntimeException: Failed to validate AD_TableIndex for lco_invoicewithholding_uu_idx
	at org.adempiere.pipo2.PackIn.importXML(PackIn.java:188)
	at org.adempiere.pipo2.PackIn.importXML(PackIn.java:136)
	at org.adempiere.pipo.srv.PipoDictionaryService.merge(PipoDictionaryService.java:104)
	at org.adempiere.plugin.utils.Incremental2PackActivator.packIn(Incremental2PackActivator.java:198)
	at org.adempiere.plugin.utils.Incremental2PackActivator.packIn(Incremental2PackActivator.java:166)
	at org.adempiere.plugin.utils.Incremental2PackActivator.installPackage(Incremental2PackActivator.java:120)
	at org.adempiere.plugin.utils.Incremental2PackActivator.access$4(Incremental2PackActivator.java:89)
	at org.adempiere.plugin.utils.Incremental2PackActivator$2.run(Incremental2PackActivator.java:259)
	at java.util.concurrent.Executors$RunnableAdapter.call(Unknown Source)
	at java.util.concurrent.FutureTask.run(Unknown Source)
	at java.util.concurrent.ScheduledThreadPoolExecutor$ScheduledFutureTask.access$201(Unknown Source)
	at java.util.concurrent.ScheduledThreadPoolExecutor$ScheduledFutureTask.run(Unknown Source)
	at java.util.concurrent.ThreadPoolExecutor.runWorker(Unknown Source)
	at java.util.concurrent.ThreadPoolExecutor$Worker.run(Unknown Source)
	at java.lang.Thread.run(Unknown Source)
caused by: org.adempiere.pipo2.exception.DatabaseAccessException: Failed to validate AD_TableIndex for lco_invoicewithholding_uu_idx
	at org.adempiere.pipo2.handler.TableIndexElementHandler.endElement(TableIndexElementHandler.java:99)
	at org.adempiere.pipo2.PackInHandler.processElement(PackInHandler.java:266)
	at org.adempiere.pipo2.PackInHandler.processElement(PackInHandler.java:258)
	at org.adempiere.pipo2.PackInHandler.endElement(PackInHandler.java:337)
	at com.sun.org.apache.xerces.internal.parsers.AbstractSAXParser.endElement(Unknown Source)
	at com.sun.org.apache.xerces.internal.impl.XMLDocumentFragmentScannerImpl.scanEndElement(Unknown Source)
	at com.sun.org.apache.xerces.internal.impl.XMLDocumentFragmentScannerImpl$FragmentContentDriver.next(Unknown Source)
	at com.sun.org.apache.xerces.internal.impl.XMLDocumentScannerImpl.next(Unknown Source)
	at com.sun.org.apache.xerces.internal.impl.XMLDocumentFragmentScannerImpl.scanDocument(Unknown Source)
	at com.sun.org.apache.xerces.internal.parsers.XML11Configuration.parse(Unknown Source)
	at com.sun.org.apache.xerces.internal.parsers.XML11Configuration.parse(Unknown Source)
	at com.sun.org.apache.xerces.internal.parsers.XMLParser.parse(Unknown Source)
	at com.sun.org.apache.xerces.internal.parsers.AbstractSAXParser.parse(Unknown Source)
	at com.sun.org.apache.xerces.internal.jaxp.SAXParserImpl$JAXPSAXParser.parse(Unknown Source)
	at com.sun.org.apache.xerces.internal.jaxp.SAXParserImpl.parse(Unknown Source)
	at javax.xml.parsers.SAXParser.parse(Unknown Source)
	at org.adempiere.pipo2.PackIn.importXML(PackIn.java:173)
	at org.adempiere.pipo2.PackIn.importXML(PackIn.java:136)
	at org.adempiere.pipo.srv.PipoDictionaryService.merge(PipoDictionaryService.java:104)
	at org.adempiere.plugin.utils.Incremental2PackActivator.packIn(Incremental2PackActivator.java:198)
	at org.adempiere.plugin.utils.Incremental2PackActivator.packIn(Incremental2PackActivator.java:166)

