*** 2016-09-30 09:48:03.602 idempiere Log (CLogFile) ***
09:48:03.601 Adempiere.startup: iDempiere(r) Release 3.1_2015-10-31 -Smart Suite ERP, CRM and SCM- (c) 1999-2013 iDempiere(r); Implementation: iDempiere - Supported by iDempiere community [17]
09:48:03.604 Ini.loadProperties: E:\mercurialidempiere/idempiere.properties #33 [17]
09:48:04.281 AdempiereActivator.installPackage: ni.idempiere.importcurrencyrate 1.0.0 was installed: 2016-07-14 16:34:48.698 [17]
09:48:04.299 DB.isBuildOK: Build DB=${env.ADEMPIERE_VERSION} 20080428-1232 [17]
09:48:04.299 DB.isBuildOK: Build Cl=3.1.0.qualifier [17]
09:48:04.322-----------> DB.isBuildOK: Build Version Error 

The program assumes build version 3.1.0.qualifier, but database has build version ${env.ADEMPIERE_VERSION} 20080428-1232. 
This is likely to cause hard to fix errors. 
Please contact administrator. [17]
09:48:04.416 WebEnv.initWeb: Servlet Context Init Parameters: iDempiere Root
ServerRoot=1 [17]
09:48:04.433-----------> EMail.setFrom: you @ company.org: javax.mail.internet.AddressException: Local address contains control or whitespace in string ``you @ company.org'' [17]
09:48:04.435-----------> EMail.addTo: you @ company.org: javax.mail.internet.AddressException: Local address contains control or whitespace in string ``you @ company.org'' [17]
09:48:04.436-----------> EMail.isValid: From is invalid=null [17]
09:48:04.436-----------> EMail.isValid: From is invalid=null [17]
09:48:04.436-----------> MClient.sendEMail: Could NOT Send Email: Server started: iDempiere (odbz:172.16.9.71) to you @ company.org: Invalid Data (System) [17]
09:48:04.436 WebEnv.initWeb: Servlet Init Parameter: idempiereMonitor [17]
09:48:04.437 AdempiereMonitor.init:  [17]
09:48:06.323-----------> AnnotationConfiguration.configure: ServletContainerInitializers: detected. Class hierarchy: empty [17]
09:48:06.573-----------> ClassLocator.getDependentXMLResources: Replicate resource: ckez
Overwrite bundleresource://188.fwk1319287199:2/metainfo/zk/config.xml
with bundleresource://188.fwk1319287199:19/metainfo/zk/config.xml [17]
09:48:06.579-----------> ClassLocator.getDependentXMLResources: Replicate resource: zk
Overwrite bundleresource://188.fwk1319287199:11/metainfo/zk/config.xml
with bundleresource://188.fwk1319287199:28/metainfo/zk/config.xml [17]
09:48:06.585-----------> ClassLocator.getDependentXMLResources: Replicate resource: zkbind
Overwrite bundleresource://188.fwk1319287199:12/metainfo/zk/config.xml
with bundleresource://188.fwk1319287199:29/metainfo/zk/config.xml [17]
09:48:06.611-----------> ClassLocator.getDependentXMLResources: Replicate resource: zul
Overwrite bundleresource://188.fwk1319287199:14/metainfo/zk/zk.xml
with bundleresource://188.fwk1319287199:31/metainfo/zk/zk.xml [17]
09:48:06.996-----------> LanguageDefinition.<init>: Replicated language: xhtml, overriden by [LanguageDefinition: xhtml] [17]
09:48:07.023-----------> LanguageDefinition.<init>: Replicated language: xul/html, overriden by [LanguageDefinition: xul/html] [17]
09:48:07.094-----------> ClassLocator.getDependentXMLResources: Replicate resource: calendar
Overwrite bundleresource://188.fwk1319287199:1/metainfo/zk/lang-addon.xml
with bundleresource://188.fwk1319287199:18/metainfo/zk/lang-addon.xml [17]
09:48:07.099-----------> ClassLocator.getDependentXMLResources: Replicate resource: ckez
Overwrite bundleresource://188.fwk1319287199:2/metainfo/zk/lang-addon.xml
with bundleresource://188.fwk1319287199:19/metainfo/zk/lang-addon.xml [17]
09:48:07.106-----------> ClassLocator.getDependentXMLResources: Replicate resource: gmapsz
Overwrite bundleresource://188.fwk1319287199:5/metainfo/zk/lang-addon.xml
with bundleresource://188.fwk1319287199:22/metainfo/zk/lang-addon.xml [17]
09:48:07.110-----------> ClassLocator.getDependentXMLResources: Replicate resource: timeline
Overwrite bundleresource://188.fwk1319287199:6/metainfo/zk/lang-addon.xml
with bundleresource://188.fwk1319287199:23/metainfo/zk/lang-addon.xml [17]
09:48:07.115-----------> ClassLocator.getDependentXMLResources: Replicate resource: timeplot
Overwrite bundleresource://188.fwk1319287199:7/metainfo/zk/lang-addon.xml
with bundleresource://188.fwk1319287199:24/metainfo/zk/lang-addon.xml [17]
09:48:07.127-----------> ClassLocator.getDependentXMLResources: Replicate resource: zkbind
Overwrite bundleresource://188.fwk1319287199:12/metainfo/zk/lang-addon.xml
with bundleresource://188.fwk1319287199:29/metainfo/zk/lang-addon.xml [17]
09:48:07.133-----------> ClassLocator.getDependentXMLResources: Replicate resource: zkplus
Overwrite bundleresource://188.fwk1319287199:13/metainfo/zk/lang-addon.xml
with bundleresource://188.fwk1319287199:30/metainfo/zk/lang-addon.xml [17]
09:48:07.260           WebUIServlet.init: iDempiere Web Client started successfully [17]
09:48:08.348-----------> AnnotationConfiguration.configure: ServletContainerInitializers: detected. Class hierarchy: empty [17]

*** 2016-09-30 09:48:08.602 idempiere Log (CLogFile) ***
09:48:10.846-----------> Node: [192.168.163.1]:5701 [adempiere.idempiere/localhost] [3.5.3] No join method is enabled! Starting standalone. [41]
