*** 2017-04-21 19:15:13.895 idempiere Log (CLogFile) ***
19:15:13.895 Adempiere.startup: iDempiere(r) Release 3.1_2015-10-31 -Smart Suite ERP, CRM and SCM- (c) 1999-2013 iDempiere(r); Implementation: iDempiere - Supported by iDempiere community [17]
19:15:13.899 Ini.loadProperties: E:\mercurialidempiere/idempiere.properties #33 [17]
19:15:14.422 DB.isBuildOK: Build DB=${env.ADEMPIERE_VERSION} 20080428-1232 [17]
19:15:14.423 DB.isBuildOK: Build Cl=3.1.0.qualifier [17]
19:15:14.441-----------> DB.isBuildOK: Build Version Error 

The program assumes build version 3.1.0.qualifier, but database has build version ${env.ADEMPIERE_VERSION} 20080428-1232. 
This is likely to cause hard to fix errors. 
Please contact administrator. [17]
19:15:14.529 WebEnv.initWeb: Servlet Context Init Parameters: iDempiere Root
ServerRoot=1 [17]
19:15:14.720-----------> EMail.setFrom: you @ company.org: javax.mail.internet.AddressException: Local address contains control or whitespace in string ``you @ company.org'' [17]
19:15:14.722-----------> EMail.addTo: you @ company.org: javax.mail.internet.AddressException: Local address contains control or whitespace in string ``you @ company.org'' [17]
19:15:14.722-----------> EMail.isValid: From is invalid=null [17]
19:15:14.722-----------> EMail.isValid: From is invalid=null [17]
19:15:14.722-----------> MClient.sendEMail: Could NOT Send Email: Server started: iDempiere (odbz:192.168.47.1) to you @ company.org: Invalid Data (System) [17]
19:15:14.722 WebEnv.initWeb: Servlet Init Parameter: idempiereMonitor [17]
19:15:14.723 AdempiereMonitor.init:  [17]
19:15:16.230-----------> AnnotationConfiguration.configure: ServletContainerInitializers: detected. Class hierarchy: empty [17]
19:15:16.449-----------> ClassLocator.getDependentXMLResources: Replicate resource: ckez
Overwrite bundleresource://181.fwk1399961333:2/metainfo/zk/config.xml
with bundleresource://181.fwk1399961333:19/metainfo/zk/config.xml [17]
19:15:16.456-----------> ClassLocator.getDependentXMLResources: Replicate resource: zk
Overwrite bundleresource://181.fwk1399961333:11/metainfo/zk/config.xml
with bundleresource://181.fwk1399961333:28/metainfo/zk/config.xml [17]
19:15:16.460-----------> ClassLocator.getDependentXMLResources: Replicate resource: zkbind
Overwrite bundleresource://181.fwk1399961333:12/metainfo/zk/config.xml
with bundleresource://181.fwk1399961333:29/metainfo/zk/config.xml [17]
19:15:16.484-----------> ClassLocator.getDependentXMLResources: Replicate resource: zul
Overwrite bundleresource://181.fwk1399961333:14/metainfo/zk/zk.xml
with bundleresource://181.fwk1399961333:31/metainfo/zk/zk.xml [17]
19:15:16.804-----------> LanguageDefinition.<init>: Replicated language: xhtml, overriden by [LanguageDefinition: xhtml] [17]
19:15:16.831-----------> LanguageDefinition.<init>: Replicated language: xul/html, overriden by [LanguageDefinition: xul/html] [17]
19:15:16.875-----------> ClassLocator.getDependentXMLResources: Replicate resource: calendar
Overwrite bundleresource://181.fwk1399961333:1/metainfo/zk/lang-addon.xml
with bundleresource://181.fwk1399961333:18/metainfo/zk/lang-addon.xml [17]
19:15:16.878-----------> ClassLocator.getDependentXMLResources: Replicate resource: ckez
Overwrite bundleresource://181.fwk1399961333:2/metainfo/zk/lang-addon.xml
with bundleresource://181.fwk1399961333:19/metainfo/zk/lang-addon.xml [17]
19:15:16.881-----------> ClassLocator.getDependentXMLResources: Replicate resource: gmapsz
Overwrite bundleresource://181.fwk1399961333:5/metainfo/zk/lang-addon.xml
with bundleresource://181.fwk1399961333:22/metainfo/zk/lang-addon.xml [17]
19:15:16.885-----------> ClassLocator.getDependentXMLResources: Replicate resource: timeline
Overwrite bundleresource://181.fwk1399961333:6/metainfo/zk/lang-addon.xml
with bundleresource://181.fwk1399961333:23/metainfo/zk/lang-addon.xml [17]
19:15:16.888-----------> ClassLocator.getDependentXMLResources: Replicate resource: timeplot
Overwrite bundleresource://181.fwk1399961333:7/metainfo/zk/lang-addon.xml
with bundleresource://181.fwk1399961333:24/metainfo/zk/lang-addon.xml [17]
19:15:16.901-----------> ClassLocator.getDependentXMLResources: Replicate resource: zkbind
Overwrite bundleresource://181.fwk1399961333:12/metainfo/zk/lang-addon.xml
with bundleresource://181.fwk1399961333:29/metainfo/zk/lang-addon.xml [17]
19:15:16.909-----------> ClassLocator.getDependentXMLResources: Replicate resource: zkplus
Overwrite bundleresource://181.fwk1399961333:13/metainfo/zk/lang-addon.xml
with bundleresource://181.fwk1399961333:30/metainfo/zk/lang-addon.xml [17]
19:15:17.232           WebUIServlet.init: iDempiere Web Client started successfully [17]
19:15:18.168-----------> AnnotationConfiguration.configure: ServletContainerInitializers: detected. Class hierarchy: empty [17]
19:15:18.269-----------> LCO_ValidatorWH.initialize:  [70]

*** 2017-04-21 19:15:18.421 idempiere Log (CLogFile) ***
19:15:20.421-----------> Node: [192.168.163.1]:5701 [adempiere.idempiere/localhost] [3.5.3] No join method is enabled! Starting standalone. [51]
19:15:51.152===========> MRole.addAccessSQL: TableName not correctly parsed - TableNameIn=C_Invoice - AccessSqlParser[C_Invoice=WHERE|0] - #1 C_Invoice=WHERE
 = SELECT C_Invoice_ID, DocumentNo, DateInvoiced, GrandTotal, PartialPayment, Balance, PaidBill FROM C_Invoice WHERE  [35]
