*** 2017-08-18 13:10:43.042 idempiere Log (CLogFile) ***
13:10:43.041 Adempiere.startup: iDempiere(r) Release 3.1_2015-10-31 -Smart Suite ERP, CRM and SCM- (c) 1999-2013 iDempiere(r); Implementation: iDempiere - Supported by iDempiere community [17]
13:10:43.045 Ini.loadProperties: E:\mercurialidempiere/idempiere.properties #33 [17]
13:10:43.560 AdempiereActivator.installPackage: ni.idempiere.procesingdocuments 1.0.0 was installed: 2017-08-18 11:31:17.908 [17]
13:10:43.563 AdempiereActivator.installPackage: ni.idempiere.importcurrencyrate 1.0.0 was installed: 2017-05-19 12:08:41.274 [17]
13:10:43.564 AdempiereActivator.installPackage: cm.itkamer.wandapos-integration2 1.0.0 was installed: 2017-07-10 23:50:08.486 [17]
13:10:43.567 AdempiereActivator.installPackage: ni.idempiere.override.codebase 1.0.0 was installed: 2017-08-07 00:33:04.411 [17]
13:10:43.579 DB.isBuildOK: Build DB=${env.ADEMPIERE_VERSION} 20080428-1232 [17]
13:10:43.579 DB.isBuildOK: Build Cl=3.1.0.qualifier [17]
13:10:43.596-----------> DB.isBuildOK: Error en la versión de la construcción 

El programa asume version de construcción 3.1.0.qualifier, pero la base de datos tiene una versión ${env.ADEMPIERE_VERSION} 20080428-1232.
Es posible que esto cause errores difíciles de corregir.
Por favor contacte al ADMINISTRADOR. [17]
13:10:43.670 WebEnv.initWeb: Servlet Context Init Parameters: iDempiere Root
ServerRoot=1 [17]
13:10:43.859-----------> EMail.setFrom: you @ company.org: javax.mail.internet.AddressException: Local address contains control or whitespace in string ``you @ company.org'' [17]
13:10:43.860-----------> EMail.addTo: you @ company.org: javax.mail.internet.AddressException: Local address contains control or whitespace in string ``you @ company.org'' [17]
13:10:43.861-----------> EMail.isValid: From is invalid=null [17]
13:10:43.861-----------> EMail.isValid: From is invalid=null [17]
13:10:43.861-----------> MClient.sendEMail: Could NOT Send Email: Server started: iDempiere (odbz:192.168.8.100) to you @ company.org: Invalid Data (System) [17]
13:10:43.861 WebEnv.initWeb: Servlet Init Parameter: idempiereMonitor [17]
13:10:43.861 AdempiereMonitor.init:  [17]
13:10:45.395-----------> AnnotationConfiguration.configure: ServletContainerInitializers: detected. Class hierarchy: empty [17]
13:10:45.614-----------> ClassLocator.getDependentXMLResources: Replicate resource: ckez
Overwrite bundleresource://188.fwk176207911:2/metainfo/zk/config.xml
with bundleresource://188.fwk176207911:19/metainfo/zk/config.xml [17]
13:10:45.620-----------> ClassLocator.getDependentXMLResources: Replicate resource: zk
Overwrite bundleresource://188.fwk176207911:11/metainfo/zk/config.xml
with bundleresource://188.fwk176207911:28/metainfo/zk/config.xml [17]
13:10:45.625-----------> ClassLocator.getDependentXMLResources: Replicate resource: zkbind
Overwrite bundleresource://188.fwk176207911:12/metainfo/zk/config.xml
with bundleresource://188.fwk176207911:29/metainfo/zk/config.xml [17]
13:10:45.655-----------> ClassLocator.getDependentXMLResources: Replicate resource: zul
Overwrite bundleresource://188.fwk176207911:14/metainfo/zk/zk.xml
with bundleresource://188.fwk176207911:31/metainfo/zk/zk.xml [17]
13:10:45.982-----------> LanguageDefinition.<init>: Replicated language: xhtml, overriden by [LanguageDefinition: xhtml] [17]
13:10:46.004-----------> LanguageDefinition.<init>: Replicated language: xul/html, overriden by [LanguageDefinition: xul/html] [17]
13:10:46.058-----------> ClassLocator.getDependentXMLResources: Replicate resource: calendar
Overwrite bundleresource://188.fwk176207911:1/metainfo/zk/lang-addon.xml
with bundleresource://188.fwk176207911:18/metainfo/zk/lang-addon.xml [17]
13:10:46.063-----------> ClassLocator.getDependentXMLResources: Replicate resource: ckez
Overwrite bundleresource://188.fwk176207911:2/metainfo/zk/lang-addon.xml
with bundleresource://188.fwk176207911:19/metainfo/zk/lang-addon.xml [17]
13:10:46.069-----------> ClassLocator.getDependentXMLResources: Replicate resource: gmapsz
Overwrite bundleresource://188.fwk176207911:5/metainfo/zk/lang-addon.xml
with bundleresource://188.fwk176207911:22/metainfo/zk/lang-addon.xml [17]
13:10:46.074-----------> ClassLocator.getDependentXMLResources: Replicate resource: timeline
Overwrite bundleresource://188.fwk176207911:6/metainfo/zk/lang-addon.xml
with bundleresource://188.fwk176207911:23/metainfo/zk/lang-addon.xml [17]
13:10:46.078-----------> ClassLocator.getDependentXMLResources: Replicate resource: timeplot
Overwrite bundleresource://188.fwk176207911:7/metainfo/zk/lang-addon.xml
with bundleresource://188.fwk176207911:24/metainfo/zk/lang-addon.xml [17]
13:10:46.093-----------> ClassLocator.getDependentXMLResources: Replicate resource: zkbind
Overwrite bundleresource://188.fwk176207911:12/metainfo/zk/lang-addon.xml
with bundleresource://188.fwk176207911:29/metainfo/zk/lang-addon.xml [17]
13:10:46.099-----------> ClassLocator.getDependentXMLResources: Replicate resource: zkplus
Overwrite bundleresource://188.fwk176207911:13/metainfo/zk/lang-addon.xml
with bundleresource://188.fwk176207911:30/metainfo/zk/lang-addon.xml [17]
13:10:46.447           WebUIServlet.init: iDempiere Web Client started successfully [17]
13:10:47.518-----------> AnnotationConfiguration.configure: ServletContainerInitializers: detected. Class hierarchy: empty [17]

*** 2017-08-18 13:10:47.736 idempiere Log (CLogFile) ***
13:10:49.804-----------> Node: [192.168.163.1]:5701 [adempiere.nemusa/localhost] [3.5.3] No join method is enabled! Starting standalone. [42]
13:12:05.002===========> GridWindowVO.create: No Window - AD_Window_ID=143, AD_Role_ID=MRole[0,System Administrator,UserLevel=S  ,AD_Client_ID=0,AD_Org_ID=0] - SELECT Name,Description,Help,WindowType, AD_Color_ID,AD_Image_ID,WinHeight,WinWidth, IsSOTrx, AD_Window_UU FROM AD_Window_vt w WHERE w.AD_Window_ID=? AND AD_Language='es_NI' [64]
13:12:05.180===========> CLogger.saveError: AccessTableNoView - (Not found) [64]
15:17:39.626-----------> ClusterService: [192.168.163.1]:5701 [adempiere.nemusa/localhost] [3.5.3] Resetting master confirmation timestamps because of huge system clock jump! Clock-Jump: 7090463ms, Master-Confirmation-Timeout: 500000ms. [103]
