*** 2016-05-23 10:33:13.203 idempiere Log (CLogFile) ***
10:33:13.203 Adempiere.startup: iDempiere(r) Release 3.1_2015-10-31 -Smart Suite ERP, CRM and SCM- (c) 1999-2013 iDempiere(r); Implementation: iDempiere - Supported by iDempiere community [17]
10:33:13.203 Ini.loadProperties: E:\mercurialidempiere/idempiere-test.properties #32 [17]
10:33:20.675-----------> BasicResourcePool.log: com.mchange.v2.resourcepool.BasicResourcePool$ScatteredAcquireTask@68777ecf -- Acquisition Attempt Failed!!! Clearing pending acquires. While trying to acquire a needed new resource, we failed to succeed more than the maximum number of allowed acquisition attempts (2). Last acquisition attempt exception:  [44]
org.postgresql.util.PSQLException: Connection to 10.0.4.130:5432 refused. Check that the hostname and port are correct and that the postmaster is accepting TCP/IP connections.; State=08001; ErrorCode=0
	at org.postgresql.core.v3.ConnectionFactoryImpl.openConnectionImpl(ConnectionFactoryImpl.java:247)
	at org.postgresql.core.ConnectionFactory.openConnection(ConnectionFactory.java:65)
	at org.postgresql.jdbc2.AbstractJdbc2Connection.<init>(AbstractJdbc2Connection.java:149)
	at org.postgresql.jdbc3.AbstractJdbc3Connection.<init>(AbstractJdbc3Connection.java:35)
	at org.postgresql.jdbc3g.AbstractJdbc3gConnection.<init>(AbstractJdbc3gConnection.java:22)
	at org.postgresql.jdbc4.AbstractJdbc4Connection.<init>(AbstractJdbc4Connection.java:47)
	at org.postgresql.jdbc4.Jdbc4Connection.<init>(Jdbc4Connection.java:30)
	at org.postgresql.Driver.makeConnection(Driver.java:414)
	at org.postgresql.Driver.connect(Driver.java:282)
	at com.mchange.v2.c3p0.DriverManagerDataSource.getConnection(DriverManagerDataSource.java:175)
	at com.mchange.v2.c3p0.WrapperConnectionPoolDataSource.getPooledConnection(WrapperConnectionPoolDataSource.java:220)
	at com.mchange.v2.c3p0.WrapperConnectionPoolDataSource.getPooledConnection(WrapperConnectionPoolDataSource.java:206)
	at com.mchange.v2.c3p0.impl.C3P0PooledConnectionPool$1PooledConnectionResourcePoolManager.acquireResource(C3P0PooledConnectionPool.java:200)
	at com.mchange.v2.resourcepool.BasicResourcePool.doAcquire(BasicResourcePool.java:1127)
	at com.mchange.v2.resourcepool.BasicResourcePool.doAcquireAndDecrementPendingAcquiresWithinLockOnSuccess(BasicResourcePool.java:1114)
	at com.mchange.v2.resourcepool.BasicResourcePool.access$800(BasicResourcePool.java:44)
	at com.mchange.v2.resourcepool.BasicResourcePool$ScatteredAcquireTask.run(BasicResourcePool.java:1855)
	at com.mchange.v2.async.ThreadPoolAsynchronousRunner$PoolThread.run(ThreadPoolAsynchronousRunner.java:696)
caused by: java.net.ConnectException: Connection refused: connect
	at java.net.DualStackPlainSocketImpl.connect0(Native Method)
	at java.net.DualStackPlainSocketImpl.socketConnect(Unknown Source)
	at java.net.AbstractPlainSocketImpl.doConnect(Unknown Source)
	at java.net.AbstractPlainSocketImpl.connectToAddress(Unknown Source)
	at java.net.AbstractPlainSocketImpl.connect(Unknown Source)
	at java.net.PlainSocketImpl.connect(Unknown Source)
	at java.net.SocksSocketImpl.connect(Unknown Source)
	at java.net.Socket.connect(Unknown Source)
	at org.postgresql.core.PGStream.<init>(PGStream.java:61)
	at org.postgresql.core.v3.ConnectionFactoryImpl.openConnectionImpl(ConnectionFactoryImpl.java:129)
	at org.postgresql.core.ConnectionFactory.openConnection(ConnectionFactory.java:65)
	at org.postgresql.jdbc2.AbstractJdbc2Connection.<init>(AbstractJdbc2Connection.java:149)
	at org.postgresql.jdbc3.AbstractJdbc3Connection.<init>(AbstractJdbc3Connection.java:35)
	at org.postgresql.jdbc3g.AbstractJdbc3gConnection.<init>(AbstractJdbc3gConnection.java:22)
	at org.postgresql.jdbc4.AbstractJdbc4Connection.<init>(AbstractJdbc4Connection.java:47)
	at org.postgresql.jdbc4.Jdbc4Connection.<init>(Jdbc4Connection.java:30)
	at org.postgresql.Driver.makeConnection(Driver.java:414)
	at org.postgresql.Driver.connect(Driver.java:282)
	at com.mchange.v2.c3p0.DriverManagerDataSource.getConnection(DriverManagerDataSource.java:175)
	at com.mchange.v2.c3p0.WrapperConnectionPoolDataSource.getPooledConnection(WrapperConnectionPoolDataSource.java:220)
	at com.mchange.v2.c3p0.WrapperConnectionPoolDataSource.getPooledConnection(WrapperConnectionPoolDataSource.java:206)

10:33:20.675-----------> BasicResourcePool.log: com.mchange.v2.resourcepool.BasicResourcePool$ScatteredAcquireTask@6657395e -- Acquisition Attempt Failed!!! Clearing pending acquires. While trying to acquire a needed new resource, we failed to succeed more than the maximum number of allowed acquisition attempts (2). Last acquisition attempt exception:  [45]
org.postgresql.util.PSQLException: Connection to 10.0.4.130:5432 refused. Check that the hostname and port are correct and that the postmaster is accepting TCP/IP connections.; State=08001; ErrorCode=0
	at org.postgresql.core.v3.ConnectionFactoryImpl.openConnectionImpl(ConnectionFactoryImpl.java:247)
	at org.postgresql.core.ConnectionFactory.openConnection(ConnectionFactory.java:65)
	at org.postgresql.jdbc2.AbstractJdbc2Connection.<init>(AbstractJdbc2Connection.java:149)
	at org.postgresql.jdbc3.AbstractJdbc3Connection.<init>(AbstractJdbc3Connection.java:35)
	at org.postgresql.jdbc3g.AbstractJdbc3gConnection.<init>(AbstractJdbc3gConnection.java:22)
	at org.postgresql.jdbc4.AbstractJdbc4Connection.<init>(AbstractJdbc4Connection.java:47)
	at org.postgresql.jdbc4.Jdbc4Connection.<init>(Jdbc4Connection.java:30)
	at org.postgresql.Driver.makeConnection(Driver.java:414)
	at org.postgresql.Driver.connect(Driver.java:282)
	at com.mchange.v2.c3p0.DriverManagerDataSource.getConnection(DriverManagerDataSource.java:175)
	at com.mchange.v2.c3p0.WrapperConnectionPoolDataSource.getPooledConnection(WrapperConnectionPoolDataSource.java:220)
	at com.mchange.v2.c3p0.WrapperConnectionPoolDataSource.getPooledConnection(WrapperConnectionPoolDataSource.java:206)
	at com.mchange.v2.c3p0.impl.C3P0PooledConnectionPool$1PooledConnectionResourcePoolManager.acquireResource(C3P0PooledConnectionPool.java:200)
	at com.mchange.v2.resourcepool.BasicResourcePool.doAcquire(BasicResourcePool.java:1127)
	at com.mchange.v2.resourcepool.BasicResourcePool.doAcquireAndDecrementPendingAcquiresWithinLockOnSuccess(BasicResourcePool.java:1114)
	at com.mchange.v2.resourcepool.BasicResourcePool.access$800(BasicResourcePool.java:44)
	at com.mchange.v2.resourcepool.BasicResourcePool$ScatteredAcquireTask.run(BasicResourcePool.java:1855)
	at com.mchange.v2.async.ThreadPoolAsynchronousRunner$PoolThread.run(ThreadPoolAsynchronousRunner.java:696)
caused by: java.net.ConnectException: Connection refused: connect
	at java.net.DualStackPlainSocketImpl.connect0(Native Method)
	at java.net.DualStackPlainSocketImpl.socketConnect(Unknown Source)
	at java.net.AbstractPlainSocketImpl.doConnect(Unknown Source)
	at java.net.AbstractPlainSocketImpl.connectToAddress(Unknown Source)
	at java.net.AbstractPlainSocketImpl.connect(Unknown Source)
	at java.net.PlainSocketImpl.connect(Unknown Source)
	at java.net.SocksSocketImpl.connect(Unknown Source)
	at java.net.Socket.connect(Unknown Source)
	at org.postgresql.core.PGStream.<init>(PGStream.java:61)
	at org.postgresql.core.v3.ConnectionFactoryImpl.openConnectionImpl(ConnectionFactoryImpl.java:129)
	at org.postgresql.core.ConnectionFactory.openConnection(ConnectionFactory.java:65)
	at org.postgresql.jdbc2.AbstractJdbc2Connection.<init>(AbstractJdbc2Connection.java:149)
	at org.postgresql.jdbc3.AbstractJdbc3Connection.<init>(AbstractJdbc3Connection.java:35)
	at org.postgresql.jdbc3g.AbstractJdbc3gConnection.<init>(AbstractJdbc3gConnection.java:22)
	at org.postgresql.jdbc4.AbstractJdbc4Connection.<init>(AbstractJdbc4Connection.java:47)
	at org.postgresql.jdbc4.Jdbc4Connection.<init>(Jdbc4Connection.java:30)
	at org.postgresql.Driver.makeConnection(Driver.java:414)
	at org.postgresql.Driver.connect(Driver.java:282)
	at com.mchange.v2.c3p0.DriverManagerDataSource.getConnection(DriverManagerDataSource.java:175)
	at com.mchange.v2.c3p0.WrapperConnectionPoolDataSource.getPooledConnection(WrapperConnectionPoolDataSource.java:220)
	at com.mchange.v2.c3p0.WrapperConnectionPoolDataSource.getPooledConnection(WrapperConnectionPoolDataSource.java:206)

10:33:20.701-----------> BasicResourcePool.log: Having failed to acquire a resource, com.mchange.v2.resourcepool.BasicResourcePool@ef9b0e3 is interrupting all Threads waiting on a resource to check out. Will try again in response to new client requests. [44]
10:33:20.702-----------> BasicResourcePool.log: Having failed to acquire a resource, com.mchange.v2.resourcepool.BasicResourcePool@ef9b0e3 is interrupting all Threads waiting on a resource to check out. Will try again in response to new client requests. [45]
10:33:21.721-----------> BasicResourcePool.log: com.mchange.v2.resourcepool.BasicResourcePool$ScatteredAcquireTask@6b66187b -- Acquisition Attempt Failed!!! Clearing pending acquires. While trying to acquire a needed new resource, we failed to succeed more than the maximum number of allowed acquisition attempts (2). Last acquisition attempt exception:  [45]
org.postgresql.util.PSQLException: Connection to 10.0.4.130:5432 refused. Check that the hostname and port are correct and that the postmaster is accepting TCP/IP connections.; State=08001; ErrorCode=0
	at org.postgresql.core.v3.ConnectionFactoryImpl.openConnectionImpl(ConnectionFactoryImpl.java:247)
	at org.postgresql.core.ConnectionFactory.openConnection(ConnectionFactory.java:65)
	at org.postgresql.jdbc2.AbstractJdbc2Connection.<init>(AbstractJdbc2Connection.java:149)
	at org.postgresql.jdbc3.AbstractJdbc3Connection.<init>(AbstractJdbc3Connection.java:35)
	at org.postgresql.jdbc3g.AbstractJdbc3gConnection.<init>(AbstractJdbc3gConnection.java:22)
	at org.postgresql.jdbc4.AbstractJdbc4Connection.<init>(AbstractJdbc4Connection.java:47)
	at org.postgresql.jdbc4.Jdbc4Connection.<init>(Jdbc4Connection.java:30)
	at org.postgresql.Driver.makeConnection(Driver.java:414)
	at org.postgresql.Driver.connect(Driver.java:282)
	at com.mchange.v2.c3p0.DriverManagerDataSource.getConnection(DriverManagerDataSource.java:175)
	at com.mchange.v2.c3p0.WrapperConnectionPoolDataSource.getPooledConnection(WrapperConnectionPoolDataSource.java:220)
	at com.mchange.v2.c3p0.WrapperConnectionPoolDataSource.getPooledConnection(WrapperConnectionPoolDataSource.java:206)
	at com.mchange.v2.c3p0.impl.C3P0PooledConnectionPool$1PooledConnectionResourcePoolManager.acquireResource(C3P0PooledConnectionPool.java:200)
	at com.mchange.v2.resourcepool.BasicResourcePool.doAcquire(BasicResourcePool.java:1127)
	at com.mchange.v2.resourcepool.BasicResourcePool.doAcquireAndDecrementPendingAcquiresWithinLockOnSuccess(BasicResourcePool.java:1114)
	at com.mchange.v2.resourcepool.BasicResourcePool.access$800(BasicResourcePool.java:44)
	at com.mchange.v2.resourcepool.BasicResourcePool$ScatteredAcquireTask.run(BasicResourcePool.java:1855)
	at com.mchange.v2.async.ThreadPoolAsynchronousRunner$PoolThread.run(ThreadPoolAsynchronousRunner.java:696)
caused by: java.net.ConnectException: Connection refused: connect
	at java.net.DualStackPlainSocketImpl.connect0(Native Method)
	at java.net.DualStackPlainSocketImpl.socketConnect(Unknown Source)
	at java.net.AbstractPlainSocketImpl.doConnect(Unknown Source)
	at java.net.AbstractPlainSocketImpl.connectToAddress(Unknown Source)
	at java.net.AbstractPlainSocketImpl.connect(Unknown Source)
	at java.net.PlainSocketImpl.connect(Unknown Source)
	at java.net.SocksSocketImpl.connect(Unknown Source)
	at java.net.Socket.connect(Unknown Source)
	at org.postgresql.core.PGStream.<init>(PGStream.java:61)
	at org.postgresql.core.v3.ConnectionFactoryImpl.openConnectionImpl(ConnectionFactoryImpl.java:129)
	at org.postgresql.core.ConnectionFactory.openConnection(ConnectionFactory.java:65)
	at org.postgresql.jdbc2.AbstractJdbc2Connection.<init>(AbstractJdbc2Connection.java:149)
	at org.postgresql.jdbc3.AbstractJdbc3Connection.<init>(AbstractJdbc3Connection.java:35)
	at org.postgresql.jdbc3g.AbstractJdbc3gConnection.<init>(AbstractJdbc3gConnection.java:22)
	at org.postgresql.jdbc4.AbstractJdbc4Connection.<init>(AbstractJdbc4Connection.java:47)
	at org.postgresql.jdbc4.Jdbc4Connection.<init>(Jdbc4Connection.java:30)
	at org.postgresql.Driver.makeConnection(Driver.java:414)
	at org.postgresql.Driver.connect(Driver.java:282)
	at com.mchange.v2.c3p0.DriverManagerDataSource.getConnection(DriverManagerDataSource.java:175)
	at com.mchange.v2.c3p0.WrapperConnectionPoolDataSource.getPooledConnection(WrapperConnectionPoolDataSource.java:220)
	at com.mchange.v2.c3p0.WrapperConnectionPoolDataSource.getPooledConnection(WrapperConnectionPoolDataSource.java:206)

10:33:21.721-----------> BasicResourcePool.log: com.mchange.v2.resourcepool.BasicResourcePool$ScatteredAcquireTask@6a010e9b -- Acquisition Attempt Failed!!! Clearing pending acquires. While trying to acquire a needed new resource, we failed to succeed more than the maximum number of allowed acquisition attempts (2). Last acquisition attempt exception:  [44]
org.postgresql.util.PSQLException: Connection to 10.0.4.130:5432 refused. Check that the hostname and port are correct and that the postmaster is accepting TCP/IP connections.; State=08001; ErrorCode=0
	at org.postgresql.core.v3.ConnectionFactoryImpl.openConnectionImpl(ConnectionFactoryImpl.java:247)
	at org.postgresql.core.ConnectionFactory.openConnection(ConnectionFactory.java:65)
	at org.postgresql.jdbc2.AbstractJdbc2Connection.<init>(AbstractJdbc2Connection.java:149)
	at org.postgresql.jdbc3.AbstractJdbc3Connection.<init>(AbstractJdbc3Connection.java:35)
	at org.postgresql.jdbc3g.AbstractJdbc3gConnection.<init>(AbstractJdbc3gConnection.java:22)
	at org.postgresql.jdbc4.AbstractJdbc4Connection.<init>(AbstractJdbc4Connection.java:47)
	at org.postgresql.jdbc4.Jdbc4Connection.<init>(Jdbc4Connection.java:30)
	at org.postgresql.Driver.makeConnection(Driver.java:414)
	at org.postgresql.Driver.connect(Driver.java:282)
	at com.mchange.v2.c3p0.DriverManagerDataSource.getConnection(DriverManagerDataSource.java:175)
	at com.mchange.v2.c3p0.WrapperConnectionPoolDataSource.getPooledConnection(WrapperConnectionPoolDataSource.java:220)
	at com.mchange.v2.c3p0.WrapperConnectionPoolDataSource.getPooledConnection(WrapperConnectionPoolDataSource.java:206)
	at com.mchange.v2.c3p0.impl.C3P0PooledConnectionPool$1PooledConnectionResourcePoolManager.acquireResource(C3P0PooledConnectionPool.java:200)
	at com.mchange.v2.resourcepool.BasicResourcePool.doAcquire(BasicResourcePool.java:1127)
	at com.mchange.v2.resourcepool.BasicResourcePool.doAcquireAndDecrementPendingAcquiresWithinLockOnSuccess(BasicResourcePool.java:1114)
	at com.mchange.v2.resourcepool.BasicResourcePool.access$800(BasicResourcePool.java:44)
	at com.mchange.v2.resourcepool.BasicResourcePool$ScatteredAcquireTask.run(BasicResourcePool.java:1855)
	at com.mchange.v2.async.ThreadPoolAsynchronousRunner$PoolThread.run(ThreadPoolAsynchronousRunner.java:696)
caused by: java.net.ConnectException: Connection refused: connect
	at java.net.DualStackPlainSocketImpl.connect0(Native Method)
	at java.net.DualStackPlainSocketImpl.socketConnect(Unknown Source)
	at java.net.AbstractPlainSocketImpl.doConnect(Unknown Source)
	at java.net.AbstractPlainSocketImpl.connectToAddress(Unknown Source)
	at java.net.AbstractPlainSocketImpl.connect(Unknown Source)
	at java.net.PlainSocketImpl.connect(Unknown Source)
	at java.net.SocksSocketImpl.connect(Unknown Source)
	at java.net.Socket.connect(Unknown Source)
	at org.postgresql.core.PGStream.<init>(PGStream.java:61)
	at org.postgresql.core.v3.ConnectionFactoryImpl.openConnectionImpl(ConnectionFactoryImpl.java:129)
	at org.postgresql.core.ConnectionFactory.openConnection(ConnectionFactory.java:65)
	at org.postgresql.jdbc2.AbstractJdbc2Connection.<init>(AbstractJdbc2Connection.java:149)
	at org.postgresql.jdbc3.AbstractJdbc3Connection.<init>(AbstractJdbc3Connection.java:35)
	at org.postgresql.jdbc3g.AbstractJdbc3gConnection.<init>(AbstractJdbc3gConnection.java:22)
	at org.postgresql.jdbc4.AbstractJdbc4Connection.<init>(AbstractJdbc4Connection.java:47)
	at org.postgresql.jdbc4.Jdbc4Connection.<init>(Jdbc4Connection.java:30)
	at org.postgresql.Driver.makeConnection(Driver.java:414)
	at org.postgresql.Driver.connect(Driver.java:282)
	at com.mchange.v2.c3p0.DriverManagerDataSource.getConnection(DriverManagerDataSource.java:175)
	at com.mchange.v2.c3p0.WrapperConnectionPoolDataSource.getPooledConnection(WrapperConnectionPoolDataSource.java:220)
	at com.mchange.v2.c3p0.WrapperConnectionPoolDataSource.getPooledConnection(WrapperConnectionPoolDataSource.java:206)

10:33:21.723-----------> BasicResourcePool.log: Having failed to acquire a resource, com.mchange.v2.resourcepool.BasicResourcePool@ef9b0e3 is interrupting all Threads waiting on a resource to check out. Will try again in response to new client requests. [45]
10:33:21.724-----------> BasicResourcePool.log: Having failed to acquire a resource, com.mchange.v2.resourcepool.BasicResourcePool@ef9b0e3 is interrupting all Threads waiting on a resource to check out. Will try again in response to new client requests. [44]
10:33:20.717===========> Adempiere.startupEnvironment: No Database [17]
10:33:21.724 WebEnv.initWeb: Servlet Init Parameter: idempiereMonitor [17]
10:33:21.724 AdempiereMonitor.init:  [17]
10:33:22.701-----------> BasicResourcePool.log: com.mchange.v2.resourcepool.BasicResourcePool$ScatteredAcquireTask@7bd16a52 -- Acquisition Attempt Failed!!! Clearing pending acquires. While trying to acquire a needed new resource, we failed to succeed more than the maximum number of allowed acquisition attempts (2). Last acquisition attempt exception:  [46]
org.postgresql.util.PSQLException: Connection to 10.0.4.130:5432 refused. Check that the hostname and port are correct and that the postmaster is accepting TCP/IP connections.; State=08001; ErrorCode=0
	at org.postgresql.core.v3.ConnectionFactoryImpl.openConnectionImpl(ConnectionFactoryImpl.java:247)
	at org.postgresql.core.ConnectionFactory.openConnection(ConnectionFactory.java:65)
	at org.postgresql.jdbc2.AbstractJdbc2Connection.<init>(AbstractJdbc2Connection.java:149)
	at org.postgresql.jdbc3.AbstractJdbc3Connection.<init>(AbstractJdbc3Connection.java:35)
	at org.postgresql.jdbc3g.AbstractJdbc3gConnection.<init>(AbstractJdbc3gConnection.java:22)
	at org.postgresql.jdbc4.AbstractJdbc4Connection.<init>(AbstractJdbc4Connection.java:47)
	at org.postgresql.jdbc4.Jdbc4Connection.<init>(Jdbc4Connection.java:30)
	at org.postgresql.Driver.makeConnection(Driver.java:414)
	at org.postgresql.Driver.connect(Driver.java:282)
	at com.mchange.v2.c3p0.DriverManagerDataSource.getConnection(DriverManagerDataSource.java:175)
	at com.mchange.v2.c3p0.WrapperConnectionPoolDataSource.getPooledConnection(WrapperConnectionPoolDataSource.java:220)
	at com.mchange.v2.c3p0.WrapperConnectionPoolDataSource.getPooledConnection(WrapperConnectionPoolDataSource.java:206)
	at com.mchange.v2.c3p0.impl.C3P0PooledConnectionPool$1PooledConnectionResourcePoolManager.acquireResource(C3P0PooledConnectionPool.java:200)
	at com.mchange.v2.resourcepool.BasicResourcePool.doAcquire(BasicResourcePool.java:1127)
	at com.mchange.v2.resourcepool.BasicResourcePool.doAcquireAndDecrementPendingAcquiresWithinLockOnSuccess(BasicResourcePool.java:1114)
	at com.mchange.v2.resourcepool.BasicResourcePool.access$800(BasicResourcePool.java:44)
	at com.mchange.v2.resourcepool.BasicResourcePool$ScatteredAcquireTask.run(BasicResourcePool.java:1855)
	at com.mchange.v2.async.ThreadPoolAsynchronousRunner$PoolThread.run(ThreadPoolAsynchronousRunner.java:696)
caused by: java.net.ConnectException: Connection refused: connect
	at java.net.DualStackPlainSocketImpl.connect0(Native Method)
	at java.net.DualStackPlainSocketImpl.socketConnect(Unknown Source)
	at java.net.AbstractPlainSocketImpl.doConnect(Unknown Source)
	at java.net.AbstractPlainSocketImpl.connectToAddress(Unknown Source)
	at java.net.AbstractPlainSocketImpl.connect(Unknown Source)
	at java.net.PlainSocketImpl.connect(Unknown Source)
	at java.net.SocksSocketImpl.connect(Unknown Source)
	at java.net.Socket.connect(Unknown Source)
	at org.postgresql.core.PGStream.<init>(PGStream.java:61)
	at org.postgresql.core.v3.ConnectionFactoryImpl.openConnectionImpl(ConnectionFactoryImpl.java:129)
	at org.postgresql.core.ConnectionFactory.openConnection(ConnectionFactory.java:65)
	at org.postgresql.jdbc2.AbstractJdbc2Connection.<init>(AbstractJdbc2Connection.java:149)
	at org.postgresql.jdbc3.AbstractJdbc3Connection.<init>(AbstractJdbc3Connection.java:35)
	at org.postgresql.jdbc3g.AbstractJdbc3gConnection.<init>(AbstractJdbc3gConnection.java:22)
	at org.postgresql.jdbc4.AbstractJdbc4Connection.<init>(AbstractJdbc4Connection.java:47)
	at org.postgresql.jdbc4.Jdbc4Connection.<init>(Jdbc4Connection.java:30)
	at org.postgresql.Driver.makeConnection(Driver.java:414)
	at org.postgresql.Driver.connect(Driver.java:282)
	at com.mchange.v2.c3p0.DriverManagerDataSource.getConnection(DriverManagerDataSource.java:175)
	at com.mchange.v2.c3p0.WrapperConnectionPoolDataSource.getPooledConnection(WrapperConnectionPoolDataSource.java:220)
	at com.mchange.v2.c3p0.WrapperConnectionPoolDataSource.getPooledConnection(WrapperConnectionPoolDataSource.java:206)

10:33:22.701-----------> BasicResourcePool.log: Having failed to acquire a resource, com.mchange.v2.resourcepool.BasicResourcePool@ef9b0e3 is interrupting all Threads waiting on a resource to check out. Will try again in response to new client requests. [46]
10:33:22.748-----------> BasicResourcePool.log: com.mchange.v2.resourcepool.BasicResourcePool$ScatteredAcquireTask@1311139e -- Acquisition Attempt Failed!!! Clearing pending acquires. While trying to acquire a needed new resource, we failed to succeed more than the maximum number of allowed acquisition attempts (2). Last acquisition attempt exception:  [45]
org.postgresql.util.PSQLException: Connection to 10.0.4.130:5432 refused. Check that the hostname and port are correct and that the postmaster is accepting TCP/IP connections.; State=08001; ErrorCode=0
	at org.postgresql.core.v3.ConnectionFactoryImpl.openConnectionImpl(ConnectionFactoryImpl.java:247)
	at org.postgresql.core.ConnectionFactory.openConnection(ConnectionFactory.java:65)
	at org.postgresql.jdbc2.AbstractJdbc2Connection.<init>(AbstractJdbc2Connection.java:149)
	at org.postgresql.jdbc3.AbstractJdbc3Connection.<init>(AbstractJdbc3Connection.java:35)
	at org.postgresql.jdbc3g.AbstractJdbc3gConnection.<init>(AbstractJdbc3gConnection.java:22)
	at org.postgresql.jdbc4.AbstractJdbc4Connection.<init>(AbstractJdbc4Connection.java:47)
	at org.postgresql.jdbc4.Jdbc4Connection.<init>(Jdbc4Connection.java:30)
	at org.postgresql.Driver.makeConnection(Driver.java:414)
	at org.postgresql.Driver.connect(Driver.java:282)
	at com.mchange.v2.c3p0.DriverManagerDataSource.getConnection(DriverManagerDataSource.java:175)
	at com.mchange.v2.c3p0.WrapperConnectionPoolDataSource.getPooledConnection(WrapperConnectionPoolDataSource.java:220)
	at com.mchange.v2.c3p0.WrapperConnectionPoolDataSource.getPooledConnection(WrapperConnectionPoolDataSource.java:206)
	at com.mchange.v2.c3p0.impl.C3P0PooledConnectionPool$1PooledConnectionResourcePoolManager.acquireResource(C3P0PooledConnectionPool.java:200)
	at com.mchange.v2.resourcepool.BasicResourcePool.doAcquire(BasicResourcePool.java:1127)
	at com.mchange.v2.resourcepool.BasicResourcePool.doAcquireAndDecrementPendingAcquiresWithinLockOnSuccess(BasicResourcePool.java:1114)
	at com.mchange.v2.resourcepool.BasicResourcePool.access$800(BasicResourcePool.java:44)
	at com.mchange.v2.resourcepool.BasicResourcePool$ScatteredAcquireTask.run(BasicResourcePool.java:1855)
	at com.mchange.v2.async.ThreadPoolAsynchronousRunner$PoolThread.run(ThreadPoolAsynchronousRunner.java:696)
caused by: java.net.ConnectException: Connection refused: connect
	at java.net.DualStackPlainSocketImpl.connect0(Native Method)
	at java.net.DualStackPlainSocketImpl.socketConnect(Unknown Source)
	at java.net.AbstractPlainSocketImpl.doConnect(Unknown Source)
	at java.net.AbstractPlainSocketImpl.connectToAddress(Unknown Source)
	at java.net.AbstractPlainSocketImpl.connect(Unknown Source)
	at java.net.PlainSocketImpl.connect(Unknown Source)
	at java.net.SocksSocketImpl.connect(Unknown Source)
	at java.net.Socket.connect(Unknown Source)
	at org.postgresql.core.PGStream.<init>(PGStream.java:61)
	at org.postgresql.core.v3.ConnectionFactoryImpl.openConnectionImpl(ConnectionFactoryImpl.java:129)
	at org.postgresql.core.ConnectionFactory.openConnection(ConnectionFactory.java:65)
	at org.postgresql.jdbc2.AbstractJdbc2Connection.<init>(AbstractJdbc2Connection.java:149)
	at org.postgresql.jdbc3.AbstractJdbc3Connection.<init>(AbstractJdbc3Connection.java:35)
	at org.postgresql.jdbc3g.AbstractJdbc3gConnection.<init>(AbstractJdbc3gConnection.java:22)
	at org.postgresql.jdbc4.AbstractJdbc4Connection.<init>(AbstractJdbc4Connection.java:47)
	at org.postgresql.jdbc4.Jdbc4Connection.<init>(Jdbc4Connection.java:30)
	at org.postgresql.Driver.makeConnection(Driver.java:414)
	at org.postgresql.Driver.connect(Driver.java:282)
	at com.mchange.v2.c3p0.DriverManagerDataSource.getConnection(DriverManagerDataSource.java:175)
	at com.mchange.v2.c3p0.WrapperConnectionPoolDataSource.getPooledConnection(WrapperConnectionPoolDataSource.java:220)
	at com.mchange.v2.c3p0.WrapperConnectionPoolDataSource.getPooledConnection(WrapperConnectionPoolDataSource.java:206)

10:33:22.749-----------> BasicResourcePool.log: Having failed to acquire a resource, com.mchange.v2.resourcepool.BasicResourcePool@ef9b0e3 is interrupting all Threads waiting on a resource to check out. Will try again in response to new client requests. [45]
10:33:22.748-----------> BasicResourcePool.log: com.mchange.v2.resourcepool.BasicResourcePool$ScatteredAcquireTask@719b6cff -- Acquisition Attempt Failed!!! Clearing pending acquires. While trying to acquire a needed new resource, we failed to succeed more than the maximum number of allowed acquisition attempts (2). Last acquisition attempt exception:  [44]
org.postgresql.util.PSQLException: Connection to 10.0.4.130:5432 refused. Check that the hostname and port are correct and that the postmaster is accepting TCP/IP connections.; State=08001; ErrorCode=0
	at org.postgresql.core.v3.ConnectionFactoryImpl.openConnectionImpl(ConnectionFactoryImpl.java:247)
	at org.postgresql.core.ConnectionFactory.openConnection(ConnectionFactory.java:65)
	at org.postgresql.jdbc2.AbstractJdbc2Connection.<init>(AbstractJdbc2Connection.java:149)
	at org.postgresql.jdbc3.AbstractJdbc3Connection.<init>(AbstractJdbc3Connection.java:35)
	at org.postgresql.jdbc3g.AbstractJdbc3gConnection.<init>(AbstractJdbc3gConnection.java:22)
	at org.postgresql.jdbc4.AbstractJdbc4Connection.<init>(AbstractJdbc4Connection.java:47)
	at org.postgresql.jdbc4.Jdbc4Connection.<init>(Jdbc4Connection.java:30)
	at org.postgresql.Driver.makeConnection(Driver.java:414)
	at org.postgresql.Driver.connect(Driver.java:282)
	at com.mchange.v2.c3p0.DriverManagerDataSource.getConnection(DriverManagerDataSource.java:175)
	at com.mchange.v2.c3p0.WrapperConnectionPoolDataSource.getPooledConnection(WrapperConnectionPoolDataSource.java:220)
	at com.mchange.v2.c3p0.WrapperConnectionPoolDataSource.getPooledConnection(WrapperConnectionPoolDataSource.java:206)
	at com.mchange.v2.c3p0.impl.C3P0PooledConnectionPool$1PooledConnectionResourcePoolManager.acquireResource(C3P0PooledConnectionPool.java:200)
	at com.mchange.v2.resourcepool.BasicResourcePool.doAcquire(BasicResourcePool.java:1127)
	at com.mchange.v2.resourcepool.BasicResourcePool.doAcquireAndDecrementPendingAcquiresWithinLockOnSuccess(BasicResourcePool.java:1114)
	at com.mchange.v2.resourcepool.BasicResourcePool.access$800(BasicResourcePool.java:44)
	at com.mchange.v2.resourcepool.BasicResourcePool$ScatteredAcquireTask.run(BasicResourcePool.java:1855)
	at com.mchange.v2.async.ThreadPoolAsynchronousRunner$PoolThread.run(ThreadPoolAsynchronousRunner.java:696)
caused by: java.net.ConnectException: Connection refused: connect
	at java.net.DualStackPlainSocketImpl.connect0(Native Method)
	at java.net.DualStackPlainSocketImpl.socketConnect(Unknown Source)
	at java.net.AbstractPlainSocketImpl.doConnect(Unknown Source)
	at java.net.AbstractPlainSocketImpl.connectToAddress(Unknown Source)
	at java.net.AbstractPlainSocketImpl.connect(Unknown Source)
	at java.net.PlainSocketImpl.connect(Unknown Source)
	at java.net.SocksSocketImpl.connect(Unknown Source)
	at java.net.Socket.connect(Unknown Source)
	at org.postgresql.core.PGStream.<init>(PGStream.java:61)
	at org.postgresql.core.v3.ConnectionFactoryImpl.openConnectionImpl(ConnectionFactoryImpl.java:129)
	at org.postgresql.core.ConnectionFactory.openConnection(ConnectionFactory.java:65)
	at org.postgresql.jdbc2.AbstractJdbc2Connection.<init>(AbstractJdbc2Connection.java:149)
	at org.postgresql.jdbc3.AbstractJdbc3Connection.<init>(AbstractJdbc3Connection.java:35)
	at org.postgresql.jdbc3g.AbstractJdbc3gConnection.<init>(AbstractJdbc3gConnection.java:22)
	at org.postgresql.jdbc4.AbstractJdbc4Connection.<init>(AbstractJdbc4Connection.java:47)
	at org.postgresql.jdbc4.Jdbc4Connection.<init>(Jdbc4Connection.java:30)
	at org.postgresql.Driver.makeConnection(Driver.java:414)
	at org.postgresql.Driver.connect(Driver.java:282)
	at com.mchange.v2.c3p0.DriverManagerDataSource.getConnection(DriverManagerDataSource.java:175)
	at com.mchange.v2.c3p0.WrapperConnectionPoolDataSource.getPooledConnection(WrapperConnectionPoolDataSource.java:220)
	at com.mchange.v2.c3p0.WrapperConnectionPoolDataSource.getPooledConnection(WrapperConnectionPoolDataSource.java:206)

10:33:22.750-----------> BasicResourcePool.log: Having failed to acquire a resource, com.mchange.v2.resourcepool.BasicResourcePool@ef9b0e3 is interrupting all Threads waiting on a resource to check out. Will try again in response to new client requests. [44]
10:33:22.701===========> PreparedStatementProxy.init: SELECT t.TableName, c.ColumnName,c.AD_Reference_ID,c.IsMandatory,c.IsUpdateable,c.DefaultValue,e.Name,e.Description, c.AD_Column_ID, c.IsKey,c.IsParent, c.AD_Reference_Value_ID, vr.Code, c.FieldLength, c.ValueMin, c.ValueMax, c.IsTranslated, t.AccessLevel, c.ColumnSQL, c.IsEncrypted, c.IsAllowLogging,c.IsAllowCopy,t.IsChangeLog FROM AD_Table t INNER JOIN AD_Column c ON (t.AD_Table_ID=c.AD_Table_ID) LEFT OUTER JOIN AD_Val_Rule vr ON (c.AD_Val_Rule_ID=vr.AD_Val_Rule_ID) INNER JOIN AD_Element e ON (c.AD_Element_ID=e.AD_Element_ID) WHERE t.AD_Table_ID=? AND c.IsActive='Y' ORDER BY c.AD_Column_ID [17]
java.lang.IllegalStateException: DB.getConnectionRO - @NoDBConnection@
	at org.compiere.util.DB.createConnection(DB.java:470)
	at org.idempiere.db.util.AutoCommitConnectionBroker.getConnection(AutoCommitConnectionBroker.java:48)
	at org.compiere.db.PreparedStatementProxy.init(PreparedStatementProxy.java:64)
	at org.compiere.db.PreparedStatementProxy.<init>(PreparedStatementProxy.java:45)
	at org.compiere.db.ProxyFactory.newCPreparedStatement(ProxyFactory.java:56)
	at org.compiere.util.DB.prepareStatement(DB.java:773)
	at org.compiere.util.DB.prepareStatement(DB.java:742)
	at org.compiere.model.POInfo.loadInfo(POInfo.java:174)
	at org.compiere.model.POInfo.<init>(POInfo.java:114)
	at org.compiere.model.POInfo.getPOInfo(POInfo.java:78)
	at org.compiere.model.X_AD_Session.initPO(X_AD_Session.java:64)
	at org.compiere.model.PO.<init>(PO.java:192)
	at org.compiere.model.PO.<init>(PO.java:154)
	at org.compiere.model.X_AD_Session.<init>(X_AD_Session.java:39)
	at org.compiere.model.MSession.<init>(MSession.java:123)
	at org.compiere.model.MSession.<init>(MSession.java:174)
	at org.compiere.model.MSession.get(MSession.java:75)
	at org.compiere.server.AdempiereServerMgr.startEnvironment(AdempiereServerMgr.java:105)
	at org.compiere.server.AdempiereServerMgr.<init>(AdempiereServerMgr.java:81)
	at org.compiere.server.AdempiereServerMgr.get(AdempiereServerMgr.java:61)
	at org.compiere.web.AdempiereMonitor.init(AdempiereMonitor.java:1115)

