*** 2016-09-30 09:42:06.115 idempiere Log (CLogFile) ***
09:42:06.114 Adempiere.startup: iDempiere(r) Release 3.1_2015-10-31 -Smart Suite ERP, CRM and SCM- (c) 1999-2013 iDempiere(r); Implementation: iDempiere - Supported by iDempiere community [17]
09:42:06.134 Ini.loadProperties: E:\mercurialidempiere/idempiere.properties #33 [17]
09:42:09.694 AdempiereActivator.installPackage: ni.idempiere.importcurrencyrate 1.0.0 was installed: 2016-07-14 16:34:48.698 [17]
09:42:09.971 DB.isBuildOK: Build DB=${env.ADEMPIERE_VERSION} 20080428-1232 [17]
09:42:09.972 DB.isBuildOK: Build Cl=3.1.0.qualifier [17]
09:42:10.351-----------> DB.isBuildOK: Build Version Error 

The program assumes build version 3.1.0.qualifier, but database has build version ${env.ADEMPIERE_VERSION} 20080428-1232. 
This is likely to cause hard to fix errors. 
Please contact administrator. [17]
09:42:13.759 WebEnv.initWeb: Servlet Context Init Parameters: iDempiere Root
ServerRoot=1 [17]
09:42:13.784-----------> EMail.setFrom: you @ company.org: javax.mail.internet.AddressException: Local address contains control or whitespace in string ``you @ company.org'' [17]
09:42:13.787-----------> EMail.addTo: you @ company.org: javax.mail.internet.AddressException: Local address contains control or whitespace in string ``you @ company.org'' [17]
09:42:13.787-----------> EMail.isValid: From is invalid=null [17]
09:42:13.787-----------> EMail.isValid: From is invalid=null [17]
09:42:13.787-----------> MClient.sendEMail: Could NOT Send Email: Server started: iDempiere (odbz:172.16.9.71) to you @ company.org: Invalid Data (System) [17]
09:42:13.787 WebEnv.initWeb: Servlet Init Parameter: idempiereMonitor [17]
09:42:13.788 AdempiereMonitor.init:  [17]
09:42:19.475-----------> AnnotationConfiguration.configure: ServletContainerInitializers: detected. Class hierarchy: empty [17]
09:42:19.972-----------> ClassLocator.getDependentXMLResources: Replicate resource: ckez
Overwrite bundleresource://188.fwk1399961333:2/metainfo/zk/config.xml
with bundleresource://188.fwk1399961333:19/metainfo/zk/config.xml [17]
09:42:19.976-----------> ClassLocator.getDependentXMLResources: Replicate resource: zk
Overwrite bundleresource://188.fwk1399961333:11/metainfo/zk/config.xml
with bundleresource://188.fwk1399961333:28/metainfo/zk/config.xml [17]
09:42:19.979-----------> ClassLocator.getDependentXMLResources: Replicate resource: zkbind
Overwrite bundleresource://188.fwk1399961333:12/metainfo/zk/config.xml
with bundleresource://188.fwk1399961333:29/metainfo/zk/config.xml [17]
09:42:20.013-----------> ClassLocator.getDependentXMLResources: Replicate resource: zul
Overwrite bundleresource://188.fwk1399961333:14/metainfo/zk/zk.xml
with bundleresource://188.fwk1399961333:31/metainfo/zk/zk.xml [17]
09:42:20.744-----------> LanguageDefinition.<init>: Replicated language: xhtml, overriden by [LanguageDefinition: xhtml] [17]
09:42:20.773-----------> LanguageDefinition.<init>: Replicated language: xul/html, overriden by [LanguageDefinition: xul/html] [17]
09:42:20.914-----------> ClassLocator.getDependentXMLResources: Replicate resource: calendar
Overwrite bundleresource://188.fwk1399961333:1/metainfo/zk/lang-addon.xml
with bundleresource://188.fwk1399961333:18/metainfo/zk/lang-addon.xml [17]
09:42:20.920-----------> ClassLocator.getDependentXMLResources: Replicate resource: ckez
Overwrite bundleresource://188.fwk1399961333:2/metainfo/zk/lang-addon.xml
with bundleresource://188.fwk1399961333:19/metainfo/zk/lang-addon.xml [17]
09:42:20.927-----------> ClassLocator.getDependentXMLResources: Replicate resource: gmapsz
Overwrite bundleresource://188.fwk1399961333:5/metainfo/zk/lang-addon.xml
with bundleresource://188.fwk1399961333:22/metainfo/zk/lang-addon.xml [17]
09:42:20.931-----------> ClassLocator.getDependentXMLResources: Replicate resource: timeline
Overwrite bundleresource://188.fwk1399961333:6/metainfo/zk/lang-addon.xml
with bundleresource://188.fwk1399961333:23/metainfo/zk/lang-addon.xml [17]
09:42:20.934-----------> ClassLocator.getDependentXMLResources: Replicate resource: timeplot
Overwrite bundleresource://188.fwk1399961333:7/metainfo/zk/lang-addon.xml
with bundleresource://188.fwk1399961333:24/metainfo/zk/lang-addon.xml [17]
09:42:20.949-----------> ClassLocator.getDependentXMLResources: Replicate resource: zkbind
Overwrite bundleresource://188.fwk1399961333:12/metainfo/zk/lang-addon.xml
with bundleresource://188.fwk1399961333:29/metainfo/zk/lang-addon.xml [17]
09:42:20.958-----------> ClassLocator.getDependentXMLResources: Replicate resource: zkplus
Overwrite bundleresource://188.fwk1399961333:13/metainfo/zk/lang-addon.xml
with bundleresource://188.fwk1399961333:30/metainfo/zk/lang-addon.xml [17]
09:42:21.238           WebUIServlet.init: iDempiere Web Client started successfully [17]
09:42:22.438-----------> AnnotationConfiguration.configure: ServletContainerInitializers: detected. Class hierarchy: empty [17]

*** 2016-09-30 09:42:22.81 idempiere Log (CLogFile) ***
09:42:26.592-----------> Node: [192.168.163.1]:5701 [adempiere.idempiere/localhost] [3.5.3] No join method is enabled! Starting standalone. [42]
09:44:32.938-----------> Prop.loadProperties: E:\mercurialidempiere\home.properties not found [32]
09:44:32.939-----------> Prop.loadProperties: !!WARNING:Please locate yout custom home.properties on iDEMPIERE_HOME. [32]
