*** 2016-06-21 09:53:52.357 idempiere Log (CLogFile) ***
09:53:52.357 Adempiere.startup: iDempiere(r) Release 3.1_2015-10-31 -Smart Suite ERP, CRM and SCM- (c) 1999-2013 iDempiere(r); Implementation: iDempiere - Supported by iDempiere community [17]
09:53:52.389 Ini.loadProperties: E:\mercurialidempiere/idempiere-dev.properties #33 [17]
09:53:53.311 DB.isBuildOK: Build DB=${env.ADEMPIERE_VERSION} 20080428-1232 [17]
09:53:53.311 DB.isBuildOK: Build Cl=3.1.0.qualifier [17]
09:53:53.345-----------> DB.isBuildOK: Build Version Error 

The program assumes build version 3.1.0.qualifier, but database has build version ${env.ADEMPIERE_VERSION} 20080428-1232. 
This is likely to cause hard to fix errors. 
Please contact administrator. [17]
09:53:53.595 Language.getLanguage: Adding Language=en, Country=US, Locale=en_US [17]
09:53:53.615 Language.getLanguage: Adding Language=en, Country=US, Locale=en_US [17]
09:53:54.084 WebEnv.initWeb: Servlet Context Init Parameters: iDempiere Root
ServerRoot=1 [17]
09:53:54.115-----------> EMail.setFrom: you @ company.org: javax.mail.internet.AddressException: Local address contains control or whitespace in string ``you @ company.org'' [17]
09:53:54.115-----------> EMail.addTo: you @ company.org: javax.mail.internet.AddressException: Local address contains control or whitespace in string ``you @ company.org'' [17]
09:53:54.115-----------> EMail.isValid: From is invalid=null [17]
09:53:54.115-----------> EMail.isValid: From is invalid=null [17]
09:53:54.115-----------> MClient.sendEMail: Could NOT Send Email: Server started: iDempiere (odbz:10.0.5.41) to you @ company.org: Invalid Data (System) [17]
09:53:54.115 WebEnv.initWeb: Servlet Init Parameter: idempiereMonitor [17]
09:53:54.115 AdempiereMonitor.init:  [17]
09:53:58.756-----------> AnnotationConfiguration.configure: ServletContainerInitializers: detected. Class hierarchy: empty [17]
09:53:59.039-----------> ClassLocator.getDependentXMLResources: Replicate resource: ckez
Overwrite bundleresource://180.fwk1480207683:2/metainfo/zk/config.xml
with bundleresource://180.fwk1480207683:19/metainfo/zk/config.xml [17]
09:53:59.039-----------> ClassLocator.getDependentXMLResources: Replicate resource: zk
Overwrite bundleresource://180.fwk1480207683:11/metainfo/zk/config.xml
with bundleresource://180.fwk1480207683:28/metainfo/zk/config.xml [17]
09:53:59.055-----------> ClassLocator.getDependentXMLResources: Replicate resource: zkbind
Overwrite bundleresource://180.fwk1480207683:12/metainfo/zk/config.xml
with bundleresource://180.fwk1480207683:29/metainfo/zk/config.xml [17]
09:53:59.070-----------> ClassLocator.getDependentXMLResources: Replicate resource: zul
Overwrite bundleresource://180.fwk1480207683:14/metainfo/zk/zk.xml
with bundleresource://180.fwk1480207683:31/metainfo/zk/zk.xml [17]
09:53:59.507-----------> LanguageDefinition.<init>: Replicated language: xhtml, overriden by [LanguageDefinition: xhtml] [17]
09:53:59.522-----------> LanguageDefinition.<init>: Replicated language: xul/html, overriden by [LanguageDefinition: xul/html] [17]
09:53:59.569-----------> ClassLocator.getDependentXMLResources: Replicate resource: calendar
Overwrite bundleresource://180.fwk1480207683:1/metainfo/zk/lang-addon.xml
with bundleresource://180.fwk1480207683:18/metainfo/zk/lang-addon.xml [17]
09:53:59.585-----------> ClassLocator.getDependentXMLResources: Replicate resource: ckez
Overwrite bundleresource://180.fwk1480207683:2/metainfo/zk/lang-addon.xml
with bundleresource://180.fwk1480207683:19/metainfo/zk/lang-addon.xml [17]
09:53:59.585-----------> ClassLocator.getDependentXMLResources: Replicate resource: gmapsz
Overwrite bundleresource://180.fwk1480207683:5/metainfo/zk/lang-addon.xml
with bundleresource://180.fwk1480207683:22/metainfo/zk/lang-addon.xml [17]
09:53:59.585-----------> ClassLocator.getDependentXMLResources: Replicate resource: timeline
Overwrite bundleresource://180.fwk1480207683:6/metainfo/zk/lang-addon.xml
with bundleresource://180.fwk1480207683:23/metainfo/zk/lang-addon.xml [17]
09:53:59.585-----------> ClassLocator.getDependentXMLResources: Replicate resource: timeplot
Overwrite bundleresource://180.fwk1480207683:7/metainfo/zk/lang-addon.xml
with bundleresource://180.fwk1480207683:24/metainfo/zk/lang-addon.xml [17]
09:53:59.600-----------> ClassLocator.getDependentXMLResources: Replicate resource: zkbind
Overwrite bundleresource://180.fwk1480207683:12/metainfo/zk/lang-addon.xml
with bundleresource://180.fwk1480207683:29/metainfo/zk/lang-addon.xml [17]
09:53:59.600-----------> ClassLocator.getDependentXMLResources: Replicate resource: zkplus
Overwrite bundleresource://180.fwk1480207683:13/metainfo/zk/lang-addon.xml
with bundleresource://180.fwk1480207683:30/metainfo/zk/lang-addon.xml [17]
09:53:59.743           WebUIServlet.init: iDempiere Web Client started successfully [17]
09:54:00.695-----------> AnnotationConfiguration.configure: ServletContainerInitializers: detected. Class hierarchy: empty [17]

*** 2016-06-21 09:54:01.216 idempiere Log (CLogFile) ***
09:54:03.415-----------> Node: [10.0.5.41]:5701 [adempiere.idempiere/localhost] [3.5.3] No join method is enabled! Starting standalone. [41]
09:54:46.876-----------> Prop.loadProperties: E:\mercurialidempiere\home.properties not found [69]
09:54:46.877-----------> Prop.loadProperties: !!WARNING:Please locate yout custom home.properties on iDEMPIERE_HOME. [69]
09:56:01.116===========> NICalloutPayment.invoiceinallocate: linea 729 =Pay=5.294567, Discount=0.000000 [68]
09:56:15.096===========> NICalloutPayment.invoiceallocate: linea 616 =WriteOffAmt=3.024723 [68]
09:56:27.209===========> NICalloutPayment.amountsinallocate: linea 802 =Pay=148.212473, Discount=0, WriteOff=3.024723, OverUnderAmt=0 [68]
