*** 2017-07-18 15:15:00.615 idempiere Log (CLogFile) ***
15:15:00.615 Adempiere.startup: iDempiere(r) Release 3.1_2015-10-31 -Smart Suite ERP, CRM and SCM- (c) 1999-2013 iDempiere(r); Implementation: iDempiere - Supported by iDempiere community [17]
15:15:00.618 Ini.loadProperties: E:\mercurialidempiere/idempiere.properties #33 [17]
15:15:01.288 AdempiereActivator.installPackage: cm.itkamer.wandapos-integration2 1.0.0 was installed: 2017-06-25 15:34:11.153 [17]
15:15:01.292 AdempiereActivator.installPackage: ni.hmil.override.codebase 1.0.0 was installed: 2017-06-19 23:52:10.981 [17]
15:15:01.307 DB.isBuildOK: Build DB=${env.ADEMPIERE_VERSION} 20080428-1232 [17]
15:15:01.308 DB.isBuildOK: Build Cl=3.1.0.qualifier [17]
15:15:01.327-----------> DB.isBuildOK: Error en la versión de la construcción 

El programa asume version de construcción 3.1.0.qualifier, pero la base de datos tiene una versión ${env.ADEMPIERE_VERSION} 20080428-1232.
Es posible que esto cause errores difíciles de corregir.
Por favor contacte al ADMINISTRADOR. [17]
15:15:01.409 WebEnv.initWeb: Servlet Context Init Parameters: iDempiere Root
ServerRoot=1 [17]
15:15:01.605-----------> EMail.setFrom: you @ company.org: javax.mail.internet.AddressException: Local address contains control or whitespace in string ``you @ company.org'' [17]
15:15:01.607-----------> EMail.addTo: you @ company.org: javax.mail.internet.AddressException: Local address contains control or whitespace in string ``you @ company.org'' [17]
15:15:01.608-----------> EMail.isValid: From is invalid=null [17]
15:15:01.608-----------> EMail.isValid: From is invalid=null [17]
15:15:01.608-----------> MClient.sendEMail: Could NOT Send Email: Server started: iDempiere (odbz:192.168.47.1) to you @ company.org: Invalid Data (System) [17]
15:15:01.608 WebEnv.initWeb: Servlet Init Parameter: idempiereMonitor [17]
15:15:01.609 AdempiereMonitor.init:  [17]
15:15:03.526-----------> AnnotationConfiguration.configure: ServletContainerInitializers: detected. Class hierarchy: empty [17]
15:15:03.810-----------> ClassLocator.getDependentXMLResources: Replicate resource: ckez
Overwrite bundleresource://184.fwk1399961333:2/metainfo/zk/config.xml
with bundleresource://184.fwk1399961333:19/metainfo/zk/config.xml [17]
15:15:03.817-----------> ClassLocator.getDependentXMLResources: Replicate resource: zk
Overwrite bundleresource://184.fwk1399961333:11/metainfo/zk/config.xml
with bundleresource://184.fwk1399961333:28/metainfo/zk/config.xml [17]
15:15:03.823-----------> ClassLocator.getDependentXMLResources: Replicate resource: zkbind
Overwrite bundleresource://184.fwk1399961333:12/metainfo/zk/config.xml
with bundleresource://184.fwk1399961333:29/metainfo/zk/config.xml [17]
15:15:03.854-----------> ClassLocator.getDependentXMLResources: Replicate resource: zul
Overwrite bundleresource://184.fwk1399961333:14/metainfo/zk/zk.xml
with bundleresource://184.fwk1399961333:31/metainfo/zk/zk.xml [17]
15:15:04.251-----------> LanguageDefinition.<init>: Replicated language: xhtml, overriden by [LanguageDefinition: xhtml] [17]
15:15:04.275-----------> LanguageDefinition.<init>: Replicated language: xul/html, overriden by [LanguageDefinition: xul/html] [17]
15:15:04.330-----------> ClassLocator.getDependentXMLResources: Replicate resource: calendar
Overwrite bundleresource://184.fwk1399961333:1/metainfo/zk/lang-addon.xml
with bundleresource://184.fwk1399961333:18/metainfo/zk/lang-addon.xml [17]
15:15:04.334-----------> ClassLocator.getDependentXMLResources: Replicate resource: ckez
Overwrite bundleresource://184.fwk1399961333:2/metainfo/zk/lang-addon.xml
with bundleresource://184.fwk1399961333:19/metainfo/zk/lang-addon.xml [17]
15:15:04.339-----------> ClassLocator.getDependentXMLResources: Replicate resource: gmapsz
Overwrite bundleresource://184.fwk1399961333:5/metainfo/zk/lang-addon.xml
with bundleresource://184.fwk1399961333:22/metainfo/zk/lang-addon.xml [17]
15:15:04.343-----------> ClassLocator.getDependentXMLResources: Replicate resource: timeline
Overwrite bundleresource://184.fwk1399961333:6/metainfo/zk/lang-addon.xml
with bundleresource://184.fwk1399961333:23/metainfo/zk/lang-addon.xml [17]
15:15:04.347-----------> ClassLocator.getDependentXMLResources: Replicate resource: timeplot
Overwrite bundleresource://184.fwk1399961333:7/metainfo/zk/lang-addon.xml
with bundleresource://184.fwk1399961333:24/metainfo/zk/lang-addon.xml [17]
15:15:04.365-----------> ClassLocator.getDependentXMLResources: Replicate resource: zkbind
Overwrite bundleresource://184.fwk1399961333:12/metainfo/zk/lang-addon.xml
with bundleresource://184.fwk1399961333:29/metainfo/zk/lang-addon.xml [17]
15:15:04.375-----------> ClassLocator.getDependentXMLResources: Replicate resource: zkplus
Overwrite bundleresource://184.fwk1399961333:13/metainfo/zk/lang-addon.xml
with bundleresource://184.fwk1399961333:30/metainfo/zk/lang-addon.xml [17]
15:15:04.690           WebUIServlet.init: iDempiere Web Client started successfully [17]
15:15:05.836-----------> AnnotationConfiguration.configure: ServletContainerInitializers: detected. Class hierarchy: empty [17]

*** 2017-07-18 15:15:06.107 idempiere Log (CLogFile) ***
15:15:08.726-----------> Node: [192.168.163.1]:5701 [adempiere.idempiere/localhost] [3.5.3] No join method is enabled! Starting standalone. [40]
15:15:58.187-----------> Prop.loadProperties: E:\mercurialidempiere\home.properties not found [34]
15:15:58.187-----------> Prop.loadProperties: !!WARNING:Please locate yout custom home.properties on iDEMPIERE_HOME. [34]
15:16:30.451-----------> Msg.getMsg: NOT found: ni.idempiere.toolbar.button.action.report.label [31]
15:16:30.451-----------> Msg.getMsg: NOT found: ni.idempiere.toolbar.button.action.report.tooltip [31]
15:16:33.592===========> DesktopImpl.service: [Desktop z_qfz:/index.zul] client error: Failed to mount: adempiere.set is not a function [62]
15:16:33.913===========> DesktopImpl.service: [Desktop z_qfz:/index.zul] client error: Failed to mount: adempiere.set is not a function [62]
15:16:35.007===========> DesktopImpl.service: [Desktop z_qfz:/index.zul] client error: Failed to mount: adempiere.set is not a function [30]
15:16:35.024===========> DesktopImpl.service: [Desktop z_qfz:/index.zul] client error: Failed to mount: adempiere.set is not a function [30]
15:16:35.040===========> DesktopImpl.service: [Desktop z_qfz:/index.zul] client error: Failed to mount: adempiere.set is not a function [30]
15:16:35.055===========> DesktopImpl.service: [Desktop z_qfz:/index.zul] client error: Failed to mount: adempiere.set is not a function [30]
15:16:35.069===========> DesktopImpl.service: [Desktop z_qfz:/index.zul] client error: Failed to mount: adempiere.set is not a function [30]
15:16:35.104===========> DesktopImpl.service: [Desktop z_qfz:/index.zul] client error: Failed to mount: adempiere.set is not a function [30]
15:16:35.117===========> DesktopImpl.service: [Desktop z_qfz:/index.zul] client error: Failed to mount: adempiere.set is not a function [30]
15:16:35.130===========> DesktopImpl.service: [Desktop z_qfz:/index.zul] client error: Failed to mount: adempiere.set is not a function [30]
15:16:35.146===========> DesktopImpl.service: [Desktop z_qfz:/index.zul] client error: Failed to mount: adempiere.set is not a function [30]
15:16:35.159===========> DesktopImpl.service: [Desktop z_qfz:/index.zul] client error: Failed to mount: adempiere.set is not a function [30]
15:16:35.170===========> DesktopImpl.service: [Desktop z_qfz:/index.zul] client error: Failed to mount: adempiere.set is not a function [30]
15:16:35.185===========> DesktopImpl.service: [Desktop z_qfz:/index.zul] client error: Failed to mount: adempiere.set is not a function [30]
15:16:35.201===========> DesktopImpl.service: [Desktop z_qfz:/index.zul] client error: Failed to mount: adempiere.set is not a function [30]
15:16:35.217===========> DesktopImpl.service: [Desktop z_qfz:/index.zul] client error: Failed to mount: adempiere.set is not a function [30]
15:16:35.233===========> DesktopImpl.service: [Desktop z_qfz:/index.zul] client error: Failed to mount: adempiere.set is not a function [30]
15:16:35.247===========> DesktopImpl.service: [Desktop z_qfz:/index.zul] client error: Failed to mount: adempiere.set is not a function [30]
15:16:35.261===========> DesktopImpl.service: [Desktop z_qfz:/index.zul] client error: Failed to mount: adempiere.set is not a function [30]
15:16:35.275===========> DesktopImpl.service: [Desktop z_qfz:/index.zul] client error: Failed to mount: adempiere.set is not a function [30]
15:16:35.299===========> DesktopImpl.service: [Desktop z_qfz:/index.zul] client error: Failed to mount: adempiere.set is not a function [30]
15:16:35.337===========> DesktopImpl.service: [Desktop z_qfz:/index.zul] client error: Failed to mount: adempiere.set is not a function [30]
15:16:35.369===========> DesktopImpl.service: [Desktop z_qfz:/index.zul] client error: Failed to mount: adempiere.set is not a function [30]
15:16:35.533===========> DesktopImpl.service: [Desktop z_qfz:/index.zul] client error: Failed to mount: adempiere.set is not a function [30]
15:16:35.568===========> DesktopImpl.service: [Desktop z_qfz:/index.zul] client error: Failed to mount: adempiere.set is not a function [30]
15:16:35.585===========> DesktopImpl.service: [Desktop z_qfz:/index.zul] client error: Failed to mount: adempiere.set is not a function [30]
15:16:35.599===========> DesktopImpl.service: [Desktop z_qfz:/index.zul] client error: Failed to mount: adempiere.set is not a function [30]
15:16:35.614===========> DesktopImpl.service: [Desktop z_qfz:/index.zul] client error: Failed to mount: adempiere.set is not a function [30]
15:16:37.894===========> DesktopImpl.service: [Desktop z_qfz:/index.zul] client error: Failed to mount: adempiere.set is not a function [37]
15:18:39.624-----------> Msg.getMsg: NOT found: ni.idempiere.toolbar.button.action.report.label [37]
15:18:39.625-----------> Msg.getMsg: NOT found: ni.idempiere.toolbar.button.action.report.tooltip [37]
15:18:40.098===========> DesktopImpl.service: [Desktop z_qfz:/index.zul] client error: Failed to mount: adempiere.set is not a function [30]
15:18:40.135===========> DesktopImpl.service: [Desktop z_qfz:/index.zul] client error: Failed to mount: adempiere.set is not a function [30]
15:18:40.147===========> DesktopImpl.service: [Desktop z_qfz:/index.zul] client error: Failed to mount: adempiere.set is not a function [30]
15:18:40.645===========> DesktopImpl.service: [Desktop z_qfz:/index.zul] client error: Failed to mount: adempiere.set is not a function [36]
15:18:40.659===========> DesktopImpl.service: [Desktop z_qfz:/index.zul] client error: Failed to mount: adempiere.set is not a function [36]
15:18:40.673===========> DesktopImpl.service: [Desktop z_qfz:/index.zul] client error: Failed to mount: adempiere.set is not a function [36]
15:18:40.684===========> DesktopImpl.service: [Desktop z_qfz:/index.zul] client error: Failed to mount: adempiere.set is not a function [36]
15:18:40.697===========> DesktopImpl.service: [Desktop z_qfz:/index.zul] client error: Failed to mount: adempiere.set is not a function [36]
15:18:40.710===========> DesktopImpl.service: [Desktop z_qfz:/index.zul] client error: Failed to mount: adempiere.set is not a function [36]
15:18:40.720===========> DesktopImpl.service: [Desktop z_qfz:/index.zul] client error: Failed to mount: adempiere.set is not a function [36]
15:18:40.732===========> DesktopImpl.service: [Desktop z_qfz:/index.zul] client error: Failed to mount: adempiere.set is not a function [36]
15:18:40.743===========> DesktopImpl.service: [Desktop z_qfz:/index.zul] client error: Failed to mount: adempiere.set is not a function [36]
15:18:40.754===========> DesktopImpl.service: [Desktop z_qfz:/index.zul] client error: Failed to mount: adempiere.set is not a function [36]
15:18:40.859===========> DesktopImpl.service: [Desktop z_qfz:/index.zul] client error: Failed to mount: adempiere.set is not a function [36]
15:18:40.870===========> DesktopImpl.service: [Desktop z_qfz:/index.zul] client error: Failed to mount: adempiere.set is not a function [36]
15:18:40.880===========> DesktopImpl.service: [Desktop z_qfz:/index.zul] client error: Failed to mount: adempiere.set is not a function [36]
15:18:40.890===========> DesktopImpl.service: [Desktop z_qfz:/index.zul] client error: Failed to mount: adempiere.set is not a function [36]
15:18:40.900===========> DesktopImpl.service: [Desktop z_qfz:/index.zul] client error: Failed to mount: adempiere.set is not a function [36]
15:18:40.909===========> DesktopImpl.service: [Desktop z_qfz:/index.zul] client error: Failed to mount: adempiere.set is not a function [36]
15:18:40.919===========> DesktopImpl.service: [Desktop z_qfz:/index.zul] client error: Failed to mount: adempiere.set is not a function [36]
15:18:40.930===========> DesktopImpl.service: [Desktop z_qfz:/index.zul] client error: Failed to mount: adempiere.set is not a function [36]
15:18:40.943===========> DesktopImpl.service: [Desktop z_qfz:/index.zul] client error: Failed to mount: adempiere.set is not a function [36]
15:18:40.954===========> DesktopImpl.service: [Desktop z_qfz:/index.zul] client error: Failed to mount: adempiere.set is not a function [36]
15:18:40.964===========> DesktopImpl.service: [Desktop z_qfz:/index.zul] client error: Failed to mount: adempiere.set is not a function [36]
15:18:40.973===========> DesktopImpl.service: [Desktop z_qfz:/index.zul] client error: Failed to mount: adempiere.set is not a function [36]
15:18:40.982===========> DesktopImpl.service: [Desktop z_qfz:/index.zul] client error: Failed to mount: adempiere.set is not a function [36]
15:18:40.992===========> DesktopImpl.service: [Desktop z_qfz:/index.zul] client error: Failed to mount: adempiere.set is not a function [36]
15:18:41.721===========> DesktopImpl.service: [Desktop z_qfz:/index.zul] client error: Failed to mount: adempiere.set is not a function [62]
15:18:41.779===========> DesktopImpl.service: [Desktop z_qfz:/index.zul] client error: Failed to mount: adempiere.set is not a function [62]
15:18:41.788===========> DesktopImpl.service: [Desktop z_qfz:/index.zul] client error: Failed to mount: adempiere.set is not a function [62]
15:19:20.129-----------> Msg.getMsg: NOT found: ni.idempiere.toolbar.button.action.report.label [36]
15:19:20.130-----------> Msg.getMsg: NOT found: ni.idempiere.toolbar.button.action.report.tooltip [36]
15:19:21.305===========> DesktopImpl.service: [Desktop z_qfz:/index.zul] client error: Failed to mount: adempiere.set is not a function [62]
15:19:21.336===========> DesktopImpl.service: [Desktop z_qfz:/index.zul] client error: Failed to mount: adempiere.set is not a function [62]
15:19:21.347===========> DesktopImpl.service: [Desktop z_qfz:/index.zul] client error: Failed to mount: adempiere.set is not a function [62]
15:19:21.983===========> DesktopImpl.service: [Desktop z_qfz:/index.zul] client error: Failed to mount: adempiere.set is not a function [30]
15:19:22.003===========> DesktopImpl.service: [Desktop z_qfz:/index.zul] client error: Failed to mount: adempiere.set is not a function [30]
15:19:22.063===========> DesktopImpl.service: [Desktop z_qfz:/index.zul] client error: Failed to mount: adempiere.set is not a function [30]
15:19:22.073===========> DesktopImpl.service: [Desktop z_qfz:/index.zul] client error: Failed to mount: adempiere.set is not a function [30]
15:19:22.083===========> DesktopImpl.service: [Desktop z_qfz:/index.zul] client error: Failed to mount: adempiere.set is not a function [30]
15:19:22.095===========> DesktopImpl.service: [Desktop z_qfz:/index.zul] client error: Failed to mount: adempiere.set is not a function [30]
15:19:22.105===========> DesktopImpl.service: [Desktop z_qfz:/index.zul] client error: Failed to mount: adempiere.set is not a function [30]
15:19:22.117===========> DesktopImpl.service: [Desktop z_qfz:/index.zul] client error: Failed to mount: adempiere.set is not a function [30]
15:19:22.129===========> DesktopImpl.service: [Desktop z_qfz:/index.zul] client error: Failed to mount: adempiere.set is not a function [30]
15:19:22.141===========> DesktopImpl.service: [Desktop z_qfz:/index.zul] client error: Failed to mount: adempiere.set is not a function [30]
15:19:22.152===========> DesktopImpl.service: [Desktop z_qfz:/index.zul] client error: Failed to mount: adempiere.set is not a function [30]
15:19:22.166===========> DesktopImpl.service: [Desktop z_qfz:/index.zul] client error: Failed to mount: adempiere.set is not a function [30]
15:19:22.178===========> DesktopImpl.service: [Desktop z_qfz:/index.zul] client error: Failed to mount: adempiere.set is not a function [30]
15:19:22.190===========> DesktopImpl.service: [Desktop z_qfz:/index.zul] client error: Failed to mount: adempiere.set is not a function [30]
15:19:22.201===========> DesktopImpl.service: [Desktop z_qfz:/index.zul] client error: Failed to mount: adempiere.set is not a function [30]
15:19:22.212===========> DesktopImpl.service: [Desktop z_qfz:/index.zul] client error: Failed to mount: adempiere.set is not a function [30]
15:19:22.227===========> DesktopImpl.service: [Desktop z_qfz:/index.zul] client error: Failed to mount: adempiere.set is not a function [30]
15:19:22.237===========> DesktopImpl.service: [Desktop z_qfz:/index.zul] client error: Failed to mount: adempiere.set is not a function [30]
15:19:22.247===========> DesktopImpl.service: [Desktop z_qfz:/index.zul] client error: Failed to mount: adempiere.set is not a function [30]
15:19:22.255===========> DesktopImpl.service: [Desktop z_qfz:/index.zul] client error: Failed to mount: adempiere.set is not a function [30]
15:19:22.265===========> DesktopImpl.service: [Desktop z_qfz:/index.zul] client error: Failed to mount: adempiere.set is not a function [30]
15:19:22.275===========> DesktopImpl.service: [Desktop z_qfz:/index.zul] client error: Failed to mount: adempiere.set is not a function [30]
15:19:22.285===========> DesktopImpl.service: [Desktop z_qfz:/index.zul] client error: Failed to mount: adempiere.set is not a function [30]
15:19:22.295===========> DesktopImpl.service: [Desktop z_qfz:/index.zul] client error: Failed to mount: adempiere.set is not a function [30]
15:19:22.303===========> DesktopImpl.service: [Desktop z_qfz:/index.zul] client error: Failed to mount: adempiere.set is not a function [30]
15:19:22.314===========> DesktopImpl.service: [Desktop z_qfz:/index.zul] client error: Failed to mount: adempiere.set is not a function [30]
15:19:22.322===========> DesktopImpl.service: [Desktop z_qfz:/index.zul] client error: Failed to mount: adempiere.set is not a function [30]
15:19:51.295===========> MProductPricing.calculatePL: No PriceList [37]
