*** 2016-07-25 16:35:11.632 idempiere Log (CLogFile) ***
16:35:11.632 Adempiere.startup: iDempiere(r) Release 3.1_2015-10-31 -Smart Suite ERP, CRM and SCM- (c) 1999-2013 iDempiere(r); Implementation: iDempiere - Supported by iDempiere community [17]
16:35:11.632 Ini.loadProperties: E:\mercurialidempiere/idempiere.properties #32 [17]
16:35:12.101 AdempiereActivator.installPackage: ni.idempiere.importcurrencyrate 1.0.0 was installed: 2016-07-14 15:40:48.116 [17]
16:35:12.109 DB.isBuildOK: Build DB=${env.ADEMPIERE_VERSION} 20080428-1232 [17]
16:35:12.109 DB.isBuildOK: Build Cl=3.1.0.qualifier [17]
16:35:12.125-----------> DB.isBuildOK: Build Version Error 

The program assumes build version 3.1.0.qualifier, but database has build version ${env.ADEMPIERE_VERSION} 20080428-1232. 
This is likely to cause hard to fix errors. 
Please contact administrator. [17]
16:35:12.187 WebEnv.initWeb: Servlet Context Init Parameters: iDempiere Root
ServerRoot=1 [17]
16:35:12.209-----------> EMail.setFrom: you @ company.org: javax.mail.internet.AddressException: Local address contains control or whitespace in string ``you @ company.org'' [17]
16:35:12.211-----------> EMail.addTo: you @ company.org: javax.mail.internet.AddressException: Local address contains control or whitespace in string ``you @ company.org'' [17]
16:35:12.211-----------> EMail.isValid: From is invalid=null [17]
16:35:12.211-----------> EMail.isValid: From is invalid=null [17]
16:35:12.211-----------> MClient.sendEMail: Could NOT Send Email: Server started: iDempiere (odbz:192.168.8.100) to you @ company.org: Invalid Data (System) [17]
16:35:12.211 WebEnv.initWeb: Servlet Init Parameter: idempiereMonitor [17]
16:35:12.212 AdempiereMonitor.init:  [17]
16:35:13.531-----------> AnnotationConfiguration.configure: ServletContainerInitializers: detected. Class hierarchy: empty [17]
16:35:13.744-----------> ClassLocator.getDependentXMLResources: Replicate resource: ckez
Overwrite bundleresource://183.fwk1480207683:2/metainfo/zk/config.xml
with bundleresource://183.fwk1480207683:19/metainfo/zk/config.xml [17]
16:35:13.760-----------> ClassLocator.getDependentXMLResources: Replicate resource: zk
Overwrite bundleresource://183.fwk1480207683:11/metainfo/zk/config.xml
with bundleresource://183.fwk1480207683:28/metainfo/zk/config.xml [17]
16:35:13.760-----------> ClassLocator.getDependentXMLResources: Replicate resource: zkbind
Overwrite bundleresource://183.fwk1480207683:12/metainfo/zk/config.xml
with bundleresource://183.fwk1480207683:29/metainfo/zk/config.xml [17]
16:35:13.791-----------> ClassLocator.getDependentXMLResources: Replicate resource: zul
Overwrite bundleresource://183.fwk1480207683:14/metainfo/zk/zk.xml
with bundleresource://183.fwk1480207683:31/metainfo/zk/zk.xml [17]
16:35:14.108-----------> LanguageDefinition.<init>: Replicated language: xhtml, overriden by [LanguageDefinition: xhtml] [17]
16:35:14.139-----------> LanguageDefinition.<init>: Replicated language: xul/html, overriden by [LanguageDefinition: xul/html] [17]
16:35:14.186-----------> ClassLocator.getDependentXMLResources: Replicate resource: calendar
Overwrite bundleresource://183.fwk1480207683:1/metainfo/zk/lang-addon.xml
with bundleresource://183.fwk1480207683:18/metainfo/zk/lang-addon.xml [17]
16:35:14.202-----------> ClassLocator.getDependentXMLResources: Replicate resource: ckez
Overwrite bundleresource://183.fwk1480207683:2/metainfo/zk/lang-addon.xml
with bundleresource://183.fwk1480207683:19/metainfo/zk/lang-addon.xml [17]
16:35:14.202-----------> ClassLocator.getDependentXMLResources: Replicate resource: gmapsz
Overwrite bundleresource://183.fwk1480207683:5/metainfo/zk/lang-addon.xml
with bundleresource://183.fwk1480207683:22/metainfo/zk/lang-addon.xml [17]
16:35:14.202-----------> ClassLocator.getDependentXMLResources: Replicate resource: timeline
Overwrite bundleresource://183.fwk1480207683:6/metainfo/zk/lang-addon.xml
with bundleresource://183.fwk1480207683:23/metainfo/zk/lang-addon.xml [17]
16:35:14.202-----------> ClassLocator.getDependentXMLResources: Replicate resource: timeplot
Overwrite bundleresource://183.fwk1480207683:7/metainfo/zk/lang-addon.xml
with bundleresource://183.fwk1480207683:24/metainfo/zk/lang-addon.xml [17]
16:35:14.217-----------> ClassLocator.getDependentXMLResources: Replicate resource: zkbind
Overwrite bundleresource://183.fwk1480207683:12/metainfo/zk/lang-addon.xml
with bundleresource://183.fwk1480207683:29/metainfo/zk/lang-addon.xml [17]
16:35:14.217-----------> ClassLocator.getDependentXMLResources: Replicate resource: zkplus
Overwrite bundleresource://183.fwk1480207683:13/metainfo/zk/lang-addon.xml
with bundleresource://183.fwk1480207683:30/metainfo/zk/lang-addon.xml [17]
16:35:14.436           WebUIServlet.init: iDempiere Web Client started successfully [17]
16:35:15.358-----------> AnnotationConfiguration.configure: ServletContainerInitializers: detected. Class hierarchy: empty [17]

*** 2016-07-25 16:35:15.538 idempiere Log (CLogFile) ***
16:35:17.413-----------> Node: [192.168.8.100]:5701 [adempiere.idempiere/localhost] [3.5.3] No join method is enabled! Starting standalone. [50]
16:35:41.025-----------> Msg.getMsg: NOT found: ni.idempiere.toolbar.action.toolbarbtn.label [38]
16:35:41.025-----------> Msg.getMsg: NOT found: ni.idempiere.toolbar.action.toolbarbtn.tooltip [38]
16:35:53.449-----------> Msg.getMsg: NOT found: ni.idempiere.toolbar.action.toolbarbtn.label [39]
16:35:53.449-----------> Msg.getMsg: NOT found: ni.idempiere.toolbar.action.toolbarbtn.tooltip [39]
16:36:07.793===========> MInvoice.saveError: FillMandatory - Organization [38]
16:36:07.794-----------> GridTable.saveWarning: FillMandatory - Organization [38]
16:36:30.199-----------> MWFActivity.run: MWFNode[193-(DocPrepare),Action=DocumentAction=PR] [185]
java.lang.Exception: Withholding Not Generated
	at org.compiere.wf.MWFActivity.performWork(MWFActivity.java:1047)
	at org.compiere.wf.MWFActivity.run(MWFActivity.java:874)
	at org.compiere.wf.MWFProcess.startNext(MWFProcess.java:373)
	at org.compiere.wf.MWFProcess.checkActivities(MWFProcess.java:283)
	at org.compiere.wf.MWFActivity.setWFState(MWFActivity.java:277)
	at org.compiere.wf.MWFActivity.run(MWFActivity.java:891)
	at org.compiere.wf.MWFProcess.startWork(MWFProcess.java:505)
	at org.compiere.wf.MWorkflow.start(MWorkflow.java:687)
	at org.adempiere.util.ProcessUtil.startWorkFlow(ProcessUtil.java:313)
	at org.compiere.apps.AbstractProcessCtl.startWorkflow(AbstractProcessCtl.java:391)
	at org.compiere.apps.AbstractProcessCtl.run(AbstractProcessCtl.java:209)

