*** 2016-05-20 10:47:02.965 idempiere Log (CLogFile) ***
10:47:02.965 Adempiere.startup: iDempiere(r) Release 3.1_2015-10-31 -Smart Suite ERP, CRM and SCM- (c) 1999-2013 iDempiere(r); Implementation: iDempiere - Supported by iDempiere community [17]
10:47:02.965 Ini.loadProperties: E:\mercurialidempiere/idempiere.properties #32 [17]
10:47:03.449 DB.isBuildOK: Build DB=${env.ADEMPIERE_VERSION} 20080428-1232 [17]
10:47:03.449 DB.isBuildOK: Build Cl=3.1.0.qualifier [17]
10:47:03.465-----------> DB.isBuildOK: Build Version Error 

The program assumes build version 3.1.0.qualifier, but database has build version ${env.ADEMPIERE_VERSION} 20080428-1232. 
This is likely to cause hard to fix errors. 
Please contact administrator. [17]
10:47:03.543 Language.getLanguage: Adding Language=en, Country=US, Locale=en_US [17]
10:47:03.543 Language.getLanguage: Adding Language=en, Country=US, Locale=en_US [17]
10:47:03.610 WebEnv.initWeb: Servlet Context Init Parameters: iDempiere Root
ServerRoot=1 [17]
10:47:03.623-----------> EMail.setFrom: you @ company.org: javax.mail.internet.AddressException: Local address contains control or whitespace in string ``you @ company.org'' [17]
10:47:03.625-----------> EMail.addTo: you @ company.org: javax.mail.internet.AddressException: Local address contains control or whitespace in string ``you @ company.org'' [17]
10:47:03.625-----------> EMail.isValid: From is invalid=null [17]
10:47:03.625-----------> EMail.isValid: From is invalid=null [17]
10:47:03.625-----------> MClient.sendEMail: Could NOT Send Email: Server started: iDempiere (odbz:10.0.5.43) to you @ company.org: Invalid Data (System) [17]
10:47:03.625 WebEnv.initWeb: Servlet Init Parameter: idempiereMonitor [17]
10:47:03.626 AdempiereMonitor.init:  [17]
10:47:05.077-----------> AnnotationConfiguration.configure: ServletContainerInitializers: detected. Class hierarchy: empty [17]
10:47:05.357-----------> ClassLocator.getDependentXMLResources: Replicate resource: ckez
Overwrite bundleresource://178.fwk491298318:2/metainfo/zk/config.xml
with bundleresource://178.fwk491298318:19/metainfo/zk/config.xml [17]
10:47:05.373-----------> ClassLocator.getDependentXMLResources: Replicate resource: zk
Overwrite bundleresource://178.fwk491298318:11/metainfo/zk/config.xml
with bundleresource://178.fwk491298318:28/metainfo/zk/config.xml [17]
10:47:05.373-----------> ClassLocator.getDependentXMLResources: Replicate resource: zkbind
Overwrite bundleresource://178.fwk491298318:12/metainfo/zk/config.xml
with bundleresource://178.fwk491298318:29/metainfo/zk/config.xml [17]
10:47:05.404-----------> ClassLocator.getDependentXMLResources: Replicate resource: zul
Overwrite bundleresource://178.fwk491298318:14/metainfo/zk/zk.xml
with bundleresource://178.fwk491298318:31/metainfo/zk/zk.xml [17]
10:47:05.732-----------> LanguageDefinition.<init>: Replicated language: xhtml, overriden by [LanguageDefinition: xhtml] [17]
10:47:05.764-----------> LanguageDefinition.<init>: Replicated language: xul/html, overriden by [LanguageDefinition: xul/html] [17]
10:47:05.811-----------> ClassLocator.getDependentXMLResources: Replicate resource: calendar
Overwrite bundleresource://178.fwk491298318:1/metainfo/zk/lang-addon.xml
with bundleresource://178.fwk491298318:18/metainfo/zk/lang-addon.xml [17]
10:47:05.826-----------> ClassLocator.getDependentXMLResources: Replicate resource: ckez
Overwrite bundleresource://178.fwk491298318:2/metainfo/zk/lang-addon.xml
with bundleresource://178.fwk491298318:19/metainfo/zk/lang-addon.xml [17]
10:47:05.826-----------> ClassLocator.getDependentXMLResources: Replicate resource: gmapsz
Overwrite bundleresource://178.fwk491298318:5/metainfo/zk/lang-addon.xml
with bundleresource://178.fwk491298318:22/metainfo/zk/lang-addon.xml [17]
10:47:05.826-----------> ClassLocator.getDependentXMLResources: Replicate resource: timeline
Overwrite bundleresource://178.fwk491298318:6/metainfo/zk/lang-addon.xml
with bundleresource://178.fwk491298318:23/metainfo/zk/lang-addon.xml [17]
10:47:05.842-----------> ClassLocator.getDependentXMLResources: Replicate resource: timeplot
Overwrite bundleresource://178.fwk491298318:7/metainfo/zk/lang-addon.xml
with bundleresource://178.fwk491298318:24/metainfo/zk/lang-addon.xml [17]
10:47:05.857-----------> ClassLocator.getDependentXMLResources: Replicate resource: zkbind
Overwrite bundleresource://178.fwk491298318:12/metainfo/zk/lang-addon.xml
with bundleresource://178.fwk491298318:29/metainfo/zk/lang-addon.xml [17]
10:47:05.857-----------> ClassLocator.getDependentXMLResources: Replicate resource: zkplus
Overwrite bundleresource://178.fwk491298318:13/metainfo/zk/lang-addon.xml
with bundleresource://178.fwk491298318:30/metainfo/zk/lang-addon.xml [17]
10:47:05.998           WebUIServlet.init: iDempiere Web Client started successfully [17]
