*** 2017-06-16 10:12:23.336 idempiere Log (CLogFile) ***
10:12:23.336 Adempiere.startup: iDempiere(r) Release 3.1_2015-10-31 -Smart Suite ERP, CRM and SCM- (c) 1999-2013 iDempiere(r); Implementation: iDempiere - Supported by iDempiere community [17]
10:12:23.339 Ini.loadProperties: E:\mercurialidempiere/idempiere.properties #33 [17]
10:12:23.876 DB.isBuildOK: Build DB=${env.ADEMPIERE_VERSION} 20080428-1232 [17]
10:12:23.876 DB.isBuildOK: Build Cl=3.1.0.qualifier [17]
10:12:23.892-----------> DB.isBuildOK: Build Version Error 

The program assumes build version 3.1.0.qualifier, but database has build version ${env.ADEMPIERE_VERSION} 20080428-1232. 
This is likely to cause hard to fix errors. 
Please contact administrator. [17]
10:12:43.944 WebEnv.initWeb: Servlet Context Init Parameters: iDempiere Root
ServerRoot=1 [17]
10:12:44.143-----------> EMail.setFrom: you @ company.org: javax.mail.internet.AddressException: Local address contains control or whitespace in string ``you @ company.org'' [17]
10:12:44.145-----------> EMail.addTo: you @ company.org: javax.mail.internet.AddressException: Local address contains control or whitespace in string ``you @ company.org'' [17]
10:12:44.146-----------> EMail.isValid: From is invalid=null [17]
10:12:44.146-----------> EMail.isValid: From is invalid=null [17]
10:12:44.146-----------> MClient.sendEMail: Could NOT Send Email: Server started: iDempiere (odbz:192.168.47.1) to you @ company.org: Invalid Data (System) [17]
10:12:44.146 WebEnv.initWeb: Servlet Init Parameter: idempiereMonitor [17]
10:12:44.146 AdempiereMonitor.init:  [17]
10:12:45.661-----------> AnnotationConfiguration.configure: ServletContainerInitializers: detected. Class hierarchy: empty [17]
10:12:45.916-----------> ClassLocator.getDependentXMLResources: Replicate resource: ckez
Overwrite bundleresource://182.fwk1319287199:2/metainfo/zk/config.xml
with bundleresource://182.fwk1319287199:19/metainfo/zk/config.xml [17]
10:12:45.923-----------> ClassLocator.getDependentXMLResources: Replicate resource: zk
Overwrite bundleresource://182.fwk1319287199:11/metainfo/zk/config.xml
with bundleresource://182.fwk1319287199:28/metainfo/zk/config.xml [17]
10:12:45.928-----------> ClassLocator.getDependentXMLResources: Replicate resource: zkbind
Overwrite bundleresource://182.fwk1319287199:12/metainfo/zk/config.xml
with bundleresource://182.fwk1319287199:29/metainfo/zk/config.xml [17]
10:12:45.959-----------> ClassLocator.getDependentXMLResources: Replicate resource: zul
Overwrite bundleresource://182.fwk1319287199:14/metainfo/zk/zk.xml
with bundleresource://182.fwk1319287199:31/metainfo/zk/zk.xml [17]
10:12:46.332-----------> LanguageDefinition.<init>: Replicated language: xhtml, overriden by [LanguageDefinition: xhtml] [17]
10:12:46.353-----------> LanguageDefinition.<init>: Replicated language: xul/html, overriden by [LanguageDefinition: xul/html] [17]
10:12:46.397-----------> ClassLocator.getDependentXMLResources: Replicate resource: calendar
Overwrite bundleresource://182.fwk1319287199:1/metainfo/zk/lang-addon.xml
with bundleresource://182.fwk1319287199:18/metainfo/zk/lang-addon.xml [17]
10:12:46.400-----------> ClassLocator.getDependentXMLResources: Replicate resource: ckez
Overwrite bundleresource://182.fwk1319287199:2/metainfo/zk/lang-addon.xml
with bundleresource://182.fwk1319287199:19/metainfo/zk/lang-addon.xml [17]
10:12:46.404-----------> ClassLocator.getDependentXMLResources: Replicate resource: gmapsz
Overwrite bundleresource://182.fwk1319287199:5/metainfo/zk/lang-addon.xml
with bundleresource://182.fwk1319287199:22/metainfo/zk/lang-addon.xml [17]
10:12:46.409-----------> ClassLocator.getDependentXMLResources: Replicate resource: timeline
Overwrite bundleresource://182.fwk1319287199:6/metainfo/zk/lang-addon.xml
with bundleresource://182.fwk1319287199:23/metainfo/zk/lang-addon.xml [17]
10:12:46.413-----------> ClassLocator.getDependentXMLResources: Replicate resource: timeplot
Overwrite bundleresource://182.fwk1319287199:7/metainfo/zk/lang-addon.xml
with bundleresource://182.fwk1319287199:24/metainfo/zk/lang-addon.xml [17]
10:12:46.421-----------> ClassLocator.getDependentXMLResources: Replicate resource: zkbind
Overwrite bundleresource://182.fwk1319287199:12/metainfo/zk/lang-addon.xml
with bundleresource://182.fwk1319287199:29/metainfo/zk/lang-addon.xml [17]
10:12:46.428-----------> ClassLocator.getDependentXMLResources: Replicate resource: zkplus
Overwrite bundleresource://182.fwk1319287199:13/metainfo/zk/lang-addon.xml
with bundleresource://182.fwk1319287199:30/metainfo/zk/lang-addon.xml [17]
10:12:46.741           WebUIServlet.init: iDempiere Web Client started successfully [17]
10:12:47.671-----------> AnnotationConfiguration.configure: ServletContainerInitializers: detected. Class hierarchy: empty [17]
10:12:47.778-----------> LCO_ValidatorWH.initialize:  [69]

*** 2017-06-16 10:12:47.952 idempiere Log (CLogFile) ***
10:12:50.193-----------> Node: [192.168.163.1]:5701 [adempiere.idempiere/localhost] [3.5.3] No join method is enabled! Starting standalone. [50]
10:14:45.068-----------> MPeriod.isOpen: jun-17: Not open for APP (2017-06-15 00:00:00.0) [37]
10:14:45.072===========> CalloutEngine.start: start: dateAcct [37]
org.adempiere.exceptions.PeriodClosedException: Periodo Cerrado Fecha=2017-06-15 00:00:00.0, Tipo de Documento Base=Pagos de CxP
	at org.compiere.model.MPeriod.testPeriodOpen(MPeriod.java:798)
	at org.compiere.model.MPeriod.testPeriodOpen(MPeriod.java:831)
	at org.compiere.model.CalloutEngine.checkPeriodOpen(CalloutEngine.java:280)
	at org.compiere.model.CalloutEngine.dateAcct(CalloutEngine.java:234)
	at sun.reflect.NativeMethodAccessorImpl.invoke0(Native Method)
	at sun.reflect.NativeMethodAccessorImpl.invoke(Unknown Source)
	at sun.reflect.DelegatingMethodAccessorImpl.invoke(Unknown Source)
	at java.lang.reflect.Method.invoke(Unknown Source)
	at org.compiere.model.CalloutEngine.start(CalloutEngine.java:109)
	at org.compiere.model.GridTab.processCallout(GridTab.java:2935)
	at org.compiere.model.GridTab.processFieldChange(GridTab.java:2749)
	at org.adempiere.webui.adwindow.ADTabpanel.dataStatusChanged(ADTabpanel.java:1240)
	at org.compiere.model.GridTab.fireDataStatusChanged(GridTab.java:2362)
	at org.compiere.model.GridTab.dataStatusChanged(GridTab.java:2330)
	at org.compiere.model.GridTable.fireDataStatusChanged(GridTable.java:3348)
	at org.compiere.model.GridTable.setValueAt(GridTable.java:1325)
	at org.compiere.model.GridTable.setValueAt(GridTable.java:1250)

10:14:45.183-----------> Msg.getMsg: NOT found: Periodo Cerrado Fecha=2017-06-15 00:00:00.0, Tipo de Documento Base=Pagos de CxP [37]
10:15:56.510===========> NIMPayment.beforeSave: Log desde NINSSMPayment... [36]
10:37:39.545===========> MPaymentAllocate.saveError: FillMandatory - Organización [30]
10:37:39.547-----------> GridTable.saveWarning: FillMandatory - Organización [30]
