*** 2016-09-09 09:50:46.819 idempiere Log (CLogFile) ***
09:50:46.818 Adempiere.startup: iDempiere(r) Release 3.1_2015-10-31 -Smart Suite ERP, CRM and SCM- (c) 1999-2013 iDempiere(r); Implementation: iDempiere - Supported by iDempiere community [17]
09:50:46.821 Ini.loadProperties: E:\mercurialidempiere/idempiere.properties #33 [17]
09:50:47.482 AdempiereActivator.installPackage: ni.idempiere.importcurrencyrate 1.0.0 was installed: 2016-07-14 16:34:48.698 [17]
09:50:47.503 DB.isBuildOK: Build DB=${env.ADEMPIERE_VERSION} 20080428-1232 [17]
09:50:47.504 DB.isBuildOK: Build Cl=3.1.0.qualifier [17]
09:50:47.527-----------> DB.isBuildOK: Build Version Error 

The program assumes build version 3.1.0.qualifier, but database has build version ${env.ADEMPIERE_VERSION} 20080428-1232. 
This is likely to cause hard to fix errors. 
Please contact administrator. [17]
09:50:47.616 WebEnv.initWeb: Servlet Context Init Parameters: iDempiere Root
ServerRoot=1 [17]
09:50:47.704-----------> EMail.setFrom: you @ company.org: javax.mail.internet.AddressException: Local address contains control or whitespace in string ``you @ company.org'' [17]
09:50:47.706-----------> EMail.addTo: you @ company.org: javax.mail.internet.AddressException: Local address contains control or whitespace in string ``you @ company.org'' [17]
09:50:47.707-----------> EMail.isValid: From is invalid=null [17]
09:50:47.707-----------> EMail.isValid: From is invalid=null [17]
09:50:47.707-----------> MClient.sendEMail: Could NOT Send Email: Server started: iDempiere (odbz:192.168.163.1) to you @ company.org: Invalid Data (System) [17]
09:50:47.707 WebEnv.initWeb: Servlet Init Parameter: idempiereMonitor [17]
09:50:47.707 AdempiereMonitor.init:  [17]
09:50:49.466-----------> AnnotationConfiguration.configure: ServletContainerInitializers: detected. Class hierarchy: empty [17]
09:50:49.782-----------> ClassLocator.getDependentXMLResources: Replicate resource: ckez
Overwrite bundleresource://185.fwk491298318:2/metainfo/zk/config.xml
with bundleresource://185.fwk491298318:19/metainfo/zk/config.xml [17]
09:50:49.791-----------> ClassLocator.getDependentXMLResources: Replicate resource: zk
Overwrite bundleresource://185.fwk491298318:11/metainfo/zk/config.xml
with bundleresource://185.fwk491298318:28/metainfo/zk/config.xml [17]
09:50:49.798-----------> ClassLocator.getDependentXMLResources: Replicate resource: zkbind
Overwrite bundleresource://185.fwk491298318:12/metainfo/zk/config.xml
with bundleresource://185.fwk491298318:29/metainfo/zk/config.xml [17]
09:50:49.836-----------> ClassLocator.getDependentXMLResources: Replicate resource: zul
Overwrite bundleresource://185.fwk491298318:14/metainfo/zk/zk.xml
with bundleresource://185.fwk491298318:31/metainfo/zk/zk.xml [17]
09:50:50.221-----------> LanguageDefinition.<init>: Replicated language: xhtml, overriden by [LanguageDefinition: xhtml] [17]
09:50:50.246-----------> LanguageDefinition.<init>: Replicated language: xul/html, overriden by [LanguageDefinition: xul/html] [17]
09:50:50.322-----------> ClassLocator.getDependentXMLResources: Replicate resource: calendar
Overwrite bundleresource://185.fwk491298318:1/metainfo/zk/lang-addon.xml
with bundleresource://185.fwk491298318:18/metainfo/zk/lang-addon.xml [17]
09:50:50.331-----------> ClassLocator.getDependentXMLResources: Replicate resource: ckez
Overwrite bundleresource://185.fwk491298318:2/metainfo/zk/lang-addon.xml
with bundleresource://185.fwk491298318:19/metainfo/zk/lang-addon.xml [17]
09:50:50.339-----------> ClassLocator.getDependentXMLResources: Replicate resource: gmapsz
Overwrite bundleresource://185.fwk491298318:5/metainfo/zk/lang-addon.xml
with bundleresource://185.fwk491298318:22/metainfo/zk/lang-addon.xml [17]
09:50:50.345-----------> ClassLocator.getDependentXMLResources: Replicate resource: timeline
Overwrite bundleresource://185.fwk491298318:6/metainfo/zk/lang-addon.xml
with bundleresource://185.fwk491298318:23/metainfo/zk/lang-addon.xml [17]
09:50:50.351-----------> ClassLocator.getDependentXMLResources: Replicate resource: timeplot
Overwrite bundleresource://185.fwk491298318:7/metainfo/zk/lang-addon.xml
with bundleresource://185.fwk491298318:24/metainfo/zk/lang-addon.xml [17]
09:50:50.364-----------> ClassLocator.getDependentXMLResources: Replicate resource: zkbind
Overwrite bundleresource://185.fwk491298318:12/metainfo/zk/lang-addon.xml
with bundleresource://185.fwk491298318:29/metainfo/zk/lang-addon.xml [17]
09:50:50.373-----------> ClassLocator.getDependentXMLResources: Replicate resource: zkplus
Overwrite bundleresource://185.fwk491298318:13/metainfo/zk/lang-addon.xml
with bundleresource://185.fwk491298318:30/metainfo/zk/lang-addon.xml [17]
09:50:50.596           WebUIServlet.init: iDempiere Web Client started successfully [17]
09:50:51.767-----------> AnnotationConfiguration.configure: ServletContainerInitializers: detected. Class hierarchy: empty [17]

*** 2016-09-09 09:50:52.006 idempiere Log (CLogFile) ***
09:50:54.326-----------> Node: [172.16.45.186]:5701 [adempiere.idempiere/localhost] [3.5.3] No join method is enabled! Starting standalone. [42]
