*** 2016-05-18 10:41:46.167 idempiere Log (CLogFile) ***
10:41:46.167 Adempiere.startup: iDempiere(r) Release 3.1_2015-10-31 -Smart Suite ERP, CRM and SCM- (c) 1999-2013 iDempiere(r); Implementation: iDempiere - Supported by iDempiere community [14]
10:41:46.167 Ini.loadProperties: E:\mercurialidempiere/idempiere.properties #32 [14]
10:41:47.029 DB.isBuildOK: Build DB=${env.ADEMPIERE_VERSION} 20080428-1232 [14]
10:41:47.029 DB.isBuildOK: Build Cl=3.1.0.qualifier [14]
10:41:47.091-----------> DB.isBuildOK: Build Version Error 

The program assumes build version 3.1.0.qualifier, but database has build version ${env.ADEMPIERE_VERSION} 20080428-1232. 
This is likely to cause hard to fix errors. 
Please contact administrator. [14]
10:41:47.247 WebEnv.initWeb: Servlet Context Init Parameters: iDempiere Root
ServerRoot=1 [14]
10:41:47.263-----------> EMail.setFrom: you @ company.org: javax.mail.internet.AddressException: Local address contains control or whitespace in string ``you @ company.org'' [14]
10:41:47.263-----------> EMail.addTo: you @ company.org: javax.mail.internet.AddressException: Local address contains control or whitespace in string ``you @ company.org'' [14]
10:41:47.263-----------> EMail.isValid: From is invalid=null [14]
10:41:47.263-----------> EMail.isValid: From is invalid=null [14]
10:41:47.263-----------> MClient.sendEMail: Could NOT Send Email: Server started: iDempiere (odbz:10.0.5.43) to you @ company.org: Invalid Data (System) [14]
10:41:47.263 WebEnv.initWeb: Servlet Init Parameter: idempiereMonitor [14]
10:41:47.263 AdempiereMonitor.init:  [14]
10:41:53.123-----------> AnnotationConfiguration.configure: ServletContainerInitializers: detected. Class hierarchy: empty [14]
10:41:53.455-----------> ClassLocator.getDependentXMLResources: Replicate resource: ckez
Overwrite bundleresource://178.fwk333967374:2/metainfo/zk/config.xml
with bundleresource://178.fwk333967374:19/metainfo/zk/config.xml [14]
10:41:53.461-----------> ClassLocator.getDependentXMLResources: Replicate resource: zk
Overwrite bundleresource://178.fwk333967374:11/metainfo/zk/config.xml
with bundleresource://178.fwk333967374:28/metainfo/zk/config.xml [14]
10:41:53.464-----------> ClassLocator.getDependentXMLResources: Replicate resource: zkbind
Overwrite bundleresource://178.fwk333967374:12/metainfo/zk/config.xml
with bundleresource://178.fwk333967374:29/metainfo/zk/config.xml [14]
10:41:53.486-----------> ClassLocator.getDependentXMLResources: Replicate resource: zul
Overwrite bundleresource://178.fwk333967374:14/metainfo/zk/zk.xml
with bundleresource://178.fwk333967374:31/metainfo/zk/zk.xml [14]
10:41:53.819-----------> LanguageDefinition.<init>: Replicated language: xhtml, overriden by [LanguageDefinition: xhtml] [14]
10:41:53.844-----------> LanguageDefinition.<init>: Replicated language: xul/html, overriden by [LanguageDefinition: xul/html] [14]
10:41:53.920-----------> ClassLocator.getDependentXMLResources: Replicate resource: calendar
Overwrite bundleresource://178.fwk333967374:1/metainfo/zk/lang-addon.xml
with bundleresource://178.fwk333967374:18/metainfo/zk/lang-addon.xml [14]
10:41:53.925-----------> ClassLocator.getDependentXMLResources: Replicate resource: ckez
Overwrite bundleresource://178.fwk333967374:2/metainfo/zk/lang-addon.xml
with bundleresource://178.fwk333967374:19/metainfo/zk/lang-addon.xml [14]
10:41:53.932-----------> ClassLocator.getDependentXMLResources: Replicate resource: gmapsz
Overwrite bundleresource://178.fwk333967374:5/metainfo/zk/lang-addon.xml
with bundleresource://178.fwk333967374:22/metainfo/zk/lang-addon.xml [14]
10:41:53.936-----------> ClassLocator.getDependentXMLResources: Replicate resource: timeline
Overwrite bundleresource://178.fwk333967374:6/metainfo/zk/lang-addon.xml
with bundleresource://178.fwk333967374:23/metainfo/zk/lang-addon.xml [14]
10:41:53.940-----------> ClassLocator.getDependentXMLResources: Replicate resource: timeplot
Overwrite bundleresource://178.fwk333967374:7/metainfo/zk/lang-addon.xml
with bundleresource://178.fwk333967374:24/metainfo/zk/lang-addon.xml [14]
10:41:53.955-----------> ClassLocator.getDependentXMLResources: Replicate resource: zkbind
Overwrite bundleresource://178.fwk333967374:12/metainfo/zk/lang-addon.xml
with bundleresource://178.fwk333967374:29/metainfo/zk/lang-addon.xml [14]
10:41:53.967-----------> ClassLocator.getDependentXMLResources: Replicate resource: zkplus
Overwrite bundleresource://178.fwk333967374:13/metainfo/zk/lang-addon.xml
with bundleresource://178.fwk333967374:30/metainfo/zk/lang-addon.xml [14]
10:41:54.144           WebUIServlet.init: iDempiere Web Client started successfully [14]
10:41:55.056-----------> AnnotationConfiguration.configure: ServletContainerInitializers: detected. Class hierarchy: empty [14]

*** 2016-05-18 10:41:55.587 idempiere Log (CLogFile) ***
10:41:57.124-----------> Node: [10.0.5.43]:5701 [adempiere.idempiere/localhost] [3.5.3] No join method is enabled! Starting standalone. [39]
