*** 2016-09-09 11:15:27.943 idempiere Log (CLogFile) ***
11:15:27.942 Adempiere.startup: iDempiere(r) Release 3.1_2015-10-31 -Smart Suite ERP, CRM and SCM- (c) 1999-2013 iDempiere(r); Implementation: iDempiere - Supported by iDempiere community [17]
11:15:27.946 Ini.loadProperties: E:\mercurialidempiere/idempiere.properties #33 [17]
11:15:28.531 AdempiereActivator.installPackage: ni.idempiere.importcurrencyrate 1.0.0 was installed: 2016-07-14 16:34:48.698 [17]
11:15:28.547 DB.isBuildOK: Build DB=${env.ADEMPIERE_VERSION} 20080428-1232 [17]
11:15:28.548 DB.isBuildOK: Build Cl=3.1.0.qualifier [17]
11:15:28.565-----------> DB.isBuildOK: Build Version Error 

The program assumes build version 3.1.0.qualifier, but database has build version ${env.ADEMPIERE_VERSION} 20080428-1232. 
This is likely to cause hard to fix errors. 
Please contact administrator. [17]
11:15:28.637 WebEnv.initWeb: Servlet Context Init Parameters: iDempiere Root
ServerRoot=1 [17]
11:15:28.713-----------> EMail.setFrom: you @ company.org: javax.mail.internet.AddressException: Local address contains control or whitespace in string ``you @ company.org'' [17]
11:15:28.714-----------> EMail.addTo: you @ company.org: javax.mail.internet.AddressException: Local address contains control or whitespace in string ``you @ company.org'' [17]
11:15:28.715-----------> EMail.isValid: From is invalid=null [17]
11:15:28.715-----------> EMail.isValid: From is invalid=null [17]
11:15:28.715-----------> MClient.sendEMail: Could NOT Send Email: Server started: iDempiere (odbz:192.168.163.1) to you @ company.org: Invalid Data (System) [17]
11:15:28.715 WebEnv.initWeb: Servlet Init Parameter: idempiereMonitor [17]
11:15:28.715 AdempiereMonitor.init:  [17]
11:15:30.342-----------> AnnotationConfiguration.configure: ServletContainerInitializers: detected. Class hierarchy: empty [17]
11:15:30.675-----------> ClassLocator.getDependentXMLResources: Replicate resource: ckez
Overwrite bundleresource://185.fwk1319287199:2/metainfo/zk/config.xml
with bundleresource://185.fwk1319287199:19/metainfo/zk/config.xml [17]
11:15:30.681-----------> ClassLocator.getDependentXMLResources: Replicate resource: zk
Overwrite bundleresource://185.fwk1319287199:11/metainfo/zk/config.xml
with bundleresource://185.fwk1319287199:28/metainfo/zk/config.xml [17]
11:15:30.692-----------> ClassLocator.getDependentXMLResources: Replicate resource: zkbind
Overwrite bundleresource://185.fwk1319287199:12/metainfo/zk/config.xml
with bundleresource://185.fwk1319287199:29/metainfo/zk/config.xml [17]
11:15:30.731-----------> ClassLocator.getDependentXMLResources: Replicate resource: zul
Overwrite bundleresource://185.fwk1319287199:14/metainfo/zk/zk.xml
with bundleresource://185.fwk1319287199:31/metainfo/zk/zk.xml [17]
11:15:31.097-----------> LanguageDefinition.<init>: Replicated language: xhtml, overriden by [LanguageDefinition: xhtml] [17]
11:15:31.125-----------> LanguageDefinition.<init>: Replicated language: xul/html, overriden by [LanguageDefinition: xul/html] [17]
11:15:31.242-----------> ClassLocator.getDependentXMLResources: Replicate resource: calendar
Overwrite bundleresource://185.fwk1319287199:1/metainfo/zk/lang-addon.xml
with bundleresource://185.fwk1319287199:18/metainfo/zk/lang-addon.xml [17]
11:15:31.248-----------> ClassLocator.getDependentXMLResources: Replicate resource: ckez
Overwrite bundleresource://185.fwk1319287199:2/metainfo/zk/lang-addon.xml
with bundleresource://185.fwk1319287199:19/metainfo/zk/lang-addon.xml [17]
11:15:31.257-----------> ClassLocator.getDependentXMLResources: Replicate resource: gmapsz
Overwrite bundleresource://185.fwk1319287199:5/metainfo/zk/lang-addon.xml
with bundleresource://185.fwk1319287199:22/metainfo/zk/lang-addon.xml [17]
11:15:31.262-----------> ClassLocator.getDependentXMLResources: Replicate resource: timeline
Overwrite bundleresource://185.fwk1319287199:6/metainfo/zk/lang-addon.xml
with bundleresource://185.fwk1319287199:23/metainfo/zk/lang-addon.xml [17]
11:15:31.267-----------> ClassLocator.getDependentXMLResources: Replicate resource: timeplot
Overwrite bundleresource://185.fwk1319287199:7/metainfo/zk/lang-addon.xml
with bundleresource://185.fwk1319287199:24/metainfo/zk/lang-addon.xml [17]
11:15:31.278-----------> ClassLocator.getDependentXMLResources: Replicate resource: zkbind
Overwrite bundleresource://185.fwk1319287199:12/metainfo/zk/lang-addon.xml
with bundleresource://185.fwk1319287199:29/metainfo/zk/lang-addon.xml [17]
11:15:31.289-----------> ClassLocator.getDependentXMLResources: Replicate resource: zkplus
Overwrite bundleresource://185.fwk1319287199:13/metainfo/zk/lang-addon.xml
with bundleresource://185.fwk1319287199:30/metainfo/zk/lang-addon.xml [17]
11:15:31.479           WebUIServlet.init: iDempiere Web Client started successfully [17]
11:15:32.588-----------> AnnotationConfiguration.configure: ServletContainerInitializers: detected. Class hierarchy: empty [17]
11:15:32.655 Language.getLanguage: Adding Language=en, Country=US, Locale=en_US [39]
11:15:32.658 Language.getLanguage: Adding Language=es, Country=ES, Locale=es_ES [39]
11:15:32.721 Language.getLanguage: Adding Language=es, Country=NI, Locale=es_NI [39]

*** 2016-09-09 11:15:32.963 idempiere Log (CLogFile) ***
11:15:36.909-----------> Node: [172.16.45.186]:5701 [adempiere.idempiere/localhost] [3.5.3] No join method is enabled! Starting standalone. [49]
11:19:47.707-----------> Msg.translate: NOT found: SMJ_LabelAvailablePoints [32]
11:19:47.709-----------> Msg.translate: NOT found: SMJ_LabelTotalPoints [32]
11:19:47.710-----------> Msg.translate: NOT found: SMJ_LabelPointsReceived [32]
11:19:47.712-----------> LayoutRegion.setFlex: The flex attribute is deprecated, use setHflex and setVflex on child component instead. [32]
11:20:04.620-----------> ServletHandler.doHandle: /webui/zkau [32]
java.lang.IllegalStateException: Form too many keys
	at org.eclipse.jetty.util.UrlEncoded.decodeUtf8To(UrlEncoded.java:526)
	at org.eclipse.jetty.util.UrlEncoded.decodeTo(UrlEncoded.java:641)
	at org.eclipse.jetty.server.Request.extractFormParameters(Request.java:370)
	at org.eclipse.jetty.server.Request.extractContentParameters(Request.java:302)
	at org.eclipse.jetty.server.Request.extractParameters(Request.java:256)
	at org.eclipse.jetty.server.Request.getParameter(Request.java:825)
	at org.zkoss.zk.au.http.DHtmlUpdateServlet$3.getDesktopId(DHtmlUpdateServlet.java:748)
	at org.zkoss.zk.au.http.DHtmlUpdateServlet.process(DHtmlUpdateServlet.java:531)
	at org.zkoss.zk.au.http.DHtmlUpdateServlet.doGet(DHtmlUpdateServlet.java:485)
	at org.zkoss.zk.au.http.DHtmlUpdateServlet.doPost(DHtmlUpdateServlet.java:494)
	at javax.servlet.http.HttpServlet.service(HttpServlet.java:707)
	at javax.servlet.http.HttpServlet.service(HttpServlet.java:790)
	at org.eclipse.jetty.servlet.ServletHolder.handle(ServletHolder.java:808)
	at org.eclipse.jetty.servlet.ServletHandler.doHandle(ServletHandler.java:587)
	at org.eclipse.jetty.server.handler.ScopedHandler.handle(ScopedHandler.java:143)
	at org.eclipse.jetty.security.SecurityHandler.handle(SecurityHandler.java:577)
	at org.eclipse.jetty.server.session.SessionHandler.doHandle(SessionHandler.java:223)
	at org.eclipse.jetty.server.handler.ContextHandler.doHandle(ContextHandler.java:1127)
	at org.eclipse.jetty.servlet.ServletHandler.doScope(ServletHandler.java:515)
	at org.eclipse.jetty.server.session.SessionHandler.doScope(SessionHandler.java:185)
	at org.eclipse.jetty.server.handler.ContextHandler.doScope(ContextHandler.java:1061)

11:20:18.353-----------> ServletHandler.doHandle: /webui/zkau [91]
java.lang.IllegalStateException: Form too many keys
	at org.eclipse.jetty.util.UrlEncoded.decodeUtf8To(UrlEncoded.java:526)
	at org.eclipse.jetty.util.UrlEncoded.decodeTo(UrlEncoded.java:641)
	at org.eclipse.jetty.server.Request.extractFormParameters(Request.java:370)
	at org.eclipse.jetty.server.Request.extractContentParameters(Request.java:302)
	at org.eclipse.jetty.server.Request.extractParameters(Request.java:256)
	at org.eclipse.jetty.server.Request.getParameter(Request.java:825)
	at org.zkoss.zk.au.http.DHtmlUpdateServlet$3.getDesktopId(DHtmlUpdateServlet.java:748)
	at org.zkoss.zk.au.http.DHtmlUpdateServlet.process(DHtmlUpdateServlet.java:531)
	at org.zkoss.zk.au.http.DHtmlUpdateServlet.doGet(DHtmlUpdateServlet.java:485)
	at org.zkoss.zk.au.http.DHtmlUpdateServlet.doPost(DHtmlUpdateServlet.java:494)
	at javax.servlet.http.HttpServlet.service(HttpServlet.java:707)
	at javax.servlet.http.HttpServlet.service(HttpServlet.java:790)
	at org.eclipse.jetty.servlet.ServletHolder.handle(ServletHolder.java:808)
	at org.eclipse.jetty.servlet.ServletHandler.doHandle(ServletHandler.java:587)
	at org.eclipse.jetty.server.handler.ScopedHandler.handle(ScopedHandler.java:143)
	at org.eclipse.jetty.security.SecurityHandler.handle(SecurityHandler.java:577)
	at org.eclipse.jetty.server.session.SessionHandler.doHandle(SessionHandler.java:223)
	at org.eclipse.jetty.server.handler.ContextHandler.doHandle(ContextHandler.java:1127)
	at org.eclipse.jetty.servlet.ServletHandler.doScope(ServletHandler.java:515)
	at org.eclipse.jetty.server.session.SessionHandler.doScope(SessionHandler.java:185)
	at org.eclipse.jetty.server.handler.ContextHandler.doScope(ContextHandler.java:1061)

11:20:18.360-----------> HttpParser.parseNext: badMessage: java.lang.IllegalStateException: too much data after closed for HttpChannelOverHttp@52354689{r=1810,c=false,a=IDLE,uri=-} [91]
11:20:29.539-----------> ServletHandler.doHandle: /webui/zkau [91]
java.lang.IllegalStateException: Form too many keys
	at org.eclipse.jetty.util.UrlEncoded.decodeUtf8To(UrlEncoded.java:526)
	at org.eclipse.jetty.util.UrlEncoded.decodeTo(UrlEncoded.java:641)
	at org.eclipse.jetty.server.Request.extractFormParameters(Request.java:370)
	at org.eclipse.jetty.server.Request.extractContentParameters(Request.java:302)
	at org.eclipse.jetty.server.Request.extractParameters(Request.java:256)
	at org.eclipse.jetty.server.Request.getParameter(Request.java:825)
	at org.zkoss.zk.au.http.DHtmlUpdateServlet$3.getDesktopId(DHtmlUpdateServlet.java:748)
	at org.zkoss.zk.au.http.DHtmlUpdateServlet.process(DHtmlUpdateServlet.java:531)
	at org.zkoss.zk.au.http.DHtmlUpdateServlet.doGet(DHtmlUpdateServlet.java:485)
	at org.zkoss.zk.au.http.DHtmlUpdateServlet.doPost(DHtmlUpdateServlet.java:494)
	at javax.servlet.http.HttpServlet.service(HttpServlet.java:707)
	at javax.servlet.http.HttpServlet.service(HttpServlet.java:790)
	at org.eclipse.jetty.servlet.ServletHolder.handle(ServletHolder.java:808)
	at org.eclipse.jetty.servlet.ServletHandler.doHandle(ServletHandler.java:587)
	at org.eclipse.jetty.server.handler.ScopedHandler.handle(ScopedHandler.java:143)
	at org.eclipse.jetty.security.SecurityHandler.handle(SecurityHandler.java:577)
	at org.eclipse.jetty.server.session.SessionHandler.doHandle(SessionHandler.java:223)
	at org.eclipse.jetty.server.handler.ContextHandler.doHandle(ContextHandler.java:1127)
	at org.eclipse.jetty.servlet.ServletHandler.doScope(ServletHandler.java:515)
	at org.eclipse.jetty.server.session.SessionHandler.doScope(SessionHandler.java:185)
	at org.eclipse.jetty.server.handler.ContextHandler.doScope(ContextHandler.java:1061)

11:20:29.541-----------> HttpParser.parseNext: badMessage: java.lang.IllegalStateException: too much data after closed for HttpChannelOverHttp@6099b431{r=839,c=false,a=IDLE,uri=-} [91]
11:28:49.716===========> MInvoice.saveError: FillMandatory - C_DocTypeTarget_ID is mandatory. [37]
11:28:49.720===========> MInvoice.saveError: FillMandatory - Tipo Documento Destino - C_DocTypeTarget_ID is mandatory. [37]
11:28:49.794===========> Allocation.createInvoiceLine: com.smj.util.Documents.createInvoiceLine - ERROR: Create Invoice Line:: VENTAS MOSTRADOR POS - 09/09/2016Pago: ¤ 33Cambio: ¤ 17 M_Product_ID: 1000000  - null [37]
java.lang.NullPointerException
	at org.compiere.model.MInvoiceLine.<init>(MInvoiceLine.java:145)
	at com.smj.util.Documents.createInvoiceLine(Documents.java:510)
	at com.smj.util.CompleteSaleWeb.completeDocumentsSales(CompleteSaleWeb.java:128)
	at com.smj.webui.component.SMJPaymentWindow.salesProcess(SMJPaymentWindow.java:1066)
	at com.smj.webui.component.SMJPaymentWindow.onEvent(SMJPaymentWindow.java:637)
	at org.zkoss.zk.ui.AbstractComponent.onEvent(AbstractComponent.java:2773)
	at org.zkoss.zk.ui.AbstractComponent.service(AbstractComponent.java:2744)
	at org.zkoss.zk.ui.AbstractComponent.service(AbstractComponent.java:2685)
	at org.zkoss.zk.ui.impl.EventProcessor.process(EventProcessor.java:136)
	at org.zkoss.zk.ui.impl.UiEngineImpl.processEvent(UiEngineImpl.java:1765)
	at org.zkoss.zk.ui.impl.UiEngineImpl.process(UiEngineImpl.java:1550)
	at org.zkoss.zk.ui.impl.UiEngineImpl.execUpdate(UiEngineImpl.java:1260)
	at org.zkoss.zk.au.http.DHtmlUpdateServlet.process(DHtmlUpdateServlet.java:611)
	at org.zkoss.zk.au.http.DHtmlUpdateServlet.doGet(DHtmlUpdateServlet.java:485)
	at org.zkoss.zk.au.http.DHtmlUpdateServlet.doPost(DHtmlUpdateServlet.java:494)
	at javax.servlet.http.HttpServlet.service(HttpServlet.java:707)
	at javax.servlet.http.HttpServlet.service(HttpServlet.java:790)
	at org.eclipse.jetty.servlet.ServletHolder.handle(ServletHolder.java:808)
	at org.eclipse.jetty.servlet.ServletHandler.doHandle(ServletHandler.java:587)
	at org.eclipse.jetty.server.handler.ScopedHandler.handle(ScopedHandler.java:143)
	at org.eclipse.jetty.security.SecurityHandler.handle(SecurityHandler.java:577)

11:28:51.129===========> SMJPaymentWindow.salesProcess: 1000000-1000000 [37]
11:29:00.123-----------> ServletHandler.doHandle: /webui/zkau [39]
java.lang.IllegalStateException: Form too many keys
	at org.eclipse.jetty.util.UrlEncoded.decodeUtf8To(UrlEncoded.java:526)
	at org.eclipse.jetty.util.UrlEncoded.decodeTo(UrlEncoded.java:641)
	at org.eclipse.jetty.server.Request.extractFormParameters(Request.java:370)
	at org.eclipse.jetty.server.Request.extractContentParameters(Request.java:302)
	at org.eclipse.jetty.server.Request.extractParameters(Request.java:256)
	at org.eclipse.jetty.server.Request.getParameter(Request.java:825)
	at org.zkoss.zk.au.http.DHtmlUpdateServlet$3.getDesktopId(DHtmlUpdateServlet.java:748)
	at org.zkoss.zk.au.http.DHtmlUpdateServlet.process(DHtmlUpdateServlet.java:531)
	at org.zkoss.zk.au.http.DHtmlUpdateServlet.doGet(DHtmlUpdateServlet.java:485)
	at org.zkoss.zk.au.http.DHtmlUpdateServlet.doPost(DHtmlUpdateServlet.java:494)
	at javax.servlet.http.HttpServlet.service(HttpServlet.java:707)
	at javax.servlet.http.HttpServlet.service(HttpServlet.java:790)
	at org.eclipse.jetty.servlet.ServletHolder.handle(ServletHolder.java:808)
	at org.eclipse.jetty.servlet.ServletHandler.doHandle(ServletHandler.java:587)
	at org.eclipse.jetty.server.handler.ScopedHandler.handle(ScopedHandler.java:143)
	at org.eclipse.jetty.security.SecurityHandler.handle(SecurityHandler.java:577)
	at org.eclipse.jetty.server.session.SessionHandler.doHandle(SessionHandler.java:223)
	at org.eclipse.jetty.server.handler.ContextHandler.doHandle(ContextHandler.java:1127)
	at org.eclipse.jetty.servlet.ServletHandler.doScope(ServletHandler.java:515)
	at org.eclipse.jetty.server.session.SessionHandler.doScope(SessionHandler.java:185)
	at org.eclipse.jetty.server.handler.ContextHandler.doScope(ContextHandler.java:1061)

11:29:00.125-----------> HttpParser.parseNext: badMessage: java.lang.IllegalStateException: too much data after closed for HttpChannelOverHttp@4044eb42{r=877,c=false,a=IDLE,uri=-} [39]
11:29:02.031-----------> ServletHandler.doHandle: /webui/zkau [32]
java.lang.IllegalStateException: Form too many keys
	at org.eclipse.jetty.util.UrlEncoded.decodeUtf8To(UrlEncoded.java:526)
	at org.eclipse.jetty.util.UrlEncoded.decodeTo(UrlEncoded.java:641)
	at org.eclipse.jetty.server.Request.extractFormParameters(Request.java:370)
	at org.eclipse.jetty.server.Request.extractContentParameters(Request.java:302)
	at org.eclipse.jetty.server.Request.extractParameters(Request.java:256)
	at org.eclipse.jetty.server.Request.getParameter(Request.java:825)
	at org.zkoss.zk.au.http.DHtmlUpdateServlet$3.getDesktopId(DHtmlUpdateServlet.java:748)
	at org.zkoss.zk.au.http.DHtmlUpdateServlet.process(DHtmlUpdateServlet.java:531)
	at org.zkoss.zk.au.http.DHtmlUpdateServlet.doGet(DHtmlUpdateServlet.java:485)
	at org.zkoss.zk.au.http.DHtmlUpdateServlet.doPost(DHtmlUpdateServlet.java:494)
	at javax.servlet.http.HttpServlet.service(HttpServlet.java:707)
	at javax.servlet.http.HttpServlet.service(HttpServlet.java:790)
	at org.eclipse.jetty.servlet.ServletHolder.handle(ServletHolder.java:808)
	at org.eclipse.jetty.servlet.ServletHandler.doHandle(ServletHandler.java:587)
	at org.eclipse.jetty.server.handler.ScopedHandler.handle(ScopedHandler.java:143)
	at org.eclipse.jetty.security.SecurityHandler.handle(SecurityHandler.java:577)
	at org.eclipse.jetty.server.session.SessionHandler.doHandle(SessionHandler.java:223)
	at org.eclipse.jetty.server.handler.ContextHandler.doHandle(ContextHandler.java:1127)
	at org.eclipse.jetty.servlet.ServletHandler.doScope(ServletHandler.java:515)
	at org.eclipse.jetty.server.session.SessionHandler.doScope(SessionHandler.java:185)
	at org.eclipse.jetty.server.handler.ContextHandler.doScope(ContextHandler.java:1061)

11:29:02.034-----------> HttpParser.parseNext: badMessage: java.lang.IllegalStateException: too much data after closed for HttpChannelOverHttp@1daccd4f{r=1,c=false,a=IDLE,uri=-} [32]
11:29:29.729===========> MOrder.saveError: FillMandatory - M_PriceList_ID is mandatory. [37]
11:29:29.731===========> MOrder.saveError: FillMandatory - Lista de Precios - M_PriceList_ID is mandatory. [37]
11:29:53.733-----------> Msg.translate: NOT found: SMJ_LabelAvailablePoints [37]
11:29:53.733-----------> Msg.translate: NOT found: SMJ_LabelTotalPoints [37]
11:29:53.734-----------> Msg.translate: NOT found: SMJ_LabelPointsReceived [37]
11:29:53.735-----------> LayoutRegion.setFlex: The flex attribute is deprecated, use setHflex and setVflex on child component instead. [37]
11:30:16.114-----------> ServletHandler.doHandle: /webui/zkau [37]
java.lang.IllegalStateException: Form too many keys
	at org.eclipse.jetty.util.UrlEncoded.decodeUtf8To(UrlEncoded.java:526)
	at org.eclipse.jetty.util.UrlEncoded.decodeTo(UrlEncoded.java:641)
	at org.eclipse.jetty.server.Request.extractFormParameters(Request.java:370)
	at org.eclipse.jetty.server.Request.extractContentParameters(Request.java:302)
	at org.eclipse.jetty.server.Request.extractParameters(Request.java:256)
	at org.eclipse.jetty.server.Request.getParameter(Request.java:825)
	at org.zkoss.zk.au.http.DHtmlUpdateServlet$3.getDesktopId(DHtmlUpdateServlet.java:748)
	at org.zkoss.zk.au.http.DHtmlUpdateServlet.process(DHtmlUpdateServlet.java:531)
	at org.zkoss.zk.au.http.DHtmlUpdateServlet.doGet(DHtmlUpdateServlet.java:485)
	at org.zkoss.zk.au.http.DHtmlUpdateServlet.doPost(DHtmlUpdateServlet.java:494)
	at javax.servlet.http.HttpServlet.service(HttpServlet.java:707)
	at javax.servlet.http.HttpServlet.service(HttpServlet.java:790)
	at org.eclipse.jetty.servlet.ServletHolder.handle(ServletHolder.java:808)
	at org.eclipse.jetty.servlet.ServletHandler.doHandle(ServletHandler.java:587)
	at org.eclipse.jetty.server.handler.ScopedHandler.handle(ScopedHandler.java:143)
	at org.eclipse.jetty.security.SecurityHandler.handle(SecurityHandler.java:577)
	at org.eclipse.jetty.server.session.SessionHandler.doHandle(SessionHandler.java:223)
	at org.eclipse.jetty.server.handler.ContextHandler.doHandle(ContextHandler.java:1127)
	at org.eclipse.jetty.servlet.ServletHandler.doScope(ServletHandler.java:515)
	at org.eclipse.jetty.server.session.SessionHandler.doScope(SessionHandler.java:185)
	at org.eclipse.jetty.server.handler.ContextHandler.doScope(ContextHandler.java:1061)

11:34:11.493===========> SMJPaymentWindow.salesProcess: 1000000-1000000 [142]
11:34:52.159-----------> ServletHandler.doHandle: /webui/zkau [144]
java.lang.IllegalStateException: Form too many keys
	at org.eclipse.jetty.util.UrlEncoded.decodeUtf8To(UrlEncoded.java:526)
	at org.eclipse.jetty.util.UrlEncoded.decodeTo(UrlEncoded.java:641)
	at org.eclipse.jetty.server.Request.extractFormParameters(Request.java:370)
	at org.eclipse.jetty.server.Request.extractContentParameters(Request.java:302)
	at org.eclipse.jetty.server.Request.extractParameters(Request.java:256)
	at org.eclipse.jetty.server.Request.getParameter(Request.java:825)
	at org.zkoss.zk.au.http.DHtmlUpdateServlet$3.getDesktopId(DHtmlUpdateServlet.java:748)
	at org.zkoss.zk.au.http.DHtmlUpdateServlet.process(DHtmlUpdateServlet.java:531)
	at org.zkoss.zk.au.http.DHtmlUpdateServlet.doGet(DHtmlUpdateServlet.java:485)
	at org.zkoss.zk.au.http.DHtmlUpdateServlet.doPost(DHtmlUpdateServlet.java:494)
	at javax.servlet.http.HttpServlet.service(HttpServlet.java:707)
	at javax.servlet.http.HttpServlet.service(HttpServlet.java:790)
	at org.eclipse.jetty.servlet.ServletHolder.handle(ServletHolder.java:808)
	at org.eclipse.jetty.servlet.ServletHandler.doHandle(ServletHandler.java:587)
	at org.eclipse.jetty.server.handler.ScopedHandler.handle(ScopedHandler.java:143)
	at org.eclipse.jetty.security.SecurityHandler.handle(SecurityHandler.java:577)
	at org.eclipse.jetty.server.session.SessionHandler.doHandle(SessionHandler.java:223)
	at org.eclipse.jetty.server.handler.ContextHandler.doHandle(ContextHandler.java:1127)
	at org.eclipse.jetty.servlet.ServletHandler.doScope(ServletHandler.java:515)
	at org.eclipse.jetty.server.session.SessionHandler.doScope(SessionHandler.java:185)
	at org.eclipse.jetty.server.handler.ContextHandler.doScope(ContextHandler.java:1061)

11:34:52.161-----------> HttpParser.parseNext: badMessage: java.lang.IllegalStateException: too much data after closed for HttpChannelOverHttp@13e4d599{r=1942,c=false,a=IDLE,uri=-} [144]
11:34:52.305-----------> ServletHandler.doHandle: /webui/zkau [142]
java.lang.IllegalStateException: Form too many keys
	at org.eclipse.jetty.util.UrlEncoded.decodeUtf8To(UrlEncoded.java:526)
	at org.eclipse.jetty.util.UrlEncoded.decodeTo(UrlEncoded.java:641)
	at org.eclipse.jetty.server.Request.extractFormParameters(Request.java:370)
	at org.eclipse.jetty.server.Request.extractContentParameters(Request.java:302)
	at org.eclipse.jetty.server.Request.extractParameters(Request.java:256)
	at org.eclipse.jetty.server.Request.getParameter(Request.java:825)
	at org.zkoss.zk.au.http.DHtmlUpdateServlet$3.getDesktopId(DHtmlUpdateServlet.java:748)
	at org.zkoss.zk.au.http.DHtmlUpdateServlet.process(DHtmlUpdateServlet.java:531)
	at org.zkoss.zk.au.http.DHtmlUpdateServlet.doGet(DHtmlUpdateServlet.java:485)
	at org.zkoss.zk.au.http.DHtmlUpdateServlet.doPost(DHtmlUpdateServlet.java:494)
	at javax.servlet.http.HttpServlet.service(HttpServlet.java:707)
	at javax.servlet.http.HttpServlet.service(HttpServlet.java:790)
	at org.eclipse.jetty.servlet.ServletHolder.handle(ServletHolder.java:808)
	at org.eclipse.jetty.servlet.ServletHandler.doHandle(ServletHandler.java:587)
	at org.eclipse.jetty.server.handler.ScopedHandler.handle(ScopedHandler.java:143)
	at org.eclipse.jetty.security.SecurityHandler.handle(SecurityHandler.java:577)
	at org.eclipse.jetty.server.session.SessionHandler.doHandle(SessionHandler.java:223)
	at org.eclipse.jetty.server.handler.ContextHandler.doHandle(ContextHandler.java:1127)
	at org.eclipse.jetty.servlet.ServletHandler.doScope(ServletHandler.java:515)
	at org.eclipse.jetty.server.session.SessionHandler.doScope(SessionHandler.java:185)
	at org.eclipse.jetty.server.handler.ContextHandler.doScope(ContextHandler.java:1061)

11:34:52.306-----------> HttpParser.parseNext: badMessage: java.lang.IllegalStateException: too much data after closed for HttpChannelOverHttp@2a9c48fc{r=1,c=false,a=IDLE,uri=-} [142]
11:36:00.977===========> MLookupFactory.getLookup_Table: No Table Reference Table ID=-1 [143]
11:36:00.982===========> MLookupFactory.getLookupInfo: No SQL - C_Invoice_ID [143]
11:36:01.000===========> WSimplifiedReturns.<init>: WSimplifiedSales constructor error [143]
java.lang.Exception: MLookup.create - no LookupInfo
	at org.compiere.model.MLookupFactory.get(MLookupFactory.java:83)
	at com.smj.webui.apps.form.WSimplifiedReturns.initComponents(WSimplifiedReturns.java:172)
	at com.smj.webui.apps.form.WSimplifiedReturns.<init>(WSimplifiedReturns.java:88)
	at sun.reflect.NativeConstructorAccessorImpl.newInstance0(Native Method)
	at sun.reflect.NativeConstructorAccessorImpl.newInstance(Unknown Source)
	at sun.reflect.DelegatingConstructorAccessorImpl.newInstance(Unknown Source)
	at java.lang.reflect.Constructor.newInstance(Unknown Source)
	at java.lang.Class.newInstance(Unknown Source)
	at org.smj.webui.factory.PosFormFactory.newFormInstance(PosFormFactory.java:32)
	at org.adempiere.webui.Extensions.getForm(Extensions.java:46)
	at org.adempiere.webui.panel.ADForm.openForm(ADForm.java:154)
	at org.adempiere.webui.panel.ADForm.openForm(ADForm.java:136)
	at org.adempiere.webui.desktop.TabbedDesktop.openForm(TabbedDesktop.java:88)
	at org.adempiere.webui.desktop.DefaultDesktop.openForm(DefaultDesktop.java:846)
	at org.adempiere.webui.desktop.AbstractDesktop.onMenuSelected(AbstractDesktop.java:77)
	at org.adempiere.webui.desktop.DefaultDesktop.onMenuSelected(DefaultDesktop.java:886)
	at org.adempiere.webui.panel.AbstractMenuPanel.fireMenuSelectedEvent(AbstractMenuPanel.java:301)
	at org.adempiere.webui.panel.AbstractMenuPanel.doOnClick(AbstractMenuPanel.java:250)
	at org.adempiere.webui.panel.AbstractMenuPanel.onEvent(AbstractMenuPanel.java:224)
	at org.adempiere.webui.panel.MenuTreePanel.onEvent(MenuTreePanel.java:116)
	at org.zkoss.zk.ui.AbstractComponent.onEvent(AbstractComponent.java:2773)

11:36:27.002-----------> Doc_InOut.createFacts: No Costs for Estándar [158]
13:55:37.577-----------> ClusterService: [172.16.45.186]:5701 [adempiere.idempiere/localhost] [3.5.3] Resetting master confirmation timestamps because of huge system clock jump! Clock-Jump: 2746333ms, Master-Confirmation-Timeout: 500000ms. [135]
13:56:14.668-----------> Trx.run: Transaction timeout. Name=WSS1473442148146_238aa8a1-3068-4016-81cd-2fd9c07010e0, timeout(sec)=8775 [139]
13:56:14.675-----------> Trx.run: Transaction timeout. Name=WSS1473441559841_8bd44b26-502c-4296-9cb9-50bce1572ce8, timeout(sec)=9363 [139]
