*** 2017-07-18 01:58:25.013 idempiere Log (CLogFile) ***
01:58:25.012 Adempiere.startup: iDempiere(r) Release 3.1_2015-10-31 -Smart Suite ERP, CRM and SCM- (c) 1999-2013 iDempiere(r); Implementation: iDempiere - Supported by iDempiere community [17]
01:58:25.015 Ini.loadProperties: E:\mercurialidempiere/idempiere.properties #33 [17]
01:58:25.576 AdempiereActivator.installPackage: cm.itkamer.wandapos-integration2 1.0.0 was installed: 2017-06-25 15:34:11.153 [17]
01:58:25.578 AdempiereActivator.installPackage: ni.hmil.override.codebase 1.0.0 was installed: 2017-06-19 23:52:10.981 [17]
01:58:25.589 DB.isBuildOK: Build DB=${env.ADEMPIERE_VERSION} 20080428-1232 [17]
01:58:25.589 DB.isBuildOK: Build Cl=3.1.0.qualifier [17]
01:58:25.607-----------> DB.isBuildOK: Error en la versión de la construcción 

El programa asume version de construcción 3.1.0.qualifier, pero la base de datos tiene una versión ${env.ADEMPIERE_VERSION} 20080428-1232.
Es posible que esto cause errores difíciles de corregir.
Por favor contacte al ADMINISTRADOR. [17]
01:58:25.680 WebEnv.initWeb: Servlet Context Init Parameters: iDempiere Root
ServerRoot=1 [17]
01:58:25.847-----------> EMail.setFrom: you @ company.org: javax.mail.internet.AddressException: Local address contains control or whitespace in string ``you @ company.org'' [17]
01:58:25.849-----------> EMail.addTo: you @ company.org: javax.mail.internet.AddressException: Local address contains control or whitespace in string ``you @ company.org'' [17]
01:58:25.849-----------> EMail.isValid: From is invalid=null [17]
01:58:25.849-----------> EMail.isValid: From is invalid=null [17]
01:58:25.850-----------> MClient.sendEMail: Could NOT Send Email: Server started: iDempiere (odbz:192.168.47.1) to you @ company.org: Invalid Data (System) [17]
01:58:25.850 WebEnv.initWeb: Servlet Init Parameter: idempiereMonitor [17]
01:58:25.850 AdempiereMonitor.init:  [17]
01:58:27.462-----------> AnnotationConfiguration.configure: ServletContainerInitializers: detected. Class hierarchy: empty [17]
01:58:27.692-----------> ClassLocator.getDependentXMLResources: Replicate resource: ckez
Overwrite bundleresource://184.fwk1480207683:2/metainfo/zk/config.xml
with bundleresource://184.fwk1480207683:19/metainfo/zk/config.xml [17]
01:58:27.698-----------> ClassLocator.getDependentXMLResources: Replicate resource: zk
Overwrite bundleresource://184.fwk1480207683:11/metainfo/zk/config.xml
with bundleresource://184.fwk1480207683:28/metainfo/zk/config.xml [17]
01:58:27.703-----------> ClassLocator.getDependentXMLResources: Replicate resource: zkbind
Overwrite bundleresource://184.fwk1480207683:12/metainfo/zk/config.xml
with bundleresource://184.fwk1480207683:29/metainfo/zk/config.xml [17]
01:58:27.730-----------> ClassLocator.getDependentXMLResources: Replicate resource: zul
Overwrite bundleresource://184.fwk1480207683:14/metainfo/zk/zk.xml
with bundleresource://184.fwk1480207683:31/metainfo/zk/zk.xml [17]
01:58:28.077-----------> LanguageDefinition.<init>: Replicated language: xhtml, overriden by [LanguageDefinition: xhtml] [17]
01:58:28.099-----------> LanguageDefinition.<init>: Replicated language: xul/html, overriden by [LanguageDefinition: xul/html] [17]
01:58:28.165-----------> ClassLocator.getDependentXMLResources: Replicate resource: calendar
Overwrite bundleresource://184.fwk1480207683:1/metainfo/zk/lang-addon.xml
with bundleresource://184.fwk1480207683:18/metainfo/zk/lang-addon.xml [17]
01:58:28.169-----------> ClassLocator.getDependentXMLResources: Replicate resource: ckez
Overwrite bundleresource://184.fwk1480207683:2/metainfo/zk/lang-addon.xml
with bundleresource://184.fwk1480207683:19/metainfo/zk/lang-addon.xml [17]
01:58:28.175-----------> ClassLocator.getDependentXMLResources: Replicate resource: gmapsz
Overwrite bundleresource://184.fwk1480207683:5/metainfo/zk/lang-addon.xml
with bundleresource://184.fwk1480207683:22/metainfo/zk/lang-addon.xml [17]
01:58:28.180-----------> ClassLocator.getDependentXMLResources: Replicate resource: timeline
Overwrite bundleresource://184.fwk1480207683:6/metainfo/zk/lang-addon.xml
with bundleresource://184.fwk1480207683:23/metainfo/zk/lang-addon.xml [17]
01:58:28.185-----------> ClassLocator.getDependentXMLResources: Replicate resource: timeplot
Overwrite bundleresource://184.fwk1480207683:7/metainfo/zk/lang-addon.xml
with bundleresource://184.fwk1480207683:24/metainfo/zk/lang-addon.xml [17]
01:58:28.195-----------> ClassLocator.getDependentXMLResources: Replicate resource: zkbind
Overwrite bundleresource://184.fwk1480207683:12/metainfo/zk/lang-addon.xml
with bundleresource://184.fwk1480207683:29/metainfo/zk/lang-addon.xml [17]
01:58:28.202-----------> ClassLocator.getDependentXMLResources: Replicate resource: zkplus
Overwrite bundleresource://184.fwk1480207683:13/metainfo/zk/lang-addon.xml
with bundleresource://184.fwk1480207683:30/metainfo/zk/lang-addon.xml [17]
01:58:28.448           WebUIServlet.init: iDempiere Web Client started successfully [17]
01:58:29.353-----------> AnnotationConfiguration.configure: ServletContainerInitializers: detected. Class hierarchy: empty [17]

*** 2017-07-18 01:58:29.603 idempiere Log (CLogFile) ***
01:58:31.792-----------> Node: [192.168.163.1]:5701 [adempiere.idempiere/localhost] [3.5.3] No join method is enabled! Starting standalone. [41]
01:58:48.586-----------> Msg.getMsg: NOT found: ni.idempiere.toolbar.button.action.report.label [34]
01:58:48.587-----------> Msg.getMsg: NOT found: ni.idempiere.toolbar.button.action.report.tooltip [34]
01:58:53.862===========> DesktopImpl.service: [Desktop z_c900:/index.zul] client error: Failed to mount: adempiere.set is not a function [37]
01:58:53.912===========> DesktopImpl.service: [Desktop z_c900:/index.zul] client error: Failed to mount: adempiere.set is not a function [37]
01:58:54.087===========> DesktopImpl.service: [Desktop z_c900:/index.zul] client error: Failed to mount: adempiere.set is not a function [37]
01:58:54.289===========> DesktopImpl.service: [Desktop z_c900:/index.zul] client error: Failed to mount: adempiere.set is not a function [33]
01:58:54.343===========> DesktopImpl.service: [Desktop z_c900:/index.zul] client error: Failed to mount: adempiere.set is not a function [33]
01:58:54.356===========> DesktopImpl.service: [Desktop z_c900:/index.zul] client error: Failed to mount: adempiere.set is not a function [33]
01:58:54.365===========> DesktopImpl.service: [Desktop z_c900:/index.zul] client error: Failed to mount: adempiere.set is not a function [33]
01:58:54.376===========> DesktopImpl.service: [Desktop z_c900:/index.zul] client error: Failed to mount: adempiere.set is not a function [33]
01:58:54.388===========> DesktopImpl.service: [Desktop z_c900:/index.zul] client error: Failed to mount: adempiere.set is not a function [33]
01:58:54.400===========> DesktopImpl.service: [Desktop z_c900:/index.zul] client error: Failed to mount: adempiere.set is not a function [33]
01:58:54.412===========> DesktopImpl.service: [Desktop z_c900:/index.zul] client error: Failed to mount: adempiere.set is not a function [33]
01:58:54.421===========> DesktopImpl.service: [Desktop z_c900:/index.zul] client error: Failed to mount: adempiere.set is not a function [33]
01:58:54.434===========> DesktopImpl.service: [Desktop z_c900:/index.zul] client error: Failed to mount: adempiere.set is not a function [33]
01:58:54.447===========> DesktopImpl.service: [Desktop z_c900:/index.zul] client error: Failed to mount: adempiere.set is not a function [33]
01:58:54.459===========> DesktopImpl.service: [Desktop z_c900:/index.zul] client error: Failed to mount: adempiere.set is not a function [33]
01:58:54.469===========> DesktopImpl.service: [Desktop z_c900:/index.zul] client error: Failed to mount: adempiere.set is not a function [33]
01:58:54.480===========> DesktopImpl.service: [Desktop z_c900:/index.zul] client error: Failed to mount: adempiere.set is not a function [33]
01:58:54.490===========> DesktopImpl.service: [Desktop z_c900:/index.zul] client error: Failed to mount: adempiere.set is not a function [33]
01:58:54.501===========> DesktopImpl.service: [Desktop z_c900:/index.zul] client error: Failed to mount: adempiere.set is not a function [33]
01:58:54.511===========> DesktopImpl.service: [Desktop z_c900:/index.zul] client error: Failed to mount: adempiere.set is not a function [33]
01:58:54.520===========> DesktopImpl.service: [Desktop z_c900:/index.zul] client error: Failed to mount: adempiere.set is not a function [33]
01:58:54.530===========> DesktopImpl.service: [Desktop z_c900:/index.zul] client error: Failed to mount: adempiere.set is not a function [33]
01:58:54.540===========> DesktopImpl.service: [Desktop z_c900:/index.zul] client error: Failed to mount: adempiere.set is not a function [33]
01:58:54.553===========> DesktopImpl.service: [Desktop z_c900:/index.zul] client error: Failed to mount: adempiere.set is not a function [33]
01:58:54.564===========> DesktopImpl.service: [Desktop z_c900:/index.zul] client error: Failed to mount: adempiere.set is not a function [33]
01:58:54.575===========> DesktopImpl.service: [Desktop z_c900:/index.zul] client error: Failed to mount: adempiere.set is not a function [33]
01:58:54.585===========> DesktopImpl.service: [Desktop z_c900:/index.zul] client error: Failed to mount: adempiere.set is not a function [33]
01:58:54.594===========> DesktopImpl.service: [Desktop z_c900:/index.zul] client error: Failed to mount: adempiere.set is not a function [33]
01:58:54.603===========> DesktopImpl.service: [Desktop z_c900:/index.zul] client error: Failed to mount: adempiere.set is not a function [33]
