*** 2016-06-03 15:02:13.466 idempiere Log (CLogFile) ***
15:02:13.466 Adempiere.startup: iDempiere(r) Release 3.1_2015-10-31 -Smart Suite ERP, CRM and SCM- (c) 1999-2013 iDempiere(r); Implementation: iDempiere - Supported by iDempiere community [17]
15:02:13.482 Ini.loadProperties: E:\mercurialidempiere/idempiere.properties #32 [17]
15:02:15.560 DB.isBuildOK: Build DB=${env.ADEMPIERE_VERSION} 20080428-1232 [17]
15:02:15.560 DB.isBuildOK: Build Cl=3.1.0.qualifier [17]
15:02:16.040-----------> DB.isBuildOK: Build Version Error 

The program assumes build version 3.1.0.qualifier, but database has build version ${env.ADEMPIERE_VERSION} 20080428-1232. 
This is likely to cause hard to fix errors. 
Please contact administrator. [17]
15:02:18.790 Language.getLanguage: Adding Language=en, Country=US, Locale=en_US [17]
15:02:18.806 Language.getLanguage: Adding Language=en, Country=US, Locale=en_US [17]
15:02:23.637 WebEnv.initWeb: Servlet Context Init Parameters: iDempiere Root
ServerRoot=1 [17]
15:02:23.657-----------> EMail.setFrom: you @ company.org: javax.mail.internet.AddressException: Local address contains control or whitespace in string ``you @ company.org'' [17]
15:02:23.657-----------> EMail.addTo: you @ company.org: javax.mail.internet.AddressException: Local address contains control or whitespace in string ``you @ company.org'' [17]
15:02:23.657-----------> EMail.isValid: From is invalid=null [17]
15:02:23.657-----------> EMail.isValid: From is invalid=null [17]
15:02:23.657-----------> MClient.sendEMail: Could NOT Send Email: Server started: iDempiere (odbz:172.16.45.162) to you @ company.org: Invalid Data (System) [17]
15:02:23.657 WebEnv.initWeb: Servlet Init Parameter: idempiereMonitor [17]
15:02:23.657 AdempiereMonitor.init:  [17]
15:02:29.219-----------> AnnotationConfiguration.configure: ServletContainerInitializers: detected. Class hierarchy: empty [17]
15:02:29.482-----------> ClassLocator.getDependentXMLResources: Replicate resource: ckez
Overwrite bundleresource://179.fwk1319287199:2/metainfo/zk/config.xml
with bundleresource://179.fwk1319287199:19/metainfo/zk/config.xml [17]
15:02:29.482-----------> ClassLocator.getDependentXMLResources: Replicate resource: zk
Overwrite bundleresource://179.fwk1319287199:11/metainfo/zk/config.xml
with bundleresource://179.fwk1319287199:28/metainfo/zk/config.xml [17]
15:02:29.497-----------> ClassLocator.getDependentXMLResources: Replicate resource: zkbind
Overwrite bundleresource://179.fwk1319287199:12/metainfo/zk/config.xml
with bundleresource://179.fwk1319287199:29/metainfo/zk/config.xml [17]
15:02:29.513-----------> ClassLocator.getDependentXMLResources: Replicate resource: zul
Overwrite bundleresource://179.fwk1319287199:14/metainfo/zk/zk.xml
with bundleresource://179.fwk1319287199:31/metainfo/zk/zk.xml [17]
15:02:29.872-----------> LanguageDefinition.<init>: Replicated language: xhtml, overriden by [LanguageDefinition: xhtml] [17]
15:02:29.904-----------> LanguageDefinition.<init>: Replicated language: xul/html, overriden by [LanguageDefinition: xul/html] [17]
15:02:29.982-----------> ClassLocator.getDependentXMLResources: Replicate resource: calendar
Overwrite bundleresource://179.fwk1319287199:1/metainfo/zk/lang-addon.xml
with bundleresource://179.fwk1319287199:18/metainfo/zk/lang-addon.xml [17]
15:02:29.982-----------> ClassLocator.getDependentXMLResources: Replicate resource: ckez
Overwrite bundleresource://179.fwk1319287199:2/metainfo/zk/lang-addon.xml
with bundleresource://179.fwk1319287199:19/metainfo/zk/lang-addon.xml [17]
15:02:29.982-----------> ClassLocator.getDependentXMLResources: Replicate resource: gmapsz
Overwrite bundleresource://179.fwk1319287199:5/metainfo/zk/lang-addon.xml
with bundleresource://179.fwk1319287199:22/metainfo/zk/lang-addon.xml [17]
15:02:29.997-----------> ClassLocator.getDependentXMLResources: Replicate resource: timeline
Overwrite bundleresource://179.fwk1319287199:6/metainfo/zk/lang-addon.xml
with bundleresource://179.fwk1319287199:23/metainfo/zk/lang-addon.xml [17]
15:02:29.997-----------> ClassLocator.getDependentXMLResources: Replicate resource: timeplot
Overwrite bundleresource://179.fwk1319287199:7/metainfo/zk/lang-addon.xml
with bundleresource://179.fwk1319287199:24/metainfo/zk/lang-addon.xml [17]
15:02:30.013-----------> ClassLocator.getDependentXMLResources: Replicate resource: zkbind
Overwrite bundleresource://179.fwk1319287199:12/metainfo/zk/lang-addon.xml
with bundleresource://179.fwk1319287199:29/metainfo/zk/lang-addon.xml [17]
15:02:30.013-----------> ClassLocator.getDependentXMLResources: Replicate resource: zkplus
Overwrite bundleresource://179.fwk1319287199:13/metainfo/zk/lang-addon.xml
with bundleresource://179.fwk1319287199:30/metainfo/zk/lang-addon.xml [17]
15:02:30.185           WebUIServlet.init: iDempiere Web Client started successfully [17]
15:02:31.240-----------> AnnotationConfiguration.configure: ServletContainerInitializers: detected. Class hierarchy: empty [17]

*** 2016-06-03 15:02:31.53 idempiere Log (CLogFile) ***
15:02:33.468-----------> Node: [172.16.45.162]:5701 [adempiere.idempiere/localhost] [3.5.3] No join method is enabled! Starting standalone. [41]
