*** 2016-06-20 11:30:16.222 idempiere Log (CLogFile) ***
11:30:16.222 Adempiere.startup: iDempiere(r) Release 3.1_2015-10-31 -Smart Suite ERP, CRM and SCM- (c) 1999-2013 iDempiere(r); Implementation: iDempiere - Supported by iDempiere community [17]
11:30:16.222 Ini.loadProperties: E:\mercurialidempiere/idempiere-dev.properties #33 [17]
11:30:16.754 DB.isBuildOK: Build DB=${env.ADEMPIERE_VERSION} 20080428-1232 [17]
11:30:16.754 DB.isBuildOK: Build Cl=3.1.0.qualifier [17]
11:30:16.785-----------> DB.isBuildOK: Build Version Error 

The program assumes build version 3.1.0.qualifier, but database has build version ${env.ADEMPIERE_VERSION} 20080428-1232. 
This is likely to cause hard to fix errors. 
Please contact administrator. [17]
11:30:16.947 Language.getLanguage: Adding Language=en, Country=US, Locale=en_US [17]
11:30:16.963 Language.getLanguage: Adding Language=en, Country=US, Locale=en_US [17]
11:30:17.041 WebEnv.initWeb: Servlet Context Init Parameters: iDempiere Root
ServerRoot=1 [17]
11:30:17.056-----------> EMail.setFrom: you @ company.org: javax.mail.internet.AddressException: Local address contains control or whitespace in string ``you @ company.org'' [17]
11:30:17.072-----------> EMail.addTo: you @ company.org: javax.mail.internet.AddressException: Local address contains control or whitespace in string ``you @ company.org'' [17]
11:30:17.072-----------> EMail.isValid: From is invalid=null [17]
11:30:17.072-----------> EMail.isValid: From is invalid=null [17]
11:30:17.072-----------> MClient.sendEMail: Could NOT Send Email: Server started: iDempiere (odbz:10.0.5.41) to you @ company.org: Invalid Data (System) [17]
11:30:17.072 WebEnv.initWeb: Servlet Init Parameter: idempiereMonitor [17]
11:30:17.072 AdempiereMonitor.init:  [17]
11:30:19.753-----------> AnnotationConfiguration.configure: ServletContainerInitializers: detected. Class hierarchy: empty [17]
11:30:20.003-----------> ClassLocator.getDependentXMLResources: Replicate resource: ckez
Overwrite bundleresource://180.fwk1319287199:2/metainfo/zk/config.xml
with bundleresource://180.fwk1319287199:19/metainfo/zk/config.xml [17]
11:30:20.018-----------> ClassLocator.getDependentXMLResources: Replicate resource: zk
Overwrite bundleresource://180.fwk1319287199:11/metainfo/zk/config.xml
with bundleresource://180.fwk1319287199:28/metainfo/zk/config.xml [17]
11:30:20.018-----------> ClassLocator.getDependentXMLResources: Replicate resource: zkbind
Overwrite bundleresource://180.fwk1319287199:12/metainfo/zk/config.xml
with bundleresource://180.fwk1319287199:29/metainfo/zk/config.xml [17]
11:30:20.049-----------> ClassLocator.getDependentXMLResources: Replicate resource: zul
Overwrite bundleresource://180.fwk1319287199:14/metainfo/zk/zk.xml
with bundleresource://180.fwk1319287199:31/metainfo/zk/zk.xml [17]
11:30:20.446-----------> LanguageDefinition.<init>: Replicated language: xhtml, overriden by [LanguageDefinition: xhtml] [17]
11:30:20.461-----------> LanguageDefinition.<init>: Replicated language: xul/html, overriden by [LanguageDefinition: xul/html] [17]
11:30:20.539-----------> ClassLocator.getDependentXMLResources: Replicate resource: calendar
Overwrite bundleresource://180.fwk1319287199:1/metainfo/zk/lang-addon.xml
with bundleresource://180.fwk1319287199:18/metainfo/zk/lang-addon.xml [17]
11:30:20.555-----------> ClassLocator.getDependentXMLResources: Replicate resource: ckez
Overwrite bundleresource://180.fwk1319287199:2/metainfo/zk/lang-addon.xml
with bundleresource://180.fwk1319287199:19/metainfo/zk/lang-addon.xml [17]
11:30:20.555-----------> ClassLocator.getDependentXMLResources: Replicate resource: gmapsz
Overwrite bundleresource://180.fwk1319287199:5/metainfo/zk/lang-addon.xml
with bundleresource://180.fwk1319287199:22/metainfo/zk/lang-addon.xml [17]
11:30:20.555-----------> ClassLocator.getDependentXMLResources: Replicate resource: timeline
Overwrite bundleresource://180.fwk1319287199:6/metainfo/zk/lang-addon.xml
with bundleresource://180.fwk1319287199:23/metainfo/zk/lang-addon.xml [17]
11:30:20.571-----------> ClassLocator.getDependentXMLResources: Replicate resource: timeplot
Overwrite bundleresource://180.fwk1319287199:7/metainfo/zk/lang-addon.xml
with bundleresource://180.fwk1319287199:24/metainfo/zk/lang-addon.xml [17]
11:30:20.586-----------> ClassLocator.getDependentXMLResources: Replicate resource: zkbind
Overwrite bundleresource://180.fwk1319287199:12/metainfo/zk/lang-addon.xml
with bundleresource://180.fwk1319287199:29/metainfo/zk/lang-addon.xml [17]
11:30:20.586-----------> ClassLocator.getDependentXMLResources: Replicate resource: zkplus
Overwrite bundleresource://180.fwk1319287199:13/metainfo/zk/lang-addon.xml
with bundleresource://180.fwk1319287199:30/metainfo/zk/lang-addon.xml [17]
11:30:20.705           WebUIServlet.init: iDempiere Web Client started successfully [17]
11:30:21.886-----------> AnnotationConfiguration.configure: ServletContainerInitializers: detected. Class hierarchy: empty [17]

*** 2016-06-20 11:30:22.112 idempiere Log (CLogFile) ***
11:30:24.112-----------> Node: [10.0.5.41]:5701 [adempiere.idempiere/localhost] [3.5.3] No join method is enabled! Starting standalone. [49]
11:31:34.544-----------> Prop.loadProperties: E:\mercurialidempiere\home.properties not found [33]
11:31:34.544-----------> Prop.loadProperties: !!WARNING:Please locate yout custom home.properties on iDEMPIERE_HOME. [33]
11:32:49.465===========> NICalloutPayment.invoiceinallocate: linea 729 =Pay=5.294567, Discount=0.000000 [39]
11:33:04.251===========> NICalloutPayment.invoiceallocate: linea 616 =WriteOffAmt=3.024723 [39]
11:33:04.511===========> NICalloutPayment.amountsinallocate: linea 802 =Pay=148.212473, Discount=0, WriteOff=3.024723, OverUnderAmt=0 [39]
11:34:07.197===========> NICalloutPayment.amountsinallocate: linea 802 =Pay=148.000000, Discount=0, WriteOff=3.024723, OverUnderAmt=0.212473 [32]
11:34:13.400===========> NICalloutPayment.amountsinallocate: linea 802 =Pay=148.212473, Discount=0, WriteOff=3.024723, OverUnderAmt=0.0 [38]
