*** 2016-05-25 14:58:31.633 idempiere Log (CLogFile) ***
14:58:31.633 Adempiere.startup: iDempiere(r) Release 3.1_2015-10-31 -Smart Suite ERP, CRM and SCM- (c) 1999-2013 iDempiere(r); Implementation: iDempiere - Supported by iDempiere community [17]
14:58:31.637 Ini.loadProperties: E:\mercurialidempiere/idempiere-test.properties #33 [17]
14:58:32.065 DB.isBuildOK: Build DB=${env.ADEMPIERE_VERSION} 20080428-1232 [17]
14:58:32.065 DB.isBuildOK: Build Cl=3.1.0.qualifier [17]
14:58:32.080-----------> DB.isBuildOK: Build Version Error 

The program assumes build version 3.1.0.qualifier, but database has build version ${env.ADEMPIERE_VERSION} 20080428-1232. 
This is likely to cause hard to fix errors. 
Please contact administrator. [17]
14:58:32.205 Language.getLanguage: Adding Language=en, Country=US, Locale=en_US [17]
14:58:32.205 Language.getLanguage: Adding Language=en, Country=US, Locale=en_US [17]
14:58:32.268 WebEnv.initWeb: Servlet Context Init Parameters: iDempiere Root
ServerRoot=1 [17]
14:58:32.283-----------> EMail.setFrom: you @ company.org: javax.mail.internet.AddressException: Local address contains control or whitespace in string ``you @ company.org'' [17]
14:58:32.283-----------> EMail.addTo: you @ company.org: javax.mail.internet.AddressException: Local address contains control or whitespace in string ``you @ company.org'' [17]
14:58:32.283-----------> EMail.isValid: From is invalid=null [17]
14:58:32.283-----------> EMail.isValid: From is invalid=null [17]
14:58:32.283-----------> MClient.sendEMail: Could NOT Send Email: Server started: iDempiere (odbz:10.0.5.27) to you @ company.org: Invalid Data (System) [17]
14:58:32.283 WebEnv.initWeb: Servlet Init Parameter: idempiereMonitor [17]
14:58:32.283 AdempiereMonitor.init:  [17]
14:58:33.859-----------> AnnotationConfiguration.configure: ServletContainerInitializers: detected. Class hierarchy: empty [17]
14:58:34.106-----------> ClassLocator.getDependentXMLResources: Replicate resource: ckez
Overwrite bundleresource://179.fwk47108597:2/metainfo/zk/config.xml
with bundleresource://179.fwk47108597:19/metainfo/zk/config.xml [17]
14:58:34.122-----------> ClassLocator.getDependentXMLResources: Replicate resource: zk
Overwrite bundleresource://179.fwk47108597:11/metainfo/zk/config.xml
with bundleresource://179.fwk47108597:28/metainfo/zk/config.xml [17]
14:58:34.122-----------> ClassLocator.getDependentXMLResources: Replicate resource: zkbind
Overwrite bundleresource://179.fwk47108597:12/metainfo/zk/config.xml
with bundleresource://179.fwk47108597:29/metainfo/zk/config.xml [17]
14:58:34.153-----------> ClassLocator.getDependentXMLResources: Replicate resource: zul
Overwrite bundleresource://179.fwk47108597:14/metainfo/zk/zk.xml
with bundleresource://179.fwk47108597:31/metainfo/zk/zk.xml [17]
14:58:34.503-----------> LanguageDefinition.<init>: Replicated language: xhtml, overriden by [LanguageDefinition: xhtml] [17]
14:58:34.534-----------> LanguageDefinition.<init>: Replicated language: xul/html, overriden by [LanguageDefinition: xul/html] [17]
14:58:34.581-----------> ClassLocator.getDependentXMLResources: Replicate resource: calendar
Overwrite bundleresource://179.fwk47108597:1/metainfo/zk/lang-addon.xml
with bundleresource://179.fwk47108597:18/metainfo/zk/lang-addon.xml [17]
14:58:34.581-----------> ClassLocator.getDependentXMLResources: Replicate resource: ckez
Overwrite bundleresource://179.fwk47108597:2/metainfo/zk/lang-addon.xml
with bundleresource://179.fwk47108597:19/metainfo/zk/lang-addon.xml [17]
14:58:34.596-----------> ClassLocator.getDependentXMLResources: Replicate resource: gmapsz
Overwrite bundleresource://179.fwk47108597:5/metainfo/zk/lang-addon.xml
with bundleresource://179.fwk47108597:22/metainfo/zk/lang-addon.xml [17]
14:58:34.596-----------> ClassLocator.getDependentXMLResources: Replicate resource: timeline
Overwrite bundleresource://179.fwk47108597:6/metainfo/zk/lang-addon.xml
with bundleresource://179.fwk47108597:23/metainfo/zk/lang-addon.xml [17]
14:58:34.596-----------> ClassLocator.getDependentXMLResources: Replicate resource: timeplot
Overwrite bundleresource://179.fwk47108597:7/metainfo/zk/lang-addon.xml
with bundleresource://179.fwk47108597:24/metainfo/zk/lang-addon.xml [17]
14:58:34.612-----------> ClassLocator.getDependentXMLResources: Replicate resource: zkbind
Overwrite bundleresource://179.fwk47108597:12/metainfo/zk/lang-addon.xml
with bundleresource://179.fwk47108597:29/metainfo/zk/lang-addon.xml [17]
14:58:34.612-----------> ClassLocator.getDependentXMLResources: Replicate resource: zkplus
Overwrite bundleresource://179.fwk47108597:13/metainfo/zk/lang-addon.xml
with bundleresource://179.fwk47108597:30/metainfo/zk/lang-addon.xml [17]
14:58:34.721           WebUIServlet.init: iDempiere Web Client started successfully [17]
14:58:35.793-----------> AnnotationConfiguration.configure: ServletContainerInitializers: detected. Class hierarchy: empty [17]

*** 2016-05-25 14:58:36.029 idempiere Log (CLogFile) ***
14:58:37.998-----------> Node: [10.0.5.27]:5701 [adempiere.idempiere/localhost] [3.5.3] No join method is enabled! Starting standalone. [51]
14:59:02.319===========> MRole.addAccessSQL: TableName not correctly parsed - TableNameIn=C_Invoice - AccessSqlParser[C_Invoice=WHERE|0] - #1 C_Invoice=WHERE
 = SELECT C_Invoice_ID, DocumentNo, DateInvoiced, GrandTotal, Balance, PaidBill FROM C_Invoice WHERE  [40]
