*** 2016-10-04 11:35:18.229 idempiere Log (CLogFile) ***
11:35:18.229 Adempiere.startup: iDempiere(r) Release 3.1_2015-10-31 -Smart Suite ERP, CRM and SCM- (c) 1999-2013 iDempiere(r); Implementation: iDempiere - Supported by iDempiere community [17]
11:35:18.260 Ini.loadProperties: E:\mercurialidempiere/idempiere.properties #33 [17]
11:35:20.386 AdempiereActivator.installPackage: ni.idempiere.importcurrencyrate 1.0.0 was installed: 2016-07-14 16:34:48.698 [17]
11:35:20.524 DB.isBuildOK: Build DB=${env.ADEMPIERE_VERSION} 20080428-1232 [17]
11:35:20.524 DB.isBuildOK: Build Cl=3.1.0.qualifier [17]
11:35:20.621-----------> DB.isBuildOK: Build Version Error 

The program assumes build version 3.1.0.qualifier, but database has build version ${env.ADEMPIERE_VERSION} 20080428-1232. 
This is likely to cause hard to fix errors. 
Please contact administrator. [17]
11:35:21.683 WebEnv.initWeb: Servlet Context Init Parameters: iDempiere Root
ServerRoot=1 [17]
11:35:21.708-----------> EMail.setFrom: you @ company.org: javax.mail.internet.AddressException: Local address contains control or whitespace in string ``you @ company.org'' [17]
11:35:21.708-----------> EMail.addTo: you @ company.org: javax.mail.internet.AddressException: Local address contains control or whitespace in string ``you @ company.org'' [17]
11:35:21.708-----------> EMail.isValid: From is invalid=null [17]
11:35:21.708-----------> EMail.isValid: From is invalid=null [17]
11:35:21.708-----------> MClient.sendEMail: Could NOT Send Email: Server started: iDempiere (odbz:172.16.9.71) to you @ company.org: Invalid Data (System) [17]
11:35:21.708 WebEnv.initWeb: Servlet Init Parameter: idempiereMonitor [17]
11:35:21.708 AdempiereMonitor.init:  [17]
11:35:28.913-----------> AnnotationConfiguration.configure: ServletContainerInitializers: detected. Class hierarchy: empty [17]
11:35:29.278-----------> ClassLocator.getDependentXMLResources: Replicate resource: ckez
Overwrite bundleresource://187.fwk491298318:2/metainfo/zk/config.xml
with bundleresource://187.fwk491298318:19/metainfo/zk/config.xml [17]
11:35:29.278-----------> ClassLocator.getDependentXMLResources: Replicate resource: zk
Overwrite bundleresource://187.fwk491298318:11/metainfo/zk/config.xml
with bundleresource://187.fwk491298318:28/metainfo/zk/config.xml [17]
11:35:29.294-----------> ClassLocator.getDependentXMLResources: Replicate resource: zkbind
Overwrite bundleresource://187.fwk491298318:12/metainfo/zk/config.xml
with bundleresource://187.fwk491298318:29/metainfo/zk/config.xml [17]
11:35:29.309-----------> ClassLocator.getDependentXMLResources: Replicate resource: zul
Overwrite bundleresource://187.fwk491298318:14/metainfo/zk/zk.xml
with bundleresource://187.fwk491298318:31/metainfo/zk/zk.xml [17]
11:35:29.760-----------> LanguageDefinition.<init>: Replicated language: xhtml, overriden by [LanguageDefinition: xhtml] [17]
11:35:29.792-----------> LanguageDefinition.<init>: Replicated language: xul/html, overriden by [LanguageDefinition: xul/html] [17]
11:35:29.854-----------> ClassLocator.getDependentXMLResources: Replicate resource: calendar
Overwrite bundleresource://187.fwk491298318:1/metainfo/zk/lang-addon.xml
with bundleresource://187.fwk491298318:18/metainfo/zk/lang-addon.xml [17]
11:35:29.854-----------> ClassLocator.getDependentXMLResources: Replicate resource: ckez
Overwrite bundleresource://187.fwk491298318:2/metainfo/zk/lang-addon.xml
with bundleresource://187.fwk491298318:19/metainfo/zk/lang-addon.xml [17]
11:35:29.854-----------> ClassLocator.getDependentXMLResources: Replicate resource: gmapsz
Overwrite bundleresource://187.fwk491298318:5/metainfo/zk/lang-addon.xml
with bundleresource://187.fwk491298318:22/metainfo/zk/lang-addon.xml [17]
11:35:29.870-----------> ClassLocator.getDependentXMLResources: Replicate resource: timeline
Overwrite bundleresource://187.fwk491298318:6/metainfo/zk/lang-addon.xml
with bundleresource://187.fwk491298318:23/metainfo/zk/lang-addon.xml [17]
11:35:29.870-----------> ClassLocator.getDependentXMLResources: Replicate resource: timeplot
Overwrite bundleresource://187.fwk491298318:7/metainfo/zk/lang-addon.xml
with bundleresource://187.fwk491298318:24/metainfo/zk/lang-addon.xml [17]
11:35:29.885-----------> ClassLocator.getDependentXMLResources: Replicate resource: zkbind
Overwrite bundleresource://187.fwk491298318:12/metainfo/zk/lang-addon.xml
with bundleresource://187.fwk491298318:29/metainfo/zk/lang-addon.xml [17]
11:35:29.901-----------> ClassLocator.getDependentXMLResources: Replicate resource: zkplus
Overwrite bundleresource://187.fwk491298318:13/metainfo/zk/lang-addon.xml
with bundleresource://187.fwk491298318:30/metainfo/zk/lang-addon.xml [17]
11:35:30.126           WebUIServlet.init: iDempiere Web Client started successfully [17]
11:35:31.380-----------> AnnotationConfiguration.configure: ServletContainerInitializers: detected. Class hierarchy: empty [17]

*** 2016-10-04 11:35:32.067 idempiere Log (CLogFile) ***
11:35:34.252-----------> Node: [192.168.163.1]:5701 [adempiere.idempiere/localhost] [3.5.3] No join method is enabled! Starting standalone. [42]
11:37:33.352-----------> Prop.loadProperties: E:\mercurialidempiere\home.properties not found [33]
11:37:33.352-----------> Prop.loadProperties: !!WARNING:Please locate yout custom home.properties on iDEMPIERE_HOME. [33]
