*** 2017-04-21 19:09:39.317 idempiere Log (CLogFile) ***
19:09:39.316 Adempiere.startup: iDempiere(r) Release 3.1_2015-10-31 -Smart Suite ERP, CRM and SCM- (c) 1999-2013 iDempiere(r); Implementation: iDempiere - Supported by iDempiere community [17]
19:09:39.319 Ini.loadProperties: E:\mercurialidempiere/idempiere.properties #33 [17]
19:09:39.854 DB.isBuildOK: Build DB=${env.ADEMPIERE_VERSION} 20080428-1232 [17]
19:09:39.854 DB.isBuildOK: Build Cl=3.1.0.qualifier [17]
19:09:39.871-----------> DB.isBuildOK: Build Version Error 

The program assumes build version 3.1.0.qualifier, but database has build version ${env.ADEMPIERE_VERSION} 20080428-1232. 
This is likely to cause hard to fix errors. 
Please contact administrator. [17]
19:09:39.959 WebEnv.initWeb: Servlet Context Init Parameters: iDempiere Root
ServerRoot=1 [17]
19:09:40.139-----------> EMail.setFrom: you @ company.org: javax.mail.internet.AddressException: Local address contains control or whitespace in string ``you @ company.org'' [17]
19:09:40.141-----------> EMail.addTo: you @ company.org: javax.mail.internet.AddressException: Local address contains control or whitespace in string ``you @ company.org'' [17]
19:09:40.141-----------> EMail.isValid: From is invalid=null [17]
19:09:40.141-----------> EMail.isValid: From is invalid=null [17]
19:09:40.141-----------> MClient.sendEMail: Could NOT Send Email: Server started: iDempiere (odbz:192.168.47.1) to you @ company.org: Invalid Data (System) [17]
19:09:40.141 WebEnv.initWeb: Servlet Init Parameter: idempiereMonitor [17]
19:09:40.141 AdempiereMonitor.init:  [17]
19:09:41.631-----------> AnnotationConfiguration.configure: ServletContainerInitializers: detected. Class hierarchy: empty [17]
19:09:41.852-----------> ClassLocator.getDependentXMLResources: Replicate resource: ckez
Overwrite bundleresource://181.fwk1480207683:2/metainfo/zk/config.xml
with bundleresource://181.fwk1480207683:19/metainfo/zk/config.xml [17]
19:09:41.858-----------> ClassLocator.getDependentXMLResources: Replicate resource: zk
Overwrite bundleresource://181.fwk1480207683:11/metainfo/zk/config.xml
with bundleresource://181.fwk1480207683:28/metainfo/zk/config.xml [17]
19:09:41.863-----------> ClassLocator.getDependentXMLResources: Replicate resource: zkbind
Overwrite bundleresource://181.fwk1480207683:12/metainfo/zk/config.xml
with bundleresource://181.fwk1480207683:29/metainfo/zk/config.xml [17]
19:09:41.892-----------> ClassLocator.getDependentXMLResources: Replicate resource: zul
Overwrite bundleresource://181.fwk1480207683:14/metainfo/zk/zk.xml
with bundleresource://181.fwk1480207683:31/metainfo/zk/zk.xml [17]
19:09:42.232-----------> LanguageDefinition.<init>: Replicated language: xhtml, overriden by [LanguageDefinition: xhtml] [17]
19:09:42.256-----------> LanguageDefinition.<init>: Replicated language: xul/html, overriden by [LanguageDefinition: xul/html] [17]
19:09:42.305-----------> ClassLocator.getDependentXMLResources: Replicate resource: calendar
Overwrite bundleresource://181.fwk1480207683:1/metainfo/zk/lang-addon.xml
with bundleresource://181.fwk1480207683:18/metainfo/zk/lang-addon.xml [17]
19:09:42.308-----------> ClassLocator.getDependentXMLResources: Replicate resource: ckez
Overwrite bundleresource://181.fwk1480207683:2/metainfo/zk/lang-addon.xml
with bundleresource://181.fwk1480207683:19/metainfo/zk/lang-addon.xml [17]
19:09:42.312-----------> ClassLocator.getDependentXMLResources: Replicate resource: gmapsz
Overwrite bundleresource://181.fwk1480207683:5/metainfo/zk/lang-addon.xml
with bundleresource://181.fwk1480207683:22/metainfo/zk/lang-addon.xml [17]
19:09:42.317-----------> ClassLocator.getDependentXMLResources: Replicate resource: timeline
Overwrite bundleresource://181.fwk1480207683:6/metainfo/zk/lang-addon.xml
with bundleresource://181.fwk1480207683:23/metainfo/zk/lang-addon.xml [17]
19:09:42.322-----------> ClassLocator.getDependentXMLResources: Replicate resource: timeplot
Overwrite bundleresource://181.fwk1480207683:7/metainfo/zk/lang-addon.xml
with bundleresource://181.fwk1480207683:24/metainfo/zk/lang-addon.xml [17]
19:09:42.336-----------> ClassLocator.getDependentXMLResources: Replicate resource: zkbind
Overwrite bundleresource://181.fwk1480207683:12/metainfo/zk/lang-addon.xml
with bundleresource://181.fwk1480207683:29/metainfo/zk/lang-addon.xml [17]
19:09:42.343-----------> ClassLocator.getDependentXMLResources: Replicate resource: zkplus
Overwrite bundleresource://181.fwk1480207683:13/metainfo/zk/lang-addon.xml
with bundleresource://181.fwk1480207683:30/metainfo/zk/lang-addon.xml [17]
19:09:42.654           WebUIServlet.init: iDempiere Web Client started successfully [17]
19:09:43.556-----------> AnnotationConfiguration.configure: ServletContainerInitializers: detected. Class hierarchy: empty [17]
19:09:43.699-----------> LCO_ValidatorWH.initialize:  [69]

*** 2017-04-21 19:09:43.845 idempiere Log (CLogFile) ***
19:09:45.962-----------> Node: [192.168.163.1]:5701 [adempiere.idempiere/localhost] [3.5.3] No join method is enabled! Starting standalone. [49]
19:10:13.738===========> MRole.addAccessSQL: TableName not correctly parsed - TableNameIn=C_Invoice - AccessSqlParser[C_Invoice=WHERE|0] - #1 C_Invoice=WHERE
 = SELECT C_Invoice_ID, DocumentNo, DateInvoiced, GrandTotal, PartialPayment, Balance, PaidBill FROM C_Invoice WHERE  [31]
