*** 2016-08-30 13:23:23.657 idempiere Log (CLogFile) ***
13:23:23.657 Adempiere.startup: iDempiere(r) Release 3.1_2015-10-31 -Smart Suite ERP, CRM and SCM- (c) 1999-2013 iDempiere(r); Implementation: iDempiere - Supported by iDempiere community [17]
13:23:23.673 Ini.loadProperties: E:\mercurialidempiere/idempiere.properties #32 [17]
13:23:29.766 AdempiereActivator.installPackage: ni.idempiere.importcurrencyrate 1.0.0 was installed: 2016-07-14 15:40:48.116 [17]
13:23:30.205 DB.isBuildOK: Build DB=${env.ADEMPIERE_VERSION} 20080428-1232 [17]
13:23:30.205 DB.isBuildOK: Build Cl=3.1.0.qualifier [17]
13:23:30.471-----------> DB.isBuildOK: Build Version Error 

The program assumes build version 3.1.0.qualifier, but database has build version ${env.ADEMPIERE_VERSION} 20080428-1232. 
This is likely to cause hard to fix errors. 
Please contact administrator. [17]
13:23:36.288 WebEnv.initWeb: Servlet Context Init Parameters: iDempiere Root
ServerRoot=1 [17]
13:23:36.489-----------> EMail.setFrom: you @ company.org: javax.mail.internet.AddressException: Local address contains control or whitespace in string ``you @ company.org'' [17]
13:23:36.489-----------> EMail.addTo: you @ company.org: javax.mail.internet.AddressException: Local address contains control or whitespace in string ``you @ company.org'' [17]
13:23:36.489-----------> EMail.isValid: From is invalid=null [17]
13:23:36.489-----------> EMail.isValid: From is invalid=null [17]
13:23:36.489-----------> MClient.sendEMail: Could NOT Send Email: Server started: iDempiere (odbz:10.0.5.53) to you @ company.org: Invalid Data (System) [17]
13:23:36.489 WebEnv.initWeb: Servlet Init Parameter: idempiereMonitor [17]
13:23:36.489 AdempiereMonitor.init:  [17]
13:23:49.533-----------> AnnotationConfiguration.configure: ServletContainerInitializers: detected. Class hierarchy: empty [17]
13:23:50.070-----------> ClassLocator.getDependentXMLResources: Replicate resource: ckez
Overwrite bundleresource://185.fwk1480207683:2/metainfo/zk/config.xml
with bundleresource://185.fwk1480207683:19/metainfo/zk/config.xml [17]
13:23:50.086-----------> ClassLocator.getDependentXMLResources: Replicate resource: zk
Overwrite bundleresource://185.fwk1480207683:11/metainfo/zk/config.xml
with bundleresource://185.fwk1480207683:28/metainfo/zk/config.xml [17]
13:23:50.092-----------> ClassLocator.getDependentXMLResources: Replicate resource: zkbind
Overwrite bundleresource://185.fwk1480207683:12/metainfo/zk/config.xml
with bundleresource://185.fwk1480207683:29/metainfo/zk/config.xml [17]
13:23:50.139-----------> ClassLocator.getDependentXMLResources: Replicate resource: zul
Overwrite bundleresource://185.fwk1480207683:14/metainfo/zk/zk.xml
with bundleresource://185.fwk1480207683:31/metainfo/zk/zk.xml [17]
13:23:50.905-----------> LanguageDefinition.<init>: Replicated language: xhtml, overriden by [LanguageDefinition: xhtml] [17]
13:23:50.936-----------> LanguageDefinition.<init>: Replicated language: xul/html, overriden by [LanguageDefinition: xul/html] [17]
13:23:51.045-----------> ClassLocator.getDependentXMLResources: Replicate resource: calendar
Overwrite bundleresource://185.fwk1480207683:1/metainfo/zk/lang-addon.xml
with bundleresource://185.fwk1480207683:18/metainfo/zk/lang-addon.xml [17]
13:23:51.045-----------> ClassLocator.getDependentXMLResources: Replicate resource: ckez
Overwrite bundleresource://185.fwk1480207683:2/metainfo/zk/lang-addon.xml
with bundleresource://185.fwk1480207683:19/metainfo/zk/lang-addon.xml [17]
13:23:51.061-----------> ClassLocator.getDependentXMLResources: Replicate resource: gmapsz
Overwrite bundleresource://185.fwk1480207683:5/metainfo/zk/lang-addon.xml
with bundleresource://185.fwk1480207683:22/metainfo/zk/lang-addon.xml [17]
13:23:51.061-----------> ClassLocator.getDependentXMLResources: Replicate resource: timeline
Overwrite bundleresource://185.fwk1480207683:6/metainfo/zk/lang-addon.xml
with bundleresource://185.fwk1480207683:23/metainfo/zk/lang-addon.xml [17]
13:23:51.061-----------> ClassLocator.getDependentXMLResources: Replicate resource: timeplot
Overwrite bundleresource://185.fwk1480207683:7/metainfo/zk/lang-addon.xml
with bundleresource://185.fwk1480207683:24/metainfo/zk/lang-addon.xml [17]
13:23:51.077-----------> ClassLocator.getDependentXMLResources: Replicate resource: zkbind
Overwrite bundleresource://185.fwk1480207683:12/metainfo/zk/lang-addon.xml
with bundleresource://185.fwk1480207683:29/metainfo/zk/lang-addon.xml [17]
13:23:51.092-----------> ClassLocator.getDependentXMLResources: Replicate resource: zkplus
Overwrite bundleresource://185.fwk1480207683:13/metainfo/zk/lang-addon.xml
with bundleresource://185.fwk1480207683:30/metainfo/zk/lang-addon.xml [17]
13:23:51.342           WebUIServlet.init: iDempiere Web Client started successfully [17]
13:23:52.624-----------> AnnotationConfiguration.configure: ServletContainerInitializers: detected. Class hierarchy: empty [17]

*** 2016-08-30 13:23:53.425 idempiere Log (CLogFile) ***
13:23:58.931-----------> Node: [10.0.5.53]:5701 [adempiere.idempiere/localhost] [3.5.3] No join method is enabled! Starting standalone. [42]
