*** 2016-06-28 16:24:39.854 idempiere Log (CLogFile) ***
16:24:39.854 Adempiere.startup: iDempiere(r) Release 3.1_2015-10-31 -Smart Suite ERP, CRM and SCM- (c) 1999-2013 iDempiere(r); Implementation: iDempiere - Supported by iDempiere community [17]
16:24:39.869 Ini.loadProperties: E:\mercurialidempiere/idempiere-dev.properties #33 [17]
16:24:40.652 DB.isBuildOK: Build DB=${env.ADEMPIERE_VERSION} 20080428-1232 [17]
16:24:40.652 DB.isBuildOK: Build Cl=3.1.0.qualifier [17]
16:24:40.730-----------> DB.isBuildOK: Build Version Error 

The program assumes build version 3.1.0.qualifier, but database has build version ${env.ADEMPIERE_VERSION} 20080428-1232. 
This is likely to cause hard to fix errors. 
Please contact administrator. [17]
16:24:40.883 WebEnv.initWeb: Servlet Context Init Parameters: iDempiere Root
ServerRoot=1 [17]
16:24:40.899-----------> EMail.setFrom: you @ company.org: javax.mail.internet.AddressException: Local address contains control or whitespace in string ``you @ company.org'' [17]
16:24:40.899-----------> EMail.addTo: you @ company.org: javax.mail.internet.AddressException: Local address contains control or whitespace in string ``you @ company.org'' [17]
16:24:40.899-----------> EMail.isValid: From is invalid=null [17]
16:24:40.899-----------> EMail.isValid: From is invalid=null [17]
16:24:40.899-----------> MClient.sendEMail: Could NOT Send Email: Server started: iDempiere (odbz:10.0.5.41) to you @ company.org: Invalid Data (System) [17]
16:24:40.899 WebEnv.initWeb: Servlet Init Parameter: idempiereMonitor [17]
16:24:40.899 AdempiereMonitor.init:  [17]
16:24:44.689-----------> AnnotationConfiguration.configure: ServletContainerInitializers: detected. Class hierarchy: empty [17]
16:24:44.930-----------> ClassLocator.getDependentXMLResources: Replicate resource: ckez
Overwrite bundleresource://179.fwk1480207683:2/metainfo/zk/config.xml
with bundleresource://179.fwk1480207683:19/metainfo/zk/config.xml [17]
16:24:44.930-----------> ClassLocator.getDependentXMLResources: Replicate resource: zk
Overwrite bundleresource://179.fwk1480207683:11/metainfo/zk/config.xml
with bundleresource://179.fwk1480207683:28/metainfo/zk/config.xml [17]
16:24:44.945-----------> ClassLocator.getDependentXMLResources: Replicate resource: zkbind
Overwrite bundleresource://179.fwk1480207683:12/metainfo/zk/config.xml
with bundleresource://179.fwk1480207683:29/metainfo/zk/config.xml [17]
16:24:44.961-----------> ClassLocator.getDependentXMLResources: Replicate resource: zul
Overwrite bundleresource://179.fwk1480207683:14/metainfo/zk/zk.xml
with bundleresource://179.fwk1480207683:31/metainfo/zk/zk.xml [17]
16:24:45.351-----------> LanguageDefinition.<init>: Replicated language: xhtml, overriden by [LanguageDefinition: xhtml] [17]
16:24:45.383-----------> LanguageDefinition.<init>: Replicated language: xul/html, overriden by [LanguageDefinition: xul/html] [17]
16:24:45.445-----------> ClassLocator.getDependentXMLResources: Replicate resource: calendar
Overwrite bundleresource://179.fwk1480207683:1/metainfo/zk/lang-addon.xml
with bundleresource://179.fwk1480207683:18/metainfo/zk/lang-addon.xml [17]
16:24:45.445-----------> ClassLocator.getDependentXMLResources: Replicate resource: ckez
Overwrite bundleresource://179.fwk1480207683:2/metainfo/zk/lang-addon.xml
with bundleresource://179.fwk1480207683:19/metainfo/zk/lang-addon.xml [17]
16:24:45.445-----------> ClassLocator.getDependentXMLResources: Replicate resource: gmapsz
Overwrite bundleresource://179.fwk1480207683:5/metainfo/zk/lang-addon.xml
with bundleresource://179.fwk1480207683:22/metainfo/zk/lang-addon.xml [17]
16:24:45.461-----------> ClassLocator.getDependentXMLResources: Replicate resource: timeline
Overwrite bundleresource://179.fwk1480207683:6/metainfo/zk/lang-addon.xml
with bundleresource://179.fwk1480207683:23/metainfo/zk/lang-addon.xml [17]
16:24:45.461-----------> ClassLocator.getDependentXMLResources: Replicate resource: timeplot
Overwrite bundleresource://179.fwk1480207683:7/metainfo/zk/lang-addon.xml
with bundleresource://179.fwk1480207683:24/metainfo/zk/lang-addon.xml [17]
16:24:45.476-----------> ClassLocator.getDependentXMLResources: Replicate resource: zkbind
Overwrite bundleresource://179.fwk1480207683:12/metainfo/zk/lang-addon.xml
with bundleresource://179.fwk1480207683:29/metainfo/zk/lang-addon.xml [17]
16:24:45.476-----------> ClassLocator.getDependentXMLResources: Replicate resource: zkplus
Overwrite bundleresource://179.fwk1480207683:13/metainfo/zk/lang-addon.xml
with bundleresource://179.fwk1480207683:30/metainfo/zk/lang-addon.xml [17]
16:24:45.617           WebUIServlet.init: iDempiere Web Client started successfully [17]
16:24:46.681-----------> AnnotationConfiguration.configure: ServletContainerInitializers: detected. Class hierarchy: empty [17]

*** 2016-06-28 16:24:46.958 idempiere Log (CLogFile) ***
16:24:49.143-----------> Node: [10.0.5.41]:5701 [adempiere.idempiere/localhost] [3.5.3] No join method is enabled! Starting standalone. [41]
16:24:57.992-----------> PackInHandler.dumpUnresolvedElements: AD_Field_Trl [Help=, Name=Payroll Process, Description=, AD_Language=es_EC, IsActive=true, IsTranslated=false] [48]
16:24:57.992-----------> PackInHandler.dumpUnresolvedElements: AD_Field [AD_Client_ID=0, AD_Org_ID=0, MandatoryLogic=, ReadOnlyLogic=, IsToolbarButton=, IsAlwaysUpdateable=, IsUpdateable=, ColumnSpan=1, EntityType=U, IsCentrallyMaintained=true, IsDisplayed=false, AD_Column_ID=7de173e7-91df-4cef-a089-b577030da571, SeqNo=230, AD_Tab_ID=53113, IsSameLine=false, IsHeading=false, Help=, IsFieldOnly=false, IsReadOnly=false, ObscureType=, Name=Payroll Process, IsMandatory=, AD_Val_Rule_ID=, Included_Tab_ID=, IsDisplayedGrid=true, SeqNoGrid=230, IsAllowCopy=, AD_Field_UU=431165e4-4513-4c56-bdd1-31df2dc74148, SortNo=0, IsEncrypted=false, IsActive=true, DisplayLength=0, DisplayLogic=, DefaultValue=, Description=, XPosition=1, NumLines=1, IsQuickEntry=false, IsAdvancedField=false, IsDefaultFocus=false, AD_FieldGroup_ID=, AD_Reference_ID=, AD_Reference_Value_ID=] unresolved [AD_Column_ID] [48]
16:24:57.995===========> PackIn.importXML: importXML: [48]
org.adempiere.exceptions.AdempiereException: Unresolved elements
	at org.adempiere.pipo2.PackIn.importXML(PackIn.java:183)
	at org.adempiere.pipo2.PackIn.importXML(PackIn.java:136)
	at org.adempiere.pipo.srv.PipoDictionaryService.merge(PipoDictionaryService.java:104)
	at org.adempiere.plugin.utils.Incremental2PackActivator.packIn(Incremental2PackActivator.java:198)
	at org.adempiere.plugin.utils.Incremental2PackActivator.packIn(Incremental2PackActivator.java:166)
	at org.adempiere.plugin.utils.Incremental2PackActivator.installPackage(Incremental2PackActivator.java:120)
	at org.adempiere.plugin.utils.Incremental2PackActivator.access$4(Incremental2PackActivator.java:89)
	at org.adempiere.plugin.utils.Incremental2PackActivator$2.run(Incremental2PackActivator.java:259)
	at java.util.concurrent.Executors$RunnableAdapter.call(Unknown Source)
	at java.util.concurrent.FutureTask.run(Unknown Source)
	at java.util.concurrent.ScheduledThreadPoolExecutor$ScheduledFutureTask.access$201(Unknown Source)
	at java.util.concurrent.ScheduledThreadPoolExecutor$ScheduledFutureTask.run(Unknown Source)
	at java.util.concurrent.ThreadPoolExecutor.runWorker(Unknown Source)
	at java.util.concurrent.ThreadPoolExecutor$Worker.run(Unknown Source)
	at java.lang.Thread.run(Unknown Source)

16:24:58.280===========> PackIn.importXML: importXML: [48]
java.lang.RuntimeException: Unresolved elements
	at org.adempiere.pipo2.PackIn.importXML(PackIn.java:188)
	at org.adempiere.pipo2.PackIn.importXML(PackIn.java:136)
	at org.adempiere.pipo.srv.PipoDictionaryService.merge(PipoDictionaryService.java:104)
	at org.adempiere.plugin.utils.Incremental2PackActivator.packIn(Incremental2PackActivator.java:198)
	at org.adempiere.plugin.utils.Incremental2PackActivator.packIn(Incremental2PackActivator.java:166)
	at org.adempiere.plugin.utils.Incremental2PackActivator.installPackage(Incremental2PackActivator.java:120)
	at org.adempiere.plugin.utils.Incremental2PackActivator.access$4(Incremental2PackActivator.java:89)
	at org.adempiere.plugin.utils.Incremental2PackActivator$2.run(Incremental2PackActivator.java:259)
	at java.util.concurrent.Executors$RunnableAdapter.call(Unknown Source)
	at java.util.concurrent.FutureTask.run(Unknown Source)
	at java.util.concurrent.ScheduledThreadPoolExecutor$ScheduledFutureTask.access$201(Unknown Source)
	at java.util.concurrent.ScheduledThreadPoolExecutor$ScheduledFutureTask.run(Unknown Source)
	at java.util.concurrent.ThreadPoolExecutor.runWorker(Unknown Source)
	at java.util.concurrent.ThreadPoolExecutor$Worker.run(Unknown Source)
	at java.lang.Thread.run(Unknown Source)
caused by: org.adempiere.exceptions.AdempiereException: Unresolved elements
	at org.adempiere.pipo2.PackIn.importXML(PackIn.java:183)
	at org.adempiere.pipo2.PackIn.importXML(PackIn.java:136)
	at org.adempiere.pipo.srv.PipoDictionaryService.merge(PipoDictionaryService.java:104)
	at org.adempiere.plugin.utils.Incremental2PackActivator.packIn(Incremental2PackActivator.java:198)
	at org.adempiere.plugin.utils.Incremental2PackActivator.packIn(Incremental2PackActivator.java:166)
	at org.adempiere.plugin.utils.Incremental2PackActivator.installPackage(Incremental2PackActivator.java:120)
	at org.adempiere.plugin.utils.Incremental2PackActivator.access$4(Incremental2PackActivator.java:89)
	at org.adempiere.plugin.utils.Incremental2PackActivator$2.run(Incremental2PackActivator.java:259)
	at java.util.concurrent.Executors$RunnableAdapter.call(Unknown Source)
	at java.util.concurrent.FutureTask.run(Unknown Source)
	at java.util.concurrent.ScheduledThreadPoolExecutor$ScheduledFutureTask.access$201(Unknown Source)
	at java.util.concurrent.ScheduledThreadPoolExecutor$ScheduledFutureTask.run(Unknown Source)
	at java.util.concurrent.ThreadPoolExecutor.runWorker(Unknown Source)
	at java.util.concurrent.ThreadPoolExecutor$Worker.run(Unknown Source)
	at java.lang.Thread.run(Unknown Source)

16:24:58.664===========> PipoDictionaryService.merge: importXML: [48]
java.lang.RuntimeException: Unresolved elements
	at org.adempiere.pipo2.PackIn.importXML(PackIn.java:188)
	at org.adempiere.pipo2.PackIn.importXML(PackIn.java:136)
	at org.adempiere.pipo.srv.PipoDictionaryService.merge(PipoDictionaryService.java:104)
	at org.adempiere.plugin.utils.Incremental2PackActivator.packIn(Incremental2PackActivator.java:198)
	at org.adempiere.plugin.utils.Incremental2PackActivator.packIn(Incremental2PackActivator.java:166)
	at org.adempiere.plugin.utils.Incremental2PackActivator.installPackage(Incremental2PackActivator.java:120)
	at org.adempiere.plugin.utils.Incremental2PackActivator.access$4(Incremental2PackActivator.java:89)
	at org.adempiere.plugin.utils.Incremental2PackActivator$2.run(Incremental2PackActivator.java:259)
	at java.util.concurrent.Executors$RunnableAdapter.call(Unknown Source)
	at java.util.concurrent.FutureTask.run(Unknown Source)
	at java.util.concurrent.ScheduledThreadPoolExecutor$ScheduledFutureTask.access$201(Unknown Source)
	at java.util.concurrent.ScheduledThreadPoolExecutor$ScheduledFutureTask.run(Unknown Source)
	at java.util.concurrent.ThreadPoolExecutor.runWorker(Unknown Source)
	at java.util.concurrent.ThreadPoolExecutor$Worker.run(Unknown Source)
	at java.lang.Thread.run(Unknown Source)
caused by: org.adempiere.exceptions.AdempiereException: Unresolved elements
	at org.adempiere.pipo2.PackIn.importXML(PackIn.java:183)
	at org.adempiere.pipo2.PackIn.importXML(PackIn.java:136)
	at org.adempiere.pipo.srv.PipoDictionaryService.merge(PipoDictionaryService.java:104)
	at org.adempiere.plugin.utils.Incremental2PackActivator.packIn(Incremental2PackActivator.java:198)
	at org.adempiere.plugin.utils.Incremental2PackActivator.packIn(Incremental2PackActivator.java:166)
	at org.adempiere.plugin.utils.Incremental2PackActivator.installPackage(Incremental2PackActivator.java:120)
	at org.adempiere.plugin.utils.Incremental2PackActivator.access$4(Incremental2PackActivator.java:89)
	at org.adempiere.plugin.utils.Incremental2PackActivator$2.run(Incremental2PackActivator.java:259)
	at java.util.concurrent.Executors$RunnableAdapter.call(Unknown Source)
	at java.util.concurrent.FutureTask.run(Unknown Source)
	at java.util.concurrent.ScheduledThreadPoolExecutor$ScheduledFutureTask.access$201(Unknown Source)
	at java.util.concurrent.ScheduledThreadPoolExecutor$ScheduledFutureTask.run(Unknown Source)
	at java.util.concurrent.ThreadPoolExecutor.runWorker(Unknown Source)
	at java.util.concurrent.ThreadPoolExecutor$Worker.run(Unknown Source)
	at java.lang.Thread.run(Unknown Source)

16:24:59.004===========> Trx.commit: PipoDS_df2bfe43-ffe9-492e-ae83-4e4b9fe72a91 [48]
org.postgresql.util.PSQLException: ERROR: inserción o actualización en la tabla «ad_element» viola la llave foránea «entityt_adelement»
  Detail: La llave (entitytype)=(IGI) no está presente en la tabla «ad_entitytype».; State=23503; ErrorCode=0
	at org.postgresql.core.v3.QueryExecutorImpl.receiveErrorResponse(QueryExecutorImpl.java:2182)
	at org.postgresql.core.v3.QueryExecutorImpl.processResults(QueryExecutorImpl.java:1911)
	at org.postgresql.core.v3.QueryExecutorImpl.execute(QueryExecutorImpl.java:173)
	at org.postgresql.jdbc2.AbstractJdbc2Connection.executeTransactionCommand(AbstractJdbc2Connection.java:824)
	at org.postgresql.jdbc2.AbstractJdbc2Connection.commit(AbstractJdbc2Connection.java:848)
	at com.mchange.v2.c3p0.impl.NewProxyConnection.commit(NewProxyConnection.java:1007)
	at org.compiere.util.Trx.commit(Trx.java:357)
	at org.compiere.util.Trx.commit(Trx.java:399)
	at org.compiere.util.Trx.close(Trx.java:451)
	at org.adempiere.pipo.srv.PipoDictionaryService.merge(PipoDictionaryService.java:117)
	at org.adempiere.plugin.utils.Incremental2PackActivator.packIn(Incremental2PackActivator.java:198)
	at org.adempiere.plugin.utils.Incremental2PackActivator.packIn(Incremental2PackActivator.java:166)
	at org.adempiere.plugin.utils.Incremental2PackActivator.installPackage(Incremental2PackActivator.java:120)
	at org.adempiere.plugin.utils.Incremental2PackActivator.access$4(Incremental2PackActivator.java:89)
	at org.adempiere.plugin.utils.Incremental2PackActivator$2.run(Incremental2PackActivator.java:259)
	at java.util.concurrent.Executors$RunnableAdapter.call(Unknown Source)
	at java.util.concurrent.FutureTask.run(Unknown Source)
	at java.util.concurrent.ScheduledThreadPoolExecutor$ScheduledFutureTask.access$201(Unknown Source)
	at java.util.concurrent.ScheduledThreadPoolExecutor$ScheduledFutureTask.run(Unknown Source)
	at java.util.concurrent.ThreadPoolExecutor.runWorker(Unknown Source)
	at java.util.concurrent.ThreadPoolExecutor$Worker.run(Unknown Source)

16:24:59.224===========> Trx.saveError: DeleteErrorDependent - ERROR: inserción o actualización en la tabla «ad_element» viola la llave foránea «entityt_adelement»
  Detail: La llave (entitytype)=(IGI) no está presente en la tabla «ad_entitytype». [48]
16:24:59.816===========> Incremental2PackActivator.packIn: Pack in failed. [48]
java.lang.RuntimeException: Unresolved elements
	at org.adempiere.pipo2.PackIn.importXML(PackIn.java:188)
	at org.adempiere.pipo2.PackIn.importXML(PackIn.java:136)
	at org.adempiere.pipo.srv.PipoDictionaryService.merge(PipoDictionaryService.java:104)
	at org.adempiere.plugin.utils.Incremental2PackActivator.packIn(Incremental2PackActivator.java:198)
	at org.adempiere.plugin.utils.Incremental2PackActivator.packIn(Incremental2PackActivator.java:166)
	at org.adempiere.plugin.utils.Incremental2PackActivator.installPackage(Incremental2PackActivator.java:120)
	at org.adempiere.plugin.utils.Incremental2PackActivator.access$4(Incremental2PackActivator.java:89)
	at org.adempiere.plugin.utils.Incremental2PackActivator$2.run(Incremental2PackActivator.java:259)
	at java.util.concurrent.Executors$RunnableAdapter.call(Unknown Source)
	at java.util.concurrent.FutureTask.run(Unknown Source)
	at java.util.concurrent.ScheduledThreadPoolExecutor$ScheduledFutureTask.access$201(Unknown Source)
	at java.util.concurrent.ScheduledThreadPoolExecutor$ScheduledFutureTask.run(Unknown Source)
	at java.util.concurrent.ThreadPoolExecutor.runWorker(Unknown Source)
	at java.util.concurrent.ThreadPoolExecutor$Worker.run(Unknown Source)
	at java.lang.Thread.run(Unknown Source)
caused by: org.adempiere.exceptions.AdempiereException: Unresolved elements
	at org.adempiere.pipo2.PackIn.importXML(PackIn.java:183)
	at org.adempiere.pipo2.PackIn.importXML(PackIn.java:136)
	at org.adempiere.pipo.srv.PipoDictionaryService.merge(PipoDictionaryService.java:104)
	at org.adempiere.plugin.utils.Incremental2PackActivator.packIn(Incremental2PackActivator.java:198)
	at org.adempiere.plugin.utils.Incremental2PackActivator.packIn(Incremental2PackActivator.java:166)
	at org.adempiere.plugin.utils.Incremental2PackActivator.installPackage(Incremental2PackActivator.java:120)
	at org.adempiere.plugin.utils.Incremental2PackActivator.access$4(Incremental2PackActivator.java:89)
	at org.adempiere.plugin.utils.Incremental2PackActivator$2.run(Incremental2PackActivator.java:259)
	at java.util.concurrent.Executors$RunnableAdapter.call(Unknown Source)
	at java.util.concurrent.FutureTask.run(Unknown Source)
	at java.util.concurrent.ScheduledThreadPoolExecutor$ScheduledFutureTask.access$201(Unknown Source)
	at java.util.concurrent.ScheduledThreadPoolExecutor$ScheduledFutureTask.run(Unknown Source)
	at java.util.concurrent.ThreadPoolExecutor.runWorker(Unknown Source)
	at java.util.concurrent.ThreadPoolExecutor$Worker.run(Unknown Source)
	at java.lang.Thread.run(Unknown Source)

16:25:11.593===========> MRole.addAccessSQL: TableName not correctly parsed - TableNameIn=C_Invoice - AccessSqlParser[C_Invoice=WHERE|0] - #1 C_Invoice=WHERE
 = SELECT C_Invoice_ID, DocumentNo, DateInvoiced, GrandTotal, PartialPayment, Balance, PaidBill FROM C_Invoice WHERE  [31]
16:28:07.875===========> UiEngineImpl.handleError:  [30]
java.lang.IndexOutOfBoundsException: Index: 2, Size: 1
	at java.util.LinkedList.checkElementIndex(Unknown Source)
	at java.util.LinkedList.remove(Unknown Source)
	at org.adempiere.webui.form.WNIAllocateInvoice.checkAllItems(WNIAllocateInvoice.java:345)
	at org.adempiere.webui.form.WNIAllocateInvoice.onEvent(WNIAllocateInvoice.java:291)
	at org.zkoss.zk.ui.AbstractComponent.onEvent(AbstractComponent.java:2773)
	at org.zkoss.zk.ui.AbstractComponent.service(AbstractComponent.java:2744)
	at org.zkoss.zk.ui.AbstractComponent.service(AbstractComponent.java:2685)
	at org.zkoss.zk.ui.impl.EventProcessor.process(EventProcessor.java:136)
	at org.zkoss.zk.ui.impl.UiEngineImpl.processEvent(UiEngineImpl.java:1765)
	at org.zkoss.zk.ui.impl.UiEngineImpl.process(UiEngineImpl.java:1550)
	at org.zkoss.zk.ui.impl.UiEngineImpl.execUpdate(UiEngineImpl.java:1260)
	at org.zkoss.zk.au.http.DHtmlUpdateServlet.process(DHtmlUpdateServlet.java:611)
	at org.zkoss.zk.au.http.DHtmlUpdateServlet.doGet(DHtmlUpdateServlet.java:485)
	at org.zkoss.zk.au.http.DHtmlUpdateServlet.doPost(DHtmlUpdateServlet.java:494)
	at javax.servlet.http.HttpServlet.service(HttpServlet.java:707)
	at javax.servlet.http.HttpServlet.service(HttpServlet.java:790)
	at org.eclipse.jetty.servlet.ServletHolder.handle(ServletHolder.java:808)
	at org.eclipse.jetty.servlet.ServletHandler.doHandle(ServletHandler.java:587)
	at org.eclipse.jetty.server.handler.ScopedHandler.handle(ScopedHandler.java:143)
	at org.eclipse.jetty.security.SecurityHandler.handle(SecurityHandler.java:577)
	at org.eclipse.jetty.server.session.SessionHandler.doHandle(SessionHandler.java:223)

