*** 2016-07-11 11:02:28.651 idempiere Log (CLogFile) ***
11:02:28.651 Adempiere.startup: iDempiere(r) Release 3.1_2015-10-31 -Smart Suite ERP, CRM and SCM- (c) 1999-2013 iDempiere(r); Implementation: iDempiere - Supported by iDempiere community [17]
11:02:28.693 Ini.loadProperties: E:\mercurialidempiere/idempiere.properties #32 [17]
11:02:29.871 DB.isBuildOK: Build DB=${env.ADEMPIERE_VERSION} 20080428-1232 [17]
11:02:29.871 DB.isBuildOK: Build Cl=3.1.0.qualifier [17]
11:02:29.942-----------> DB.isBuildOK: Build Version Error 

The program assumes build version 3.1.0.qualifier, but database has build version ${env.ADEMPIERE_VERSION} 20080428-1232. 
This is likely to cause hard to fix errors. 
Please contact administrator. [17]
11:02:31.425 WebEnv.initWeb: Servlet Context Init Parameters: iDempiere Root
ServerRoot=1 [17]
11:02:31.435-----------> EMail.setFrom: you @ company.org: javax.mail.internet.AddressException: Local address contains control or whitespace in string ``you @ company.org'' [17]
11:02:31.437-----------> EMail.addTo: you @ company.org: javax.mail.internet.AddressException: Local address contains control or whitespace in string ``you @ company.org'' [17]
11:02:31.438-----------> EMail.isValid: From is invalid=null [17]
11:02:31.438-----------> EMail.isValid: From is invalid=null [17]
11:02:31.438-----------> MClient.sendEMail: Could NOT Send Email: Server started: iDempiere (odbz:172.16.67.23) to you @ company.org: Invalid Data (System) [17]
11:02:31.438 WebEnv.initWeb: Servlet Init Parameter: idempiereMonitor [17]
11:02:31.438 AdempiereMonitor.init:  [17]
11:02:33.510-----------> AnnotationConfiguration.configure: ServletContainerInitializers: detected. Class hierarchy: empty [17]
11:02:33.850-----------> ClassLocator.getDependentXMLResources: Replicate resource: ckez
Overwrite bundleresource://181.fwk491298318:2/metainfo/zk/config.xml
with bundleresource://181.fwk491298318:19/metainfo/zk/config.xml [17]
11:02:33.856-----------> ClassLocator.getDependentXMLResources: Replicate resource: zk
Overwrite bundleresource://181.fwk491298318:11/metainfo/zk/config.xml
with bundleresource://181.fwk491298318:28/metainfo/zk/config.xml [17]
11:02:33.862-----------> ClassLocator.getDependentXMLResources: Replicate resource: zkbind
Overwrite bundleresource://181.fwk491298318:12/metainfo/zk/config.xml
with bundleresource://181.fwk491298318:29/metainfo/zk/config.xml [17]
11:02:33.882-----------> ClassLocator.getDependentXMLResources: Replicate resource: zul
Overwrite bundleresource://181.fwk491298318:14/metainfo/zk/zk.xml
with bundleresource://181.fwk491298318:31/metainfo/zk/zk.xml [17]
11:02:34.257-----------> LanguageDefinition.<init>: Replicated language: xhtml, overriden by [LanguageDefinition: xhtml] [17]
11:02:34.277-----------> LanguageDefinition.<init>: Replicated language: xul/html, overriden by [LanguageDefinition: xul/html] [17]
11:02:34.337-----------> ClassLocator.getDependentXMLResources: Replicate resource: calendar
Overwrite bundleresource://181.fwk491298318:1/metainfo/zk/lang-addon.xml
with bundleresource://181.fwk491298318:18/metainfo/zk/lang-addon.xml [17]
11:02:34.341-----------> ClassLocator.getDependentXMLResources: Replicate resource: ckez
Overwrite bundleresource://181.fwk491298318:2/metainfo/zk/lang-addon.xml
with bundleresource://181.fwk491298318:19/metainfo/zk/lang-addon.xml [17]
11:02:34.345-----------> ClassLocator.getDependentXMLResources: Replicate resource: gmapsz
Overwrite bundleresource://181.fwk491298318:5/metainfo/zk/lang-addon.xml
with bundleresource://181.fwk491298318:22/metainfo/zk/lang-addon.xml [17]
11:02:34.349-----------> ClassLocator.getDependentXMLResources: Replicate resource: timeline
Overwrite bundleresource://181.fwk491298318:6/metainfo/zk/lang-addon.xml
with bundleresource://181.fwk491298318:23/metainfo/zk/lang-addon.xml [17]
11:02:34.351-----------> ClassLocator.getDependentXMLResources: Replicate resource: timeplot
Overwrite bundleresource://181.fwk491298318:7/metainfo/zk/lang-addon.xml
with bundleresource://181.fwk491298318:24/metainfo/zk/lang-addon.xml [17]
11:02:34.369-----------> ClassLocator.getDependentXMLResources: Replicate resource: zkbind
Overwrite bundleresource://181.fwk491298318:12/metainfo/zk/lang-addon.xml
with bundleresource://181.fwk491298318:29/metainfo/zk/lang-addon.xml [17]
11:02:34.377-----------> ClassLocator.getDependentXMLResources: Replicate resource: zkplus
Overwrite bundleresource://181.fwk491298318:13/metainfo/zk/lang-addon.xml
with bundleresource://181.fwk491298318:30/metainfo/zk/lang-addon.xml [17]
11:02:34.505           WebUIServlet.init: iDempiere Web Client started successfully [17]
11:02:35.387-----------> AnnotationConfiguration.configure: ServletContainerInitializers: detected. Class hierarchy: empty [17]

*** 2016-07-11 11:02:35.705 idempiere Log (CLogFile) ***
11:02:38.114-----------> Node: [172.16.67.23]:5701 [adempiere.idempiere/localhost] [3.5.3] No join method is enabled! Starting standalone. [41]
11:02:58.431-----------> Prop.loadProperties: E:\mercurialidempiere\home.properties not found [38]
11:02:58.431-----------> Prop.loadProperties: !!WARNING:Please locate yout custom home.properties on iDEMPIERE_HOME. [38]
11:03:34.714-----------> GridField.defaultFromSQLExpression: (SeqNo) - Default SQL variable parse failed: @SQL=SELECT NVL(MAX(SeqNo),0)+10 AS DefaultValue FROM AD_ToolbarButton WHERE AD_Tab_ID=@AD_Tab_ID@ [37]
11:05:48.937-----------> Msg.getMsg: NOT found: org.evenos.btn.test.action.jan.label [126]
11:05:48.937-----------> Msg.getMsg: NOT found: org.evenos.btn.test.action.jan.tooltip [126]
11:10:02.082-----------> Msg.getMsg: NOT found: org.evenos.btn.test.action.jan.label [126]
11:10:02.082-----------> Msg.getMsg: NOT found: org.evenos.btn.test.action.jan.tooltip [126]
