*** 2016-06-23 11:41:25.686 idempiere Log (CLogFile) ***
11:41:25.686 Adempiere.startup: iDempiere(r) Release 3.1_2015-10-31 -Smart Suite ERP, CRM and SCM- (c) 1999-2013 iDempiere(r); Implementation: iDempiere - Supported by iDempiere community [17]
11:41:25.702 Ini.loadProperties: E:\mercurialidempiere/idempiere-dev.properties #33 [17]
11:41:27.736 DB.isBuildOK: Build DB=${env.ADEMPIERE_VERSION} 20080428-1232 [17]
11:41:27.736 DB.isBuildOK: Build Cl=3.1.0.qualifier [17]
11:41:31.851-----------> DB.isBuildOK: Build Version Error 

The program assumes build version 3.1.0.qualifier, but database has build version ${env.ADEMPIERE_VERSION} 20080428-1232. 
This is likely to cause hard to fix errors. 
Please contact administrator. [17]
11:41:34.955 Language.getLanguage: Adding Language=en, Country=US, Locale=en_US [17]
11:41:35.334 Language.getLanguage: Adding Language=en, Country=US, Locale=en_US [17]
11:41:35.724 WebEnv.initWeb: Servlet Context Init Parameters: iDempiere Root
ServerRoot=1 [17]
11:41:35.724-----------> EMail.setFrom: you @ company.org: javax.mail.internet.AddressException: Local address contains control or whitespace in string ``you @ company.org'' [17]
11:41:35.740-----------> EMail.addTo: you @ company.org: javax.mail.internet.AddressException: Local address contains control or whitespace in string ``you @ company.org'' [17]
11:41:35.740-----------> EMail.isValid: From is invalid=null [17]
11:41:35.740-----------> EMail.isValid: From is invalid=null [17]
11:41:35.740-----------> MClient.sendEMail: Could NOT Send Email: Server started: iDempiere (odbz:10.0.5.41) to you @ company.org: Invalid Data (System) [17]
11:41:35.740 WebEnv.initWeb: Servlet Init Parameter: idempiereMonitor [17]
11:41:35.740 AdempiereMonitor.init:  [17]
11:41:38.060-----------> AnnotationConfiguration.configure: ServletContainerInitializers: detected. Class hierarchy: empty [17]
11:41:38.309-----------> ClassLocator.getDependentXMLResources: Replicate resource: ckez
Overwrite bundleresource://184.fwk491298318:2/metainfo/zk/config.xml
with bundleresource://184.fwk491298318:19/metainfo/zk/config.xml [17]
11:41:38.325-----------> ClassLocator.getDependentXMLResources: Replicate resource: zk
Overwrite bundleresource://184.fwk491298318:11/metainfo/zk/config.xml
with bundleresource://184.fwk491298318:28/metainfo/zk/config.xml [17]
11:41:38.325-----------> ClassLocator.getDependentXMLResources: Replicate resource: zkbind
Overwrite bundleresource://184.fwk491298318:12/metainfo/zk/config.xml
with bundleresource://184.fwk491298318:29/metainfo/zk/config.xml [17]
11:41:38.356-----------> ClassLocator.getDependentXMLResources: Replicate resource: zul
Overwrite bundleresource://184.fwk491298318:14/metainfo/zk/zk.xml
with bundleresource://184.fwk491298318:31/metainfo/zk/zk.xml [17]
11:41:38.799-----------> LanguageDefinition.<init>: Replicated language: xhtml, overriden by [LanguageDefinition: xhtml] [17]
11:41:38.815-----------> LanguageDefinition.<init>: Replicated language: xul/html, overriden by [LanguageDefinition: xul/html] [17]
11:41:38.893-----------> ClassLocator.getDependentXMLResources: Replicate resource: calendar
Overwrite bundleresource://184.fwk491298318:1/metainfo/zk/lang-addon.xml
with bundleresource://184.fwk491298318:18/metainfo/zk/lang-addon.xml [17]
11:41:38.908-----------> ClassLocator.getDependentXMLResources: Replicate resource: ckez
Overwrite bundleresource://184.fwk491298318:2/metainfo/zk/lang-addon.xml
with bundleresource://184.fwk491298318:19/metainfo/zk/lang-addon.xml [17]
11:41:38.908-----------> ClassLocator.getDependentXMLResources: Replicate resource: gmapsz
Overwrite bundleresource://184.fwk491298318:5/metainfo/zk/lang-addon.xml
with bundleresource://184.fwk491298318:22/metainfo/zk/lang-addon.xml [17]
11:41:38.908-----------> ClassLocator.getDependentXMLResources: Replicate resource: timeline
Overwrite bundleresource://184.fwk491298318:6/metainfo/zk/lang-addon.xml
with bundleresource://184.fwk491298318:23/metainfo/zk/lang-addon.xml [17]
11:41:38.908-----------> ClassLocator.getDependentXMLResources: Replicate resource: timeplot
Overwrite bundleresource://184.fwk491298318:7/metainfo/zk/lang-addon.xml
with bundleresource://184.fwk491298318:24/metainfo/zk/lang-addon.xml [17]
11:41:38.924-----------> ClassLocator.getDependentXMLResources: Replicate resource: zkbind
Overwrite bundleresource://184.fwk491298318:12/metainfo/zk/lang-addon.xml
with bundleresource://184.fwk491298318:29/metainfo/zk/lang-addon.xml [17]
11:41:38.940-----------> ClassLocator.getDependentXMLResources: Replicate resource: zkplus
Overwrite bundleresource://184.fwk491298318:13/metainfo/zk/lang-addon.xml
with bundleresource://184.fwk491298318:30/metainfo/zk/lang-addon.xml [17]
11:41:39.065           WebUIServlet.init: iDempiere Web Client started successfully [17]
11:41:40.103-----------> AnnotationConfiguration.configure: ServletContainerInitializers: detected. Class hierarchy: empty [17]
11:41:40.229-----------> LCO_ValidatorDN.initialize:  [70]
11:41:40.276-----------> LCO_ValidatorMM.initialize:  [70]
11:41:40.291-----------> LCO_ValidatorWH.initialize:  [70]

*** 2016-06-23 11:41:40.463 idempiere Log (CLogFile) ***
11:41:42.381-----------> Node: [10.0.5.41]:5701 [adempiere.idempiere/localhost] [3.5.3] No join method is enabled! Starting standalone. [58]
11:43:55.346-----------> Prop.loadProperties: E:\mercurialidempiere\home.properties not found [28]
11:43:55.346-----------> Prop.loadProperties: !!WARNING:Please locate yout custom home.properties on iDEMPIERE_HOME. [28]
11:43:56.900-----------> Prop.loadProperties: E:\mercurialidempiere\home.properties not found [30]
11:43:56.900-----------> Prop.loadProperties: !!WARNING:Please locate yout custom home.properties on iDEMPIERE_HOME. [30]
11:44:49.045-----------> DefaultFormFactory.newFormInstance: Web UI form not implemented for the swing form org.eevolution.form.HRActionNoticeForm [31]
11:49:00.140-----------> DefaultFormFactory.newFormInstance: Web UI form not implemented for the swing form org.eevolution.form.HRActionNoticeForm [30]
12:02:32.672-----------> DefaultFormFactory.newFormInstance: Web UI form not implemented for the swing form org.eevolution.form.HRActionNoticeForm [31]
12:04:28.781===========> UiEngineImpl.handleError:  [37]
java.lang.NullPointerException
	at org.eevolution.form.HRActionNoticeForm.changeEmployee(HRActionNoticeForm.java:397)
	at org.eevolution.form.HRActionNoticeForm.onEvent(HRActionNoticeForm.java:660)
	at org.zkoss.zk.ui.AbstractComponent.onEvent(AbstractComponent.java:2773)
	at org.zkoss.zk.ui.AbstractComponent.service(AbstractComponent.java:2744)
	at org.zkoss.zk.ui.AbstractComponent.service(AbstractComponent.java:2685)
	at org.zkoss.zk.ui.impl.EventProcessor.process(EventProcessor.java:136)
	at org.zkoss.zk.ui.impl.UiEngineImpl.processEvent(UiEngineImpl.java:1765)
	at org.zkoss.zk.ui.impl.UiEngineImpl.process(UiEngineImpl.java:1550)
	at org.zkoss.zk.ui.impl.UiEngineImpl.execUpdate(UiEngineImpl.java:1260)
	at org.zkoss.zk.au.http.DHtmlUpdateServlet.process(DHtmlUpdateServlet.java:611)
	at org.zkoss.zk.au.http.DHtmlUpdateServlet.doGet(DHtmlUpdateServlet.java:485)
	at org.zkoss.zk.au.http.DHtmlUpdateServlet.doPost(DHtmlUpdateServlet.java:494)
	at javax.servlet.http.HttpServlet.service(HttpServlet.java:707)
	at javax.servlet.http.HttpServlet.service(HttpServlet.java:790)
	at org.eclipse.jetty.servlet.ServletHolder.handle(ServletHolder.java:808)
	at org.eclipse.jetty.servlet.ServletHandler.doHandle(ServletHandler.java:587)
	at org.eclipse.jetty.server.handler.ScopedHandler.handle(ScopedHandler.java:143)
	at org.eclipse.jetty.security.SecurityHandler.handle(SecurityHandler.java:577)
	at org.eclipse.jetty.server.session.SessionHandler.doHandle(SessionHandler.java:223)
	at org.eclipse.jetty.server.handler.ContextHandler.doHandle(ContextHandler.java:1127)
	at org.eclipse.jetty.servlet.ServletHandler.doScope(ServletHandler.java:515)

12:05:14.706-----------> DefaultFormFactory.newFormInstance: Web UI form not implemented for the swing form org.eevolution.form.HRActionNoticeForm [31]
12:11:07.784-----------> DefaultFormFactory.newFormInstance: Web UI form not implemented for the swing form org.eevolution.form.HRActionNoticeForm [30]
12:12:43.256-----------> DefaultFormFactory.newFormInstance: Web UI form not implemented for the swing form org.eevolution.form.HRActionNoticeForm [31]
14:00:59.530-----------> ClusterService: [10.0.5.41]:5701 [adempiere.idempiere/localhost] [3.5.3] Resetting master confirmation timestamps because of huge system clock jump! Clock-Jump: 5533370ms, Master-Confirmation-Timeout: 500000ms. [109]
