*** 2016-09-08 23:00:15.475 idempiere Log (CLogFile) ***
23:00:15.475 Adempiere.startup: iDempiere(r) Release 3.1_2015-10-31 -Smart Suite ERP, CRM and SCM- (c) 1999-2013 iDempiere(r); Implementation: iDempiere - Supported by iDempiere community [17]
23:00:15.495 Ini.loadProperties: E:\mercurialidempiere/idempiere.properties #33 [17]
23:00:16.584 AdempiereActivator.installPackage: ni.idempiere.importcurrencyrate 1.0.0 was installed: 2016-07-14 16:34:48.698 [17]
23:00:16.678 DB.isBuildOK: Build DB=${env.ADEMPIERE_VERSION} 20080428-1232 [17]
23:00:16.678 DB.isBuildOK: Build Cl=3.1.0.qualifier [17]
23:00:16.787-----------> DB.isBuildOK: Build Version Error 

The program assumes build version 3.1.0.qualifier, but database has build version ${env.ADEMPIERE_VERSION} 20080428-1232. 
This is likely to cause hard to fix errors. 
Please contact administrator. [17]
23:00:16.965 WebEnv.initWeb: Servlet Context Init Parameters: iDempiere Root
ServerRoot=1 [17]
23:00:17.091-----------> EMail.setFrom: you @ company.org: javax.mail.internet.AddressException: Local address contains control or whitespace in string ``you @ company.org'' [17]
23:00:17.095-----------> EMail.addTo: you @ company.org: javax.mail.internet.AddressException: Local address contains control or whitespace in string ``you @ company.org'' [17]
23:00:17.095-----------> EMail.isValid: From is invalid=null [17]
23:00:17.095-----------> EMail.isValid: From is invalid=null [17]
23:00:17.095-----------> MClient.sendEMail: Could NOT Send Email: Server started: iDempiere (odbz:192.168.163.1) to you @ company.org: Invalid Data (System) [17]
23:00:17.095 WebEnv.initWeb: Servlet Init Parameter: idempiereMonitor [17]
23:00:17.095 AdempiereMonitor.init:  [17]
23:00:23.402-----------> AnnotationConfiguration.configure: ServletContainerInitializers: detected. Class hierarchy: empty [17]
23:00:23.685-----------> ClassLocator.getDependentXMLResources: Replicate resource: ckez
Overwrite bundleresource://185.fwk491298318:2/metainfo/zk/config.xml
with bundleresource://185.fwk491298318:19/metainfo/zk/config.xml [17]
23:00:23.685-----------> ClassLocator.getDependentXMLResources: Replicate resource: zk
Overwrite bundleresource://185.fwk491298318:11/metainfo/zk/config.xml
with bundleresource://185.fwk491298318:28/metainfo/zk/config.xml [17]
23:00:23.701-----------> ClassLocator.getDependentXMLResources: Replicate resource: zkbind
Overwrite bundleresource://185.fwk491298318:12/metainfo/zk/config.xml
with bundleresource://185.fwk491298318:29/metainfo/zk/config.xml [17]
23:00:23.717-----------> ClassLocator.getDependentXMLResources: Replicate resource: zul
Overwrite bundleresource://185.fwk491298318:14/metainfo/zk/zk.xml
with bundleresource://185.fwk491298318:31/metainfo/zk/zk.xml [17]
23:00:24.029-----------> LanguageDefinition.<init>: Replicated language: xhtml, overriden by [LanguageDefinition: xhtml] [17]
23:00:24.060-----------> LanguageDefinition.<init>: Replicated language: xul/html, overriden by [LanguageDefinition: xul/html] [17]
23:00:24.123-----------> ClassLocator.getDependentXMLResources: Replicate resource: calendar
Overwrite bundleresource://185.fwk491298318:1/metainfo/zk/lang-addon.xml
with bundleresource://185.fwk491298318:18/metainfo/zk/lang-addon.xml [17]
23:00:24.123-----------> ClassLocator.getDependentXMLResources: Replicate resource: ckez
Overwrite bundleresource://185.fwk491298318:2/metainfo/zk/lang-addon.xml
with bundleresource://185.fwk491298318:19/metainfo/zk/lang-addon.xml [17]
23:00:24.138-----------> ClassLocator.getDependentXMLResources: Replicate resource: gmapsz
Overwrite bundleresource://185.fwk491298318:5/metainfo/zk/lang-addon.xml
with bundleresource://185.fwk491298318:22/metainfo/zk/lang-addon.xml [17]
23:00:24.138-----------> ClassLocator.getDependentXMLResources: Replicate resource: timeline
Overwrite bundleresource://185.fwk491298318:6/metainfo/zk/lang-addon.xml
with bundleresource://185.fwk491298318:23/metainfo/zk/lang-addon.xml [17]
23:00:24.138-----------> ClassLocator.getDependentXMLResources: Replicate resource: timeplot
Overwrite bundleresource://185.fwk491298318:7/metainfo/zk/lang-addon.xml
with bundleresource://185.fwk491298318:24/metainfo/zk/lang-addon.xml [17]
23:00:24.154-----------> ClassLocator.getDependentXMLResources: Replicate resource: zkbind
Overwrite bundleresource://185.fwk491298318:12/metainfo/zk/lang-addon.xml
with bundleresource://185.fwk491298318:29/metainfo/zk/lang-addon.xml [17]
23:00:24.154-----------> ClassLocator.getDependentXMLResources: Replicate resource: zkplus
Overwrite bundleresource://185.fwk491298318:13/metainfo/zk/lang-addon.xml
with bundleresource://185.fwk491298318:30/metainfo/zk/lang-addon.xml [17]
23:00:24.335           WebUIServlet.init: iDempiere Web Client started successfully [17]
23:00:25.338-----------> AnnotationConfiguration.configure: ServletContainerInitializers: detected. Class hierarchy: empty [17]

*** 2016-09-08 23:00:25.778 idempiere Log (CLogFile) ***
23:00:27.408-----------> Node: [192.168.1.5]:5701 [adempiere.idempiere/localhost] [3.5.3] No join method is enabled! Starting standalone. [42]
23:01:32.237-----------> ServletHandler.doHandle: /webui/zkau [123]
java.lang.IllegalStateException: Form too many keys
	at org.eclipse.jetty.util.UrlEncoded.decodeUtf8To(UrlEncoded.java:526)
	at org.eclipse.jetty.util.UrlEncoded.decodeTo(UrlEncoded.java:641)
	at org.eclipse.jetty.server.Request.extractFormParameters(Request.java:370)
	at org.eclipse.jetty.server.Request.extractContentParameters(Request.java:302)
	at org.eclipse.jetty.server.Request.extractParameters(Request.java:256)
	at org.eclipse.jetty.server.Request.getParameter(Request.java:825)
	at org.zkoss.zk.au.http.DHtmlUpdateServlet$3.getDesktopId(DHtmlUpdateServlet.java:748)
	at org.zkoss.zk.au.http.DHtmlUpdateServlet.process(DHtmlUpdateServlet.java:531)
	at org.zkoss.zk.au.http.DHtmlUpdateServlet.doGet(DHtmlUpdateServlet.java:485)
	at org.zkoss.zk.au.http.DHtmlUpdateServlet.doPost(DHtmlUpdateServlet.java:494)
	at javax.servlet.http.HttpServlet.service(HttpServlet.java:707)
	at javax.servlet.http.HttpServlet.service(HttpServlet.java:790)
	at org.eclipse.jetty.servlet.ServletHolder.handle(ServletHolder.java:808)
	at org.eclipse.jetty.servlet.ServletHandler.doHandle(ServletHandler.java:587)
	at org.eclipse.jetty.server.handler.ScopedHandler.handle(ScopedHandler.java:143)
	at org.eclipse.jetty.security.SecurityHandler.handle(SecurityHandler.java:577)
	at org.eclipse.jetty.server.session.SessionHandler.doHandle(SessionHandler.java:223)
	at org.eclipse.jetty.server.handler.ContextHandler.doHandle(ContextHandler.java:1127)
	at org.eclipse.jetty.servlet.ServletHandler.doScope(ServletHandler.java:515)
	at org.eclipse.jetty.server.session.SessionHandler.doScope(SessionHandler.java:185)
	at org.eclipse.jetty.server.handler.ContextHandler.doScope(ContextHandler.java:1061)

