*** 2016-08-31 15:19:12.718 idempiere Log (CLogFile) ***
15:19:12.718 Adempiere.startup: iDempiere(r) Release 3.1_2015-10-31 -Smart Suite ERP, CRM and SCM- (c) 1999-2013 iDempiere(r); Implementation: iDempiere - Supported by iDempiere community [17]
15:19:12.748 Ini.loadProperties: E:\mercurialidempiere/idempiere-test.properties #33 [17]
15:19:14.418 AdempiereActivator.installPackage: ni.idempiere.importcurrencyrate 1.0.0 was installed: 2016-08-30 13:27:06.079 [17]
15:19:14.455 DB.isBuildOK: Build DB=${env.ADEMPIERE_VERSION} 20080428-1232 [17]
15:19:14.455 DB.isBuildOK: Build Cl=3.1.0.qualifier [17]
15:19:14.505-----------> DB.isBuildOK: Build Version Error 

The program assumes build version 3.1.0.qualifier, but database has build version ${env.ADEMPIERE_VERSION} 20080428-1232. 
This is likely to cause hard to fix errors. 
Please contact administrator. [17]
15:19:15.318 WebEnv.initWeb: Servlet Context Init Parameters: iDempiere Root
ServerRoot=1 [17]
15:19:15.418-----------> EMail.setFrom: you @ company.org: javax.mail.internet.AddressException: Local address contains control or whitespace in string ``you @ company.org'' [17]
15:19:15.428-----------> EMail.addTo: you @ company.org: javax.mail.internet.AddressException: Local address contains control or whitespace in string ``you @ company.org'' [17]
15:19:15.438-----------> EMail.isValid: From is invalid=null [17]
15:19:15.438-----------> EMail.isValid: From is invalid=null [17]
15:19:15.438-----------> MClient.sendEMail: Could NOT Send Email: Server started: iDempiere (odbz:10.0.5.53) to you @ company.org: Invalid Data (System) [17]
15:19:15.439 WebEnv.initWeb: Servlet Init Parameter: idempiereMonitor [17]
15:19:15.439 AdempiereMonitor.init:  [17]
15:19:23.128-----------> AnnotationConfiguration.configure: ServletContainerInitializers: detected. Class hierarchy: empty [17]
15:19:23.894-----------> ClassLocator.getDependentXMLResources: Replicate resource: ckez
Overwrite bundleresource://185.fwk1319287199:2/metainfo/zk/config.xml
with bundleresource://185.fwk1319287199:19/metainfo/zk/config.xml [17]
15:19:23.894-----------> ClassLocator.getDependentXMLResources: Replicate resource: zk
Overwrite bundleresource://185.fwk1319287199:11/metainfo/zk/config.xml
with bundleresource://185.fwk1319287199:28/metainfo/zk/config.xml [17]
15:19:23.909-----------> ClassLocator.getDependentXMLResources: Replicate resource: zkbind
Overwrite bundleresource://185.fwk1319287199:12/metainfo/zk/config.xml
with bundleresource://185.fwk1319287199:29/metainfo/zk/config.xml [17]
15:19:23.970-----------> ClassLocator.getDependentXMLResources: Replicate resource: zul
Overwrite bundleresource://185.fwk1319287199:14/metainfo/zk/zk.xml
with bundleresource://185.fwk1319287199:31/metainfo/zk/zk.xml [17]
15:19:24.622-----------> LanguageDefinition.<init>: Replicated language: xhtml, overriden by [LanguageDefinition: xhtml] [17]
15:19:24.655-----------> LanguageDefinition.<init>: Replicated language: xul/html, overriden by [LanguageDefinition: xul/html] [17]
15:19:24.722-----------> ClassLocator.getDependentXMLResources: Replicate resource: calendar
Overwrite bundleresource://185.fwk1319287199:1/metainfo/zk/lang-addon.xml
with bundleresource://185.fwk1319287199:18/metainfo/zk/lang-addon.xml [17]
15:19:24.737-----------> ClassLocator.getDependentXMLResources: Replicate resource: ckez
Overwrite bundleresource://185.fwk1319287199:2/metainfo/zk/lang-addon.xml
with bundleresource://185.fwk1319287199:19/metainfo/zk/lang-addon.xml [17]
15:19:24.737-----------> ClassLocator.getDependentXMLResources: Replicate resource: gmapsz
Overwrite bundleresource://185.fwk1319287199:5/metainfo/zk/lang-addon.xml
with bundleresource://185.fwk1319287199:22/metainfo/zk/lang-addon.xml [17]
15:19:24.757-----------> ClassLocator.getDependentXMLResources: Replicate resource: timeline
Overwrite bundleresource://185.fwk1319287199:6/metainfo/zk/lang-addon.xml
with bundleresource://185.fwk1319287199:23/metainfo/zk/lang-addon.xml [17]
15:19:24.757-----------> ClassLocator.getDependentXMLResources: Replicate resource: timeplot
Overwrite bundleresource://185.fwk1319287199:7/metainfo/zk/lang-addon.xml
with bundleresource://185.fwk1319287199:24/metainfo/zk/lang-addon.xml [17]
15:19:24.772-----------> ClassLocator.getDependentXMLResources: Replicate resource: zkbind
Overwrite bundleresource://185.fwk1319287199:12/metainfo/zk/lang-addon.xml
with bundleresource://185.fwk1319287199:29/metainfo/zk/lang-addon.xml [17]
15:19:24.783-----------> ClassLocator.getDependentXMLResources: Replicate resource: zkplus
Overwrite bundleresource://185.fwk1319287199:13/metainfo/zk/lang-addon.xml
with bundleresource://185.fwk1319287199:30/metainfo/zk/lang-addon.xml [17]
15:19:25.171           WebUIServlet.init: iDempiere Web Client started successfully [17]
15:19:26.732-----------> AnnotationConfiguration.configure: ServletContainerInitializers: detected. Class hierarchy: empty [17]

*** 2016-08-31 15:19:27.52 idempiere Log (CLogFile) ***
15:19:31.335-----------> Prop.loadProperties: E:\mercurialidempiere\home.properties not found [38]
15:19:31.335-----------> Prop.loadProperties: !!WARNING:Please locate yout custom home.properties on iDEMPIERE_HOME. [38]
15:19:34.732-----------> Node: [10.0.5.53]:5701 [adempiere.idempiere/localhost] [3.5.3] No join method is enabled! Starting standalone. [50]
15:20:01.404-----------> Msg.getMsg: NOT found: ni.idempiere.toolbar.action.toolbarbtn.label [33]
15:20:01.404-----------> Msg.getMsg: NOT found: ni.idempiere.toolbar.action.toolbarbtn.tooltip [33]
15:21:37.809-----------> Msg.getMsg: NOT found: ni.idempiere.toolbar.action.toolbarbtn.label [30]
15:21:37.809-----------> Msg.getMsg: NOT found: ni.idempiere.toolbar.action.toolbarbtn.tooltip [30]
15:24:33.208===========> MPaymentAllocate.saveError: FillMandatory - Organization [30]
15:24:33.208-----------> GridTable.saveWarning: FillMandatory - Organization [30]
15:33:16.422===========> MPaymentAllocate.saveError: FillMandatory - Organization [32]
15:33:16.426-----------> GridTable.saveWarning: FillMandatory - Organization [32]
15:33:40.159===========> NIMPayment.beforeSave: Log desde NINSSMPayment... [191]
15:33:41.465===========> NIMPayment.beforeSave: Log desde NINSSMPayment... [191]
15:33:41.797-----------> MWFActivity.run: MWFNode[202-(DocComplete),Action=DocumentAction=CO] [191]
java.lang.Exception: Write-Off Amount must be equal or greater than Withholdings
	at org.compiere.wf.MWFActivity.performWork(MWFActivity.java:1047)
	at org.compiere.wf.MWFActivity.run(MWFActivity.java:874)
	at org.compiere.wf.MWFProcess.startNext(MWFProcess.java:373)
	at org.compiere.wf.MWFProcess.checkActivities(MWFProcess.java:283)
	at org.compiere.wf.MWFActivity.setWFState(MWFActivity.java:277)
	at org.compiere.wf.MWFActivity.run(MWFActivity.java:891)
	at org.compiere.wf.MWFProcess.startNext(MWFProcess.java:373)
	at org.compiere.wf.MWFProcess.checkActivities(MWFProcess.java:283)
	at org.compiere.wf.MWFActivity.setWFState(MWFActivity.java:277)
	at org.compiere.wf.MWFActivity.run(MWFActivity.java:891)
	at org.compiere.wf.MWFProcess.startWork(MWFProcess.java:505)
	at org.compiere.wf.MWorkflow.start(MWorkflow.java:687)

15:33:42.204===========> NIMPayment.beforeSave: Log desde NINSSMPayment... [191]
15:35:17.318-----------> Prop.loadProperties: E:\mercurialidempiere\home.properties not found [33]
15:35:17.318-----------> Prop.loadProperties: !!WARNING:Please locate yout custom home.properties on iDEMPIERE_HOME. [33]
15:37:28.253-----------> Prop.loadProperties: E:\mercurialidempiere\home.properties not found [198]
15:37:28.253-----------> Prop.loadProperties: !!WARNING:Please locate yout custom home.properties on iDEMPIERE_HOME. [198]
15:37:59.310-----------> Msg.getMsg: NOT found: ni.idempiere.toolbar.action.toolbarbtn.label [33]
15:37:59.310-----------> Msg.getMsg: NOT found: ni.idempiere.toolbar.action.toolbarbtn.tooltip [33]
15:39:08.252===========> NIMPayment.beforeSave: Log desde NINSSMPayment... [147]
15:39:23.186===========> NIMPayment.beforeSave: Log desde NINSSMPayment... [147]
15:39:23.538-----------> MWFActivity.run: MWFNode[202-(DocComplete),Action=DocumentAction=CO] [147]
java.lang.Exception: Write-Off Amount must be equal or greater than Withholdings
	at org.compiere.wf.MWFActivity.performWork(MWFActivity.java:1047)
	at org.compiere.wf.MWFActivity.run(MWFActivity.java:874)
	at org.compiere.wf.MWFProcess.startNext(MWFProcess.java:373)
	at org.compiere.wf.MWFProcess.checkActivities(MWFProcess.java:283)
	at org.compiere.wf.MWFActivity.setWFState(MWFActivity.java:277)
	at org.compiere.wf.MWFActivity.run(MWFActivity.java:891)
	at org.compiere.wf.MWFProcess.startNext(MWFProcess.java:373)
	at org.compiere.wf.MWFProcess.checkActivities(MWFProcess.java:283)
	at org.compiere.wf.MWFActivity.setWFState(MWFActivity.java:277)
	at org.compiere.wf.MWFActivity.run(MWFActivity.java:891)
	at org.compiere.wf.MWFProcess.startWork(MWFProcess.java:505)
	at org.compiere.wf.MWorkflow.start(MWorkflow.java:687)

15:39:23.812===========> NIMPayment.beforeSave: Log desde NINSSMPayment... [147]
15:41:12.926===========> NIMPayment.beforeSave: Log desde NINSSMPayment... [158]
15:52:43.176===========> Configuration.invokeDesktopCleanups: Failed to invoke class org.adempiere.webui.session.SessionContextListener [41]
java.lang.NullPointerException
	at org.zkoss.zk.ui.http.ExecutionImpl.getAttribute(ExecutionImpl.java:470)
	at org.adempiere.webui.adwindow.StatusBar.setStatusLine(StatusBar.java:144)
	at org.adempiere.webui.adwindow.AbstractADWindowContent.updateUI(AbstractADWindowContent.java:3138)
	at org.adempiere.webui.adwindow.AbstractADWindowContent.onModalClose(AbstractADWindowContent.java:3101)
	at org.adempiere.webui.adwindow.AbstractADWindowContent.onEvent(AbstractADWindowContent.java:1098)
	at org.adempiere.webui.adwindow.ADWindowContent.onEvent(ADWindowContent.java:194)
	at org.zkoss.zk.ui.AbstractComponent.onEvent(AbstractComponent.java:2773)
	at org.zkoss.zk.ui.AbstractComponent.service(AbstractComponent.java:2744)
	at org.zkoss.zk.ui.AbstractComponent.service(AbstractComponent.java:2685)
	at org.zkoss.zk.ui.impl.EventProcessor.process(EventProcessor.java:136)
	at org.zkoss.zk.ui.event.Events.sendEvent(Events.java:325)
	at org.adempiere.webui.component.Window.onPageDetached(Window.java:84)
	at org.zkoss.zk.ui.AbstractComponent.setPage0(AbstractComponent.java:477)
	at org.zkoss.zk.ui.AbstractComponent.setPage0(AbstractComponent.java:483)
	at org.zkoss.zk.ui.AbstractComponent.setPage0(AbstractComponent.java:483)
	at org.zkoss.zk.ui.AbstractComponent.setPage0(AbstractComponent.java:483)
	at org.zkoss.zk.ui.AbstractComponent.setPage0(AbstractComponent.java:483)
	at org.zkoss.zk.ui.AbstractComponent.setPage0(AbstractComponent.java:483)
	at org.zkoss.zk.ui.AbstractComponent.setParent(AbstractComponent.java:1020)
	at org.zkoss.zk.ui.AbstractComponent.detach(AbstractComponent.java:1680)
	at org.adempiere.webui.desktop.DefaultDesktop.logout(DefaultDesktop.java:676)

