*** 2016-05-23 12:05:02.66 idempiere Log (CLogFile) ***
12:05:02.660 Adempiere.startup: iDempiere(r) Release 3.1_2015-10-31 -Smart Suite ERP, CRM and SCM- (c) 1999-2013 iDempiere(r); Implementation: iDempiere - Supported by iDempiere community [17]
12:05:02.660 Ini.loadProperties: E:\mercurialidempiere/idempiere-test.properties #32 [17]
12:05:03.022 DB.isBuildOK: Build DB=${env.ADEMPIERE_VERSION} 20080428-1232 [17]
12:05:03.022 DB.isBuildOK: Build Cl=3.1.0.qualifier [17]
12:05:03.054-----------> DB.isBuildOK: Build Version Error 

The program assumes build version 3.1.0.qualifier, but database has build version ${env.ADEMPIERE_VERSION} 20080428-1232. 
This is likely to cause hard to fix errors. 
Please contact administrator. [17]
12:05:03.147 Language.getLanguage: Adding Language=en, Country=US, Locale=en_US [17]
12:05:03.163 Language.getLanguage: Adding Language=en, Country=US, Locale=en_US [17]
12:05:03.210 WebEnv.initWeb: Servlet Context Init Parameters: iDempiere Root
ServerRoot=1 [17]
12:05:03.226-----------> EMail.setFrom: you @ company.org: javax.mail.internet.AddressException: Local address contains control or whitespace in string ``you @ company.org'' [17]
12:05:03.226-----------> EMail.addTo: you @ company.org: javax.mail.internet.AddressException: Local address contains control or whitespace in string ``you @ company.org'' [17]
12:05:03.226-----------> EMail.isValid: From is invalid=null [17]
12:05:03.226-----------> EMail.isValid: From is invalid=null [17]
12:05:03.226-----------> MClient.sendEMail: Could NOT Send Email: Server started: iDempiere (odbz:10.0.5.43) to you @ company.org: Invalid Data (System) [17]
12:05:03.226 WebEnv.initWeb: Servlet Init Parameter: idempiereMonitor [17]
12:05:03.226 AdempiereMonitor.init:  [17]
12:05:04.637-----------> AnnotationConfiguration.configure: ServletContainerInitializers: detected. Class hierarchy: empty [17]
12:05:04.839-----------> ClassLocator.getDependentXMLResources: Replicate resource: ckez
Overwrite bundleresource://178.fwk1480207683:2/metainfo/zk/config.xml
with bundleresource://178.fwk1480207683:19/metainfo/zk/config.xml [17]
12:05:04.839-----------> ClassLocator.getDependentXMLResources: Replicate resource: zk
Overwrite bundleresource://178.fwk1480207683:11/metainfo/zk/config.xml
with bundleresource://178.fwk1480207683:28/metainfo/zk/config.xml [17]
12:05:04.839-----------> ClassLocator.getDependentXMLResources: Replicate resource: zkbind
Overwrite bundleresource://178.fwk1480207683:12/metainfo/zk/config.xml
with bundleresource://178.fwk1480207683:29/metainfo/zk/config.xml [17]
12:05:04.871-----------> ClassLocator.getDependentXMLResources: Replicate resource: zul
Overwrite bundleresource://178.fwk1480207683:14/metainfo/zk/zk.xml
with bundleresource://178.fwk1480207683:31/metainfo/zk/zk.xml [17]
12:05:05.215-----------> LanguageDefinition.<init>: Replicated language: xhtml, overriden by [LanguageDefinition: xhtml] [17]
12:05:05.247-----------> LanguageDefinition.<init>: Replicated language: xul/html, overriden by [LanguageDefinition: xul/html] [17]
12:05:05.293-----------> ClassLocator.getDependentXMLResources: Replicate resource: calendar
Overwrite bundleresource://178.fwk1480207683:1/metainfo/zk/lang-addon.xml
with bundleresource://178.fwk1480207683:18/metainfo/zk/lang-addon.xml [17]
12:05:05.309-----------> ClassLocator.getDependentXMLResources: Replicate resource: ckez
Overwrite bundleresource://178.fwk1480207683:2/metainfo/zk/lang-addon.xml
with bundleresource://178.fwk1480207683:19/metainfo/zk/lang-addon.xml [17]
12:05:05.309-----------> ClassLocator.getDependentXMLResources: Replicate resource: gmapsz
Overwrite bundleresource://178.fwk1480207683:5/metainfo/zk/lang-addon.xml
with bundleresource://178.fwk1480207683:22/metainfo/zk/lang-addon.xml [17]
12:05:05.309-----------> ClassLocator.getDependentXMLResources: Replicate resource: timeline
Overwrite bundleresource://178.fwk1480207683:6/metainfo/zk/lang-addon.xml
with bundleresource://178.fwk1480207683:23/metainfo/zk/lang-addon.xml [17]
12:05:05.309-----------> ClassLocator.getDependentXMLResources: Replicate resource: timeplot
Overwrite bundleresource://178.fwk1480207683:7/metainfo/zk/lang-addon.xml
with bundleresource://178.fwk1480207683:24/metainfo/zk/lang-addon.xml [17]
12:05:05.325-----------> ClassLocator.getDependentXMLResources: Replicate resource: zkbind
Overwrite bundleresource://178.fwk1480207683:12/metainfo/zk/lang-addon.xml
with bundleresource://178.fwk1480207683:29/metainfo/zk/lang-addon.xml [17]
12:05:05.325-----------> ClassLocator.getDependentXMLResources: Replicate resource: zkplus
Overwrite bundleresource://178.fwk1480207683:13/metainfo/zk/lang-addon.xml
with bundleresource://178.fwk1480207683:30/metainfo/zk/lang-addon.xml [17]
12:05:05.450           WebUIServlet.init: iDempiere Web Client started successfully [17]
12:05:06.372-----------> AnnotationConfiguration.configure: ServletContainerInitializers: detected. Class hierarchy: empty [17]

*** 2016-05-23 12:05:06.566 idempiere Log (CLogFile) ***
12:05:08.671-----------> Node: [10.0.5.43]:5701 [adempiere.idempiere/localhost] [3.5.3] No join method is enabled! Starting standalone. [43]
12:05:19.652===========> MRole.addAccessSQL: TableName not correctly parsed - TableNameIn=C_Invoice - AccessSqlParser[C_Invoice=WHERE|0] - #1 C_Invoice=WHERE
 = SELECT C_Invoice_ID, DocumentNo, DateInvoiced, GrandTotal, Balance FROM C_Invoice WHERE  [41]
