*** 2016-12-02 16:46:16.369 idempiere Log (CLogFile) ***
16:46:16.369 Adempiere.startup: iDempiere(r) Release 3.1_2015-10-31 -Smart Suite ERP, CRM and SCM- (c) 1999-2013 iDempiere(r); Implementation: iDempiere - Supported by iDempiere community [17]
16:46:16.369 Ini.loadProperties: E:\mercurialidempiere/idempiere-dev.properties #33 [17]
16:46:17.537 AdempiereActivator.installPackage: ni.idempiere.importcurrencyrate 1.0.0 was installed: 2016-11-24 14:40:50.73 [17]
16:46:17.636 DB.isBuildOK: Build DB=${env.ADEMPIERE_VERSION} 20080428-1232 [17]
16:46:17.636 DB.isBuildOK: Build Cl=3.1.0.qualifier [17]
16:46:18.033-----------> DB.isBuildOK: Build Version Error 

The program assumes build version 3.1.0.qualifier, but database has build version ${env.ADEMPIERE_VERSION} 20080428-1232. 
This is likely to cause hard to fix errors. 
Please contact administrator. [17]
16:46:19.611 WebEnv.initWeb: Servlet Context Init Parameters: iDempiere Root
ServerRoot=1 [17]
16:46:19.811-----------> EMail.setFrom: you @ company.org: javax.mail.internet.AddressException: Local address contains control or whitespace in string ``you @ company.org'' [17]
16:46:19.811-----------> EMail.addTo: you @ company.org: javax.mail.internet.AddressException: Local address contains control or whitespace in string ``you @ company.org'' [17]
16:46:19.811-----------> EMail.isValid: From is invalid=null [17]
16:46:19.811-----------> EMail.isValid: From is invalid=null [17]
16:46:19.811-----------> MClient.sendEMail: Could NOT Send Email: Server started: iDempiere (odbz:192.168.47.1) to you @ company.org: Invalid Data (System) [17]
16:46:19.811 WebEnv.initWeb: Servlet Init Parameter: idempiereMonitor [17]
16:46:19.811 AdempiereMonitor.init:  [17]
16:46:24.392-----------> AnnotationConfiguration.configure: ServletContainerInitializers: detected. Class hierarchy: empty [17]
16:46:24.649-----------> ClassLocator.getDependentXMLResources: Replicate resource: ckez
Overwrite bundleresource://188.fwk1399961333:2/metainfo/zk/config.xml
with bundleresource://188.fwk1399961333:19/metainfo/zk/config.xml [17]
16:46:24.665-----------> ClassLocator.getDependentXMLResources: Replicate resource: zk
Overwrite bundleresource://188.fwk1399961333:11/metainfo/zk/config.xml
with bundleresource://188.fwk1399961333:28/metainfo/zk/config.xml [17]
16:46:24.665-----------> ClassLocator.getDependentXMLResources: Replicate resource: zkbind
Overwrite bundleresource://188.fwk1399961333:12/metainfo/zk/config.xml
with bundleresource://188.fwk1399961333:29/metainfo/zk/config.xml [17]
16:46:24.696-----------> ClassLocator.getDependentXMLResources: Replicate resource: zul
Overwrite bundleresource://188.fwk1399961333:14/metainfo/zk/zk.xml
with bundleresource://188.fwk1399961333:31/metainfo/zk/zk.xml [17]
16:46:25.108-----------> LanguageDefinition.<init>: Replicated language: xhtml, overriden by [LanguageDefinition: xhtml] [17]
16:46:25.139-----------> LanguageDefinition.<init>: Replicated language: xul/html, overriden by [LanguageDefinition: xul/html] [17]
16:46:25.201-----------> ClassLocator.getDependentXMLResources: Replicate resource: calendar
Overwrite bundleresource://188.fwk1399961333:1/metainfo/zk/lang-addon.xml
with bundleresource://188.fwk1399961333:18/metainfo/zk/lang-addon.xml [17]
16:46:25.217-----------> ClassLocator.getDependentXMLResources: Replicate resource: ckez
Overwrite bundleresource://188.fwk1399961333:2/metainfo/zk/lang-addon.xml
with bundleresource://188.fwk1399961333:19/metainfo/zk/lang-addon.xml [17]
16:46:25.217-----------> ClassLocator.getDependentXMLResources: Replicate resource: gmapsz
Overwrite bundleresource://188.fwk1399961333:5/metainfo/zk/lang-addon.xml
with bundleresource://188.fwk1399961333:22/metainfo/zk/lang-addon.xml [17]
16:46:25.233-----------> ClassLocator.getDependentXMLResources: Replicate resource: timeline
Overwrite bundleresource://188.fwk1399961333:6/metainfo/zk/lang-addon.xml
with bundleresource://188.fwk1399961333:23/metainfo/zk/lang-addon.xml [17]
16:46:25.233-----------> ClassLocator.getDependentXMLResources: Replicate resource: timeplot
Overwrite bundleresource://188.fwk1399961333:7/metainfo/zk/lang-addon.xml
with bundleresource://188.fwk1399961333:24/metainfo/zk/lang-addon.xml [17]
16:46:25.248-----------> ClassLocator.getDependentXMLResources: Replicate resource: zkbind
Overwrite bundleresource://188.fwk1399961333:12/metainfo/zk/lang-addon.xml
with bundleresource://188.fwk1399961333:29/metainfo/zk/lang-addon.xml [17]
16:46:25.264-----------> ClassLocator.getDependentXMLResources: Replicate resource: zkplus
Overwrite bundleresource://188.fwk1399961333:13/metainfo/zk/lang-addon.xml
with bundleresource://188.fwk1399961333:30/metainfo/zk/lang-addon.xml [17]
16:46:25.576           WebUIServlet.init: iDempiere Web Client started successfully [17]
