*** 2017-06-07 23:08:13.392 idempiere Log (CLogFile) ***
23:08:13.392 Adempiere.startup: iDempiere(r) Release 3.1_2015-10-31 -Smart Suite ERP, CRM and SCM- (c) 1999-2013 iDempiere(r); Implementation: iDempiere - Supported by iDempiere community [17]
23:08:13.408 Ini.loadProperties: E:\mercurialidempiere/idempiere.properties #33 [17]
23:08:14.020 AdempiereActivator.installPackage: ni.idempiere.wts 1.0.0 was installed: 2017-04-28 15:20:46.241 [17]
23:08:14.040 DB.isBuildOK: Build DB=${env.ADEMPIERE_VERSION} 20080428-1232 [17]
23:08:14.040 DB.isBuildOK: Build Cl=3.1.0.qualifier [17]
23:08:14.055-----------> DB.isBuildOK: Build Version Error 

The program assumes build version 3.1.0.qualifier, but database has build version ${env.ADEMPIERE_VERSION} 20080428-1232. 
This is likely to cause hard to fix errors. 
Please contact administrator. [17]
23:08:14.154 WebEnv.initWeb: Servlet Context Init Parameters: iDempiere Root
ServerRoot=1 [17]
23:08:14.411-----------> EMail.setFrom: you @ company.org: javax.mail.internet.AddressException: Local address contains control or whitespace in string ``you @ company.org'' [17]
23:08:14.413-----------> EMail.addTo: you @ company.org: javax.mail.internet.AddressException: Local address contains control or whitespace in string ``you @ company.org'' [17]
23:08:14.413-----------> EMail.isValid: From is invalid=null [17]
23:08:14.413-----------> EMail.isValid: From is invalid=null [17]
23:08:14.413-----------> MClient.sendEMail: Could NOT Send Email: Server started: iDempiere (odbz:192.168.47.1) to you @ company.org: Invalid Data (System) [17]
23:08:14.413 WebEnv.initWeb: Servlet Init Parameter: idempiereMonitor [17]
23:08:14.413 AdempiereMonitor.init:  [17]
23:08:16.240-----------> AnnotationConfiguration.configure: ServletContainerInitializers: detected. Class hierarchy: empty [17]
23:08:16.512-----------> ClassLocator.getDependentXMLResources: Replicate resource: ckez
Overwrite bundleresource://182.fwk1399961333:2/metainfo/zk/config.xml
with bundleresource://182.fwk1399961333:19/metainfo/zk/config.xml [17]
23:08:16.528-----------> ClassLocator.getDependentXMLResources: Replicate resource: zk
Overwrite bundleresource://182.fwk1399961333:11/metainfo/zk/config.xml
with bundleresource://182.fwk1399961333:28/metainfo/zk/config.xml [17]
23:08:16.528-----------> ClassLocator.getDependentXMLResources: Replicate resource: zkbind
Overwrite bundleresource://182.fwk1399961333:12/metainfo/zk/config.xml
with bundleresource://182.fwk1399961333:29/metainfo/zk/config.xml [17]
23:08:16.559-----------> ClassLocator.getDependentXMLResources: Replicate resource: zul
Overwrite bundleresource://182.fwk1399961333:14/metainfo/zk/zk.xml
with bundleresource://182.fwk1399961333:31/metainfo/zk/zk.xml [17]
23:08:16.940-----------> LanguageDefinition.<init>: Replicated language: xhtml, overriden by [LanguageDefinition: xhtml] [17]
23:08:16.955-----------> LanguageDefinition.<init>: Replicated language: xul/html, overriden by [LanguageDefinition: xul/html] [17]
23:08:17.023-----------> ClassLocator.getDependentXMLResources: Replicate resource: calendar
Overwrite bundleresource://182.fwk1399961333:1/metainfo/zk/lang-addon.xml
with bundleresource://182.fwk1399961333:18/metainfo/zk/lang-addon.xml [17]
23:08:17.023-----------> ClassLocator.getDependentXMLResources: Replicate resource: ckez
Overwrite bundleresource://182.fwk1399961333:2/metainfo/zk/lang-addon.xml
with bundleresource://182.fwk1399961333:19/metainfo/zk/lang-addon.xml [17]
23:08:17.038-----------> ClassLocator.getDependentXMLResources: Replicate resource: gmapsz
Overwrite bundleresource://182.fwk1399961333:5/metainfo/zk/lang-addon.xml
with bundleresource://182.fwk1399961333:22/metainfo/zk/lang-addon.xml [17]
23:08:17.038-----------> ClassLocator.getDependentXMLResources: Replicate resource: timeline
Overwrite bundleresource://182.fwk1399961333:6/metainfo/zk/lang-addon.xml
with bundleresource://182.fwk1399961333:23/metainfo/zk/lang-addon.xml [17]
23:08:17.054-----------> ClassLocator.getDependentXMLResources: Replicate resource: timeplot
Overwrite bundleresource://182.fwk1399961333:7/metainfo/zk/lang-addon.xml
with bundleresource://182.fwk1399961333:24/metainfo/zk/lang-addon.xml [17]
23:08:17.069-----------> ClassLocator.getDependentXMLResources: Replicate resource: zkbind
Overwrite bundleresource://182.fwk1399961333:12/metainfo/zk/lang-addon.xml
with bundleresource://182.fwk1399961333:29/metainfo/zk/lang-addon.xml [17]
23:08:17.069-----------> ClassLocator.getDependentXMLResources: Replicate resource: zkplus
Overwrite bundleresource://182.fwk1399961333:13/metainfo/zk/lang-addon.xml
with bundleresource://182.fwk1399961333:30/metainfo/zk/lang-addon.xml [17]
23:08:17.452           WebUIServlet.init: iDempiere Web Client started successfully [17]
23:08:18.598-----------> AnnotationConfiguration.configure: ServletContainerInitializers: detected. Class hierarchy: empty [17]
23:08:18.704-----------> LCO_ValidatorWH.initialize:  [69]

*** 2017-06-07 23:08:18.91 idempiere Log (CLogFile) ***
23:08:21.696-----------> Node: [192.168.163.1]:5701 [adempiere.idempiere/localhost] [3.5.3] No join method is enabled! Starting standalone. [49]
