*** 2016-05-24 09:32:20.872 idempiere Log (CLogFile) ***
09:32:20.872 Adempiere.startup: iDempiere(r) Release 3.1_2015-10-31 -Smart Suite ERP, CRM and SCM- (c) 1999-2013 iDempiere(r); Implementation: iDempiere - Supported by iDempiere community [17]
09:32:20.872 Ini.loadProperties: E:\mercurialidempiere/idempiere-test.properties #33 [17]
09:32:21.263 DB.isBuildOK: Build DB=${env.ADEMPIERE_VERSION} 20080428-1232 [17]
09:32:21.263 DB.isBuildOK: Build Cl=3.1.0.qualifier [17]
09:32:21.278-----------> DB.isBuildOK: Build Version Error 

The program assumes build version 3.1.0.qualifier, but database has build version ${env.ADEMPIERE_VERSION} 20080428-1232. 
This is likely to cause hard to fix errors. 
Please contact administrator. [17]
09:32:21.372 Language.getLanguage: Adding Language=en, Country=US, Locale=en_US [17]
09:32:21.388 Language.getLanguage: Adding Language=en, Country=US, Locale=en_US [17]
09:32:21.450 WebEnv.initWeb: Servlet Context Init Parameters: iDempiere Root
ServerRoot=1 [17]
09:32:21.450-----------> EMail.setFrom: you @ company.org: javax.mail.internet.AddressException: Local address contains control or whitespace in string ``you @ company.org'' [17]
09:32:21.466-----------> EMail.addTo: you @ company.org: javax.mail.internet.AddressException: Local address contains control or whitespace in string ``you @ company.org'' [17]
09:32:21.466-----------> EMail.isValid: From is invalid=null [17]
09:32:21.466-----------> EMail.isValid: From is invalid=null [17]
09:32:21.466-----------> MClient.sendEMail: Could NOT Send Email: Server started: iDempiere (odbz:10.0.5.43) to you @ company.org: Invalid Data (System) [17]
09:32:21.466 WebEnv.initWeb: Servlet Init Parameter: idempiereMonitor [17]
09:32:21.466 AdempiereMonitor.init:  [17]
09:32:22.912-----------> AnnotationConfiguration.configure: ServletContainerInitializers: detected. Class hierarchy: empty [17]
09:32:23.142-----------> ClassLocator.getDependentXMLResources: Replicate resource: ckez
Overwrite bundleresource://178.fwk1399961333:2/metainfo/zk/config.xml
with bundleresource://178.fwk1399961333:19/metainfo/zk/config.xml [17]
09:32:23.157-----------> ClassLocator.getDependentXMLResources: Replicate resource: zk
Overwrite bundleresource://178.fwk1399961333:11/metainfo/zk/config.xml
with bundleresource://178.fwk1399961333:28/metainfo/zk/config.xml [17]
09:32:23.157-----------> ClassLocator.getDependentXMLResources: Replicate resource: zkbind
Overwrite bundleresource://178.fwk1399961333:12/metainfo/zk/config.xml
with bundleresource://178.fwk1399961333:29/metainfo/zk/config.xml [17]
09:32:23.189-----------> ClassLocator.getDependentXMLResources: Replicate resource: zul
Overwrite bundleresource://178.fwk1399961333:14/metainfo/zk/zk.xml
with bundleresource://178.fwk1399961333:31/metainfo/zk/zk.xml [17]
09:32:23.531-----------> LanguageDefinition.<init>: Replicated language: xhtml, overriden by [LanguageDefinition: xhtml] [17]
09:32:23.562-----------> LanguageDefinition.<init>: Replicated language: xul/html, overriden by [LanguageDefinition: xul/html] [17]
09:32:23.609-----------> ClassLocator.getDependentXMLResources: Replicate resource: calendar
Overwrite bundleresource://178.fwk1399961333:1/metainfo/zk/lang-addon.xml
with bundleresource://178.fwk1399961333:18/metainfo/zk/lang-addon.xml [17]
09:32:23.625-----------> ClassLocator.getDependentXMLResources: Replicate resource: ckez
Overwrite bundleresource://178.fwk1399961333:2/metainfo/zk/lang-addon.xml
with bundleresource://178.fwk1399961333:19/metainfo/zk/lang-addon.xml [17]
09:32:23.625-----------> ClassLocator.getDependentXMLResources: Replicate resource: gmapsz
Overwrite bundleresource://178.fwk1399961333:5/metainfo/zk/lang-addon.xml
with bundleresource://178.fwk1399961333:22/metainfo/zk/lang-addon.xml [17]
09:32:23.625-----------> ClassLocator.getDependentXMLResources: Replicate resource: timeline
Overwrite bundleresource://178.fwk1399961333:6/metainfo/zk/lang-addon.xml
with bundleresource://178.fwk1399961333:23/metainfo/zk/lang-addon.xml [17]
09:32:23.640-----------> ClassLocator.getDependentXMLResources: Replicate resource: timeplot
Overwrite bundleresource://178.fwk1399961333:7/metainfo/zk/lang-addon.xml
with bundleresource://178.fwk1399961333:24/metainfo/zk/lang-addon.xml [17]
09:32:23.640-----------> ClassLocator.getDependentXMLResources: Replicate resource: zkbind
Overwrite bundleresource://178.fwk1399961333:12/metainfo/zk/lang-addon.xml
with bundleresource://178.fwk1399961333:29/metainfo/zk/lang-addon.xml [17]
09:32:23.656-----------> ClassLocator.getDependentXMLResources: Replicate resource: zkplus
Overwrite bundleresource://178.fwk1399961333:13/metainfo/zk/lang-addon.xml
with bundleresource://178.fwk1399961333:30/metainfo/zk/lang-addon.xml [17]
09:32:23.750           WebUIServlet.init: iDempiere Web Client started successfully [17]
09:32:24.656-----------> AnnotationConfiguration.configure: ServletContainerInitializers: detected. Class hierarchy: empty [17]

*** 2016-05-24 09:32:24.909 idempiere Log (CLogFile) ***
09:32:26.597-----------> Node: [10.0.5.43]:5701 [adempiere.idempiere/localhost] [3.5.3] No join method is enabled! Starting standalone. [43]
09:33:09.982===========> MRole.addAccessSQL: TableName not correctly parsed - TableNameIn=C_Invoice - AccessSqlParser[C_Invoice=WHERE|0] - #1 C_Invoice=WHERE
 = SELECT C_Invoice_ID, DocumentNo, DateInvoiced, GrandTotal, Balance FROM C_Invoice WHERE  [33]
09:33:23.361===========> NINSSAllocateInvoice.getInvoiceData:  [37]
org.postgresql.util.PSQLException: Bad value for type int : 2016-05-11 00:00:00; State=22003; ErrorCode=0
	at org.postgresql.jdbc2.AbstractJdbc2ResultSet.toInt(AbstractJdbc2ResultSet.java:3050)
	at org.postgresql.jdbc2.AbstractJdbc2ResultSet.getInt(AbstractJdbc2ResultSet.java:2186)
	at com.mchange.v2.c3p0.impl.NewProxyResultSet.getInt(NewProxyResultSet.java:398)
	at org.adempiere.webui.Form.NINSSAllocateInvoice.readData(NINSSAllocateInvoice.java:126)
	at org.adempiere.webui.Form.NINSSAllocateInvoice.getInvoiceData(NINSSAllocateInvoice.java:77)
	at org.adempiere.webui.Form.WNINSSAllocateInvoice.loadBPartnerInfo(WNINSSAllocateInvoice.java:303)
	at org.adempiere.webui.Form.WNINSSAllocateInvoice.valueChange(WNINSSAllocateInvoice.java:269)
	at org.adempiere.webui.editor.WEditor.fireValueChange(WEditor.java:403)
	at org.adempiere.webui.editor.WSearchEditor.actionCombo(WSearchEditor.java:421)
	at org.adempiere.webui.editor.WSearchEditor.access$4(WSearchEditor.java:409)
	at org.adempiere.webui.editor.WSearchEditor$2.onEvent(WSearchEditor.java:573)
	at org.zkoss.zk.ui.AbstractComponent.onEvent(AbstractComponent.java:2773)
	at org.zkoss.zk.ui.AbstractComponent.service(AbstractComponent.java:2744)
	at org.zkoss.zk.ui.AbstractComponent.service(AbstractComponent.java:2685)
	at org.zkoss.zk.ui.impl.EventProcessor.process(EventProcessor.java:136)
	at org.zkoss.zk.ui.event.Events.sendEvent(Events.java:325)
	at org.adempiere.webui.component.Window.onPageDetached(Window.java:84)
	at org.adempiere.webui.panel.InfoPanel.onPageDetached(InfoPanel.java:2249)
	at org.zkoss.zk.ui.AbstractComponent.setPage0(AbstractComponent.java:477)
	at org.zkoss.zk.ui.AbstractComponent.setPageBefore(AbstractComponent.java:396)
	at org.zkoss.zk.ui.AbstractComponent.setPage(AbstractComponent.java:361)

