*** 2016-10-03 11:02:31.599 idempiere Log (CLogFile) ***
11:02:31.599 Adempiere.startup: iDempiere(r) Release 3.1_2015-10-31 -Smart Suite ERP, CRM and SCM- (c) 1999-2013 iDempiere(r); Implementation: iDempiere - Supported by iDempiere community [17]
11:02:31.603 Ini.loadProperties: E:\mercurialidempiere/idempiere.properties #33 [17]
11:02:32.366 AdempiereActivator.installPackage: ni.idempiere.importcurrencyrate 1.0.0 was installed: 2016-07-14 16:34:48.698 [17]
11:02:32.382 DB.isBuildOK: Build DB=${env.ADEMPIERE_VERSION} 20080428-1232 [17]
11:02:32.386 DB.isBuildOK: Build Cl=3.1.0.qualifier [17]
11:02:32.407-----------> DB.isBuildOK: Build Version Error 

The program assumes build version 3.1.0.qualifier, but database has build version ${env.ADEMPIERE_VERSION} 20080428-1232. 
This is likely to cause hard to fix errors. 
Please contact administrator. [17]
11:02:32.487 WebEnv.initWeb: Servlet Context Init Parameters: iDempiere Root
ServerRoot=1 [17]
11:02:32.503-----------> EMail.setFrom: you @ company.org: javax.mail.internet.AddressException: Local address contains control or whitespace in string ``you @ company.org'' [17]
11:02:32.503-----------> EMail.addTo: you @ company.org: javax.mail.internet.AddressException: Local address contains control or whitespace in string ``you @ company.org'' [17]
11:02:32.503-----------> EMail.isValid: From is invalid=null [17]
11:02:32.503-----------> EMail.isValid: From is invalid=null [17]
11:02:32.503-----------> MClient.sendEMail: Could NOT Send Email: Server started: iDempiere (odbz:172.16.9.71) to you @ company.org: Invalid Data (System) [17]
11:02:32.507 WebEnv.initWeb: Servlet Init Parameter: idempiereMonitor [17]
11:02:32.507 AdempiereMonitor.init:  [17]
11:02:34.503-----------> AnnotationConfiguration.configure: ServletContainerInitializers: detected. Class hierarchy: empty [17]
11:02:34.865-----------> ClassLocator.getDependentXMLResources: Replicate resource: ckez
Overwrite bundleresource://187.fwk1399961333:2/metainfo/zk/config.xml
with bundleresource://187.fwk1399961333:19/metainfo/zk/config.xml [17]
11:02:34.873-----------> ClassLocator.getDependentXMLResources: Replicate resource: zk
Overwrite bundleresource://187.fwk1399961333:11/metainfo/zk/config.xml
with bundleresource://187.fwk1399961333:28/metainfo/zk/config.xml [17]
11:02:34.881-----------> ClassLocator.getDependentXMLResources: Replicate resource: zkbind
Overwrite bundleresource://187.fwk1399961333:12/metainfo/zk/config.xml
with bundleresource://187.fwk1399961333:29/metainfo/zk/config.xml [17]
11:02:34.917-----------> ClassLocator.getDependentXMLResources: Replicate resource: zul
Overwrite bundleresource://187.fwk1399961333:14/metainfo/zk/zk.xml
with bundleresource://187.fwk1399961333:31/metainfo/zk/zk.xml [17]
11:02:35.561-----------> LanguageDefinition.<init>: Replicated language: xhtml, overriden by [LanguageDefinition: xhtml] [17]
11:02:35.606-----------> LanguageDefinition.<init>: Replicated language: xul/html, overriden by [LanguageDefinition: xul/html] [17]
11:02:35.698-----------> ClassLocator.getDependentXMLResources: Replicate resource: calendar
Overwrite bundleresource://187.fwk1399961333:1/metainfo/zk/lang-addon.xml
with bundleresource://187.fwk1399961333:18/metainfo/zk/lang-addon.xml [17]
11:02:35.702-----------> ClassLocator.getDependentXMLResources: Replicate resource: ckez
Overwrite bundleresource://187.fwk1399961333:2/metainfo/zk/lang-addon.xml
with bundleresource://187.fwk1399961333:19/metainfo/zk/lang-addon.xml [17]
11:02:35.714-----------> ClassLocator.getDependentXMLResources: Replicate resource: gmapsz
Overwrite bundleresource://187.fwk1399961333:5/metainfo/zk/lang-addon.xml
with bundleresource://187.fwk1399961333:22/metainfo/zk/lang-addon.xml [17]
11:02:35.718-----------> ClassLocator.getDependentXMLResources: Replicate resource: timeline
Overwrite bundleresource://187.fwk1399961333:6/metainfo/zk/lang-addon.xml
with bundleresource://187.fwk1399961333:23/metainfo/zk/lang-addon.xml [17]
11:02:35.722-----------> ClassLocator.getDependentXMLResources: Replicate resource: timeplot
Overwrite bundleresource://187.fwk1399961333:7/metainfo/zk/lang-addon.xml
with bundleresource://187.fwk1399961333:24/metainfo/zk/lang-addon.xml [17]
11:02:35.738-----------> ClassLocator.getDependentXMLResources: Replicate resource: zkbind
Overwrite bundleresource://187.fwk1399961333:12/metainfo/zk/lang-addon.xml
with bundleresource://187.fwk1399961333:29/metainfo/zk/lang-addon.xml [17]
11:02:35.754-----------> ClassLocator.getDependentXMLResources: Replicate resource: zkplus
Overwrite bundleresource://187.fwk1399961333:13/metainfo/zk/lang-addon.xml
with bundleresource://187.fwk1399961333:30/metainfo/zk/lang-addon.xml [17]
11:02:35.894           WebUIServlet.init: iDempiere Web Client started successfully [17]
11:02:37.402-----------> AnnotationConfiguration.configure: ServletContainerInitializers: detected. Class hierarchy: empty [17]

*** 2016-10-03 11:02:37.739 idempiere Log (CLogFile) ***
11:02:39.619-----------> Node: [192.168.163.1]:5701 [adempiere.idempiere/localhost] [3.5.3] No join method is enabled! Starting standalone. [41]
11:04:57.616-----------> NotificationProcessFactory.newProcessInstance: Instance for org.compiere.process.RoleAccessUpdate [137]
java.lang.NullPointerException
	at ni.idempiere.notification.util.EmailNotification.<init>(EmailNotification.java:79)
	at ni.idempiere.factories.NotificationProcessFactory.newProcessInstance(NotificationProcessFactory.java:72)
	at org.adempiere.base.Core.getProcess(Core.java:127)
	at org.adempiere.util.ProcessUtil.startJavaProcess(ProcessUtil.java:159)
	at org.compiere.apps.AbstractProcessCtl.startProcess(AbstractProcessCtl.java:466)
	at org.compiere.apps.AbstractProcessCtl.run(AbstractProcessCtl.java:234)
	at org.adempiere.webui.apps.WProcessCtl.process(WProcessCtl.java:197)
	at org.adempiere.webui.apps.AbstractProcessDialog$ProcessDialogRunnable.doRun(AbstractProcessDialog.java:1060)
	at org.adempiere.util.ContextRunnable.run(ContextRunnable.java:38)
	at org.adempiere.webui.apps.DesktopRunnable.run(DesktopRunnable.java:40)
	at java.util.concurrent.Executors$RunnableAdapter.call(Unknown Source)
	at java.util.concurrent.FutureTask.run(Unknown Source)
	at java.util.concurrent.ScheduledThreadPoolExecutor$ScheduledFutureTask.access$201(Unknown Source)
	at java.util.concurrent.ScheduledThreadPoolExecutor$ScheduledFutureTask.run(Unknown Source)
	at java.util.concurrent.ThreadPoolExecutor.runWorker(Unknown Source)
	at java.util.concurrent.ThreadPoolExecutor$Worker.run(Unknown Source)
	at java.lang.Thread.run(Unknown Source)

