*** 2016-09-09 14:22:44.578 idempiere Log (CLogFile) ***
14:22:44.578 Adempiere.startup: iDempiere(r) Release 3.1_2015-10-31 -Smart Suite ERP, CRM and SCM- (c) 1999-2013 iDempiere(r); Implementation: iDempiere - Supported by iDempiere community [17]
14:22:44.578 Ini.loadProperties: E:\mercurialidempiere/idempiere.properties #33 [17]
14:22:45.079 AdempiereActivator.installPackage: ni.idempiere.importcurrencyrate 1.0.0 was installed: 2016-07-14 16:34:48.698 [17]
14:22:45.095 DB.isBuildOK: Build DB=${env.ADEMPIERE_VERSION} 20080428-1232 [17]
14:22:45.095 DB.isBuildOK: Build Cl=3.1.0.qualifier [17]
14:22:45.110-----------> DB.isBuildOK: Build Version Error 

The program assumes build version 3.1.0.qualifier, but database has build version ${env.ADEMPIERE_VERSION} 20080428-1232. 
This is likely to cause hard to fix errors. 
Please contact administrator. [17]
14:22:45.189 WebEnv.initWeb: Servlet Context Init Parameters: iDempiere Root
ServerRoot=1 [17]
14:22:45.267-----------> EMail.setFrom: you @ company.org: javax.mail.internet.AddressException: Local address contains control or whitespace in string ``you @ company.org'' [17]
14:22:45.267-----------> EMail.addTo: you @ company.org: javax.mail.internet.AddressException: Local address contains control or whitespace in string ``you @ company.org'' [17]
14:22:45.267-----------> EMail.isValid: From is invalid=null [17]
14:22:45.267-----------> EMail.isValid: From is invalid=null [17]
14:22:45.267-----------> MClient.sendEMail: Could NOT Send Email: Server started: iDempiere (odbz:192.168.163.1) to you @ company.org: Invalid Data (System) [17]
14:22:45.267 WebEnv.initWeb: Servlet Init Parameter: idempiereMonitor [17]
14:22:45.267 AdempiereMonitor.init:  [17]
14:22:46.805-----------> AnnotationConfiguration.configure: ServletContainerInitializers: detected. Class hierarchy: empty [17]
14:22:47.036-----------> ClassLocator.getDependentXMLResources: Replicate resource: ckez
Overwrite bundleresource://185.fwk1480207683:2/metainfo/zk/config.xml
with bundleresource://185.fwk1480207683:19/metainfo/zk/config.xml [17]
14:22:47.036-----------> ClassLocator.getDependentXMLResources: Replicate resource: zk
Overwrite bundleresource://185.fwk1480207683:11/metainfo/zk/config.xml
with bundleresource://185.fwk1480207683:28/metainfo/zk/config.xml [17]
14:22:47.036-----------> ClassLocator.getDependentXMLResources: Replicate resource: zkbind
Overwrite bundleresource://185.fwk1480207683:12/metainfo/zk/config.xml
with bundleresource://185.fwk1480207683:29/metainfo/zk/config.xml [17]
14:22:47.071-----------> ClassLocator.getDependentXMLResources: Replicate resource: zul
Overwrite bundleresource://185.fwk1480207683:14/metainfo/zk/zk.xml
with bundleresource://185.fwk1480207683:31/metainfo/zk/zk.xml [17]
14:22:47.400-----------> LanguageDefinition.<init>: Replicated language: xhtml, overriden by [LanguageDefinition: xhtml] [17]
14:22:47.416-----------> LanguageDefinition.<init>: Replicated language: xul/html, overriden by [LanguageDefinition: xul/html] [17]
14:22:47.478-----------> ClassLocator.getDependentXMLResources: Replicate resource: calendar
Overwrite bundleresource://185.fwk1480207683:1/metainfo/zk/lang-addon.xml
with bundleresource://185.fwk1480207683:18/metainfo/zk/lang-addon.xml [17]
14:22:47.494-----------> ClassLocator.getDependentXMLResources: Replicate resource: ckez
Overwrite bundleresource://185.fwk1480207683:2/metainfo/zk/lang-addon.xml
with bundleresource://185.fwk1480207683:19/metainfo/zk/lang-addon.xml [17]
14:22:47.494-----------> ClassLocator.getDependentXMLResources: Replicate resource: gmapsz
Overwrite bundleresource://185.fwk1480207683:5/metainfo/zk/lang-addon.xml
with bundleresource://185.fwk1480207683:22/metainfo/zk/lang-addon.xml [17]
14:22:47.494-----------> ClassLocator.getDependentXMLResources: Replicate resource: timeline
Overwrite bundleresource://185.fwk1480207683:6/metainfo/zk/lang-addon.xml
with bundleresource://185.fwk1480207683:23/metainfo/zk/lang-addon.xml [17]
14:22:47.494-----------> ClassLocator.getDependentXMLResources: Replicate resource: timeplot
Overwrite bundleresource://185.fwk1480207683:7/metainfo/zk/lang-addon.xml
with bundleresource://185.fwk1480207683:24/metainfo/zk/lang-addon.xml [17]
14:22:47.509-----------> ClassLocator.getDependentXMLResources: Replicate resource: zkbind
Overwrite bundleresource://185.fwk1480207683:12/metainfo/zk/lang-addon.xml
with bundleresource://185.fwk1480207683:29/metainfo/zk/lang-addon.xml [17]
14:22:47.509-----------> ClassLocator.getDependentXMLResources: Replicate resource: zkplus
Overwrite bundleresource://185.fwk1480207683:13/metainfo/zk/lang-addon.xml
with bundleresource://185.fwk1480207683:30/metainfo/zk/lang-addon.xml [17]
14:22:47.681           WebUIServlet.init: iDempiere Web Client started successfully [17]
14:22:48.663-----------> AnnotationConfiguration.configure: ServletContainerInitializers: detected. Class hierarchy: empty [17]

*** 2016-09-09 14:22:48.839 idempiere Log (CLogFile) ***
14:22:50.715-----------> Node: [172.16.45.186]:5701 [adempiere.idempiere/localhost] [3.5.3] No join method is enabled! Starting standalone. [40]
14:23:21.102-----------> Prop.loadProperties: E:\mercurialidempiere\home.properties not found [32]
14:23:21.103-----------> Prop.loadProperties: !!WARNING:Please locate yout custom home.properties on iDEMPIERE_HOME. [32]
14:23:23.870-----------> ServletHandler.doHandle: /webui/ [64]
org.zkoss.zk.ui.UiException: Page not found: /theme/snprdtheme/preference.zul
	at org.zkoss.zk.ui.http.ExecutionImpl.getPageDefinition(ExecutionImpl.java:379)
	at org.zkoss.zk.ui.impl.AbstractExecution.createComponents0(AbstractExecution.java:279)
	at org.zkoss.zk.ui.impl.AbstractExecution.createComponents(AbstractExecution.java:271)
	at org.zkoss.zul.Include.afterCompose(Include.java:488)
	at org.zkoss.zk.ui.impl.UiEngineImpl.execCreateChild0(UiEngineImpl.java:878)
	at org.zkoss.zk.ui.impl.UiEngineImpl.execCreateChild(UiEngineImpl.java:826)
	at org.zkoss.zk.ui.impl.UiEngineImpl.execCreate0(UiEngineImpl.java:735)
	at org.zkoss.zk.ui.impl.UiEngineImpl.execCreateChild(UiEngineImpl.java:797)
	at org.zkoss.zk.ui.impl.UiEngineImpl.execCreate0(UiEngineImpl.java:757)
	at org.zkoss.zk.ui.impl.UiEngineImpl.execCreate(UiEngineImpl.java:699)
	at org.zkoss.zk.ui.impl.UiEngineImpl.execNewPage0(UiEngineImpl.java:442)
	at org.zkoss.zk.ui.impl.UiEngineImpl.execNewPage(UiEngineImpl.java:356)
	at org.zkoss.zk.ui.http.DHtmlLayoutServlet.process(DHtmlLayoutServlet.java:217)
	at org.zkoss.zk.ui.http.DHtmlLayoutServlet.doGet(DHtmlLayoutServlet.java:136)
	at org.adempiere.webui.session.WebUIServlet.doGet(WebUIServlet.java:95)
	at javax.servlet.http.HttpServlet.service(HttpServlet.java:687)
	at javax.servlet.http.HttpServlet.service(HttpServlet.java:790)
	at org.adempiere.webui.session.WebUIServlet.service(WebUIServlet.java:108)
	at org.eclipse.jetty.servlet.ServletHolder.handle(ServletHolder.java:808)
	at org.eclipse.jetty.servlet.ServletHandler.doHandle(ServletHandler.java:587)
	at org.eclipse.jetty.server.handler.ScopedHandler.handle(ScopedHandler.java:143)

14:23:31.897-----------> ServletHandler.doHandle: /webui/ [65]
org.zkoss.zk.ui.UiException: Page not found: /theme/snprdtheme/preference.zul
	at org.zkoss.zk.ui.http.ExecutionImpl.getPageDefinition(ExecutionImpl.java:379)
	at org.zkoss.zk.ui.impl.AbstractExecution.createComponents0(AbstractExecution.java:279)
	at org.zkoss.zk.ui.impl.AbstractExecution.createComponents(AbstractExecution.java:271)
	at org.zkoss.zul.Include.afterCompose(Include.java:488)
	at org.zkoss.zk.ui.impl.UiEngineImpl.execCreateChild0(UiEngineImpl.java:878)
	at org.zkoss.zk.ui.impl.UiEngineImpl.execCreateChild(UiEngineImpl.java:826)
	at org.zkoss.zk.ui.impl.UiEngineImpl.execCreate0(UiEngineImpl.java:735)
	at org.zkoss.zk.ui.impl.UiEngineImpl.execCreateChild(UiEngineImpl.java:797)
	at org.zkoss.zk.ui.impl.UiEngineImpl.execCreate0(UiEngineImpl.java:757)
	at org.zkoss.zk.ui.impl.UiEngineImpl.execCreate(UiEngineImpl.java:699)
	at org.zkoss.zk.ui.impl.UiEngineImpl.execNewPage0(UiEngineImpl.java:442)
	at org.zkoss.zk.ui.impl.UiEngineImpl.execNewPage(UiEngineImpl.java:356)
	at org.zkoss.zk.ui.http.DHtmlLayoutServlet.process(DHtmlLayoutServlet.java:217)
	at org.zkoss.zk.ui.http.DHtmlLayoutServlet.doGet(DHtmlLayoutServlet.java:136)
	at org.adempiere.webui.session.WebUIServlet.doGet(WebUIServlet.java:95)
	at javax.servlet.http.HttpServlet.service(HttpServlet.java:687)
	at javax.servlet.http.HttpServlet.service(HttpServlet.java:790)
	at org.adempiere.webui.session.WebUIServlet.service(WebUIServlet.java:108)
	at org.eclipse.jetty.servlet.ServletHolder.handle(ServletHolder.java:808)
	at org.eclipse.jetty.servlet.ServletHandler.doHandle(ServletHandler.java:587)
	at org.eclipse.jetty.server.handler.ScopedHandler.handle(ScopedHandler.java:143)

