*** 2017-02-18 16:45:34.771 idempiere Log (CLogFile) ***
16:45:34.771 Adempiere.startup: iDempiere(r) Release 3.1_2015-10-31 -Smart Suite ERP, CRM and SCM- (c) 1999-2013 iDempiere(r); Implementation: iDempiere - Supported by iDempiere community [17]
16:45:34.771 Ini.loadProperties: E:\mercurialidempiere/idempiere.properties #33 [17]
16:45:35.268 DB.isBuildOK: Build DB=${env.ADEMPIERE_VERSION} 20080428-1232 [17]
16:45:35.268 DB.isBuildOK: Build Cl=3.1.0.qualifier [17]
16:45:35.283-----------> DB.isBuildOK: Build Version Error 

The program assumes build version 3.1.0.qualifier, but database has build version ${env.ADEMPIERE_VERSION} 20080428-1232. 
This is likely to cause hard to fix errors. 
Please contact administrator. [17]
16:45:35.366 WebEnv.initWeb: Servlet Context Init Parameters: iDempiere Root
ServerRoot=1 [17]
16:45:35.528-----------> EMail.setFrom: you @ company.org: javax.mail.internet.AddressException: Local address contains control or whitespace in string ``you @ company.org'' [17]
16:45:35.528-----------> EMail.addTo: you @ company.org: javax.mail.internet.AddressException: Local address contains control or whitespace in string ``you @ company.org'' [17]
16:45:35.528-----------> EMail.isValid: From is invalid=null [17]
16:45:35.528-----------> EMail.isValid: From is invalid=null [17]
16:45:35.528-----------> MClient.sendEMail: Could NOT Send Email: Server started: iDempiere (odbz:192.168.47.1) to you @ company.org: Invalid Data (System) [17]
16:45:35.532 WebEnv.initWeb: Servlet Init Parameter: idempiereMonitor [17]
16:45:35.532 AdempiereMonitor.init:  [17]
16:45:36.958-----------> AnnotationConfiguration.configure: ServletContainerInitializers: detected. Class hierarchy: empty [17]
16:45:37.196-----------> ClassLocator.getDependentXMLResources: Replicate resource: ckez
Overwrite bundleresource://180.fwk1319287199:2/metainfo/zk/config.xml
with bundleresource://180.fwk1319287199:19/metainfo/zk/config.xml [17]
16:45:37.196-----------> ClassLocator.getDependentXMLResources: Replicate resource: zk
Overwrite bundleresource://180.fwk1319287199:11/metainfo/zk/config.xml
with bundleresource://180.fwk1319287199:28/metainfo/zk/config.xml [17]
16:45:37.196-----------> ClassLocator.getDependentXMLResources: Replicate resource: zkbind
Overwrite bundleresource://180.fwk1319287199:12/metainfo/zk/config.xml
with bundleresource://180.fwk1319287199:29/metainfo/zk/config.xml [17]
16:45:37.216-----------> ClassLocator.getDependentXMLResources: Replicate resource: zul
Overwrite bundleresource://180.fwk1319287199:14/metainfo/zk/zk.xml
with bundleresource://180.fwk1319287199:31/metainfo/zk/zk.xml [17]
16:45:37.558-----------> LanguageDefinition.<init>: Replicated language: xhtml, overriden by [LanguageDefinition: xhtml] [17]
16:45:37.590-----------> LanguageDefinition.<init>: Replicated language: xul/html, overriden by [LanguageDefinition: xul/html] [17]
16:45:37.637-----------> ClassLocator.getDependentXMLResources: Replicate resource: calendar
Overwrite bundleresource://180.fwk1319287199:1/metainfo/zk/lang-addon.xml
with bundleresource://180.fwk1319287199:18/metainfo/zk/lang-addon.xml [17]
16:45:37.637-----------> ClassLocator.getDependentXMLResources: Replicate resource: ckez
Overwrite bundleresource://180.fwk1319287199:2/metainfo/zk/lang-addon.xml
with bundleresource://180.fwk1319287199:19/metainfo/zk/lang-addon.xml [17]
16:45:37.637-----------> ClassLocator.getDependentXMLResources: Replicate resource: gmapsz
Overwrite bundleresource://180.fwk1319287199:5/metainfo/zk/lang-addon.xml
with bundleresource://180.fwk1319287199:22/metainfo/zk/lang-addon.xml [17]
16:45:37.652-----------> ClassLocator.getDependentXMLResources: Replicate resource: timeline
Overwrite bundleresource://180.fwk1319287199:6/metainfo/zk/lang-addon.xml
with bundleresource://180.fwk1319287199:23/metainfo/zk/lang-addon.xml [17]
16:45:37.652-----------> ClassLocator.getDependentXMLResources: Replicate resource: timeplot
Overwrite bundleresource://180.fwk1319287199:7/metainfo/zk/lang-addon.xml
with bundleresource://180.fwk1319287199:24/metainfo/zk/lang-addon.xml [17]
16:45:37.652-----------> ClassLocator.getDependentXMLResources: Replicate resource: zkbind
Overwrite bundleresource://180.fwk1319287199:12/metainfo/zk/lang-addon.xml
with bundleresource://180.fwk1319287199:29/metainfo/zk/lang-addon.xml [17]
16:45:37.673-----------> ClassLocator.getDependentXMLResources: Replicate resource: zkplus
Overwrite bundleresource://180.fwk1319287199:13/metainfo/zk/lang-addon.xml
with bundleresource://180.fwk1319287199:30/metainfo/zk/lang-addon.xml [17]
16:45:37.935           WebUIServlet.init: iDempiere Web Client started successfully [17]
16:45:38.761-----------> AnnotationConfiguration.configure: ServletContainerInitializers: detected. Class hierarchy: empty [17]
16:45:38.920-----------> LCO_ValidatorWH.initialize:  [69]

*** 2017-02-18 16:45:39.056 idempiere Log (CLogFile) ***
16:45:41.125-----------> Node: [192.168.163.1]:5701 [adempiere.idempiere/localhost] [3.5.3] No join method is enabled! Starting standalone. [49]
16:50:50.374-----------> Msg.getMsg: NOT found: No se puede realizar compra de productos que aun tiene existecia(1.00) [32]
