*** 2016-06-03 10:33:12.453 idempiere Log (CLogFile) ***
10:33:12.453 Adempiere.startup: iDempiere(r) Release 3.1_2015-10-31 -Smart Suite ERP, CRM and SCM- (c) 1999-2013 iDempiere(r); Implementation: iDempiere - Supported by iDempiere community [17]
10:33:12.453 Ini.loadProperties: E:\mercurialidempiere/idempiere-test.properties #33 [17]
10:33:12.843 DB.isBuildOK: Build DB=${env.ADEMPIERE_VERSION} 20080428-1232 [17]
10:33:12.843 DB.isBuildOK: Build Cl=3.1.0.qualifier [17]
10:33:12.859-----------> DB.isBuildOK: Build Version Error 

The program assumes build version 3.1.0.qualifier, but database has build version ${env.ADEMPIERE_VERSION} 20080428-1232. 
This is likely to cause hard to fix errors. 
Please contact administrator. [17]
10:33:12.968 Language.getLanguage: Adding Language=en, Country=US, Locale=en_US [17]
10:33:12.968 Language.getLanguage: Adding Language=en, Country=US, Locale=en_US [17]
10:33:13.031 WebEnv.initWeb: Servlet Context Init Parameters: iDempiere Root
ServerRoot=1 [17]
10:33:13.047-----------> EMail.setFrom: you @ company.org: javax.mail.internet.AddressException: Local address contains control or whitespace in string ``you @ company.org'' [17]
10:33:13.047-----------> EMail.addTo: you @ company.org: javax.mail.internet.AddressException: Local address contains control or whitespace in string ``you @ company.org'' [17]
10:33:13.047-----------> EMail.isValid: From is invalid=null [17]
10:33:13.047-----------> EMail.isValid: From is invalid=null [17]
10:33:13.047-----------> MClient.sendEMail: Could NOT Send Email: Server started: iDempiere (odbz:10.0.5.43) to you @ company.org: Invalid Data (System) [17]
10:33:13.047 WebEnv.initWeb: Servlet Init Parameter: idempiereMonitor [17]
10:33:13.047 AdempiereMonitor.init:  [17]
10:33:14.468-----------> AnnotationConfiguration.configure: ServletContainerInitializers: detected. Class hierarchy: empty [17]
10:33:14.719-----------> ClassLocator.getDependentXMLResources: Replicate resource: ckez
Overwrite bundleresource://179.fwk1319287199:2/metainfo/zk/config.xml
with bundleresource://179.fwk1319287199:19/metainfo/zk/config.xml [17]
10:33:14.719-----------> ClassLocator.getDependentXMLResources: Replicate resource: zk
Overwrite bundleresource://179.fwk1319287199:11/metainfo/zk/config.xml
with bundleresource://179.fwk1319287199:28/metainfo/zk/config.xml [17]
10:33:14.735-----------> ClassLocator.getDependentXMLResources: Replicate resource: zkbind
Overwrite bundleresource://179.fwk1319287199:12/metainfo/zk/config.xml
with bundleresource://179.fwk1319287199:29/metainfo/zk/config.xml [17]
10:33:14.750-----------> ClassLocator.getDependentXMLResources: Replicate resource: zul
Overwrite bundleresource://179.fwk1319287199:14/metainfo/zk/zk.xml
with bundleresource://179.fwk1319287199:31/metainfo/zk/zk.xml [17]
10:33:15.078-----------> LanguageDefinition.<init>: Replicated language: xhtml, overriden by [LanguageDefinition: xhtml] [17]
10:33:15.094-----------> LanguageDefinition.<init>: Replicated language: xul/html, overriden by [LanguageDefinition: xul/html] [17]
10:33:15.157-----------> ClassLocator.getDependentXMLResources: Replicate resource: calendar
Overwrite bundleresource://179.fwk1319287199:1/metainfo/zk/lang-addon.xml
with bundleresource://179.fwk1319287199:18/metainfo/zk/lang-addon.xml [17]
10:33:15.157-----------> ClassLocator.getDependentXMLResources: Replicate resource: ckez
Overwrite bundleresource://179.fwk1319287199:2/metainfo/zk/lang-addon.xml
with bundleresource://179.fwk1319287199:19/metainfo/zk/lang-addon.xml [17]
10:33:15.157-----------> ClassLocator.getDependentXMLResources: Replicate resource: gmapsz
Overwrite bundleresource://179.fwk1319287199:5/metainfo/zk/lang-addon.xml
with bundleresource://179.fwk1319287199:22/metainfo/zk/lang-addon.xml [17]
10:33:15.172-----------> ClassLocator.getDependentXMLResources: Replicate resource: timeline
Overwrite bundleresource://179.fwk1319287199:6/metainfo/zk/lang-addon.xml
with bundleresource://179.fwk1319287199:23/metainfo/zk/lang-addon.xml [17]
10:33:15.172-----------> ClassLocator.getDependentXMLResources: Replicate resource: timeplot
Overwrite bundleresource://179.fwk1319287199:7/metainfo/zk/lang-addon.xml
with bundleresource://179.fwk1319287199:24/metainfo/zk/lang-addon.xml [17]
10:33:15.188-----------> ClassLocator.getDependentXMLResources: Replicate resource: zkbind
Overwrite bundleresource://179.fwk1319287199:12/metainfo/zk/lang-addon.xml
with bundleresource://179.fwk1319287199:29/metainfo/zk/lang-addon.xml [17]
10:33:15.188-----------> ClassLocator.getDependentXMLResources: Replicate resource: zkplus
Overwrite bundleresource://179.fwk1319287199:13/metainfo/zk/lang-addon.xml
with bundleresource://179.fwk1319287199:30/metainfo/zk/lang-addon.xml [17]
10:33:15.282           WebUIServlet.init: iDempiere Web Client started successfully [17]
10:33:16.164-----------> AnnotationConfiguration.configure: ServletContainerInitializers: detected. Class hierarchy: empty [17]

*** 2016-06-03 10:33:16.416 idempiere Log (CLogFile) ***
10:33:18.119-----------> Node: [10.0.5.43]:5701 [adempiere.idempiere/localhost] [3.5.3] No join method is enabled! Starting standalone. [41]
10:34:22.353===========> MRole.addAccessSQL: TableName not correctly parsed - TableNameIn=C_Invoice - AccessSqlParser[C_Invoice=WHERE|0] - #1 C_Invoice=WHERE
 = SELECT C_Invoice_ID, DocumentNo, DateInvoiced, GrandTotal, PartialPayment, Balance, PaidBill FROM C_Invoice WHERE  [66]
10:34:31.056-----------> Msg.getMsg: NOT found: El proveedor seleccionado, tiene pago en borrador que necesita  primero ser procesado. [34]
10:35:12.221===========> MPaymentAllocate.invokeMethod: ondelete script UPDATE C_Payment set PayAmt=sc.Amount,DiscountAmt=sc.DiscountAmt,WriteOffAmt=sc.WriteOffAmt,OverUnderAmt=sc.OverUnderAmt FROM ( SELECT  COALESCE(sc.Amount,0) Amount,COALESCE(sc.DiscountAmt,0) DiscountAmt,COALESCE(sc.WriteOffAmt,0) WriteOffAmt,COALESCE(sc.OverUnderAmt,0) OverUnderAmt FROM C_Payment p       LEFT JOIN (  	SELECT 	C_Payment_ID,SUM(Amount) OVER() Amount,SUM(DiscountAmt) OVER() DiscountAmt, 			SUM(WriteOffAmt) OVER() WriteOffAmt,SUM(OverUnderAmt) OVER() OverUnderAmt 	FROM	C_PaymentAllocate  	WHERE	C_Payment_ID=1000051 AND C_PaymentAllocate_ID NOT IN(1000086) )sc ON  p.C_Payment_ID=sc.C_Payment_ID WHERE p.C_Payment_ID=1000051)sc  [38]
10:35:15.273-----------> Msg.getMsg: NOT found: El proveedor seleccionado, tiene pago en borrador que necesita  primero ser procesado. [64]
10:35:28.048-----------> Msg.getMsg: NOT found: El proveedor seleccionado, tiene pago en borrador que necesita  primero ser procesado. [35]
