*** 2016-05-20 09:58:41.518 idempiere Log (CLogFile) ***
09:58:41.518 Adempiere.startup: iDempiere(r) Release 3.1_2015-10-31 -Smart Suite ERP, CRM and SCM- (c) 1999-2013 iDempiere(r); Implementation: iDempiere - Supported by iDempiere community [17]
09:58:41.521 Ini.loadProperties: E:\mercurialidempiere/idempiere.properties #32 [17]
09:58:42.012 DB.isBuildOK: Build DB=${env.ADEMPIERE_VERSION} 20080428-1232 [17]
09:58:42.012 DB.isBuildOK: Build Cl=3.1.0.qualifier [17]
09:58:42.027-----------> DB.isBuildOK: Build Version Error 

The program assumes build version 3.1.0.qualifier, but database has build version ${env.ADEMPIERE_VERSION} 20080428-1232. 
This is likely to cause hard to fix errors. 
Please contact administrator. [17]
09:58:42.113 Language.getLanguage: Adding Language=en, Country=US, Locale=en_US [17]
09:58:42.113 Language.getLanguage: Adding Language=en, Country=US, Locale=en_US [17]
09:58:42.177 WebEnv.initWeb: Servlet Context Init Parameters: iDempiere Root
ServerRoot=1 [17]
09:58:42.177-----------> EMail.setFrom: you @ company.org: javax.mail.internet.AddressException: Local address contains control or whitespace in string ``you @ company.org'' [17]
09:58:42.177-----------> EMail.addTo: you @ company.org: javax.mail.internet.AddressException: Local address contains control or whitespace in string ``you @ company.org'' [17]
09:58:42.192-----------> EMail.isValid: From is invalid=null [17]
09:58:42.192-----------> EMail.isValid: From is invalid=null [17]
09:58:42.192-----------> MClient.sendEMail: Could NOT Send Email: Server started: iDempiere (odbz:10.0.5.43) to you @ company.org: Invalid Data (System) [17]
09:58:42.192 WebEnv.initWeb: Servlet Init Parameter: idempiereMonitor [17]
09:58:42.192 AdempiereMonitor.init:  [17]
09:58:43.767-----------> AnnotationConfiguration.configure: ServletContainerInitializers: detected. Class hierarchy: empty [17]
09:58:44.093-----------> ClassLocator.getDependentXMLResources: Replicate resource: ckez
Overwrite bundleresource://178.fwk1399961333:2/metainfo/zk/config.xml
with bundleresource://178.fwk1399961333:19/metainfo/zk/config.xml [17]
09:58:44.101-----------> ClassLocator.getDependentXMLResources: Replicate resource: zk
Overwrite bundleresource://178.fwk1399961333:11/metainfo/zk/config.xml
with bundleresource://178.fwk1399961333:28/metainfo/zk/config.xml [17]
09:58:44.107-----------> ClassLocator.getDependentXMLResources: Replicate resource: zkbind
Overwrite bundleresource://178.fwk1399961333:12/metainfo/zk/config.xml
with bundleresource://178.fwk1399961333:29/metainfo/zk/config.xml [17]
09:58:44.137-----------> ClassLocator.getDependentXMLResources: Replicate resource: zul
Overwrite bundleresource://178.fwk1399961333:14/metainfo/zk/zk.xml
with bundleresource://178.fwk1399961333:31/metainfo/zk/zk.xml [17]
09:58:44.554-----------> LanguageDefinition.<init>: Replicated language: xhtml, overriden by [LanguageDefinition: xhtml] [17]
09:58:44.585-----------> LanguageDefinition.<init>: Replicated language: xul/html, overriden by [LanguageDefinition: xul/html] [17]
09:58:44.632-----------> ClassLocator.getDependentXMLResources: Replicate resource: calendar
Overwrite bundleresource://178.fwk1399961333:1/metainfo/zk/lang-addon.xml
with bundleresource://178.fwk1399961333:18/metainfo/zk/lang-addon.xml [17]
09:58:44.653-----------> ClassLocator.getDependentXMLResources: Replicate resource: ckez
Overwrite bundleresource://178.fwk1399961333:2/metainfo/zk/lang-addon.xml
with bundleresource://178.fwk1399961333:19/metainfo/zk/lang-addon.xml [17]
09:58:44.656-----------> ClassLocator.getDependentXMLResources: Replicate resource: gmapsz
Overwrite bundleresource://178.fwk1399961333:5/metainfo/zk/lang-addon.xml
with bundleresource://178.fwk1399961333:22/metainfo/zk/lang-addon.xml [17]
09:58:44.661-----------> ClassLocator.getDependentXMLResources: Replicate resource: timeline
Overwrite bundleresource://178.fwk1399961333:6/metainfo/zk/lang-addon.xml
with bundleresource://178.fwk1399961333:23/metainfo/zk/lang-addon.xml [17]
09:58:44.666-----------> ClassLocator.getDependentXMLResources: Replicate resource: timeplot
Overwrite bundleresource://178.fwk1399961333:7/metainfo/zk/lang-addon.xml
with bundleresource://178.fwk1399961333:24/metainfo/zk/lang-addon.xml [17]
09:58:44.678-----------> ClassLocator.getDependentXMLResources: Replicate resource: zkbind
Overwrite bundleresource://178.fwk1399961333:12/metainfo/zk/lang-addon.xml
with bundleresource://178.fwk1399961333:29/metainfo/zk/lang-addon.xml [17]
09:58:44.703-----------> ClassLocator.getDependentXMLResources: Replicate resource: zkplus
Overwrite bundleresource://178.fwk1399961333:13/metainfo/zk/lang-addon.xml
with bundleresource://178.fwk1399961333:30/metainfo/zk/lang-addon.xml [17]
09:58:44.815           WebUIServlet.init: iDempiere Web Client started successfully [17]
09:58:45.720-----------> AnnotationConfiguration.configure: ServletContainerInitializers: detected. Class hierarchy: empty [17]

*** 2016-05-20 09:58:45.967 idempiere Log (CLogFile) ***
09:58:47.611-----------> Node: [10.0.5.43]:5701 [adempiere.idempiere/localhost] [3.5.3] No join method is enabled! Starting standalone. [42]
10:00:33.500===========> MRole.addAccessSQL: TableName not correctly parsed - TableNameIn=C_Invoice - AccessSqlParser[C_Invoice=WHERE|0] - #1 C_Invoice=WHERE
 = SELECT C_Invoice_ID, DocumentNo, DateInvoiced, GrandTotal, Balance FROM C_Invoice WHERE  [33]
10:02:05.391-----------> Msg.getMsg: NOT found: DateInvoiced [38]
10:02:05.392-----------> Msg.getMsg: NOT found: GrandTotal [38]
10:02:05.393-----------> Msg.getMsg: NOT found: Balance [38]
10:05:12.346===========> MRole.addAccessSQL: TableName not correctly parsed - TableNameIn=C_Invoice - AccessSqlParser[C_Invoice=WHERE|0] - #1 C_Invoice=WHERE
 = SELECT C_Invoice_ID, DocumentNo, DateInvoiced, GrandTotal, Balance FROM C_Invoice WHERE  [122]
10:06:36.902-----------> Msg.getMsg: NOT found: DateInvoiced [121]
10:06:36.902-----------> Msg.getMsg: NOT found: GrandTotal [121]
10:06:36.903-----------> Msg.getMsg: NOT found: Balance [121]
10:09:30.070===========> MRole.addAccessSQL: TableName not correctly parsed - TableNameIn=C_Invoice - AccessSqlParser[C_Invoice=WHERE|0] - #1 C_Invoice=WHERE
 = SELECT C_Invoice_ID, DocumentNo, DateInvoiced, GrandTotal, Balance FROM C_Invoice WHERE  [122]
10:09:47.576-----------> Msg.getMsg: NOT found: DateInvoiced [33]
10:09:47.576-----------> Msg.getMsg: NOT found: GrandTotal [33]
10:09:47.577-----------> Msg.getMsg: NOT found: Balance [33]
