*** 2016-08-07 17:03:25.957 idempiere Log (CLogFile) ***
17:03:25.957 Adempiere.startup: iDempiere(r) Release 3.1_2015-10-31 -Smart Suite ERP, CRM and SCM- (c) 1999-2013 iDempiere(r); Implementation: iDempiere - Supported by iDempiere community [17]
17:03:25.960 Ini.loadProperties: E:\mercurialidempiere/idempiere.properties #32 [17]
17:03:26.436 AdempiereActivator.installPackage: ni.idempiere.importcurrencyrate 1.0.0 was installed: 2016-07-14 15:40:48.116 [17]
17:03:26.448 DB.isBuildOK: Build DB=${env.ADEMPIERE_VERSION} 20080428-1232 [17]
17:03:26.448 DB.isBuildOK: Build Cl=3.1.0.qualifier [17]
17:03:26.463-----------> DB.isBuildOK: Build Version Error 

The program assumes build version 3.1.0.qualifier, but database has build version ${env.ADEMPIERE_VERSION} 20080428-1232. 
This is likely to cause hard to fix errors. 
Please contact administrator. [17]
17:03:26.528 WebEnv.initWeb: Servlet Context Init Parameters: iDempiere Root
ServerRoot=1 [17]
17:03:26.601-----------> EMail.setFrom: you @ company.org: javax.mail.internet.AddressException: Local address contains control or whitespace in string ``you @ company.org'' [17]
17:03:26.603-----------> EMail.addTo: you @ company.org: javax.mail.internet.AddressException: Local address contains control or whitespace in string ``you @ company.org'' [17]
17:03:26.603-----------> EMail.isValid: From is invalid=null [17]
17:03:26.603-----------> EMail.isValid: From is invalid=null [17]
17:03:26.603-----------> MClient.sendEMail: Could NOT Send Email: Server started: iDempiere (odbz:192.168.1.8) to you @ company.org: Invalid Data (System) [17]
17:03:26.604 WebEnv.initWeb: Servlet Init Parameter: idempiereMonitor [17]
17:03:26.604 AdempiereMonitor.init:  [17]
17:03:28.006-----------> AnnotationConfiguration.configure: ServletContainerInitializers: detected. Class hierarchy: empty [17]
17:03:28.222-----------> ClassLocator.getDependentXMLResources: Replicate resource: ckez
Overwrite bundleresource://187.fwk47108597:2/metainfo/zk/config.xml
with bundleresource://187.fwk47108597:19/metainfo/zk/config.xml [17]
17:03:28.229-----------> ClassLocator.getDependentXMLResources: Replicate resource: zk
Overwrite bundleresource://187.fwk47108597:11/metainfo/zk/config.xml
with bundleresource://187.fwk47108597:28/metainfo/zk/config.xml [17]
17:03:28.234-----------> ClassLocator.getDependentXMLResources: Replicate resource: zkbind
Overwrite bundleresource://187.fwk47108597:12/metainfo/zk/config.xml
with bundleresource://187.fwk47108597:29/metainfo/zk/config.xml [17]
17:03:28.254-----------> ClassLocator.getDependentXMLResources: Replicate resource: zul
Overwrite bundleresource://187.fwk47108597:14/metainfo/zk/zk.xml
with bundleresource://187.fwk47108597:31/metainfo/zk/zk.xml [17]
17:03:28.605-----------> LanguageDefinition.<init>: Replicated language: xhtml, overriden by [LanguageDefinition: xhtml] [17]
17:03:28.629-----------> LanguageDefinition.<init>: Replicated language: xul/html, overriden by [LanguageDefinition: xul/html] [17]
17:03:28.673-----------> ClassLocator.getDependentXMLResources: Replicate resource: calendar
Overwrite bundleresource://187.fwk47108597:1/metainfo/zk/lang-addon.xml
with bundleresource://187.fwk47108597:18/metainfo/zk/lang-addon.xml [17]
17:03:28.676-----------> ClassLocator.getDependentXMLResources: Replicate resource: ckez
Overwrite bundleresource://187.fwk47108597:2/metainfo/zk/lang-addon.xml
with bundleresource://187.fwk47108597:19/metainfo/zk/lang-addon.xml [17]
17:03:28.680-----------> ClassLocator.getDependentXMLResources: Replicate resource: gmapsz
Overwrite bundleresource://187.fwk47108597:5/metainfo/zk/lang-addon.xml
with bundleresource://187.fwk47108597:22/metainfo/zk/lang-addon.xml [17]
17:03:28.683-----------> ClassLocator.getDependentXMLResources: Replicate resource: timeline
Overwrite bundleresource://187.fwk47108597:6/metainfo/zk/lang-addon.xml
with bundleresource://187.fwk47108597:23/metainfo/zk/lang-addon.xml [17]
17:03:28.687-----------> ClassLocator.getDependentXMLResources: Replicate resource: timeplot
Overwrite bundleresource://187.fwk47108597:7/metainfo/zk/lang-addon.xml
with bundleresource://187.fwk47108597:24/metainfo/zk/lang-addon.xml [17]
17:03:28.695-----------> ClassLocator.getDependentXMLResources: Replicate resource: zkbind
Overwrite bundleresource://187.fwk47108597:12/metainfo/zk/lang-addon.xml
with bundleresource://187.fwk47108597:29/metainfo/zk/lang-addon.xml [17]
17:03:28.700-----------> ClassLocator.getDependentXMLResources: Replicate resource: zkplus
Overwrite bundleresource://187.fwk47108597:13/metainfo/zk/lang-addon.xml
with bundleresource://187.fwk47108597:30/metainfo/zk/lang-addon.xml [17]
17:03:28.862           WebUIServlet.init: iDempiere Web Client started successfully [17]
17:03:29.723-----------> AnnotationConfiguration.configure: ServletContainerInitializers: detected. Class hierarchy: empty [17]
17:03:29.792 AdempiereActivator.start: org.idempiere.budget 2.1.0.qualifier starting... [17]
17:03:29.794 AdempiereActivator.start: org.idempiere.budget 2.1.0.qualifier ready. [17]
17:03:29.799 AdempiereActivator.installPackage: org.idempiere.budget 2.1.0 was installed: 2016-08-07 16:37:40.439 [41]
17:03:29.936 AdempiereActivator.start: org.purchasing.forecast 2.1.0.qualifier starting... [17]
17:03:29.937 AdempiereActivator.start: org.purchasing.forecast 2.1.0.qualifier ready. [17]
17:03:29.941 AdempiereActivator.installPackage: org.purchasing.forecast 2.1.0 was installed: 2016-08-07 16:57:41.83 [51]

*** 2016-08-07 17:03:29.973 idempiere Log (CLogFile) ***
17:03:31.761-----------> Node: [192.168.1.8]:5701 [adempiere.idempiere/localhost] [3.5.3] No join method is enabled! Starting standalone. [49]
