*** 2016-07-18 14:25:58.451 idempiere Log (CLogFile) ***
14:25:58.451 Adempiere.startup: iDempiere(r) Release 3.1_2015-10-31 -Smart Suite ERP, CRM and SCM- (c) 1999-2013 iDempiere(r); Implementation: iDempiere - Supported by iDempiere community [17]
14:25:58.454 Ini.loadProperties: E:\mercurialidempiere/idempiere-test.properties #33 [17]
14:25:59.331 AdempiereActivator.installPackage: ni.idempiere.importcurrencyrate 1.0.0 was installed: 2016-07-18 13:51:19.023 [17]
14:25:59.372 DB.isBuildOK: Build DB=${env.ADEMPIERE_VERSION} 20080428-1232 [17]
14:25:59.373 DB.isBuildOK: Build Cl=3.1.0.qualifier [17]
14:25:59.424-----------> DB.isBuildOK: Build Version Error 

The program assumes build version 3.1.0.qualifier, but database has build version ${env.ADEMPIERE_VERSION} 20080428-1232. 
This is likely to cause hard to fix errors. 
Please contact administrator. [17]
14:25:59.602 WebEnv.initWeb: Servlet Context Init Parameters: iDempiere Root
ServerRoot=1 [17]
14:25:59.602-----------> EMail.setFrom: you @ company.org: javax.mail.internet.AddressException: Local address contains control or whitespace in string ``you @ company.org'' [17]
14:25:59.624-----------> EMail.addTo: you @ company.org: javax.mail.internet.AddressException: Local address contains control or whitespace in string ``you @ company.org'' [17]
14:25:59.625-----------> EMail.isValid: From is invalid=null [17]
14:25:59.625-----------> EMail.isValid: From is invalid=null [17]
14:25:59.625-----------> MClient.sendEMail: Could NOT Send Email: Server started: iDempiere (odbz:10.0.5.47) to you @ company.org: Invalid Data (System) [17]
14:25:59.625 WebEnv.initWeb: Servlet Init Parameter: idempiereMonitor [17]
14:25:59.625 AdempiereMonitor.init:  [17]
14:26:12.334-----------> AnnotationConfiguration.configure: ServletContainerInitializers: detected. Class hierarchy: empty [17]
14:26:12.564-----------> ClassLocator.getDependentXMLResources: Replicate resource: ckez
Overwrite bundleresource://182.fwk491298318:2/metainfo/zk/config.xml
with bundleresource://182.fwk491298318:19/metainfo/zk/config.xml [17]
14:26:12.564-----------> ClassLocator.getDependentXMLResources: Replicate resource: zk
Overwrite bundleresource://182.fwk491298318:11/metainfo/zk/config.xml
with bundleresource://182.fwk491298318:28/metainfo/zk/config.xml [17]
14:26:12.564-----------> ClassLocator.getDependentXMLResources: Replicate resource: zkbind
Overwrite bundleresource://182.fwk491298318:12/metainfo/zk/config.xml
with bundleresource://182.fwk491298318:29/metainfo/zk/config.xml [17]
14:26:12.595-----------> ClassLocator.getDependentXMLResources: Replicate resource: zul
Overwrite bundleresource://182.fwk491298318:14/metainfo/zk/zk.xml
with bundleresource://182.fwk491298318:31/metainfo/zk/zk.xml [17]
14:26:13.099-----------> LanguageDefinition.<init>: Replicated language: xhtml, overriden by [LanguageDefinition: xhtml] [17]
14:26:13.115-----------> LanguageDefinition.<init>: Replicated language: xul/html, overriden by [LanguageDefinition: xul/html] [17]
14:26:13.200-----------> ClassLocator.getDependentXMLResources: Replicate resource: calendar
Overwrite bundleresource://182.fwk491298318:1/metainfo/zk/lang-addon.xml
with bundleresource://182.fwk491298318:18/metainfo/zk/lang-addon.xml [17]
14:26:13.205-----------> ClassLocator.getDependentXMLResources: Replicate resource: ckez
Overwrite bundleresource://182.fwk491298318:2/metainfo/zk/lang-addon.xml
with bundleresource://182.fwk491298318:19/metainfo/zk/lang-addon.xml [17]
14:26:13.211-----------> ClassLocator.getDependentXMLResources: Replicate resource: gmapsz
Overwrite bundleresource://182.fwk491298318:5/metainfo/zk/lang-addon.xml
with bundleresource://182.fwk491298318:22/metainfo/zk/lang-addon.xml [17]
14:26:13.214-----------> ClassLocator.getDependentXMLResources: Replicate resource: timeline
Overwrite bundleresource://182.fwk491298318:6/metainfo/zk/lang-addon.xml
with bundleresource://182.fwk491298318:23/metainfo/zk/lang-addon.xml [17]
14:26:13.217-----------> ClassLocator.getDependentXMLResources: Replicate resource: timeplot
Overwrite bundleresource://182.fwk491298318:7/metainfo/zk/lang-addon.xml
with bundleresource://182.fwk491298318:24/metainfo/zk/lang-addon.xml [17]
14:26:13.221-----------> ClassLocator.getDependentXMLResources: Replicate resource: zkbind
Overwrite bundleresource://182.fwk491298318:12/metainfo/zk/lang-addon.xml
with bundleresource://182.fwk491298318:29/metainfo/zk/lang-addon.xml [17]
14:26:13.221-----------> ClassLocator.getDependentXMLResources: Replicate resource: zkplus
Overwrite bundleresource://182.fwk491298318:13/metainfo/zk/lang-addon.xml
with bundleresource://182.fwk491298318:30/metainfo/zk/lang-addon.xml [17]
14:26:13.910           WebUIServlet.init: iDempiere Web Client started successfully [17]
14:26:14.893-----------> AnnotationConfiguration.configure: ServletContainerInitializers: detected. Class hierarchy: empty [17]

*** 2016-07-18 14:26:15.097 idempiere Log (CLogFile) ***
14:26:16.774-----------> Node: [10.0.5.47]:5701 [adempiere.idempiere/localhost] [3.5.3] No join method is enabled! Starting standalone. [49]
