*** 2016-07-13 13:38:02.942 idempiere Log (CLogFile) ***
13:38:02.942 Adempiere.startup: iDempiere(r) Release 3.1_2015-10-31 -Smart Suite ERP, CRM and SCM- (c) 1999-2013 iDempiere(r); Implementation: iDempiere - Supported by iDempiere community [17]
13:38:02.946 Ini.loadProperties: E:\mercurialidempiere/idempiere-test.properties #33 [17]
13:38:04.220 DB.isBuildOK: Build DB=${env.ADEMPIERE_VERSION} 20080428-1232 [17]
13:38:04.220 DB.isBuildOK: Build Cl=3.1.0.qualifier [17]
13:38:04.345-----------> DB.isBuildOK: Build Version Error 

The program assumes build version 3.1.0.qualifier, but database has build version ${env.ADEMPIERE_VERSION} 20080428-1232. 
This is likely to cause hard to fix errors. 
Please contact administrator. [17]
13:38:04.545 WebEnv.initWeb: Servlet Context Init Parameters: iDempiere Root
ServerRoot=1 [17]
13:38:04.561-----------> EMail.setFrom: you @ company.org: javax.mail.internet.AddressException: Local address contains control or whitespace in string ``you @ company.org'' [17]
13:38:04.565-----------> EMail.addTo: you @ company.org: javax.mail.internet.AddressException: Local address contains control or whitespace in string ``you @ company.org'' [17]
13:38:04.565-----------> EMail.isValid: From is invalid=null [17]
13:38:04.565-----------> EMail.isValid: From is invalid=null [17]
13:38:04.569-----------> MClient.sendEMail: Could NOT Send Email: Server started: iDempiere (odbz:10.0.5.58) to you @ company.org: Invalid Data (System) [17]
13:38:04.569 WebEnv.initWeb: Servlet Init Parameter: idempiereMonitor [17]
13:38:04.569 AdempiereMonitor.init:  [17]
13:38:07.467-----------> AnnotationConfiguration.configure: ServletContainerInitializers: detected. Class hierarchy: empty [17]
13:38:07.734-----------> ClassLocator.getDependentXMLResources: Replicate resource: ckez
Overwrite bundleresource://182.fwk47108597:2/metainfo/zk/config.xml
with bundleresource://182.fwk47108597:19/metainfo/zk/config.xml [17]
13:38:07.750-----------> ClassLocator.getDependentXMLResources: Replicate resource: zk
Overwrite bundleresource://182.fwk47108597:11/metainfo/zk/config.xml
with bundleresource://182.fwk47108597:28/metainfo/zk/config.xml [17]
13:38:07.750-----------> ClassLocator.getDependentXMLResources: Replicate resource: zkbind
Overwrite bundleresource://182.fwk47108597:12/metainfo/zk/config.xml
with bundleresource://182.fwk47108597:29/metainfo/zk/config.xml [17]
13:38:07.781-----------> ClassLocator.getDependentXMLResources: Replicate resource: zul
Overwrite bundleresource://182.fwk47108597:14/metainfo/zk/zk.xml
with bundleresource://182.fwk47108597:31/metainfo/zk/zk.xml [17]
13:38:08.158-----------> LanguageDefinition.<init>: Replicated language: xhtml, overriden by [LanguageDefinition: xhtml] [17]
13:38:08.189-----------> LanguageDefinition.<init>: Replicated language: xul/html, overriden by [LanguageDefinition: xul/html] [17]
13:38:08.252-----------> ClassLocator.getDependentXMLResources: Replicate resource: calendar
Overwrite bundleresource://182.fwk47108597:1/metainfo/zk/lang-addon.xml
with bundleresource://182.fwk47108597:18/metainfo/zk/lang-addon.xml [17]
13:38:08.267-----------> ClassLocator.getDependentXMLResources: Replicate resource: ckez
Overwrite bundleresource://182.fwk47108597:2/metainfo/zk/lang-addon.xml
with bundleresource://182.fwk47108597:19/metainfo/zk/lang-addon.xml [17]
13:38:08.267-----------> ClassLocator.getDependentXMLResources: Replicate resource: gmapsz
Overwrite bundleresource://182.fwk47108597:5/metainfo/zk/lang-addon.xml
with bundleresource://182.fwk47108597:22/metainfo/zk/lang-addon.xml [17]
13:38:08.267-----------> ClassLocator.getDependentXMLResources: Replicate resource: timeline
Overwrite bundleresource://182.fwk47108597:6/metainfo/zk/lang-addon.xml
with bundleresource://182.fwk47108597:23/metainfo/zk/lang-addon.xml [17]
13:38:08.267-----------> ClassLocator.getDependentXMLResources: Replicate resource: timeplot
Overwrite bundleresource://182.fwk47108597:7/metainfo/zk/lang-addon.xml
with bundleresource://182.fwk47108597:24/metainfo/zk/lang-addon.xml [17]
13:38:08.283-----------> ClassLocator.getDependentXMLResources: Replicate resource: zkbind
Overwrite bundleresource://182.fwk47108597:12/metainfo/zk/lang-addon.xml
with bundleresource://182.fwk47108597:29/metainfo/zk/lang-addon.xml [17]
13:38:08.283-----------> ClassLocator.getDependentXMLResources: Replicate resource: zkplus
Overwrite bundleresource://182.fwk47108597:13/metainfo/zk/lang-addon.xml
with bundleresource://182.fwk47108597:30/metainfo/zk/lang-addon.xml [17]
13:38:08.424           WebUIServlet.init: iDempiere Web Client started successfully [17]
13:38:09.605-----------> AnnotationConfiguration.configure: ServletContainerInitializers: detected. Class hierarchy: empty [17]

*** 2016-07-13 13:38:09.82 idempiere Log (CLogFile) ***
13:38:11.738-----------> Node: [10.0.5.58]:5701 [adempiere.idempiere/localhost] [3.5.3] No join method is enabled! Starting standalone. [41]
13:38:40.338-----------> Prop.loadProperties: E:\mercurialidempiere\home.properties not found [33]
13:38:40.338-----------> Prop.loadProperties: !!WARNING:Please locate yout custom home.properties on iDEMPIERE_HOME. [33]
