*** 2016-10-05 09:18:24.645 idempiere Log (CLogFile) ***
09:18:24.630 Adempiere.startup: iDempiere(r) Release 3.1_2015-10-31 -Smart Suite ERP, CRM and SCM- (c) 1999-2013 iDempiere(r); Implementation: iDempiere - Supported by iDempiere community [17]
09:18:24.645 Ini.loadProperties: E:\mercurialidempiere/idempiere.properties #33 [17]
09:18:25.214 AdempiereActivator.installPackage: ni.idempiere.importcurrencyrate 1.0.0 was installed: 2016-07-14 16:34:48.698 [17]
09:18:25.230 DB.isBuildOK: Build DB=${env.ADEMPIERE_VERSION} 20080428-1232 [17]
09:18:25.230 DB.isBuildOK: Build Cl=3.1.0.qualifier [17]
09:18:25.261-----------> DB.isBuildOK: Build Version Error 

The program assumes build version 3.1.0.qualifier, but database has build version ${env.ADEMPIERE_VERSION} 20080428-1232. 
This is likely to cause hard to fix errors. 
Please contact administrator. [17]
09:18:25.349 WebEnv.initWeb: Servlet Context Init Parameters: iDempiere Root
ServerRoot=1 [17]
09:18:25.364-----------> EMail.setFrom: you @ company.org: javax.mail.internet.AddressException: Local address contains control or whitespace in string ``you @ company.org'' [17]
09:18:25.364-----------> EMail.addTo: you @ company.org: javax.mail.internet.AddressException: Local address contains control or whitespace in string ``you @ company.org'' [17]
09:18:25.364-----------> EMail.isValid: From is invalid=null [17]
09:18:25.364-----------> EMail.isValid: From is invalid=null [17]
09:18:25.364-----------> MClient.sendEMail: Could NOT Send Email: Server started: iDempiere (odbz:172.16.9.71) to you @ company.org: Invalid Data (System) [17]
09:18:25.364 WebEnv.initWeb: Servlet Init Parameter: idempiereMonitor [17]
09:18:25.364 AdempiereMonitor.init:  [17]
09:18:27.025-----------> AnnotationConfiguration.configure: ServletContainerInitializers: detected. Class hierarchy: empty [17]
09:18:27.285-----------> ClassLocator.getDependentXMLResources: Replicate resource: ckez
Overwrite bundleresource://187.fwk176207911:2/metainfo/zk/config.xml
with bundleresource://187.fwk176207911:19/metainfo/zk/config.xml [17]
09:18:27.301-----------> ClassLocator.getDependentXMLResources: Replicate resource: zk
Overwrite bundleresource://187.fwk176207911:11/metainfo/zk/config.xml
with bundleresource://187.fwk176207911:28/metainfo/zk/config.xml [17]
09:18:27.301-----------> ClassLocator.getDependentXMLResources: Replicate resource: zkbind
Overwrite bundleresource://187.fwk176207911:12/metainfo/zk/config.xml
with bundleresource://187.fwk176207911:29/metainfo/zk/config.xml [17]
09:18:27.332-----------> ClassLocator.getDependentXMLResources: Replicate resource: zul
Overwrite bundleresource://187.fwk176207911:14/metainfo/zk/zk.xml
with bundleresource://187.fwk176207911:31/metainfo/zk/zk.xml [17]
09:18:27.744-----------> LanguageDefinition.<init>: Replicated language: xhtml, overriden by [LanguageDefinition: xhtml] [17]
09:18:27.775-----------> LanguageDefinition.<init>: Replicated language: xul/html, overriden by [LanguageDefinition: xul/html] [17]
09:18:27.837-----------> ClassLocator.getDependentXMLResources: Replicate resource: calendar
Overwrite bundleresource://187.fwk176207911:1/metainfo/zk/lang-addon.xml
with bundleresource://187.fwk176207911:18/metainfo/zk/lang-addon.xml [17]
09:18:27.837-----------> ClassLocator.getDependentXMLResources: Replicate resource: ckez
Overwrite bundleresource://187.fwk176207911:2/metainfo/zk/lang-addon.xml
with bundleresource://187.fwk176207911:19/metainfo/zk/lang-addon.xml [17]
09:18:27.837-----------> ClassLocator.getDependentXMLResources: Replicate resource: gmapsz
Overwrite bundleresource://187.fwk176207911:5/metainfo/zk/lang-addon.xml
with bundleresource://187.fwk176207911:22/metainfo/zk/lang-addon.xml [17]
09:18:27.837-----------> ClassLocator.getDependentXMLResources: Replicate resource: timeline
Overwrite bundleresource://187.fwk176207911:6/metainfo/zk/lang-addon.xml
with bundleresource://187.fwk176207911:23/metainfo/zk/lang-addon.xml [17]
09:18:27.853-----------> ClassLocator.getDependentXMLResources: Replicate resource: timeplot
Overwrite bundleresource://187.fwk176207911:7/metainfo/zk/lang-addon.xml
with bundleresource://187.fwk176207911:24/metainfo/zk/lang-addon.xml [17]
09:18:27.869-----------> ClassLocator.getDependentXMLResources: Replicate resource: zkbind
Overwrite bundleresource://187.fwk176207911:12/metainfo/zk/lang-addon.xml
with bundleresource://187.fwk176207911:29/metainfo/zk/lang-addon.xml [17]
09:18:27.869-----------> ClassLocator.getDependentXMLResources: Replicate resource: zkplus
Overwrite bundleresource://187.fwk176207911:13/metainfo/zk/lang-addon.xml
with bundleresource://187.fwk176207911:30/metainfo/zk/lang-addon.xml [17]
09:18:28.009           WebUIServlet.init: iDempiere Web Client started successfully [17]
09:18:29.150-----------> AnnotationConfiguration.configure: ServletContainerInitializers: detected. Class hierarchy: empty [17]

*** 2016-10-05 09:18:29.395 idempiere Log (CLogFile) ***
