*** 2016-07-26 11:38:33.252 idempiere Log (CLogFile) ***
11:38:33.252 Adempiere.startup: iDempiere(r) Release 3.1_2015-10-31 -Smart Suite ERP, CRM and SCM- (c) 1999-2013 iDempiere(r); Implementation: iDempiere - Supported by iDempiere community [17]
11:38:33.255 Ini.loadProperties: E:\mercurialidempiere/idempiere.properties #32 [17]
11:38:34.090 AdempiereActivator.installPackage: ni.idempiere.importcurrencyrate 1.0.0 was installed: 2016-07-14 15:40:48.116 [17]
11:38:34.110 DB.isBuildOK: Build DB=${env.ADEMPIERE_VERSION} 20080428-1232 [17]
11:38:34.110 DB.isBuildOK: Build Cl=3.1.0.qualifier [17]
11:38:34.149-----------> DB.isBuildOK: Build Version Error 

The program assumes build version 3.1.0.qualifier, but database has build version ${env.ADEMPIERE_VERSION} 20080428-1232. 
This is likely to cause hard to fix errors. 
Please contact administrator. [17]
11:38:34.268 WebEnv.initWeb: Servlet Context Init Parameters: iDempiere Root
ServerRoot=1 [17]
11:38:34.281-----------> EMail.setFrom: you @ company.org: javax.mail.internet.AddressException: Local address contains control or whitespace in string ``you @ company.org'' [17]
11:38:34.284-----------> EMail.addTo: you @ company.org: javax.mail.internet.AddressException: Local address contains control or whitespace in string ``you @ company.org'' [17]
11:38:34.285-----------> EMail.isValid: From is invalid=null [17]
11:38:34.285-----------> EMail.isValid: From is invalid=null [17]
11:38:34.285-----------> MClient.sendEMail: Could NOT Send Email: Server started: iDempiere (odbz:172.16.67.22) to you @ company.org: Invalid Data (System) [17]
11:38:34.285 WebEnv.initWeb: Servlet Init Parameter: idempiereMonitor [17]
11:38:34.285 AdempiereMonitor.init:  [17]
11:38:39.419-----------> AnnotationConfiguration.configure: ServletContainerInitializers: detected. Class hierarchy: empty [17]
11:38:39.741-----------> ClassLocator.getDependentXMLResources: Replicate resource: ckez
Overwrite bundleresource://183.fwk47108597:2/metainfo/zk/config.xml
with bundleresource://183.fwk47108597:19/metainfo/zk/config.xml [17]
11:38:39.748-----------> ClassLocator.getDependentXMLResources: Replicate resource: zk
Overwrite bundleresource://183.fwk47108597:11/metainfo/zk/config.xml
with bundleresource://183.fwk47108597:28/metainfo/zk/config.xml [17]
11:38:39.753-----------> ClassLocator.getDependentXMLResources: Replicate resource: zkbind
Overwrite bundleresource://183.fwk47108597:12/metainfo/zk/config.xml
with bundleresource://183.fwk47108597:29/metainfo/zk/config.xml [17]
11:38:39.784-----------> ClassLocator.getDependentXMLResources: Replicate resource: zul
Overwrite bundleresource://183.fwk47108597:14/metainfo/zk/zk.xml
with bundleresource://183.fwk47108597:31/metainfo/zk/zk.xml [17]
11:38:40.198-----------> LanguageDefinition.<init>: Replicated language: xhtml, overriden by [LanguageDefinition: xhtml] [17]
11:38:40.225-----------> LanguageDefinition.<init>: Replicated language: xul/html, overriden by [LanguageDefinition: xul/html] [17]
11:38:40.303-----------> ClassLocator.getDependentXMLResources: Replicate resource: calendar
Overwrite bundleresource://183.fwk47108597:1/metainfo/zk/lang-addon.xml
with bundleresource://183.fwk47108597:18/metainfo/zk/lang-addon.xml [17]
11:38:40.311-----------> ClassLocator.getDependentXMLResources: Replicate resource: ckez
Overwrite bundleresource://183.fwk47108597:2/metainfo/zk/lang-addon.xml
with bundleresource://183.fwk47108597:19/metainfo/zk/lang-addon.xml [17]
11:38:40.322-----------> ClassLocator.getDependentXMLResources: Replicate resource: gmapsz
Overwrite bundleresource://183.fwk47108597:5/metainfo/zk/lang-addon.xml
with bundleresource://183.fwk47108597:22/metainfo/zk/lang-addon.xml [17]
11:38:40.329-----------> ClassLocator.getDependentXMLResources: Replicate resource: timeline
Overwrite bundleresource://183.fwk47108597:6/metainfo/zk/lang-addon.xml
with bundleresource://183.fwk47108597:23/metainfo/zk/lang-addon.xml [17]
11:38:40.336-----------> ClassLocator.getDependentXMLResources: Replicate resource: timeplot
Overwrite bundleresource://183.fwk47108597:7/metainfo/zk/lang-addon.xml
with bundleresource://183.fwk47108597:24/metainfo/zk/lang-addon.xml [17]
11:38:40.354-----------> ClassLocator.getDependentXMLResources: Replicate resource: zkbind
Overwrite bundleresource://183.fwk47108597:12/metainfo/zk/lang-addon.xml
with bundleresource://183.fwk47108597:29/metainfo/zk/lang-addon.xml [17]
11:38:40.365-----------> ClassLocator.getDependentXMLResources: Replicate resource: zkplus
Overwrite bundleresource://183.fwk47108597:13/metainfo/zk/lang-addon.xml
with bundleresource://183.fwk47108597:30/metainfo/zk/lang-addon.xml [17]
11:38:40.510           WebUIServlet.init: iDempiere Web Client started successfully [17]
11:38:41.802-----------> AnnotationConfiguration.configure: ServletContainerInitializers: detected. Class hierarchy: empty [17]

*** 2016-07-26 11:38:42.259 idempiere Log (CLogFile) ***
11:38:44.601-----------> Node: [172.16.67.22]:5701 [adempiere.idempiere/localhost] [3.5.3] No join method is enabled! Starting standalone. [41]
