*** 2016-09-13 14:45:56.585 idempiere Log (CLogFile) ***
14:45:56.585 Adempiere.startup: iDempiere(r) Release 3.1_2015-10-31 -Smart Suite ERP, CRM and SCM- (c) 1999-2013 iDempiere(r); Implementation: iDempiere - Supported by iDempiere community [17]
14:45:56.600 Ini.loadProperties: E:\mercurialidempiere/idempiere.properties #33 [17]
14:45:57.199 AdempiereActivator.installPackage: ni.idempiere.importcurrencyrate 1.0.0 was installed: 2016-07-14 16:34:48.698 [17]
14:45:57.211 DB.isBuildOK: Build DB=${env.ADEMPIERE_VERSION} 20080428-1232 [17]
14:45:57.211 DB.isBuildOK: Build Cl=3.1.0.qualifier [17]
14:45:57.242-----------> DB.isBuildOK: Build Version Error 

The program assumes build version 3.1.0.qualifier, but database has build version ${env.ADEMPIERE_VERSION} 20080428-1232. 
This is likely to cause hard to fix errors. 
Please contact administrator. [17]
14:45:57.336 WebEnv.initWeb: Servlet Context Init Parameters: iDempiere Root
ServerRoot=1 [17]
14:45:57.430-----------> EMail.setFrom: you @ company.org: javax.mail.internet.AddressException: Local address contains control or whitespace in string ``you @ company.org'' [17]
14:45:57.430-----------> EMail.addTo: you @ company.org: javax.mail.internet.AddressException: Local address contains control or whitespace in string ``you @ company.org'' [17]
14:45:57.430-----------> EMail.isValid: From is invalid=null [17]
14:45:57.430-----------> EMail.isValid: From is invalid=null [17]
14:45:57.430-----------> MClient.sendEMail: Could NOT Send Email: Server started: iDempiere (odbz:192.168.163.1) to you @ company.org: Invalid Data (System) [17]
14:45:57.430 WebEnv.initWeb: Servlet Init Parameter: idempiereMonitor [17]
14:45:57.430 AdempiereMonitor.init:  [17]
14:45:59.096-----------> AnnotationConfiguration.configure: ServletContainerInitializers: detected. Class hierarchy: empty [17]
14:45:59.343-----------> ClassLocator.getDependentXMLResources: Replicate resource: ckez
Overwrite bundleresource://185.fwk1399961333:2/metainfo/zk/config.xml
with bundleresource://185.fwk1399961333:19/metainfo/zk/config.xml [17]
14:45:59.359-----------> ClassLocator.getDependentXMLResources: Replicate resource: zk
Overwrite bundleresource://185.fwk1399961333:11/metainfo/zk/config.xml
with bundleresource://185.fwk1399961333:28/metainfo/zk/config.xml [17]
14:45:59.359-----------> ClassLocator.getDependentXMLResources: Replicate resource: zkbind
Overwrite bundleresource://185.fwk1399961333:12/metainfo/zk/config.xml
with bundleresource://185.fwk1399961333:29/metainfo/zk/config.xml [17]
14:45:59.390-----------> ClassLocator.getDependentXMLResources: Replicate resource: zul
Overwrite bundleresource://185.fwk1399961333:14/metainfo/zk/zk.xml
with bundleresource://185.fwk1399961333:31/metainfo/zk/zk.xml [17]
14:45:59.801-----------> LanguageDefinition.<init>: Replicated language: xhtml, overriden by [LanguageDefinition: xhtml] [17]
14:45:59.832-----------> LanguageDefinition.<init>: Replicated language: xul/html, overriden by [LanguageDefinition: xul/html] [17]
14:45:59.895-----------> ClassLocator.getDependentXMLResources: Replicate resource: calendar
Overwrite bundleresource://185.fwk1399961333:1/metainfo/zk/lang-addon.xml
with bundleresource://185.fwk1399961333:18/metainfo/zk/lang-addon.xml [17]
14:45:59.895-----------> ClassLocator.getDependentXMLResources: Replicate resource: ckez
Overwrite bundleresource://185.fwk1399961333:2/metainfo/zk/lang-addon.xml
with bundleresource://185.fwk1399961333:19/metainfo/zk/lang-addon.xml [17]
14:45:59.911-----------> ClassLocator.getDependentXMLResources: Replicate resource: gmapsz
Overwrite bundleresource://185.fwk1399961333:5/metainfo/zk/lang-addon.xml
with bundleresource://185.fwk1399961333:22/metainfo/zk/lang-addon.xml [17]
14:45:59.911-----------> ClassLocator.getDependentXMLResources: Replicate resource: timeline
Overwrite bundleresource://185.fwk1399961333:6/metainfo/zk/lang-addon.xml
with bundleresource://185.fwk1399961333:23/metainfo/zk/lang-addon.xml [17]
14:45:59.911-----------> ClassLocator.getDependentXMLResources: Replicate resource: timeplot
Overwrite bundleresource://185.fwk1399961333:7/metainfo/zk/lang-addon.xml
with bundleresource://185.fwk1399961333:24/metainfo/zk/lang-addon.xml [17]
14:45:59.927-----------> ClassLocator.getDependentXMLResources: Replicate resource: zkbind
Overwrite bundleresource://185.fwk1399961333:12/metainfo/zk/lang-addon.xml
with bundleresource://185.fwk1399961333:29/metainfo/zk/lang-addon.xml [17]
14:45:59.927-----------> ClassLocator.getDependentXMLResources: Replicate resource: zkplus
Overwrite bundleresource://185.fwk1399961333:13/metainfo/zk/lang-addon.xml
with bundleresource://185.fwk1399961333:30/metainfo/zk/lang-addon.xml [17]
14:46:00.192           WebUIServlet.init: iDempiere Web Client started successfully [17]
14:46:01.246-----------> AnnotationConfiguration.configure: ServletContainerInitializers: detected. Class hierarchy: empty [17]

*** 2016-09-13 14:46:01.474 idempiere Log (CLogFile) ***
14:46:03.642-----------> Node: [172.16.45.239]:5701 [adempiere.idempiere/localhost] [3.5.3] No join method is enabled! Starting standalone. [41]
14:46:23.480===========> Login.validateLogin: Refused:  Missing class ni.idempiere.model.NotificationValidator global
 [121]
