*** 2017-08-09 22:28:33.845 idempiere Log (CLogFile) ***
22:28:33.844 Adempiere.startup: iDempiere(r) Release 3.1_2015-10-31 -Smart Suite ERP, CRM and SCM- (c) 1999-2013 iDempiere(r); Implementation: iDempiere - Supported by iDempiere community [14]
22:28:33.868 Ini.loadProperties: E:\mercurialidempiere/idempiere.properties #33 [14]
22:28:37.354 AdempiereActivator.installPackage: ni.idempiere.importcurrencyrate 1.0.0 was installed: 2017-05-19 12:08:41.274 [14]
22:28:37.358 AdempiereActivator.installPackage: ni.idempiere.override.codebase 1.0.0 was installed: 2017-08-07 00:33:04.411 [14]
22:28:37.360 AdempiereActivator.installPackage: cm.itkamer.wandapos-integration2 1.0.0 was installed: 2017-07-10 23:50:08.486 [14]
22:28:37.546 DB.isBuildOK: Build DB=${env.ADEMPIERE_VERSION} 20080428-1232 [14]
22:28:37.546 DB.isBuildOK: Build Cl=3.1.0.qualifier [14]
22:28:37.884-----------> DB.isBuildOK: Error en la versión de la construcción 

El programa asume version de construcción 3.1.0.qualifier, pero la base de datos tiene una versión ${env.ADEMPIERE_VERSION} 20080428-1232.
Es posible que esto cause errores difíciles de corregir.
Por favor contacte al ADMINISTRADOR. [14]
22:28:38.919 WebEnv.initWeb: Servlet Context Init Parameters: iDempiere Root
ServerRoot=1 [14]
22:28:39.118-----------> EMail.setFrom: you @ company.org: javax.mail.internet.AddressException: Local address contains control or whitespace in string ``you @ company.org'' [14]
22:28:39.120-----------> EMail.addTo: you @ company.org: javax.mail.internet.AddressException: Local address contains control or whitespace in string ``you @ company.org'' [14]
22:28:39.121-----------> EMail.isValid: From is invalid=null [14]
22:28:39.121-----------> EMail.isValid: From is invalid=null [14]
22:28:39.121-----------> MClient.sendEMail: Could NOT Send Email: Server started: iDempiere (odbz:192.168.47.1) to you @ company.org: Invalid Data (System) [14]
22:28:39.121 WebEnv.initWeb: Servlet Init Parameter: idempiereMonitor [14]
22:28:39.122 AdempiereMonitor.init:  [14]
22:28:56.397-----------> AnnotationConfiguration.configure: ServletContainerInitializers: detected. Class hierarchy: empty [14]
22:28:56.878-----------> ClassLocator.getDependentXMLResources: Replicate resource: ckez
Overwrite bundleresource://187.fwk365962226:2/metainfo/zk/config.xml
with bundleresource://187.fwk365962226:19/metainfo/zk/config.xml [14]
22:28:56.884-----------> ClassLocator.getDependentXMLResources: Replicate resource: zk
Overwrite bundleresource://187.fwk365962226:11/metainfo/zk/config.xml
with bundleresource://187.fwk365962226:28/metainfo/zk/config.xml [14]
22:28:56.888-----------> ClassLocator.getDependentXMLResources: Replicate resource: zkbind
Overwrite bundleresource://187.fwk365962226:12/metainfo/zk/config.xml
with bundleresource://187.fwk365962226:29/metainfo/zk/config.xml [14]
22:28:56.910-----------> ClassLocator.getDependentXMLResources: Replicate resource: zul
Overwrite bundleresource://187.fwk365962226:14/metainfo/zk/zk.xml
with bundleresource://187.fwk365962226:31/metainfo/zk/zk.xml [14]
22:28:57.417-----------> LanguageDefinition.<init>: Replicated language: xhtml, overriden by [LanguageDefinition: xhtml] [14]
22:28:57.443-----------> LanguageDefinition.<init>: Replicated language: xul/html, overriden by [LanguageDefinition: xul/html] [14]
22:28:57.541-----------> ClassLocator.getDependentXMLResources: Replicate resource: calendar
Overwrite bundleresource://187.fwk365962226:1/metainfo/zk/lang-addon.xml
with bundleresource://187.fwk365962226:18/metainfo/zk/lang-addon.xml [14]
22:28:57.544-----------> ClassLocator.getDependentXMLResources: Replicate resource: ckez
Overwrite bundleresource://187.fwk365962226:2/metainfo/zk/lang-addon.xml
with bundleresource://187.fwk365962226:19/metainfo/zk/lang-addon.xml [14]
22:28:57.547-----------> ClassLocator.getDependentXMLResources: Replicate resource: gmapsz
Overwrite bundleresource://187.fwk365962226:5/metainfo/zk/lang-addon.xml
with bundleresource://187.fwk365962226:22/metainfo/zk/lang-addon.xml [14]
22:28:57.549-----------> ClassLocator.getDependentXMLResources: Replicate resource: timeline
Overwrite bundleresource://187.fwk365962226:6/metainfo/zk/lang-addon.xml
with bundleresource://187.fwk365962226:23/metainfo/zk/lang-addon.xml [14]
22:28:57.552-----------> ClassLocator.getDependentXMLResources: Replicate resource: timeplot
Overwrite bundleresource://187.fwk365962226:7/metainfo/zk/lang-addon.xml
with bundleresource://187.fwk365962226:24/metainfo/zk/lang-addon.xml [14]
22:28:57.561-----------> ClassLocator.getDependentXMLResources: Replicate resource: zkbind
Overwrite bundleresource://187.fwk365962226:12/metainfo/zk/lang-addon.xml
with bundleresource://187.fwk365962226:29/metainfo/zk/lang-addon.xml [14]
22:28:57.569-----------> ClassLocator.getDependentXMLResources: Replicate resource: zkplus
Overwrite bundleresource://187.fwk365962226:13/metainfo/zk/lang-addon.xml
with bundleresource://187.fwk365962226:30/metainfo/zk/lang-addon.xml [14]
22:28:57.962           WebUIServlet.init: iDempiere Web Client started successfully [14]
22:28:59.015-----------> AnnotationConfiguration.configure: ServletContainerInitializers: detected. Class hierarchy: empty [14]

*** 2017-08-09 22:28:59.724 idempiere Log (CLogFile) ***
22:29:02.884-----------> Node: [192.168.163.1]:5701 [adempiere.idempiere/localhost] [3.5.3] No join method is enabled! Starting standalone. [39]
22:30:45.146-----------> Prop.loadProperties: E:\mercurialidempiere\home.properties not found [32]
22:30:45.147-----------> Prop.loadProperties: !!WARNING:Please locate yout custom home.properties on iDEMPIERE_HOME. [32]
