*** 2016-06-01 17:17:05.042 idempiere Log (CLogFile) ***
17:17:05.042 Adempiere.startup: iDempiere(r) Release 3.1_2015-10-31 -Smart Suite ERP, CRM and SCM- (c) 1999-2013 iDempiere(r); Implementation: iDempiere - Supported by iDempiere community [17]
17:17:05.042 Ini.loadProperties: E:\mercurialidempiere/idempiere-test.properties #33 [17]
17:17:05.433 DB.isBuildOK: Build DB=${env.ADEMPIERE_VERSION} 20080428-1232 [17]
17:17:05.433 DB.isBuildOK: Build Cl=3.1.0.qualifier [17]
17:17:05.448-----------> DB.isBuildOK: Build Version Error 

The program assumes build version 3.1.0.qualifier, but database has build version ${env.ADEMPIERE_VERSION} 20080428-1232. 
This is likely to cause hard to fix errors. 
Please contact administrator. [17]
17:17:05.572 Language.getLanguage: Adding Language=en, Country=US, Locale=en_US [17]
17:17:05.572 Language.getLanguage: Adding Language=en, Country=US, Locale=en_US [17]
17:17:05.634 WebEnv.initWeb: Servlet Context Init Parameters: iDempiere Root
ServerRoot=1 [17]
17:17:05.650-----------> EMail.setFrom: you @ company.org: javax.mail.internet.AddressException: Local address contains control or whitespace in string ``you @ company.org'' [17]
17:17:05.650-----------> EMail.addTo: you @ company.org: javax.mail.internet.AddressException: Local address contains control or whitespace in string ``you @ company.org'' [17]
17:17:05.650-----------> EMail.isValid: From is invalid=null [17]
17:17:05.650-----------> EMail.isValid: From is invalid=null [17]
17:17:05.650-----------> MClient.sendEMail: Could NOT Send Email: Server started: iDempiere (odbz:10.0.5.43) to you @ company.org: Invalid Data (System) [17]
17:17:05.650 WebEnv.initWeb: Servlet Init Parameter: idempiereMonitor [17]
17:17:05.650 AdempiereMonitor.init:  [17]
17:17:07.181-----------> AnnotationConfiguration.configure: ServletContainerInitializers: detected. Class hierarchy: empty [17]
17:17:07.459-----------> ClassLocator.getDependentXMLResources: Replicate resource: ckez
Overwrite bundleresource://179.fwk491298318:2/metainfo/zk/config.xml
with bundleresource://179.fwk491298318:19/metainfo/zk/config.xml [17]
17:17:07.474-----------> ClassLocator.getDependentXMLResources: Replicate resource: zk
Overwrite bundleresource://179.fwk491298318:11/metainfo/zk/config.xml
with bundleresource://179.fwk491298318:28/metainfo/zk/config.xml [17]
17:17:07.474-----------> ClassLocator.getDependentXMLResources: Replicate resource: zkbind
Overwrite bundleresource://179.fwk491298318:12/metainfo/zk/config.xml
with bundleresource://179.fwk491298318:29/metainfo/zk/config.xml [17]
17:17:07.501-----------> ClassLocator.getDependentXMLResources: Replicate resource: zul
Overwrite bundleresource://179.fwk491298318:14/metainfo/zk/zk.xml
with bundleresource://179.fwk491298318:31/metainfo/zk/zk.xml [17]
17:17:07.845-----------> LanguageDefinition.<init>: Replicated language: xhtml, overriden by [LanguageDefinition: xhtml] [17]
17:17:07.860-----------> LanguageDefinition.<init>: Replicated language: xul/html, overriden by [LanguageDefinition: xul/html] [17]
17:17:07.923-----------> ClassLocator.getDependentXMLResources: Replicate resource: calendar
Overwrite bundleresource://179.fwk491298318:1/metainfo/zk/lang-addon.xml
with bundleresource://179.fwk491298318:18/metainfo/zk/lang-addon.xml [17]
17:17:07.923-----------> ClassLocator.getDependentXMLResources: Replicate resource: ckez
Overwrite bundleresource://179.fwk491298318:2/metainfo/zk/lang-addon.xml
with bundleresource://179.fwk491298318:19/metainfo/zk/lang-addon.xml [17]
17:17:07.923-----------> ClassLocator.getDependentXMLResources: Replicate resource: gmapsz
Overwrite bundleresource://179.fwk491298318:5/metainfo/zk/lang-addon.xml
with bundleresource://179.fwk491298318:22/metainfo/zk/lang-addon.xml [17]
17:17:07.939-----------> ClassLocator.getDependentXMLResources: Replicate resource: timeline
Overwrite bundleresource://179.fwk491298318:6/metainfo/zk/lang-addon.xml
with bundleresource://179.fwk491298318:23/metainfo/zk/lang-addon.xml [17]
17:17:07.939-----------> ClassLocator.getDependentXMLResources: Replicate resource: timeplot
Overwrite bundleresource://179.fwk491298318:7/metainfo/zk/lang-addon.xml
with bundleresource://179.fwk491298318:24/metainfo/zk/lang-addon.xml [17]
17:17:07.954-----------> ClassLocator.getDependentXMLResources: Replicate resource: zkbind
Overwrite bundleresource://179.fwk491298318:12/metainfo/zk/lang-addon.xml
with bundleresource://179.fwk491298318:29/metainfo/zk/lang-addon.xml [17]
17:17:07.954-----------> ClassLocator.getDependentXMLResources: Replicate resource: zkplus
Overwrite bundleresource://179.fwk491298318:13/metainfo/zk/lang-addon.xml
with bundleresource://179.fwk491298318:30/metainfo/zk/lang-addon.xml [17]
17:17:08.064           WebUIServlet.init: iDempiere Web Client started successfully [17]
17:17:09.079-----------> AnnotationConfiguration.configure: ServletContainerInitializers: detected. Class hierarchy: empty [17]

*** 2016-06-01 17:17:09.305 idempiere Log (CLogFile) ***
17:17:10.975-----------> Node: [10.0.5.43]:5701 [adempiere.idempiere/localhost] [3.5.3] No join method is enabled! Starting standalone. [42]
17:17:46.817===========> MRole.addAccessSQL: TableName not correctly parsed - TableNameIn=C_Invoice - AccessSqlParser[C_Invoice=WHERE|0] - #1 C_Invoice=WHERE
 = SELECT C_Invoice_ID, DocumentNo, DateInvoiced, GrandTotal, PartialPayment, Balance, PaidBill FROM C_Invoice WHERE  [35]
17:17:52.655===========> UiEngineImpl.handleError:  [33]
java.lang.NullPointerException
	at org.adempiere.webui.Form.NINSSAllocateInvoice.getUnProcesedPayment(NINSSAllocateInvoice.java:371)
	at org.adempiere.webui.Form.WNINSSAllocateInvoice.valueChange(WNINSSAllocateInvoice.java:312)
	at org.adempiere.webui.editor.WEditor.fireValueChange(WEditor.java:403)
	at org.adempiere.webui.editor.WSearchEditor.actionCombo(WSearchEditor.java:421)
	at org.adempiere.webui.editor.WSearchEditor.actionText(WSearchEditor.java:380)
	at org.adempiere.webui.editor.WSearchEditor.onEvent(WSearchEditor.java:242)
	at org.zkoss.zk.ui.AbstractComponent.onEvent(AbstractComponent.java:2773)
	at org.zkoss.zk.ui.AbstractComponent.service(AbstractComponent.java:2744)
	at org.zkoss.zk.ui.AbstractComponent.service(AbstractComponent.java:2685)
	at org.zkoss.zk.ui.impl.EventProcessor.process(EventProcessor.java:136)
	at org.zkoss.zk.ui.impl.UiEngineImpl.processEvent(UiEngineImpl.java:1765)
	at org.zkoss.zk.ui.impl.UiEngineImpl.process(UiEngineImpl.java:1550)
	at org.zkoss.zk.ui.impl.UiEngineImpl.execUpdate(UiEngineImpl.java:1260)
	at org.zkoss.zk.au.http.DHtmlUpdateServlet.process(DHtmlUpdateServlet.java:611)
	at org.zkoss.zk.au.http.DHtmlUpdateServlet.doGet(DHtmlUpdateServlet.java:485)
	at org.zkoss.zk.au.http.DHtmlUpdateServlet.doPost(DHtmlUpdateServlet.java:494)
	at javax.servlet.http.HttpServlet.service(HttpServlet.java:707)
	at javax.servlet.http.HttpServlet.service(HttpServlet.java:790)
	at org.eclipse.jetty.servlet.ServletHolder.handle(ServletHolder.java:808)
	at org.eclipse.jetty.servlet.ServletHandler.doHandle(ServletHandler.java:587)
	at org.eclipse.jetty.server.handler.ScopedHandler.handle(ScopedHandler.java:143)

