*** 2016-09-09 10:35:33.115 idempiere Log (CLogFile) ***
10:35:33.115 Adempiere.startup: iDempiere(r) Release 3.1_2015-10-31 -Smart Suite ERP, CRM and SCM- (c) 1999-2013 iDempiere(r); Implementation: iDempiere - Supported by iDempiere community [17]
10:35:33.115 Ini.loadProperties: E:\mercurialidempiere/idempiere.properties #33 [17]
10:35:33.669 AdempiereActivator.installPackage: ni.idempiere.importcurrencyrate 1.0.0 was installed: 2016-07-14 16:34:48.698 [17]
10:35:33.683 DB.isBuildOK: Build DB=${env.ADEMPIERE_VERSION} 20080428-1232 [17]
10:35:33.684 DB.isBuildOK: Build Cl=3.1.0.qualifier [17]
10:35:33.703-----------> DB.isBuildOK: Build Version Error 

The program assumes build version 3.1.0.qualifier, but database has build version ${env.ADEMPIERE_VERSION} 20080428-1232. 
This is likely to cause hard to fix errors. 
Please contact administrator. [17]
10:35:33.775 WebEnv.initWeb: Servlet Context Init Parameters: iDempiere Root
ServerRoot=1 [17]
10:35:33.849-----------> EMail.setFrom: you @ company.org: javax.mail.internet.AddressException: Local address contains control or whitespace in string ``you @ company.org'' [17]
10:35:33.850-----------> EMail.addTo: you @ company.org: javax.mail.internet.AddressException: Local address contains control or whitespace in string ``you @ company.org'' [17]
10:35:33.851-----------> EMail.isValid: From is invalid=null [17]
10:35:33.851-----------> EMail.isValid: From is invalid=null [17]
10:35:33.851-----------> MClient.sendEMail: Could NOT Send Email: Server started: iDempiere (odbz:192.168.163.1) to you @ company.org: Invalid Data (System) [17]
10:35:33.851 WebEnv.initWeb: Servlet Init Parameter: idempiereMonitor [17]
10:35:33.851 AdempiereMonitor.init:  [17]
10:35:35.369-----------> AnnotationConfiguration.configure: ServletContainerInitializers: detected. Class hierarchy: empty [17]
10:35:35.605-----------> ClassLocator.getDependentXMLResources: Replicate resource: ckez
Overwrite bundleresource://185.fwk1480207683:2/metainfo/zk/config.xml
with bundleresource://185.fwk1480207683:19/metainfo/zk/config.xml [17]
10:35:35.612-----------> ClassLocator.getDependentXMLResources: Replicate resource: zk
Overwrite bundleresource://185.fwk1480207683:11/metainfo/zk/config.xml
with bundleresource://185.fwk1480207683:28/metainfo/zk/config.xml [17]
10:35:35.618-----------> ClassLocator.getDependentXMLResources: Replicate resource: zkbind
Overwrite bundleresource://185.fwk1480207683:12/metainfo/zk/config.xml
with bundleresource://185.fwk1480207683:29/metainfo/zk/config.xml [17]
10:35:35.635-----------> ClassLocator.getDependentXMLResources: Replicate resource: zul
Overwrite bundleresource://185.fwk1480207683:14/metainfo/zk/zk.xml
with bundleresource://185.fwk1480207683:31/metainfo/zk/zk.xml [17]
10:35:35.968-----------> LanguageDefinition.<init>: Replicated language: xhtml, overriden by [LanguageDefinition: xhtml] [17]
10:35:35.994-----------> LanguageDefinition.<init>: Replicated language: xul/html, overriden by [LanguageDefinition: xul/html] [17]
10:35:36.046-----------> ClassLocator.getDependentXMLResources: Replicate resource: calendar
Overwrite bundleresource://185.fwk1480207683:1/metainfo/zk/lang-addon.xml
with bundleresource://185.fwk1480207683:18/metainfo/zk/lang-addon.xml [17]
10:35:36.050-----------> ClassLocator.getDependentXMLResources: Replicate resource: ckez
Overwrite bundleresource://185.fwk1480207683:2/metainfo/zk/lang-addon.xml
with bundleresource://185.fwk1480207683:19/metainfo/zk/lang-addon.xml [17]
10:35:36.055-----------> ClassLocator.getDependentXMLResources: Replicate resource: gmapsz
Overwrite bundleresource://185.fwk1480207683:5/metainfo/zk/lang-addon.xml
with bundleresource://185.fwk1480207683:22/metainfo/zk/lang-addon.xml [17]
10:35:36.059-----------> ClassLocator.getDependentXMLResources: Replicate resource: timeline
Overwrite bundleresource://185.fwk1480207683:6/metainfo/zk/lang-addon.xml
with bundleresource://185.fwk1480207683:23/metainfo/zk/lang-addon.xml [17]
10:35:36.063-----------> ClassLocator.getDependentXMLResources: Replicate resource: timeplot
Overwrite bundleresource://185.fwk1480207683:7/metainfo/zk/lang-addon.xml
with bundleresource://185.fwk1480207683:24/metainfo/zk/lang-addon.xml [17]
10:35:36.075-----------> ClassLocator.getDependentXMLResources: Replicate resource: zkbind
Overwrite bundleresource://185.fwk1480207683:12/metainfo/zk/lang-addon.xml
with bundleresource://185.fwk1480207683:29/metainfo/zk/lang-addon.xml [17]
10:35:36.081-----------> ClassLocator.getDependentXMLResources: Replicate resource: zkplus
Overwrite bundleresource://185.fwk1480207683:13/metainfo/zk/lang-addon.xml
with bundleresource://185.fwk1480207683:30/metainfo/zk/lang-addon.xml [17]
10:35:36.275           WebUIServlet.init: iDempiere Web Client started successfully [17]
10:35:37.218-----------> AnnotationConfiguration.configure: ServletContainerInitializers: detected. Class hierarchy: empty [17]

*** 2016-09-09 10:35:37.395 idempiere Log (CLogFile) ***
10:35:39.312-----------> Node: [172.16.45.186]:5701 [adempiere.idempiere/localhost] [3.5.3] No join method is enabled! Starting standalone. [41]
10:37:16.891===========> DB.executeUpdate: INSERT INTO smj_tmpwebsalesline (smj_tmpwebsalesline_ID,smj_tmpwebsales_ID,M_Product_ID,ProductName,ProductValue,C_BPartner_ID,partnername,Price,Qty,M_Warehouse_ID,WarehouseName,QtyEntered,total,C_UOM_ID,UOMName,tax,M_AttributeSetInstance_ID,AD_Client_ID,AD_Org_ID,IsActive,Created,CreatedBy,Updated,UpdatedBy,purchaseprice,smj_isworkorder,Line,C_OrderLine_ID,smj_tmpwebsalesline_UU) VALUES (?,?,?,?,?,?,?,?,?,?,?,?,?,?,?,?,?,?,?,?,?,?,?,?,?,?,?,?,?) [WSS1473439001380_e034df9b-ff14-40fa-919a-93241d53d0ba] [34]
org.postgresql.util.PSQLException: ERROR: el valor null para la columna «smj_iswarranty» viola la restricción not null
  Detail: La fila que falla contiene (1000023, 1000026, 1000000, Estándar, Estándar, 1000381, VENTAS MOSTRADOR POS, 1.00, 1, 1000000, Estándar, null, 1.0, 1.00000, 100, Unidad, 0.0, 0, null, 1000000, 1000000, Y, 2016-09-09 10:37:16.554, 1000000, 2016-09-09 10:37:16.554, 1000000, 1, null, null, null, F, 10, null, null, null, null, 1000014, 05bd0675-e492-46b7-95b2-d3c194efc78e).; State=23502; ErrorCode=0
	at org.postgresql.core.v3.QueryExecutorImpl.receiveErrorResponse(QueryExecutorImpl.java:2182)
	at org.postgresql.core.v3.QueryExecutorImpl.processResults(QueryExecutorImpl.java:1911)
	at org.postgresql.core.v3.QueryExecutorImpl.execute(QueryExecutorImpl.java:173)
	at org.postgresql.jdbc2.AbstractJdbc2Statement.execute(AbstractJdbc2Statement.java:645)
	at org.postgresql.jdbc2.AbstractJdbc2Statement.executeWithFlags(AbstractJdbc2Statement.java:495)
	at org.postgresql.jdbc2.AbstractJdbc2Statement.executeUpdate(AbstractJdbc2Statement.java:441)
	at com.mchange.v2.c3p0.impl.NewProxyPreparedStatement.executeUpdate(NewProxyPreparedStatement.java:1449)
	at sun.reflect.GeneratedMethodAccessor50.invoke(Unknown Source)
	at sun.reflect.DelegatingMethodAccessorImpl.invoke(Unknown Source)
	at java.lang.reflect.Method.invoke(Unknown Source)
	at org.compiere.db.StatementProxy.invoke(StatementProxy.java:128)
	at com.sun.proxy.$Proxy3.executeUpdate(Unknown Source)
	at org.compiere.util.DB.executeUpdate(DB.java:1038)
	at org.compiere.util.DB.executeUpdate(DB.java:1007)
	at org.compiere.model.PO.doInsert(PO.java:2974)
	at org.compiere.model.PO.saveNew(PO.java:2778)
	at org.compiere.model.PO.save(PO.java:2128)
	at com.smj.model.MSMJTmpWebSalesLine.save(MSMJTmpWebSalesLine.java:77)
	at com.smj.webui.apps.form.WSimplifiedSales.showInfoProduct(WSimplifiedSales.java:1546)
	at com.smj.webui.apps.form.WSimplifiedSales.valueChange(WSimplifiedSales.java:2053)
	at org.adempiere.webui.editor.WEditor.fireValueChange(WEditor.java:403)

10:37:16.960===========> DB.saveError: DBExecuteError - ERROR: el valor null para la columna «smj_iswarranty» viola la restricción not null
  Detail: La fila que falla contiene (1000023, 1000026, 1000000, Estándar, Estándar, 1000381, VENTAS MOSTRADOR POS, 1.00, 1, 1000000, Estándar, null, 1.0, 1.00000, 100, Unidad, 0.0, 0, null, 1000000, 1000000, Y, 2016-09-09 10:37:16.554, 1000000, 2016-09-09 10:37:16.554, 1000000, 1, null, null, null, F, 10, null, null, null, null, 1000014, 05bd0675-e492-46b7-95b2-d3c194efc78e). [34]
10:37:16.962-----------> MSMJTmpWebSalesLine.doInsert: [WSS1473439001380_e034df9b-ff14-40fa-919a-93241d53d0ba]Not inserted - smj_tmpwebsalesline [34]
10:37:16.962===========> MSMJTmpWebSalesLine.saveError: DBExecuteError - DBExecuteError:ERROR: el valor null para la columna «smj_iswarranty» viola la restricción not null
  Detail: La fila que falla contiene (1000023, 1000026, 1000000, Estándar, Estándar, 1000381, VENTAS MOSTRADOR POS, 1.00, 1, 1000000, Estándar, null, 1.0, 1.00000, 100, Unidad, 0.0, 0, null, 1000000, 1000000, Y, 2016-09-09 10:37:16.554, 1000000, 2016-09-09 10:37:16.554, 1000000, 1, null, null, null, F, 10, null, null, null, null, 1000014, 05bd0675-e492-46b7-95b2-d3c194efc78e). [34]
10:37:31.627-----------> NewPooledConnection.log: [c3p0] A PooledConnection that has already signalled a Connection error is still in use! [63]
10:37:31.627-----------> NewPooledConnection.log: [c3p0] Another error has occurred [ org.postgresql.util.PSQLException: ERROR: el valor null para la columna «smj_iswarranty» viola la restricción not null
  Detail: La fila que falla contiene (1000024, 1000026, 1000000, Estándar, Estándar, 1000381, VENTAS MOSTRADOR POS, 1.00, 11.0, 1000000, Estándar, null, 11, 11.0000, 100, Unidad, 0.0, 0, null, 1000000, 1000000, Y, 2016-09-09 10:37:16.554, 1000000, 2016-09-09 10:37:16.554, 1000000, 1, null, null, null, F, 10, null, null, null, null, 1000014, 05bd0675-e492-46b7-95b2-d3c194efc78e). ] which will not be reported to listeners! [63]
org.postgresql.util.PSQLException: ERROR: el valor null para la columna «smj_iswarranty» viola la restricción not null
  Detail: La fila que falla contiene (1000024, 1000026, 1000000, Estándar, Estándar, 1000381, VENTAS MOSTRADOR POS, 1.00, 11.0, 1000000, Estándar, null, 11, 11.0000, 100, Unidad, 0.0, 0, null, 1000000, 1000000, Y, 2016-09-09 10:37:16.554, 1000000, 2016-09-09 10:37:16.554, 1000000, 1, null, null, null, F, 10, null, null, null, null, 1000014, 05bd0675-e492-46b7-95b2-d3c194efc78e).; State=23502; ErrorCode=0
	at org.postgresql.core.v3.QueryExecutorImpl.receiveErrorResponse(QueryExecutorImpl.java:2182)
	at org.postgresql.core.v3.QueryExecutorImpl.processResults(QueryExecutorImpl.java:1911)
	at org.postgresql.core.v3.QueryExecutorImpl.execute(QueryExecutorImpl.java:173)
	at org.postgresql.jdbc2.AbstractJdbc2Statement.execute(AbstractJdbc2Statement.java:645)
	at org.postgresql.jdbc2.AbstractJdbc2Statement.executeWithFlags(AbstractJdbc2Statement.java:495)
	at org.postgresql.jdbc2.AbstractJdbc2Statement.executeUpdate(AbstractJdbc2Statement.java:441)
	at com.mchange.v2.c3p0.impl.NewProxyPreparedStatement.executeUpdate(NewProxyPreparedStatement.java:1449)
	at sun.reflect.GeneratedMethodAccessor50.invoke(Unknown Source)
	at sun.reflect.DelegatingMethodAccessorImpl.invoke(Unknown Source)
	at java.lang.reflect.Method.invoke(Unknown Source)
	at org.compiere.db.StatementProxy.invoke(StatementProxy.java:128)
	at com.sun.proxy.$Proxy3.executeUpdate(Unknown Source)
	at org.compiere.util.DB.executeUpdate(DB.java:1038)
	at org.compiere.util.DB.executeUpdate(DB.java:1007)
	at org.compiere.model.PO.doInsert(PO.java:2974)
	at org.compiere.model.PO.saveNew(PO.java:2778)
	at org.compiere.model.PO.save(PO.java:2128)
	at com.smj.model.MSMJTmpWebSalesLine.save(MSMJTmpWebSalesLine.java:77)
	at com.smj.webui.apps.form.WSimplifiedSales.tableChanged(WSimplifiedSales.java:2257)
	at org.adempiere.webui.component.ListModelTable.fireTableChange(ListModelTable.java:324)
	at org.adempiere.webui.component.ListModelTable.setDataAt(ListModelTable.java:223)

10:37:31.630===========> DB.executeUpdate: INSERT INTO smj_tmpwebsalesline (smj_tmpwebsalesline_ID,smj_tmpwebsales_ID,M_Product_ID,ProductName,ProductValue,C_BPartner_ID,partnername,Price,Qty,M_Warehouse_ID,WarehouseName,QtyEntered,total,C_UOM_ID,UOMName,tax,M_AttributeSetInstance_ID,AD_Client_ID,AD_Org_ID,IsActive,Created,CreatedBy,Updated,UpdatedBy,purchaseprice,smj_isworkorder,Line,C_OrderLine_ID,smj_tmpwebsalesline_UU) VALUES (?,?,?,?,?,?,?,?,?,?,?,?,?,?,?,?,?,?,?,?,?,?,?,?,?,?,?,?,?) [WSS1473439001380_e034df9b-ff14-40fa-919a-93241d53d0ba] [63]
org.postgresql.util.PSQLException: ERROR: el valor null para la columna «smj_iswarranty» viola la restricción not null
  Detail: La fila que falla contiene (1000024, 1000026, 1000000, Estándar, Estándar, 1000381, VENTAS MOSTRADOR POS, 1.00, 11.0, 1000000, Estándar, null, 11, 11.0000, 100, Unidad, 0.0, 0, null, 1000000, 1000000, Y, 2016-09-09 10:37:16.554, 1000000, 2016-09-09 10:37:16.554, 1000000, 1, null, null, null, F, 10, null, null, null, null, 1000014, 05bd0675-e492-46b7-95b2-d3c194efc78e).; State=23502; ErrorCode=0
	at org.postgresql.core.v3.QueryExecutorImpl.receiveErrorResponse(QueryExecutorImpl.java:2182)
	at org.postgresql.core.v3.QueryExecutorImpl.processResults(QueryExecutorImpl.java:1911)
	at org.postgresql.core.v3.QueryExecutorImpl.execute(QueryExecutorImpl.java:173)
	at org.postgresql.jdbc2.AbstractJdbc2Statement.execute(AbstractJdbc2Statement.java:645)
	at org.postgresql.jdbc2.AbstractJdbc2Statement.executeWithFlags(AbstractJdbc2Statement.java:495)
	at org.postgresql.jdbc2.AbstractJdbc2Statement.executeUpdate(AbstractJdbc2Statement.java:441)
	at com.mchange.v2.c3p0.impl.NewProxyPreparedStatement.executeUpdate(NewProxyPreparedStatement.java:1449)
	at sun.reflect.GeneratedMethodAccessor50.invoke(Unknown Source)
	at sun.reflect.DelegatingMethodAccessorImpl.invoke(Unknown Source)
	at java.lang.reflect.Method.invoke(Unknown Source)
	at org.compiere.db.StatementProxy.invoke(StatementProxy.java:128)
	at com.sun.proxy.$Proxy3.executeUpdate(Unknown Source)
	at org.compiere.util.DB.executeUpdate(DB.java:1038)
	at org.compiere.util.DB.executeUpdate(DB.java:1007)
	at org.compiere.model.PO.doInsert(PO.java:2974)
	at org.compiere.model.PO.saveNew(PO.java:2778)
	at org.compiere.model.PO.save(PO.java:2128)
	at com.smj.model.MSMJTmpWebSalesLine.save(MSMJTmpWebSalesLine.java:77)
	at com.smj.webui.apps.form.WSimplifiedSales.tableChanged(WSimplifiedSales.java:2257)
	at org.adempiere.webui.component.ListModelTable.fireTableChange(ListModelTable.java:324)
	at org.adempiere.webui.component.ListModelTable.setDataAt(ListModelTable.java:223)

10:37:31.646===========> DB.saveError: DBExecuteError - ERROR: el valor null para la columna «smj_iswarranty» viola la restricción not null
  Detail: La fila que falla contiene (1000024, 1000026, 1000000, Estándar, Estándar, 1000381, VENTAS MOSTRADOR POS, 1.00, 11.0, 1000000, Estándar, null, 11, 11.0000, 100, Unidad, 0.0, 0, null, 1000000, 1000000, Y, 2016-09-09 10:37:16.554, 1000000, 2016-09-09 10:37:16.554, 1000000, 1, null, null, null, F, 10, null, null, null, null, 1000014, 05bd0675-e492-46b7-95b2-d3c194efc78e). [63]
10:37:31.647-----------> MSMJTmpWebSalesLine.doInsert: [WSS1473439001380_e034df9b-ff14-40fa-919a-93241d53d0ba]Not inserted - smj_tmpwebsalesline [63]
10:37:31.648===========> MSMJTmpWebSalesLine.saveError: DBExecuteError - DBExecuteError:ERROR: el valor null para la columna «smj_iswarranty» viola la restricción not null
  Detail: La fila que falla contiene (1000024, 1000026, 1000000, Estándar, Estándar, 1000381, VENTAS MOSTRADOR POS, 1.00, 11.0, 1000000, Estándar, null, 11, 11.0000, 100, Unidad, 0.0, 0, null, 1000000, 1000000, Y, 2016-09-09 10:37:16.554, 1000000, 2016-09-09 10:37:16.554, 1000000, 1, null, null, null, F, 10, null, null, null, null, 1000014, 05bd0675-e492-46b7-95b2-d3c194efc78e). [63]
10:42:21.692===========> DB.executeUpdate: INSERT INTO smj_tmpwebsalesline (smj_tmpwebsalesline_ID,smj_tmpwebsales_ID,M_Product_ID,ProductName,ProductValue,C_BPartner_ID,partnername,Price,Qty,M_Warehouse_ID,WarehouseName,QtyEntered,total,C_UOM_ID,UOMName,tax,M_AttributeSetInstance_ID,AD_Client_ID,AD_Org_ID,IsActive,Created,CreatedBy,Updated,UpdatedBy,purchaseprice,smj_isworkorder,Line,C_OrderLine_ID,smj_tmpwebsalesline_UU) VALUES (?,?,?,?,?,?,?,?,?,?,?,?,?,?,?,?,?,?,?,?,?,?,?,?,?,?,?,?,?) [WSS1473439108138_63d60b2e-4f2b-4029-a8cd-21fc23294c63] [63]
org.postgresql.util.PSQLException: ERROR: el valor null para la columna «smj_iswarranty» viola la restricción not null
  Detail: La fila que falla contiene (1000025, 1000026, 1000000, Estándar, Estándar, 1000381, VENTAS MOSTRADOR POS, 1.00, 1, 1000000, Estándar, null, 1.0, 1.00000, 100, Unidad, 0.0, 0, null, 1000000, 1000000, Y, 2016-09-09 10:39:02.072, 1000000, 2016-09-09 10:39:02.072, 1000000, 1, null, null, null, F, 10, null, null, null, null, 1000015, 49ee49bb-c531-4a71-bda2-a516ce5ef0de).; State=23502; ErrorCode=0
	at org.postgresql.core.v3.QueryExecutorImpl.receiveErrorResponse(QueryExecutorImpl.java:2182)
	at org.postgresql.core.v3.QueryExecutorImpl.processResults(QueryExecutorImpl.java:1911)
	at org.postgresql.core.v3.QueryExecutorImpl.execute(QueryExecutorImpl.java:173)
	at org.postgresql.jdbc2.AbstractJdbc2Statement.execute(AbstractJdbc2Statement.java:645)
	at org.postgresql.jdbc2.AbstractJdbc2Statement.executeWithFlags(AbstractJdbc2Statement.java:495)
	at org.postgresql.jdbc2.AbstractJdbc2Statement.executeUpdate(AbstractJdbc2Statement.java:441)
	at com.mchange.v2.c3p0.impl.NewProxyPreparedStatement.executeUpdate(NewProxyPreparedStatement.java:1449)
	at sun.reflect.GeneratedMethodAccessor50.invoke(Unknown Source)
	at sun.reflect.DelegatingMethodAccessorImpl.invoke(Unknown Source)
	at java.lang.reflect.Method.invoke(Unknown Source)
	at org.compiere.db.StatementProxy.invoke(StatementProxy.java:128)
	at com.sun.proxy.$Proxy3.executeUpdate(Unknown Source)
	at org.compiere.util.DB.executeUpdate(DB.java:1038)
	at org.compiere.util.DB.executeUpdate(DB.java:1007)
	at org.compiere.model.PO.doInsert(PO.java:2974)
	at org.compiere.model.PO.saveNew(PO.java:2778)
	at org.compiere.model.PO.save(PO.java:2128)
	at com.smj.model.MSMJTmpWebSalesLine.save(MSMJTmpWebSalesLine.java:77)
	at com.smj.webui.apps.form.WSimplifiedSales.showInfoProduct(WSimplifiedSales.java:1546)
	at com.smj.webui.apps.form.WSimplifiedSales.valueChange(WSimplifiedSales.java:2053)
	at org.adempiere.webui.editor.WEditor.fireValueChange(WEditor.java:403)

10:42:21.709===========> DB.saveError: DBExecuteError - ERROR: el valor null para la columna «smj_iswarranty» viola la restricción not null
  Detail: La fila que falla contiene (1000025, 1000026, 1000000, Estándar, Estándar, 1000381, VENTAS MOSTRADOR POS, 1.00, 1, 1000000, Estándar, null, 1.0, 1.00000, 100, Unidad, 0.0, 0, null, 1000000, 1000000, Y, 2016-09-09 10:39:02.072, 1000000, 2016-09-09 10:39:02.072, 1000000, 1, null, null, null, F, 10, null, null, null, null, 1000015, 49ee49bb-c531-4a71-bda2-a516ce5ef0de). [63]
10:42:21.710-----------> MSMJTmpWebSalesLine.doInsert: [WSS1473439108138_63d60b2e-4f2b-4029-a8cd-21fc23294c63]Not inserted - smj_tmpwebsalesline [63]
10:42:21.711===========> MSMJTmpWebSalesLine.saveError: DBExecuteError - DBExecuteError:ERROR: el valor null para la columna «smj_iswarranty» viola la restricción not null
  Detail: La fila que falla contiene (1000025, 1000026, 1000000, Estándar, Estándar, 1000381, VENTAS MOSTRADOR POS, 1.00, 1, 1000000, Estándar, null, 1.0, 1.00000, 100, Unidad, 0.0, 0, null, 1000000, 1000000, Y, 2016-09-09 10:39:02.072, 1000000, 2016-09-09 10:39:02.072, 1000000, 1, null, null, null, F, 10, null, null, null, null, 1000015, 49ee49bb-c531-4a71-bda2-a516ce5ef0de). [63]
10:42:22.048-----------> ServletHandler.doHandle: /webui/zkau [34]
java.lang.IllegalStateException: Form too large: 2410898 > 1000000
	at org.eclipse.jetty.server.Request.extractFormParameters(Request.java:364)
	at org.eclipse.jetty.server.Request.extractContentParameters(Request.java:302)
	at org.eclipse.jetty.server.Request.extractParameters(Request.java:256)
	at org.eclipse.jetty.server.Request.getParameter(Request.java:825)
	at org.zkoss.zk.au.http.DHtmlUpdateServlet$3.getDesktopId(DHtmlUpdateServlet.java:748)
	at org.zkoss.zk.au.http.DHtmlUpdateServlet.process(DHtmlUpdateServlet.java:531)
	at org.zkoss.zk.au.http.DHtmlUpdateServlet.doGet(DHtmlUpdateServlet.java:485)
	at org.zkoss.zk.au.http.DHtmlUpdateServlet.doPost(DHtmlUpdateServlet.java:494)
	at javax.servlet.http.HttpServlet.service(HttpServlet.java:707)
	at javax.servlet.http.HttpServlet.service(HttpServlet.java:790)
	at org.eclipse.jetty.servlet.ServletHolder.handle(ServletHolder.java:808)
	at org.eclipse.jetty.servlet.ServletHandler.doHandle(ServletHandler.java:587)
	at org.eclipse.jetty.server.handler.ScopedHandler.handle(ScopedHandler.java:143)
	at org.eclipse.jetty.security.SecurityHandler.handle(SecurityHandler.java:577)
	at org.eclipse.jetty.server.session.SessionHandler.doHandle(SessionHandler.java:223)
	at org.eclipse.jetty.server.handler.ContextHandler.doHandle(ContextHandler.java:1127)
	at org.eclipse.jetty.servlet.ServletHandler.doScope(ServletHandler.java:515)
	at org.eclipse.jetty.server.session.SessionHandler.doScope(SessionHandler.java:185)
	at org.eclipse.jetty.server.handler.ContextHandler.doScope(ContextHandler.java:1061)
	at org.eclipse.jetty.server.handler.ScopedHandler.handle(ScopedHandler.java:141)
	at org.eclipse.jetty.server.handler.ContextHandlerCollection.handle(ContextHandlerCollection.java:215)

10:42:22.052-----------> HttpParser.parseNext: badMessage: java.lang.IllegalStateException: too much data after closed for HttpChannelOverHttp@272604ca{r=3261,c=false,a=IDLE,uri=-} [34]
