*** 2016-10-10 10:21:54.425 idempiere Log (CLogFile) ***
10:21:54.424 Adempiere.startup: iDempiere(r) Release 3.1_2015-10-31 -Smart Suite ERP, CRM and SCM- (c) 1999-2013 iDempiere(r); Implementation: iDempiere - Supported by iDempiere community [17]
10:21:54.428 Ini.loadProperties: E:\mercurialidempiere/idempiere.properties #33 [17]
10:21:55.059 AdempiereActivator.installPackage: ni.idempiere.importcurrencyrate 1.0.0 was installed: 2016-07-14 16:34:48.698 [17]
10:21:55.077 DB.isBuildOK: Build DB=${env.ADEMPIERE_VERSION} 20080428-1232 [17]
10:21:55.078 DB.isBuildOK: Build Cl=3.1.0.qualifier [17]
10:21:55.102-----------> DB.isBuildOK: Build Version Error 

The program assumes build version 3.1.0.qualifier, but database has build version ${env.ADEMPIERE_VERSION} 20080428-1232. 
This is likely to cause hard to fix errors. 
Please contact administrator. [17]
10:21:55.186 WebEnv.initWeb: Servlet Context Init Parameters: iDempiere Root
ServerRoot=1 [17]
10:21:55.200-----------> EMail.setFrom: you @ company.org: javax.mail.internet.AddressException: Local address contains control or whitespace in string ``you @ company.org'' [17]
10:21:55.202-----------> EMail.addTo: you @ company.org: javax.mail.internet.AddressException: Local address contains control or whitespace in string ``you @ company.org'' [17]
10:21:55.202-----------> EMail.isValid: From is invalid=null [17]
10:21:55.202-----------> EMail.isValid: From is invalid=null [17]
10:21:55.203-----------> MClient.sendEMail: Could NOT Send Email: Server started: iDempiere (odbz:192.168.163.1) to you @ company.org: Invalid Data (System) [17]
10:21:55.203 WebEnv.initWeb: Servlet Init Parameter: idempiereMonitor [17]
10:21:55.203 AdempiereMonitor.init:  [17]
10:21:56.863-----------> AnnotationConfiguration.configure: ServletContainerInitializers: detected. Class hierarchy: empty [17]
10:21:57.184-----------> ClassLocator.getDependentXMLResources: Replicate resource: ckez
Overwrite bundleresource://187.fwk1480207683:2/metainfo/zk/config.xml
with bundleresource://187.fwk1480207683:19/metainfo/zk/config.xml [17]
10:21:57.191-----------> ClassLocator.getDependentXMLResources: Replicate resource: zk
Overwrite bundleresource://187.fwk1480207683:11/metainfo/zk/config.xml
with bundleresource://187.fwk1480207683:28/metainfo/zk/config.xml [17]
10:21:57.195-----------> ClassLocator.getDependentXMLResources: Replicate resource: zkbind
Overwrite bundleresource://187.fwk1480207683:12/metainfo/zk/config.xml
with bundleresource://187.fwk1480207683:29/metainfo/zk/config.xml [17]
10:21:57.219-----------> ClassLocator.getDependentXMLResources: Replicate resource: zul
Overwrite bundleresource://187.fwk1480207683:14/metainfo/zk/zk.xml
with bundleresource://187.fwk1480207683:31/metainfo/zk/zk.xml [17]
10:21:57.622-----------> LanguageDefinition.<init>: Replicated language: xhtml, overriden by [LanguageDefinition: xhtml] [17]
10:21:57.652-----------> LanguageDefinition.<init>: Replicated language: xul/html, overriden by [LanguageDefinition: xul/html] [17]
10:21:57.724-----------> ClassLocator.getDependentXMLResources: Replicate resource: calendar
Overwrite bundleresource://187.fwk1480207683:1/metainfo/zk/lang-addon.xml
with bundleresource://187.fwk1480207683:18/metainfo/zk/lang-addon.xml [17]
10:21:57.729-----------> ClassLocator.getDependentXMLResources: Replicate resource: ckez
Overwrite bundleresource://187.fwk1480207683:2/metainfo/zk/lang-addon.xml
with bundleresource://187.fwk1480207683:19/metainfo/zk/lang-addon.xml [17]
10:21:57.735-----------> ClassLocator.getDependentXMLResources: Replicate resource: gmapsz
Overwrite bundleresource://187.fwk1480207683:5/metainfo/zk/lang-addon.xml
with bundleresource://187.fwk1480207683:22/metainfo/zk/lang-addon.xml [17]
10:21:57.739-----------> ClassLocator.getDependentXMLResources: Replicate resource: timeline
Overwrite bundleresource://187.fwk1480207683:6/metainfo/zk/lang-addon.xml
with bundleresource://187.fwk1480207683:23/metainfo/zk/lang-addon.xml [17]
10:21:57.742-----------> ClassLocator.getDependentXMLResources: Replicate resource: timeplot
Overwrite bundleresource://187.fwk1480207683:7/metainfo/zk/lang-addon.xml
with bundleresource://187.fwk1480207683:24/metainfo/zk/lang-addon.xml [17]
10:21:57.753-----------> ClassLocator.getDependentXMLResources: Replicate resource: zkbind
Overwrite bundleresource://187.fwk1480207683:12/metainfo/zk/lang-addon.xml
with bundleresource://187.fwk1480207683:29/metainfo/zk/lang-addon.xml [17]
10:21:57.761-----------> ClassLocator.getDependentXMLResources: Replicate resource: zkplus
Overwrite bundleresource://187.fwk1480207683:13/metainfo/zk/lang-addon.xml
with bundleresource://187.fwk1480207683:30/metainfo/zk/lang-addon.xml [17]
10:21:57.886           WebUIServlet.init: iDempiere Web Client started successfully [17]
10:21:59.055-----------> AnnotationConfiguration.configure: ServletContainerInitializers: detected. Class hierarchy: empty [17]

*** 2016-10-10 10:21:59.306 idempiere Log (CLogFile) ***
10:22:01.524-----------> Node: [192.168.163.1]:5701 [adempiere.idempiere/localhost] [3.5.3] No join method is enabled! Starting standalone. [48]
10:22:23.059-----------> Msg.getMsg: NOT found: ni.idempiere.toolbar.button.action.report.label [32]
10:22:23.060-----------> Msg.getMsg: NOT found: ni.idempiere.toolbar.button.action.report.tooltip [32]
