*** 2016-06-24 10:11:31.176 idempiere Log (CLogFile) ***
10:11:31.175 Adempiere.startup: iDempiere(r) Release 3.1_2015-10-31 -Smart Suite ERP, CRM and SCM- (c) 1999-2013 iDempiere(r); Implementation: iDempiere - Supported by iDempiere community [17]
10:11:31.179 Ini.loadProperties: E:\mercurialidempiere/idempiere-dev.properties #33 [17]
10:11:31.785 DB.isBuildOK: Build DB=${env.ADEMPIERE_VERSION} 20080428-1232 [17]
10:11:31.785 DB.isBuildOK: Build Cl=3.1.0.qualifier [17]
10:11:31.857-----------> DB.isBuildOK: Build Version Error 

The program assumes build version 3.1.0.qualifier, but database has build version ${env.ADEMPIERE_VERSION} 20080428-1232. 
This is likely to cause hard to fix errors. 
Please contact administrator. [17]
10:11:32.008 WebEnv.initWeb: Servlet Context Init Parameters: iDempiere Root
ServerRoot=1 [17]
10:11:32.021-----------> EMail.setFrom: you @ company.org: javax.mail.internet.AddressException: Local address contains control or whitespace in string ``you @ company.org'' [17]
10:11:32.026-----------> EMail.addTo: you @ company.org: javax.mail.internet.AddressException: Local address contains control or whitespace in string ``you @ company.org'' [17]
10:11:32.026-----------> EMail.isValid: From is invalid=null [17]
10:11:32.026-----------> EMail.isValid: From is invalid=null [17]
10:11:32.026-----------> MClient.sendEMail: Could NOT Send Email: Server started: iDempiere (odbz:10.0.5.41) to you @ company.org: Invalid Data (System) [17]
10:11:32.026 WebEnv.initWeb: Servlet Init Parameter: idempiereMonitor [17]
10:11:32.026 AdempiereMonitor.init:  [17]
10:11:34.166-----------> AnnotationConfiguration.configure: ServletContainerInitializers: detected. Class hierarchy: empty [17]
10:11:34.452-----------> ClassLocator.getDependentXMLResources: Replicate resource: ckez
Overwrite bundleresource://179.fwk1399961333:2/metainfo/zk/config.xml
with bundleresource://179.fwk1399961333:19/metainfo/zk/config.xml [17]
10:11:34.459-----------> ClassLocator.getDependentXMLResources: Replicate resource: zk
Overwrite bundleresource://179.fwk1399961333:11/metainfo/zk/config.xml
with bundleresource://179.fwk1399961333:28/metainfo/zk/config.xml [17]
10:11:34.465-----------> ClassLocator.getDependentXMLResources: Replicate resource: zkbind
Overwrite bundleresource://179.fwk1399961333:12/metainfo/zk/config.xml
with bundleresource://179.fwk1399961333:29/metainfo/zk/config.xml [17]
10:11:34.490-----------> ClassLocator.getDependentXMLResources: Replicate resource: zul
Overwrite bundleresource://179.fwk1399961333:14/metainfo/zk/zk.xml
with bundleresource://179.fwk1399961333:31/metainfo/zk/zk.xml [17]
10:11:34.893-----------> LanguageDefinition.<init>: Replicated language: xhtml, overriden by [LanguageDefinition: xhtml] [17]
10:11:34.924-----------> LanguageDefinition.<init>: Replicated language: xul/html, overriden by [LanguageDefinition: xul/html] [17]
10:11:34.985-----------> ClassLocator.getDependentXMLResources: Replicate resource: calendar
Overwrite bundleresource://179.fwk1399961333:1/metainfo/zk/lang-addon.xml
with bundleresource://179.fwk1399961333:18/metainfo/zk/lang-addon.xml [17]
10:11:34.989-----------> ClassLocator.getDependentXMLResources: Replicate resource: ckez
Overwrite bundleresource://179.fwk1399961333:2/metainfo/zk/lang-addon.xml
with bundleresource://179.fwk1399961333:19/metainfo/zk/lang-addon.xml [17]
10:11:34.993-----------> ClassLocator.getDependentXMLResources: Replicate resource: gmapsz
Overwrite bundleresource://179.fwk1399961333:5/metainfo/zk/lang-addon.xml
with bundleresource://179.fwk1399961333:22/metainfo/zk/lang-addon.xml [17]
10:11:34.999-----------> ClassLocator.getDependentXMLResources: Replicate resource: timeline
Overwrite bundleresource://179.fwk1399961333:6/metainfo/zk/lang-addon.xml
with bundleresource://179.fwk1399961333:23/metainfo/zk/lang-addon.xml [17]
10:11:35.002-----------> ClassLocator.getDependentXMLResources: Replicate resource: timeplot
Overwrite bundleresource://179.fwk1399961333:7/metainfo/zk/lang-addon.xml
with bundleresource://179.fwk1399961333:24/metainfo/zk/lang-addon.xml [17]
10:11:35.017-----------> ClassLocator.getDependentXMLResources: Replicate resource: zkbind
Overwrite bundleresource://179.fwk1399961333:12/metainfo/zk/lang-addon.xml
with bundleresource://179.fwk1399961333:29/metainfo/zk/lang-addon.xml [17]
10:11:35.027-----------> ClassLocator.getDependentXMLResources: Replicate resource: zkplus
Overwrite bundleresource://179.fwk1399961333:13/metainfo/zk/lang-addon.xml
with bundleresource://179.fwk1399961333:30/metainfo/zk/lang-addon.xml [17]
10:11:35.156           WebUIServlet.init: iDempiere Web Client started successfully [17]
10:11:36.221-----------> AnnotationConfiguration.configure: ServletContainerInitializers: detected. Class hierarchy: empty [17]

*** 2016-06-24 10:11:36.544 idempiere Log (CLogFile) ***
10:11:38.753-----------> Node: [10.0.5.41]:5701 [adempiere.idempiere/localhost] [3.5.3] No join method is enabled! Starting standalone. [40]
10:13:33.640===========> GridTab.processCallout: Nothing to convert. [33]
10:13:33.898-----------> Msg.getMsg: NOT found: Nothing to convert. [33]
10:14:48.872===========> GridTab.processCallout: Nothing to convert. [35]
10:14:49.058-----------> Msg.getMsg: NOT found: Nothing to convert. [35]
