*** 2016-07-25 15:52:30.709 idempiere Log (CLogFile) ***
15:52:30.709 Adempiere.startup: iDempiere(r) Release 3.1_2015-10-31 -Smart Suite ERP, CRM and SCM- (c) 1999-2013 iDempiere(r); Implementation: iDempiere - Supported by iDempiere community [17]
15:52:30.709 Ini.loadProperties: E:\mercurialidempiere/idempiere.properties #32 [17]
15:52:31.216 AdempiereActivator.installPackage: ni.idempiere.importcurrencyrate 1.0.0 was installed: 2016-07-14 15:40:48.116 [17]
15:52:31.216 DB.isBuildOK: Build DB=${env.ADEMPIERE_VERSION} 20080428-1232 [17]
15:52:31.216 DB.isBuildOK: Build Cl=3.1.0.qualifier [17]
15:52:31.232-----------> DB.isBuildOK: Build Version Error 

The program assumes build version 3.1.0.qualifier, but database has build version ${env.ADEMPIERE_VERSION} 20080428-1232. 
This is likely to cause hard to fix errors. 
Please contact administrator. [17]
15:52:31.310 WebEnv.initWeb: Servlet Context Init Parameters: iDempiere Root
ServerRoot=1 [17]
15:52:31.310-----------> EMail.setFrom: you @ company.org: javax.mail.internet.AddressException: Local address contains control or whitespace in string ``you @ company.org'' [17]
15:52:31.310-----------> EMail.addTo: you @ company.org: javax.mail.internet.AddressException: Local address contains control or whitespace in string ``you @ company.org'' [17]
15:52:31.310-----------> EMail.isValid: From is invalid=null [17]
15:52:31.326-----------> EMail.isValid: From is invalid=null [17]
15:52:31.326-----------> MClient.sendEMail: Could NOT Send Email: Server started: iDempiere (odbz:192.168.8.100) to you @ company.org: Invalid Data (System) [17]
15:52:31.326 WebEnv.initWeb: Servlet Init Parameter: idempiereMonitor [17]
15:52:31.326 AdempiereMonitor.init:  [17]
15:52:34.004-----------> AnnotationConfiguration.configure: ServletContainerInitializers: detected. Class hierarchy: empty [17]
15:52:34.209-----------> ClassLocator.getDependentXMLResources: Replicate resource: ckez
Overwrite bundleresource://183.fwk1399961333:2/metainfo/zk/config.xml
with bundleresource://183.fwk1399961333:19/metainfo/zk/config.xml [17]
15:52:34.209-----------> ClassLocator.getDependentXMLResources: Replicate resource: zk
Overwrite bundleresource://183.fwk1399961333:11/metainfo/zk/config.xml
with bundleresource://183.fwk1399961333:28/metainfo/zk/config.xml [17]
15:52:34.225-----------> ClassLocator.getDependentXMLResources: Replicate resource: zkbind
Overwrite bundleresource://183.fwk1399961333:12/metainfo/zk/config.xml
with bundleresource://183.fwk1399961333:29/metainfo/zk/config.xml [17]
15:52:34.241-----------> ClassLocator.getDependentXMLResources: Replicate resource: zul
Overwrite bundleresource://183.fwk1399961333:14/metainfo/zk/zk.xml
with bundleresource://183.fwk1399961333:31/metainfo/zk/zk.xml [17]
15:52:34.584-----------> LanguageDefinition.<init>: Replicated language: xhtml, overriden by [LanguageDefinition: xhtml] [17]
15:52:34.616-----------> LanguageDefinition.<init>: Replicated language: xul/html, overriden by [LanguageDefinition: xul/html] [17]
15:52:34.678-----------> ClassLocator.getDependentXMLResources: Replicate resource: calendar
Overwrite bundleresource://183.fwk1399961333:1/metainfo/zk/lang-addon.xml
with bundleresource://183.fwk1399961333:18/metainfo/zk/lang-addon.xml [17]
15:52:34.678-----------> ClassLocator.getDependentXMLResources: Replicate resource: ckez
Overwrite bundleresource://183.fwk1399961333:2/metainfo/zk/lang-addon.xml
with bundleresource://183.fwk1399961333:19/metainfo/zk/lang-addon.xml [17]
15:52:34.678-----------> ClassLocator.getDependentXMLResources: Replicate resource: gmapsz
Overwrite bundleresource://183.fwk1399961333:5/metainfo/zk/lang-addon.xml
with bundleresource://183.fwk1399961333:22/metainfo/zk/lang-addon.xml [17]
15:52:34.694-----------> ClassLocator.getDependentXMLResources: Replicate resource: timeline
Overwrite bundleresource://183.fwk1399961333:6/metainfo/zk/lang-addon.xml
with bundleresource://183.fwk1399961333:23/metainfo/zk/lang-addon.xml [17]
15:52:34.694-----------> ClassLocator.getDependentXMLResources: Replicate resource: timeplot
Overwrite bundleresource://183.fwk1399961333:7/metainfo/zk/lang-addon.xml
with bundleresource://183.fwk1399961333:24/metainfo/zk/lang-addon.xml [17]
15:52:34.709-----------> ClassLocator.getDependentXMLResources: Replicate resource: zkbind
Overwrite bundleresource://183.fwk1399961333:12/metainfo/zk/lang-addon.xml
with bundleresource://183.fwk1399961333:29/metainfo/zk/lang-addon.xml [17]
15:52:34.709-----------> ClassLocator.getDependentXMLResources: Replicate resource: zkplus
Overwrite bundleresource://183.fwk1399961333:13/metainfo/zk/lang-addon.xml
with bundleresource://183.fwk1399961333:30/metainfo/zk/lang-addon.xml [17]
15:52:34.834           WebUIServlet.init: iDempiere Web Client started successfully [17]
15:52:35.763-----------> AnnotationConfiguration.configure: ServletContainerInitializers: detected. Class hierarchy: empty [17]

*** 2016-07-25 15:52:35.939 idempiere Log (CLogFile) ***
15:52:37.798-----------> Node: [192.168.8.100]:5701 [adempiere.idempiere/localhost] [3.5.3] No join method is enabled! Starting standalone. [42]
15:52:45.758-----------> Prop.loadProperties: E:\mercurialidempiere\home.properties not found [33]
15:52:45.759-----------> Prop.loadProperties: !!WARNING:Please locate yout custom home.properties on iDEMPIERE_HOME. [33]
15:53:14.263-----------> Msg.getMsg: NOT found: ni.idempiere.toolbar.action.toolbarbtn.label [35]
15:53:14.263-----------> Msg.getMsg: NOT found: ni.idempiere.toolbar.action.toolbarbtn.tooltip [35]
15:53:21.585-----------> Msg.getMsg: NOT found: ni.idempiere.toolbar.action.toolbarbtn.label [31]
15:53:21.585-----------> Msg.getMsg: NOT found: ni.idempiere.toolbar.action.toolbarbtn.tooltip [31]
15:53:29.982-----------> MWFActivity.run: MWFNode[193-(DocPrepare),Action=DocumentAction=PR] [54]
java.lang.Exception: @NoLines@
	at org.compiere.wf.MWFActivity.performWork(MWFActivity.java:1047)
	at org.compiere.wf.MWFActivity.run(MWFActivity.java:874)
	at org.compiere.wf.MWFProcess.startNext(MWFProcess.java:373)
	at org.compiere.wf.MWFProcess.checkActivities(MWFProcess.java:283)
	at org.compiere.wf.MWFActivity.setWFState(MWFActivity.java:277)
	at org.compiere.wf.MWFActivity.run(MWFActivity.java:891)
	at org.compiere.wf.MWFProcess.startWork(MWFProcess.java:505)
	at org.compiere.wf.MWorkflow.start(MWorkflow.java:687)
	at org.adempiere.util.ProcessUtil.startWorkFlow(ProcessUtil.java:313)
	at org.compiere.apps.AbstractProcessCtl.startWorkflow(AbstractProcessCtl.java:391)
	at org.compiere.apps.AbstractProcessCtl.run(AbstractProcessCtl.java:209)

15:53:49.689-----------> Msg.getMsg: NOT found: ni.idempiere.toolbar.action.toolbarbtn.label [33]
15:53:49.689-----------> Msg.getMsg: NOT found: ni.idempiere.toolbar.action.toolbarbtn.tooltip [33]
15:55:32.274-----------> MWFActivity.run: MWFNode[193-(DocPrepare),Action=DocumentAction=PR] [62]
java.lang.Exception: Withholding Not Generated
	at org.compiere.wf.MWFActivity.performWork(MWFActivity.java:1047)
	at org.compiere.wf.MWFActivity.run(MWFActivity.java:874)
	at org.compiere.wf.MWFProcess.startNext(MWFProcess.java:373)
	at org.compiere.wf.MWFProcess.checkActivities(MWFProcess.java:283)
	at org.compiere.wf.MWFActivity.setWFState(MWFActivity.java:277)
	at org.compiere.wf.MWFActivity.run(MWFActivity.java:891)
	at org.compiere.wf.MWFProcess.startWork(MWFProcess.java:505)
	at org.compiere.wf.MWorkflow.start(MWorkflow.java:687)
	at org.adempiere.util.ProcessUtil.startWorkFlow(ProcessUtil.java:313)
	at org.compiere.apps.AbstractProcessCtl.startWorkflow(AbstractProcessCtl.java:391)
	at org.compiere.apps.AbstractProcessCtl.run(AbstractProcessCtl.java:209)

15:55:37.012-----------> DefaultProcessFactory.newProcessInstance: org.globalqss.process.LCO_GenerateWithholding [182]
java.lang.ClassNotFoundException: org.globalqss.process.LCO_GenerateWithholding cannot be found by org.adempiere.base_3.1.0.qualifier
	at org.eclipse.osgi.internal.loader.BundleLoader.findClassInternal(BundleLoader.java:432)
	at org.eclipse.osgi.internal.loader.BundleLoader.findClass(BundleLoader.java:345)
	at org.eclipse.osgi.internal.loader.BundleLoader.findClass(BundleLoader.java:337)
	at org.eclipse.osgi.internal.loader.ModuleClassLoader.loadClass(ModuleClassLoader.java:160)
	at java.lang.ClassLoader.loadClass(Unknown Source)
	at org.adempiere.base.DefaultProcessFactory.newProcessInstance(DefaultProcessFactory.java:64)
	at org.adempiere.base.Core.getProcess(Core.java:127)
	at org.adempiere.util.ProcessUtil.startJavaProcess(ProcessUtil.java:159)
	at org.compiere.apps.AbstractProcessCtl.startProcess(AbstractProcessCtl.java:466)
	at org.compiere.apps.AbstractProcessCtl.run(AbstractProcessCtl.java:234)
	at org.adempiere.webui.apps.WProcessCtl.process(WProcessCtl.java:197)
	at org.adempiere.webui.apps.AbstractProcessDialog$ProcessDialogRunnable.doRun(AbstractProcessDialog.java:1060)
	at org.adempiere.util.ContextRunnable.run(ContextRunnable.java:38)
	at org.adempiere.webui.apps.DesktopRunnable.run(DesktopRunnable.java:40)
	at java.util.concurrent.Executors$RunnableAdapter.call(Unknown Source)
	at java.util.concurrent.FutureTask.run(Unknown Source)
	at java.util.concurrent.ScheduledThreadPoolExecutor$ScheduledFutureTask.access$201(Unknown Source)
	at java.util.concurrent.ScheduledThreadPoolExecutor$ScheduledFutureTask.run(Unknown Source)
	at java.util.concurrent.ThreadPoolExecutor.runWorker(Unknown Source)
	at java.util.concurrent.ThreadPoolExecutor$Worker.run(Unknown Source)
	at java.lang.Thread.run(Unknown Source)

15:58:47.480-----------> Msg.getMsg: NOT found: ni.idempiere.toolbar.action.toolbarbtn.label [205]
15:58:47.480-----------> Msg.getMsg: NOT found: ni.idempiere.toolbar.action.toolbarbtn.tooltip [205]
16:00:00.180-----------> Msg.getMsg: NOT found: ni.idempiere.toolbar.action.toolbarbtn.label [205]
16:00:00.180-----------> Msg.getMsg: NOT found: ni.idempiere.toolbar.action.toolbarbtn.tooltip [205]
16:01:45.990-----------> Msg.getMsg: NOT found: ni.idempiere.toolbar.action.toolbarbtn.label [208]
16:01:45.990-----------> Msg.getMsg: NOT found: ni.idempiere.toolbar.action.toolbarbtn.tooltip [208]
16:08:14.985-----------> Msg.getMsg: NOT found: ni.idempiere.toolbar.action.toolbarbtn.label [204]
16:08:14.985-----------> Msg.getMsg: NOT found: ni.idempiere.toolbar.action.toolbarbtn.tooltip [204]
16:08:43.677-----------> MWFActivity.run: MWFNode[193-(DocPrepare),Action=DocumentAction=PR] [124]
java.lang.Exception: Withholding Not Generated
	at org.compiere.wf.MWFActivity.performWork(MWFActivity.java:1047)
	at org.compiere.wf.MWFActivity.run(MWFActivity.java:874)
	at org.compiere.wf.MWFProcess.startNext(MWFProcess.java:373)
	at org.compiere.wf.MWFProcess.checkActivities(MWFProcess.java:283)
	at org.compiere.wf.MWFActivity.setWFState(MWFActivity.java:277)
	at org.compiere.wf.MWFActivity.run(MWFActivity.java:891)
	at org.compiere.wf.MWFProcess.startWork(MWFProcess.java:505)
	at org.compiere.wf.MWorkflow.start(MWorkflow.java:687)
	at org.adempiere.util.ProcessUtil.startWorkFlow(ProcessUtil.java:313)
	at org.compiere.apps.AbstractProcessCtl.startWorkflow(AbstractProcessCtl.java:391)
	at org.compiere.apps.AbstractProcessCtl.run(AbstractProcessCtl.java:209)

