*** 2017-08-18 16:14:17.898 idempiere Log (CLogFile) ***
16:14:17.897 Adempiere.startup: iDempiere(r) Release 3.1_2015-10-31 -Smart Suite ERP, CRM and SCM- (c) 1999-2013 iDempiere(r); Implementation: iDempiere - Supported by iDempiere community [17]
16:14:17.901 Ini.loadProperties: E:\mercurialidempiere/idempiere.properties #33 [17]
16:14:18.627 AdempiereActivator.installPackage: ni.idempiere.importcurrencyrate 1.0.0 was installed: 2017-05-19 12:08:41.274 [17]
16:14:18.631 AdempiereActivator.installPackage: ni.idempiere.procesingdocuments 1.0.0 was installed: 2017-08-18 11:31:17.908 [17]
16:14:18.634 AdempiereActivator.installPackage: cm.itkamer.wandapos-integration2 1.0.0 was installed: 2017-07-10 23:50:08.486 [17]
16:14:18.636 AdempiereActivator.installPackage: ni.idempiere.override.codebase 1.0.0 was installed: 2017-08-07 00:33:04.411 [17]
16:14:18.648 DB.isBuildOK: Build DB=${env.ADEMPIERE_VERSION} 20080428-1232 [17]
16:14:18.649 DB.isBuildOK: Build Cl=3.1.0.qualifier [17]
16:14:18.670-----------> DB.isBuildOK: Error en la versión de la construcción 

El programa asume version de construcción 3.1.0.qualifier, pero la base de datos tiene una versión ${env.ADEMPIERE_VERSION} 20080428-1232.
Es posible que esto cause errores difíciles de corregir.
Por favor contacte al ADMINISTRADOR. [17]
16:14:18.757 WebEnv.initWeb: Servlet Context Init Parameters: iDempiere Root
ServerRoot=1 [17]
16:14:18.981-----------> EMail.setFrom: you @ company.org: javax.mail.internet.AddressException: Local address contains control or whitespace in string ``you @ company.org'' [17]
16:14:18.986-----------> EMail.addTo: you @ company.org: javax.mail.internet.AddressException: Local address contains control or whitespace in string ``you @ company.org'' [17]
16:14:18.987-----------> EMail.isValid: From is invalid=null [17]
16:14:18.987-----------> EMail.isValid: From is invalid=null [17]
16:14:18.987-----------> MClient.sendEMail: Could NOT Send Email: Server started: iDempiere (odbz:192.168.47.1) to you @ company.org: Invalid Data (System) [17]
16:14:18.987 WebEnv.initWeb: Servlet Init Parameter: idempiereMonitor [17]
16:14:18.987 AdempiereMonitor.init:  [17]
16:14:20.867-----------> AnnotationConfiguration.configure: ServletContainerInitializers: detected. Class hierarchy: empty [17]
16:14:21.147-----------> ClassLocator.getDependentXMLResources: Replicate resource: ckez
Overwrite bundleresource://188.fwk1399961333:2/metainfo/zk/config.xml
with bundleresource://188.fwk1399961333:19/metainfo/zk/config.xml [17]
16:14:21.154-----------> ClassLocator.getDependentXMLResources: Replicate resource: zk
Overwrite bundleresource://188.fwk1399961333:11/metainfo/zk/config.xml
with bundleresource://188.fwk1399961333:28/metainfo/zk/config.xml [17]
16:14:21.160-----------> ClassLocator.getDependentXMLResources: Replicate resource: zkbind
Overwrite bundleresource://188.fwk1399961333:12/metainfo/zk/config.xml
with bundleresource://188.fwk1399961333:29/metainfo/zk/config.xml [17]
16:14:21.192-----------> ClassLocator.getDependentXMLResources: Replicate resource: zul
Overwrite bundleresource://188.fwk1399961333:14/metainfo/zk/zk.xml
with bundleresource://188.fwk1399961333:31/metainfo/zk/zk.xml [17]
16:14:21.574-----------> LanguageDefinition.<init>: Replicated language: xhtml, overriden by [LanguageDefinition: xhtml] [17]
16:14:21.603-----------> LanguageDefinition.<init>: Replicated language: xul/html, overriden by [LanguageDefinition: xul/html] [17]
16:14:21.676-----------> ClassLocator.getDependentXMLResources: Replicate resource: calendar
Overwrite bundleresource://188.fwk1399961333:1/metainfo/zk/lang-addon.xml
with bundleresource://188.fwk1399961333:18/metainfo/zk/lang-addon.xml [17]
16:14:21.683-----------> ClassLocator.getDependentXMLResources: Replicate resource: ckez
Overwrite bundleresource://188.fwk1399961333:2/metainfo/zk/lang-addon.xml
with bundleresource://188.fwk1399961333:19/metainfo/zk/lang-addon.xml [17]
16:14:21.691-----------> ClassLocator.getDependentXMLResources: Replicate resource: gmapsz
Overwrite bundleresource://188.fwk1399961333:5/metainfo/zk/lang-addon.xml
with bundleresource://188.fwk1399961333:22/metainfo/zk/lang-addon.xml [17]
16:14:21.695-----------> ClassLocator.getDependentXMLResources: Replicate resource: timeline
Overwrite bundleresource://188.fwk1399961333:6/metainfo/zk/lang-addon.xml
with bundleresource://188.fwk1399961333:23/metainfo/zk/lang-addon.xml [17]
16:14:21.698-----------> ClassLocator.getDependentXMLResources: Replicate resource: timeplot
Overwrite bundleresource://188.fwk1399961333:7/metainfo/zk/lang-addon.xml
with bundleresource://188.fwk1399961333:24/metainfo/zk/lang-addon.xml [17]
16:14:21.710-----------> ClassLocator.getDependentXMLResources: Replicate resource: zkbind
Overwrite bundleresource://188.fwk1399961333:12/metainfo/zk/lang-addon.xml
with bundleresource://188.fwk1399961333:29/metainfo/zk/lang-addon.xml [17]
16:14:21.719-----------> ClassLocator.getDependentXMLResources: Replicate resource: zkplus
Overwrite bundleresource://188.fwk1399961333:13/metainfo/zk/lang-addon.xml
with bundleresource://188.fwk1399961333:30/metainfo/zk/lang-addon.xml [17]
16:14:22.009           WebUIServlet.init: iDempiere Web Client started successfully [17]
16:14:23.076-----------> AnnotationConfiguration.configure: ServletContainerInitializers: detected. Class hierarchy: empty [17]

*** 2017-08-18 16:14:23.338 idempiere Log (CLogFile) ***
16:14:25.895-----------> Node: [192.168.163.1]:5701 [adempiere.nemusa/localhost] [3.5.3] No join method is enabled! Starting standalone. [42]
16:15:29.827===========> NIMPayment.beforeSave: Log desde NINSSMPayment... [39]
16:15:30.975===========> NIMPayment.beforeSave: Log desde NINSSMPayment... [132]
16:15:31.171===========> NIMPayment.beforeSave: Log desde NINSSMPayment... [132]
16:15:31.516===========> NIMPayment.beforeSave: Log desde NINSSMPayment... [132]
16:15:39.555-----------> MAllocationHdr.set_Value: Column not updateable - C_Project_ID - NewValue=1000000 - OldValue=null [132]
16:15:39.555===========> MAllocationHdr.saveError: ColumnReadonly - Column not updateable - C_Project_ID - NewValue=1000000 - OldValue=null [132]
16:15:39.673===========> MAllocationHdr.saveError: ColumnReadonly - Proyecto - Column not updateable - C_Project_ID - NewValue=1000000 - OldValue=null [132]
16:15:39.676-----------> Msg.translate: NOT found: ColumnReadonly [132]
16:15:39.677-----------> MWFActivity.run: MWFNode[200-(DocAuto),Action=DocumentAction=--] [132]
org.adempiere.exceptions.AdempiereException: ColumnReadonly: Proyecto - Column not updateable - C_Project_ID - NewValue=1000000 - OldValue=null
	at org.compiere.model.PO.saveEx(PO.java:2224)
	at org.compiere.process.DocumentEngine.processIt(DocumentEngine.java:338)
	at org.compiere.process.DocumentEngine.processIt(DocumentEngine.java:275)
	at org.compiere.process.DocumentEngine.processIt(DocumentEngine.java:1326)
	at org.compiere.model.MAllocationHdr.reverseIt(MAllocationHdr.java:864)
	at org.compiere.model.MAllocationHdr.reverseAccrualIt(MAllocationHdr.java:676)
	at org.compiere.process.DocumentEngine.reverseAccrualIt(DocumentEngine.java:609)
	at org.compiere.process.DocumentEngine.processIt(DocumentEngine.java:355)
	at org.compiere.process.DocumentEngine.processIt(DocumentEngine.java:275)
	at org.compiere.model.MAllocationHdr.processIt(MAllocationHdr.java:360)
	at ni.idempiere.override.models.NIMPayment.deAllocate(NIMPayment.java:375)

16:16:42.356===========> NIMPayment.beforeSave: Log desde NINSSMPayment... [50]
16:16:42.502===========> NIMPayment.beforeSave: Log desde NINSSMPayment... [50]
16:16:42.686===========> NIMPayment.beforeSave: Log desde NINSSMPayment... [50]
16:16:42.848-----------> MAllocationHdr.set_Value: Column not updateable - C_Project_ID - NewValue=1000000 - OldValue=null [50]
16:16:42.849===========> MAllocationHdr.saveError: ColumnReadonly - Column not updateable - C_Project_ID - NewValue=1000000 - OldValue=null [50]
16:16:42.910===========> MAllocationHdr.saveError: ColumnReadonly - Proyecto - Column not updateable - C_Project_ID - NewValue=1000000 - OldValue=null [50]
16:16:42.911-----------> Msg.translate: NOT found: ColumnReadonly [50]
16:16:42.912-----------> MWFActivity.run: MWFNode[200-(DocAuto),Action=DocumentAction=--] [50]
org.adempiere.exceptions.AdempiereException: ColumnReadonly: Proyecto - Column not updateable - C_Project_ID - NewValue=1000000 - OldValue=null
	at org.compiere.model.PO.saveEx(PO.java:2224)
	at org.compiere.process.DocumentEngine.processIt(DocumentEngine.java:338)
	at org.compiere.process.DocumentEngine.processIt(DocumentEngine.java:275)
	at org.compiere.process.DocumentEngine.processIt(DocumentEngine.java:1326)
	at org.compiere.model.MAllocationHdr.reverseIt(MAllocationHdr.java:864)
	at org.compiere.model.MAllocationHdr.reverseAccrualIt(MAllocationHdr.java:676)
	at org.compiere.process.DocumentEngine.reverseAccrualIt(DocumentEngine.java:609)
	at org.compiere.process.DocumentEngine.processIt(DocumentEngine.java:355)
	at org.compiere.process.DocumentEngine.processIt(DocumentEngine.java:275)
	at org.compiere.model.MAllocationHdr.processIt(MAllocationHdr.java:360)
	at ni.idempiere.override.models.NIMPayment.deAllocate(NIMPayment.java:375)

16:17:07.622===========> NIMPayment.beforeSave: Log desde NINSSMPayment... [137]
16:17:07.751===========> NIMPayment.beforeSave: Log desde NINSSMPayment... [137]
16:17:07.896===========> NIMPayment.beforeSave: Log desde NINSSMPayment... [137]
16:18:04.571-----------> MAllocationHdr.set_Value: Column not updateable - C_Project_ID - NewValue=1000000 - OldValue=null [137]
16:18:04.576===========> MAllocationHdr.saveError: ColumnReadonly - Column not updateable - C_Project_ID - NewValue=1000000 - OldValue=null [137]
16:18:13.696===========> MAllocationHdr.saveError: ColumnReadonly - Proyecto - Column not updateable - C_Project_ID - NewValue=1000000 - OldValue=null [137]
16:18:13.697-----------> Msg.translate: NOT found: ColumnReadonly [137]
16:18:13.698-----------> MWFActivity.run: MWFNode[200-(DocAuto),Action=DocumentAction=--] [137]
org.adempiere.exceptions.AdempiereException: ColumnReadonly: Proyecto - Column not updateable - C_Project_ID - NewValue=1000000 - OldValue=null
	at org.compiere.model.PO.saveEx(PO.java:2224)
	at org.compiere.process.DocumentEngine.processIt(DocumentEngine.java:338)
	at org.compiere.process.DocumentEngine.processIt(DocumentEngine.java:275)
	at org.compiere.process.DocumentEngine.processIt(DocumentEngine.java:1326)
	at org.compiere.model.MAllocationHdr.reverseIt(MAllocationHdr.java:864)
	at org.compiere.model.MAllocationHdr.reverseAccrualIt(MAllocationHdr.java:676)
	at org.compiere.process.DocumentEngine.reverseAccrualIt(DocumentEngine.java:609)
	at org.compiere.process.DocumentEngine.processIt(DocumentEngine.java:355)
	at org.compiere.process.DocumentEngine.processIt(DocumentEngine.java:275)
	at org.compiere.model.MAllocationHdr.processIt(MAllocationHdr.java:360)
	at ni.idempiere.override.models.NIMPayment.deAllocate(NIMPayment.java:375)

