*** 2016-06-22 14:19:28.459 idempiere Log (CLogFile) ***
14:19:28.459 Adempiere.startup: iDempiere(r) Release 3.1_2015-10-31 -Smart Suite ERP, CRM and SCM- (c) 1999-2013 iDempiere(r); Implementation: iDempiere - Supported by iDempiere community [17]
14:19:28.459 Ini.loadProperties: E:\mercurialidempiere/idempiere-dev.properties #33 [17]
14:19:28.834 DB.isBuildOK: Build DB=${env.ADEMPIERE_VERSION} 20080428-1232 [17]
14:19:28.834 DB.isBuildOK: Build Cl=3.1.0.qualifier [17]
14:19:28.850-----------> DB.isBuildOK: Build Version Error 

The program assumes build version 3.1.0.qualifier, but database has build version ${env.ADEMPIERE_VERSION} 20080428-1232. 
This is likely to cause hard to fix errors. 
Please contact administrator. [17]
14:19:28.959 Language.getLanguage: Adding Language=en, Country=US, Locale=en_US [17]
14:19:28.959 Language.getLanguage: Adding Language=en, Country=US, Locale=en_US [17]
14:19:29.038 WebEnv.initWeb: Servlet Context Init Parameters: iDempiere Root
ServerRoot=1 [17]
14:19:29.053-----------> EMail.setFrom: you @ company.org: javax.mail.internet.AddressException: Local address contains control or whitespace in string ``you @ company.org'' [17]
14:19:29.053-----------> EMail.addTo: you @ company.org: javax.mail.internet.AddressException: Local address contains control or whitespace in string ``you @ company.org'' [17]
14:19:29.053-----------> EMail.isValid: From is invalid=null [17]
14:19:29.053-----------> EMail.isValid: From is invalid=null [17]
14:19:29.053-----------> MClient.sendEMail: Could NOT Send Email: Server started: iDempiere (odbz:10.0.5.40) to you @ company.org: Invalid Data (System) [17]
14:19:29.053 WebEnv.initWeb: Servlet Init Parameter: idempiereMonitor [17]
14:19:29.053 AdempiereMonitor.init:  [17]
14:19:30.553-----------> AnnotationConfiguration.configure: ServletContainerInitializers: detected. Class hierarchy: empty [17]
14:19:30.770-----------> ClassLocator.getDependentXMLResources: Replicate resource: ckez
Overwrite bundleresource://180.fwk1399961333:2/metainfo/zk/config.xml
with bundleresource://180.fwk1399961333:19/metainfo/zk/config.xml [17]
14:19:30.786-----------> ClassLocator.getDependentXMLResources: Replicate resource: zk
Overwrite bundleresource://180.fwk1399961333:11/metainfo/zk/config.xml
with bundleresource://180.fwk1399961333:28/metainfo/zk/config.xml [17]
14:19:30.786-----------> ClassLocator.getDependentXMLResources: Replicate resource: zkbind
Overwrite bundleresource://180.fwk1399961333:12/metainfo/zk/config.xml
with bundleresource://180.fwk1399961333:29/metainfo/zk/config.xml [17]
14:19:30.817-----------> ClassLocator.getDependentXMLResources: Replicate resource: zul
Overwrite bundleresource://180.fwk1399961333:14/metainfo/zk/zk.xml
with bundleresource://180.fwk1399961333:31/metainfo/zk/zk.xml [17]
14:19:31.145-----------> LanguageDefinition.<init>: Replicated language: xhtml, overriden by [LanguageDefinition: xhtml] [17]
14:19:31.176-----------> LanguageDefinition.<init>: Replicated language: xul/html, overriden by [LanguageDefinition: xul/html] [17]
14:19:31.223-----------> ClassLocator.getDependentXMLResources: Replicate resource: calendar
Overwrite bundleresource://180.fwk1399961333:1/metainfo/zk/lang-addon.xml
with bundleresource://180.fwk1399961333:18/metainfo/zk/lang-addon.xml [17]
14:19:31.223-----------> ClassLocator.getDependentXMLResources: Replicate resource: ckez
Overwrite bundleresource://180.fwk1399961333:2/metainfo/zk/lang-addon.xml
with bundleresource://180.fwk1399961333:19/metainfo/zk/lang-addon.xml [17]
14:19:31.223-----------> ClassLocator.getDependentXMLResources: Replicate resource: gmapsz
Overwrite bundleresource://180.fwk1399961333:5/metainfo/zk/lang-addon.xml
with bundleresource://180.fwk1399961333:22/metainfo/zk/lang-addon.xml [17]
14:19:31.239-----------> ClassLocator.getDependentXMLResources: Replicate resource: timeline
Overwrite bundleresource://180.fwk1399961333:6/metainfo/zk/lang-addon.xml
with bundleresource://180.fwk1399961333:23/metainfo/zk/lang-addon.xml [17]
14:19:31.239-----------> ClassLocator.getDependentXMLResources: Replicate resource: timeplot
Overwrite bundleresource://180.fwk1399961333:7/metainfo/zk/lang-addon.xml
with bundleresource://180.fwk1399961333:24/metainfo/zk/lang-addon.xml [17]
14:19:31.255-----------> ClassLocator.getDependentXMLResources: Replicate resource: zkbind
Overwrite bundleresource://180.fwk1399961333:12/metainfo/zk/lang-addon.xml
with bundleresource://180.fwk1399961333:29/metainfo/zk/lang-addon.xml [17]
14:19:31.255-----------> ClassLocator.getDependentXMLResources: Replicate resource: zkplus
Overwrite bundleresource://180.fwk1399961333:13/metainfo/zk/lang-addon.xml
with bundleresource://180.fwk1399961333:30/metainfo/zk/lang-addon.xml [17]
14:19:31.348           WebUIServlet.init: iDempiere Web Client started successfully [17]
14:19:32.286-----------> AnnotationConfiguration.configure: ServletContainerInitializers: detected. Class hierarchy: empty [17]

*** 2016-06-22 14:19:32.515 idempiere Log (CLogFile) ***
14:19:34.390-----------> Node: [10.0.5.40]:5701 [adempiere.idempiere/localhost] [3.5.3] No join method is enabled! Starting standalone. [41]
14:23:12.358===========> NICalloutPayment.amountsinallocate: linea 790 WindowNo =1 mTab =Allocate mField =Amount value =0 oldValue =0 [67]
14:23:12.422===========> NICalloutPayment.amountsinallocate: linea 790 WindowNo =1 mTab =Allocate mField =DiscountAmt value =0 oldValue =0 [67]
14:23:12.439===========> NICalloutPayment.amountsinallocate: linea 790 WindowNo =1 mTab =Allocate mField =WriteOffAmt value =0 oldValue =0 [67]
14:23:12.455===========> NICalloutPayment.amountsinallocate: linea 790 WindowNo =1 mTab =Allocate mField =OverUnderAmt value =0 oldValue =0 [67]
14:23:23.435===========> NICalloutPayment.invoiceinallocate: linea 729 =Pay=151.237196, Discount=0.000000 [36]
14:23:24.333===========> NICalloutPayment.invoiceallocate: linea 616 =WriteOffAmt=3.024723 [36]
14:23:25.505===========> NICalloutPayment.amountsinallocate: linea 790 WindowNo =1 mTab =Allocate mField =C_Invoice_ID value =1001214 oldValue =null [36]
14:23:25.520===========> NICalloutPayment.amountsinallocate: amountsinallocate line 792 true [36]
14:23:25.536===========> NICalloutPayment.amountsinallocate: amountsinallocate line 793 C_Invoice_ID from =invoice [36]
14:23:30.579===========> NICalloutPayment.amountsinallocate: linea 798 =count=1 [36]
14:23:30.598===========> NICalloutPayment.amountsinallocate: linea 804 =count=1 [36]
14:23:30.615===========> NICalloutPayment.amountsinallocate: linea 805 = C_Invoice_ID value=1001214, oldValue=null [36]
14:23:30.619===========> NICalloutPayment.amountsinallocate: linea 806 [36]
14:23:30.635===========> NICalloutPayment.amountsinallocate: linea 802 =Pay=148.212473, Discount=0, WriteOff=3.024723, OverUnderAmt=0 [36]
14:23:30.651===========> NICalloutPayment.invoiceallocate: linea 632 =WriteOffAmt=3.024723 [36]
14:23:41.845-----------> Prop.loadProperties: E:\mercurialidempiere\home.properties not found [36]
14:23:41.846-----------> Prop.loadProperties: !!WARNING:Please locate yout custom home.properties on iDEMPIERE_HOME. [36]
14:23:42.733-----------> Prop.loadProperties: E:\mercurialidempiere\home.properties not found [67]
14:23:42.734-----------> Prop.loadProperties: !!WARNING:Please locate yout custom home.properties on iDEMPIERE_HOME. [67]
14:24:26.732-----------> LCO_ValidatorWH.initialize:  [69]
14:24:26.893-----------> LCO_ValidatorWH.initialize:  [69]
14:24:29.448-----------> LCO_ValidatorWH.initialize:  [69]
14:24:40.019-----------> Prop.loadProperties: E:\mercurialidempiere\home.properties not found [35]
14:24:40.019-----------> Prop.loadProperties: !!WARNING:Please locate yout custom home.properties on iDEMPIERE_HOME. [35]
14:24:50.722===========> NICalloutPayment.amountsinallocate: linea 790 WindowNo =1 mTab =Allocate mField =Amount value =0 oldValue =0 [35]
14:24:50.739===========> NICalloutPayment.amountsinallocate: linea 790 WindowNo =1 mTab =Allocate mField =DiscountAmt value =0 oldValue =0 [35]
14:24:50.740===========> NICalloutPayment.amountsinallocate: linea 790 WindowNo =1 mTab =Allocate mField =WriteOffAmt value =0 oldValue =0 [35]
14:24:50.771===========> NICalloutPayment.amountsinallocate: linea 790 WindowNo =1 mTab =Allocate mField =OverUnderAmt value =0 oldValue =0 [35]
14:25:10.487===========> NICalloutPayment.invoiceinallocate: linea 729 =Pay=151.237196, Discount=0.000000 [38]
14:25:18.566===========> NICalloutPayment.invoiceallocate: linea 616 =WriteOffAmt=3.024723 [38]
14:25:18.933===========> NICalloutPayment.amountsinallocate: linea 790 WindowNo =1 mTab =Allocate mField =C_Invoice_ID value =1001214 oldValue =null [38]
14:25:18.997===========> NICalloutPayment.amountsinallocate: amountsinallocate line 792 true [38]
14:25:19.060===========> NICalloutPayment.amountsinallocate: amountsinallocate line 793 C_Invoice_ID from =invoice [38]
14:25:20.817===========> NICalloutPayment.amountsinallocate: linea 798 =count=1 [38]
14:25:21.802===========> NICalloutPayment.amountsinallocate: linea 804 =count=1 [38]
14:25:22.302===========> NICalloutPayment.amountsinallocate: linea 805 = C_Invoice_ID value=1001214, oldValue=null [38]
14:25:29.373===========> NICalloutPayment.amountsinallocate: linea 806 [38]
14:25:46.861===========> NICalloutPayment.amountsinallocate: linea 802 =Pay=148.212473, Discount=0, WriteOff=3.024723, OverUnderAmt=0 [38]
14:25:48.034===========> NICalloutPayment.invoiceallocate: linea 632 =WriteOffAmt=3.024723 [38]
14:26:20.856===========> NICalloutPayment.amountsinallocate: linea 790 WindowNo =1 mTab =Allocate mField =WriteOffAmt value =86.40 oldValue =3.024723 [38]
14:26:20.904===========> NICalloutPayment.amountsinallocate: amountsinallocate line 792 false [38]
14:26:20.976===========> NICalloutPayment.amountsinallocate: amountsinallocate line 793 WriteOffAmt from =WriteOffAmt* [38]
