*** 2017-02-18 12:56:24.642 idempiere Log (CLogFile) ***
12:56:24.642 Adempiere.startup: iDempiere(r) Release 3.1_2015-10-31 -Smart Suite ERP, CRM and SCM- (c) 1999-2013 iDempiere(r); Implementation: iDempiere - Supported by iDempiere community [14]
12:56:24.646 Ini.loadProperties: E:\mercurialidempiere/idempiere.properties #33 [14]
12:56:25.208 DB.isBuildOK: Build DB=${env.ADEMPIERE_VERSION} 20080428-1232 [14]
12:56:25.208 DB.isBuildOK: Build Cl=3.1.0.qualifier [14]
12:56:25.224-----------> DB.isBuildOK: Build Version Error 

The program assumes build version 3.1.0.qualifier, but database has build version ${env.ADEMPIERE_VERSION} 20080428-1232. 
This is likely to cause hard to fix errors. 
Please contact administrator. [14]
12:56:25.316 WebEnv.initWeb: Servlet Context Init Parameters: iDempiere Root
ServerRoot=1 [14]
12:56:25.528-----------> EMail.setFrom: you @ company.org: javax.mail.internet.AddressException: Local address contains control or whitespace in string ``you @ company.org'' [14]
12:56:25.533-----------> EMail.addTo: you @ company.org: javax.mail.internet.AddressException: Local address contains control or whitespace in string ``you @ company.org'' [14]
12:56:25.533-----------> EMail.isValid: From is invalid=null [14]
12:56:25.533-----------> EMail.isValid: From is invalid=null [14]
12:56:25.533-----------> MClient.sendEMail: Could NOT Send Email: Server started: iDempiere (odbz:192.168.47.1) to you @ company.org: Invalid Data (System) [14]
12:56:25.533 WebEnv.initWeb: Servlet Init Parameter: idempiereMonitor [14]
12:56:25.533 AdempiereMonitor.init:  [14]
12:56:27.237-----------> AnnotationConfiguration.configure: ServletContainerInitializers: detected. Class hierarchy: empty [14]
12:56:27.496-----------> ClassLocator.getDependentXMLResources: Replicate resource: ckez
Overwrite bundleresource://179.fwk365962226:2/metainfo/zk/config.xml
with bundleresource://179.fwk365962226:19/metainfo/zk/config.xml [14]
12:56:27.500-----------> ClassLocator.getDependentXMLResources: Replicate resource: zk
Overwrite bundleresource://179.fwk365962226:11/metainfo/zk/config.xml
with bundleresource://179.fwk365962226:28/metainfo/zk/config.xml [14]
12:56:27.508-----------> ClassLocator.getDependentXMLResources: Replicate resource: zkbind
Overwrite bundleresource://179.fwk365962226:12/metainfo/zk/config.xml
with bundleresource://179.fwk365962226:29/metainfo/zk/config.xml [14]
12:56:27.532-----------> ClassLocator.getDependentXMLResources: Replicate resource: zul
Overwrite bundleresource://179.fwk365962226:14/metainfo/zk/zk.xml
with bundleresource://179.fwk365962226:31/metainfo/zk/zk.xml [14]
12:56:27.888-----------> LanguageDefinition.<init>: Replicated language: xhtml, overriden by [LanguageDefinition: xhtml] [14]
12:56:27.916-----------> LanguageDefinition.<init>: Replicated language: xul/html, overriden by [LanguageDefinition: xul/html] [14]
12:56:27.980-----------> ClassLocator.getDependentXMLResources: Replicate resource: calendar
Overwrite bundleresource://179.fwk365962226:1/metainfo/zk/lang-addon.xml
with bundleresource://179.fwk365962226:18/metainfo/zk/lang-addon.xml [14]
12:56:27.984-----------> ClassLocator.getDependentXMLResources: Replicate resource: ckez
Overwrite bundleresource://179.fwk365962226:2/metainfo/zk/lang-addon.xml
with bundleresource://179.fwk365962226:19/metainfo/zk/lang-addon.xml [14]
12:56:27.988-----------> ClassLocator.getDependentXMLResources: Replicate resource: gmapsz
Overwrite bundleresource://179.fwk365962226:5/metainfo/zk/lang-addon.xml
with bundleresource://179.fwk365962226:22/metainfo/zk/lang-addon.xml [14]
12:56:27.992-----------> ClassLocator.getDependentXMLResources: Replicate resource: timeline
Overwrite bundleresource://179.fwk365962226:6/metainfo/zk/lang-addon.xml
with bundleresource://179.fwk365962226:23/metainfo/zk/lang-addon.xml [14]
12:56:27.992-----------> ClassLocator.getDependentXMLResources: Replicate resource: timeplot
Overwrite bundleresource://179.fwk365962226:7/metainfo/zk/lang-addon.xml
with bundleresource://179.fwk365962226:24/metainfo/zk/lang-addon.xml [14]
12:56:28.008-----------> ClassLocator.getDependentXMLResources: Replicate resource: zkbind
Overwrite bundleresource://179.fwk365962226:12/metainfo/zk/lang-addon.xml
with bundleresource://179.fwk365962226:29/metainfo/zk/lang-addon.xml [14]
12:56:28.016-----------> ClassLocator.getDependentXMLResources: Replicate resource: zkplus
Overwrite bundleresource://179.fwk365962226:13/metainfo/zk/lang-addon.xml
with bundleresource://179.fwk365962226:30/metainfo/zk/lang-addon.xml [14]
12:56:28.324           WebUIServlet.init: iDempiere Web Client started successfully [14]
12:56:29.380-----------> AnnotationConfiguration.configure: ServletContainerInitializers: detected. Class hierarchy: empty [14]
12:56:29.526-----------> LCO_ValidatorWH.initialize:  [68]

*** 2017-02-18 12:56:29.674 idempiere Log (CLogFile) ***
12:56:32.122-----------> Node: [192.168.163.1]:5701 [adempiere.idempiere/localhost] [3.5.3] No join method is enabled! Starting standalone. [48]
13:00:04.167-----------> Msg.getMsg: NOT found: No se puede realizar compra de productos que aun tiene existecia(644.0) [29]
