*** 2016-05-20 10:43:36.233 idempiere Log (CLogFile) ***
10:43:36.233 Adempiere.startup: iDempiere(r) Release 3.1_2015-10-31 -Smart Suite ERP, CRM and SCM- (c) 1999-2013 iDempiere(r); Implementation: iDempiere - Supported by iDempiere community [17]
10:43:36.248 Ini.loadProperties: E:\mercurialidempiere/idempiere.properties #32 [17]
10:43:36.717 DB.isBuildOK: Build DB=${env.ADEMPIERE_VERSION} 20080428-1232 [17]
10:43:36.717 DB.isBuildOK: Build Cl=3.1.0.qualifier [17]
10:43:36.748-----------> DB.isBuildOK: Build Version Error 

The program assumes build version 3.1.0.qualifier, but database has build version ${env.ADEMPIERE_VERSION} 20080428-1232. 
This is likely to cause hard to fix errors. 
Please contact administrator. [17]
10:43:36.842 Language.getLanguage: Adding Language=en, Country=US, Locale=en_US [17]
10:43:36.858 Language.getLanguage: Adding Language=en, Country=US, Locale=en_US [17]
10:43:36.905 WebEnv.initWeb: Servlet Context Init Parameters: iDempiere Root
ServerRoot=1 [17]
10:43:36.920-----------> EMail.setFrom: you @ company.org: javax.mail.internet.AddressException: Local address contains control or whitespace in string ``you @ company.org'' [17]
10:43:36.920-----------> EMail.addTo: you @ company.org: javax.mail.internet.AddressException: Local address contains control or whitespace in string ``you @ company.org'' [17]
10:43:36.920-----------> EMail.isValid: From is invalid=null [17]
10:43:36.920-----------> EMail.isValid: From is invalid=null [17]
10:43:36.920-----------> MClient.sendEMail: Could NOT Send Email: Server started: iDempiere (odbz:10.0.5.43) to you @ company.org: Invalid Data (System) [17]
10:43:36.920 WebEnv.initWeb: Servlet Init Parameter: idempiereMonitor [17]
10:43:36.920 AdempiereMonitor.init:  [17]
10:43:38.311-----------> AnnotationConfiguration.configure: ServletContainerInitializers: detected. Class hierarchy: empty [17]
10:43:38.562-----------> ClassLocator.getDependentXMLResources: Replicate resource: ckez
Overwrite bundleresource://178.fwk1319287199:2/metainfo/zk/config.xml
with bundleresource://178.fwk1319287199:19/metainfo/zk/config.xml [17]
10:43:38.578-----------> ClassLocator.getDependentXMLResources: Replicate resource: zk
Overwrite bundleresource://178.fwk1319287199:11/metainfo/zk/config.xml
with bundleresource://178.fwk1319287199:28/metainfo/zk/config.xml [17]
10:43:38.578-----------> ClassLocator.getDependentXMLResources: Replicate resource: zkbind
Overwrite bundleresource://178.fwk1319287199:12/metainfo/zk/config.xml
with bundleresource://178.fwk1319287199:29/metainfo/zk/config.xml [17]
10:43:38.609-----------> ClassLocator.getDependentXMLResources: Replicate resource: zul
Overwrite bundleresource://178.fwk1319287199:14/metainfo/zk/zk.xml
with bundleresource://178.fwk1319287199:31/metainfo/zk/zk.xml [17]
10:43:38.953-----------> LanguageDefinition.<init>: Replicated language: xhtml, overriden by [LanguageDefinition: xhtml] [17]
10:43:38.984-----------> LanguageDefinition.<init>: Replicated language: xul/html, overriden by [LanguageDefinition: xul/html] [17]
10:43:39.047-----------> ClassLocator.getDependentXMLResources: Replicate resource: calendar
Overwrite bundleresource://178.fwk1319287199:1/metainfo/zk/lang-addon.xml
with bundleresource://178.fwk1319287199:18/metainfo/zk/lang-addon.xml [17]
10:43:39.047-----------> ClassLocator.getDependentXMLResources: Replicate resource: ckez
Overwrite bundleresource://178.fwk1319287199:2/metainfo/zk/lang-addon.xml
with bundleresource://178.fwk1319287199:19/metainfo/zk/lang-addon.xml [17]
10:43:39.062-----------> ClassLocator.getDependentXMLResources: Replicate resource: gmapsz
Overwrite bundleresource://178.fwk1319287199:5/metainfo/zk/lang-addon.xml
with bundleresource://178.fwk1319287199:22/metainfo/zk/lang-addon.xml [17]
10:43:39.062-----------> ClassLocator.getDependentXMLResources: Replicate resource: timeline
Overwrite bundleresource://178.fwk1319287199:6/metainfo/zk/lang-addon.xml
with bundleresource://178.fwk1319287199:23/metainfo/zk/lang-addon.xml [17]
10:43:39.062-----------> ClassLocator.getDependentXMLResources: Replicate resource: timeplot
Overwrite bundleresource://178.fwk1319287199:7/metainfo/zk/lang-addon.xml
with bundleresource://178.fwk1319287199:24/metainfo/zk/lang-addon.xml [17]
10:43:39.078-----------> ClassLocator.getDependentXMLResources: Replicate resource: zkbind
Overwrite bundleresource://178.fwk1319287199:12/metainfo/zk/lang-addon.xml
with bundleresource://178.fwk1319287199:29/metainfo/zk/lang-addon.xml [17]
10:43:39.078-----------> ClassLocator.getDependentXMLResources: Replicate resource: zkplus
Overwrite bundleresource://178.fwk1319287199:13/metainfo/zk/lang-addon.xml
with bundleresource://178.fwk1319287199:30/metainfo/zk/lang-addon.xml [17]
10:43:39.234           WebUIServlet.init: iDempiere Web Client started successfully [17]
10:43:40.172-----------> AnnotationConfiguration.configure: ServletContainerInitializers: detected. Class hierarchy: empty [17]

*** 2016-05-20 10:43:40.496 idempiere Log (CLogFile) ***
10:43:42.590-----------> Node: [10.0.5.43]:5702 [adempiere.idempiere/localhost] [3.5.3] No join method is enabled! Starting standalone. [43]
10:43:42.606-----------> Node: [10.0.5.43]:5702 [adempiere.idempiere/localhost] [3.5.3] Config seed port is 5701 and cluster size is 1. Some of the ports seem occupied! [43]
10:44:54.514===========> MRole.addAccessSQL: TableName not correctly parsed - TableNameIn=C_Invoice - AccessSqlParser[C_Invoice=WHERE|0] - #1 C_Invoice=WHERE
 = SELECT C_Invoice_ID, DocumentNo, DateInvoiced, GrandTotal, Balance FROM C_Invoice WHERE  [38]
10:45:42.514===========> MRole.addAccessSQL: TableName not correctly parsed - TableNameIn=i - AccessSqlParser[|0]
 = SELECT	i.C_Invoice_ID 		,i.documentNo FROM	C_Invoice i 		LEFT JOIN C_AllocationLine al ON i.C_Invoice_ID=al.C_Invoice_ID AND al.C_Payment_ID IS NOT NULL  WHERE 	i.AD_Client_ID=?  		AND i.C_DocTypetarget_ID=1000005 		AND i.DocStatus IN('CL','CO')   		AND i.C_BPartner_ID=?  GROUP BY i.C_Invoice_ID 		,i.documentno 		,i.dateinvoiced 		,i.grandtotal HAVING (i.grandtotal - ABS(SUM(CASE WHEN al.amount IS NULL THEN 0 ELSE al.amount END)))>0  [35]
10:46:26.792-----------> Msg.getMsg: NOT found: DateInvoiced [35]
10:46:26.792-----------> Msg.getMsg: NOT found: GrandTotal [35]
10:46:26.806-----------> Msg.getMsg: NOT found: Balance [35]
