*** 2016-10-12 12:07:32.491 idempiere Log (CLogFile) ***
12:07:32.491 Adempiere.startup: iDempiere(r) Release 3.1_2015-10-31 -Smart Suite ERP, CRM and SCM- (c) 1999-2013 iDempiere(r); Implementation: iDempiere - Supported by iDempiere community [17]
12:07:32.493 Ini.loadProperties: E:\mercurialidempiere/idempiere.properties #33 [17]
12:07:33.092 AdempiereActivator.installPackage: ni.idempiere.importcurrencyrate 1.0.0 was installed: 2016-07-14 16:34:48.698 [17]
12:07:33.108 DB.isBuildOK: Build DB=${env.ADEMPIERE_VERSION} 20080428-1232 [17]
12:07:33.108 DB.isBuildOK: Build Cl=3.1.0.qualifier [17]
12:07:33.124-----------> DB.isBuildOK: Build Version Error 

The program assumes build version 3.1.0.qualifier, but database has build version ${env.ADEMPIERE_VERSION} 20080428-1232. 
This is likely to cause hard to fix errors. 
Please contact administrator. [17]
12:07:33.203 WebEnv.initWeb: Servlet Context Init Parameters: iDempiere Root
ServerRoot=1 [17]
12:07:33.210-----------> EMail.setFrom: you @ company.org: javax.mail.internet.AddressException: Local address contains control or whitespace in string ``you @ company.org'' [17]
12:07:33.210-----------> EMail.addTo: you @ company.org: javax.mail.internet.AddressException: Local address contains control or whitespace in string ``you @ company.org'' [17]
12:07:33.210-----------> EMail.isValid: From is invalid=null [17]
12:07:33.210-----------> EMail.isValid: From is invalid=null [17]
12:07:33.210-----------> MClient.sendEMail: Could NOT Send Email: Server started: iDempiere (odbz:192.168.163.1) to you @ company.org: Invalid Data (System) [17]
12:07:33.210 WebEnv.initWeb: Servlet Init Parameter: idempiereMonitor [17]
12:07:33.210 AdempiereMonitor.init:  [17]
12:07:34.825-----------> AnnotationConfiguration.configure: ServletContainerInitializers: detected. Class hierarchy: empty [17]
12:07:35.140-----------> ClassLocator.getDependentXMLResources: Replicate resource: ckez
Overwrite bundleresource://188.fwk1319287199:2/metainfo/zk/config.xml
with bundleresource://188.fwk1319287199:19/metainfo/zk/config.xml [17]
12:07:35.140-----------> ClassLocator.getDependentXMLResources: Replicate resource: zk
Overwrite bundleresource://188.fwk1319287199:11/metainfo/zk/config.xml
with bundleresource://188.fwk1319287199:28/metainfo/zk/config.xml [17]
12:07:35.156-----------> ClassLocator.getDependentXMLResources: Replicate resource: zkbind
Overwrite bundleresource://188.fwk1319287199:12/metainfo/zk/config.xml
with bundleresource://188.fwk1319287199:29/metainfo/zk/config.xml [17]
12:07:35.181-----------> ClassLocator.getDependentXMLResources: Replicate resource: zul
Overwrite bundleresource://188.fwk1319287199:14/metainfo/zk/zk.xml
with bundleresource://188.fwk1319287199:31/metainfo/zk/zk.xml [17]
12:07:35.524-----------> LanguageDefinition.<init>: Replicated language: xhtml, overriden by [LanguageDefinition: xhtml] [17]
12:07:35.560-----------> LanguageDefinition.<init>: Replicated language: xul/html, overriden by [LanguageDefinition: xul/html] [17]
12:07:35.608-----------> ClassLocator.getDependentXMLResources: Replicate resource: calendar
Overwrite bundleresource://188.fwk1319287199:1/metainfo/zk/lang-addon.xml
with bundleresource://188.fwk1319287199:18/metainfo/zk/lang-addon.xml [17]
12:07:35.608-----------> ClassLocator.getDependentXMLResources: Replicate resource: ckez
Overwrite bundleresource://188.fwk1319287199:2/metainfo/zk/lang-addon.xml
with bundleresource://188.fwk1319287199:19/metainfo/zk/lang-addon.xml [17]
12:07:35.624-----------> ClassLocator.getDependentXMLResources: Replicate resource: gmapsz
Overwrite bundleresource://188.fwk1319287199:5/metainfo/zk/lang-addon.xml
with bundleresource://188.fwk1319287199:22/metainfo/zk/lang-addon.xml [17]
12:07:35.624-----------> ClassLocator.getDependentXMLResources: Replicate resource: timeline
Overwrite bundleresource://188.fwk1319287199:6/metainfo/zk/lang-addon.xml
with bundleresource://188.fwk1319287199:23/metainfo/zk/lang-addon.xml [17]
12:07:35.624-----------> ClassLocator.getDependentXMLResources: Replicate resource: timeplot
Overwrite bundleresource://188.fwk1319287199:7/metainfo/zk/lang-addon.xml
with bundleresource://188.fwk1319287199:24/metainfo/zk/lang-addon.xml [17]
12:07:35.639-----------> ClassLocator.getDependentXMLResources: Replicate resource: zkbind
Overwrite bundleresource://188.fwk1319287199:12/metainfo/zk/lang-addon.xml
with bundleresource://188.fwk1319287199:29/metainfo/zk/lang-addon.xml [17]
12:07:35.655-----------> ClassLocator.getDependentXMLResources: Replicate resource: zkplus
Overwrite bundleresource://188.fwk1319287199:13/metainfo/zk/lang-addon.xml
with bundleresource://188.fwk1319287199:30/metainfo/zk/lang-addon.xml [17]
12:07:35.809           WebUIServlet.init: iDempiere Web Client started successfully [17]
12:07:36.866-----------> AnnotationConfiguration.configure: ServletContainerInitializers: detected. Class hierarchy: empty [17]

*** 2016-10-12 12:07:37.11 idempiere Log (CLogFile) ***
12:07:39.156-----------> Node: [192.168.163.1]:5701 [adempiere.idempiere/localhost] [3.5.3] No join method is enabled! Starting standalone. [42]
12:11:03.350-----------> Msg.getMsg: NOT found: ni.idempiere.toolbar.button.action.report.label [35]
12:11:03.350-----------> Msg.getMsg: NOT found: ni.idempiere.toolbar.button.action.report.tooltip [35]
12:11:07.772-----------> Msg.getMsg: NOT found: ni.idempiere.toolbar.button.action.report.label [39]
12:11:07.772-----------> Msg.getMsg: NOT found: ni.idempiere.toolbar.button.action.report.tooltip [39]
12:13:11.868-----------> Msg.getMsg: NOT found: ni.idempiere.toolbar.button.action.report.label [37]
12:13:11.868-----------> Msg.getMsg: NOT found: ni.idempiere.toolbar.button.action.report.tooltip [37]
