*** 2017-04-27 16:29:48.586 idempiere Log (CLogFile) ***
16:29:48.586 Adempiere.startup: iDempiere(r) Release 3.1_2015-10-31 -Smart Suite ERP, CRM and SCM- (c) 1999-2013 iDempiere(r); Implementation: iDempiere - Supported by iDempiere community [17]
16:29:48.589 Ini.loadProperties: E:\mercurialidempiere/idempiere.properties #33 [17]
16:29:49.215 DB.isBuildOK: Build DB=${env.ADEMPIERE_VERSION} 20080428-1232 [17]
16:29:49.215 DB.isBuildOK: Build Cl=3.1.0.qualifier [17]
16:29:49.234-----------> DB.isBuildOK: Build Version Error 

The program assumes build version 3.1.0.qualifier, but database has build version ${env.ADEMPIERE_VERSION} 20080428-1232. 
This is likely to cause hard to fix errors. 
Please contact administrator. [17]
16:29:49.331 WebEnv.initWeb: Servlet Context Init Parameters: iDempiere Root
ServerRoot=1 [17]
16:29:49.554-----------> EMail.setFrom: you @ company.org: javax.mail.internet.AddressException: Local address contains control or whitespace in string ``you @ company.org'' [17]
16:29:49.556-----------> EMail.addTo: you @ company.org: javax.mail.internet.AddressException: Local address contains control or whitespace in string ``you @ company.org'' [17]
16:29:49.556-----------> EMail.isValid: From is invalid=null [17]
16:29:49.557-----------> EMail.isValid: From is invalid=null [17]
16:29:49.557-----------> MClient.sendEMail: Could NOT Send Email: Server started: iDempiere (odbz:192.168.47.1) to you @ company.org: Invalid Data (System) [17]
16:29:49.557 WebEnv.initWeb: Servlet Init Parameter: idempiereMonitor [17]
16:29:49.557 AdempiereMonitor.init:  [17]
16:29:51.456-----------> AnnotationConfiguration.configure: ServletContainerInitializers: detected. Class hierarchy: empty [17]
16:29:51.745-----------> ClassLocator.getDependentXMLResources: Replicate resource: ckez
Overwrite bundleresource://182.fwk1319287199:2/metainfo/zk/config.xml
with bundleresource://182.fwk1319287199:19/metainfo/zk/config.xml [17]
16:29:51.753-----------> ClassLocator.getDependentXMLResources: Replicate resource: zk
Overwrite bundleresource://182.fwk1319287199:11/metainfo/zk/config.xml
with bundleresource://182.fwk1319287199:28/metainfo/zk/config.xml [17]
16:29:51.759-----------> ClassLocator.getDependentXMLResources: Replicate resource: zkbind
Overwrite bundleresource://182.fwk1319287199:12/metainfo/zk/config.xml
with bundleresource://182.fwk1319287199:29/metainfo/zk/config.xml [17]
16:29:51.796-----------> ClassLocator.getDependentXMLResources: Replicate resource: zul
Overwrite bundleresource://182.fwk1319287199:14/metainfo/zk/zk.xml
with bundleresource://182.fwk1319287199:31/metainfo/zk/zk.xml [17]
16:29:52.222-----------> LanguageDefinition.<init>: Replicated language: xhtml, overriden by [LanguageDefinition: xhtml] [17]
16:29:52.254-----------> LanguageDefinition.<init>: Replicated language: xul/html, overriden by [LanguageDefinition: xul/html] [17]
16:29:52.324-----------> ClassLocator.getDependentXMLResources: Replicate resource: calendar
Overwrite bundleresource://182.fwk1319287199:1/metainfo/zk/lang-addon.xml
with bundleresource://182.fwk1319287199:18/metainfo/zk/lang-addon.xml [17]
16:29:52.329-----------> ClassLocator.getDependentXMLResources: Replicate resource: ckez
Overwrite bundleresource://182.fwk1319287199:2/metainfo/zk/lang-addon.xml
with bundleresource://182.fwk1319287199:19/metainfo/zk/lang-addon.xml [17]
16:29:52.334-----------> ClassLocator.getDependentXMLResources: Replicate resource: gmapsz
Overwrite bundleresource://182.fwk1319287199:5/metainfo/zk/lang-addon.xml
with bundleresource://182.fwk1319287199:22/metainfo/zk/lang-addon.xml [17]
16:29:52.339-----------> ClassLocator.getDependentXMLResources: Replicate resource: timeline
Overwrite bundleresource://182.fwk1319287199:6/metainfo/zk/lang-addon.xml
with bundleresource://182.fwk1319287199:23/metainfo/zk/lang-addon.xml [17]
16:29:52.342-----------> ClassLocator.getDependentXMLResources: Replicate resource: timeplot
Overwrite bundleresource://182.fwk1319287199:7/metainfo/zk/lang-addon.xml
with bundleresource://182.fwk1319287199:24/metainfo/zk/lang-addon.xml [17]
16:29:52.351-----------> ClassLocator.getDependentXMLResources: Replicate resource: zkbind
Overwrite bundleresource://182.fwk1319287199:12/metainfo/zk/lang-addon.xml
with bundleresource://182.fwk1319287199:29/metainfo/zk/lang-addon.xml [17]
16:29:52.361-----------> ClassLocator.getDependentXMLResources: Replicate resource: zkplus
Overwrite bundleresource://182.fwk1319287199:13/metainfo/zk/lang-addon.xml
with bundleresource://182.fwk1319287199:30/metainfo/zk/lang-addon.xml [17]
16:29:52.716           WebUIServlet.init: iDempiere Web Client started successfully [17]
16:29:54.132-----------> AnnotationConfiguration.configure: ServletContainerInitializers: detected. Class hierarchy: empty [17]
16:29:54.275-----------> LCO_ValidatorWH.initialize:  [69]

*** 2017-04-27 16:29:54.478 idempiere Log (CLogFile) ***
16:29:57.267-----------> Node: [192.168.163.1]:5701 [adempiere.idempiere/localhost] [3.5.3] No join method is enabled! Starting standalone. [48]
16:30:28.100===========> NICreateLineFormSO.getServiceOrder: 	SELECT  C_Campaign_ID, 			Value  	FROM 	C_Campaign 	WHERE	AD_Client_ID=1000000 AND IsActive='Y' AND (DocStatus='CO') 	ORDER BY created DESC [38]
org.postgresql.util.PSQLException: ERROR: column "docstatus" does not exist
  Position: 94; State=42703; ErrorCode=0
	at org.postgresql.core.v3.QueryExecutorImpl.receiveErrorResponse(QueryExecutorImpl.java:2182)
	at org.postgresql.core.v3.QueryExecutorImpl.processResults(QueryExecutorImpl.java:1911)
	at org.postgresql.core.v3.QueryExecutorImpl.execute(QueryExecutorImpl.java:173)
	at org.postgresql.jdbc2.AbstractJdbc2Statement.execute(AbstractJdbc2Statement.java:645)
	at org.postgresql.jdbc2.AbstractJdbc2Statement.executeWithFlags(AbstractJdbc2Statement.java:495)
	at org.postgresql.jdbc2.AbstractJdbc2Statement.executeQuery(AbstractJdbc2Statement.java:380)
	at com.mchange.v2.c3p0.impl.NewProxyPreparedStatement.executeQuery(NewProxyPreparedStatement.java:1418)
	at sun.reflect.GeneratedMethodAccessor21.invoke(Unknown Source)
	at sun.reflect.DelegatingMethodAccessorImpl.invoke(Unknown Source)
	at java.lang.reflect.Method.invoke(Unknown Source)
	at org.compiere.db.StatementProxy.invoke(StatementProxy.java:128)
	at com.sun.proxy.$Proxy3.executeQuery(Unknown Source)
	at org.adempiere.webui.form.NICreateLineFormSO.getServiceOrder(NICreateLineFormSO.java:125)
	at org.adempiere.webui.form.WNICreateLineFormSO.dynamicInitialise(WNICreateLineFormSO.java:159)
	at org.adempiere.webui.form.WNICreateLineFormSO.initForm(WNICreateLineFormSO.java:124)
	at org.adempiere.webui.form.WNICreateLineFormSO.<init>(WNICreateLineFormSO.java:99)
	at sun.reflect.NativeConstructorAccessorImpl.newInstance0(Native Method)
	at sun.reflect.NativeConstructorAccessorImpl.newInstance(Unknown Source)
	at sun.reflect.DelegatingConstructorAccessorImpl.newInstance(Unknown Source)
	at java.lang.reflect.Constructor.newInstance(Unknown Source)
	at java.lang.Class.newInstance(Unknown Source)

16:30:28.189===========> MRole.addAccessSQL: TableName not correctly parsed - TableNameIn=C_Project - AccessSqlParser[C_Project=WHERE|0] - #1 C_Project=WHERE
 = SELECT C_Project_ID, Value, DateContract, C_BPartner_ID, Name FROM C_Project WHERE  [38]
16:30:28.257===========> MRole.addAccessSQL: TableName not correctly parsed - TableNameIn=C_Project - AccessSqlParser[C_Project=WHERE|0] - #1 C_Project=WHERE
 = SELECT C_Project_ID, Value, DateContract, C_BPartner_ID, Name FROM C_Project WHERE  [38]
