*** 2016-06-06 11:19:25.613 idempiere Log (CLogFile) ***
11:19:25.613 Adempiere.startup: iDempiere(r) Release 3.1_2015-10-31 -Smart Suite ERP, CRM and SCM- (c) 1999-2013 iDempiere(r); Implementation: iDempiere - Supported by iDempiere community [17]
11:19:25.613 Ini.loadProperties: E:\mercurialidempiere/idempiere.properties #32 [17]
11:19:26.131 DB.isBuildOK: Build DB=${env.ADEMPIERE_VERSION} 20080428-1232 [17]
11:19:26.131 DB.isBuildOK: Build Cl=3.1.0.qualifier [17]
11:19:26.163-----------> DB.isBuildOK: Build Version Error 

The program assumes build version 3.1.0.qualifier, but database has build version ${env.ADEMPIERE_VERSION} 20080428-1232. 
This is likely to cause hard to fix errors. 
Please contact administrator. [17]
11:19:26.266 Language.getLanguage: Adding Language=en, Country=US, Locale=en_US [17]
11:19:26.266 Language.getLanguage: Adding Language=en, Country=US, Locale=en_US [17]
11:19:26.314 WebEnv.initWeb: Servlet Context Init Parameters: iDempiere Root
ServerRoot=1 [17]
11:19:26.330-----------> EMail.setFrom: you @ company.org: javax.mail.internet.AddressException: Local address contains control or whitespace in string ``you @ company.org'' [17]
11:19:26.330-----------> EMail.addTo: you @ company.org: javax.mail.internet.AddressException: Local address contains control or whitespace in string ``you @ company.org'' [17]
11:19:26.330-----------> EMail.isValid: From is invalid=null [17]
11:19:26.330-----------> EMail.isValid: From is invalid=null [17]
11:19:26.330-----------> MClient.sendEMail: Could NOT Send Email: Server started: iDempiere (odbz:10.0.5.43) to you @ company.org: Invalid Data (System) [17]
11:19:26.330 WebEnv.initWeb: Servlet Init Parameter: idempiereMonitor [17]
11:19:26.330 AdempiereMonitor.init:  [17]
11:19:28.014-----------> AnnotationConfiguration.configure: ServletContainerInitializers: detected. Class hierarchy: empty [17]
11:19:28.287-----------> ClassLocator.getDependentXMLResources: Replicate resource: ckez
Overwrite bundleresource://179.fwk1399961333:2/metainfo/zk/config.xml
with bundleresource://179.fwk1399961333:19/metainfo/zk/config.xml [17]
11:19:28.295-----------> ClassLocator.getDependentXMLResources: Replicate resource: zk
Overwrite bundleresource://179.fwk1399961333:11/metainfo/zk/config.xml
with bundleresource://179.fwk1399961333:28/metainfo/zk/config.xml [17]
11:19:28.303-----------> ClassLocator.getDependentXMLResources: Replicate resource: zkbind
Overwrite bundleresource://179.fwk1399961333:12/metainfo/zk/config.xml
with bundleresource://179.fwk1399961333:29/metainfo/zk/config.xml [17]
11:19:28.331-----------> ClassLocator.getDependentXMLResources: Replicate resource: zul
Overwrite bundleresource://179.fwk1399961333:14/metainfo/zk/zk.xml
with bundleresource://179.fwk1399961333:31/metainfo/zk/zk.xml [17]
11:19:28.728-----------> LanguageDefinition.<init>: Replicated language: xhtml, overriden by [LanguageDefinition: xhtml] [17]
11:19:28.763-----------> LanguageDefinition.<init>: Replicated language: xul/html, overriden by [LanguageDefinition: xul/html] [17]
11:19:28.831-----------> ClassLocator.getDependentXMLResources: Replicate resource: calendar
Overwrite bundleresource://179.fwk1399961333:1/metainfo/zk/lang-addon.xml
with bundleresource://179.fwk1399961333:18/metainfo/zk/lang-addon.xml [17]
11:19:28.831-----------> ClassLocator.getDependentXMLResources: Replicate resource: ckez
Overwrite bundleresource://179.fwk1399961333:2/metainfo/zk/lang-addon.xml
with bundleresource://179.fwk1399961333:19/metainfo/zk/lang-addon.xml [17]
11:19:28.831-----------> ClassLocator.getDependentXMLResources: Replicate resource: gmapsz
Overwrite bundleresource://179.fwk1399961333:5/metainfo/zk/lang-addon.xml
with bundleresource://179.fwk1399961333:22/metainfo/zk/lang-addon.xml [17]
11:19:28.847-----------> ClassLocator.getDependentXMLResources: Replicate resource: timeline
Overwrite bundleresource://179.fwk1399961333:6/metainfo/zk/lang-addon.xml
with bundleresource://179.fwk1399961333:23/metainfo/zk/lang-addon.xml [17]
11:19:28.847-----------> ClassLocator.getDependentXMLResources: Replicate resource: timeplot
Overwrite bundleresource://179.fwk1399961333:7/metainfo/zk/lang-addon.xml
with bundleresource://179.fwk1399961333:24/metainfo/zk/lang-addon.xml [17]
11:19:28.862-----------> ClassLocator.getDependentXMLResources: Replicate resource: zkbind
Overwrite bundleresource://179.fwk1399961333:12/metainfo/zk/lang-addon.xml
with bundleresource://179.fwk1399961333:29/metainfo/zk/lang-addon.xml [17]
11:19:28.870-----------> ClassLocator.getDependentXMLResources: Replicate resource: zkplus
Overwrite bundleresource://179.fwk1399961333:13/metainfo/zk/lang-addon.xml
with bundleresource://179.fwk1399961333:30/metainfo/zk/lang-addon.xml [17]
11:19:28.998           WebUIServlet.init: iDempiere Web Client started successfully [17]
11:19:30.101-----------> AnnotationConfiguration.configure: ServletContainerInitializers: detected. Class hierarchy: empty [17]

*** 2016-06-06 11:19:30.401 idempiere Log (CLogFile) ***
11:19:32.854-----------> Node: [10.0.5.43]:5701 [adempiere.idempiere/localhost] [3.5.3] No join method is enabled! Starting standalone. [42]
11:26:19.331===========> DB.executeUpdate: INSERT INTO AD_Column (AD_Column_ID,Version,Name,Description,AD_Table_ID,ColumnName,DefaultValue,FieldLength,IsKey,IsParent,IsMandatory,IsTranslated,IsIdentifier,SeqNo,IsEncrypted,AD_Reference_ID,AD_Client_ID,AD_Org_ID,IsActive,Created,CreatedBy,Updated,UpdatedBy,AD_Element_ID,IsUpdateable,IsSelectionColumn,EntityType,IsSyncDatabase,IsAlwaysUpdateable,IsAutocomplete,IsAllowLogging,AD_Column_UU,IsAllowCopy,IsToolbarButton,IsSecure) VALUES (?,?,?,?,?,?,?,?,?,?,?,?,?,?,?,?,?,?,?,?,?,?,?,?,?,?,?,?,?,?,?,?,?,?,?) [POSaveAD_Column_8a0269c5-6bfb-449f-9428-d3b8f75e64de] [37]
org.postgresql.util.PSQLException: ERROR: llave duplicada viola restricción de unicidad «ad_column_name»
  Detail: Ya existe la llave (ad_table_id, columnname)=(217, IsTransfer).; State=23505; ErrorCode=0
	at org.postgresql.core.v3.QueryExecutorImpl.receiveErrorResponse(QueryExecutorImpl.java:2182)
	at org.postgresql.core.v3.QueryExecutorImpl.processResults(QueryExecutorImpl.java:1911)
	at org.postgresql.core.v3.QueryExecutorImpl.execute(QueryExecutorImpl.java:173)
	at org.postgresql.jdbc2.AbstractJdbc2Statement.execute(AbstractJdbc2Statement.java:645)
	at org.postgresql.jdbc2.AbstractJdbc2Statement.executeWithFlags(AbstractJdbc2Statement.java:495)
	at org.postgresql.jdbc2.AbstractJdbc2Statement.executeUpdate(AbstractJdbc2Statement.java:441)
	at com.mchange.v2.c3p0.impl.NewProxyPreparedStatement.executeUpdate(NewProxyPreparedStatement.java:1449)
	at sun.reflect.GeneratedMethodAccessor56.invoke(Unknown Source)
	at sun.reflect.DelegatingMethodAccessorImpl.invoke(Unknown Source)
	at java.lang.reflect.Method.invoke(Unknown Source)
	at org.compiere.db.StatementProxy.invoke(StatementProxy.java:128)
	at com.sun.proxy.$Proxy3.executeUpdate(Unknown Source)
	at org.compiere.util.DB.executeUpdate(DB.java:1038)
	at org.compiere.util.DB.executeUpdate(DB.java:1007)
	at org.compiere.model.PO.doInsert(PO.java:2974)
	at org.compiere.model.PO.saveNew(PO.java:2778)
	at org.compiere.model.PO.save(PO.java:2128)
	at org.compiere.model.GridTable.dataSavePO(GridTable.java:2223)
	at org.compiere.model.GridTable.dataSave(GridTable.java:1549)
	at org.compiere.model.GridTab.dataSave(GridTab.java:1007)

11:26:19.591===========> DB.saveError: SaveErrorNotUnique - ERROR: llave duplicada viola restricción de unicidad «ad_column_name»
  Detail: Ya existe la llave (ad_table_id, columnname)=(217, IsTransfer). [37]
11:26:19.592-----------> MColumn.doInsert: [POSaveAD_Column_8a0269c5-6bfb-449f-9428-d3b8f75e64de]Not inserted - AD_Column [37]
11:26:19.856===========> MColumn.saveError: SaveErrorNotUnique - ERROR: llave duplicada viola restricción de unicidad «ad_column_name»
  Detail: Ya existe la llave (ad_table_id, columnname)=(217, IsTransfer). [37]
11:26:19.860-----------> GridTable.saveWarning: SaveErrorNotUnique - ERROR: llave duplicada viola restricción de unicidad «ad_column_name»
  Detail: Ya existe la llave (ad_table_id, columnname)=(217, IsTransfer). [37]
