*** 2017-04-24 12:06:26.464 idempiere Log (CLogFile) ***
12:06:26.464 Adempiere.startup: iDempiere(r) Release 3.1_2015-10-31 -Smart Suite ERP, CRM and SCM- (c) 1999-2013 iDempiere(r); Implementation: iDempiere - Supported by iDempiere community [17]
12:06:26.466 Ini.loadProperties: E:\mercurialidempiere/idempiere.properties #33 [17]
12:06:26.992 DB.isBuildOK: Build DB=${env.ADEMPIERE_VERSION} 20080428-1232 [17]
12:06:26.993 DB.isBuildOK: Build Cl=3.1.0.qualifier [17]
12:06:27.010-----------> DB.isBuildOK: Build Version Error 

The program assumes build version 3.1.0.qualifier, but database has build version ${env.ADEMPIERE_VERSION} 20080428-1232. 
This is likely to cause hard to fix errors. 
Please contact administrator. [17]
12:06:27.095 WebEnv.initWeb: Servlet Context Init Parameters: iDempiere Root
ServerRoot=1 [17]
12:06:27.279-----------> EMail.setFrom: you @ company.org: javax.mail.internet.AddressException: Local address contains control or whitespace in string ``you @ company.org'' [17]
12:06:27.281-----------> EMail.addTo: you @ company.org: javax.mail.internet.AddressException: Local address contains control or whitespace in string ``you @ company.org'' [17]
12:06:27.281-----------> EMail.isValid: From is invalid=null [17]
12:06:27.281-----------> EMail.isValid: From is invalid=null [17]
12:06:27.281-----------> MClient.sendEMail: Could NOT Send Email: Server started: iDempiere (odbz:192.168.47.1) to you @ company.org: Invalid Data (System) [17]
12:06:27.281 WebEnv.initWeb: Servlet Init Parameter: idempiereMonitor [17]
12:06:27.281 AdempiereMonitor.init:  [17]
12:06:28.843-----------> AnnotationConfiguration.configure: ServletContainerInitializers: detected. Class hierarchy: empty [17]
12:06:29.070-----------> ClassLocator.getDependentXMLResources: Replicate resource: ckez
Overwrite bundleresource://182.fwk1319287199:2/metainfo/zk/config.xml
with bundleresource://182.fwk1319287199:19/metainfo/zk/config.xml [17]
12:06:29.076-----------> ClassLocator.getDependentXMLResources: Replicate resource: zk
Overwrite bundleresource://182.fwk1319287199:11/metainfo/zk/config.xml
with bundleresource://182.fwk1319287199:28/metainfo/zk/config.xml [17]
12:06:29.081-----------> ClassLocator.getDependentXMLResources: Replicate resource: zkbind
Overwrite bundleresource://182.fwk1319287199:12/metainfo/zk/config.xml
with bundleresource://182.fwk1319287199:29/metainfo/zk/config.xml [17]
12:06:29.107-----------> ClassLocator.getDependentXMLResources: Replicate resource: zul
Overwrite bundleresource://182.fwk1319287199:14/metainfo/zk/zk.xml
with bundleresource://182.fwk1319287199:31/metainfo/zk/zk.xml [17]
12:06:29.461-----------> LanguageDefinition.<init>: Replicated language: xhtml, overriden by [LanguageDefinition: xhtml] [17]
12:06:29.485-----------> LanguageDefinition.<init>: Replicated language: xul/html, overriden by [LanguageDefinition: xul/html] [17]
12:06:29.528-----------> ClassLocator.getDependentXMLResources: Replicate resource: calendar
Overwrite bundleresource://182.fwk1319287199:1/metainfo/zk/lang-addon.xml
with bundleresource://182.fwk1319287199:18/metainfo/zk/lang-addon.xml [17]
12:06:29.531-----------> ClassLocator.getDependentXMLResources: Replicate resource: ckez
Overwrite bundleresource://182.fwk1319287199:2/metainfo/zk/lang-addon.xml
with bundleresource://182.fwk1319287199:19/metainfo/zk/lang-addon.xml [17]
12:06:29.535-----------> ClassLocator.getDependentXMLResources: Replicate resource: gmapsz
Overwrite bundleresource://182.fwk1319287199:5/metainfo/zk/lang-addon.xml
with bundleresource://182.fwk1319287199:22/metainfo/zk/lang-addon.xml [17]
12:06:29.538-----------> ClassLocator.getDependentXMLResources: Replicate resource: timeline
Overwrite bundleresource://182.fwk1319287199:6/metainfo/zk/lang-addon.xml
with bundleresource://182.fwk1319287199:23/metainfo/zk/lang-addon.xml [17]
12:06:29.540-----------> ClassLocator.getDependentXMLResources: Replicate resource: timeplot
Overwrite bundleresource://182.fwk1319287199:7/metainfo/zk/lang-addon.xml
with bundleresource://182.fwk1319287199:24/metainfo/zk/lang-addon.xml [17]
12:06:29.549-----------> ClassLocator.getDependentXMLResources: Replicate resource: zkbind
Overwrite bundleresource://182.fwk1319287199:12/metainfo/zk/lang-addon.xml
with bundleresource://182.fwk1319287199:29/metainfo/zk/lang-addon.xml [17]
12:06:29.554-----------> ClassLocator.getDependentXMLResources: Replicate resource: zkplus
Overwrite bundleresource://182.fwk1319287199:13/metainfo/zk/lang-addon.xml
with bundleresource://182.fwk1319287199:30/metainfo/zk/lang-addon.xml [17]
12:06:29.880           WebUIServlet.init: iDempiere Web Client started successfully [17]
12:06:30.878-----------> AnnotationConfiguration.configure: ServletContainerInitializers: detected. Class hierarchy: empty [17]
12:06:30.996-----------> LCO_ValidatorWH.initialize:  [72]

*** 2017-04-24 12:06:31.159 idempiere Log (CLogFile) ***
12:06:33.362-----------> Node: [192.168.163.1]:5701 [adempiere.idempiere/localhost] [3.5.3] No join method is enabled! Starting standalone. [52]
