*** 2016-10-10 10:25:11.48 idempiere Log (CLogFile) ***
10:25:11.479 Adempiere.startup: iDempiere(r) Release 3.1_2015-10-31 -Smart Suite ERP, CRM and SCM- (c) 1999-2013 iDempiere(r); Implementation: iDempiere - Supported by iDempiere community [17]
10:25:11.482 Ini.loadProperties: E:\mercurialidempiere/idempiere.properties #33 [17]
10:25:12.097 AdempiereActivator.installPackage: ni.idempiere.importcurrencyrate 1.0.0 was installed: 2016-07-14 16:34:48.698 [17]
10:25:12.109 DB.isBuildOK: Build DB=${env.ADEMPIERE_VERSION} 20080428-1232 [17]
10:25:12.110 DB.isBuildOK: Build Cl=3.1.0.qualifier [17]
10:25:12.131-----------> DB.isBuildOK: Build Version Error 

The program assumes build version 3.1.0.qualifier, but database has build version ${env.ADEMPIERE_VERSION} 20080428-1232. 
This is likely to cause hard to fix errors. 
Please contact administrator. [17]
10:25:12.219 WebEnv.initWeb: Servlet Context Init Parameters: iDempiere Root
ServerRoot=1 [17]
10:25:12.234-----------> EMail.setFrom: you @ company.org: javax.mail.internet.AddressException: Local address contains control or whitespace in string ``you @ company.org'' [17]
10:25:12.236-----------> EMail.addTo: you @ company.org: javax.mail.internet.AddressException: Local address contains control or whitespace in string ``you @ company.org'' [17]
10:25:12.236-----------> EMail.isValid: From is invalid=null [17]
10:25:12.236-----------> EMail.isValid: From is invalid=null [17]
10:25:12.237-----------> MClient.sendEMail: Could NOT Send Email: Server started: iDempiere (odbz:192.168.163.1) to you @ company.org: Invalid Data (System) [17]
10:25:12.237 WebEnv.initWeb: Servlet Init Parameter: idempiereMonitor [17]
10:25:12.237 AdempiereMonitor.init:  [17]
10:25:13.922-----------> AnnotationConfiguration.configure: ServletContainerInitializers: detected. Class hierarchy: empty [17]
10:25:14.186-----------> ClassLocator.getDependentXMLResources: Replicate resource: ckez
Overwrite bundleresource://187.fwk47108597:2/metainfo/zk/config.xml
with bundleresource://187.fwk47108597:19/metainfo/zk/config.xml [17]
10:25:14.192-----------> ClassLocator.getDependentXMLResources: Replicate resource: zk
Overwrite bundleresource://187.fwk47108597:11/metainfo/zk/config.xml
with bundleresource://187.fwk47108597:28/metainfo/zk/config.xml [17]
10:25:14.196-----------> ClassLocator.getDependentXMLResources: Replicate resource: zkbind
Overwrite bundleresource://187.fwk47108597:12/metainfo/zk/config.xml
with bundleresource://187.fwk47108597:29/metainfo/zk/config.xml [17]
10:25:14.220-----------> ClassLocator.getDependentXMLResources: Replicate resource: zul
Overwrite bundleresource://187.fwk47108597:14/metainfo/zk/zk.xml
with bundleresource://187.fwk47108597:31/metainfo/zk/zk.xml [17]
10:25:14.608-----------> LanguageDefinition.<init>: Replicated language: xhtml, overriden by [LanguageDefinition: xhtml] [17]
10:25:14.638-----------> LanguageDefinition.<init>: Replicated language: xul/html, overriden by [LanguageDefinition: xul/html] [17]
10:25:14.717-----------> ClassLocator.getDependentXMLResources: Replicate resource: calendar
Overwrite bundleresource://187.fwk47108597:1/metainfo/zk/lang-addon.xml
with bundleresource://187.fwk47108597:18/metainfo/zk/lang-addon.xml [17]
10:25:14.724-----------> ClassLocator.getDependentXMLResources: Replicate resource: ckez
Overwrite bundleresource://187.fwk47108597:2/metainfo/zk/lang-addon.xml
with bundleresource://187.fwk47108597:19/metainfo/zk/lang-addon.xml [17]
10:25:14.730-----------> ClassLocator.getDependentXMLResources: Replicate resource: gmapsz
Overwrite bundleresource://187.fwk47108597:5/metainfo/zk/lang-addon.xml
with bundleresource://187.fwk47108597:22/metainfo/zk/lang-addon.xml [17]
10:25:14.735-----------> ClassLocator.getDependentXMLResources: Replicate resource: timeline
Overwrite bundleresource://187.fwk47108597:6/metainfo/zk/lang-addon.xml
with bundleresource://187.fwk47108597:23/metainfo/zk/lang-addon.xml [17]
10:25:14.741-----------> ClassLocator.getDependentXMLResources: Replicate resource: timeplot
Overwrite bundleresource://187.fwk47108597:7/metainfo/zk/lang-addon.xml
with bundleresource://187.fwk47108597:24/metainfo/zk/lang-addon.xml [17]
10:25:14.754-----------> ClassLocator.getDependentXMLResources: Replicate resource: zkbind
Overwrite bundleresource://187.fwk47108597:12/metainfo/zk/lang-addon.xml
with bundleresource://187.fwk47108597:29/metainfo/zk/lang-addon.xml [17]
10:25:14.763-----------> ClassLocator.getDependentXMLResources: Replicate resource: zkplus
Overwrite bundleresource://187.fwk47108597:13/metainfo/zk/lang-addon.xml
with bundleresource://187.fwk47108597:30/metainfo/zk/lang-addon.xml [17]
10:25:14.872           WebUIServlet.init: iDempiere Web Client started successfully [17]
10:25:16.039-----------> AnnotationConfiguration.configure: ServletContainerInitializers: detected. Class hierarchy: empty [17]

*** 2016-10-10 10:25:16.297 idempiere Log (CLogFile) ***
10:25:18.744-----------> Node: [192.168.163.1]:5701 [adempiere.idempiere/localhost] [3.5.3] No join method is enabled! Starting standalone. [41]
10:25:37.747-----------> Msg.getMsg: NOT found: ni.idempiere.toolbar.button.action.report.label [37]
10:25:37.748-----------> Msg.getMsg: NOT found: ni.idempiere.toolbar.button.action.report.tooltip [37]
10:26:17.215===========> DataEngine.loadPrintData: null - ERROR: no existe la columna c_bankaccount.bancocuenta
  Position: 247
SQL=SELECT C_Payment.DocumentNo,(SELECT NVL(C_POSTenderType.Name,'-1') FROM C_POSTenderType WHERE C_Payment.C_POSTenderType_ID=C_POSTenderType.C_POSTenderType_ID) AS AC_POSTenderType_ID,C_Payment.C_POSTenderType_ID AS C_POSTenderType_ID,(SELECT C_BankAccount.BancoCuenta FROM C_BankAccount C_BankAccount WHERE C_Payment.C_BankAccount_ID=C_BankAccount.C_BankAccount_ID) AS BC_BankAccount_ID,C_Payment.C_BankAccount_ID AS C_BankAccount_ID,(SELECT NVL(C_DocType_Trl.Name,'-1') FROM C_DocType INNER JOIN C_DocType_TRL ON (C_DocType.C_DocType_ID=C_DocType_Trl.C_DocType_ID AND C_DocType_Trl.AD_Language='es_NI') WHERE C_Payment.C_DocType_ID=C_DocType.C_DocType_ID) AS CC_DocType_ID,C_Payment.C_DocType_ID AS C_DocType_ID,C_Payment.IsReceipt,C_Payment.DateTrx,C_Payment.DateAcct,C_Payment.Description,(SELECT NVL(C_BPartner.Name,'-1') FROM C_BPartner WHERE C_Payment.C_BPartner_ID=C_BPartner.C_BPartner_ID) AS DC_BPartner_ID,C_Payment.C_BPartner_ID AS C_BPartner_ID,(SELECT NVL(C_Invoice.DocumentNo,'-1') ||'_'|| NVL(TO_CHAR(C_Invoice.DateInvoiced,'DD/MM/YYYY'),'-1') ||'_'|| NVL(CAST (C_Invoice.GrandTotal AS Text),'-1') FROM C_Invoice WHERE C_Payment.C_Invoice_ID=C_Invoice.C_Invoice_ID) AS EC_Invoice_ID,C_Payment.C_Invoice_ID AS C_Invoice_ID,(SELECT NVL(C_Order.DocumentNo,'-1') ||'_'|| NVL(TO_CHAR(C_Order.DateOrdered,'DD/MM/YYYY'),'-1') FROM C_Order WHERE C_Payment.C_Order_ID=C_Order.C_Order_ID) AS FC_Order_ID,C_Payment.C_Order_ID AS C_Order_ID,(SELECT NVL(C_Project.Value,'-1') ||'_'|| NVL(C_Project.Name,'-1') FROM C_Project WHERE C_Payment.C_Project_ID=C_Project.C_Project_ID) AS GC_Project_ID,C_Payment.C_Project_ID AS C_Project_ID,(SELECT NVL(C_Charge_Trl.Name,'-1') FROM C_Charge INNER JOIN C_Charge_TRL ON (C_Charge.C_Charge_ID=C_Charge_Trl.C_Charge_ID AND C_Charge_Trl.AD_Language='es_NI') WHERE C_Payment.C_Charge_ID=C_Charge.C_Charge_ID) AS HC_Charge_ID,C_Payment.C_Charge_ID AS C_Charge_ID,C_Payment.IsPrepayment,(SELECT NVL(C_Activity_Trl.Name,'-1') FROM C_Activity INNER JOIN C_Activity_TRL ON (C_Activity.C_Activity_ID=C_Activity_Trl.C_Activity_ID AND C_Activity_Trl.AD_Language='es_NI') WHERE C_Payment.C_Activity_ID=C_Activity.C_Activity_ID) AS IC_Activity_ID,C_Payment.C_Activity_ID AS C_Activity_ID,(SELECT NVL(C_Campaign_Trl.Name,'-1') FROM C_Campaign INNER JOIN C_Campaign_TRL ON (C_Campaign.C_Campaign_ID=C_Campaign_Trl.C_Campaign_ID AND C_Campaign_Trl.AD_Language='es_NI') WHERE C_Payment.C_Campaign_ID=C_Campaign.C_Campaign_ID) AS JC_Campaign_ID,C_Payment.C_Campaign_ID AS C_Campaign_ID,(SELECT AD_Org.Value||'-'||AD_Org.Name FROM AD_Org AD_Org WHERE C_Payment.AD_OrgTrx_ID=AD_Org.AD_Org_ID) AS KAD_OrgTrx_ID,C_Payment.AD_OrgTrx_ID AS AD_OrgTrx_ID,(SELECT C_ElementValue.Value||'-'||C_ElementValue_Trl.Name FROM C_ElementValue C_ElementValue INNER JOIN C_ElementValue_TRL ON (C_ElementValue.C_ElementValue_ID=C_ElementValue_Trl.C_ElementValue_ID AND C_ElementValue_Trl.AD_Language='es_NI') WHERE C_Payment.User1_ID=C_ElementValue.C_ElementValue_ID) AS LUser1_ID,C_Payment.User1_ID AS User1_ID,(SELECT C_ElementValue.Value||'-'||C_ElementValue_Trl.Name FROM C_ElementValue C_ElementValue INNER JOIN C_ElementValue_TRL ON (C_ElementValue.C_ElementValue_ID=C_ElementValue_Trl.C_ElementValue_ID AND C_ElementValue_Trl.AD_Language='es_NI') WHERE C_Payment.User2_ID=C_ElementValue.C_ElementValue_ID) AS MUser2_ID,C_Payment.User2_ID AS User2_ID,C_Payment.PayAmt,(SELECT NVL(C_Currency.ISO_Code,'-1') FROM C_Currency WHERE C_Payment.C_Currency_ID=C_Currency.C_Currency_ID) AS NC_Currency_ID,C_Payment.C_Currency_ID AS C_Currency_ID,(SELECT NVL(C_ConversionType.Name,'-1') FROM C_ConversionType WHERE C_Payment.C_ConversionType_ID=C_ConversionType.C_ConversionType_ID) AS OC_ConversionType_ID,C_Payment.C_ConversionType_ID AS C_ConversionType_ID,C_Payment.DiscountAmt,C_Payment.WriteOffAmt,C_Payment.IsOverUnderPayment,C_Payment.OverUnderAmt,P.Name AS PName,C_Payment.TenderType AS TenderType,C_Payment.IsOnline,C_Payment.RoutingNo,C_Payment.AccountNo,C_Payment.CheckNo,C_Payment.Micr,Q.Name AS QName,C_Payment.CreditCardType AS CreditCardType,R.Name AS RName,C_Payment.TrxType AS TrxType,C_Payment.CreditCardVV,C_Payment.CreditCardExpMM,C_Payment.CreditCardExpYY,C_Payment.A_Name,C_Payment.A_Street,C_Payment.A_City,C_Payment.A_Zip,C_Payment.A_State,C_Payment.A_Country,C_Payment.A_Ident_DL,C_Payment.A_Ident_SSN,C_Payment.A_EMail,C_Payment.TaxAmt,C_Payment.PONum,C_Payment.VoiceAuthCode,C_Payment.Orig_TrxID,C_Payment.IsApproved,C_Payment.R_Result,C_Payment.R_RespMsg,C_Payment.IsVoided,C_Payment.R_VoidMsg,C_Payment.R_PnRef,C_Payment.R_AuthCode,S.Name AS SName,C_Payment.R_AvsZip AS R_AvsZip,T.Name AS TName,C_Payment.R_AvsAddr AS R_AvsAddr,(SELECT NVL(C_PaymentProcessor.Name,'-1') FROM C_PaymentProcessor WHERE C_Payment.C_PaymentProcessor_ID=C_PaymentProcessor.C_PaymentProcessor_ID) AS UC_PaymentProcessor_ID,C_Payment.C_PaymentProcessor_ID AS C_PaymentProcessor_ID,C_Payment.CustomerPaymentProfileID,C_Payment.CustomerProfileID,C_Payment.CustomerAddressID,V.Name AS VName,C_Payment.DocStatus AS DocStatus,C_Payment.IsSelfService,C_Payment.IsAllocated,C_Payment.IsReconciled,C_Payment.R_AuthCode_DC,C_Payment.C_Payment_UU,(SELECT NVL(C_CashBook.Name,'-1') FROM C_CashBook WHERE C_Payment.C_CashBook_ID=C_CashBook.C_CashBook_ID) AS WC_CashBook_ID,C_Payment.C_CashBook_ID AS C_CashBook_ID,C_Payment.ChargeAmt,C_Payment.R_CVV2Match,C_Payment.IsDelayedCapture,C_Payment.R_Info,(SELECT NVL(C_BP_BankAccount.A_Name,'-1') ||'_'|| NVL(C_BP_BankAccount.AccountNo,'-1') ||'_'|| NVL((SELECT NVL(C_Bank.Name,'-1') ||'_'|| NVL(C_Bank.RoutingNo,'-1') FROM C_Bank WHERE C_BP_BankAccount.C_Bank_ID=C_Bank.C_Bank_ID),'-1') FROM C_BP_BankAccount WHERE C_Payment.C_BP_BankAccount_ID=C_BP_BankAccount.C_BP_BankAccount_ID) AS XC_BP_BankAccount_ID,C_Payment.C_BP_BankAccount_ID AS C_BP_BankAccount_ID,(SELECT NVL(C_PaymentBatch.DocumentNo,'-1') FROM C_PaymentBatch WHERE C_Payment.C_PaymentBatch_ID=C_PaymentBatch.C_PaymentBatch_ID) AS YC_PaymentBatch_ID,C_Payment.C_PaymentBatch_ID AS C_PaymentBatch_ID,C_Payment.Processed,C_Payment.ProcessedOn,C_Payment.R_PnRef_DC,(SELECT C_Payment1.DocumentNo FROM C_Payment C_Payment1 WHERE C_Payment.Ref_Payment_ID=C_Payment1.C_Payment_ID) AS ZRef_Payment_ID,C_Payment.Ref_Payment_ID AS Ref_Payment_ID,(SELECT C_Payment1.DocumentNo FROM C_Payment C_Payment1 WHERE C_Payment.Reversal_ID=C_Payment1.C_Payment_ID) AS AAReversal_ID,C_Payment.Reversal_ID AS Reversal_ID,C_Payment.Swipe,C_Payment.C_Payment_ID FROM C_Payment LEFT OUTER JOIN  AD_Ref_List XP ON (C_Payment.TenderType=XP.Value AND XP.AD_Reference_ID=214) LEFT OUTER JOIN  AD_Ref_List_Trl P ON (XP.AD_Ref_List_ID=P.AD_Ref_List_ID AND P.AD_Language='es_NI') LEFT OUTER JOIN  AD_Ref_List XQ ON (C_Payment.CreditCardType=XQ.Value AND XQ.AD_Reference_ID=149) LEFT OUTER JOIN  AD_Ref_List_Trl Q ON (XQ.AD_Ref_List_ID=Q.AD_Ref_List_ID AND Q.AD_Language='es_NI') LEFT OUTER JOIN  AD_Ref_List XR ON (C_Payment.TrxType=XR.Value AND XR.AD_Reference_ID=215) LEFT OUTER JOIN  AD_Ref_List_Trl R ON (XR.AD_Ref_List_ID=R.AD_Ref_List_ID AND R.AD_Language='es_NI') LEFT OUTER JOIN  AD_Ref_List XS ON (C_Payment.R_AvsZip=XS.Value AND XS.AD_Reference_ID=213) LEFT OUTER JOIN  AD_Ref_List_Trl S ON (XS.AD_Ref_List_ID=S.AD_Ref_List_ID AND S.AD_Language='es_NI') LEFT OUTER JOIN  AD_Ref_List XT ON (C_Payment.R_AvsAddr=XT.Value AND XT.AD_Reference_ID=213) LEFT OUTER JOIN  AD_Ref_List_Trl T ON (XT.AD_Ref_List_ID=T.AD_Ref_List_ID AND T.AD_Language='es_NI') LEFT OUTER JOIN  AD_Ref_List XV ON (C_Payment.DocStatus=XV.Value AND XV.AD_Reference_ID=131) LEFT OUTER JOIN  AD_Ref_List_Trl V ON (XV.AD_Ref_List_ID=V.AD_Ref_List_ID AND V.AD_Language='es_NI') WHERE (C_Payment.C_Payment_ID=1000015) AND C_Payment.AD_Client_ID IN(0,1000000) AND C_Payment.AD_Org_ID IN(0,1000000) AND  (C_Payment.C_Payment_ID IS NULL OR C_Payment.C_Payment_ID NOT IN ( SELECT Record_ID FROM AD_Private_Access WHERE AD_Table_ID = 335 AND AD_User_ID <> 0 AND IsActive = 'Y' ))  AND  (XP.AD_Ref_List_ID IS NULL OR XP.AD_Ref_List_ID NOT IN ( SELECT Record_ID FROM AD_Private_Access WHERE AD_Table_ID = 104 AND AD_User_ID <> 0 AND IsActive = 'Y' ))  AND  (XQ.AD_Ref_List_ID IS NULL OR XQ.AD_Ref_List_ID NOT IN ( SELECT Record_ID FROM AD_Private_Access WHERE AD_Table_ID = 104 AND AD_User_ID <> 0 AND IsActive = 'Y' ))  AND  (XR.AD_Ref_List_ID IS NULL OR XR.AD_Ref_List_ID NOT IN ( SELECT Record_ID FROM AD_Private_Access WHERE AD_Table_ID = 104 AND AD_User_ID <> 0 AND IsActive = 'Y' ))  AND  (XS.AD_Ref_List_ID IS NULL OR XS.AD_Ref_List_ID NOT IN ( SELECT Record_ID FROM AD_Private_Access WHERE AD_Table_ID = 104 AND AD_User_ID <> 0 AND IsActive = 'Y' ))  AND  (XT.AD_Ref_List_ID IS NULL OR XT.AD_Ref_List_ID NOT IN ( SELECT Record_ID FROM AD_Private_Access WHERE AD_Table_ID = 104 AND AD_User_ID <> 0 AND IsActive = 'Y' ))  AND  (XV.AD_Ref_List_ID IS NULL OR XV.AD_Ref_List_ID NOT IN ( SELECT Record_ID FROM AD_Private_Access WHERE AD_Table_ID = 104 AND AD_User_ID <> 0 AND IsActive = 'Y' ))  ORDER BY C_Payment.DocumentNo,C_Payment.DateTrx,C_Payment.PayAmt,C_Payment.A_Name [37]
10:26:17.285===========> UiEngineImpl.handleError:  [37]
org.adempiere.exceptions.AdempiereException: org.postgresql.util.PSQLException: ERROR: no existe la columna c_bankaccount.bancocuenta
  Position: 247
	at org.compiere.print.DataEngine.loadPrintData(DataEngine.java:1021)
	at org.compiere.print.DataEngine.getPrintData(DataEngine.java:217)
	at org.compiere.print.ReportEngine.setPrintData(ReportEngine.java:305)
	at org.compiere.print.ReportEngine.setQuery(ReportEngine.java:274)
	at org.compiere.print.ReportEngine.<init>(ReportEngine.java:189)
	at org.compiere.print.ReportEngine.<init>(ReportEngine.java:166)
	at org.compiere.print.ReportEngine.<init>(ReportEngine.java:141)
	at ni.idempiere.toolbar.eventlistener.NIReportAction.validate(NIReportAction.java:368)
	at ni.idempiere.toolbar.eventlistener.NIReportAction.onEvent(NIReportAction.java:234)
	at org.zkoss.zk.ui.AbstractComponent.onEvent(AbstractComponent.java:2773)
	at org.zkoss.zk.ui.AbstractComponent.service(AbstractComponent.java:2744)
	at org.zkoss.zk.ui.AbstractComponent.service(AbstractComponent.java:2685)
	at org.zkoss.zk.ui.impl.EventProcessor.process(EventProcessor.java:136)
	at org.zkoss.zk.ui.impl.UiEngineImpl.processEvent(UiEngineImpl.java:1765)
	at org.zkoss.zk.ui.impl.UiEngineImpl.process(UiEngineImpl.java:1550)
	at org.zkoss.zk.ui.impl.UiEngineImpl.execUpdate(UiEngineImpl.java:1260)
	at org.zkoss.zk.au.http.DHtmlUpdateServlet.process(DHtmlUpdateServlet.java:611)
	at org.zkoss.zk.au.http.DHtmlUpdateServlet.doGet(DHtmlUpdateServlet.java:485)
	at org.zkoss.zk.au.http.DHtmlUpdateServlet.doPost(DHtmlUpdateServlet.java:494)
	at javax.servlet.http.HttpServlet.service(HttpServlet.java:707)
	at javax.servlet.http.HttpServlet.service(HttpServlet.java:790)
caused by: org.postgresql.util.PSQLException: ERROR: no existe la columna c_bankaccount.bancocuenta
  Position: 247; State=42703; ErrorCode=0
	at org.postgresql.core.v3.QueryExecutorImpl.receiveErrorResponse(QueryExecutorImpl.java:2182)
	at org.postgresql.core.v3.QueryExecutorImpl.processResults(QueryExecutorImpl.java:1911)
	at org.postgresql.core.v3.QueryExecutorImpl.execute(QueryExecutorImpl.java:173)
	at org.postgresql.jdbc2.AbstractJdbc2Statement.execute(AbstractJdbc2Statement.java:645)
	at org.postgresql.jdbc2.AbstractJdbc2Statement.executeWithFlags(AbstractJdbc2Statement.java:495)
	at org.postgresql.jdbc2.AbstractJdbc2Statement.executeQuery(AbstractJdbc2Statement.java:380)
	at com.mchange.v2.c3p0.impl.NewProxyPreparedStatement.executeQuery(NewProxyPreparedStatement.java:1418)
	at sun.reflect.GeneratedMethodAccessor21.invoke(Unknown Source)
	at sun.reflect.DelegatingMethodAccessorImpl.invoke(Unknown Source)
	at java.lang.reflect.Method.invoke(Unknown Source)
	at org.compiere.db.StatementProxy.invoke(StatementProxy.java:128)
	at com.sun.proxy.$Proxy3.executeQuery(Unknown Source)
	at org.compiere.print.DataEngine.loadPrintData(DataEngine.java:816)
	at org.compiere.print.DataEngine.getPrintData(DataEngine.java:217)
	at org.compiere.print.ReportEngine.setPrintData(ReportEngine.java:305)
	at org.compiere.print.ReportEngine.setQuery(ReportEngine.java:274)
	at org.compiere.print.ReportEngine.<init>(ReportEngine.java:189)
	at org.compiere.print.ReportEngine.<init>(ReportEngine.java:166)
	at org.compiere.print.ReportEngine.<init>(ReportEngine.java:141)
	at ni.idempiere.toolbar.eventlistener.NIReportAction.validate(NIReportAction.java:368)
	at ni.idempiere.toolbar.eventlistener.NIReportAction.onEvent(NIReportAction.java:234)

10:26:39.159===========> DataEngine.loadPrintData: null - ERROR: no existe la columna c_bankaccount.bancocuenta
  Position: 175
SQL=SELECT (SELECT NVL(AD_Org.Name,'-1') FROM AD_Org WHERE C_Payment.AD_Org_ID=AD_Org.AD_Org_ID) AS AAD_Org_ID,C_Payment.AD_Org_ID AS AD_Org_ID,C_Payment.DocumentNo,(SELECT C_BankAccount.BancoCuenta FROM C_BankAccount C_BankAccount WHERE C_Payment.C_BankAccount_ID=C_BankAccount.C_BankAccount_ID) AS BC_BankAccount_ID,C_Payment.C_BankAccount_ID AS C_BankAccount_ID,(SELECT NVL(C_DocType_Trl.Name,'-1') FROM C_DocType INNER JOIN C_DocType_TRL ON (C_DocType.C_DocType_ID=C_DocType_Trl.C_DocType_ID AND C_DocType_Trl.AD_Language='es_NI') WHERE C_Payment.C_DocType_ID=C_DocType.C_DocType_ID) AS CC_DocType_ID,C_Payment.C_DocType_ID AS C_DocType_ID,C_Payment.IsReceipt,C_Payment.DateTrx,C_Payment.DateAcct,C_Payment.Description,(SELECT NVL(C_BPartner.Name,'-1') FROM C_BPartner WHERE C_Payment.C_BPartner_ID=C_BPartner.C_BPartner_ID) AS DC_BPartner_ID,C_Payment.C_BPartner_ID AS C_BPartner_ID,(SELECT NVL(C_Invoice.DocumentNo,'-1') ||'_'|| NVL(TO_CHAR(C_Invoice.DateInvoiced,'DD/MM/YYYY'),'-1') ||'_'|| NVL(CAST (C_Invoice.GrandTotal AS Text),'-1') FROM C_Invoice WHERE C_Payment.C_Invoice_ID=C_Invoice.C_Invoice_ID) AS EC_Invoice_ID,C_Payment.C_Invoice_ID AS C_Invoice_ID,(SELECT NVL(C_Order.DocumentNo,'-1') ||'_'|| NVL(TO_CHAR(C_Order.DateOrdered,'DD/MM/YYYY'),'-1') FROM C_Order WHERE C_Payment.C_Order_ID=C_Order.C_Order_ID) AS FC_Order_ID,C_Payment.C_Order_ID AS C_Order_ID,(SELECT NVL(C_Project.Value,'-1') ||'_'|| NVL(C_Project.Name,'-1') FROM C_Project WHERE C_Payment.C_Project_ID=C_Project.C_Project_ID) AS GC_Project_ID,C_Payment.C_Project_ID AS C_Project_ID,(SELECT NVL(C_Charge_Trl.Name,'-1') FROM C_Charge INNER JOIN C_Charge_TRL ON (C_Charge.C_Charge_ID=C_Charge_Trl.C_Charge_ID AND C_Charge_Trl.AD_Language='es_NI') WHERE C_Payment.C_Charge_ID=C_Charge.C_Charge_ID) AS HC_Charge_ID,C_Payment.C_Charge_ID AS C_Charge_ID,C_Payment.IsPrepayment,(SELECT NVL(C_Activity_Trl.Name,'-1') FROM C_Activity INNER JOIN C_Activity_TRL ON (C_Activity.C_Activity_ID=C_Activity_Trl.C_Activity_ID AND C_Activity_Trl.AD_Language='es_NI') WHERE C_Payment.C_Activity_ID=C_Activity.C_Activity_ID) AS IC_Activity_ID,C_Payment.C_Activity_ID AS C_Activity_ID,(SELECT NVL(C_Campaign_Trl.Name,'-1') FROM C_Campaign INNER JOIN C_Campaign_TRL ON (C_Campaign.C_Campaign_ID=C_Campaign_Trl.C_Campaign_ID AND C_Campaign_Trl.AD_Language='es_NI') WHERE C_Payment.C_Campaign_ID=C_Campaign.C_Campaign_ID) AS JC_Campaign_ID,C_Payment.C_Campaign_ID AS C_Campaign_ID,(SELECT AD_Org.Value||'-'||AD_Org.Name FROM AD_Org AD_Org WHERE C_Payment.AD_OrgTrx_ID=AD_Org.AD_Org_ID) AS KAD_OrgTrx_ID,C_Payment.AD_OrgTrx_ID AS AD_OrgTrx_ID,(SELECT C_ElementValue.Value||'-'||C_ElementValue_Trl.Name FROM C_ElementValue C_ElementValue INNER JOIN C_ElementValue_TRL ON (C_ElementValue.C_ElementValue_ID=C_ElementValue_Trl.C_ElementValue_ID AND C_ElementValue_Trl.AD_Language='es_NI') WHERE C_Payment.User1_ID=C_ElementValue.C_ElementValue_ID) AS LUser1_ID,C_Payment.User1_ID AS User1_ID,(SELECT C_ElementValue.Value||'-'||C_ElementValue_Trl.Name FROM C_ElementValue C_ElementValue INNER JOIN C_ElementValue_TRL ON (C_ElementValue.C_ElementValue_ID=C_ElementValue_Trl.C_ElementValue_ID AND C_ElementValue_Trl.AD_Language='es_NI') WHERE C_Payment.User2_ID=C_ElementValue.C_ElementValue_ID) AS MUser2_ID,C_Payment.User2_ID AS User2_ID,C_Payment.PayAmt,(SELECT NVL(C_Currency.ISO_Code,'-1') FROM C_Currency WHERE C_Payment.C_Currency_ID=C_Currency.C_Currency_ID) AS NC_Currency_ID,C_Payment.C_Currency_ID AS C_Currency_ID,(SELECT NVL(C_ConversionType.Name,'-1') FROM C_ConversionType WHERE C_Payment.C_ConversionType_ID=C_ConversionType.C_ConversionType_ID) AS OC_ConversionType_ID,C_Payment.C_ConversionType_ID AS C_ConversionType_ID,C_Payment.DiscountAmt,C_Payment.WriteOffAmt,C_Payment.IsOverUnderPayment,C_Payment.OverUnderAmt,P.Name AS PName,C_Payment.TenderType AS TenderType,(SELECT NVL(C_POSTenderType.Name,'-1') FROM C_POSTenderType WHERE C_Payment.C_POSTenderType_ID=C_POSTenderType.C_POSTenderType_ID) AS QC_POSTenderType_ID,C_Payment.C_POSTenderType_ID AS C_POSTenderType_ID,C_Payment.IsOnline,C_Payment.RoutingNo,C_Payment.AccountNo,C_Payment.CheckNo,C_Payment.Micr,R.Name AS RName,C_Payment.CreditCardType AS CreditCardType,S.Name AS SName,C_Payment.TrxType AS TrxType,C_Payment.CreditCardNumber,C_Payment.CreditCardVV,C_Payment.CreditCardExpMM,C_Payment.CreditCardExpYY,C_Payment.A_Name,C_Payment.A_Street,C_Payment.A_City,C_Payment.A_Zip,C_Payment.A_State,C_Payment.A_Country,C_Payment.A_Ident_DL,C_Payment.A_Ident_SSN,C_Payment.A_EMail,C_Payment.TaxAmt,C_Payment.PONum,C_Payment.VoiceAuthCode,C_Payment.Orig_TrxID,C_Payment.IsApproved,C_Payment.R_Result,C_Payment.R_RespMsg,C_Payment.IsVoided,C_Payment.R_VoidMsg,C_Payment.R_PnRef,C_Payment.R_AuthCode,T.Name AS TName,C_Payment.R_AvsZip AS R_AvsZip,U.Name AS UName,C_Payment.R_AvsAddr AS R_AvsAddr,(SELECT NVL(C_PaymentProcessor.Name,'-1') FROM C_PaymentProcessor WHERE C_Payment.C_PaymentProcessor_ID=C_PaymentProcessor.C_PaymentProcessor_ID) AS VC_PaymentProcessor_ID,C_Payment.C_PaymentProcessor_ID AS C_PaymentProcessor_ID,C_Payment.CustomerPaymentProfileID,C_Payment.CustomerProfileID,C_Payment.CustomerAddressID,W.Name AS WName,C_Payment.DocStatus AS DocStatus,C_Payment.IsSelfService,C_Payment.IsAllocated,(SELECT NVL(C_CashBook.Name,'-1') FROM C_CashBook WHERE C_Payment.C_CashBook_ID=C_CashBook.C_CashBook_ID) AS XC_CashBook_ID,C_Payment.C_CashBook_ID AS C_CashBook_ID,C_Payment.IsReconciled FROM C_Payment LEFT OUTER JOIN  AD_Ref_List XP ON (C_Payment.TenderType=XP.Value AND XP.AD_Reference_ID=214) LEFT OUTER JOIN  AD_Ref_List_Trl P ON (XP.AD_Ref_List_ID=P.AD_Ref_List_ID AND P.AD_Language='es_NI') LEFT OUTER JOIN  AD_Ref_List XR ON (C_Payment.CreditCardType=XR.Value AND XR.AD_Reference_ID=149) LEFT OUTER JOIN  AD_Ref_List_Trl R ON (XR.AD_Ref_List_ID=R.AD_Ref_List_ID AND R.AD_Language='es_NI') LEFT OUTER JOIN  AD_Ref_List XS ON (C_Payment.TrxType=XS.Value AND XS.AD_Reference_ID=215) LEFT OUTER JOIN  AD_Ref_List_Trl S ON (XS.AD_Ref_List_ID=S.AD_Ref_List_ID AND S.AD_Language='es_NI') LEFT OUTER JOIN  AD_Ref_List XT ON (C_Payment.R_AvsZip=XT.Value AND XT.AD_Reference_ID=213) LEFT OUTER JOIN  AD_Ref_List_Trl T ON (XT.AD_Ref_List_ID=T.AD_Ref_List_ID AND T.AD_Language='es_NI') LEFT OUTER JOIN  AD_Ref_List XU ON (C_Payment.R_AvsAddr=XU.Value AND XU.AD_Reference_ID=213) LEFT OUTER JOIN  AD_Ref_List_Trl U ON (XU.AD_Ref_List_ID=U.AD_Ref_List_ID AND U.AD_Language='es_NI') LEFT OUTER JOIN  AD_Ref_List XW ON (C_Payment.DocStatus=XW.Value AND XW.AD_Reference_ID=131) LEFT OUTER JOIN  AD_Ref_List_Trl W ON (XW.AD_Ref_List_ID=W.AD_Ref_List_ID AND W.AD_Language='es_NI') WHERE (C_Payment.C_Payment_ID=1000015) AND C_Payment.AD_Client_ID IN(0,1000000) AND C_Payment.AD_Org_ID IN(0,1000000) AND  (C_Payment.C_Payment_ID IS NULL OR C_Payment.C_Payment_ID NOT IN ( SELECT Record_ID FROM AD_Private_Access WHERE AD_Table_ID = 335 AND AD_User_ID <> 0 AND IsActive = 'Y' ))  AND  (XP.AD_Ref_List_ID IS NULL OR XP.AD_Ref_List_ID NOT IN ( SELECT Record_ID FROM AD_Private_Access WHERE AD_Table_ID = 104 AND AD_User_ID <> 0 AND IsActive = 'Y' ))  AND  (XR.AD_Ref_List_ID IS NULL OR XR.AD_Ref_List_ID NOT IN ( SELECT Record_ID FROM AD_Private_Access WHERE AD_Table_ID = 104 AND AD_User_ID <> 0 AND IsActive = 'Y' ))  AND  (XS.AD_Ref_List_ID IS NULL OR XS.AD_Ref_List_ID NOT IN ( SELECT Record_ID FROM AD_Private_Access WHERE AD_Table_ID = 104 AND AD_User_ID <> 0 AND IsActive = 'Y' ))  AND  (XT.AD_Ref_List_ID IS NULL OR XT.AD_Ref_List_ID NOT IN ( SELECT Record_ID FROM AD_Private_Access WHERE AD_Table_ID = 104 AND AD_User_ID <> 0 AND IsActive = 'Y' ))  AND  (XU.AD_Ref_List_ID IS NULL OR XU.AD_Ref_List_ID NOT IN ( SELECT Record_ID FROM AD_Private_Access WHERE AD_Table_ID = 104 AND AD_User_ID <> 0 AND IsActive = 'Y' ))  AND  (XW.AD_Ref_List_ID IS NULL OR XW.AD_Ref_List_ID NOT IN ( SELECT Record_ID FROM AD_Private_Access WHERE AD_Table_ID = 104 AND AD_User_ID <> 0 AND IsActive = 'Y' ))  ORDER BY C_Payment.DocumentNo,C_Payment.DateTrx,C_Payment.PayAmt,C_Payment.A_Name [34]
10:26:39.170===========> UiEngineImpl.handleError:  [34]
org.adempiere.exceptions.AdempiereException: org.postgresql.util.PSQLException: ERROR: no existe la columna c_bankaccount.bancocuenta
  Position: 175
	at org.compiere.print.DataEngine.loadPrintData(DataEngine.java:1021)
	at org.compiere.print.DataEngine.getPrintData(DataEngine.java:217)
	at org.compiere.print.ReportEngine.setPrintData(ReportEngine.java:305)
	at org.compiere.print.ReportEngine.setQuery(ReportEngine.java:274)
	at org.compiere.print.ReportEngine.<init>(ReportEngine.java:189)
	at org.compiere.print.ReportEngine.<init>(ReportEngine.java:166)
	at org.compiere.print.ReportEngine.<init>(ReportEngine.java:141)
	at ni.idempiere.toolbar.eventlistener.NIReportAction.validate(NIReportAction.java:368)
	at ni.idempiere.toolbar.eventlistener.NIReportAction.onEvent(NIReportAction.java:234)
	at org.zkoss.zk.ui.AbstractComponent.onEvent(AbstractComponent.java:2773)
	at org.zkoss.zk.ui.AbstractComponent.service(AbstractComponent.java:2744)
	at org.zkoss.zk.ui.AbstractComponent.service(AbstractComponent.java:2685)
	at org.zkoss.zk.ui.impl.EventProcessor.process(EventProcessor.java:136)
	at org.zkoss.zk.ui.impl.UiEngineImpl.processEvent(UiEngineImpl.java:1765)
	at org.zkoss.zk.ui.impl.UiEngineImpl.process(UiEngineImpl.java:1550)
	at org.zkoss.zk.ui.impl.UiEngineImpl.execUpdate(UiEngineImpl.java:1260)
	at org.zkoss.zk.au.http.DHtmlUpdateServlet.process(DHtmlUpdateServlet.java:611)
	at org.zkoss.zk.au.http.DHtmlUpdateServlet.doGet(DHtmlUpdateServlet.java:485)
	at org.zkoss.zk.au.http.DHtmlUpdateServlet.doPost(DHtmlUpdateServlet.java:494)
	at javax.servlet.http.HttpServlet.service(HttpServlet.java:707)
	at javax.servlet.http.HttpServlet.service(HttpServlet.java:790)
caused by: org.postgresql.util.PSQLException: ERROR: no existe la columna c_bankaccount.bancocuenta
  Position: 175; State=42703; ErrorCode=0
	at org.postgresql.core.v3.QueryExecutorImpl.receiveErrorResponse(QueryExecutorImpl.java:2182)
	at org.postgresql.core.v3.QueryExecutorImpl.processResults(QueryExecutorImpl.java:1911)
	at org.postgresql.core.v3.QueryExecutorImpl.execute(QueryExecutorImpl.java:173)
	at org.postgresql.jdbc2.AbstractJdbc2Statement.execute(AbstractJdbc2Statement.java:645)
	at org.postgresql.jdbc2.AbstractJdbc2Statement.executeWithFlags(AbstractJdbc2Statement.java:495)
	at org.postgresql.jdbc2.AbstractJdbc2Statement.executeQuery(AbstractJdbc2Statement.java:380)
	at com.mchange.v2.c3p0.impl.NewProxyPreparedStatement.executeQuery(NewProxyPreparedStatement.java:1418)
	at sun.reflect.GeneratedMethodAccessor21.invoke(Unknown Source)
	at sun.reflect.DelegatingMethodAccessorImpl.invoke(Unknown Source)
	at java.lang.reflect.Method.invoke(Unknown Source)
	at org.compiere.db.StatementProxy.invoke(StatementProxy.java:128)
	at com.sun.proxy.$Proxy3.executeQuery(Unknown Source)
	at org.compiere.print.DataEngine.loadPrintData(DataEngine.java:816)
	at org.compiere.print.DataEngine.getPrintData(DataEngine.java:217)
	at org.compiere.print.ReportEngine.setPrintData(ReportEngine.java:305)
	at org.compiere.print.ReportEngine.setQuery(ReportEngine.java:274)
	at org.compiere.print.ReportEngine.<init>(ReportEngine.java:189)
	at org.compiere.print.ReportEngine.<init>(ReportEngine.java:166)
	at org.compiere.print.ReportEngine.<init>(ReportEngine.java:141)
	at ni.idempiere.toolbar.eventlistener.NIReportAction.validate(NIReportAction.java:368)
	at ni.idempiere.toolbar.eventlistener.NIReportAction.onEvent(NIReportAction.java:234)

10:28:41.971===========> DataEngine.loadPrintData: null - ERROR: no existe la columna c_bankaccount.bancocuenta
  Position: 247
SQL=SELECT C_Payment.DocumentNo,(SELECT NVL(C_POSTenderType.Name,'-1') FROM C_POSTenderType WHERE C_Payment.C_POSTenderType_ID=C_POSTenderType.C_POSTenderType_ID) AS AC_POSTenderType_ID,C_Payment.C_POSTenderType_ID AS C_POSTenderType_ID,(SELECT C_BankAccount.BancoCuenta FROM C_BankAccount C_BankAccount WHERE C_Payment.C_BankAccount_ID=C_BankAccount.C_BankAccount_ID) AS BC_BankAccount_ID,C_Payment.C_BankAccount_ID AS C_BankAccount_ID,(SELECT NVL(C_DocType_Trl.Name,'-1') FROM C_DocType INNER JOIN C_DocType_TRL ON (C_DocType.C_DocType_ID=C_DocType_Trl.C_DocType_ID AND C_DocType_Trl.AD_Language='es_NI') WHERE C_Payment.C_DocType_ID=C_DocType.C_DocType_ID) AS CC_DocType_ID,C_Payment.C_DocType_ID AS C_DocType_ID,C_Payment.IsReceipt,C_Payment.DateTrx,C_Payment.DateAcct,C_Payment.Description,(SELECT NVL(C_BPartner.Name,'-1') FROM C_BPartner WHERE C_Payment.C_BPartner_ID=C_BPartner.C_BPartner_ID) AS DC_BPartner_ID,C_Payment.C_BPartner_ID AS C_BPartner_ID,(SELECT NVL(C_Invoice.DocumentNo,'-1') ||'_'|| NVL(TO_CHAR(C_Invoice.DateInvoiced,'DD/MM/YYYY'),'-1') ||'_'|| NVL(CAST (C_Invoice.GrandTotal AS Text),'-1') FROM C_Invoice WHERE C_Payment.C_Invoice_ID=C_Invoice.C_Invoice_ID) AS EC_Invoice_ID,C_Payment.C_Invoice_ID AS C_Invoice_ID,(SELECT NVL(C_Order.DocumentNo,'-1') ||'_'|| NVL(TO_CHAR(C_Order.DateOrdered,'DD/MM/YYYY'),'-1') FROM C_Order WHERE C_Payment.C_Order_ID=C_Order.C_Order_ID) AS FC_Order_ID,C_Payment.C_Order_ID AS C_Order_ID,(SELECT NVL(C_Project.Value,'-1') ||'_'|| NVL(C_Project.Name,'-1') FROM C_Project WHERE C_Payment.C_Project_ID=C_Project.C_Project_ID) AS GC_Project_ID,C_Payment.C_Project_ID AS C_Project_ID,(SELECT NVL(C_Charge_Trl.Name,'-1') FROM C_Charge INNER JOIN C_Charge_TRL ON (C_Charge.C_Charge_ID=C_Charge_Trl.C_Charge_ID AND C_Charge_Trl.AD_Language='es_NI') WHERE C_Payment.C_Charge_ID=C_Charge.C_Charge_ID) AS HC_Charge_ID,C_Payment.C_Charge_ID AS C_Charge_ID,C_Payment.IsPrepayment,(SELECT NVL(C_Activity_Trl.Name,'-1') FROM C_Activity INNER JOIN C_Activity_TRL ON (C_Activity.C_Activity_ID=C_Activity_Trl.C_Activity_ID AND C_Activity_Trl.AD_Language='es_NI') WHERE C_Payment.C_Activity_ID=C_Activity.C_Activity_ID) AS IC_Activity_ID,C_Payment.C_Activity_ID AS C_Activity_ID,(SELECT NVL(C_Campaign_Trl.Name,'-1') FROM C_Campaign INNER JOIN C_Campaign_TRL ON (C_Campaign.C_Campaign_ID=C_Campaign_Trl.C_Campaign_ID AND C_Campaign_Trl.AD_Language='es_NI') WHERE C_Payment.C_Campaign_ID=C_Campaign.C_Campaign_ID) AS JC_Campaign_ID,C_Payment.C_Campaign_ID AS C_Campaign_ID,(SELECT AD_Org.Value||'-'||AD_Org.Name FROM AD_Org AD_Org WHERE C_Payment.AD_OrgTrx_ID=AD_Org.AD_Org_ID) AS KAD_OrgTrx_ID,C_Payment.AD_OrgTrx_ID AS AD_OrgTrx_ID,(SELECT C_ElementValue.Value||'-'||C_ElementValue_Trl.Name FROM C_ElementValue C_ElementValue INNER JOIN C_ElementValue_TRL ON (C_ElementValue.C_ElementValue_ID=C_ElementValue_Trl.C_ElementValue_ID AND C_ElementValue_Trl.AD_Language='es_NI') WHERE C_Payment.User1_ID=C_ElementValue.C_ElementValue_ID) AS LUser1_ID,C_Payment.User1_ID AS User1_ID,(SELECT C_ElementValue.Value||'-'||C_ElementValue_Trl.Name FROM C_ElementValue C_ElementValue INNER JOIN C_ElementValue_TRL ON (C_ElementValue.C_ElementValue_ID=C_ElementValue_Trl.C_ElementValue_ID AND C_ElementValue_Trl.AD_Language='es_NI') WHERE C_Payment.User2_ID=C_ElementValue.C_ElementValue_ID) AS MUser2_ID,C_Payment.User2_ID AS User2_ID,C_Payment.PayAmt,(SELECT NVL(C_Currency.ISO_Code,'-1') FROM C_Currency WHERE C_Payment.C_Currency_ID=C_Currency.C_Currency_ID) AS NC_Currency_ID,C_Payment.C_Currency_ID AS C_Currency_ID,(SELECT NVL(C_ConversionType.Name,'-1') FROM C_ConversionType WHERE C_Payment.C_ConversionType_ID=C_ConversionType.C_ConversionType_ID) AS OC_ConversionType_ID,C_Payment.C_ConversionType_ID AS C_ConversionType_ID,C_Payment.DiscountAmt,C_Payment.WriteOffAmt,C_Payment.IsOverUnderPayment,C_Payment.OverUnderAmt,P.Name AS PName,C_Payment.TenderType AS TenderType,C_Payment.IsOnline,C_Payment.RoutingNo,C_Payment.AccountNo,C_Payment.CheckNo,C_Payment.Micr,Q.Name AS QName,C_Payment.CreditCardType AS CreditCardType,R.Name AS RName,C_Payment.TrxType AS TrxType,C_Payment.CreditCardVV,C_Payment.CreditCardExpMM,C_Payment.CreditCardExpYY,C_Payment.A_Name,C_Payment.A_Street,C_Payment.A_City,C_Payment.A_Zip,C_Payment.A_State,C_Payment.A_Country,C_Payment.A_Ident_DL,C_Payment.A_Ident_SSN,C_Payment.A_EMail,C_Payment.TaxAmt,C_Payment.PONum,C_Payment.VoiceAuthCode,C_Payment.Orig_TrxID,C_Payment.IsApproved,C_Payment.R_Result,C_Payment.R_RespMsg,C_Payment.IsVoided,C_Payment.R_VoidMsg,C_Payment.R_PnRef,C_Payment.R_AuthCode,S.Name AS SName,C_Payment.R_AvsZip AS R_AvsZip,T.Name AS TName,C_Payment.R_AvsAddr AS R_AvsAddr,(SELECT NVL(C_PaymentProcessor.Name,'-1') FROM C_PaymentProcessor WHERE C_Payment.C_PaymentProcessor_ID=C_PaymentProcessor.C_PaymentProcessor_ID) AS UC_PaymentProcessor_ID,C_Payment.C_PaymentProcessor_ID AS C_PaymentProcessor_ID,C_Payment.CustomerPaymentProfileID,C_Payment.CustomerProfileID,C_Payment.CustomerAddressID,V.Name AS VName,C_Payment.DocStatus AS DocStatus,C_Payment.IsSelfService,C_Payment.IsAllocated,C_Payment.IsReconciled,C_Payment.R_AuthCode_DC,C_Payment.C_Payment_UU,(SELECT NVL(C_CashBook.Name,'-1') FROM C_CashBook WHERE C_Payment.C_CashBook_ID=C_CashBook.C_CashBook_ID) AS WC_CashBook_ID,C_Payment.C_CashBook_ID AS C_CashBook_ID,C_Payment.ChargeAmt,C_Payment.R_CVV2Match,C_Payment.IsDelayedCapture,C_Payment.R_Info,(SELECT NVL(C_BP_BankAccount.A_Name,'-1') ||'_'|| NVL(C_BP_BankAccount.AccountNo,'-1') ||'_'|| NVL((SELECT NVL(C_Bank.Name,'-1') ||'_'|| NVL(C_Bank.RoutingNo,'-1') FROM C_Bank WHERE C_BP_BankAccount.C_Bank_ID=C_Bank.C_Bank_ID),'-1') FROM C_BP_BankAccount WHERE C_Payment.C_BP_BankAccount_ID=C_BP_BankAccount.C_BP_BankAccount_ID) AS XC_BP_BankAccount_ID,C_Payment.C_BP_BankAccount_ID AS C_BP_BankAccount_ID,(SELECT NVL(C_PaymentBatch.DocumentNo,'-1') FROM C_PaymentBatch WHERE C_Payment.C_PaymentBatch_ID=C_PaymentBatch.C_PaymentBatch_ID) AS YC_PaymentBatch_ID,C_Payment.C_PaymentBatch_ID AS C_PaymentBatch_ID,C_Payment.Processed,C_Payment.ProcessedOn,C_Payment.R_PnRef_DC,(SELECT C_Payment1.DocumentNo FROM C_Payment C_Payment1 WHERE C_Payment.Ref_Payment_ID=C_Payment1.C_Payment_ID) AS ZRef_Payment_ID,C_Payment.Ref_Payment_ID AS Ref_Payment_ID,(SELECT C_Payment1.DocumentNo FROM C_Payment C_Payment1 WHERE C_Payment.Reversal_ID=C_Payment1.C_Payment_ID) AS AAReversal_ID,C_Payment.Reversal_ID AS Reversal_ID,C_Payment.Swipe,C_Payment.C_Payment_ID FROM C_Payment LEFT OUTER JOIN  AD_Ref_List XP ON (C_Payment.TenderType=XP.Value AND XP.AD_Reference_ID=214) LEFT OUTER JOIN  AD_Ref_List_Trl P ON (XP.AD_Ref_List_ID=P.AD_Ref_List_ID AND P.AD_Language='es_NI') LEFT OUTER JOIN  AD_Ref_List XQ ON (C_Payment.CreditCardType=XQ.Value AND XQ.AD_Reference_ID=149) LEFT OUTER JOIN  AD_Ref_List_Trl Q ON (XQ.AD_Ref_List_ID=Q.AD_Ref_List_ID AND Q.AD_Language='es_NI') LEFT OUTER JOIN  AD_Ref_List XR ON (C_Payment.TrxType=XR.Value AND XR.AD_Reference_ID=215) LEFT OUTER JOIN  AD_Ref_List_Trl R ON (XR.AD_Ref_List_ID=R.AD_Ref_List_ID AND R.AD_Language='es_NI') LEFT OUTER JOIN  AD_Ref_List XS ON (C_Payment.R_AvsZip=XS.Value AND XS.AD_Reference_ID=213) LEFT OUTER JOIN  AD_Ref_List_Trl S ON (XS.AD_Ref_List_ID=S.AD_Ref_List_ID AND S.AD_Language='es_NI') LEFT OUTER JOIN  AD_Ref_List XT ON (C_Payment.R_AvsAddr=XT.Value AND XT.AD_Reference_ID=213) LEFT OUTER JOIN  AD_Ref_List_Trl T ON (XT.AD_Ref_List_ID=T.AD_Ref_List_ID AND T.AD_Language='es_NI') LEFT OUTER JOIN  AD_Ref_List XV ON (C_Payment.DocStatus=XV.Value AND XV.AD_Reference_ID=131) LEFT OUTER JOIN  AD_Ref_List_Trl V ON (XV.AD_Ref_List_ID=V.AD_Ref_List_ID AND V.AD_Language='es_NI') WHERE (C_Payment.C_Payment_ID=1000015) AND C_Payment.AD_Client_ID IN(0,1000000) AND C_Payment.AD_Org_ID IN(0,1000000) AND  (C_Payment.C_Payment_ID IS NULL OR C_Payment.C_Payment_ID NOT IN ( SELECT Record_ID FROM AD_Private_Access WHERE AD_Table_ID = 335 AND AD_User_ID <> 0 AND IsActive = 'Y' ))  AND  (XP.AD_Ref_List_ID IS NULL OR XP.AD_Ref_List_ID NOT IN ( SELECT Record_ID FROM AD_Private_Access WHERE AD_Table_ID = 104 AND AD_User_ID <> 0 AND IsActive = 'Y' ))  AND  (XQ.AD_Ref_List_ID IS NULL OR XQ.AD_Ref_List_ID NOT IN ( SELECT Record_ID FROM AD_Private_Access WHERE AD_Table_ID = 104 AND AD_User_ID <> 0 AND IsActive = 'Y' ))  AND  (XR.AD_Ref_List_ID IS NULL OR XR.AD_Ref_List_ID NOT IN ( SELECT Record_ID FROM AD_Private_Access WHERE AD_Table_ID = 104 AND AD_User_ID <> 0 AND IsActive = 'Y' ))  AND  (XS.AD_Ref_List_ID IS NULL OR XS.AD_Ref_List_ID NOT IN ( SELECT Record_ID FROM AD_Private_Access WHERE AD_Table_ID = 104 AND AD_User_ID <> 0 AND IsActive = 'Y' ))  AND  (XT.AD_Ref_List_ID IS NULL OR XT.AD_Ref_List_ID NOT IN ( SELECT Record_ID FROM AD_Private_Access WHERE AD_Table_ID = 104 AND AD_User_ID <> 0 AND IsActive = 'Y' ))  AND  (XV.AD_Ref_List_ID IS NULL OR XV.AD_Ref_List_ID NOT IN ( SELECT Record_ID FROM AD_Private_Access WHERE AD_Table_ID = 104 AND AD_User_ID <> 0 AND IsActive = 'Y' ))  ORDER BY C_Payment.DocumentNo,C_Payment.DateTrx,C_Payment.PayAmt,C_Payment.A_Name [39]
10:32:23.133===========> UiEngineImpl.handleError:  [39]
org.adempiere.exceptions.AdempiereException: org.postgresql.util.PSQLException: ERROR: no existe la columna c_bankaccount.bancocuenta
  Position: 247
	at org.compiere.print.DataEngine.loadPrintData(DataEngine.java:1021)
	at org.compiere.print.DataEngine.getPrintData(DataEngine.java:217)
	at org.compiere.print.ReportEngine.setPrintData(ReportEngine.java:305)
	at org.compiere.print.ReportEngine.setQuery(ReportEngine.java:274)
	at org.compiere.print.ReportEngine.<init>(ReportEngine.java:189)
	at org.compiere.print.ReportEngine.<init>(ReportEngine.java:166)
	at org.compiere.print.ReportEngine.<init>(ReportEngine.java:141)
	at ni.idempiere.toolbar.eventlistener.NIReportAction.validate(NIReportAction.java:368)
	at ni.idempiere.toolbar.eventlistener.NIReportAction.onEvent(NIReportAction.java:234)
	at org.zkoss.zk.ui.AbstractComponent.onEvent(AbstractComponent.java:2773)
	at org.zkoss.zk.ui.AbstractComponent.service(AbstractComponent.java:2744)
	at org.zkoss.zk.ui.AbstractComponent.service(AbstractComponent.java:2685)
	at org.zkoss.zk.ui.impl.EventProcessor.process(EventProcessor.java:136)
	at org.zkoss.zk.ui.impl.UiEngineImpl.processEvent(UiEngineImpl.java:1765)
	at org.zkoss.zk.ui.impl.UiEngineImpl.process(UiEngineImpl.java:1550)
	at org.zkoss.zk.ui.impl.UiEngineImpl.execUpdate(UiEngineImpl.java:1260)
	at org.zkoss.zk.au.http.DHtmlUpdateServlet.process(DHtmlUpdateServlet.java:611)
	at org.zkoss.zk.au.http.DHtmlUpdateServlet.doGet(DHtmlUpdateServlet.java:485)
	at org.zkoss.zk.au.http.DHtmlUpdateServlet.doPost(DHtmlUpdateServlet.java:494)
	at javax.servlet.http.HttpServlet.service(HttpServlet.java:707)
	at javax.servlet.http.HttpServlet.service(HttpServlet.java:790)
caused by: org.postgresql.util.PSQLException: ERROR: no existe la columna c_bankaccount.bancocuenta
  Position: 247; State=42703; ErrorCode=0
	at org.postgresql.core.v3.QueryExecutorImpl.receiveErrorResponse(QueryExecutorImpl.java:2182)
	at org.postgresql.core.v3.QueryExecutorImpl.processResults(QueryExecutorImpl.java:1911)
	at org.postgresql.core.v3.QueryExecutorImpl.execute(QueryExecutorImpl.java:173)
	at org.postgresql.jdbc2.AbstractJdbc2Statement.execute(AbstractJdbc2Statement.java:645)
	at org.postgresql.jdbc2.AbstractJdbc2Statement.executeWithFlags(AbstractJdbc2Statement.java:495)
	at org.postgresql.jdbc2.AbstractJdbc2Statement.executeQuery(AbstractJdbc2Statement.java:380)
	at com.mchange.v2.c3p0.impl.NewProxyPreparedStatement.executeQuery(NewProxyPreparedStatement.java:1418)
	at sun.reflect.GeneratedMethodAccessor21.invoke(Unknown Source)
	at sun.reflect.DelegatingMethodAccessorImpl.invoke(Unknown Source)
	at java.lang.reflect.Method.invoke(Unknown Source)
	at org.compiere.db.StatementProxy.invoke(StatementProxy.java:128)
	at com.sun.proxy.$Proxy3.executeQuery(Unknown Source)
	at org.compiere.print.DataEngine.loadPrintData(DataEngine.java:816)
	at org.compiere.print.DataEngine.getPrintData(DataEngine.java:217)
	at org.compiere.print.ReportEngine.setPrintData(ReportEngine.java:305)
	at org.compiere.print.ReportEngine.setQuery(ReportEngine.java:274)
	at org.compiere.print.ReportEngine.<init>(ReportEngine.java:189)
	at org.compiere.print.ReportEngine.<init>(ReportEngine.java:166)
	at org.compiere.print.ReportEngine.<init>(ReportEngine.java:141)
	at ni.idempiere.toolbar.eventlistener.NIReportAction.validate(NIReportAction.java:368)
	at ni.idempiere.toolbar.eventlistener.NIReportAction.onEvent(NIReportAction.java:234)

10:34:00.363===========> DataEngine.loadPrintData: null - ERROR: no existe la columna c_bankaccount.bancocuenta
  Position: 175
SQL=SELECT (SELECT NVL(AD_Org.Name,'-1') FROM AD_Org WHERE C_Payment.AD_Org_ID=AD_Org.AD_Org_ID) AS AAD_Org_ID,C_Payment.AD_Org_ID AS AD_Org_ID,C_Payment.DocumentNo,(SELECT C_BankAccount.BancoCuenta FROM C_BankAccount C_BankAccount WHERE C_Payment.C_BankAccount_ID=C_BankAccount.C_BankAccount_ID) AS BC_BankAccount_ID,C_Payment.C_BankAccount_ID AS C_BankAccount_ID,(SELECT NVL(C_DocType_Trl.Name,'-1') FROM C_DocType INNER JOIN C_DocType_TRL ON (C_DocType.C_DocType_ID=C_DocType_Trl.C_DocType_ID AND C_DocType_Trl.AD_Language='es_NI') WHERE C_Payment.C_DocType_ID=C_DocType.C_DocType_ID) AS CC_DocType_ID,C_Payment.C_DocType_ID AS C_DocType_ID,C_Payment.IsReceipt,C_Payment.DateTrx,C_Payment.DateAcct,C_Payment.Description,(SELECT NVL(C_BPartner.Name,'-1') FROM C_BPartner WHERE C_Payment.C_BPartner_ID=C_BPartner.C_BPartner_ID) AS DC_BPartner_ID,C_Payment.C_BPartner_ID AS C_BPartner_ID,(SELECT NVL(C_Invoice.DocumentNo,'-1') ||'_'|| NVL(TO_CHAR(C_Invoice.DateInvoiced,'DD/MM/YYYY'),'-1') ||'_'|| NVL(CAST (C_Invoice.GrandTotal AS Text),'-1') FROM C_Invoice WHERE C_Payment.C_Invoice_ID=C_Invoice.C_Invoice_ID) AS EC_Invoice_ID,C_Payment.C_Invoice_ID AS C_Invoice_ID,(SELECT NVL(C_Order.DocumentNo,'-1') ||'_'|| NVL(TO_CHAR(C_Order.DateOrdered,'DD/MM/YYYY'),'-1') FROM C_Order WHERE C_Payment.C_Order_ID=C_Order.C_Order_ID) AS FC_Order_ID,C_Payment.C_Order_ID AS C_Order_ID,(SELECT NVL(C_Project.Value,'-1') ||'_'|| NVL(C_Project.Name,'-1') FROM C_Project WHERE C_Payment.C_Project_ID=C_Project.C_Project_ID) AS GC_Project_ID,C_Payment.C_Project_ID AS C_Project_ID,(SELECT NVL(C_Charge_Trl.Name,'-1') FROM C_Charge INNER JOIN C_Charge_TRL ON (C_Charge.C_Charge_ID=C_Charge_Trl.C_Charge_ID AND C_Charge_Trl.AD_Language='es_NI') WHERE C_Payment.C_Charge_ID=C_Charge.C_Charge_ID) AS HC_Charge_ID,C_Payment.C_Charge_ID AS C_Charge_ID,C_Payment.IsPrepayment,(SELECT NVL(C_Activity_Trl.Name,'-1') FROM C_Activity INNER JOIN C_Activity_TRL ON (C_Activity.C_Activity_ID=C_Activity_Trl.C_Activity_ID AND C_Activity_Trl.AD_Language='es_NI') WHERE C_Payment.C_Activity_ID=C_Activity.C_Activity_ID) AS IC_Activity_ID,C_Payment.C_Activity_ID AS C_Activity_ID,(SELECT NVL(C_Campaign_Trl.Name,'-1') FROM C_Campaign INNER JOIN C_Campaign_TRL ON (C_Campaign.C_Campaign_ID=C_Campaign_Trl.C_Campaign_ID AND C_Campaign_Trl.AD_Language='es_NI') WHERE C_Payment.C_Campaign_ID=C_Campaign.C_Campaign_ID) AS JC_Campaign_ID,C_Payment.C_Campaign_ID AS C_Campaign_ID,(SELECT AD_Org.Value||'-'||AD_Org.Name FROM AD_Org AD_Org WHERE C_Payment.AD_OrgTrx_ID=AD_Org.AD_Org_ID) AS KAD_OrgTrx_ID,C_Payment.AD_OrgTrx_ID AS AD_OrgTrx_ID,(SELECT C_ElementValue.Value||'-'||C_ElementValue_Trl.Name FROM C_ElementValue C_ElementValue INNER JOIN C_ElementValue_TRL ON (C_ElementValue.C_ElementValue_ID=C_ElementValue_Trl.C_ElementValue_ID AND C_ElementValue_Trl.AD_Language='es_NI') WHERE C_Payment.User1_ID=C_ElementValue.C_ElementValue_ID) AS LUser1_ID,C_Payment.User1_ID AS User1_ID,(SELECT C_ElementValue.Value||'-'||C_ElementValue_Trl.Name FROM C_ElementValue C_ElementValue INNER JOIN C_ElementValue_TRL ON (C_ElementValue.C_ElementValue_ID=C_ElementValue_Trl.C_ElementValue_ID AND C_ElementValue_Trl.AD_Language='es_NI') WHERE C_Payment.User2_ID=C_ElementValue.C_ElementValue_ID) AS MUser2_ID,C_Payment.User2_ID AS User2_ID,C_Payment.PayAmt,(SELECT NVL(C_Currency.ISO_Code,'-1') FROM C_Currency WHERE C_Payment.C_Currency_ID=C_Currency.C_Currency_ID) AS NC_Currency_ID,C_Payment.C_Currency_ID AS C_Currency_ID,(SELECT NVL(C_ConversionType.Name,'-1') FROM C_ConversionType WHERE C_Payment.C_ConversionType_ID=C_ConversionType.C_ConversionType_ID) AS OC_ConversionType_ID,C_Payment.C_ConversionType_ID AS C_ConversionType_ID,C_Payment.DiscountAmt,C_Payment.WriteOffAmt,C_Payment.IsOverUnderPayment,C_Payment.OverUnderAmt,P.Name AS PName,C_Payment.TenderType AS TenderType,(SELECT NVL(C_POSTenderType.Name,'-1') FROM C_POSTenderType WHERE C_Payment.C_POSTenderType_ID=C_POSTenderType.C_POSTenderType_ID) AS QC_POSTenderType_ID,C_Payment.C_POSTenderType_ID AS C_POSTenderType_ID,C_Payment.IsOnline,C_Payment.RoutingNo,C_Payment.AccountNo,C_Payment.CheckNo,C_Payment.Micr,R.Name AS RName,C_Payment.CreditCardType AS CreditCardType,S.Name AS SName,C_Payment.TrxType AS TrxType,C_Payment.CreditCardNumber,C_Payment.CreditCardVV,C_Payment.CreditCardExpMM,C_Payment.CreditCardExpYY,C_Payment.A_Name,C_Payment.A_Street,C_Payment.A_City,C_Payment.A_Zip,C_Payment.A_State,C_Payment.A_Country,C_Payment.A_Ident_DL,C_Payment.A_Ident_SSN,C_Payment.A_EMail,C_Payment.TaxAmt,C_Payment.PONum,C_Payment.VoiceAuthCode,C_Payment.Orig_TrxID,C_Payment.IsApproved,C_Payment.R_Result,C_Payment.R_RespMsg,C_Payment.IsVoided,C_Payment.R_VoidMsg,C_Payment.R_PnRef,C_Payment.R_AuthCode,T.Name AS TName,C_Payment.R_AvsZip AS R_AvsZip,U.Name AS UName,C_Payment.R_AvsAddr AS R_AvsAddr,(SELECT NVL(C_PaymentProcessor.Name,'-1') FROM C_PaymentProcessor WHERE C_Payment.C_PaymentProcessor_ID=C_PaymentProcessor.C_PaymentProcessor_ID) AS VC_PaymentProcessor_ID,C_Payment.C_PaymentProcessor_ID AS C_PaymentProcessor_ID,C_Payment.CustomerPaymentProfileID,C_Payment.CustomerProfileID,C_Payment.CustomerAddressID,W.Name AS WName,C_Payment.DocStatus AS DocStatus,C_Payment.IsSelfService,C_Payment.IsAllocated,(SELECT NVL(C_CashBook.Name,'-1') FROM C_CashBook WHERE C_Payment.C_CashBook_ID=C_CashBook.C_CashBook_ID) AS XC_CashBook_ID,C_Payment.C_CashBook_ID AS C_CashBook_ID,C_Payment.IsReconciled FROM C_Payment LEFT OUTER JOIN  AD_Ref_List XP ON (C_Payment.TenderType=XP.Value AND XP.AD_Reference_ID=214) LEFT OUTER JOIN  AD_Ref_List_Trl P ON (XP.AD_Ref_List_ID=P.AD_Ref_List_ID AND P.AD_Language='es_NI') LEFT OUTER JOIN  AD_Ref_List XR ON (C_Payment.CreditCardType=XR.Value AND XR.AD_Reference_ID=149) LEFT OUTER JOIN  AD_Ref_List_Trl R ON (XR.AD_Ref_List_ID=R.AD_Ref_List_ID AND R.AD_Language='es_NI') LEFT OUTER JOIN  AD_Ref_List XS ON (C_Payment.TrxType=XS.Value AND XS.AD_Reference_ID=215) LEFT OUTER JOIN  AD_Ref_List_Trl S ON (XS.AD_Ref_List_ID=S.AD_Ref_List_ID AND S.AD_Language='es_NI') LEFT OUTER JOIN  AD_Ref_List XT ON (C_Payment.R_AvsZip=XT.Value AND XT.AD_Reference_ID=213) LEFT OUTER JOIN  AD_Ref_List_Trl T ON (XT.AD_Ref_List_ID=T.AD_Ref_List_ID AND T.AD_Language='es_NI') LEFT OUTER JOIN  AD_Ref_List XU ON (C_Payment.R_AvsAddr=XU.Value AND XU.AD_Reference_ID=213) LEFT OUTER JOIN  AD_Ref_List_Trl U ON (XU.AD_Ref_List_ID=U.AD_Ref_List_ID AND U.AD_Language='es_NI') LEFT OUTER JOIN  AD_Ref_List XW ON (C_Payment.DocStatus=XW.Value AND XW.AD_Reference_ID=131) LEFT OUTER JOIN  AD_Ref_List_Trl W ON (XW.AD_Ref_List_ID=W.AD_Ref_List_ID AND W.AD_Language='es_NI') WHERE ((C_Payment.C_BPartner_ID IS NOT NULL) AND  ((C_Payment.C_Payment_ID=1000015))) AND C_Payment.AD_Client_ID IN(0,1000000) AND C_Payment.AD_Org_ID IN(0,1000000) AND  (C_Payment.C_Payment_ID IS NULL OR C_Payment.C_Payment_ID NOT IN ( SELECT Record_ID FROM AD_Private_Access WHERE AD_Table_ID = 335 AND AD_User_ID <> 0 AND IsActive = 'Y' ))  AND  (XP.AD_Ref_List_ID IS NULL OR XP.AD_Ref_List_ID NOT IN ( SELECT Record_ID FROM AD_Private_Access WHERE AD_Table_ID = 104 AND AD_User_ID <> 0 AND IsActive = 'Y' ))  AND  (XR.AD_Ref_List_ID IS NULL OR XR.AD_Ref_List_ID NOT IN ( SELECT Record_ID FROM AD_Private_Access WHERE AD_Table_ID = 104 AND AD_User_ID <> 0 AND IsActive = 'Y' ))  AND  (XS.AD_Ref_List_ID IS NULL OR XS.AD_Ref_List_ID NOT IN ( SELECT Record_ID FROM AD_Private_Access WHERE AD_Table_ID = 104 AND AD_User_ID <> 0 AND IsActive = 'Y' ))  AND  (XT.AD_Ref_List_ID IS NULL OR XT.AD_Ref_List_ID NOT IN ( SELECT Record_ID FROM AD_Private_Access WHERE AD_Table_ID = 104 AND AD_User_ID <> 0 AND IsActive = 'Y' ))  AND  (XU.AD_Ref_List_ID IS NULL OR XU.AD_Ref_List_ID NOT IN ( SELECT Record_ID FROM AD_Private_Access WHERE AD_Table_ID = 104 AND AD_User_ID <> 0 AND IsActive = 'Y' ))  AND  (XW.AD_Ref_List_ID IS NULL OR XW.AD_Ref_List_ID NOT IN ( SELECT Record_ID FROM AD_Private_Access WHERE AD_Table_ID = 104 AND AD_User_ID <> 0 AND IsActive = 'Y' ))  ORDER BY C_Payment.DocumentNo,C_Payment.DateTrx,C_Payment.PayAmt,C_Payment.A_Name [33]
10:34:56.197===========> UiEngineImpl.handleError:  [33]
org.adempiere.exceptions.AdempiereException: org.postgresql.util.PSQLException: ERROR: no existe la columna c_bankaccount.bancocuenta
  Position: 175
	at org.compiere.print.DataEngine.loadPrintData(DataEngine.java:1021)
	at org.compiere.print.DataEngine.getPrintData(DataEngine.java:217)
	at org.compiere.print.ReportEngine.setPrintData(ReportEngine.java:305)
	at org.compiere.print.ReportEngine.setQuery(ReportEngine.java:274)
	at org.compiere.print.ReportEngine.<init>(ReportEngine.java:189)
	at org.compiere.print.ReportEngine.<init>(ReportEngine.java:166)
	at org.compiere.print.ReportEngine.<init>(ReportEngine.java:141)
	at ni.idempiere.toolbar.eventlistener.NIReportAction.validate(NIReportAction.java:368)
	at ni.idempiere.toolbar.eventlistener.NIReportAction.onEvent(NIReportAction.java:234)
	at org.zkoss.zk.ui.AbstractComponent.onEvent(AbstractComponent.java:2773)
	at org.zkoss.zk.ui.AbstractComponent.service(AbstractComponent.java:2744)
	at org.zkoss.zk.ui.AbstractComponent.service(AbstractComponent.java:2685)
	at org.zkoss.zk.ui.impl.EventProcessor.process(EventProcessor.java:136)
	at org.zkoss.zk.ui.impl.UiEngineImpl.processEvent(UiEngineImpl.java:1765)
	at org.zkoss.zk.ui.impl.UiEngineImpl.process(UiEngineImpl.java:1550)
	at org.zkoss.zk.ui.impl.UiEngineImpl.execUpdate(UiEngineImpl.java:1260)
	at org.zkoss.zk.au.http.DHtmlUpdateServlet.process(DHtmlUpdateServlet.java:611)
	at org.zkoss.zk.au.http.DHtmlUpdateServlet.doGet(DHtmlUpdateServlet.java:485)
	at org.zkoss.zk.au.http.DHtmlUpdateServlet.doPost(DHtmlUpdateServlet.java:494)
	at javax.servlet.http.HttpServlet.service(HttpServlet.java:707)
	at javax.servlet.http.HttpServlet.service(HttpServlet.java:790)
caused by: org.postgresql.util.PSQLException: ERROR: no existe la columna c_bankaccount.bancocuenta
  Position: 175; State=42703; ErrorCode=0
	at org.postgresql.core.v3.QueryExecutorImpl.receiveErrorResponse(QueryExecutorImpl.java:2182)
	at org.postgresql.core.v3.QueryExecutorImpl.processResults(QueryExecutorImpl.java:1911)
	at org.postgresql.core.v3.QueryExecutorImpl.execute(QueryExecutorImpl.java:173)
	at org.postgresql.jdbc2.AbstractJdbc2Statement.execute(AbstractJdbc2Statement.java:645)
	at org.postgresql.jdbc2.AbstractJdbc2Statement.executeWithFlags(AbstractJdbc2Statement.java:495)
	at org.postgresql.jdbc2.AbstractJdbc2Statement.executeQuery(AbstractJdbc2Statement.java:380)
	at com.mchange.v2.c3p0.impl.NewProxyPreparedStatement.executeQuery(NewProxyPreparedStatement.java:1418)
	at sun.reflect.GeneratedMethodAccessor21.invoke(Unknown Source)
	at sun.reflect.DelegatingMethodAccessorImpl.invoke(Unknown Source)
	at java.lang.reflect.Method.invoke(Unknown Source)
	at org.compiere.db.StatementProxy.invoke(StatementProxy.java:128)
	at com.sun.proxy.$Proxy3.executeQuery(Unknown Source)
	at org.compiere.print.DataEngine.loadPrintData(DataEngine.java:816)
	at org.compiere.print.DataEngine.getPrintData(DataEngine.java:217)
	at org.compiere.print.ReportEngine.setPrintData(ReportEngine.java:305)
	at org.compiere.print.ReportEngine.setQuery(ReportEngine.java:274)
	at org.compiere.print.ReportEngine.<init>(ReportEngine.java:189)
	at org.compiere.print.ReportEngine.<init>(ReportEngine.java:166)
	at org.compiere.print.ReportEngine.<init>(ReportEngine.java:141)
	at ni.idempiere.toolbar.eventlistener.NIReportAction.validate(NIReportAction.java:368)
	at ni.idempiere.toolbar.eventlistener.NIReportAction.onEvent(NIReportAction.java:234)

10:37:46.946===========> DataEngine.loadPrintData: null - ERROR: no existe la columna c_bankaccount.bancocuenta
  Position: 175
SQL=SELECT (SELECT NVL(AD_Org.Name,'-1') FROM AD_Org WHERE C_Payment.AD_Org_ID=AD_Org.AD_Org_ID) AS AAD_Org_ID,C_Payment.AD_Org_ID AS AD_Org_ID,C_Payment.DocumentNo,(SELECT C_BankAccount.BancoCuenta FROM C_BankAccount C_BankAccount WHERE C_Payment.C_BankAccount_ID=C_BankAccount.C_BankAccount_ID) AS BC_BankAccount_ID,C_Payment.C_BankAccount_ID AS C_BankAccount_ID,(SELECT NVL(C_DocType_Trl.Name,'-1') FROM C_DocType INNER JOIN C_DocType_TRL ON (C_DocType.C_DocType_ID=C_DocType_Trl.C_DocType_ID AND C_DocType_Trl.AD_Language='es_NI') WHERE C_Payment.C_DocType_ID=C_DocType.C_DocType_ID) AS CC_DocType_ID,C_Payment.C_DocType_ID AS C_DocType_ID,C_Payment.IsReceipt,C_Payment.DateTrx,C_Payment.DateAcct,C_Payment.Description,(SELECT NVL(C_BPartner.Name,'-1') FROM C_BPartner WHERE C_Payment.C_BPartner_ID=C_BPartner.C_BPartner_ID) AS DC_BPartner_ID,C_Payment.C_BPartner_ID AS C_BPartner_ID,(SELECT NVL(C_Invoice.DocumentNo,'-1') ||'_'|| NVL(TO_CHAR(C_Invoice.DateInvoiced,'DD/MM/YYYY'),'-1') ||'_'|| NVL(CAST (C_Invoice.GrandTotal AS Text),'-1') FROM C_Invoice WHERE C_Payment.C_Invoice_ID=C_Invoice.C_Invoice_ID) AS EC_Invoice_ID,C_Payment.C_Invoice_ID AS C_Invoice_ID,(SELECT NVL(C_Order.DocumentNo,'-1') ||'_'|| NVL(TO_CHAR(C_Order.DateOrdered,'DD/MM/YYYY'),'-1') FROM C_Order WHERE C_Payment.C_Order_ID=C_Order.C_Order_ID) AS FC_Order_ID,C_Payment.C_Order_ID AS C_Order_ID,(SELECT NVL(C_Project.Value,'-1') ||'_'|| NVL(C_Project.Name,'-1') FROM C_Project WHERE C_Payment.C_Project_ID=C_Project.C_Project_ID) AS GC_Project_ID,C_Payment.C_Project_ID AS C_Project_ID,(SELECT NVL(C_Charge_Trl.Name,'-1') FROM C_Charge INNER JOIN C_Charge_TRL ON (C_Charge.C_Charge_ID=C_Charge_Trl.C_Charge_ID AND C_Charge_Trl.AD_Language='es_NI') WHERE C_Payment.C_Charge_ID=C_Charge.C_Charge_ID) AS HC_Charge_ID,C_Payment.C_Charge_ID AS C_Charge_ID,C_Payment.IsPrepayment,(SELECT NVL(C_Activity_Trl.Name,'-1') FROM C_Activity INNER JOIN C_Activity_TRL ON (C_Activity.C_Activity_ID=C_Activity_Trl.C_Activity_ID AND C_Activity_Trl.AD_Language='es_NI') WHERE C_Payment.C_Activity_ID=C_Activity.C_Activity_ID) AS IC_Activity_ID,C_Payment.C_Activity_ID AS C_Activity_ID,(SELECT NVL(C_Campaign_Trl.Name,'-1') FROM C_Campaign INNER JOIN C_Campaign_TRL ON (C_Campaign.C_Campaign_ID=C_Campaign_Trl.C_Campaign_ID AND C_Campaign_Trl.AD_Language='es_NI') WHERE C_Payment.C_Campaign_ID=C_Campaign.C_Campaign_ID) AS JC_Campaign_ID,C_Payment.C_Campaign_ID AS C_Campaign_ID,(SELECT AD_Org.Value||'-'||AD_Org.Name FROM AD_Org AD_Org WHERE C_Payment.AD_OrgTrx_ID=AD_Org.AD_Org_ID) AS KAD_OrgTrx_ID,C_Payment.AD_OrgTrx_ID AS AD_OrgTrx_ID,(SELECT C_ElementValue.Value||'-'||C_ElementValue_Trl.Name FROM C_ElementValue C_ElementValue INNER JOIN C_ElementValue_TRL ON (C_ElementValue.C_ElementValue_ID=C_ElementValue_Trl.C_ElementValue_ID AND C_ElementValue_Trl.AD_Language='es_NI') WHERE C_Payment.User1_ID=C_ElementValue.C_ElementValue_ID) AS LUser1_ID,C_Payment.User1_ID AS User1_ID,(SELECT C_ElementValue.Value||'-'||C_ElementValue_Trl.Name FROM C_ElementValue C_ElementValue INNER JOIN C_ElementValue_TRL ON (C_ElementValue.C_ElementValue_ID=C_ElementValue_Trl.C_ElementValue_ID AND C_ElementValue_Trl.AD_Language='es_NI') WHERE C_Payment.User2_ID=C_ElementValue.C_ElementValue_ID) AS MUser2_ID,C_Payment.User2_ID AS User2_ID,C_Payment.PayAmt,(SELECT NVL(C_Currency.ISO_Code,'-1') FROM C_Currency WHERE C_Payment.C_Currency_ID=C_Currency.C_Currency_ID) AS NC_Currency_ID,C_Payment.C_Currency_ID AS C_Currency_ID,(SELECT NVL(C_ConversionType.Name,'-1') FROM C_ConversionType WHERE C_Payment.C_ConversionType_ID=C_ConversionType.C_ConversionType_ID) AS OC_ConversionType_ID,C_Payment.C_ConversionType_ID AS C_ConversionType_ID,C_Payment.DiscountAmt,C_Payment.WriteOffAmt,C_Payment.IsOverUnderPayment,C_Payment.OverUnderAmt,P.Name AS PName,C_Payment.TenderType AS TenderType,(SELECT NVL(C_POSTenderType.Name,'-1') FROM C_POSTenderType WHERE C_Payment.C_POSTenderType_ID=C_POSTenderType.C_POSTenderType_ID) AS QC_POSTenderType_ID,C_Payment.C_POSTenderType_ID AS C_POSTenderType_ID,C_Payment.IsOnline,C_Payment.RoutingNo,C_Payment.AccountNo,C_Payment.CheckNo,C_Payment.Micr,R.Name AS RName,C_Payment.CreditCardType AS CreditCardType,S.Name AS SName,C_Payment.TrxType AS TrxType,C_Payment.CreditCardNumber,C_Payment.CreditCardVV,C_Payment.CreditCardExpMM,C_Payment.CreditCardExpYY,C_Payment.A_Name,C_Payment.A_Street,C_Payment.A_City,C_Payment.A_Zip,C_Payment.A_State,C_Payment.A_Country,C_Payment.A_Ident_DL,C_Payment.A_Ident_SSN,C_Payment.A_EMail,C_Payment.TaxAmt,C_Payment.PONum,C_Payment.VoiceAuthCode,C_Payment.Orig_TrxID,C_Payment.IsApproved,C_Payment.R_Result,C_Payment.R_RespMsg,C_Payment.IsVoided,C_Payment.R_VoidMsg,C_Payment.R_PnRef,C_Payment.R_AuthCode,T.Name AS TName,C_Payment.R_AvsZip AS R_AvsZip,U.Name AS UName,C_Payment.R_AvsAddr AS R_AvsAddr,(SELECT NVL(C_PaymentProcessor.Name,'-1') FROM C_PaymentProcessor WHERE C_Payment.C_PaymentProcessor_ID=C_PaymentProcessor.C_PaymentProcessor_ID) AS VC_PaymentProcessor_ID,C_Payment.C_PaymentProcessor_ID AS C_PaymentProcessor_ID,C_Payment.CustomerPaymentProfileID,C_Payment.CustomerProfileID,C_Payment.CustomerAddressID,W.Name AS WName,C_Payment.DocStatus AS DocStatus,C_Payment.IsSelfService,C_Payment.IsAllocated,(SELECT NVL(C_CashBook.Name,'-1') FROM C_CashBook WHERE C_Payment.C_CashBook_ID=C_CashBook.C_CashBook_ID) AS XC_CashBook_ID,C_Payment.C_CashBook_ID AS C_CashBook_ID,C_Payment.IsReconciled FROM C_Payment LEFT OUTER JOIN  AD_Ref_List XP ON (C_Payment.TenderType=XP.Value AND XP.AD_Reference_ID=214) LEFT OUTER JOIN  AD_Ref_List_Trl P ON (XP.AD_Ref_List_ID=P.AD_Ref_List_ID AND P.AD_Language='es_NI') LEFT OUTER JOIN  AD_Ref_List XR ON (C_Payment.CreditCardType=XR.Value AND XR.AD_Reference_ID=149) LEFT OUTER JOIN  AD_Ref_List_Trl R ON (XR.AD_Ref_List_ID=R.AD_Ref_List_ID AND R.AD_Language='es_NI') LEFT OUTER JOIN  AD_Ref_List XS ON (C_Payment.TrxType=XS.Value AND XS.AD_Reference_ID=215) LEFT OUTER JOIN  AD_Ref_List_Trl S ON (XS.AD_Ref_List_ID=S.AD_Ref_List_ID AND S.AD_Language='es_NI') LEFT OUTER JOIN  AD_Ref_List XT ON (C_Payment.R_AvsZip=XT.Value AND XT.AD_Reference_ID=213) LEFT OUTER JOIN  AD_Ref_List_Trl T ON (XT.AD_Ref_List_ID=T.AD_Ref_List_ID AND T.AD_Language='es_NI') LEFT OUTER JOIN  AD_Ref_List XU ON (C_Payment.R_AvsAddr=XU.Value AND XU.AD_Reference_ID=213) LEFT OUTER JOIN  AD_Ref_List_Trl U ON (XU.AD_Ref_List_ID=U.AD_Ref_List_ID AND U.AD_Language='es_NI') LEFT OUTER JOIN  AD_Ref_List XW ON (C_Payment.DocStatus=XW.Value AND XW.AD_Reference_ID=131) LEFT OUTER JOIN  AD_Ref_List_Trl W ON (XW.AD_Ref_List_ID=W.AD_Ref_List_ID AND W.AD_Language='es_NI') WHERE ((C_Payment.C_BPartner_ID IS NOT NULL) AND  ((C_Payment.C_Payment_ID=1000015))) AND C_Payment.AD_Client_ID IN(0,1000000) AND C_Payment.AD_Org_ID IN(0,1000000) AND  (C_Payment.C_Payment_ID IS NULL OR C_Payment.C_Payment_ID NOT IN ( SELECT Record_ID FROM AD_Private_Access WHERE AD_Table_ID = 335 AND AD_User_ID <> 0 AND IsActive = 'Y' ))  AND  (XP.AD_Ref_List_ID IS NULL OR XP.AD_Ref_List_ID NOT IN ( SELECT Record_ID FROM AD_Private_Access WHERE AD_Table_ID = 104 AND AD_User_ID <> 0 AND IsActive = 'Y' ))  AND  (XR.AD_Ref_List_ID IS NULL OR XR.AD_Ref_List_ID NOT IN ( SELECT Record_ID FROM AD_Private_Access WHERE AD_Table_ID = 104 AND AD_User_ID <> 0 AND IsActive = 'Y' ))  AND  (XS.AD_Ref_List_ID IS NULL OR XS.AD_Ref_List_ID NOT IN ( SELECT Record_ID FROM AD_Private_Access WHERE AD_Table_ID = 104 AND AD_User_ID <> 0 AND IsActive = 'Y' ))  AND  (XT.AD_Ref_List_ID IS NULL OR XT.AD_Ref_List_ID NOT IN ( SELECT Record_ID FROM AD_Private_Access WHERE AD_Table_ID = 104 AND AD_User_ID <> 0 AND IsActive = 'Y' ))  AND  (XU.AD_Ref_List_ID IS NULL OR XU.AD_Ref_List_ID NOT IN ( SELECT Record_ID FROM AD_Private_Access WHERE AD_Table_ID = 104 AND AD_User_ID <> 0 AND IsActive = 'Y' ))  AND  (XW.AD_Ref_List_ID IS NULL OR XW.AD_Ref_List_ID NOT IN ( SELECT Record_ID FROM AD_Private_Access WHERE AD_Table_ID = 104 AND AD_User_ID <> 0 AND IsActive = 'Y' ))  ORDER BY C_Payment.DocumentNo,C_Payment.DateTrx,C_Payment.PayAmt,C_Payment.A_Name [150]
10:38:04.869===========> UiEngineImpl.handleError:  [150]
org.adempiere.exceptions.AdempiereException: org.postgresql.util.PSQLException: ERROR: no existe la columna c_bankaccount.bancocuenta
  Position: 175
	at org.compiere.print.DataEngine.loadPrintData(DataEngine.java:1021)
	at org.compiere.print.DataEngine.getPrintData(DataEngine.java:217)
	at org.compiere.print.ReportEngine.setPrintData(ReportEngine.java:305)
	at org.compiere.print.ReportEngine.setQuery(ReportEngine.java:274)
	at org.compiere.print.ReportEngine.<init>(ReportEngine.java:189)
	at org.compiere.print.ReportEngine.<init>(ReportEngine.java:166)
	at org.compiere.print.ReportEngine.<init>(ReportEngine.java:141)
	at ni.idempiere.toolbar.eventlistener.NIReportAction.validate(NIReportAction.java:368)
	at ni.idempiere.toolbar.eventlistener.NIReportAction.onEvent(NIReportAction.java:234)
	at org.zkoss.zk.ui.AbstractComponent.onEvent(AbstractComponent.java:2773)
	at org.zkoss.zk.ui.AbstractComponent.service(AbstractComponent.java:2744)
	at org.zkoss.zk.ui.AbstractComponent.service(AbstractComponent.java:2685)
	at org.zkoss.zk.ui.impl.EventProcessor.process(EventProcessor.java:136)
	at org.zkoss.zk.ui.impl.UiEngineImpl.processEvent(UiEngineImpl.java:1765)
	at org.zkoss.zk.ui.impl.UiEngineImpl.process(UiEngineImpl.java:1550)
	at org.zkoss.zk.ui.impl.UiEngineImpl.execUpdate(UiEngineImpl.java:1260)
	at org.zkoss.zk.au.http.DHtmlUpdateServlet.process(DHtmlUpdateServlet.java:611)
	at org.zkoss.zk.au.http.DHtmlUpdateServlet.doGet(DHtmlUpdateServlet.java:485)
	at org.zkoss.zk.au.http.DHtmlUpdateServlet.doPost(DHtmlUpdateServlet.java:494)
	at javax.servlet.http.HttpServlet.service(HttpServlet.java:707)
	at javax.servlet.http.HttpServlet.service(HttpServlet.java:790)
caused by: org.postgresql.util.PSQLException: ERROR: no existe la columna c_bankaccount.bancocuenta
  Position: 175; State=42703; ErrorCode=0
	at org.postgresql.core.v3.QueryExecutorImpl.receiveErrorResponse(QueryExecutorImpl.java:2182)
	at org.postgresql.core.v3.QueryExecutorImpl.processResults(QueryExecutorImpl.java:1911)
	at org.postgresql.core.v3.QueryExecutorImpl.execute(QueryExecutorImpl.java:173)
	at org.postgresql.jdbc2.AbstractJdbc2Statement.execute(AbstractJdbc2Statement.java:645)
	at org.postgresql.jdbc2.AbstractJdbc2Statement.executeWithFlags(AbstractJdbc2Statement.java:495)
	at org.postgresql.jdbc2.AbstractJdbc2Statement.executeQuery(AbstractJdbc2Statement.java:380)
	at com.mchange.v2.c3p0.impl.NewProxyPreparedStatement.executeQuery(NewProxyPreparedStatement.java:1418)
	at sun.reflect.GeneratedMethodAccessor21.invoke(Unknown Source)
	at sun.reflect.DelegatingMethodAccessorImpl.invoke(Unknown Source)
	at java.lang.reflect.Method.invoke(Unknown Source)
	at org.compiere.db.StatementProxy.invoke(StatementProxy.java:128)
	at com.sun.proxy.$Proxy3.executeQuery(Unknown Source)
	at org.compiere.print.DataEngine.loadPrintData(DataEngine.java:816)
	at org.compiere.print.DataEngine.getPrintData(DataEngine.java:217)
	at org.compiere.print.ReportEngine.setPrintData(ReportEngine.java:305)
	at org.compiere.print.ReportEngine.setQuery(ReportEngine.java:274)
	at org.compiere.print.ReportEngine.<init>(ReportEngine.java:189)
	at org.compiere.print.ReportEngine.<init>(ReportEngine.java:166)
	at org.compiere.print.ReportEngine.<init>(ReportEngine.java:141)
	at ni.idempiere.toolbar.eventlistener.NIReportAction.validate(NIReportAction.java:368)
	at ni.idempiere.toolbar.eventlistener.NIReportAction.onEvent(NIReportAction.java:234)

10:45:42.947===========> DataEngine.loadPrintData: null - ERROR: no existe la columna c_bankaccount.bancocuenta
  Position: 175
SQL=SELECT (SELECT NVL(AD_Org.Name,'-1') FROM AD_Org WHERE C_Payment.AD_Org_ID=AD_Org.AD_Org_ID) AS AAD_Org_ID,C_Payment.AD_Org_ID AS AD_Org_ID,C_Payment.DocumentNo,(SELECT C_BankAccount.BancoCuenta FROM C_BankAccount C_BankAccount WHERE C_Payment.C_BankAccount_ID=C_BankAccount.C_BankAccount_ID) AS BC_BankAccount_ID,C_Payment.C_BankAccount_ID AS C_BankAccount_ID,(SELECT NVL(C_DocType_Trl.Name,'-1') FROM C_DocType INNER JOIN C_DocType_TRL ON (C_DocType.C_DocType_ID=C_DocType_Trl.C_DocType_ID AND C_DocType_Trl.AD_Language='es_NI') WHERE C_Payment.C_DocType_ID=C_DocType.C_DocType_ID) AS CC_DocType_ID,C_Payment.C_DocType_ID AS C_DocType_ID,C_Payment.IsReceipt,C_Payment.DateTrx,C_Payment.DateAcct,C_Payment.Description,(SELECT NVL(C_BPartner.Name,'-1') FROM C_BPartner WHERE C_Payment.C_BPartner_ID=C_BPartner.C_BPartner_ID) AS DC_BPartner_ID,C_Payment.C_BPartner_ID AS C_BPartner_ID,(SELECT NVL(C_Invoice.DocumentNo,'-1') ||'_'|| NVL(TO_CHAR(C_Invoice.DateInvoiced,'DD/MM/YYYY'),'-1') ||'_'|| NVL(CAST (C_Invoice.GrandTotal AS Text),'-1') FROM C_Invoice WHERE C_Payment.C_Invoice_ID=C_Invoice.C_Invoice_ID) AS EC_Invoice_ID,C_Payment.C_Invoice_ID AS C_Invoice_ID,(SELECT NVL(C_Order.DocumentNo,'-1') ||'_'|| NVL(TO_CHAR(C_Order.DateOrdered,'DD/MM/YYYY'),'-1') FROM C_Order WHERE C_Payment.C_Order_ID=C_Order.C_Order_ID) AS FC_Order_ID,C_Payment.C_Order_ID AS C_Order_ID,(SELECT NVL(C_Project.Value,'-1') ||'_'|| NVL(C_Project.Name,'-1') FROM C_Project WHERE C_Payment.C_Project_ID=C_Project.C_Project_ID) AS GC_Project_ID,C_Payment.C_Project_ID AS C_Project_ID,(SELECT NVL(C_Charge_Trl.Name,'-1') FROM C_Charge INNER JOIN C_Charge_TRL ON (C_Charge.C_Charge_ID=C_Charge_Trl.C_Charge_ID AND C_Charge_Trl.AD_Language='es_NI') WHERE C_Payment.C_Charge_ID=C_Charge.C_Charge_ID) AS HC_Charge_ID,C_Payment.C_Charge_ID AS C_Charge_ID,C_Payment.IsPrepayment,(SELECT NVL(C_Activity_Trl.Name,'-1') FROM C_Activity INNER JOIN C_Activity_TRL ON (C_Activity.C_Activity_ID=C_Activity_Trl.C_Activity_ID AND C_Activity_Trl.AD_Language='es_NI') WHERE C_Payment.C_Activity_ID=C_Activity.C_Activity_ID) AS IC_Activity_ID,C_Payment.C_Activity_ID AS C_Activity_ID,(SELECT NVL(C_Campaign_Trl.Name,'-1') FROM C_Campaign INNER JOIN C_Campaign_TRL ON (C_Campaign.C_Campaign_ID=C_Campaign_Trl.C_Campaign_ID AND C_Campaign_Trl.AD_Language='es_NI') WHERE C_Payment.C_Campaign_ID=C_Campaign.C_Campaign_ID) AS JC_Campaign_ID,C_Payment.C_Campaign_ID AS C_Campaign_ID,(SELECT AD_Org.Value||'-'||AD_Org.Name FROM AD_Org AD_Org WHERE C_Payment.AD_OrgTrx_ID=AD_Org.AD_Org_ID) AS KAD_OrgTrx_ID,C_Payment.AD_OrgTrx_ID AS AD_OrgTrx_ID,(SELECT C_ElementValue.Value||'-'||C_ElementValue_Trl.Name FROM C_ElementValue C_ElementValue INNER JOIN C_ElementValue_TRL ON (C_ElementValue.C_ElementValue_ID=C_ElementValue_Trl.C_ElementValue_ID AND C_ElementValue_Trl.AD_Language='es_NI') WHERE C_Payment.User1_ID=C_ElementValue.C_ElementValue_ID) AS LUser1_ID,C_Payment.User1_ID AS User1_ID,(SELECT C_ElementValue.Value||'-'||C_ElementValue_Trl.Name FROM C_ElementValue C_ElementValue INNER JOIN C_ElementValue_TRL ON (C_ElementValue.C_ElementValue_ID=C_ElementValue_Trl.C_ElementValue_ID AND C_ElementValue_Trl.AD_Language='es_NI') WHERE C_Payment.User2_ID=C_ElementValue.C_ElementValue_ID) AS MUser2_ID,C_Payment.User2_ID AS User2_ID,C_Payment.PayAmt,(SELECT NVL(C_Currency.ISO_Code,'-1') FROM C_Currency WHERE C_Payment.C_Currency_ID=C_Currency.C_Currency_ID) AS NC_Currency_ID,C_Payment.C_Currency_ID AS C_Currency_ID,(SELECT NVL(C_ConversionType.Name,'-1') FROM C_ConversionType WHERE C_Payment.C_ConversionType_ID=C_ConversionType.C_ConversionType_ID) AS OC_ConversionType_ID,C_Payment.C_ConversionType_ID AS C_ConversionType_ID,C_Payment.DiscountAmt,C_Payment.WriteOffAmt,C_Payment.IsOverUnderPayment,C_Payment.OverUnderAmt,P.Name AS PName,C_Payment.TenderType AS TenderType,(SELECT NVL(C_POSTenderType.Name,'-1') FROM C_POSTenderType WHERE C_Payment.C_POSTenderType_ID=C_POSTenderType.C_POSTenderType_ID) AS QC_POSTenderType_ID,C_Payment.C_POSTenderType_ID AS C_POSTenderType_ID,C_Payment.IsOnline,C_Payment.RoutingNo,C_Payment.AccountNo,C_Payment.CheckNo,C_Payment.Micr,R.Name AS RName,C_Payment.CreditCardType AS CreditCardType,S.Name AS SName,C_Payment.TrxType AS TrxType,C_Payment.CreditCardNumber,C_Payment.CreditCardVV,C_Payment.CreditCardExpMM,C_Payment.CreditCardExpYY,C_Payment.A_Name,C_Payment.A_Street,C_Payment.A_City,C_Payment.A_Zip,C_Payment.A_State,C_Payment.A_Country,C_Payment.A_Ident_DL,C_Payment.A_Ident_SSN,C_Payment.A_EMail,C_Payment.TaxAmt,C_Payment.PONum,C_Payment.VoiceAuthCode,C_Payment.Orig_TrxID,C_Payment.IsApproved,C_Payment.R_Result,C_Payment.R_RespMsg,C_Payment.IsVoided,C_Payment.R_VoidMsg,C_Payment.R_PnRef,C_Payment.R_AuthCode,T.Name AS TName,C_Payment.R_AvsZip AS R_AvsZip,U.Name AS UName,C_Payment.R_AvsAddr AS R_AvsAddr,(SELECT NVL(C_PaymentProcessor.Name,'-1') FROM C_PaymentProcessor WHERE C_Payment.C_PaymentProcessor_ID=C_PaymentProcessor.C_PaymentProcessor_ID) AS VC_PaymentProcessor_ID,C_Payment.C_PaymentProcessor_ID AS C_PaymentProcessor_ID,C_Payment.CustomerPaymentProfileID,C_Payment.CustomerProfileID,C_Payment.CustomerAddressID,W.Name AS WName,C_Payment.DocStatus AS DocStatus,C_Payment.IsSelfService,C_Payment.IsAllocated,(SELECT NVL(C_CashBook.Name,'-1') FROM C_CashBook WHERE C_Payment.C_CashBook_ID=C_CashBook.C_CashBook_ID) AS XC_CashBook_ID,C_Payment.C_CashBook_ID AS C_CashBook_ID,C_Payment.IsReconciled FROM C_Payment LEFT OUTER JOIN  AD_Ref_List XP ON (C_Payment.TenderType=XP.Value AND XP.AD_Reference_ID=214) LEFT OUTER JOIN  AD_Ref_List_Trl P ON (XP.AD_Ref_List_ID=P.AD_Ref_List_ID AND P.AD_Language='es_NI') LEFT OUTER JOIN  AD_Ref_List XR ON (C_Payment.CreditCardType=XR.Value AND XR.AD_Reference_ID=149) LEFT OUTER JOIN  AD_Ref_List_Trl R ON (XR.AD_Ref_List_ID=R.AD_Ref_List_ID AND R.AD_Language='es_NI') LEFT OUTER JOIN  AD_Ref_List XS ON (C_Payment.TrxType=XS.Value AND XS.AD_Reference_ID=215) LEFT OUTER JOIN  AD_Ref_List_Trl S ON (XS.AD_Ref_List_ID=S.AD_Ref_List_ID AND S.AD_Language='es_NI') LEFT OUTER JOIN  AD_Ref_List XT ON (C_Payment.R_AvsZip=XT.Value AND XT.AD_Reference_ID=213) LEFT OUTER JOIN  AD_Ref_List_Trl T ON (XT.AD_Ref_List_ID=T.AD_Ref_List_ID AND T.AD_Language='es_NI') LEFT OUTER JOIN  AD_Ref_List XU ON (C_Payment.R_AvsAddr=XU.Value AND XU.AD_Reference_ID=213) LEFT OUTER JOIN  AD_Ref_List_Trl U ON (XU.AD_Ref_List_ID=U.AD_Ref_List_ID AND U.AD_Language='es_NI') LEFT OUTER JOIN  AD_Ref_List XW ON (C_Payment.DocStatus=XW.Value AND XW.AD_Reference_ID=131) LEFT OUTER JOIN  AD_Ref_List_Trl W ON (XW.AD_Ref_List_ID=W.AD_Ref_List_ID AND W.AD_Language='es_NI') WHERE (C_Payment.C_Payment_ID=1000015) AND C_Payment.AD_Client_ID IN(0,1000000) AND C_Payment.AD_Org_ID IN(0,1000000) AND  (C_Payment.C_Payment_ID IS NULL OR C_Payment.C_Payment_ID NOT IN ( SELECT Record_ID FROM AD_Private_Access WHERE AD_Table_ID = 335 AND AD_User_ID <> 0 AND IsActive = 'Y' ))  AND  (XP.AD_Ref_List_ID IS NULL OR XP.AD_Ref_List_ID NOT IN ( SELECT Record_ID FROM AD_Private_Access WHERE AD_Table_ID = 104 AND AD_User_ID <> 0 AND IsActive = 'Y' ))  AND  (XR.AD_Ref_List_ID IS NULL OR XR.AD_Ref_List_ID NOT IN ( SELECT Record_ID FROM AD_Private_Access WHERE AD_Table_ID = 104 AND AD_User_ID <> 0 AND IsActive = 'Y' ))  AND  (XS.AD_Ref_List_ID IS NULL OR XS.AD_Ref_List_ID NOT IN ( SELECT Record_ID FROM AD_Private_Access WHERE AD_Table_ID = 104 AND AD_User_ID <> 0 AND IsActive = 'Y' ))  AND  (XT.AD_Ref_List_ID IS NULL OR XT.AD_Ref_List_ID NOT IN ( SELECT Record_ID FROM AD_Private_Access WHERE AD_Table_ID = 104 AND AD_User_ID <> 0 AND IsActive = 'Y' ))  AND  (XU.AD_Ref_List_ID IS NULL OR XU.AD_Ref_List_ID NOT IN ( SELECT Record_ID FROM AD_Private_Access WHERE AD_Table_ID = 104 AND AD_User_ID <> 0 AND IsActive = 'Y' ))  AND  (XW.AD_Ref_List_ID IS NULL OR XW.AD_Ref_List_ID NOT IN ( SELECT Record_ID FROM AD_Private_Access WHERE AD_Table_ID = 104 AND AD_User_ID <> 0 AND IsActive = 'Y' ))  ORDER BY C_Payment.DocumentNo,C_Payment.DateTrx,C_Payment.PayAmt,C_Payment.A_Name [39]
10:45:44.821===========> UiEngineImpl.handleError:  [39]
org.adempiere.exceptions.AdempiereException: org.postgresql.util.PSQLException: ERROR: no existe la columna c_bankaccount.bancocuenta
  Position: 175
	at org.compiere.print.DataEngine.loadPrintData(DataEngine.java:1021)
	at org.compiere.print.DataEngine.getPrintData(DataEngine.java:217)
	at org.compiere.print.ReportEngine.setPrintData(ReportEngine.java:305)
	at org.compiere.print.ReportEngine.setQuery(ReportEngine.java:274)
	at org.compiere.print.ReportEngine.<init>(ReportEngine.java:189)
	at org.compiere.print.ReportEngine.<init>(ReportEngine.java:166)
	at org.compiere.print.ReportEngine.<init>(ReportEngine.java:141)
	at ni.idempiere.toolbar.eventlistener.NIReportAction.validate(NIReportAction.java:368)
	at ni.idempiere.toolbar.eventlistener.NIReportAction.onEvent(NIReportAction.java:234)
	at org.zkoss.zk.ui.AbstractComponent.onEvent(AbstractComponent.java:2773)
	at org.zkoss.zk.ui.AbstractComponent.service(AbstractComponent.java:2744)
	at org.zkoss.zk.ui.AbstractComponent.service(AbstractComponent.java:2685)
	at org.zkoss.zk.ui.impl.EventProcessor.process(EventProcessor.java:136)
	at org.zkoss.zk.ui.impl.UiEngineImpl.processEvent(UiEngineImpl.java:1765)
	at org.zkoss.zk.ui.impl.UiEngineImpl.process(UiEngineImpl.java:1550)
	at org.zkoss.zk.ui.impl.UiEngineImpl.execUpdate(UiEngineImpl.java:1260)
	at org.zkoss.zk.au.http.DHtmlUpdateServlet.process(DHtmlUpdateServlet.java:611)
	at org.zkoss.zk.au.http.DHtmlUpdateServlet.doGet(DHtmlUpdateServlet.java:485)
	at org.zkoss.zk.au.http.DHtmlUpdateServlet.doPost(DHtmlUpdateServlet.java:494)
	at javax.servlet.http.HttpServlet.service(HttpServlet.java:707)
	at javax.servlet.http.HttpServlet.service(HttpServlet.java:790)
caused by: org.postgresql.util.PSQLException: ERROR: no existe la columna c_bankaccount.bancocuenta
  Position: 175; State=42703; ErrorCode=0
	at org.postgresql.core.v3.QueryExecutorImpl.receiveErrorResponse(QueryExecutorImpl.java:2182)
	at org.postgresql.core.v3.QueryExecutorImpl.processResults(QueryExecutorImpl.java:1911)
	at org.postgresql.core.v3.QueryExecutorImpl.execute(QueryExecutorImpl.java:173)
	at org.postgresql.jdbc2.AbstractJdbc2Statement.execute(AbstractJdbc2Statement.java:645)
	at org.postgresql.jdbc2.AbstractJdbc2Statement.executeWithFlags(AbstractJdbc2Statement.java:495)
	at org.postgresql.jdbc2.AbstractJdbc2Statement.executeQuery(AbstractJdbc2Statement.java:380)
	at com.mchange.v2.c3p0.impl.NewProxyPreparedStatement.executeQuery(NewProxyPreparedStatement.java:1418)
	at sun.reflect.GeneratedMethodAccessor21.invoke(Unknown Source)
	at sun.reflect.DelegatingMethodAccessorImpl.invoke(Unknown Source)
	at java.lang.reflect.Method.invoke(Unknown Source)
	at org.compiere.db.StatementProxy.invoke(StatementProxy.java:128)
	at com.sun.proxy.$Proxy3.executeQuery(Unknown Source)
	at org.compiere.print.DataEngine.loadPrintData(DataEngine.java:816)
	at org.compiere.print.DataEngine.getPrintData(DataEngine.java:217)
	at org.compiere.print.ReportEngine.setPrintData(ReportEngine.java:305)
	at org.compiere.print.ReportEngine.setQuery(ReportEngine.java:274)
	at org.compiere.print.ReportEngine.<init>(ReportEngine.java:189)
	at org.compiere.print.ReportEngine.<init>(ReportEngine.java:166)
	at org.compiere.print.ReportEngine.<init>(ReportEngine.java:141)
	at ni.idempiere.toolbar.eventlistener.NIReportAction.validate(NIReportAction.java:368)
	at ni.idempiere.toolbar.eventlistener.NIReportAction.onEvent(NIReportAction.java:234)

10:46:15.440-----------> Msg.getMsg: NOT found: ni.idempiere.toolbar.button.action.report.label [150]
10:46:15.441-----------> Msg.getMsg: NOT found: ni.idempiere.toolbar.button.action.report.tooltip [150]
10:48:28.865-----------> Msg.getMsg: NOT found: ni.idempiere.toolbar.button.action.report.label [150]
10:48:28.865-----------> Msg.getMsg: NOT found: ni.idempiere.toolbar.button.action.report.tooltip [150]
10:50:51.281-----------> Msg.getMsg: NOT found: ni.idempiere.toolbar.button.action.report.label [32]
10:50:51.281-----------> Msg.getMsg: NOT found: ni.idempiere.toolbar.button.action.report.tooltip [32]
10:51:14.389-----------> Msg.getMsg: NOT found: ni.idempiere.toolbar.button.action.report.label [32]
10:51:14.389-----------> Msg.getMsg: NOT found: ni.idempiere.toolbar.button.action.report.tooltip [32]
