*** 2016-05-24 17:10:11.599 idempiere Log (CLogFile) ***
17:10:11.599 Adempiere.startup: iDempiere(r) Release 3.1_2015-10-31 -Smart Suite ERP, CRM and SCM- (c) 1999-2013 iDempiere(r); Implementation: iDempiere - Supported by iDempiere community [17]
17:10:11.599 Ini.loadProperties: E:\mercurialidempiere/idempiere-test.properties #33 [17]
17:10:12.068 DB.isBuildOK: Build DB=${env.ADEMPIERE_VERSION} 20080428-1232 [17]
17:10:12.068 DB.isBuildOK: Build Cl=3.1.0.qualifier [17]
17:10:12.099-----------> DB.isBuildOK: Build Version Error 

The program assumes build version 3.1.0.qualifier, but database has build version ${env.ADEMPIERE_VERSION} 20080428-1232. 
This is likely to cause hard to fix errors. 
Please contact administrator. [17]
17:10:12.224 Language.getLanguage: Adding Language=en, Country=US, Locale=en_US [17]
17:10:12.224 Language.getLanguage: Adding Language=en, Country=US, Locale=en_US [17]
17:10:12.286 WebEnv.initWeb: Servlet Context Init Parameters: iDempiere Root
ServerRoot=1 [17]
17:10:12.302-----------> EMail.setFrom: you @ company.org: javax.mail.internet.AddressException: Local address contains control or whitespace in string ``you @ company.org'' [17]
17:10:12.302-----------> EMail.addTo: you @ company.org: javax.mail.internet.AddressException: Local address contains control or whitespace in string ``you @ company.org'' [17]
17:10:12.302-----------> EMail.isValid: From is invalid=null [17]
17:10:12.302-----------> EMail.isValid: From is invalid=null [17]
17:10:12.318-----------> MClient.sendEMail: Could NOT Send Email: Server started: iDempiere (odbz:10.0.5.43) to you @ company.org: Invalid Data (System) [17]
17:10:12.318 WebEnv.initWeb: Servlet Init Parameter: idempiereMonitor [17]
17:10:12.318 AdempiereMonitor.init:  [17]
17:10:14.185-----------> AnnotationConfiguration.configure: ServletContainerInitializers: detected. Class hierarchy: empty [17]
17:10:14.445-----------> ClassLocator.getDependentXMLResources: Replicate resource: ckez
Overwrite bundleresource://178.fwk47108597:2/metainfo/zk/config.xml
with bundleresource://178.fwk47108597:19/metainfo/zk/config.xml [17]
17:10:14.450-----------> ClassLocator.getDependentXMLResources: Replicate resource: zk
Overwrite bundleresource://178.fwk47108597:11/metainfo/zk/config.xml
with bundleresource://178.fwk47108597:28/metainfo/zk/config.xml [17]
17:10:14.455-----------> ClassLocator.getDependentXMLResources: Replicate resource: zkbind
Overwrite bundleresource://178.fwk47108597:12/metainfo/zk/config.xml
with bundleresource://178.fwk47108597:29/metainfo/zk/config.xml [17]
17:10:14.489-----------> ClassLocator.getDependentXMLResources: Replicate resource: zul
Overwrite bundleresource://178.fwk47108597:14/metainfo/zk/zk.xml
with bundleresource://178.fwk47108597:31/metainfo/zk/zk.xml [17]
17:10:14.925-----------> LanguageDefinition.<init>: Replicated language: xhtml, overriden by [LanguageDefinition: xhtml] [17]
17:10:14.971-----------> LanguageDefinition.<init>: Replicated language: xul/html, overriden by [LanguageDefinition: xul/html] [17]
17:10:15.050-----------> ClassLocator.getDependentXMLResources: Replicate resource: calendar
Overwrite bundleresource://178.fwk47108597:1/metainfo/zk/lang-addon.xml
with bundleresource://178.fwk47108597:18/metainfo/zk/lang-addon.xml [17]
17:10:15.057-----------> ClassLocator.getDependentXMLResources: Replicate resource: ckez
Overwrite bundleresource://178.fwk47108597:2/metainfo/zk/lang-addon.xml
with bundleresource://178.fwk47108597:19/metainfo/zk/lang-addon.xml [17]
17:10:15.062-----------> ClassLocator.getDependentXMLResources: Replicate resource: gmapsz
Overwrite bundleresource://178.fwk47108597:5/metainfo/zk/lang-addon.xml
with bundleresource://178.fwk47108597:22/metainfo/zk/lang-addon.xml [17]
17:10:15.065-----------> ClassLocator.getDependentXMLResources: Replicate resource: timeline
Overwrite bundleresource://178.fwk47108597:6/metainfo/zk/lang-addon.xml
with bundleresource://178.fwk47108597:23/metainfo/zk/lang-addon.xml [17]
17:10:15.071-----------> ClassLocator.getDependentXMLResources: Replicate resource: timeplot
Overwrite bundleresource://178.fwk47108597:7/metainfo/zk/lang-addon.xml
with bundleresource://178.fwk47108597:24/metainfo/zk/lang-addon.xml [17]
17:10:15.087-----------> ClassLocator.getDependentXMLResources: Replicate resource: zkbind
Overwrite bundleresource://178.fwk47108597:12/metainfo/zk/lang-addon.xml
with bundleresource://178.fwk47108597:29/metainfo/zk/lang-addon.xml [17]
17:10:15.093-----------> ClassLocator.getDependentXMLResources: Replicate resource: zkplus
Overwrite bundleresource://178.fwk47108597:13/metainfo/zk/lang-addon.xml
with bundleresource://178.fwk47108597:30/metainfo/zk/lang-addon.xml [17]
17:10:15.216           WebUIServlet.init: iDempiere Web Client started successfully [17]
17:10:16.416-----------> AnnotationConfiguration.configure: ServletContainerInitializers: detected. Class hierarchy: empty [17]

*** 2016-05-24 17:10:16.662 idempiere Log (CLogFile) ***
17:10:18.691-----------> Node: [10.0.5.43]:5701 [adempiere.idempiere/localhost] [3.5.3] No join method is enabled! Starting standalone. [48]
