*** 2017-07-17 19:24:50.85 idempiere Log (CLogFile) ***
19:24:50.850 Adempiere.startup: iDempiere(r) Release 3.1_2015-10-31 -Smart Suite ERP, CRM and SCM- (c) 1999-2013 iDempiere(r); Implementation: iDempiere - Supported by iDempiere community [17]
19:24:50.850 Ini.loadProperties: E:\mercurialidempiere/idempiere.properties #33 [17]
19:24:51.577 AdempiereActivator.installPackage: cm.itkamer.wandapos-integration2 1.0.0 was installed: 2017-06-25 15:34:11.153 [17]
19:24:51.577 AdempiereActivator.installPackage: ni.hmil.override.codebase 1.0.0 was installed: 2017-06-19 23:52:10.981 [17]
19:24:51.588 DB.isBuildOK: Build DB=${env.ADEMPIERE_VERSION} 20080428-1232 [17]
19:24:51.588 DB.isBuildOK: Build Cl=3.1.0.qualifier [17]
19:24:51.620-----------> DB.isBuildOK: Error en la versión de la construcción 

El programa asume version de construcción 3.1.0.qualifier, pero la base de datos tiene una versión ${env.ADEMPIERE_VERSION} 20080428-1232.
Es posible que esto cause errores difíciles de corregir.
Por favor contacte al ADMINISTRADOR. [17]
19:24:51.698 WebEnv.initWeb: Servlet Context Init Parameters: iDempiere Root
ServerRoot=1 [17]
19:24:51.901-----------> EMail.setFrom: you @ company.org: javax.mail.internet.AddressException: Local address contains control or whitespace in string ``you @ company.org'' [17]
19:24:51.906-----------> EMail.addTo: you @ company.org: javax.mail.internet.AddressException: Local address contains control or whitespace in string ``you @ company.org'' [17]
19:24:51.906-----------> EMail.isValid: From is invalid=null [17]
19:24:51.907-----------> EMail.isValid: From is invalid=null [17]
19:24:51.907-----------> MClient.sendEMail: Could NOT Send Email: Server started: iDempiere (odbz:192.168.47.1) to you @ company.org: Invalid Data (System) [17]
19:24:51.907 WebEnv.initWeb: Servlet Init Parameter: idempiereMonitor [17]
19:24:51.907 AdempiereMonitor.init:  [17]
19:24:53.769-----------> AnnotationConfiguration.configure: ServletContainerInitializers: detected. Class hierarchy: empty [17]
19:24:54.053-----------> ClassLocator.getDependentXMLResources: Replicate resource: ckez
Overwrite bundleresource://181.fwk1319287199:2/metainfo/zk/config.xml
with bundleresource://181.fwk1319287199:19/metainfo/zk/config.xml [17]
19:24:54.053-----------> ClassLocator.getDependentXMLResources: Replicate resource: zk
Overwrite bundleresource://181.fwk1319287199:11/metainfo/zk/config.xml
with bundleresource://181.fwk1319287199:28/metainfo/zk/config.xml [17]
19:24:54.053-----------> ClassLocator.getDependentXMLResources: Replicate resource: zkbind
Overwrite bundleresource://181.fwk1319287199:12/metainfo/zk/config.xml
with bundleresource://181.fwk1319287199:29/metainfo/zk/config.xml [17]
19:24:54.085-----------> ClassLocator.getDependentXMLResources: Replicate resource: zul
Overwrite bundleresource://181.fwk1319287199:14/metainfo/zk/zk.xml
with bundleresource://181.fwk1319287199:31/metainfo/zk/zk.xml [17]
19:24:54.475-----------> LanguageDefinition.<init>: Replicated language: xhtml, overriden by [LanguageDefinition: xhtml] [17]
19:24:54.506-----------> LanguageDefinition.<init>: Replicated language: xul/html, overriden by [LanguageDefinition: xul/html] [17]
19:24:54.569-----------> ClassLocator.getDependentXMLResources: Replicate resource: calendar
Overwrite bundleresource://181.fwk1319287199:1/metainfo/zk/lang-addon.xml
with bundleresource://181.fwk1319287199:18/metainfo/zk/lang-addon.xml [17]
19:24:54.569-----------> ClassLocator.getDependentXMLResources: Replicate resource: ckez
Overwrite bundleresource://181.fwk1319287199:2/metainfo/zk/lang-addon.xml
with bundleresource://181.fwk1319287199:19/metainfo/zk/lang-addon.xml [17]
19:24:54.585-----------> ClassLocator.getDependentXMLResources: Replicate resource: gmapsz
Overwrite bundleresource://181.fwk1319287199:5/metainfo/zk/lang-addon.xml
with bundleresource://181.fwk1319287199:22/metainfo/zk/lang-addon.xml [17]
19:24:54.585-----------> ClassLocator.getDependentXMLResources: Replicate resource: timeline
Overwrite bundleresource://181.fwk1319287199:6/metainfo/zk/lang-addon.xml
with bundleresource://181.fwk1319287199:23/metainfo/zk/lang-addon.xml [17]
19:24:54.585-----------> ClassLocator.getDependentXMLResources: Replicate resource: timeplot
Overwrite bundleresource://181.fwk1319287199:7/metainfo/zk/lang-addon.xml
with bundleresource://181.fwk1319287199:24/metainfo/zk/lang-addon.xml [17]
19:24:54.600-----------> ClassLocator.getDependentXMLResources: Replicate resource: zkbind
Overwrite bundleresource://181.fwk1319287199:12/metainfo/zk/lang-addon.xml
with bundleresource://181.fwk1319287199:29/metainfo/zk/lang-addon.xml [17]
19:24:54.616-----------> ClassLocator.getDependentXMLResources: Replicate resource: zkplus
Overwrite bundleresource://181.fwk1319287199:13/metainfo/zk/lang-addon.xml
with bundleresource://181.fwk1319287199:30/metainfo/zk/lang-addon.xml [17]
19:24:54.928           WebUIServlet.init: iDempiere Web Client started successfully [17]
19:24:56.082-----------> AnnotationConfiguration.configure: ServletContainerInitializers: detected. Class hierarchy: empty [17]

*** 2017-07-17 19:24:56.329 idempiere Log (CLogFile) ***
19:24:58.925-----------> Node: [192.168.163.1]:5701 [adempiere.idempiere/localhost] [3.5.3] No join method is enabled! Starting standalone. [48]
19:25:39.939-----------> Prop.loadProperties: E:\mercurialidempiere\home.properties not found [34]
19:25:39.943-----------> Prop.loadProperties: !!WARNING:Please locate yout custom home.properties on iDEMPIERE_HOME. [34]
19:26:10.691===========> ADWindowToolbar.doOnClick: Could not invoke Toolbar listener method: onReport() [38]
java.lang.reflect.InvocationTargetException
	at sun.reflect.NativeMethodAccessorImpl.invoke0(Native Method)
	at sun.reflect.NativeMethodAccessorImpl.invoke(Unknown Source)
	at sun.reflect.DelegatingMethodAccessorImpl.invoke(Unknown Source)
	at java.lang.reflect.Method.invoke(Unknown Source)
	at org.adempiere.webui.adwindow.ADWindowToolbar.doOnClick(ADWindowToolbar.java:413)
	at org.adempiere.webui.adwindow.ADWindowToolbar.onEvent(ADWindowToolbar.java:377)
	at org.zkoss.zk.ui.AbstractComponent.onEvent(AbstractComponent.java:2773)
	at org.zkoss.zk.ui.AbstractComponent.service(AbstractComponent.java:2744)
	at org.zkoss.zk.ui.AbstractComponent.service(AbstractComponent.java:2685)
	at org.zkoss.zk.ui.impl.EventProcessor.process(EventProcessor.java:136)
	at org.zkoss.zk.ui.impl.UiEngineImpl.processEvent(UiEngineImpl.java:1765)
	at org.zkoss.zk.ui.impl.UiEngineImpl.process(UiEngineImpl.java:1550)
	at org.zkoss.zk.ui.impl.UiEngineImpl.execUpdate(UiEngineImpl.java:1260)
	at org.zkoss.zk.au.http.DHtmlUpdateServlet.process(DHtmlUpdateServlet.java:611)
	at org.zkoss.zk.au.http.DHtmlUpdateServlet.doGet(DHtmlUpdateServlet.java:485)
	at org.zkoss.zk.au.http.DHtmlUpdateServlet.doPost(DHtmlUpdateServlet.java:494)
	at javax.servlet.http.HttpServlet.service(HttpServlet.java:707)
	at javax.servlet.http.HttpServlet.service(HttpServlet.java:790)
	at org.eclipse.jetty.servlet.ServletHolder.handle(ServletHolder.java:808)
	at org.eclipse.jetty.servlet.ServletHandler.doHandle(ServletHandler.java:587)
	at org.eclipse.jetty.server.handler.ScopedHandler.handle(ScopedHandler.java:143)
caused by: java.lang.NullPointerException
	at org.adempiere.webui.LayoutUtils.openPopupWindow(LayoutUtils.java:112)
	at org.adempiere.webui.panel.action.ReportAction.show(ReportAction.java:204)
	at org.adempiere.webui.adwindow.AbstractADWindowContent.onReport0(AbstractADWindowContent.java:2521)
	at org.adempiere.webui.adwindow.AbstractADWindowContent.access$24(AbstractADWindowContent.java:2518)
	at org.adempiere.webui.adwindow.AbstractADWindowContent$40.onCallback(AbstractADWindowContent.java:2511)
	at org.adempiere.webui.adwindow.AbstractADWindowContent$40.onCallback(AbstractADWindowContent.java:1)
	at org.adempiere.webui.adwindow.validator.WindowValidatorManager$ChainCallback.start(WindowValidatorManager.java:124)
	at org.adempiere.webui.adwindow.validator.WindowValidatorManager.fireWindowValidatorEvent(WindowValidatorManager.java:103)
	at org.adempiere.webui.adwindow.AbstractADWindowContent$28.onCallback(AbstractADWindowContent.java:2112)
	at org.adempiere.webui.adwindow.AbstractADWindowContent$28.onCallback(AbstractADWindowContent.java:1)
	at org.adempiere.webui.adwindow.AbstractADWindowContent.onSave0(AbstractADWindowContent.java:2258)
	at org.adempiere.webui.adwindow.AbstractADWindowContent.onSaveCallback(AbstractADWindowContent.java:2155)
	at org.adempiere.webui.adwindow.AbstractADWindowContent.access$19(AbstractADWindowContent.java:2149)
	at org.adempiere.webui.adwindow.AbstractADWindowContent$29.onCallback(AbstractADWindowContent.java:2123)
	at org.adempiere.webui.adwindow.AbstractADWindowContent$29.onCallback(AbstractADWindowContent.java:1)
	at org.adempiere.webui.adwindow.validator.WindowValidatorManager$ChainCallback.start(WindowValidatorManager.java:124)
	at org.adempiere.webui.adwindow.validator.WindowValidatorManager.fireWindowValidatorEvent(WindowValidatorManager.java:103)
	at org.adempiere.webui.adwindow.AbstractADWindowContent.onSave(AbstractADWindowContent.java:2131)
	at org.adempiere.webui.adwindow.AbstractADWindowContent.onReport(AbstractADWindowContent.java:2515)
	at sun.reflect.NativeMethodAccessorImpl.invoke0(Native Method)
	at sun.reflect.NativeMethodAccessorImpl.invoke(Unknown Source)

19:26:10.834===========> DesktopImpl.service: [Desktop z_qo90:/index.zul] client error: Failed to mount: adempiere.set is not a function [35]
19:26:10.866===========> DesktopImpl.service: [Desktop z_qo90:/index.zul] client error: Failed to mount: adempiere.set is not a function [35]
19:26:10.902===========> DesktopImpl.service: [Desktop z_qo90:/index.zul] client error: Failed to mount: adempiere.set is not a function [35]
19:26:11.211===========> DesktopImpl.service: [Desktop z_qo90:/index.zul] client error: Failed to mount: adempiere.set is not a function [34]
19:26:11.242===========> DesktopImpl.service: [Desktop z_qo90:/index.zul] client error: Failed to mount: adempiere.set is not a function [34]
19:26:19.066===========> DesktopImpl.service: [Desktop z_qo90:/index.zul] client error: Failed to mount: adempiere.set is not a function [36]
19:26:19.098===========> DesktopImpl.service: [Desktop z_qo90:/index.zul] client error: Failed to mount: adempiere.set is not a function [36]
19:26:19.111===========> DesktopImpl.service: [Desktop z_qo90:/index.zul] client error: Failed to mount: adempiere.set is not a function [36]
19:26:19.131===========> DesktopImpl.service: [Desktop z_qo90:/index.zul] client error: Failed to mount: adempiere.set is not a function [36]
19:26:19.940===========> DesktopImpl.service: [Desktop z_qo90:/index.zul] client error: Failed to mount: adempiere.set is not a function [38]
19:26:19.984===========> DesktopImpl.service: [Desktop z_qo90:/index.zul] client error: Failed to mount: adempiere.set is not a function [38]
19:26:20.000===========> DesktopImpl.service: [Desktop z_qo90:/index.zul] client error: Failed to mount: adempiere.set is not a function [38]
19:26:20.016===========> DesktopImpl.service: [Desktop z_qo90:/index.zul] client error: Failed to mount: adempiere.set is not a function [38]
19:26:20.032===========> DesktopImpl.service: [Desktop z_qo90:/index.zul] client error: Failed to mount: adempiere.set is not a function [38]
19:26:20.080===========> DesktopImpl.service: [Desktop z_qo90:/index.zul] client error: Failed to mount: adempiere.set is not a function [38]
19:26:20.096===========> DesktopImpl.service: [Desktop z_qo90:/index.zul] client error: Failed to mount: adempiere.set is not a function [38]
19:26:20.108===========> DesktopImpl.service: [Desktop z_qo90:/index.zul] client error: Failed to mount: adempiere.set is not a function [38]
19:26:20.121===========> DesktopImpl.service: [Desktop z_qo90:/index.zul] client error: Failed to mount: adempiere.set is not a function [38]
19:26:20.129===========> DesktopImpl.service: [Desktop z_qo90:/index.zul] client error: Failed to mount: adempiere.set is not a function [38]
19:26:20.145===========> DesktopImpl.service: [Desktop z_qo90:/index.zul] client error: Failed to mount: adempiere.set is not a function [38]
19:26:20.161===========> DesktopImpl.service: [Desktop z_qo90:/index.zul] client error: Failed to mount: adempiere.set is not a function [38]
19:26:20.173===========> DesktopImpl.service: [Desktop z_qo90:/index.zul] client error: Failed to mount: adempiere.set is not a function [38]
19:26:20.177===========> DesktopImpl.service: [Desktop z_qo90:/index.zul] client error: Failed to mount: adempiere.set is not a function [38]
19:26:20.193===========> DesktopImpl.service: [Desktop z_qo90:/index.zul] client error: Failed to mount: adempiere.set is not a function [38]
19:26:20.209===========> DesktopImpl.service: [Desktop z_qo90:/index.zul] client error: Failed to mount: adempiere.set is not a function [38]
19:26:20.224===========> DesktopImpl.service: [Desktop z_qo90:/index.zul] client error: Failed to mount: adempiere.set is not a function [38]
19:26:20.240===========> DesktopImpl.service: [Desktop z_qo90:/index.zul] client error: Failed to mount: adempiere.set is not a function [38]
19:26:20.240===========> DesktopImpl.service: [Desktop z_qo90:/index.zul] client error: Failed to mount: adempiere.set is not a function [38]
19:26:20.256===========> DesktopImpl.service: [Desktop z_qo90:/index.zul] client error: Failed to mount: adempiere.set is not a function [38]
19:26:20.271===========> DesktopImpl.service: [Desktop z_qo90:/index.zul] client error: Failed to mount: adempiere.set is not a function [38]
19:26:20.287===========> DesktopImpl.service: [Desktop z_qo90:/index.zul] client error: Failed to mount: adempiere.set is not a function [38]
19:26:20.303===========> DesktopImpl.service: [Desktop z_qo90:/index.zul] client error: Failed to mount: adempiere.set is not a function [38]
19:26:20.311===========> DesktopImpl.service: [Desktop z_qo90:/index.zul] client error: Failed to mount: adempiere.set is not a function [38]
19:26:20.323===========> DesktopImpl.service: [Desktop z_qo90:/index.zul] client error: Failed to mount: adempiere.set is not a function [38]
19:26:20.323===========> DesktopImpl.service: [Desktop z_qo90:/index.zul] client error: Failed to mount: adempiere.set is not a function [38]
19:26:20.338===========> DesktopImpl.service: [Desktop z_qo90:/index.zul] client error: Failed to mount: adempiere.set is not a function [38]
19:26:20.354===========> DesktopImpl.service: [Desktop z_qo90:/index.zul] client error: Failed to mount: adempiere.set is not a function [38]
19:26:20.370===========> DesktopImpl.service: [Desktop z_qo90:/index.zul] client error: Failed to mount: adempiere.set is not a function [38]
19:26:20.385===========> DesktopImpl.service: [Desktop z_qo90:/index.zul] client error: Failed to mount: adempiere.set is not a function [38]
19:26:20.401===========> DesktopImpl.service: [Desktop z_qo90:/index.zul] client error: Failed to mount: adempiere.set is not a function [38]
19:26:20.416===========> DesktopImpl.service: [Desktop z_qo90:/index.zul] client error: Failed to mount: adempiere.set is not a function [38]
19:26:20.424===========> DesktopImpl.service: [Desktop z_qo90:/index.zul] client error: Failed to mount: adempiere.set is not a function [38]
19:26:20.436===========> DesktopImpl.service: [Desktop z_qo90:/index.zul] client error: Failed to mount: adempiere.set is not a function [38]
19:26:20.444===========> DesktopImpl.service: [Desktop z_qo90:/index.zul] client error: Failed to mount: adempiere.set is not a function [38]
19:26:20.456===========> DesktopImpl.service: [Desktop z_qo90:/index.zul] client error: Failed to mount: adempiere.set is not a function [38]
19:26:20.468===========> DesktopImpl.service: [Desktop z_qo90:/index.zul] client error: Failed to mount: adempiere.set is not a function [38]
19:26:20.480===========> DesktopImpl.service: [Desktop z_qo90:/index.zul] client error: Failed to mount: adempiere.set is not a function [38]
19:26:20.488===========> DesktopImpl.service: [Desktop z_qo90:/index.zul] client error: Failed to mount: adempiere.set is not a function [38]
19:26:20.496===========> DesktopImpl.service: [Desktop z_qo90:/index.zul] client error: Failed to mount: adempiere.set is not a function [38]
19:26:21.403===========> ADWindowToolbar.doOnClick: Could not invoke Toolbar listener method: onReport() [33]
java.lang.reflect.InvocationTargetException
	at sun.reflect.NativeMethodAccessorImpl.invoke0(Native Method)
	at sun.reflect.NativeMethodAccessorImpl.invoke(Unknown Source)
	at sun.reflect.DelegatingMethodAccessorImpl.invoke(Unknown Source)
	at java.lang.reflect.Method.invoke(Unknown Source)
	at org.adempiere.webui.adwindow.ADWindowToolbar.doOnClick(ADWindowToolbar.java:413)
	at org.adempiere.webui.adwindow.ADWindowToolbar.onEvent(ADWindowToolbar.java:377)
	at org.zkoss.zk.ui.AbstractComponent.onEvent(AbstractComponent.java:2773)
	at org.zkoss.zk.ui.AbstractComponent.service(AbstractComponent.java:2744)
	at org.zkoss.zk.ui.AbstractComponent.service(AbstractComponent.java:2685)
	at org.zkoss.zk.ui.impl.EventProcessor.process(EventProcessor.java:136)
	at org.zkoss.zk.ui.impl.UiEngineImpl.processEvent(UiEngineImpl.java:1765)
	at org.zkoss.zk.ui.impl.UiEngineImpl.process(UiEngineImpl.java:1550)
	at org.zkoss.zk.ui.impl.UiEngineImpl.execUpdate(UiEngineImpl.java:1260)
	at org.zkoss.zk.au.http.DHtmlUpdateServlet.process(DHtmlUpdateServlet.java:611)
	at org.zkoss.zk.au.http.DHtmlUpdateServlet.doGet(DHtmlUpdateServlet.java:485)
	at org.zkoss.zk.au.http.DHtmlUpdateServlet.doPost(DHtmlUpdateServlet.java:494)
	at javax.servlet.http.HttpServlet.service(HttpServlet.java:707)
	at javax.servlet.http.HttpServlet.service(HttpServlet.java:790)
	at org.eclipse.jetty.servlet.ServletHolder.handle(ServletHolder.java:808)
	at org.eclipse.jetty.servlet.ServletHandler.doHandle(ServletHandler.java:587)
	at org.eclipse.jetty.server.handler.ScopedHandler.handle(ScopedHandler.java:143)
caused by: java.lang.NullPointerException
	at org.adempiere.webui.LayoutUtils.openPopupWindow(LayoutUtils.java:112)
	at org.adempiere.webui.panel.action.ReportAction.show(ReportAction.java:204)
	at org.adempiere.webui.adwindow.AbstractADWindowContent.onReport0(AbstractADWindowContent.java:2521)
	at org.adempiere.webui.adwindow.AbstractADWindowContent.access$24(AbstractADWindowContent.java:2518)
	at org.adempiere.webui.adwindow.AbstractADWindowContent$40.onCallback(AbstractADWindowContent.java:2511)
	at org.adempiere.webui.adwindow.AbstractADWindowContent$40.onCallback(AbstractADWindowContent.java:1)
	at org.adempiere.webui.adwindow.validator.WindowValidatorManager$ChainCallback.start(WindowValidatorManager.java:124)
	at org.adempiere.webui.adwindow.validator.WindowValidatorManager.fireWindowValidatorEvent(WindowValidatorManager.java:103)
	at org.adempiere.webui.adwindow.AbstractADWindowContent$28.onCallback(AbstractADWindowContent.java:2112)
	at org.adempiere.webui.adwindow.AbstractADWindowContent$28.onCallback(AbstractADWindowContent.java:1)
	at org.adempiere.webui.adwindow.AbstractADWindowContent.onSave0(AbstractADWindowContent.java:2258)
	at org.adempiere.webui.adwindow.AbstractADWindowContent.onSaveCallback(AbstractADWindowContent.java:2155)
	at org.adempiere.webui.adwindow.AbstractADWindowContent.access$19(AbstractADWindowContent.java:2149)
	at org.adempiere.webui.adwindow.AbstractADWindowContent$29.onCallback(AbstractADWindowContent.java:2123)
	at org.adempiere.webui.adwindow.AbstractADWindowContent$29.onCallback(AbstractADWindowContent.java:1)
	at org.adempiere.webui.adwindow.validator.WindowValidatorManager$ChainCallback.start(WindowValidatorManager.java:124)
	at org.adempiere.webui.adwindow.validator.WindowValidatorManager.fireWindowValidatorEvent(WindowValidatorManager.java:103)
	at org.adempiere.webui.adwindow.AbstractADWindowContent.onSave(AbstractADWindowContent.java:2131)
	at org.adempiere.webui.adwindow.AbstractADWindowContent.onReport(AbstractADWindowContent.java:2515)
	at sun.reflect.NativeMethodAccessorImpl.invoke0(Native Method)
	at sun.reflect.NativeMethodAccessorImpl.invoke(Unknown Source)

19:26:22.243===========> DesktopImpl.service: [Desktop z_qo90:/index.zul] client error: Failed to mount: adempiere.set is not a function [34]
19:26:54.540===========> DesktopImpl.service: [Desktop z_qo90:/index.zul] client error: Failed to mount: adempiere.set is not a function [34]
19:26:54.564===========> DesktopImpl.service: [Desktop z_qo90:/index.zul] client error: Failed to mount: adempiere.set is not a function [34]
19:26:54.576===========> DesktopImpl.service: [Desktop z_qo90:/index.zul] client error: Failed to mount: adempiere.set is not a function [34]
19:26:56.273===========> DesktopImpl.service: [Desktop z_qo90:/index.zul] client error: Failed to mount: adempiere.set is not a function [33]
19:26:56.289===========> DesktopImpl.service: [Desktop z_qo90:/index.zul] client error: Failed to mount: adempiere.set is not a function [33]
19:26:56.301===========> DesktopImpl.service: [Desktop z_qo90:/index.zul] client error: Failed to mount: adempiere.set is not a function [33]
19:26:56.317===========> DesktopImpl.service: [Desktop z_qo90:/index.zul] client error: Failed to mount: adempiere.set is not a function [33]
19:26:57.192===========> DesktopImpl.service: [Desktop z_qo90:/index.zul] client error: Failed to mount: adempiere.set is not a function [34]
19:26:57.228===========> DesktopImpl.service: [Desktop z_qo90:/index.zul] client error: Failed to mount: adempiere.set is not a function [34]
19:26:57.240===========> DesktopImpl.service: [Desktop z_qo90:/index.zul] client error: Failed to mount: adempiere.set is not a function [34]
19:26:57.252===========> DesktopImpl.service: [Desktop z_qo90:/index.zul] client error: Failed to mount: adempiere.set is not a function [34]
19:26:57.264===========> DesktopImpl.service: [Desktop z_qo90:/index.zul] client error: Failed to mount: adempiere.set is not a function [34]
19:26:57.272===========> DesktopImpl.service: [Desktop z_qo90:/index.zul] client error: Failed to mount: adempiere.set is not a function [34]
19:26:57.280===========> DesktopImpl.service: [Desktop z_qo90:/index.zul] client error: Failed to mount: adempiere.set is not a function [34]
19:26:57.293===========> DesktopImpl.service: [Desktop z_qo90:/index.zul] client error: Failed to mount: adempiere.set is not a function [34]
19:26:57.303===========> DesktopImpl.service: [Desktop z_qo90:/index.zul] client error: Failed to mount: adempiere.set is not a function [34]
19:26:57.311===========> DesktopImpl.service: [Desktop z_qo90:/index.zul] client error: Failed to mount: adempiere.set is not a function [34]
19:26:57.319===========> DesktopImpl.service: [Desktop z_qo90:/index.zul] client error: Failed to mount: adempiere.set is not a function [34]
19:26:57.327===========> DesktopImpl.service: [Desktop z_qo90:/index.zul] client error: Failed to mount: adempiere.set is not a function [34]
19:26:57.339===========> DesktopImpl.service: [Desktop z_qo90:/index.zul] client error: Failed to mount: adempiere.set is not a function [34]
19:26:57.347===========> DesktopImpl.service: [Desktop z_qo90:/index.zul] client error: Failed to mount: adempiere.set is not a function [34]
19:26:57.355===========> DesktopImpl.service: [Desktop z_qo90:/index.zul] client error: Failed to mount: adempiere.set is not a function [34]
19:26:57.363===========> DesktopImpl.service: [Desktop z_qo90:/index.zul] client error: Failed to mount: adempiere.set is not a function [34]
19:26:57.371===========> DesktopImpl.service: [Desktop z_qo90:/index.zul] client error: Failed to mount: adempiere.set is not a function [34]
19:26:57.379===========> DesktopImpl.service: [Desktop z_qo90:/index.zul] client error: Failed to mount: adempiere.set is not a function [34]
19:26:57.387===========> DesktopImpl.service: [Desktop z_qo90:/index.zul] client error: Failed to mount: adempiere.set is not a function [34]
19:26:57.395===========> DesktopImpl.service: [Desktop z_qo90:/index.zul] client error: Failed to mount: adempiere.set is not a function [34]
19:26:57.407===========> DesktopImpl.service: [Desktop z_qo90:/index.zul] client error: Failed to mount: adempiere.set is not a function [34]
19:26:57.415===========> DesktopImpl.service: [Desktop z_qo90:/index.zul] client error: Failed to mount: adempiere.set is not a function [34]
19:26:57.423===========> DesktopImpl.service: [Desktop z_qo90:/index.zul] client error: Failed to mount: adempiere.set is not a function [34]
19:26:57.431===========> DesktopImpl.service: [Desktop z_qo90:/index.zul] client error: Failed to mount: adempiere.set is not a function [34]
19:26:57.439===========> DesktopImpl.service: [Desktop z_qo90:/index.zul] client error: Failed to mount: adempiere.set is not a function [34]
19:26:57.451===========> DesktopImpl.service: [Desktop z_qo90:/index.zul] client error: Failed to mount: adempiere.set is not a function [34]
19:26:57.459===========> DesktopImpl.service: [Desktop z_qo90:/index.zul] client error: Failed to mount: adempiere.set is not a function [34]
19:26:57.467===========> DesktopImpl.service: [Desktop z_qo90:/index.zul] client error: Failed to mount: adempiere.set is not a function [34]
19:26:57.475===========> DesktopImpl.service: [Desktop z_qo90:/index.zul] client error: Failed to mount: adempiere.set is not a function [34]
19:26:57.483===========> DesktopImpl.service: [Desktop z_qo90:/index.zul] client error: Failed to mount: adempiere.set is not a function [34]
19:26:57.491===========> DesktopImpl.service: [Desktop z_qo90:/index.zul] client error: Failed to mount: adempiere.set is not a function [34]
19:26:57.499===========> DesktopImpl.service: [Desktop z_qo90:/index.zul] client error: Failed to mount: adempiere.set is not a function [34]
19:27:37.522===========> ADWindowToolbar.doOnClick: Could not invoke Toolbar listener method: onReport() [38]
java.lang.reflect.InvocationTargetException
	at sun.reflect.NativeMethodAccessorImpl.invoke0(Native Method)
	at sun.reflect.NativeMethodAccessorImpl.invoke(Unknown Source)
	at sun.reflect.DelegatingMethodAccessorImpl.invoke(Unknown Source)
	at java.lang.reflect.Method.invoke(Unknown Source)
	at org.adempiere.webui.adwindow.ADWindowToolbar.doOnClick(ADWindowToolbar.java:413)
	at org.adempiere.webui.adwindow.ADWindowToolbar.onEvent(ADWindowToolbar.java:377)
	at org.zkoss.zk.ui.AbstractComponent.onEvent(AbstractComponent.java:2773)
	at org.zkoss.zk.ui.AbstractComponent.service(AbstractComponent.java:2744)
	at org.zkoss.zk.ui.AbstractComponent.service(AbstractComponent.java:2685)
	at org.zkoss.zk.ui.impl.EventProcessor.process(EventProcessor.java:136)
	at org.zkoss.zk.ui.impl.UiEngineImpl.processEvent(UiEngineImpl.java:1765)
	at org.zkoss.zk.ui.impl.UiEngineImpl.process(UiEngineImpl.java:1550)
	at org.zkoss.zk.ui.impl.UiEngineImpl.execUpdate(UiEngineImpl.java:1260)
	at org.zkoss.zk.au.http.DHtmlUpdateServlet.process(DHtmlUpdateServlet.java:611)
	at org.zkoss.zk.au.http.DHtmlUpdateServlet.doGet(DHtmlUpdateServlet.java:485)
	at org.zkoss.zk.au.http.DHtmlUpdateServlet.doPost(DHtmlUpdateServlet.java:494)
	at javax.servlet.http.HttpServlet.service(HttpServlet.java:707)
	at javax.servlet.http.HttpServlet.service(HttpServlet.java:790)
	at org.eclipse.jetty.servlet.ServletHolder.handle(ServletHolder.java:808)
	at org.eclipse.jetty.servlet.ServletHandler.doHandle(ServletHandler.java:587)
	at org.eclipse.jetty.server.handler.ScopedHandler.handle(ScopedHandler.java:143)
caused by: java.lang.NullPointerException
	at org.adempiere.webui.LayoutUtils.openPopupWindow(LayoutUtils.java:112)
	at org.adempiere.webui.panel.action.ReportAction.show(ReportAction.java:204)
	at org.adempiere.webui.adwindow.AbstractADWindowContent.onReport0(AbstractADWindowContent.java:2521)
	at org.adempiere.webui.adwindow.AbstractADWindowContent.access$24(AbstractADWindowContent.java:2518)
	at org.adempiere.webui.adwindow.AbstractADWindowContent$40.onCallback(AbstractADWindowContent.java:2511)
	at org.adempiere.webui.adwindow.AbstractADWindowContent$40.onCallback(AbstractADWindowContent.java:1)
	at org.adempiere.webui.adwindow.validator.WindowValidatorManager$ChainCallback.start(WindowValidatorManager.java:124)
	at org.adempiere.webui.adwindow.validator.WindowValidatorManager.fireWindowValidatorEvent(WindowValidatorManager.java:103)
	at org.adempiere.webui.adwindow.AbstractADWindowContent$28.onCallback(AbstractADWindowContent.java:2112)
	at org.adempiere.webui.adwindow.AbstractADWindowContent$28.onCallback(AbstractADWindowContent.java:1)
	at org.adempiere.webui.adwindow.AbstractADWindowContent.onSave0(AbstractADWindowContent.java:2258)
	at org.adempiere.webui.adwindow.AbstractADWindowContent.onSaveCallback(AbstractADWindowContent.java:2155)
	at org.adempiere.webui.adwindow.AbstractADWindowContent.access$19(AbstractADWindowContent.java:2149)
	at org.adempiere.webui.adwindow.AbstractADWindowContent$29.onCallback(AbstractADWindowContent.java:2123)
	at org.adempiere.webui.adwindow.AbstractADWindowContent$29.onCallback(AbstractADWindowContent.java:1)
	at org.adempiere.webui.adwindow.validator.WindowValidatorManager$ChainCallback.start(WindowValidatorManager.java:124)
	at org.adempiere.webui.adwindow.validator.WindowValidatorManager.fireWindowValidatorEvent(WindowValidatorManager.java:103)
	at org.adempiere.webui.adwindow.AbstractADWindowContent.onSave(AbstractADWindowContent.java:2131)
	at org.adempiere.webui.adwindow.AbstractADWindowContent.onReport(AbstractADWindowContent.java:2515)
	at sun.reflect.NativeMethodAccessorImpl.invoke0(Native Method)
	at sun.reflect.NativeMethodAccessorImpl.invoke(Unknown Source)

19:29:08.327===========> DesktopImpl.service: [Desktop z_xd90:/index.zul] client error: Failed to mount: adempiere.set is not a function [34]
19:29:08.351===========> DesktopImpl.service: [Desktop z_xd90:/index.zul] client error: Failed to mount: adempiere.set is not a function [34]
19:29:10.202===========> DesktopImpl.service: [Desktop z_xd90:/index.zul] client error: Failed to mount: adempiere.set is not a function [38]
19:29:10.218===========> DesktopImpl.service: [Desktop z_xd90:/index.zul] client error: Failed to mount: adempiere.set is not a function [38]
19:29:10.233===========> DesktopImpl.service: [Desktop z_xd90:/index.zul] client error: Failed to mount: adempiere.set is not a function [38]
19:29:10.241===========> DesktopImpl.service: [Desktop z_xd90:/index.zul] client error: Failed to mount: adempiere.set is not a function [38]
19:29:10.393===========> DesktopImpl.service: [Desktop z_xd90:/index.zul] client error: Failed to mount: adempiere.set is not a function [33]
19:29:20.172===========> DesktopImpl.service: [Desktop z_xd90:/index.zul] client error: Failed to mount: adempiere.set is not a function [34]
19:29:20.188===========> DesktopImpl.service: [Desktop z_xd90:/index.zul] client error: Failed to mount: adempiere.set is not a function [34]
19:29:20.875===========> DesktopImpl.service: [Desktop z_xd90:/index.zul] client error: Failed to mount: adempiere.set is not a function [35]
19:29:20.903===========> DesktopImpl.service: [Desktop z_xd90:/index.zul] client error: Failed to mount: adempiere.set is not a function [35]
19:29:20.915===========> DesktopImpl.service: [Desktop z_xd90:/index.zul] client error: Failed to mount: adempiere.set is not a function [35]
19:29:20.927===========> DesktopImpl.service: [Desktop z_xd90:/index.zul] client error: Failed to mount: adempiere.set is not a function [35]
19:29:20.935===========> DesktopImpl.service: [Desktop z_xd90:/index.zul] client error: Failed to mount: adempiere.set is not a function [35]
19:29:20.943===========> DesktopImpl.service: [Desktop z_xd90:/index.zul] client error: Failed to mount: adempiere.set is not a function [35]
19:29:20.951===========> DesktopImpl.service: [Desktop z_xd90:/index.zul] client error: Failed to mount: adempiere.set is not a function [35]
19:29:20.959===========> DesktopImpl.service: [Desktop z_xd90:/index.zul] client error: Failed to mount: adempiere.set is not a function [35]
19:29:20.967===========> DesktopImpl.service: [Desktop z_xd90:/index.zul] client error: Failed to mount: adempiere.set is not a function [35]
19:29:20.975===========> DesktopImpl.service: [Desktop z_xd90:/index.zul] client error: Failed to mount: adempiere.set is not a function [35]
19:29:20.983===========> DesktopImpl.service: [Desktop z_xd90:/index.zul] client error: Failed to mount: adempiere.set is not a function [35]
19:29:20.991===========> DesktopImpl.service: [Desktop z_xd90:/index.zul] client error: Failed to mount: adempiere.set is not a function [35]
19:29:20.999===========> DesktopImpl.service: [Desktop z_xd90:/index.zul] client error: Failed to mount: adempiere.set is not a function [35]
19:29:21.007===========> DesktopImpl.service: [Desktop z_xd90:/index.zul] client error: Failed to mount: adempiere.set is not a function [35]
19:29:21.015===========> DesktopImpl.service: [Desktop z_xd90:/index.zul] client error: Failed to mount: adempiere.set is not a function [35]
19:29:21.023===========> DesktopImpl.service: [Desktop z_xd90:/index.zul] client error: Failed to mount: adempiere.set is not a function [35]
19:29:21.031===========> DesktopImpl.service: [Desktop z_xd90:/index.zul] client error: Failed to mount: adempiere.set is not a function [35]
19:29:21.039===========> DesktopImpl.service: [Desktop z_xd90:/index.zul] client error: Failed to mount: adempiere.set is not a function [35]
19:29:21.047===========> DesktopImpl.service: [Desktop z_xd90:/index.zul] client error: Failed to mount: adempiere.set is not a function [35]
19:29:21.055===========> DesktopImpl.service: [Desktop z_xd90:/index.zul] client error: Failed to mount: adempiere.set is not a function [35]
19:29:21.067===========> DesktopImpl.service: [Desktop z_xd90:/index.zul] client error: Failed to mount: adempiere.set is not a function [35]
19:29:21.075===========> DesktopImpl.service: [Desktop z_xd90:/index.zul] client error: Failed to mount: adempiere.set is not a function [35]
19:29:21.087===========> DesktopImpl.service: [Desktop z_xd90:/index.zul] client error: Failed to mount: adempiere.set is not a function [35]
19:29:21.099===========> DesktopImpl.service: [Desktop z_xd90:/index.zul] client error: Failed to mount: adempiere.set is not a function [35]
19:29:21.107===========> DesktopImpl.service: [Desktop z_xd90:/index.zul] client error: Failed to mount: adempiere.set is not a function [35]
19:29:21.115===========> DesktopImpl.service: [Desktop z_xd90:/index.zul] client error: Failed to mount: adempiere.set is not a function [35]
19:29:21.127===========> DesktopImpl.service: [Desktop z_xd90:/index.zul] client error: Failed to mount: adempiere.set is not a function [35]
19:29:21.135===========> DesktopImpl.service: [Desktop z_xd90:/index.zul] client error: Failed to mount: adempiere.set is not a function [35]
19:29:21.147===========> DesktopImpl.service: [Desktop z_xd90:/index.zul] client error: Failed to mount: adempiere.set is not a function [35]
19:29:21.155===========> DesktopImpl.service: [Desktop z_xd90:/index.zul] client error: Failed to mount: adempiere.set is not a function [35]
19:29:21.167===========> DesktopImpl.service: [Desktop z_xd90:/index.zul] client error: Failed to mount: adempiere.set is not a function [35]
19:29:21.175===========> DesktopImpl.service: [Desktop z_xd90:/index.zul] client error: Failed to mount: adempiere.set is not a function [35]
19:29:21.175===========> DesktopImpl.service: [Desktop z_xd90:/index.zul] client error: Failed to mount: adempiere.set is not a function [35]
19:29:21.195===========> DesktopImpl.service: [Desktop z_xd90:/index.zul] client error: Failed to mount: adempiere.set is not a function [35]
19:29:45.843===========> DesktopImpl.service: [Desktop z_xd90:/index.zul] client error: Failed to mount: adempiere.set is not a function [33]
19:29:45.859===========> DesktopImpl.service: [Desktop z_xd90:/index.zul] client error: Failed to mount: adempiere.set is not a function [33]
19:29:45.868===========> DesktopImpl.service: [Desktop z_xd90:/index.zul] client error: Failed to mount: adempiere.set is not a function [33]
19:29:45.880===========> DesktopImpl.service: [Desktop z_xd90:/index.zul] client error: Failed to mount: adempiere.set is not a function [33]
19:29:45.888===========> DesktopImpl.service: [Desktop z_xd90:/index.zul] client error: Failed to mount: adempiere.set is not a function [33]
19:29:45.896===========> DesktopImpl.service: [Desktop z_xd90:/index.zul] client error: Failed to mount: adempiere.set is not a function [33]
19:29:45.904===========> DesktopImpl.service: [Desktop z_xd90:/index.zul] client error: Failed to mount: adempiere.set is not a function [33]
19:29:45.912===========> DesktopImpl.service: [Desktop z_xd90:/index.zul] client error: Failed to mount: adempiere.set is not a function [33]
19:29:45.920===========> DesktopImpl.service: [Desktop z_xd90:/index.zul] client error: Failed to mount: adempiere.set is not a function [33]
19:29:45.928===========> DesktopImpl.service: [Desktop z_xd90:/index.zul] client error: Failed to mount: adempiere.set is not a function [33]
19:29:45.936===========> DesktopImpl.service: [Desktop z_xd90:/index.zul] client error: Failed to mount: adempiere.set is not a function [33]
19:29:45.948===========> DesktopImpl.service: [Desktop z_xd90:/index.zul] client error: Failed to mount: adempiere.set is not a function [33]
19:29:45.956===========> DesktopImpl.service: [Desktop z_xd90:/index.zul] client error: Failed to mount: adempiere.set is not a function [33]
19:29:45.964===========> DesktopImpl.service: [Desktop z_xd90:/index.zul] client error: Failed to mount: adempiere.set is not a function [33]
19:29:48.432===========> DesktopImpl.service: [Desktop z_xd90:/index.zul] client error: Failed to mount: adempiere.set is not a function [35]
19:29:48.448===========> DesktopImpl.service: [Desktop z_xd90:/index.zul] client error: Failed to mount: adempiere.set is not a function [35]
19:30:46.452===========> ADWindowToolbar.doOnClick: Could not invoke Toolbar listener method: onReport() [35]
java.lang.reflect.InvocationTargetException
	at sun.reflect.NativeMethodAccessorImpl.invoke0(Native Method)
	at sun.reflect.NativeMethodAccessorImpl.invoke(Unknown Source)
	at sun.reflect.DelegatingMethodAccessorImpl.invoke(Unknown Source)
	at java.lang.reflect.Method.invoke(Unknown Source)
	at org.adempiere.webui.adwindow.ADWindowToolbar.doOnClick(ADWindowToolbar.java:413)
	at org.adempiere.webui.adwindow.ADWindowToolbar.onEvent(ADWindowToolbar.java:377)
	at org.zkoss.zk.ui.AbstractComponent.onEvent(AbstractComponent.java:2773)
	at org.zkoss.zk.ui.AbstractComponent.service(AbstractComponent.java:2744)
	at org.zkoss.zk.ui.AbstractComponent.service(AbstractComponent.java:2685)
	at org.zkoss.zk.ui.impl.EventProcessor.process(EventProcessor.java:136)
	at org.zkoss.zk.ui.impl.UiEngineImpl.processEvent(UiEngineImpl.java:1765)
	at org.zkoss.zk.ui.impl.UiEngineImpl.process(UiEngineImpl.java:1550)
	at org.zkoss.zk.ui.impl.UiEngineImpl.execUpdate(UiEngineImpl.java:1260)
	at org.zkoss.zk.au.http.DHtmlUpdateServlet.process(DHtmlUpdateServlet.java:611)
	at org.zkoss.zk.au.http.DHtmlUpdateServlet.doGet(DHtmlUpdateServlet.java:485)
	at org.zkoss.zk.au.http.DHtmlUpdateServlet.doPost(DHtmlUpdateServlet.java:494)
	at javax.servlet.http.HttpServlet.service(HttpServlet.java:707)
	at javax.servlet.http.HttpServlet.service(HttpServlet.java:790)
	at org.eclipse.jetty.servlet.ServletHolder.handle(ServletHolder.java:808)
	at org.eclipse.jetty.servlet.ServletHandler.doHandle(ServletHandler.java:587)
	at org.eclipse.jetty.server.handler.ScopedHandler.handle(ScopedHandler.java:143)
caused by: java.lang.NullPointerException
	at org.adempiere.webui.LayoutUtils.openPopupWindow(LayoutUtils.java:112)
	at org.adempiere.webui.panel.action.ReportAction.show(ReportAction.java:204)
	at org.adempiere.webui.adwindow.AbstractADWindowContent.onReport0(AbstractADWindowContent.java:2521)
	at org.adempiere.webui.adwindow.AbstractADWindowContent.access$24(AbstractADWindowContent.java:2518)
	at org.adempiere.webui.adwindow.AbstractADWindowContent$40.onCallback(AbstractADWindowContent.java:2511)
	at org.adempiere.webui.adwindow.AbstractADWindowContent$40.onCallback(AbstractADWindowContent.java:1)
	at org.adempiere.webui.adwindow.validator.WindowValidatorManager$ChainCallback.start(WindowValidatorManager.java:124)
	at org.adempiere.webui.adwindow.validator.WindowValidatorManager.fireWindowValidatorEvent(WindowValidatorManager.java:103)
	at org.adempiere.webui.adwindow.AbstractADWindowContent$28.onCallback(AbstractADWindowContent.java:2112)
	at org.adempiere.webui.adwindow.AbstractADWindowContent$28.onCallback(AbstractADWindowContent.java:1)
	at org.adempiere.webui.adwindow.AbstractADWindowContent.onSave0(AbstractADWindowContent.java:2258)
	at org.adempiere.webui.adwindow.AbstractADWindowContent.onSaveCallback(AbstractADWindowContent.java:2155)
	at org.adempiere.webui.adwindow.AbstractADWindowContent.access$19(AbstractADWindowContent.java:2149)
	at org.adempiere.webui.adwindow.AbstractADWindowContent$29.onCallback(AbstractADWindowContent.java:2123)
	at org.adempiere.webui.adwindow.AbstractADWindowContent$29.onCallback(AbstractADWindowContent.java:1)
	at org.adempiere.webui.adwindow.validator.WindowValidatorManager$ChainCallback.start(WindowValidatorManager.java:124)
	at org.adempiere.webui.adwindow.validator.WindowValidatorManager.fireWindowValidatorEvent(WindowValidatorManager.java:103)
	at org.adempiere.webui.adwindow.AbstractADWindowContent.onSave(AbstractADWindowContent.java:2131)
	at org.adempiere.webui.adwindow.AbstractADWindowContent.onReport(AbstractADWindowContent.java:2515)
	at sun.reflect.NativeMethodAccessorImpl.invoke0(Native Method)
	at sun.reflect.NativeMethodAccessorImpl.invoke(Unknown Source)

19:30:46.508===========> DesktopImpl.service: [Desktop z_va2:/index.zul] client error: Failed to mount: adempiere.set is not a function [34]
19:30:46.528===========> DesktopImpl.service: [Desktop z_va2:/index.zul] client error: Failed to mount: adempiere.set is not a function [34]
19:30:46.833===========> DesktopImpl.service: [Desktop z_va2:/index.zul] client error: Failed to mount: adempiere.set is not a function [34]
19:30:47.254===========> DesktopImpl.service: [Desktop z_va2:/index.zul] client error: Failed to mount: adempiere.set is not a function [195]
19:30:47.270===========> DesktopImpl.service: [Desktop z_va2:/index.zul] client error: Failed to mount: adempiere.set is not a function [195]
19:30:47.290===========> DesktopImpl.service: [Desktop z_va2:/index.zul] client error: Failed to mount: adempiere.set is not a function [195]
19:30:47.298===========> DesktopImpl.service: [Desktop z_va2:/index.zul] client error: Failed to mount: adempiere.set is not a function [195]
19:30:47.306===========> DesktopImpl.service: [Desktop z_va2:/index.zul] client error: Failed to mount: adempiere.set is not a function [195]
19:30:47.318===========> DesktopImpl.service: [Desktop z_va2:/index.zul] client error: Failed to mount: adempiere.set is not a function [195]
19:30:47.330===========> DesktopImpl.service: [Desktop z_va2:/index.zul] client error: Failed to mount: adempiere.set is not a function [195]
19:30:47.338===========> DesktopImpl.service: [Desktop z_va2:/index.zul] client error: Failed to mount: adempiere.set is not a function [195]
19:30:47.346===========> DesktopImpl.service: [Desktop z_va2:/index.zul] client error: Failed to mount: adempiere.set is not a function [195]
19:30:47.354===========> DesktopImpl.service: [Desktop z_va2:/index.zul] client error: Failed to mount: adempiere.set is not a function [195]
19:30:47.362===========> DesktopImpl.service: [Desktop z_va2:/index.zul] client error: Failed to mount: adempiere.set is not a function [195]
19:30:47.366===========> DesktopImpl.service: [Desktop z_va2:/index.zul] client error: Failed to mount: adempiere.set is not a function [195]
19:30:47.374===========> DesktopImpl.service: [Desktop z_va2:/index.zul] client error: Failed to mount: adempiere.set is not a function [195]
19:30:47.382===========> DesktopImpl.service: [Desktop z_va2:/index.zul] client error: Failed to mount: adempiere.set is not a function [195]
19:30:47.390===========> DesktopImpl.service: [Desktop z_va2:/index.zul] client error: Failed to mount: adempiere.set is not a function [195]
19:30:47.390===========> DesktopImpl.service: [Desktop z_va2:/index.zul] client error: Failed to mount: adempiere.set is not a function [195]
19:30:47.390===========> DesktopImpl.service: [Desktop z_va2:/index.zul] client error: Failed to mount: adempiere.set is not a function [195]
19:30:47.409===========> DesktopImpl.service: [Desktop z_va2:/index.zul] client error: Failed to mount: adempiere.set is not a function [195]
19:30:47.417===========> DesktopImpl.service: [Desktop z_va2:/index.zul] client error: Failed to mount: adempiere.set is not a function [195]
19:30:47.449===========> DesktopImpl.service: [Desktop z_va2:/index.zul] client error: Failed to mount: adempiere.set is not a function [195]
19:30:47.461===========> DesktopImpl.service: [Desktop z_va2:/index.zul] client error: Failed to mount: adempiere.set is not a function [195]
19:30:47.469===========> DesktopImpl.service: [Desktop z_va2:/index.zul] client error: Failed to mount: adempiere.set is not a function [195]
19:30:47.476===========> DesktopImpl.service: [Desktop z_va2:/index.zul] client error: Failed to mount: adempiere.set is not a function [195]
19:30:47.484===========> DesktopImpl.service: [Desktop z_va2:/index.zul] client error: Failed to mount: adempiere.set is not a function [195]
19:30:47.492===========> DesktopImpl.service: [Desktop z_va2:/index.zul] client error: Failed to mount: adempiere.set is not a function [195]
19:30:47.500===========> DesktopImpl.service: [Desktop z_va2:/index.zul] client error: Failed to mount: adempiere.set is not a function [195]
19:30:57.484===========> ADWindowToolbar.doOnClick: Could not invoke Toolbar listener method: onReport() [193]
java.lang.reflect.InvocationTargetException
	at sun.reflect.NativeMethodAccessorImpl.invoke0(Native Method)
	at sun.reflect.NativeMethodAccessorImpl.invoke(Unknown Source)
	at sun.reflect.DelegatingMethodAccessorImpl.invoke(Unknown Source)
	at java.lang.reflect.Method.invoke(Unknown Source)
	at org.adempiere.webui.adwindow.ADWindowToolbar.doOnClick(ADWindowToolbar.java:413)
	at org.adempiere.webui.adwindow.ADWindowToolbar.onEvent(ADWindowToolbar.java:377)
	at org.zkoss.zk.ui.AbstractComponent.onEvent(AbstractComponent.java:2773)
	at org.zkoss.zk.ui.AbstractComponent.service(AbstractComponent.java:2744)
	at org.zkoss.zk.ui.AbstractComponent.service(AbstractComponent.java:2685)
	at org.zkoss.zk.ui.impl.EventProcessor.process(EventProcessor.java:136)
	at org.zkoss.zk.ui.impl.UiEngineImpl.processEvent(UiEngineImpl.java:1765)
	at org.zkoss.zk.ui.impl.UiEngineImpl.process(UiEngineImpl.java:1550)
	at org.zkoss.zk.ui.impl.UiEngineImpl.execUpdate(UiEngineImpl.java:1260)
	at org.zkoss.zk.au.http.DHtmlUpdateServlet.process(DHtmlUpdateServlet.java:611)
	at org.zkoss.zk.au.http.DHtmlUpdateServlet.doGet(DHtmlUpdateServlet.java:485)
	at org.zkoss.zk.au.http.DHtmlUpdateServlet.doPost(DHtmlUpdateServlet.java:494)
	at javax.servlet.http.HttpServlet.service(HttpServlet.java:707)
	at javax.servlet.http.HttpServlet.service(HttpServlet.java:790)
	at org.eclipse.jetty.servlet.ServletHolder.handle(ServletHolder.java:808)
	at org.eclipse.jetty.servlet.ServletHandler.doHandle(ServletHandler.java:587)
	at org.eclipse.jetty.server.handler.ScopedHandler.handle(ScopedHandler.java:143)
caused by: java.lang.NullPointerException
	at org.adempiere.webui.LayoutUtils.openPopupWindow(LayoutUtils.java:112)
	at org.adempiere.webui.panel.action.ReportAction.show(ReportAction.java:204)
	at org.adempiere.webui.adwindow.AbstractADWindowContent.onReport0(AbstractADWindowContent.java:2521)
	at org.adempiere.webui.adwindow.AbstractADWindowContent.access$24(AbstractADWindowContent.java:2518)
	at org.adempiere.webui.adwindow.AbstractADWindowContent$40.onCallback(AbstractADWindowContent.java:2511)
	at org.adempiere.webui.adwindow.AbstractADWindowContent$40.onCallback(AbstractADWindowContent.java:1)
	at org.adempiere.webui.adwindow.validator.WindowValidatorManager$ChainCallback.start(WindowValidatorManager.java:124)
	at org.adempiere.webui.adwindow.validator.WindowValidatorManager.fireWindowValidatorEvent(WindowValidatorManager.java:103)
	at org.adempiere.webui.adwindow.AbstractADWindowContent$28.onCallback(AbstractADWindowContent.java:2112)
	at org.adempiere.webui.adwindow.AbstractADWindowContent$28.onCallback(AbstractADWindowContent.java:1)
	at org.adempiere.webui.adwindow.AbstractADWindowContent.onSave0(AbstractADWindowContent.java:2258)
	at org.adempiere.webui.adwindow.AbstractADWindowContent.onSaveCallback(AbstractADWindowContent.java:2155)
	at org.adempiere.webui.adwindow.AbstractADWindowContent.access$19(AbstractADWindowContent.java:2149)
	at org.adempiere.webui.adwindow.AbstractADWindowContent$29.onCallback(AbstractADWindowContent.java:2123)
	at org.adempiere.webui.adwindow.AbstractADWindowContent$29.onCallback(AbstractADWindowContent.java:1)
	at org.adempiere.webui.adwindow.validator.WindowValidatorManager$ChainCallback.start(WindowValidatorManager.java:124)
	at org.adempiere.webui.adwindow.validator.WindowValidatorManager.fireWindowValidatorEvent(WindowValidatorManager.java:103)
	at org.adempiere.webui.adwindow.AbstractADWindowContent.onSave(AbstractADWindowContent.java:2131)
	at org.adempiere.webui.adwindow.AbstractADWindowContent.onReport(AbstractADWindowContent.java:2515)
	at sun.reflect.NativeMethodAccessorImpl.invoke0(Native Method)
	at sun.reflect.NativeMethodAccessorImpl.invoke(Unknown Source)

