*** 2016-09-09 10:43:39.384 idempiere Log (CLogFile) ***
10:43:39.384 Adempiere.startup: iDempiere(r) Release 3.1_2015-10-31 -Smart Suite ERP, CRM and SCM- (c) 1999-2013 iDempiere(r); Implementation: iDempiere - Supported by iDempiere community [17]
10:43:39.390 Ini.loadProperties: E:\mercurialidempiere/idempiere.properties #33 [17]
10:43:40.015 AdempiereActivator.installPackage: ni.idempiere.importcurrencyrate 1.0.0 was installed: 2016-07-14 16:34:48.698 [17]
10:43:40.029 DB.isBuildOK: Build DB=${env.ADEMPIERE_VERSION} 20080428-1232 [17]
10:43:40.029 DB.isBuildOK: Build Cl=3.1.0.qualifier [17]
10:43:40.049-----------> DB.isBuildOK: Build Version Error 

The program assumes build version 3.1.0.qualifier, but database has build version ${env.ADEMPIERE_VERSION} 20080428-1232. 
This is likely to cause hard to fix errors. 
Please contact administrator. [17]
10:43:40.134 WebEnv.initWeb: Servlet Context Init Parameters: iDempiere Root
ServerRoot=1 [17]
10:43:40.214-----------> EMail.setFrom: you @ company.org: javax.mail.internet.AddressException: Local address contains control or whitespace in string ``you @ company.org'' [17]
10:43:40.217-----------> EMail.addTo: you @ company.org: javax.mail.internet.AddressException: Local address contains control or whitespace in string ``you @ company.org'' [17]
10:43:40.218-----------> EMail.isValid: From is invalid=null [17]
10:43:40.218-----------> EMail.isValid: From is invalid=null [17]
10:43:40.218-----------> MClient.sendEMail: Could NOT Send Email: Server started: iDempiere (odbz:192.168.163.1) to you @ company.org: Invalid Data (System) [17]
10:43:40.218 WebEnv.initWeb: Servlet Init Parameter: idempiereMonitor [17]
10:43:40.218 AdempiereMonitor.init:  [17]
10:43:42.007-----------> AnnotationConfiguration.configure: ServletContainerInitializers: detected. Class hierarchy: empty [17]
10:43:42.253-----------> ClassLocator.getDependentXMLResources: Replicate resource: ckez
Overwrite bundleresource://185.fwk1319287199:2/metainfo/zk/config.xml
with bundleresource://185.fwk1319287199:19/metainfo/zk/config.xml [17]
10:43:42.260-----------> ClassLocator.getDependentXMLResources: Replicate resource: zk
Overwrite bundleresource://185.fwk1319287199:11/metainfo/zk/config.xml
with bundleresource://185.fwk1319287199:28/metainfo/zk/config.xml [17]
10:43:42.266-----------> ClassLocator.getDependentXMLResources: Replicate resource: zkbind
Overwrite bundleresource://185.fwk1319287199:12/metainfo/zk/config.xml
with bundleresource://185.fwk1319287199:29/metainfo/zk/config.xml [17]
10:43:42.298-----------> ClassLocator.getDependentXMLResources: Replicate resource: zul
Overwrite bundleresource://185.fwk1319287199:14/metainfo/zk/zk.xml
with bundleresource://185.fwk1319287199:31/metainfo/zk/zk.xml [17]
10:43:42.639-----------> LanguageDefinition.<init>: Replicated language: xhtml, overriden by [LanguageDefinition: xhtml] [17]
10:43:42.659-----------> LanguageDefinition.<init>: Replicated language: xul/html, overriden by [LanguageDefinition: xul/html] [17]
10:43:42.717-----------> ClassLocator.getDependentXMLResources: Replicate resource: calendar
Overwrite bundleresource://185.fwk1319287199:1/metainfo/zk/lang-addon.xml
with bundleresource://185.fwk1319287199:18/metainfo/zk/lang-addon.xml [17]
10:43:42.724-----------> ClassLocator.getDependentXMLResources: Replicate resource: ckez
Overwrite bundleresource://185.fwk1319287199:2/metainfo/zk/lang-addon.xml
with bundleresource://185.fwk1319287199:19/metainfo/zk/lang-addon.xml [17]
10:43:42.729-----------> ClassLocator.getDependentXMLResources: Replicate resource: gmapsz
Overwrite bundleresource://185.fwk1319287199:5/metainfo/zk/lang-addon.xml
with bundleresource://185.fwk1319287199:22/metainfo/zk/lang-addon.xml [17]
10:43:42.737-----------> ClassLocator.getDependentXMLResources: Replicate resource: timeline
Overwrite bundleresource://185.fwk1319287199:6/metainfo/zk/lang-addon.xml
with bundleresource://185.fwk1319287199:23/metainfo/zk/lang-addon.xml [17]
10:43:42.743-----------> ClassLocator.getDependentXMLResources: Replicate resource: timeplot
Overwrite bundleresource://185.fwk1319287199:7/metainfo/zk/lang-addon.xml
with bundleresource://185.fwk1319287199:24/metainfo/zk/lang-addon.xml [17]
10:43:42.757-----------> ClassLocator.getDependentXMLResources: Replicate resource: zkbind
Overwrite bundleresource://185.fwk1319287199:12/metainfo/zk/lang-addon.xml
with bundleresource://185.fwk1319287199:29/metainfo/zk/lang-addon.xml [17]
10:43:42.766-----------> ClassLocator.getDependentXMLResources: Replicate resource: zkplus
Overwrite bundleresource://185.fwk1319287199:13/metainfo/zk/lang-addon.xml
with bundleresource://185.fwk1319287199:30/metainfo/zk/lang-addon.xml [17]
10:43:42.974           WebUIServlet.init: iDempiere Web Client started successfully [17]
10:43:43.982-----------> AnnotationConfiguration.configure: ServletContainerInitializers: detected. Class hierarchy: empty [17]

*** 2016-09-09 10:43:44.215 idempiere Log (CLogFile) ***
10:43:46.077-----------> Node: [172.16.45.186]:5701 [adempiere.idempiere/localhost] [3.5.3] No join method is enabled! Starting standalone. [49]
10:44:38.205===========> DB.executeUpdate: INSERT INTO smj_tmpwebsalesline (smj_tmpwebsalesline_ID,smj_tmpwebsales_ID,M_Product_ID,ProductName,ProductValue,C_BPartner_ID,partnername,Price,Qty,M_Warehouse_ID,WarehouseName,QtyEntered,total,C_UOM_ID,UOMName,tax,M_AttributeSetInstance_ID,AD_Client_ID,AD_Org_ID,IsActive,Created,CreatedBy,Updated,UpdatedBy,purchaseprice,smj_isworkorder,Line,C_OrderLine_ID,smj_tmpwebsalesline_UU) VALUES (?,?,?,?,?,?,?,?,?,?,?,?,?,?,?,?,?,?,?,?,?,?,?,?,?,?,?,?,?) [WSS1473439456519_4f3afaa1-6b33-4eaf-be21-1d291f5c6116] [33]
org.postgresql.util.PSQLException: ERROR: el valor null para la columna «smj_iswarrantyapplied» viola la restricción not null
  Detail: La fila que falla contiene (1000026, 1000026, 1000000, Estándar, Estándar, 1000381, VENTAS MOSTRADOR POS, 1.00, 1, 1000000, Estándar, null, 1.0, 1.00000, 100, Unidad, 0.0, 0, null, 1000000, 1000000, Y, 2016-09-09 10:44:37.817, 1000000, 2016-09-09 10:44:37.817, 1000000, 1, null, null, null, F, 10, null, null, null, null, 1000016, 0b48e176-7361-4367-9223-a268a39b11bd).; State=23502; ErrorCode=0
	at org.postgresql.core.v3.QueryExecutorImpl.receiveErrorResponse(QueryExecutorImpl.java:2182)
	at org.postgresql.core.v3.QueryExecutorImpl.processResults(QueryExecutorImpl.java:1911)
	at org.postgresql.core.v3.QueryExecutorImpl.execute(QueryExecutorImpl.java:173)
	at org.postgresql.jdbc2.AbstractJdbc2Statement.execute(AbstractJdbc2Statement.java:645)
	at org.postgresql.jdbc2.AbstractJdbc2Statement.executeWithFlags(AbstractJdbc2Statement.java:495)
	at org.postgresql.jdbc2.AbstractJdbc2Statement.executeUpdate(AbstractJdbc2Statement.java:441)
	at com.mchange.v2.c3p0.impl.NewProxyPreparedStatement.executeUpdate(NewProxyPreparedStatement.java:1449)
	at sun.reflect.GeneratedMethodAccessor42.invoke(Unknown Source)
	at sun.reflect.DelegatingMethodAccessorImpl.invoke(Unknown Source)
	at java.lang.reflect.Method.invoke(Unknown Source)
	at org.compiere.db.StatementProxy.invoke(StatementProxy.java:128)
	at com.sun.proxy.$Proxy3.executeUpdate(Unknown Source)
	at org.compiere.util.DB.executeUpdate(DB.java:1038)
	at org.compiere.util.DB.executeUpdate(DB.java:1007)
	at org.compiere.model.PO.doInsert(PO.java:2974)
	at org.compiere.model.PO.saveNew(PO.java:2778)
	at org.compiere.model.PO.save(PO.java:2128)
	at com.smj.model.MSMJTmpWebSalesLine.save(MSMJTmpWebSalesLine.java:77)
	at com.smj.webui.apps.form.WSimplifiedSales.showInfoProduct(WSimplifiedSales.java:1546)
	at com.smj.webui.apps.form.WSimplifiedSales.valueChange(WSimplifiedSales.java:2053)
	at org.adempiere.webui.editor.WEditor.fireValueChange(WEditor.java:403)

10:44:38.293===========> DB.saveError: DBExecuteError - ERROR: el valor null para la columna «smj_iswarrantyapplied» viola la restricción not null
  Detail: La fila que falla contiene (1000026, 1000026, 1000000, Estándar, Estándar, 1000381, VENTAS MOSTRADOR POS, 1.00, 1, 1000000, Estándar, null, 1.0, 1.00000, 100, Unidad, 0.0, 0, null, 1000000, 1000000, Y, 2016-09-09 10:44:37.817, 1000000, 2016-09-09 10:44:37.817, 1000000, 1, null, null, null, F, 10, null, null, null, null, 1000016, 0b48e176-7361-4367-9223-a268a39b11bd). [33]
10:44:38.295-----------> MSMJTmpWebSalesLine.doInsert: [WSS1473439456519_4f3afaa1-6b33-4eaf-be21-1d291f5c6116]Not inserted - smj_tmpwebsalesline [33]
10:44:38.295===========> MSMJTmpWebSalesLine.saveError: DBExecuteError - DBExecuteError:ERROR: el valor null para la columna «smj_iswarrantyapplied» viola la restricción not null
  Detail: La fila que falla contiene (1000026, 1000026, 1000000, Estándar, Estándar, 1000381, VENTAS MOSTRADOR POS, 1.00, 1, 1000000, Estándar, null, 1.0, 1.00000, 100, Unidad, 0.0, 0, null, 1000000, 1000000, Y, 2016-09-09 10:44:37.817, 1000000, 2016-09-09 10:44:37.817, 1000000, 1, null, null, null, F, 10, null, null, null, null, 1000016, 0b48e176-7361-4367-9223-a268a39b11bd). [33]
10:45:35.531-----------> Msg.translate: NOT found: SMJ_LabelAvailablePoints [38]
10:45:35.532-----------> Msg.translate: NOT found: SMJ_LabelTotalPoints [38]
10:45:35.534-----------> Msg.translate: NOT found: SMJ_LabelPointsReceived [38]
10:45:35.536-----------> LayoutRegion.setFlex: The flex attribute is deprecated, use setHflex and setVflex on child component instead. [38]
10:46:50.347===========> MInvoice.saveError: FillMandatory - C_DocTypeTarget_ID is mandatory. [38]
10:46:50.350===========> MInvoice.saveError: FillMandatory - Tipo Documento Destino - C_DocTypeTarget_ID is mandatory. [38]
10:46:50.385===========> Allocation.createInvoiceLine: com.smj.util.Documents.createInvoiceLine - ERROR: Create Invoice Line:: null M_Product_ID: 1000000  - null [38]
java.lang.NullPointerException
	at org.compiere.model.MInvoiceLine.<init>(MInvoiceLine.java:145)
	at com.smj.util.Documents.createInvoiceLine(Documents.java:510)
	at com.smj.util.CompleteSaleWeb.completeDocumentsSales(CompleteSaleWeb.java:128)
	at com.smj.webui.component.SMJPaymentWindow.salesProcess(SMJPaymentWindow.java:1066)
	at com.smj.webui.component.SMJPaymentWindow.onEvent(SMJPaymentWindow.java:637)
	at org.zkoss.zk.ui.AbstractComponent.onEvent(AbstractComponent.java:2773)
	at org.zkoss.zk.ui.AbstractComponent.service(AbstractComponent.java:2744)
	at org.zkoss.zk.ui.AbstractComponent.service(AbstractComponent.java:2685)
	at org.zkoss.zk.ui.impl.EventProcessor.process(EventProcessor.java:136)
	at org.zkoss.zk.ui.impl.UiEngineImpl.processEvent(UiEngineImpl.java:1765)
	at org.zkoss.zk.ui.impl.UiEngineImpl.process(UiEngineImpl.java:1550)
	at org.zkoss.zk.ui.impl.UiEngineImpl.execUpdate(UiEngineImpl.java:1260)
	at org.zkoss.zk.au.http.DHtmlUpdateServlet.process(DHtmlUpdateServlet.java:611)
	at org.zkoss.zk.au.http.DHtmlUpdateServlet.doGet(DHtmlUpdateServlet.java:485)
	at org.zkoss.zk.au.http.DHtmlUpdateServlet.doPost(DHtmlUpdateServlet.java:494)
	at javax.servlet.http.HttpServlet.service(HttpServlet.java:707)
	at javax.servlet.http.HttpServlet.service(HttpServlet.java:790)
	at org.eclipse.jetty.servlet.ServletHolder.handle(ServletHolder.java:808)
	at org.eclipse.jetty.servlet.ServletHandler.doHandle(ServletHandler.java:587)
	at org.eclipse.jetty.server.handler.ScopedHandler.handle(ScopedHandler.java:143)
	at org.eclipse.jetty.security.SecurityHandler.handle(SecurityHandler.java:577)

10:46:50.406===========> SMJPaymentWindow.salesProcess: 1000000-1000000 [38]
10:53:12.052===========> MOrder.save: Transaction closed or never opened (SMJPW1473439535500_8dc18448-87ea-4e27-a43e-ffc8c0c779b8) => starting now --> MOrder[1000017-50015,IsSOTrx=true,C_DocType_ID=1000032, GrandTotal=33.00] [33]
10:54:55.234===========> SMJPaymentWindow.salesProcess: com.smj.webui.component.SMJPaymentWindow.salesProcess ERROR::  [33]
java.lang.NullPointerException
	at com.smj.webui.component.SMJPaymentWindow.salesProcess(SMJPaymentWindow.java:963)
	at com.smj.webui.component.SMJPaymentWindow.onEvent(SMJPaymentWindow.java:637)
	at org.zkoss.zk.ui.AbstractComponent.onEvent(AbstractComponent.java:2773)
	at org.zkoss.zk.ui.AbstractComponent.service(AbstractComponent.java:2744)
	at org.zkoss.zk.ui.AbstractComponent.service(AbstractComponent.java:2685)
	at org.zkoss.zk.ui.impl.EventProcessor.process(EventProcessor.java:136)
	at org.zkoss.zk.ui.impl.UiEngineImpl.processEvent(UiEngineImpl.java:1765)
	at org.zkoss.zk.ui.impl.UiEngineImpl.process(UiEngineImpl.java:1550)
	at org.zkoss.zk.ui.impl.UiEngineImpl.execUpdate(UiEngineImpl.java:1260)
	at org.zkoss.zk.au.http.DHtmlUpdateServlet.process(DHtmlUpdateServlet.java:611)
	at org.zkoss.zk.au.http.DHtmlUpdateServlet.doGet(DHtmlUpdateServlet.java:485)
	at org.zkoss.zk.au.http.DHtmlUpdateServlet.doPost(DHtmlUpdateServlet.java:494)
	at javax.servlet.http.HttpServlet.service(HttpServlet.java:707)
	at javax.servlet.http.HttpServlet.service(HttpServlet.java:790)
	at org.eclipse.jetty.servlet.ServletHolder.handle(ServletHolder.java:808)
	at org.eclipse.jetty.servlet.ServletHandler.doHandle(ServletHandler.java:587)
	at org.eclipse.jetty.server.handler.ScopedHandler.handle(ScopedHandler.java:143)
	at org.eclipse.jetty.security.SecurityHandler.handle(SecurityHandler.java:577)
	at org.eclipse.jetty.server.session.SessionHandler.doHandle(SessionHandler.java:223)
	at org.eclipse.jetty.server.handler.ContextHandler.doHandle(ContextHandler.java:1127)
	at org.eclipse.jetty.servlet.ServletHandler.doScope(ServletHandler.java:515)

10:54:55.398-----------> ServletHandler.doHandle: /webui/zkau [35]
java.lang.IllegalStateException: Form too large: 2274531 > 1000000
	at org.eclipse.jetty.server.Request.extractFormParameters(Request.java:364)
	at org.eclipse.jetty.server.Request.extractContentParameters(Request.java:302)
	at org.eclipse.jetty.server.Request.extractParameters(Request.java:256)
	at org.eclipse.jetty.server.Request.getParameter(Request.java:825)
	at org.zkoss.zk.au.http.DHtmlUpdateServlet$3.getDesktopId(DHtmlUpdateServlet.java:748)
	at org.zkoss.zk.au.http.DHtmlUpdateServlet.process(DHtmlUpdateServlet.java:531)
	at org.zkoss.zk.au.http.DHtmlUpdateServlet.doGet(DHtmlUpdateServlet.java:485)
	at org.zkoss.zk.au.http.DHtmlUpdateServlet.doPost(DHtmlUpdateServlet.java:494)
	at javax.servlet.http.HttpServlet.service(HttpServlet.java:707)
	at javax.servlet.http.HttpServlet.service(HttpServlet.java:790)
	at org.eclipse.jetty.servlet.ServletHolder.handle(ServletHolder.java:808)
	at org.eclipse.jetty.servlet.ServletHandler.doHandle(ServletHandler.java:587)
	at org.eclipse.jetty.server.handler.ScopedHandler.handle(ScopedHandler.java:143)
	at org.eclipse.jetty.security.SecurityHandler.handle(SecurityHandler.java:577)
	at org.eclipse.jetty.server.session.SessionHandler.doHandle(SessionHandler.java:223)
	at org.eclipse.jetty.server.handler.ContextHandler.doHandle(ContextHandler.java:1127)
	at org.eclipse.jetty.servlet.ServletHandler.doScope(ServletHandler.java:515)
	at org.eclipse.jetty.server.session.SessionHandler.doScope(SessionHandler.java:185)
	at org.eclipse.jetty.server.handler.ContextHandler.doScope(ContextHandler.java:1061)
	at org.eclipse.jetty.server.handler.ScopedHandler.handle(ScopedHandler.java:141)
	at org.eclipse.jetty.server.handler.ContextHandlerCollection.handle(ContextHandlerCollection.java:215)

10:54:55.401-----------> HttpParser.parseNext: badMessage: java.lang.IllegalStateException: too much data after closed for HttpChannelOverHttp@3742b8b6{r=45662,c=false,a=IDLE,uri=-} [35]
