*** 2016-10-31 16:33:39.572 idempiere Log (CLogFile) ***
16:33:39.571 Adempiere.startup: iDempiere(r) Release 3.1_2015-10-31 -Smart Suite ERP, CRM and SCM- (c) 1999-2013 iDempiere(r); Implementation: iDempiere - Supported by iDempiere community [17]
16:33:39.589 Ini.loadProperties: E:\mercurialidempiere/idempiere.properties #33 [17]
16:33:41.549 AdempiereActivator.installPackage: ni.idempiere.importcurrencyrate 1.0.0 was installed: 2016-07-14 16:34:48.698 [17]
16:33:41.704 DB.isBuildOK: Build DB=${env.ADEMPIERE_VERSION} 20080428-1232 [17]
16:33:41.704 DB.isBuildOK: Build Cl=3.1.0.qualifier [17]
16:33:41.804-----------> DB.isBuildOK: Build Version Error 

The program assumes build version 3.1.0.qualifier, but database has build version ${env.ADEMPIERE_VERSION} 20080428-1232. 
This is likely to cause hard to fix errors. 
Please contact administrator. [17]
16:33:42.024 WebEnv.initWeb: Servlet Context Init Parameters: iDempiere Root
ServerRoot=1 [17]
16:33:42.178-----------> EMail.setFrom: you @ company.org: javax.mail.internet.AddressException: Local address contains control or whitespace in string ``you @ company.org'' [17]
16:33:42.180-----------> EMail.addTo: you @ company.org: javax.mail.internet.AddressException: Local address contains control or whitespace in string ``you @ company.org'' [17]
16:33:42.181-----------> EMail.isValid: From is invalid=null [17]
16:33:42.181-----------> EMail.isValid: From is invalid=null [17]
16:33:42.181-----------> MClient.sendEMail: Could NOT Send Email: Server started: iDempiere (odbz:192.168.47.1) to you @ company.org: Invalid Data (System) [17]
16:33:42.181 WebEnv.initWeb: Servlet Init Parameter: idempiereMonitor [17]
16:33:42.181 AdempiereMonitor.init:  [17]
16:33:55.142-----------> AnnotationConfiguration.configure: ServletContainerInitializers: detected. Class hierarchy: empty [17]
16:33:55.469-----------> ClassLocator.getDependentXMLResources: Replicate resource: ckez
Overwrite bundleresource://187.fwk1319287199:2/metainfo/zk/config.xml
with bundleresource://187.fwk1319287199:19/metainfo/zk/config.xml [17]
16:33:55.478-----------> ClassLocator.getDependentXMLResources: Replicate resource: zk
Overwrite bundleresource://187.fwk1319287199:11/metainfo/zk/config.xml
with bundleresource://187.fwk1319287199:28/metainfo/zk/config.xml [17]
16:33:55.484-----------> ClassLocator.getDependentXMLResources: Replicate resource: zkbind
Overwrite bundleresource://187.fwk1319287199:12/metainfo/zk/config.xml
with bundleresource://187.fwk1319287199:29/metainfo/zk/config.xml [17]
16:33:55.520-----------> ClassLocator.getDependentXMLResources: Replicate resource: zul
Overwrite bundleresource://187.fwk1319287199:14/metainfo/zk/zk.xml
with bundleresource://187.fwk1319287199:31/metainfo/zk/zk.xml [17]
16:33:55.974-----------> LanguageDefinition.<init>: Replicated language: xhtml, overriden by [LanguageDefinition: xhtml] [17]
16:33:55.998-----------> LanguageDefinition.<init>: Replicated language: xul/html, overriden by [LanguageDefinition: xul/html] [17]
16:33:56.057-----------> ClassLocator.getDependentXMLResources: Replicate resource: calendar
Overwrite bundleresource://187.fwk1319287199:1/metainfo/zk/lang-addon.xml
with bundleresource://187.fwk1319287199:18/metainfo/zk/lang-addon.xml [17]
16:33:56.061-----------> ClassLocator.getDependentXMLResources: Replicate resource: ckez
Overwrite bundleresource://187.fwk1319287199:2/metainfo/zk/lang-addon.xml
with bundleresource://187.fwk1319287199:19/metainfo/zk/lang-addon.xml [17]
16:33:56.066-----------> ClassLocator.getDependentXMLResources: Replicate resource: gmapsz
Overwrite bundleresource://187.fwk1319287199:5/metainfo/zk/lang-addon.xml
with bundleresource://187.fwk1319287199:22/metainfo/zk/lang-addon.xml [17]
16:33:56.072-----------> ClassLocator.getDependentXMLResources: Replicate resource: timeline
Overwrite bundleresource://187.fwk1319287199:6/metainfo/zk/lang-addon.xml
with bundleresource://187.fwk1319287199:23/metainfo/zk/lang-addon.xml [17]
16:33:56.077-----------> ClassLocator.getDependentXMLResources: Replicate resource: timeplot
Overwrite bundleresource://187.fwk1319287199:7/metainfo/zk/lang-addon.xml
with bundleresource://187.fwk1319287199:24/metainfo/zk/lang-addon.xml [17]
16:33:56.088-----------> ClassLocator.getDependentXMLResources: Replicate resource: zkbind
Overwrite bundleresource://187.fwk1319287199:12/metainfo/zk/lang-addon.xml
with bundleresource://187.fwk1319287199:29/metainfo/zk/lang-addon.xml [17]
16:33:56.095-----------> ClassLocator.getDependentXMLResources: Replicate resource: zkplus
Overwrite bundleresource://187.fwk1319287199:13/metainfo/zk/lang-addon.xml
with bundleresource://187.fwk1319287199:30/metainfo/zk/lang-addon.xml [17]
16:33:56.442           WebUIServlet.init: iDempiere Web Client started successfully [17]
16:33:57.682-----------> AnnotationConfiguration.configure: ServletContainerInitializers: detected. Class hierarchy: empty [17]

*** 2016-10-31 16:33:58.387 idempiere Log (CLogFile) ***
16:33:59.730-----------> Node: [192.168.163.1]:5701 [adempiere.idempiere/localhost] [3.5.3] No join method is enabled! Starting standalone. [42]
16:33:58.699===========> NotificationValidator.initialize: NotificationValidator.initialize() [40]
org.postgresql.util.PSQLException: ERROR: no existe la relación «ni_notification_trigguer»
  Position: 81; State=42P01; ErrorCode=0
	at org.postgresql.core.v3.QueryExecutorImpl.receiveErrorResponse(QueryExecutorImpl.java:2182)
	at org.postgresql.core.v3.QueryExecutorImpl.processResults(QueryExecutorImpl.java:1911)
	at org.postgresql.core.v3.QueryExecutorImpl.execute(QueryExecutorImpl.java:173)
	at org.postgresql.jdbc2.AbstractJdbc2Statement.execute(AbstractJdbc2Statement.java:645)
	at org.postgresql.jdbc2.AbstractJdbc2Statement.executeWithFlags(AbstractJdbc2Statement.java:495)
	at org.postgresql.jdbc2.AbstractJdbc2Statement.executeQuery(AbstractJdbc2Statement.java:380)
	at com.mchange.v2.c3p0.impl.NewProxyPreparedStatement.executeQuery(NewProxyPreparedStatement.java:1418)
	at sun.reflect.GeneratedMethodAccessor21.invoke(Unknown Source)
	at sun.reflect.DelegatingMethodAccessorImpl.invoke(Unknown Source)
	at java.lang.reflect.Method.invoke(Unknown Source)
	at org.compiere.db.StatementProxy.invoke(StatementProxy.java:128)
	at com.sun.proxy.$Proxy3.executeQuery(Unknown Source)
	at ni.idempiere.model.NotificationValidator.initialize(NotificationValidator.java:45)
	at org.adempiere.base.event.AbstractEventHandler.bindEventManager(AbstractEventHandler.java:57)
	at sun.reflect.NativeMethodAccessorImpl.invoke0(Native Method)
	at sun.reflect.NativeMethodAccessorImpl.invoke(Unknown Source)
	at sun.reflect.DelegatingMethodAccessorImpl.invoke(Unknown Source)
	at java.lang.reflect.Method.invoke(Unknown Source)
	at org.eclipse.equinox.internal.ds.model.ComponentReference.bind(ComponentReference.java:376)
	at org.eclipse.equinox.internal.ds.model.ServiceComponentProp.bindReference(ServiceComponentProp.java:430)
	at org.eclipse.equinox.internal.ds.model.ServiceComponentProp.bind(ServiceComponentProp.java:218)

