*** 2017-06-19 00:01:52.978 idempiere Log (CLogFile) ***
00:01:33.486===========> PreparedStatementProxy.init: SELECT * FROM R_Request WHERE DueType='7' AND Processed='N' AND DateNextAction < statement_timestamp() AND AD_Client_ID=? [201]
java.lang.IllegalStateException: DB.getConnectionRO - @NoDBConnection@
	at org.compiere.util.DB.createConnection(DB.java:470)
	at org.idempiere.db.util.AutoCommitConnectionBroker.getConnection(AutoCommitConnectionBroker.java:48)
	at org.compiere.db.PreparedStatementProxy.init(PreparedStatementProxy.java:64)
	at org.compiere.db.PreparedStatementProxy.<init>(PreparedStatementProxy.java:45)
	at org.compiere.db.ProxyFactory.newCPreparedStatement(ProxyFactory.java:56)
	at org.compiere.util.DB.prepareStatement(DB.java:773)
	at org.compiere.util.DB.prepareStatement(DB.java:742)
	at org.compiere.server.RequestProcessor.processRequests(RequestProcessor.java:110)
	at org.compiere.server.RequestProcessor.doWork(RequestProcessor.java:76)
	at org.compiere.server.AdempiereServer.doRun(AdempiereServer.java:211)
	at org.compiere.server.AdempiereServer.run(AdempiereServer.java:190)
	at org.compiere.server.AdempiereServerMgr$ServerWrapper.run(AdempiereServerMgr.java:504)

00:01:52.980===========> RequestProcessor.processRequests: SELECT * FROM R_Request WHERE DueType='7' AND Processed='N' AND DateNextAction < SysDate AND AD_Client_ID=? [201]
org.adempiere.exceptions.DBException: java.lang.IllegalStateException: DB.getConnectionRO - No hay conexión con la base de datos
	at org.compiere.db.PreparedStatementProxy.init(PreparedStatementProxy.java:73)
	at org.compiere.db.PreparedStatementProxy.<init>(PreparedStatementProxy.java:45)
	at org.compiere.db.ProxyFactory.newCPreparedStatement(ProxyFactory.java:56)
	at org.compiere.util.DB.prepareStatement(DB.java:773)
	at org.compiere.util.DB.prepareStatement(DB.java:742)
	at org.compiere.server.RequestProcessor.processRequests(RequestProcessor.java:110)
	at org.compiere.server.RequestProcessor.doWork(RequestProcessor.java:76)
	at org.compiere.server.AdempiereServer.doRun(AdempiereServer.java:211)
	at org.compiere.server.AdempiereServer.run(AdempiereServer.java:190)
	at org.compiere.server.AdempiereServerMgr$ServerWrapper.run(AdempiereServerMgr.java:504)
	at java.util.concurrent.Executors$RunnableAdapter.call(Unknown Source)
caused by: java.lang.IllegalStateException: DB.getConnectionRO - @NoDBConnection@
	at org.compiere.util.DB.createConnection(DB.java:470)
	at org.idempiere.db.util.AutoCommitConnectionBroker.getConnection(AutoCommitConnectionBroker.java:48)
	at org.compiere.db.PreparedStatementProxy.init(PreparedStatementProxy.java:64)
	at org.compiere.db.PreparedStatementProxy.<init>(PreparedStatementProxy.java:45)
	at org.compiere.db.ProxyFactory.newCPreparedStatement(ProxyFactory.java:56)
	at org.compiere.util.DB.prepareStatement(DB.java:773)
	at org.compiere.util.DB.prepareStatement(DB.java:742)
	at org.compiere.server.RequestProcessor.processRequests(RequestProcessor.java:110)
	at org.compiere.server.RequestProcessor.doWork(RequestProcessor.java:76)
	at org.compiere.server.AdempiereServer.doRun(AdempiereServer.java:211)
	at org.compiere.server.AdempiereServer.run(AdempiereServer.java:190)
	at org.compiere.server.AdempiereServerMgr$ServerWrapper.run(AdempiereServerMgr.java:504)

00:15:18.458-----------> ThreadPoolAsynchronousRunner.log: com.mchange.v2.async.ThreadPoolAsynchronousRunner$DeadlockDetector@38ce3b00 -- APPARENT DEADLOCK!!! Creating emergency threads for unassigned pending tasks! [43]
00:15:18.463-----------> ThreadPoolAsynchronousRunner.log: com.mchange.v2.async.ThreadPoolAsynchronousRunner$DeadlockDetector@38ce3b00 -- APPARENT DEADLOCK!!! Complete Status: 
	Managed Threads: 3
	Active Threads: 3
	Active Tasks: 
		com.mchange.v2.resourcepool.BasicResourcePool$AsyncTestIdleResourceTask@55e8ff72
			on thread: C3P0PooledConnectionPoolManager[identityToken->1b608d59o1gslsi31pk4gv9|149717ec, dataSourceName->iDempiereDS]-HelperThread-#2
		com.mchange.v2.resourcepool.BasicResourcePool$AsyncTestIdleResourceTask@5ed1375a
			on thread: C3P0PooledConnectionPoolManager[identityToken->1b608d59o1gslsi31pk4gv9|149717ec, dataSourceName->iDempiereDS]-HelperThread-#0
		com.mchange.v2.resourcepool.BasicResourcePool$AsyncTestIdleResourceTask@33dac16e
			on thread: C3P0PooledConnectionPoolManager[identityToken->1b608d59o1gslsi31pk4gv9|149717ec, dataSourceName->iDempiereDS]-HelperThread-#1
	Pending Tasks: 
		com.mchange.v2.resourcepool.BasicResourcePool$AsyncTestIdleResourceTask@79892657
		com.mchange.v2.resourcepool.BasicResourcePool$AsyncTestIdleResourceTask@1b345817
Pool thread stack traces:
	Thread[C3P0PooledConnectionPoolManager[identityToken->1b608d59o1gslsi31pk4gv9|149717ec, dataSourceName->iDempiereDS]-HelperThread-#2,5,main]
		java.net.SocketInputStream.socketRead0(Native Method)
		java.net.SocketInputStream.read(Unknown Source)
		java.net.SocketInputStream.read(Unknown Source)
		org.postgresql.core.VisibleBufferedInputStream.readMore(VisibleBufferedInputStream.java:143)
		org.postgresql.core.VisibleBufferedInputStream.ensureBytes(VisibleBufferedInputStream.java:112)
		org.postgresql.core.VisibleBufferedInputStream.read(VisibleBufferedInputStream.java:71)
		org.postgresql.core.PGStream.ReceiveChar(PGStream.java:282)
		org.postgresql.core.v3.QueryExecutorImpl.processResults(QueryExecutorImpl.java:1718)
		org.postgresql.core.v3.QueryExecutorImpl.execute(QueryExecutorImpl.java:173)
		org.postgresql.jdbc2.AbstractJdbc2Statement.execute(AbstractJdbc2Statement.java:645)
		org.postgresql.jdbc2.AbstractJdbc2Statement.executeWithFlags(AbstractJdbc2Statement.java:481)
		org.postgresql.jdbc2.AbstractJdbc2Statement.executeQuery(AbstractJdbc2Statement.java:361)
		com.mchange.v2.c3p0.impl.NewProxyStatement.executeQuery(NewProxyStatement.java:327)
		com.mchange.v2.c3p0.impl.DefaultConnectionTester.activeCheckConnection(DefaultConnectionTester.java:262)
		com.mchange.v2.c3p0.impl.C3P0PooledConnectionPool$1PooledConnectionResourcePoolManager.testPooledConnection(C3P0PooledConnectionPool.java:509)
		com.mchange.v2.c3p0.impl.C3P0PooledConnectionPool$1PooledConnectionResourcePoolManager.finerLoggingTestPooledConnection(C3P0PooledConnectionPool.java:451)
		com.mchange.v2.c3p0.impl.C3P0PooledConnectionPool$1PooledConnectionResourcePoolManager.finerLoggingTestPooledConnection(C3P0PooledConnectionPool.java:443)
		com.mchange.v2.c3p0.impl.C3P0PooledConnectionPool$1PooledConnectionResourcePoolManager.refurbishIdleResource(C3P0PooledConnectionPool.java:433)
		com.mchange.v2.resourcepool.BasicResourcePool$AsyncTestIdleResourceTask.run(BasicResourcePool.java:2196)
		com.mchange.v2.async.ThreadPoolAsynchronousRunner$PoolThread.run(ThreadPoolAsynchronousRunner.java:696)
	Thread[C3P0PooledConnectionPoolManager[identityToken->1b608d59o1gslsi31pk4gv9|149717ec, dataSourceName->iDempiereDS]-HelperThread-#1,5,main]
		java.net.SocketInputStream.socketRead0(Native Method)
		java.net.SocketInputStream.read(Unknown Source)
		java.net.SocketInputStream.read(Unknown Source)
		org.postgresql.core.VisibleBufferedInputStream.readMore(VisibleBufferedInputStream.java:143)
		org.postgresql.core.VisibleBufferedInputStream.ensureBytes(VisibleBufferedInputStream.java:112)
		org.postgresql.core.VisibleBufferedInputStream.read(VisibleBufferedInputStream.java:71)
		org.postgresql.core.PGStream.ReceiveChar(PGStream.java:282)
		org.postgresql.core.v3.QueryExecutorImpl.processResults(QueryExecutorImpl.java:1718)
		org.postgresql.core.v3.QueryExecutorImpl.execute(QueryExecutorImpl.java:173)
		org.postgresql.jdbc2.AbstractJdbc2Statement.execute(AbstractJdbc2Statement.java:645)
		org.postgresql.jdbc2.AbstractJdbc2Statement.executeWithFlags(AbstractJdbc2Statement.java:481)
		org.postgresql.jdbc2.AbstractJdbc2Statement.executeQuery(AbstractJdbc2Statement.java:361)
		com.mchange.v2.c3p0.impl.NewProxyStatement.executeQuery(NewProxyStatement.java:327)
		com.mchange.v2.c3p0.impl.DefaultConnectionTester.activeCheckConnection(DefaultConnectionTester.java:262)
		com.mchange.v2.c3p0.impl.C3P0PooledConnectionPool$1PooledConnectionResourcePoolManager.testPooledConnection(C3P0PooledConnectionPool.java:509)
		com.mchange.v2.c3p0.impl.C3P0PooledConnectionPool$1PooledConnectionResourcePoolManager.finerLoggingTestPooledConnection(C3P0PooledConnectionPool.java:451)
		com.mchange.v2.c3p0.impl.C3P0PooledConnectionPool$1PooledConnectionResourcePoolManager.finerLoggingTestPooledConnection(C3P0PooledConnectionPool.java:443)
		com.mchange.v2.c3p0.impl.C3P0PooledConnectionPool$1PooledConnectionResourcePoolManager.refurbishIdleResource(C3P0PooledConnectionPool.java:433)
		com.mchange.v2.resourcepool.BasicResourcePool$AsyncTestIdleResourceTask.run(BasicResourcePool.java:2196)
		com.mchange.v2.async.ThreadPoolAsynchronousRunner$PoolThread.run(ThreadPoolAsynchronousRunner.java:696)
	Thread[C3P0PooledConnectionPoolManager[identityToken->1b608d59o1gslsi31pk4gv9|149717ec, dataSourceName->iDempiereDS]-HelperThread-#0,5,main]
		java.net.SocketInputStream.socketRead0(Native Method)
		java.net.SocketInputStream.read(Unknown Source)
		java.net.SocketInputStream.read(Unknown Source)
		org.postgresql.core.VisibleBufferedInputStream.readMore(VisibleBufferedInputStream.java:143)
		org.postgresql.core.VisibleBufferedInputStream.ensureBytes(VisibleBufferedInputStream.java:112)
		org.postgresql.core.VisibleBufferedInputStream.read(VisibleBufferedInputStream.java:71)
		org.postgresql.core.PGStream.ReceiveChar(PGStream.java:282)
		org.postgresql.core.v3.QueryExecutorImpl.processResults(QueryExecutorImpl.java:1718)
		org.postgresql.core.v3.QueryExecutorImpl.execute(QueryExecutorImpl.java:173)
		org.postgresql.jdbc2.AbstractJdbc2Statement.execute(AbstractJdbc2Statement.java:645)
		org.postgresql.jdbc2.AbstractJdbc2Statement.executeWithFlags(AbstractJdbc2Statement.java:481)
		org.postgresql.jdbc2.AbstractJdbc2Statement.executeQuery(AbstractJdbc2Statement.java:361)
		com.mchange.v2.c3p0.impl.NewProxyStatement.executeQuery(NewProxyStatement.java:327)
		com.mchange.v2.c3p0.impl.DefaultConnectionTester.activeCheckConnection(DefaultConnectionTester.java:262)
		com.mchange.v2.c3p0.impl.C3P0PooledConnectionPool$1PooledConnectionResourcePoolManager.testPooledConnection(C3P0PooledConnectionPool.java:509)
		com.mchange.v2.c3p0.impl.C3P0PooledConnectionPool$1PooledConnectionResourcePoolManager.finerLoggingTestPooledConnection(C3P0PooledConnectionPool.java:451)
		com.mchange.v2.c3p0.impl.C3P0PooledConnectionPool$1PooledConnectionResourcePoolManager.finerLoggingTestPooledConnection(C3P0PooledConnectionPool.java:443)
		com.mchange.v2.c3p0.impl.C3P0PooledConnectionPool$1PooledConnectionResourcePoolManager.refurbishIdleResource(C3P0PooledConnectionPool.java:433)
		com.mchange.v2.resourcepool.BasicResourcePool$AsyncTestIdleResourceTask.run(BasicResourcePool.java:2196)
		com.mchange.v2.async.ThreadPoolAsynchronousRunner$PoolThread.run(ThreadPoolAsynchronousRunner.java:696)
 [43]
00:32:23.187===========> PreparedStatementProxy.init: SELECT * FROM R_Request WHERE AD_Client_ID=? AND SalesRep_ID=0 AND Processed='N' [167]
java.lang.IllegalStateException: DB.getConnectionRO - @NoDBConnection@
	at org.compiere.util.DB.createConnection(DB.java:470)
	at org.idempiere.db.util.AutoCommitConnectionBroker.getConnection(AutoCommitConnectionBroker.java:48)
	at org.compiere.db.PreparedStatementProxy.init(PreparedStatementProxy.java:64)
	at org.compiere.db.PreparedStatementProxy.<init>(PreparedStatementProxy.java:45)
	at org.compiere.db.ProxyFactory.newCPreparedStatement(ProxyFactory.java:56)
	at org.compiere.util.DB.prepareStatement(DB.java:773)
	at org.compiere.util.DB.prepareStatement(DB.java:742)
	at org.compiere.server.RequestProcessor.findSalesRep(RequestProcessor.java:571)
	at org.compiere.server.RequestProcessor.doWork(RequestProcessor.java:74)
	at org.compiere.server.AdempiereServer.doRun(AdempiereServer.java:211)
	at org.compiere.server.AdempiereServer.run(AdempiereServer.java:190)
	at org.compiere.server.AdempiereServerMgr$ServerWrapper.run(AdempiereServerMgr.java:504)

