*** 2016-05-23 13:28:49.214 idempiere Log (CLogFile) ***
13:28:49.214 Adempiere.startup: iDempiere(r) Release 3.1_2015-10-31 -Smart Suite ERP, CRM and SCM- (c) 1999-2013 iDempiere(r); Implementation: iDempiere - Supported by iDempiere community [17]
13:28:49.258 Ini.loadProperties: E:\mercurialidempiere/idempiere-test.properties #32 [17]
13:28:50.202 DB.isBuildOK: Build DB=${env.ADEMPIERE_VERSION} 20080428-1232 [17]
13:28:50.202 DB.isBuildOK: Build Cl=3.1.0.qualifier [17]
13:28:50.223-----------> DB.isBuildOK: Build Version Error 

The program assumes build version 3.1.0.qualifier, but database has build version ${env.ADEMPIERE_VERSION} 20080428-1232. 
This is likely to cause hard to fix errors. 
Please contact administrator. [17]
13:28:50.347 Language.getLanguage: Adding Language=en, Country=US, Locale=en_US [17]
13:28:50.350 Language.getLanguage: Adding Language=en, Country=US, Locale=en_US [17]
13:28:50.496 WebEnv.initWeb: Servlet Context Init Parameters: iDempiere Root
ServerRoot=1 [17]
13:28:50.535-----------> EMail.setFrom: you @ company.org: javax.mail.internet.AddressException: Local address contains control or whitespace in string ``you @ company.org'' [17]
13:28:50.539-----------> EMail.addTo: you @ company.org: javax.mail.internet.AddressException: Local address contains control or whitespace in string ``you @ company.org'' [17]
13:28:50.539-----------> EMail.isValid: From is invalid=null [17]
13:28:50.539-----------> EMail.isValid: From is invalid=null [17]
13:28:50.540-----------> MClient.sendEMail: Could NOT Send Email: Server started: iDempiere (odbz:10.0.5.43) to you @ company.org: Invalid Data (System) [17]
13:28:50.540 WebEnv.initWeb: Servlet Init Parameter: idempiereMonitor [17]
13:28:50.540 AdempiereMonitor.init:  [17]
13:28:57.305-----------> AnnotationConfiguration.configure: ServletContainerInitializers: detected. Class hierarchy: empty [17]
13:28:57.663-----------> ClassLocator.getDependentXMLResources: Replicate resource: ckez
Overwrite bundleresource://178.fwk1399961333:2/metainfo/zk/config.xml
with bundleresource://178.fwk1399961333:19/metainfo/zk/config.xml [17]
13:28:57.667-----------> ClassLocator.getDependentXMLResources: Replicate resource: zk
Overwrite bundleresource://178.fwk1399961333:11/metainfo/zk/config.xml
with bundleresource://178.fwk1399961333:28/metainfo/zk/config.xml [17]
13:28:57.671-----------> ClassLocator.getDependentXMLResources: Replicate resource: zkbind
Overwrite bundleresource://178.fwk1399961333:12/metainfo/zk/config.xml
with bundleresource://178.fwk1399961333:29/metainfo/zk/config.xml [17]
13:28:57.689-----------> ClassLocator.getDependentXMLResources: Replicate resource: zul
Overwrite bundleresource://178.fwk1399961333:14/metainfo/zk/zk.xml
with bundleresource://178.fwk1399961333:31/metainfo/zk/zk.xml [17]
13:28:58.155-----------> LanguageDefinition.<init>: Replicated language: xhtml, overriden by [LanguageDefinition: xhtml] [17]
13:28:58.186-----------> LanguageDefinition.<init>: Replicated language: xul/html, overriden by [LanguageDefinition: xul/html] [17]
13:28:58.248-----------> ClassLocator.getDependentXMLResources: Replicate resource: calendar
Overwrite bundleresource://178.fwk1399961333:1/metainfo/zk/lang-addon.xml
with bundleresource://178.fwk1399961333:18/metainfo/zk/lang-addon.xml [17]
13:28:58.248-----------> ClassLocator.getDependentXMLResources: Replicate resource: ckez
Overwrite bundleresource://178.fwk1399961333:2/metainfo/zk/lang-addon.xml
with bundleresource://178.fwk1399961333:19/metainfo/zk/lang-addon.xml [17]
13:28:58.248-----------> ClassLocator.getDependentXMLResources: Replicate resource: gmapsz
Overwrite bundleresource://178.fwk1399961333:5/metainfo/zk/lang-addon.xml
with bundleresource://178.fwk1399961333:22/metainfo/zk/lang-addon.xml [17]
13:28:58.248-----------> ClassLocator.getDependentXMLResources: Replicate resource: timeline
Overwrite bundleresource://178.fwk1399961333:6/metainfo/zk/lang-addon.xml
with bundleresource://178.fwk1399961333:23/metainfo/zk/lang-addon.xml [17]
13:28:58.264-----------> ClassLocator.getDependentXMLResources: Replicate resource: timeplot
Overwrite bundleresource://178.fwk1399961333:7/metainfo/zk/lang-addon.xml
with bundleresource://178.fwk1399961333:24/metainfo/zk/lang-addon.xml [17]
13:28:58.264-----------> ClassLocator.getDependentXMLResources: Replicate resource: zkbind
Overwrite bundleresource://178.fwk1399961333:12/metainfo/zk/lang-addon.xml
with bundleresource://178.fwk1399961333:29/metainfo/zk/lang-addon.xml [17]
13:28:58.285-----------> ClassLocator.getDependentXMLResources: Replicate resource: zkplus
Overwrite bundleresource://178.fwk1399961333:13/metainfo/zk/lang-addon.xml
with bundleresource://178.fwk1399961333:30/metainfo/zk/lang-addon.xml [17]
13:28:58.426           WebUIServlet.init: iDempiere Web Client started successfully [17]
13:28:59.448-----------> AnnotationConfiguration.configure: ServletContainerInitializers: detected. Class hierarchy: empty [17]

*** 2016-05-23 13:29:00.172 idempiere Log (CLogFile) ***
13:29:03.269-----------> Node: [10.0.5.43]:5701 [adempiere.idempiere/localhost] [3.5.3] No join method is enabled! Starting standalone. [40]
13:33:04.872-----------> Prop.loadProperties: E:\mercurialidempiere\home.properties not found [32]
13:33:04.872-----------> Prop.loadProperties: E:\mercurialidempiere\home.properties not found [33]
13:33:04.873-----------> Prop.loadProperties: !!WARNING:Please locate yout custom home.properties on iDEMPIERE_HOME. [32]
13:33:04.873-----------> Prop.loadProperties: !!WARNING:Please locate yout custom home.properties on iDEMPIERE_HOME. [33]
13:33:14.659===========> MRole.addAccessSQL: TableName not correctly parsed - TableNameIn=C_Invoice - AccessSqlParser[C_Invoice=WHERE|0] - #1 C_Invoice=WHERE
 = SELECT C_Invoice_ID, DocumentNo, DateInvoiced, GrandTotal, Balance FROM C_Invoice WHERE  [35]
