*** 2017-04-29 10:51:03.995 idempiere Log (CLogFile) ***
10:51:03.995 Adempiere.startup: iDempiere(r) Release 3.1_2015-10-31 -Smart Suite ERP, CRM and SCM- (c) 1999-2013 iDempiere(r); Implementation: iDempiere - Supported by iDempiere community [17]
10:51:03.998 Ini.loadProperties: E:\mercurialidempiere/idempiere.properties #33 [17]
10:51:04.741 AdempiereActivator.installPackage: ni.idempiere.wts 1.0.0 was installed: 2017-04-28 15:20:46.241 [17]
10:51:04.759 DB.isBuildOK: Build DB=${env.ADEMPIERE_VERSION} 20080428-1232 [17]
10:51:04.759 DB.isBuildOK: Build Cl=3.1.0.qualifier [17]
10:51:04.783-----------> DB.isBuildOK: Build Version Error 

The program assumes build version 3.1.0.qualifier, but database has build version ${env.ADEMPIERE_VERSION} 20080428-1232. 
This is likely to cause hard to fix errors. 
Please contact administrator. [17]
10:51:04.889 WebEnv.initWeb: Servlet Context Init Parameters: iDempiere Root
ServerRoot=1 [17]
10:51:05.123-----------> EMail.setFrom: you @ company.org: javax.mail.internet.AddressException: Local address contains control or whitespace in string ``you @ company.org'' [17]
10:51:05.125-----------> EMail.addTo: you @ company.org: javax.mail.internet.AddressException: Local address contains control or whitespace in string ``you @ company.org'' [17]
10:51:05.125-----------> EMail.isValid: From is invalid=null [17]
10:51:05.125-----------> EMail.isValid: From is invalid=null [17]
10:51:05.125-----------> MClient.sendEMail: Could NOT Send Email: Server started: iDempiere (odbz:192.168.47.1) to you @ company.org: Invalid Data (System) [17]
10:51:05.125 WebEnv.initWeb: Servlet Init Parameter: idempiereMonitor [17]
10:51:05.125 AdempiereMonitor.init:  [17]
10:51:07.008-----------> AnnotationConfiguration.configure: ServletContainerInitializers: detected. Class hierarchy: empty [17]
10:51:07.295-----------> ClassLocator.getDependentXMLResources: Replicate resource: ckez
Overwrite bundleresource://182.fwk1319287199:2/metainfo/zk/config.xml
with bundleresource://182.fwk1319287199:19/metainfo/zk/config.xml [17]
10:51:07.302-----------> ClassLocator.getDependentXMLResources: Replicate resource: zk
Overwrite bundleresource://182.fwk1319287199:11/metainfo/zk/config.xml
with bundleresource://182.fwk1319287199:28/metainfo/zk/config.xml [17]
10:51:07.307-----------> ClassLocator.getDependentXMLResources: Replicate resource: zkbind
Overwrite bundleresource://182.fwk1319287199:12/metainfo/zk/config.xml
with bundleresource://182.fwk1319287199:29/metainfo/zk/config.xml [17]
10:51:07.341-----------> ClassLocator.getDependentXMLResources: Replicate resource: zul
Overwrite bundleresource://182.fwk1319287199:14/metainfo/zk/zk.xml
with bundleresource://182.fwk1319287199:31/metainfo/zk/zk.xml [17]
10:51:07.738-----------> LanguageDefinition.<init>: Replicated language: xhtml, overriden by [LanguageDefinition: xhtml] [17]
10:51:07.771-----------> LanguageDefinition.<init>: Replicated language: xul/html, overriden by [LanguageDefinition: xul/html] [17]
10:51:07.842-----------> ClassLocator.getDependentXMLResources: Replicate resource: calendar
Overwrite bundleresource://182.fwk1319287199:1/metainfo/zk/lang-addon.xml
with bundleresource://182.fwk1319287199:18/metainfo/zk/lang-addon.xml [17]
10:51:07.848-----------> ClassLocator.getDependentXMLResources: Replicate resource: ckez
Overwrite bundleresource://182.fwk1319287199:2/metainfo/zk/lang-addon.xml
with bundleresource://182.fwk1319287199:19/metainfo/zk/lang-addon.xml [17]
10:51:07.855-----------> ClassLocator.getDependentXMLResources: Replicate resource: gmapsz
Overwrite bundleresource://182.fwk1319287199:5/metainfo/zk/lang-addon.xml
with bundleresource://182.fwk1319287199:22/metainfo/zk/lang-addon.xml [17]
10:51:07.860-----------> ClassLocator.getDependentXMLResources: Replicate resource: timeline
Overwrite bundleresource://182.fwk1319287199:6/metainfo/zk/lang-addon.xml
with bundleresource://182.fwk1319287199:23/metainfo/zk/lang-addon.xml [17]
10:51:07.870-----------> ClassLocator.getDependentXMLResources: Replicate resource: timeplot
Overwrite bundleresource://182.fwk1319287199:7/metainfo/zk/lang-addon.xml
with bundleresource://182.fwk1319287199:24/metainfo/zk/lang-addon.xml [17]
10:51:07.888-----------> ClassLocator.getDependentXMLResources: Replicate resource: zkbind
Overwrite bundleresource://182.fwk1319287199:12/metainfo/zk/lang-addon.xml
with bundleresource://182.fwk1319287199:29/metainfo/zk/lang-addon.xml [17]
10:51:07.902-----------> ClassLocator.getDependentXMLResources: Replicate resource: zkplus
Overwrite bundleresource://182.fwk1319287199:13/metainfo/zk/lang-addon.xml
with bundleresource://182.fwk1319287199:30/metainfo/zk/lang-addon.xml [17]
10:51:08.256           WebUIServlet.init: iDempiere Web Client started successfully [17]
10:51:09.457-----------> AnnotationConfiguration.configure: ServletContainerInitializers: detected. Class hierarchy: empty [17]
10:51:09.632-----------> LCO_ValidatorWH.initialize:  [70]

*** 2017-04-29 10:51:09.789 idempiere Log (CLogFile) ***
10:51:12.535-----------> Node: [192.168.163.1]:5701 [adempiere.idempiere/localhost] [3.5.3] No join method is enabled! Starting standalone. [51]
10:52:00.303===========> MRole.addAccessSQL: TableName not correctly parsed - TableNameIn=C_Project - AccessSqlParser[C_Project=WHERE|0] - #1 C_Project=WHERE
 = SELECT C_Project_ID, Value, DateContract, C_BPartner_ID, Name FROM C_Project WHERE  [39]
10:52:27.871===========> MRole.addAccessSQL: TableName not correctly parsed - TableNameIn=C_Project - AccessSqlParser[C_Project=WHERE|0] - #1 C_Project=WHERE
 = SELECT C_Project_ID, Value, DateContract, C_BPartner_ID, Name FROM C_Project WHERE  [39]
