*** 2016-07-13 15:17:57.368 idempiere Log (CLogFile) ***
15:17:57.368 Adempiere.startup: iDempiere(r) Release 3.1_2015-10-31 -Smart Suite ERP, CRM and SCM- (c) 1999-2013 iDempiere(r); Implementation: iDempiere - Supported by iDempiere community [17]
15:17:57.383 Ini.loadProperties: E:\mercurialidempiere/idempiere-test.properties #33 [17]
15:17:58.191 DB.isBuildOK: Build DB=${env.ADEMPIERE_VERSION} 20080428-1232 [17]
15:17:58.191 DB.isBuildOK: Build Cl=3.1.0.qualifier [17]
15:17:58.285-----------> DB.isBuildOK: Build Version Error 

The program assumes build version 3.1.0.qualifier, but database has build version ${env.ADEMPIERE_VERSION} 20080428-1232. 
This is likely to cause hard to fix errors. 
Please contact administrator. [17]
15:17:58.441 WebEnv.initWeb: Servlet Context Init Parameters: iDempiere Root
ServerRoot=1 [17]
15:17:58.457-----------> EMail.setFrom: you @ company.org: javax.mail.internet.AddressException: Local address contains control or whitespace in string ``you @ company.org'' [17]
15:17:58.457-----------> EMail.addTo: you @ company.org: javax.mail.internet.AddressException: Local address contains control or whitespace in string ``you @ company.org'' [17]
15:17:58.457-----------> EMail.isValid: From is invalid=null [17]
15:17:58.457-----------> EMail.isValid: From is invalid=null [17]
15:17:58.457-----------> MClient.sendEMail: Could NOT Send Email: Server started: iDempiere (odbz:10.0.5.58) to you @ company.org: Invalid Data (System) [17]
15:17:58.472 WebEnv.initWeb: Servlet Init Parameter: idempiereMonitor [17]
15:17:58.472 AdempiereMonitor.init:  [17]
15:18:01.707-----------> AnnotationConfiguration.configure: ServletContainerInitializers: detected. Class hierarchy: empty [17]
15:18:01.988-----------> ClassLocator.getDependentXMLResources: Replicate resource: ckez
Overwrite bundleresource://182.fwk176207911:2/metainfo/zk/config.xml
with bundleresource://182.fwk176207911:19/metainfo/zk/config.xml [17]
15:18:02.003-----------> ClassLocator.getDependentXMLResources: Replicate resource: zk
Overwrite bundleresource://182.fwk176207911:11/metainfo/zk/config.xml
with bundleresource://182.fwk176207911:28/metainfo/zk/config.xml [17]
15:18:02.003-----------> ClassLocator.getDependentXMLResources: Replicate resource: zkbind
Overwrite bundleresource://182.fwk176207911:12/metainfo/zk/config.xml
with bundleresource://182.fwk176207911:29/metainfo/zk/config.xml [17]
15:18:02.034-----------> ClassLocator.getDependentXMLResources: Replicate resource: zul
Overwrite bundleresource://182.fwk176207911:14/metainfo/zk/zk.xml
with bundleresource://182.fwk176207911:31/metainfo/zk/zk.xml [17]
15:18:02.441-----------> LanguageDefinition.<init>: Replicated language: xhtml, overriden by [LanguageDefinition: xhtml] [17]
15:18:02.456-----------> LanguageDefinition.<init>: Replicated language: xul/html, overriden by [LanguageDefinition: xul/html] [17]
15:18:02.534-----------> ClassLocator.getDependentXMLResources: Replicate resource: calendar
Overwrite bundleresource://182.fwk176207911:1/metainfo/zk/lang-addon.xml
with bundleresource://182.fwk176207911:18/metainfo/zk/lang-addon.xml [17]
15:18:02.534-----------> ClassLocator.getDependentXMLResources: Replicate resource: ckez
Overwrite bundleresource://182.fwk176207911:2/metainfo/zk/lang-addon.xml
with bundleresource://182.fwk176207911:19/metainfo/zk/lang-addon.xml [17]
15:18:02.534-----------> ClassLocator.getDependentXMLResources: Replicate resource: gmapsz
Overwrite bundleresource://182.fwk176207911:5/metainfo/zk/lang-addon.xml
with bundleresource://182.fwk176207911:22/metainfo/zk/lang-addon.xml [17]
15:18:02.534-----------> ClassLocator.getDependentXMLResources: Replicate resource: timeline
Overwrite bundleresource://182.fwk176207911:6/metainfo/zk/lang-addon.xml
with bundleresource://182.fwk176207911:23/metainfo/zk/lang-addon.xml [17]
15:18:02.550-----------> ClassLocator.getDependentXMLResources: Replicate resource: timeplot
Overwrite bundleresource://182.fwk176207911:7/metainfo/zk/lang-addon.xml
with bundleresource://182.fwk176207911:24/metainfo/zk/lang-addon.xml [17]
15:18:02.550-----------> ClassLocator.getDependentXMLResources: Replicate resource: zkbind
Overwrite bundleresource://182.fwk176207911:12/metainfo/zk/lang-addon.xml
with bundleresource://182.fwk176207911:29/metainfo/zk/lang-addon.xml [17]
15:18:02.566-----------> ClassLocator.getDependentXMLResources: Replicate resource: zkplus
Overwrite bundleresource://182.fwk176207911:13/metainfo/zk/lang-addon.xml
with bundleresource://182.fwk176207911:30/metainfo/zk/lang-addon.xml [17]
15:18:02.738           WebUIServlet.init: iDempiere Web Client started successfully [17]
15:18:03.889-----------> AnnotationConfiguration.configure: ServletContainerInitializers: detected. Class hierarchy: empty [17]

*** 2016-07-13 15:18:04.147 idempiere Log (CLogFile) ***
15:18:06.602-----------> Node: [10.0.5.58]:5701 [adempiere.idempiere/localhost] [3.5.3] No join method is enabled! Starting standalone. [48]
