*** 2016-06-27 10:44:01.952 idempiere Log (CLogFile) ***
10:44:01.951 Adempiere.startup: iDempiere(r) Release 3.1_2015-10-31 -Smart Suite ERP, CRM and SCM- (c) 1999-2013 iDempiere(r); Implementation: iDempiere - Supported by iDempiere community [17]
10:44:01.955 Ini.loadProperties: E:\mercurialidempiere/idempiere-dev.properties #33 [17]
10:44:02.455 DB.isBuildOK: Build DB=${env.ADEMPIERE_VERSION} 20080428-1232 [17]
10:44:02.455 DB.isBuildOK: Build Cl=3.1.0.qualifier [17]
10:44:02.474-----------> DB.isBuildOK: Build Version Error 

The program assumes build version 3.1.0.qualifier, but database has build version ${env.ADEMPIERE_VERSION} 20080428-1232. 
This is likely to cause hard to fix errors. 
Please contact administrator. [17]
10:44:02.570 WebEnv.initWeb: Servlet Context Init Parameters: iDempiere Root
ServerRoot=1 [17]
10:44:02.580-----------> EMail.setFrom: you @ company.org: javax.mail.internet.AddressException: Local address contains control or whitespace in string ``you @ company.org'' [17]
10:44:02.583-----------> EMail.addTo: you @ company.org: javax.mail.internet.AddressException: Local address contains control or whitespace in string ``you @ company.org'' [17]
10:44:02.583-----------> EMail.isValid: From is invalid=null [17]
10:44:02.583-----------> EMail.isValid: From is invalid=null [17]
10:44:02.583-----------> MClient.sendEMail: Could NOT Send Email: Server started: iDempiere (odbz:10.0.5.34) to you @ company.org: Invalid Data (System) [17]
10:44:02.583 WebEnv.initWeb: Servlet Init Parameter: idempiereMonitor [17]
10:44:02.584 AdempiereMonitor.init:  [17]
10:44:04.166-----------> AnnotationConfiguration.configure: ServletContainerInitializers: detected. Class hierarchy: empty [17]
10:44:04.391-----------> ClassLocator.getDependentXMLResources: Replicate resource: ckez
Overwrite bundleresource://179.fwk1399961333:2/metainfo/zk/config.xml
with bundleresource://179.fwk1399961333:19/metainfo/zk/config.xml [17]
10:44:04.398-----------> ClassLocator.getDependentXMLResources: Replicate resource: zk
Overwrite bundleresource://179.fwk1399961333:11/metainfo/zk/config.xml
with bundleresource://179.fwk1399961333:28/metainfo/zk/config.xml [17]
10:44:04.402-----------> ClassLocator.getDependentXMLResources: Replicate resource: zkbind
Overwrite bundleresource://179.fwk1399961333:12/metainfo/zk/config.xml
with bundleresource://179.fwk1399961333:29/metainfo/zk/config.xml [17]
10:44:04.432-----------> ClassLocator.getDependentXMLResources: Replicate resource: zul
Overwrite bundleresource://179.fwk1399961333:14/metainfo/zk/zk.xml
with bundleresource://179.fwk1399961333:31/metainfo/zk/zk.xml [17]
10:44:04.800-----------> LanguageDefinition.<init>: Replicated language: xhtml, overriden by [LanguageDefinition: xhtml] [17]
10:44:04.828-----------> LanguageDefinition.<init>: Replicated language: xul/html, overriden by [LanguageDefinition: xul/html] [17]
10:44:04.894-----------> ClassLocator.getDependentXMLResources: Replicate resource: calendar
Overwrite bundleresource://179.fwk1399961333:1/metainfo/zk/lang-addon.xml
with bundleresource://179.fwk1399961333:18/metainfo/zk/lang-addon.xml [17]
10:44:04.898-----------> ClassLocator.getDependentXMLResources: Replicate resource: ckez
Overwrite bundleresource://179.fwk1399961333:2/metainfo/zk/lang-addon.xml
with bundleresource://179.fwk1399961333:19/metainfo/zk/lang-addon.xml [17]
10:44:04.905-----------> ClassLocator.getDependentXMLResources: Replicate resource: gmapsz
Overwrite bundleresource://179.fwk1399961333:5/metainfo/zk/lang-addon.xml
with bundleresource://179.fwk1399961333:22/metainfo/zk/lang-addon.xml [17]
10:44:04.914-----------> ClassLocator.getDependentXMLResources: Replicate resource: timeline
Overwrite bundleresource://179.fwk1399961333:6/metainfo/zk/lang-addon.xml
with bundleresource://179.fwk1399961333:23/metainfo/zk/lang-addon.xml [17]
10:44:04.917-----------> ClassLocator.getDependentXMLResources: Replicate resource: timeplot
Overwrite bundleresource://179.fwk1399961333:7/metainfo/zk/lang-addon.xml
with bundleresource://179.fwk1399961333:24/metainfo/zk/lang-addon.xml [17]
10:44:04.931-----------> ClassLocator.getDependentXMLResources: Replicate resource: zkbind
Overwrite bundleresource://179.fwk1399961333:12/metainfo/zk/lang-addon.xml
with bundleresource://179.fwk1399961333:29/metainfo/zk/lang-addon.xml [17]
10:44:04.938-----------> ClassLocator.getDependentXMLResources: Replicate resource: zkplus
Overwrite bundleresource://179.fwk1399961333:13/metainfo/zk/lang-addon.xml
with bundleresource://179.fwk1399961333:30/metainfo/zk/lang-addon.xml [17]
10:44:05.049           WebUIServlet.init: iDempiere Web Client started successfully [17]
10:44:06.072-----------> AnnotationConfiguration.configure: ServletContainerInitializers: detected. Class hierarchy: empty [17]

*** 2016-06-27 10:44:06.286 idempiere Log (CLogFile) ***
10:44:08.013-----------> Node: [10.0.5.34]:5701 [adempiere.idempiere/localhost] [3.5.3] No join method is enabled! Starting standalone. [41]
10:47:24.206-----------> FactLine.setAmtSource: Source DR Precision 36419.865000 -> 36419.87 [122]
10:47:24.209-----------> FactLine.setAmtSource: Source DR Precision 36419.865000 -> 36419.87 [122]
10:47:24.215-----------> FactLine.setAmtSource: Source CR Precision 728.397300 -> 728.40 [122]
10:47:24.223-----------> FactLine.setAmtSource: Source CR Precision 35691.467700 -> 35691.47 [122]
10:49:35.057-----------> FactLine.setAmtSource: Source DR Precision 39925.097700 -> 39925.10 [122]
10:49:35.059-----------> FactLine.setAmtSource: Source CR Precision 39925.097700 -> 39925.10 [122]
10:59:50.614===========> MPaymentAllocate.saveError: FillMandatory - Organización [63]
10:59:50.616-----------> GridTable.saveWarning: FillMandatory - Organización [63]
11:00:06.155-----------> Fact.isAcctBalanced: NO - Diff=-0.01 - Fact[MAllocationHdr[1000318-490310: Importe Aprobado=7733.830000 (#1) - Pago: R-12919],AcctSchema[1000000-PAME S.A. UN/35 Cordoba],PostType=A] [184]
11:00:06.166===========> Doc_AllocationHdr.post:  [184]
java.lang.NullPointerException
	at org.compiere.acct.FactLine.convert(FactLine.java:713)
	at org.compiere.acct.Fact.balanceAccounting(Fact.java:579)
	at org.compiere.acct.Doc.postLogic(Doc.java:690)
	at org.compiere.acct.Doc.post(Doc.java:529)
	at org.compiere.acct.DocManager.postDocument(DocManager.java:299)
	at org.compiere.acct.DocManager.postDocument(DocManager.java:246)
	at org.compiere.acct.Doc.postImmediate(Doc.java:238)
	at org.compiere.process.DocumentEngine.postImmediate(DocumentEngine.java:1312)
	at org.compiere.process.DocumentEngine.postIt(DocumentEngine.java:511)
	at org.compiere.process.DocumentEngine.processIt(DocumentEngine.java:339)
	at org.compiere.process.DocumentEngine.processIt(DocumentEngine.java:275)
	at org.compiere.model.MAllocationHdr.processIt(MAllocationHdr.java:360)
	at org.compiere.model.MPayment.allocateIt(MPayment.java:2265)
	at org.compiere.model.MPayment.completeIt(MPayment.java:1965)
	at org.compiere.process.DocumentEngine.completeIt(DocumentEngine.java:494)
	at org.compiere.process.DocumentEngine.processIt(DocumentEngine.java:311)
	at org.compiere.process.DocumentEngine.processIt(DocumentEngine.java:275)
	at org.compiere.model.MPayment.processIt(MPayment.java:1759)
	at org.compiere.wf.MWFActivity.performWork(MWFActivity.java:1009)
	at org.compiere.wf.MWFActivity.run(MWFActivity.java:874)
	at org.compiere.wf.MWFProcess.startNext(MWFProcess.java:373)
	at org.compiere.wf.MWFProcess.checkActivities(MWFProcess.java:283)
	at org.compiere.wf.MWFActivity.setWFState(MWFActivity.java:277)
	at org.compiere.wf.MWFActivity.run(MWFActivity.java:891)
	at org.compiere.wf.MWFProcess.startNext(MWFProcess.java:373)
	at org.compiere.wf.MWFProcess.checkActivities(MWFProcess.java:283)
	at org.compiere.wf.MWFActivity.setWFState(MWFActivity.java:277)
	at org.compiere.wf.MWFActivity.run(MWFActivity.java:891)
	at org.compiere.wf.MWFProcess.startWork(MWFProcess.java:505)
	at org.compiere.wf.MWorkflow.start(MWorkflow.java:687)

11:32:25.336-----------> FactLine.setAmtSource: Source DR Precision 39925.097700 -> 39925.10 [33]
11:32:25.346-----------> FactLine.setAmtSource: Source CR Precision 39925.097700 -> 39925.10 [33]
11:32:31.569-----------> FactLine.setAmtSource: Source DR Precision 39925.097700 -> 39925.10 [63]
11:32:31.581-----------> FactLine.setAmtSource: Source CR Precision 39925.097700 -> 39925.10 [63]
11:32:39.421-----------> FactLine.setAmtSource: Source DR Precision 39925.097700 -> 39925.10 [32]
11:32:39.435-----------> FactLine.setAmtSource: Source CR Precision 39925.097700 -> 39925.10 [32]
