*** 2017-04-27 16:40:40.348 idempiere Log (CLogFile) ***
16:40:40.348 Adempiere.startup: iDempiere(r) Release 3.1_2015-10-31 -Smart Suite ERP, CRM and SCM- (c) 1999-2013 iDempiere(r); Implementation: iDempiere - Supported by iDempiere community [17]
16:40:40.351 Ini.loadProperties: E:\mercurialidempiere/idempiere.properties #33 [17]
16:40:40.962 DB.isBuildOK: Build DB=${env.ADEMPIERE_VERSION} 20080428-1232 [17]
16:40:40.962 DB.isBuildOK: Build Cl=3.1.0.qualifier [17]
16:40:40.981-----------> DB.isBuildOK: Build Version Error 

The program assumes build version 3.1.0.qualifier, but database has build version ${env.ADEMPIERE_VERSION} 20080428-1232. 
This is likely to cause hard to fix errors. 
Please contact administrator. [17]
16:40:41.080 WebEnv.initWeb: Servlet Context Init Parameters: iDempiere Root
ServerRoot=1 [17]
16:40:41.294-----------> EMail.setFrom: you @ company.org: javax.mail.internet.AddressException: Local address contains control or whitespace in string ``you @ company.org'' [17]
16:40:41.296-----------> EMail.addTo: you @ company.org: javax.mail.internet.AddressException: Local address contains control or whitespace in string ``you @ company.org'' [17]
16:40:41.297-----------> EMail.isValid: From is invalid=null [17]
16:40:41.297-----------> EMail.isValid: From is invalid=null [17]
16:40:41.297-----------> MClient.sendEMail: Could NOT Send Email: Server started: iDempiere (odbz:192.168.47.1) to you @ company.org: Invalid Data (System) [17]
16:40:41.297 WebEnv.initWeb: Servlet Init Parameter: idempiereMonitor [17]
16:40:41.297 AdempiereMonitor.init:  [17]
16:40:43.130-----------> AnnotationConfiguration.configure: ServletContainerInitializers: detected. Class hierarchy: empty [17]
16:40:43.384-----------> ClassLocator.getDependentXMLResources: Replicate resource: ckez
Overwrite bundleresource://182.fwk1480207683:2/metainfo/zk/config.xml
with bundleresource://182.fwk1480207683:19/metainfo/zk/config.xml [17]
16:40:43.392-----------> ClassLocator.getDependentXMLResources: Replicate resource: zk
Overwrite bundleresource://182.fwk1480207683:11/metainfo/zk/config.xml
with bundleresource://182.fwk1480207683:28/metainfo/zk/config.xml [17]
16:40:43.398-----------> ClassLocator.getDependentXMLResources: Replicate resource: zkbind
Overwrite bundleresource://182.fwk1480207683:12/metainfo/zk/config.xml
with bundleresource://182.fwk1480207683:29/metainfo/zk/config.xml [17]
16:40:43.433-----------> ClassLocator.getDependentXMLResources: Replicate resource: zul
Overwrite bundleresource://182.fwk1480207683:14/metainfo/zk/zk.xml
with bundleresource://182.fwk1480207683:31/metainfo/zk/zk.xml [17]
16:40:43.821-----------> LanguageDefinition.<init>: Replicated language: xhtml, overriden by [LanguageDefinition: xhtml] [17]
16:40:43.854-----------> LanguageDefinition.<init>: Replicated language: xul/html, overriden by [LanguageDefinition: xul/html] [17]
16:40:43.917-----------> ClassLocator.getDependentXMLResources: Replicate resource: calendar
Overwrite bundleresource://182.fwk1480207683:1/metainfo/zk/lang-addon.xml
with bundleresource://182.fwk1480207683:18/metainfo/zk/lang-addon.xml [17]
16:40:43.923-----------> ClassLocator.getDependentXMLResources: Replicate resource: ckez
Overwrite bundleresource://182.fwk1480207683:2/metainfo/zk/lang-addon.xml
with bundleresource://182.fwk1480207683:19/metainfo/zk/lang-addon.xml [17]
16:40:43.929-----------> ClassLocator.getDependentXMLResources: Replicate resource: gmapsz
Overwrite bundleresource://182.fwk1480207683:5/metainfo/zk/lang-addon.xml
with bundleresource://182.fwk1480207683:22/metainfo/zk/lang-addon.xml [17]
16:40:43.932-----------> ClassLocator.getDependentXMLResources: Replicate resource: timeline
Overwrite bundleresource://182.fwk1480207683:6/metainfo/zk/lang-addon.xml
with bundleresource://182.fwk1480207683:23/metainfo/zk/lang-addon.xml [17]
16:40:43.935-----------> ClassLocator.getDependentXMLResources: Replicate resource: timeplot
Overwrite bundleresource://182.fwk1480207683:7/metainfo/zk/lang-addon.xml
with bundleresource://182.fwk1480207683:24/metainfo/zk/lang-addon.xml [17]
16:40:43.947-----------> ClassLocator.getDependentXMLResources: Replicate resource: zkbind
Overwrite bundleresource://182.fwk1480207683:12/metainfo/zk/lang-addon.xml
with bundleresource://182.fwk1480207683:29/metainfo/zk/lang-addon.xml [17]
16:40:43.956-----------> ClassLocator.getDependentXMLResources: Replicate resource: zkplus
Overwrite bundleresource://182.fwk1480207683:13/metainfo/zk/lang-addon.xml
with bundleresource://182.fwk1480207683:30/metainfo/zk/lang-addon.xml [17]
16:40:44.285           WebUIServlet.init: iDempiere Web Client started successfully [17]
16:40:45.411-----------> AnnotationConfiguration.configure: ServletContainerInitializers: detected. Class hierarchy: empty [17]
16:40:45.582-----------> LCO_ValidatorWH.initialize:  [69]

*** 2017-04-27 16:40:45.767 idempiere Log (CLogFile) ***
16:40:48.213-----------> Node: [192.168.163.1]:5701 [adempiere.idempiere/localhost] [3.5.3] No join method is enabled! Starting standalone. [50]
16:41:14.441===========> NICreateLineFormSO.getServiceOrder: 	SELECT  C_Campaign_ID, 			Value  	FROM 	C_Campaign 	WHERE	AD_Client_ID=1000000 AND IsActive='Y' AND (DocStatus='CO') 	ORDER BY created DESC [39]
org.postgresql.util.PSQLException: ERROR: column "docstatus" does not exist
  Position: 94; State=42703; ErrorCode=0
	at org.postgresql.core.v3.QueryExecutorImpl.receiveErrorResponse(QueryExecutorImpl.java:2182)
	at org.postgresql.core.v3.QueryExecutorImpl.processResults(QueryExecutorImpl.java:1911)
	at org.postgresql.core.v3.QueryExecutorImpl.execute(QueryExecutorImpl.java:173)
	at org.postgresql.jdbc2.AbstractJdbc2Statement.execute(AbstractJdbc2Statement.java:645)
	at org.postgresql.jdbc2.AbstractJdbc2Statement.executeWithFlags(AbstractJdbc2Statement.java:495)
	at org.postgresql.jdbc2.AbstractJdbc2Statement.executeQuery(AbstractJdbc2Statement.java:380)
	at com.mchange.v2.c3p0.impl.NewProxyPreparedStatement.executeQuery(NewProxyPreparedStatement.java:1418)
	at sun.reflect.GeneratedMethodAccessor21.invoke(Unknown Source)
	at sun.reflect.DelegatingMethodAccessorImpl.invoke(Unknown Source)
	at java.lang.reflect.Method.invoke(Unknown Source)
	at org.compiere.db.StatementProxy.invoke(StatementProxy.java:128)
	at com.sun.proxy.$Proxy3.executeQuery(Unknown Source)
	at org.adempiere.webui.form.NICreateLineFormSO.getServiceOrder(NICreateLineFormSO.java:125)
	at org.adempiere.webui.form.WNICreateLineFormSO.dynamicInitialise(WNICreateLineFormSO.java:159)
	at org.adempiere.webui.form.WNICreateLineFormSO.initForm(WNICreateLineFormSO.java:124)
	at org.adempiere.webui.form.WNICreateLineFormSO.<init>(WNICreateLineFormSO.java:99)
	at sun.reflect.NativeConstructorAccessorImpl.newInstance0(Native Method)
	at sun.reflect.NativeConstructorAccessorImpl.newInstance(Unknown Source)
	at sun.reflect.DelegatingConstructorAccessorImpl.newInstance(Unknown Source)
	at java.lang.reflect.Constructor.newInstance(Unknown Source)
	at java.lang.Class.newInstance(Unknown Source)

16:41:14.533===========> MRole.addAccessSQL: TableName not correctly parsed - TableNameIn=C_Project - AccessSqlParser[C_Project=WHERE|0] - #1 C_Project=WHERE
 = SELECT C_Project_ID, Value, DateContract, C_BPartner_ID, Name FROM C_Project WHERE  [39]
16:41:14.591===========> MRole.addAccessSQL: TableName not correctly parsed - TableNameIn=C_Project - AccessSqlParser[C_Project=WHERE|0] - #1 C_Project=WHERE
 = SELECT C_Project_ID, Value, DateContract, C_BPartner_ID, Name FROM C_Project WHERE  [39]
