*** 2017-07-18 01:06:21.396 idempiere Log (CLogFile) ***
01:06:21.396 Adempiere.startup: iDempiere(r) Release 3.1_2015-10-31 -Smart Suite ERP, CRM and SCM- (c) 1999-2013 iDempiere(r); Implementation: iDempiere - Supported by iDempiere community [17]
01:06:21.398 Ini.loadProperties: E:\mercurialidempiere/idempiere.properties #33 [17]
01:06:21.934 AdempiereActivator.installPackage: ni.hmil.override.codebase 1.0.0 was installed: 2017-06-19 23:52:10.981 [17]
01:06:21.938 AdempiereActivator.installPackage: cm.itkamer.wandapos-integration2 1.0.0 was installed: 2017-06-25 15:34:11.153 [17]
01:06:21.948 DB.isBuildOK: Build DB=${env.ADEMPIERE_VERSION} 20080428-1232 [17]
01:06:21.948 DB.isBuildOK: Build Cl=3.1.0.qualifier [17]
01:06:21.964-----------> DB.isBuildOK: Error en la versión de la construcción 

El programa asume version de construcción 3.1.0.qualifier, pero la base de datos tiene una versión ${env.ADEMPIERE_VERSION} 20080428-1232.
Es posible que esto cause errores difíciles de corregir.
Por favor contacte al ADMINISTRADOR. [17]
01:06:22.039 WebEnv.initWeb: Servlet Context Init Parameters: iDempiere Root
ServerRoot=1 [17]
01:06:22.203-----------> EMail.setFrom: you @ company.org: javax.mail.internet.AddressException: Local address contains control or whitespace in string ``you @ company.org'' [17]
01:06:22.205-----------> EMail.addTo: you @ company.org: javax.mail.internet.AddressException: Local address contains control or whitespace in string ``you @ company.org'' [17]
01:06:22.205-----------> EMail.isValid: From is invalid=null [17]
01:06:22.206-----------> EMail.isValid: From is invalid=null [17]
01:06:22.206-----------> MClient.sendEMail: Could NOT Send Email: Server started: iDempiere (odbz:192.168.47.1) to you @ company.org: Invalid Data (System) [17]
01:06:22.206 WebEnv.initWeb: Servlet Init Parameter: idempiereMonitor [17]
01:06:22.206 AdempiereMonitor.init:  [17]
01:06:23.762-----------> AnnotationConfiguration.configure: ServletContainerInitializers: detected. Class hierarchy: empty [17]
01:06:24.018-----------> ClassLocator.getDependentXMLResources: Replicate resource: ckez
Overwrite bundleresource://184.fwk1319287199:2/metainfo/zk/config.xml
with bundleresource://184.fwk1319287199:19/metainfo/zk/config.xml [17]
01:06:24.024-----------> ClassLocator.getDependentXMLResources: Replicate resource: zk
Overwrite bundleresource://184.fwk1319287199:11/metainfo/zk/config.xml
with bundleresource://184.fwk1319287199:28/metainfo/zk/config.xml [17]
01:06:24.029-----------> ClassLocator.getDependentXMLResources: Replicate resource: zkbind
Overwrite bundleresource://184.fwk1319287199:12/metainfo/zk/config.xml
with bundleresource://184.fwk1319287199:29/metainfo/zk/config.xml [17]
01:06:24.054-----------> ClassLocator.getDependentXMLResources: Replicate resource: zul
Overwrite bundleresource://184.fwk1319287199:14/metainfo/zk/zk.xml
with bundleresource://184.fwk1319287199:31/metainfo/zk/zk.xml [17]
01:06:24.386-----------> LanguageDefinition.<init>: Replicated language: xhtml, overriden by [LanguageDefinition: xhtml] [17]
01:06:24.404-----------> LanguageDefinition.<init>: Replicated language: xul/html, overriden by [LanguageDefinition: xul/html] [17]
01:06:24.449-----------> ClassLocator.getDependentXMLResources: Replicate resource: calendar
Overwrite bundleresource://184.fwk1319287199:1/metainfo/zk/lang-addon.xml
with bundleresource://184.fwk1319287199:18/metainfo/zk/lang-addon.xml [17]
01:06:24.452-----------> ClassLocator.getDependentXMLResources: Replicate resource: ckez
Overwrite bundleresource://184.fwk1319287199:2/metainfo/zk/lang-addon.xml
with bundleresource://184.fwk1319287199:19/metainfo/zk/lang-addon.xml [17]
01:06:24.456-----------> ClassLocator.getDependentXMLResources: Replicate resource: gmapsz
Overwrite bundleresource://184.fwk1319287199:5/metainfo/zk/lang-addon.xml
with bundleresource://184.fwk1319287199:22/metainfo/zk/lang-addon.xml [17]
01:06:24.460-----------> ClassLocator.getDependentXMLResources: Replicate resource: timeline
Overwrite bundleresource://184.fwk1319287199:6/metainfo/zk/lang-addon.xml
with bundleresource://184.fwk1319287199:23/metainfo/zk/lang-addon.xml [17]
01:06:24.463-----------> ClassLocator.getDependentXMLResources: Replicate resource: timeplot
Overwrite bundleresource://184.fwk1319287199:7/metainfo/zk/lang-addon.xml
with bundleresource://184.fwk1319287199:24/metainfo/zk/lang-addon.xml [17]
01:06:24.472-----------> ClassLocator.getDependentXMLResources: Replicate resource: zkbind
Overwrite bundleresource://184.fwk1319287199:12/metainfo/zk/lang-addon.xml
with bundleresource://184.fwk1319287199:29/metainfo/zk/lang-addon.xml [17]
01:06:24.478-----------> ClassLocator.getDependentXMLResources: Replicate resource: zkplus
Overwrite bundleresource://184.fwk1319287199:13/metainfo/zk/lang-addon.xml
with bundleresource://184.fwk1319287199:30/metainfo/zk/lang-addon.xml [17]
01:06:24.772           WebUIServlet.init: iDempiere Web Client started successfully [17]
01:06:25.705-----------> AnnotationConfiguration.configure: ServletContainerInitializers: detected. Class hierarchy: empty [17]

*** 2017-07-18 01:06:25.927 idempiere Log (CLogFile) ***
01:06:28.043-----------> Node: [192.168.163.1]:5701 [adempiere.idempiere/localhost] [3.5.3] No join method is enabled! Starting standalone. [41]
01:06:51.518-----------> Msg.getMsg: NOT found: ni.idempiere.toolbar.button.action.report.label [35]
01:06:51.519-----------> Msg.getMsg: NOT found: ni.idempiere.toolbar.button.action.report.tooltip [35]
01:06:54.478===========> DesktopImpl.service: [Desktop z_qj2:/index.zul] client error: Failed to mount: adempiere.set is not a function [63]
01:06:54.553===========> DesktopImpl.service: [Desktop z_qj2:/index.zul] client error: Failed to mount: adempiere.set is not a function [63]
01:06:54.743===========> DesktopImpl.service: [Desktop z_qj2:/index.zul] client error: Failed to mount: adempiere.set is not a function [63]
01:06:54.965===========> DesktopImpl.service: [Desktop z_qj2:/index.zul] client error: Failed to mount: adempiere.set is not a function [34]
01:06:54.995===========> DesktopImpl.service: [Desktop z_qj2:/index.zul] client error: Failed to mount: adempiere.set is not a function [34]
01:06:55.009===========> DesktopImpl.service: [Desktop z_qj2:/index.zul] client error: Failed to mount: adempiere.set is not a function [34]
01:06:55.021===========> DesktopImpl.service: [Desktop z_qj2:/index.zul] client error: Failed to mount: adempiere.set is not a function [34]
01:06:55.033===========> DesktopImpl.service: [Desktop z_qj2:/index.zul] client error: Failed to mount: adempiere.set is not a function [34]
01:06:55.044===========> DesktopImpl.service: [Desktop z_qj2:/index.zul] client error: Failed to mount: adempiere.set is not a function [34]
01:06:55.095===========> DesktopImpl.service: [Desktop z_qj2:/index.zul] client error: Failed to mount: adempiere.set is not a function [34]
01:06:55.146===========> DesktopImpl.service: [Desktop z_qj2:/index.zul] client error: Failed to mount: adempiere.set is not a function [34]
01:06:55.156===========> DesktopImpl.service: [Desktop z_qj2:/index.zul] client error: Failed to mount: adempiere.set is not a function [34]
01:06:55.169===========> DesktopImpl.service: [Desktop z_qj2:/index.zul] client error: Failed to mount: adempiere.set is not a function [34]
01:06:55.181===========> DesktopImpl.service: [Desktop z_qj2:/index.zul] client error: Failed to mount: adempiere.set is not a function [34]
01:06:55.194===========> DesktopImpl.service: [Desktop z_qj2:/index.zul] client error: Failed to mount: adempiere.set is not a function [34]
01:06:55.205===========> DesktopImpl.service: [Desktop z_qj2:/index.zul] client error: Failed to mount: adempiere.set is not a function [34]
01:06:55.216===========> DesktopImpl.service: [Desktop z_qj2:/index.zul] client error: Failed to mount: adempiere.set is not a function [34]
01:06:55.226===========> DesktopImpl.service: [Desktop z_qj2:/index.zul] client error: Failed to mount: adempiere.set is not a function [34]
01:06:55.237===========> DesktopImpl.service: [Desktop z_qj2:/index.zul] client error: Failed to mount: adempiere.set is not a function [34]
01:06:55.248===========> DesktopImpl.service: [Desktop z_qj2:/index.zul] client error: Failed to mount: adempiere.set is not a function [34]
01:06:55.259===========> DesktopImpl.service: [Desktop z_qj2:/index.zul] client error: Failed to mount: adempiere.set is not a function [34]
01:06:55.268===========> DesktopImpl.service: [Desktop z_qj2:/index.zul] client error: Failed to mount: adempiere.set is not a function [34]
01:06:55.279===========> DesktopImpl.service: [Desktop z_qj2:/index.zul] client error: Failed to mount: adempiere.set is not a function [34]
01:06:55.292===========> DesktopImpl.service: [Desktop z_qj2:/index.zul] client error: Failed to mount: adempiere.set is not a function [34]
01:06:55.305===========> DesktopImpl.service: [Desktop z_qj2:/index.zul] client error: Failed to mount: adempiere.set is not a function [34]
01:06:55.317===========> DesktopImpl.service: [Desktop z_qj2:/index.zul] client error: Failed to mount: adempiere.set is not a function [34]
01:06:55.328===========> DesktopImpl.service: [Desktop z_qj2:/index.zul] client error: Failed to mount: adempiere.set is not a function [34]
01:06:55.337===========> DesktopImpl.service: [Desktop z_qj2:/index.zul] client error: Failed to mount: adempiere.set is not a function [34]
01:06:55.346===========> DesktopImpl.service: [Desktop z_qj2:/index.zul] client error: Failed to mount: adempiere.set is not a function [34]
