*** 2016-05-24 10:00:03.562 idempiere Log (CLogFile) ***
10:00:03.562 Adempiere.startup: iDempiere(r) Release 3.1_2015-10-31 -Smart Suite ERP, CRM and SCM- (c) 1999-2013 iDempiere(r); Implementation: iDempiere - Supported by iDempiere community [17]
10:00:03.562 Ini.loadProperties: E:\mercurialidempiere/idempiere-test.properties #33 [17]
10:00:03.999 DB.isBuildOK: Build DB=${env.ADEMPIERE_VERSION} 20080428-1232 [17]
10:00:03.999 DB.isBuildOK: Build Cl=3.1.0.qualifier [17]
10:00:04.015-----------> DB.isBuildOK: Build Version Error 

The program assumes build version 3.1.0.qualifier, but database has build version ${env.ADEMPIERE_VERSION} 20080428-1232. 
This is likely to cause hard to fix errors. 
Please contact administrator. [17]
10:00:04.124 Language.getLanguage: Adding Language=en, Country=US, Locale=en_US [17]
10:00:04.124 Language.getLanguage: Adding Language=en, Country=US, Locale=en_US [17]
10:00:04.187 WebEnv.initWeb: Servlet Context Init Parameters: iDempiere Root
ServerRoot=1 [17]
10:00:04.187-----------> EMail.setFrom: you @ company.org: javax.mail.internet.AddressException: Local address contains control or whitespace in string ``you @ company.org'' [17]
10:00:04.202-----------> EMail.addTo: you @ company.org: javax.mail.internet.AddressException: Local address contains control or whitespace in string ``you @ company.org'' [17]
10:00:04.202-----------> EMail.isValid: From is invalid=null [17]
10:00:04.202-----------> EMail.isValid: From is invalid=null [17]
10:00:04.202-----------> MClient.sendEMail: Could NOT Send Email: Server started: iDempiere (odbz:10.0.5.43) to you @ company.org: Invalid Data (System) [17]
10:00:04.202 WebEnv.initWeb: Servlet Init Parameter: idempiereMonitor [17]
10:00:04.202 AdempiereMonitor.init:  [17]
10:00:05.702-----------> AnnotationConfiguration.configure: ServletContainerInitializers: detected. Class hierarchy: empty [17]
10:00:05.957-----------> ClassLocator.getDependentXMLResources: Replicate resource: ckez
Overwrite bundleresource://178.fwk491298318:2/metainfo/zk/config.xml
with bundleresource://178.fwk491298318:19/metainfo/zk/config.xml [17]
10:00:05.957-----------> ClassLocator.getDependentXMLResources: Replicate resource: zk
Overwrite bundleresource://178.fwk491298318:11/metainfo/zk/config.xml
with bundleresource://178.fwk491298318:28/metainfo/zk/config.xml [17]
10:00:05.957-----------> ClassLocator.getDependentXMLResources: Replicate resource: zkbind
Overwrite bundleresource://178.fwk491298318:12/metainfo/zk/config.xml
with bundleresource://178.fwk491298318:29/metainfo/zk/config.xml [17]
10:00:05.988-----------> ClassLocator.getDependentXMLResources: Replicate resource: zul
Overwrite bundleresource://178.fwk491298318:14/metainfo/zk/zk.xml
with bundleresource://178.fwk491298318:31/metainfo/zk/zk.xml [17]
10:00:06.363-----------> LanguageDefinition.<init>: Replicated language: xhtml, overriden by [LanguageDefinition: xhtml] [17]
10:00:06.379-----------> LanguageDefinition.<init>: Replicated language: xul/html, overriden by [LanguageDefinition: xul/html] [17]
10:00:06.441-----------> ClassLocator.getDependentXMLResources: Replicate resource: calendar
Overwrite bundleresource://178.fwk491298318:1/metainfo/zk/lang-addon.xml
with bundleresource://178.fwk491298318:18/metainfo/zk/lang-addon.xml [17]
10:00:06.441-----------> ClassLocator.getDependentXMLResources: Replicate resource: ckez
Overwrite bundleresource://178.fwk491298318:2/metainfo/zk/lang-addon.xml
with bundleresource://178.fwk491298318:19/metainfo/zk/lang-addon.xml [17]
10:00:06.441-----------> ClassLocator.getDependentXMLResources: Replicate resource: gmapsz
Overwrite bundleresource://178.fwk491298318:5/metainfo/zk/lang-addon.xml
with bundleresource://178.fwk491298318:22/metainfo/zk/lang-addon.xml [17]
10:00:06.457-----------> ClassLocator.getDependentXMLResources: Replicate resource: timeline
Overwrite bundleresource://178.fwk491298318:6/metainfo/zk/lang-addon.xml
with bundleresource://178.fwk491298318:23/metainfo/zk/lang-addon.xml [17]
10:00:06.457-----------> ClassLocator.getDependentXMLResources: Replicate resource: timeplot
Overwrite bundleresource://178.fwk491298318:7/metainfo/zk/lang-addon.xml
with bundleresource://178.fwk491298318:24/metainfo/zk/lang-addon.xml [17]
10:00:06.457-----------> ClassLocator.getDependentXMLResources: Replicate resource: zkbind
Overwrite bundleresource://178.fwk491298318:12/metainfo/zk/lang-addon.xml
with bundleresource://178.fwk491298318:29/metainfo/zk/lang-addon.xml [17]
10:00:06.473-----------> ClassLocator.getDependentXMLResources: Replicate resource: zkplus
Overwrite bundleresource://178.fwk491298318:13/metainfo/zk/lang-addon.xml
with bundleresource://178.fwk491298318:30/metainfo/zk/lang-addon.xml [17]
10:00:06.566           WebUIServlet.init: iDempiere Web Client started successfully [17]
10:00:07.431-----------> AnnotationConfiguration.configure: ServletContainerInitializers: detected. Class hierarchy: empty [17]

*** 2016-05-24 10:00:07.659 idempiere Log (CLogFile) ***
10:00:09.696-----------> Node: [10.0.5.43]:5701 [adempiere.idempiere/localhost] [3.5.3] No join method is enabled! Starting standalone. [44]
10:00:33.594===========> MRole.addAccessSQL: TableName not correctly parsed - TableNameIn=C_Invoice - AccessSqlParser[C_Invoice=WHERE|0] - #1 C_Invoice=WHERE
 = SELECT C_Invoice_ID, DocumentNo, DateInvoiced, GrandTotal, Balance FROM C_Invoice WHERE  [32]
