*** 2016-05-20 11:31:36.947 idempiere Log (CLogFile) ***
11:31:36.947 Adempiere.startup: iDempiere(r) Release 3.1_2015-10-31 -Smart Suite ERP, CRM and SCM- (c) 1999-2013 iDempiere(r); Implementation: iDempiere - Supported by iDempiere community [17]
11:31:36.947 Ini.loadProperties: E:\mercurialidempiere/idempiere.properties #32 [17]
11:31:37.400 DB.isBuildOK: Build DB=${env.ADEMPIERE_VERSION} 20080428-1232 [17]
11:31:37.400 DB.isBuildOK: Build Cl=3.1.0.qualifier [17]
11:31:37.432-----------> DB.isBuildOK: Build Version Error 

The program assumes build version 3.1.0.qualifier, but database has build version ${env.ADEMPIERE_VERSION} 20080428-1232. 
This is likely to cause hard to fix errors. 
Please contact administrator. [17]
11:31:37.510 Language.getLanguage: Adding Language=en, Country=US, Locale=en_US [17]
11:31:37.510 Language.getLanguage: Adding Language=en, Country=US, Locale=en_US [17]
11:31:37.588 WebEnv.initWeb: Servlet Context Init Parameters: iDempiere Root
ServerRoot=1 [17]
11:31:37.603-----------> EMail.setFrom: you @ company.org: javax.mail.internet.AddressException: Local address contains control or whitespace in string ``you @ company.org'' [17]
11:31:37.603-----------> EMail.addTo: you @ company.org: javax.mail.internet.AddressException: Local address contains control or whitespace in string ``you @ company.org'' [17]
11:31:37.603-----------> EMail.isValid: From is invalid=null [17]
11:31:37.603-----------> EMail.isValid: From is invalid=null [17]
11:31:37.603-----------> MClient.sendEMail: Could NOT Send Email: Server started: iDempiere (odbz:10.0.5.43) to you @ company.org: Invalid Data (System) [17]
11:31:37.603 WebEnv.initWeb: Servlet Init Parameter: idempiereMonitor [17]
11:31:37.603 AdempiereMonitor.init:  [17]
11:31:39.010-----------> AnnotationConfiguration.configure: ServletContainerInitializers: detected. Class hierarchy: empty [17]
11:31:39.248-----------> ClassLocator.getDependentXMLResources: Replicate resource: ckez
Overwrite bundleresource://178.fwk1480207683:2/metainfo/zk/config.xml
with bundleresource://178.fwk1480207683:19/metainfo/zk/config.xml [17]
11:31:39.248-----------> ClassLocator.getDependentXMLResources: Replicate resource: zk
Overwrite bundleresource://178.fwk1480207683:11/metainfo/zk/config.xml
with bundleresource://178.fwk1480207683:28/metainfo/zk/config.xml [17]
11:31:39.264-----------> ClassLocator.getDependentXMLResources: Replicate resource: zkbind
Overwrite bundleresource://178.fwk1480207683:12/metainfo/zk/config.xml
with bundleresource://178.fwk1480207683:29/metainfo/zk/config.xml [17]
11:31:39.295-----------> ClassLocator.getDependentXMLResources: Replicate resource: zul
Overwrite bundleresource://178.fwk1480207683:14/metainfo/zk/zk.xml
with bundleresource://178.fwk1480207683:31/metainfo/zk/zk.xml [17]
11:31:39.654-----------> LanguageDefinition.<init>: Replicated language: xhtml, overriden by [LanguageDefinition: xhtml] [17]
11:31:39.670-----------> LanguageDefinition.<init>: Replicated language: xul/html, overriden by [LanguageDefinition: xul/html] [17]
11:31:39.732-----------> ClassLocator.getDependentXMLResources: Replicate resource: calendar
Overwrite bundleresource://178.fwk1480207683:1/metainfo/zk/lang-addon.xml
with bundleresource://178.fwk1480207683:18/metainfo/zk/lang-addon.xml [17]
11:31:39.732-----------> ClassLocator.getDependentXMLResources: Replicate resource: ckez
Overwrite bundleresource://178.fwk1480207683:2/metainfo/zk/lang-addon.xml
with bundleresource://178.fwk1480207683:19/metainfo/zk/lang-addon.xml [17]
11:31:39.748-----------> ClassLocator.getDependentXMLResources: Replicate resource: gmapsz
Overwrite bundleresource://178.fwk1480207683:5/metainfo/zk/lang-addon.xml
with bundleresource://178.fwk1480207683:22/metainfo/zk/lang-addon.xml [17]
11:31:39.764-----------> ClassLocator.getDependentXMLResources: Replicate resource: timeline
Overwrite bundleresource://178.fwk1480207683:6/metainfo/zk/lang-addon.xml
with bundleresource://178.fwk1480207683:23/metainfo/zk/lang-addon.xml [17]
11:31:39.764-----------> ClassLocator.getDependentXMLResources: Replicate resource: timeplot
Overwrite bundleresource://178.fwk1480207683:7/metainfo/zk/lang-addon.xml
with bundleresource://178.fwk1480207683:24/metainfo/zk/lang-addon.xml [17]
11:31:39.779-----------> ClassLocator.getDependentXMLResources: Replicate resource: zkbind
Overwrite bundleresource://178.fwk1480207683:12/metainfo/zk/lang-addon.xml
with bundleresource://178.fwk1480207683:29/metainfo/zk/lang-addon.xml [17]
11:31:39.795-----------> ClassLocator.getDependentXMLResources: Replicate resource: zkplus
Overwrite bundleresource://178.fwk1480207683:13/metainfo/zk/lang-addon.xml
with bundleresource://178.fwk1480207683:30/metainfo/zk/lang-addon.xml [17]
11:31:39.920           WebUIServlet.init: iDempiere Web Client started successfully [17]
11:31:40.811-----------> AnnotationConfiguration.configure: ServletContainerInitializers: detected. Class hierarchy: empty [17]

*** 2016-05-20 11:31:41.111 idempiere Log (CLogFile) ***
11:31:43.393-----------> Node: [10.0.5.43]:5702 [adempiere.idempiere/localhost] [3.5.3] No join method is enabled! Starting standalone. [42]
11:31:43.395-----------> Node: [10.0.5.43]:5702 [adempiere.idempiere/localhost] [3.5.3] Config seed port is 5701 and cluster size is 1. Some of the ports seem occupied! [42]
11:32:17.163===========> MRole.addAccessSQL: TableName not correctly parsed - TableNameIn=C_Invoice - AccessSqlParser[C_Invoice=WHERE|0] - #1 C_Invoice=WHERE
 = SELECT C_Invoice_ID, DocumentNo, DateInvoiced, GrandTotal, Balance FROM C_Invoice WHERE  [39]
11:32:17.267-----------> LayoutRegion.setFlex: The flex attribute is deprecated, use setHflex and setVflex on child component instead. [39]
11:32:34.048===========> NINSSAllocateInvoice.getInvoiceData: SELECT	i.C_Invoice_ID 		,i.documentNo 		,i.dateinvoiced 		,i.grandtotal 		,(i.grandtotal - ABS(SUM(CASE WHEN al.amount IS NULL THEN 0 ELSE al.amount END))) Balance FROM	C_Invoice i 		LEFT JOIN C_AllocationLine al ON i.C_Invoice_ID=al.C_Invoice_ID AND al.C_Payment_ID IS NOT NULL  WHERE 	i.AD_Client_ID=?  		AND i.C_DocTypetarget_ID=1000005 		AND i.DocStatus IN('CL','CO')   		AND i.C_BPartner_ID=?  GROUP BY i.C_Invoice_ID 		,i.documentno 		,i.dateinvoiced 		,i.grandtotal HAVING (i.grandtotal - ABS(SUM(CASE WHEN al.amount IS NULL THEN 0 ELSE al.amount END)))>0  [33]
org.postgresql.util.PSQLException: El índice de la columna está fuera de rango: 5, número de columnas: 4.; State=22023; ErrorCode=0
	at org.postgresql.jdbc2.AbstractJdbc2ResultSet.checkColumnIndex(AbstractJdbc2ResultSet.java:2961)
	at org.postgresql.jdbc2.AbstractJdbc2ResultSet.checkResultSet(AbstractJdbc2ResultSet.java:2978)
	at org.postgresql.jdbc2.AbstractJdbc2ResultSet.getBigDecimal(AbstractJdbc2ResultSet.java:2447)
	at org.postgresql.jdbc2.AbstractJdbc2ResultSet.getBigDecimal(AbstractJdbc2ResultSet.java:385)
	at com.mchange.v2.c3p0.impl.NewProxyResultSet.getBigDecimal(NewProxyResultSet.java:1432)
	at org.adempiere.webui.Form.NINSSAllocateInvoice.getInvoiceData(NINSSAllocateInvoice.java:101)
	at org.adempiere.webui.Form.WNINSSAllocateInvoice.loadBPartnerInfo(WNINSSAllocateInvoice.java:223)
	at org.adempiere.webui.Form.WNINSSAllocateInvoice.valueChange(WNINSSAllocateInvoice.java:209)
	at org.adempiere.webui.editor.WEditor.fireValueChange(WEditor.java:403)
	at org.adempiere.webui.editor.WSearchEditor.actionCombo(WSearchEditor.java:421)
	at org.adempiere.webui.editor.WSearchEditor.access$4(WSearchEditor.java:409)
	at org.adempiere.webui.editor.WSearchEditor$2.onEvent(WSearchEditor.java:573)
	at org.zkoss.zk.ui.AbstractComponent.onEvent(AbstractComponent.java:2773)
	at org.zkoss.zk.ui.AbstractComponent.service(AbstractComponent.java:2744)
	at org.zkoss.zk.ui.AbstractComponent.service(AbstractComponent.java:2685)
	at org.zkoss.zk.ui.impl.EventProcessor.process(EventProcessor.java:136)
	at org.zkoss.zk.ui.event.Events.sendEvent(Events.java:325)
	at org.adempiere.webui.component.Window.onPageDetached(Window.java:84)
	at org.adempiere.webui.panel.InfoPanel.onPageDetached(InfoPanel.java:2249)
	at org.zkoss.zk.ui.AbstractComponent.setPage0(AbstractComponent.java:477)
	at org.zkoss.zk.ui.AbstractComponent.setPageBefore(AbstractComponent.java:396)

