*** 2016-09-30 09:54:27.434 idempiere Log (CLogFile) ***
09:54:27.433 Adempiere.startup: iDempiere(r) Release 3.1_2015-10-31 -Smart Suite ERP, CRM and SCM- (c) 1999-2013 iDempiere(r); Implementation: iDempiere - Supported by iDempiere community [17]
09:54:27.437 Ini.loadProperties: E:\mercurialidempiere/idempiere.properties #33 [17]
09:54:28.054 AdempiereActivator.installPackage: ni.idempiere.importcurrencyrate 1.0.0 was installed: 2016-07-14 16:34:48.698 [17]
09:54:28.074 DB.isBuildOK: Build DB=${env.ADEMPIERE_VERSION} 20080428-1232 [17]
09:54:28.074 DB.isBuildOK: Build Cl=3.1.0.qualifier [17]
09:54:28.098-----------> DB.isBuildOK: Build Version Error 

The program assumes build version 3.1.0.qualifier, but database has build version ${env.ADEMPIERE_VERSION} 20080428-1232. 
This is likely to cause hard to fix errors. 
Please contact administrator. [17]
09:54:28.184 WebEnv.initWeb: Servlet Context Init Parameters: iDempiere Root
ServerRoot=1 [17]
09:54:28.202-----------> EMail.setFrom: you @ company.org: javax.mail.internet.AddressException: Local address contains control or whitespace in string ``you @ company.org'' [17]
09:54:28.204-----------> EMail.addTo: you @ company.org: javax.mail.internet.AddressException: Local address contains control or whitespace in string ``you @ company.org'' [17]
09:54:28.204-----------> EMail.isValid: From is invalid=null [17]
09:54:28.204-----------> EMail.isValid: From is invalid=null [17]
09:54:28.204-----------> MClient.sendEMail: Could NOT Send Email: Server started: iDempiere (odbz:172.16.9.71) to you @ company.org: Invalid Data (System) [17]
09:54:28.205 WebEnv.initWeb: Servlet Init Parameter: idempiereMonitor [17]
09:54:28.205 AdempiereMonitor.init:  [17]
09:54:29.863-----------> AnnotationConfiguration.configure: ServletContainerInitializers: detected. Class hierarchy: empty [17]
09:54:30.153-----------> ClassLocator.getDependentXMLResources: Replicate resource: ckez
Overwrite bundleresource://188.fwk491298318:2/metainfo/zk/config.xml
with bundleresource://188.fwk491298318:19/metainfo/zk/config.xml [17]
09:54:30.160-----------> ClassLocator.getDependentXMLResources: Replicate resource: zk
Overwrite bundleresource://188.fwk491298318:11/metainfo/zk/config.xml
with bundleresource://188.fwk491298318:28/metainfo/zk/config.xml [17]
09:54:30.166-----------> ClassLocator.getDependentXMLResources: Replicate resource: zkbind
Overwrite bundleresource://188.fwk491298318:12/metainfo/zk/config.xml
with bundleresource://188.fwk491298318:29/metainfo/zk/config.xml [17]
09:54:30.198-----------> ClassLocator.getDependentXMLResources: Replicate resource: zul
Overwrite bundleresource://188.fwk491298318:14/metainfo/zk/zk.xml
with bundleresource://188.fwk491298318:31/metainfo/zk/zk.xml [17]
09:54:30.575-----------> LanguageDefinition.<init>: Replicated language: xhtml, overriden by [LanguageDefinition: xhtml] [17]
09:54:30.600-----------> LanguageDefinition.<init>: Replicated language: xul/html, overriden by [LanguageDefinition: xul/html] [17]
09:54:30.662-----------> ClassLocator.getDependentXMLResources: Replicate resource: calendar
Overwrite bundleresource://188.fwk491298318:1/metainfo/zk/lang-addon.xml
with bundleresource://188.fwk491298318:18/metainfo/zk/lang-addon.xml [17]
09:54:30.666-----------> ClassLocator.getDependentXMLResources: Replicate resource: ckez
Overwrite bundleresource://188.fwk491298318:2/metainfo/zk/lang-addon.xml
with bundleresource://188.fwk491298318:19/metainfo/zk/lang-addon.xml [17]
09:54:30.671-----------> ClassLocator.getDependentXMLResources: Replicate resource: gmapsz
Overwrite bundleresource://188.fwk491298318:5/metainfo/zk/lang-addon.xml
with bundleresource://188.fwk491298318:22/metainfo/zk/lang-addon.xml [17]
09:54:30.674-----------> ClassLocator.getDependentXMLResources: Replicate resource: timeline
Overwrite bundleresource://188.fwk491298318:6/metainfo/zk/lang-addon.xml
with bundleresource://188.fwk491298318:23/metainfo/zk/lang-addon.xml [17]
09:54:30.678-----------> ClassLocator.getDependentXMLResources: Replicate resource: timeplot
Overwrite bundleresource://188.fwk491298318:7/metainfo/zk/lang-addon.xml
with bundleresource://188.fwk491298318:24/metainfo/zk/lang-addon.xml [17]
09:54:30.694-----------> ClassLocator.getDependentXMLResources: Replicate resource: zkbind
Overwrite bundleresource://188.fwk491298318:12/metainfo/zk/lang-addon.xml
with bundleresource://188.fwk491298318:29/metainfo/zk/lang-addon.xml [17]
09:54:30.701-----------> ClassLocator.getDependentXMLResources: Replicate resource: zkplus
Overwrite bundleresource://188.fwk491298318:13/metainfo/zk/lang-addon.xml
with bundleresource://188.fwk491298318:30/metainfo/zk/lang-addon.xml [17]
09:54:30.839           WebUIServlet.init: iDempiere Web Client started successfully [17]
09:54:31.961-----------> AnnotationConfiguration.configure: ServletContainerInitializers: detected. Class hierarchy: empty [17]

*** 2016-09-30 09:54:32.203 idempiere Log (CLogFile) ***
09:54:34.065-----------> Node: [192.168.163.1]:5701 [adempiere.idempiere/localhost] [3.5.3] No join method is enabled! Starting standalone. [42]
09:55:18.157-----------> OverrideProcessFactory.newProcessInstance: org.compiere.process.RoleAccessUpdate [61]
java.lang.ClassNotFoundException: org.compiere.process.RoleAccessUpdate cannot be found by ni.hmil.override.codebase_1.0.0.qualifier
	at org.eclipse.osgi.internal.loader.BundleLoader.findClassInternal(BundleLoader.java:432)
	at org.eclipse.osgi.internal.loader.BundleLoader.findClass(BundleLoader.java:345)
	at org.eclipse.osgi.internal.loader.BundleLoader.findClass(BundleLoader.java:337)
	at org.eclipse.osgi.internal.loader.ModuleClassLoader.loadClass(ModuleClassLoader.java:160)
	at java.lang.ClassLoader.loadClass(Unknown Source)
	at ni.hmil.override.factories.OverrideProcessFactory.newProcessInstance(OverrideProcessFactory.java:45)
	at org.adempiere.base.Core.getProcess(Core.java:127)
	at org.adempiere.util.ProcessUtil.startJavaProcess(ProcessUtil.java:159)
	at org.compiere.apps.AbstractProcessCtl.startProcess(AbstractProcessCtl.java:466)
	at org.compiere.apps.AbstractProcessCtl.run(AbstractProcessCtl.java:234)
	at org.adempiere.webui.apps.WProcessCtl.process(WProcessCtl.java:197)
	at org.adempiere.webui.apps.AbstractProcessDialog$ProcessDialogRunnable.doRun(AbstractProcessDialog.java:1060)
	at org.adempiere.util.ContextRunnable.run(ContextRunnable.java:38)
	at org.adempiere.webui.apps.DesktopRunnable.run(DesktopRunnable.java:40)
	at java.util.concurrent.Executors$RunnableAdapter.call(Unknown Source)
	at java.util.concurrent.FutureTask.run(Unknown Source)
	at java.util.concurrent.ScheduledThreadPoolExecutor$ScheduledFutureTask.access$201(Unknown Source)
	at java.util.concurrent.ScheduledThreadPoolExecutor$ScheduledFutureTask.run(Unknown Source)
	at java.util.concurrent.ThreadPoolExecutor.runWorker(Unknown Source)
	at java.util.concurrent.ThreadPoolExecutor$Worker.run(Unknown Source)
	at java.lang.Thread.run(Unknown Source)

09:57:29.989-----------> OverrideProcessFactory.newProcessInstance: org.compiere.process.RoleAccessUpdate [122]
java.lang.ClassNotFoundException: org.compiere.process.RoleAccessUpdate cannot be found by ni.hmil.override.codebase_1.0.0.qualifier
	at org.eclipse.osgi.internal.loader.BundleLoader.findClassInternal(BundleLoader.java:432)
	at org.eclipse.osgi.internal.loader.BundleLoader.findClass(BundleLoader.java:345)
	at org.eclipse.osgi.internal.loader.BundleLoader.findClass(BundleLoader.java:337)
	at org.eclipse.osgi.internal.loader.ModuleClassLoader.loadClass(ModuleClassLoader.java:160)
	at java.lang.ClassLoader.loadClass(Unknown Source)
	at ni.hmil.override.factories.OverrideProcessFactory.newProcessInstance(OverrideProcessFactory.java:45)
	at org.adempiere.base.Core.getProcess(Core.java:127)
	at org.adempiere.util.ProcessUtil.startJavaProcess(ProcessUtil.java:159)
	at org.compiere.apps.AbstractProcessCtl.startProcess(AbstractProcessCtl.java:466)
	at org.compiere.apps.AbstractProcessCtl.run(AbstractProcessCtl.java:234)
	at org.adempiere.webui.apps.WProcessCtl.process(WProcessCtl.java:197)
	at org.adempiere.webui.apps.AbstractProcessDialog$ProcessDialogRunnable.doRun(AbstractProcessDialog.java:1060)
	at org.adempiere.util.ContextRunnable.run(ContextRunnable.java:38)
	at org.adempiere.webui.apps.DesktopRunnable.run(DesktopRunnable.java:40)
	at java.util.concurrent.Executors$RunnableAdapter.call(Unknown Source)
	at java.util.concurrent.FutureTask.run(Unknown Source)
	at java.util.concurrent.ScheduledThreadPoolExecutor$ScheduledFutureTask.access$201(Unknown Source)
	at java.util.concurrent.ScheduledThreadPoolExecutor$ScheduledFutureTask.run(Unknown Source)
	at java.util.concurrent.ThreadPoolExecutor.runWorker(Unknown Source)
	at java.util.concurrent.ThreadPoolExecutor$Worker.run(Unknown Source)
	at java.lang.Thread.run(Unknown Source)

