*** 2016-07-14 14:27:32.75 idempiere Log (CLogFile) ***
14:27:32.750 Adempiere.startup: iDempiere(r) Release 3.1_2015-10-31 -Smart Suite ERP, CRM and SCM- (c) 1999-2013 iDempiere(r); Implementation: iDempiere - Supported by iDempiere community [17]
14:27:32.750 Ini.loadProperties: E:\mercurialidempiere/idempiere.properties #32 [17]
14:27:33.233 DB.isBuildOK: Build DB=${env.ADEMPIERE_VERSION} 20080428-1232 [17]
14:27:33.233 DB.isBuildOK: Build Cl=3.1.0.qualifier [17]
14:27:33.265-----------> DB.isBuildOK: Build Version Error 

The program assumes build version 3.1.0.qualifier, but database has build version ${env.ADEMPIERE_VERSION} 20080428-1232. 
This is likely to cause hard to fix errors. 
Please contact administrator. [17]
14:27:33.358 WebEnv.initWeb: Servlet Context Init Parameters: iDempiere Root
ServerRoot=1 [17]
14:27:33.374-----------> EMail.setFrom: you @ company.org: javax.mail.internet.AddressException: Local address contains control or whitespace in string ``you @ company.org'' [17]
14:27:33.374-----------> EMail.addTo: you @ company.org: javax.mail.internet.AddressException: Local address contains control or whitespace in string ``you @ company.org'' [17]
14:27:33.374-----------> EMail.isValid: From is invalid=null [17]
14:27:33.374-----------> EMail.isValid: From is invalid=null [17]
14:27:33.374-----------> MClient.sendEMail: Could NOT Send Email: Server started: iDempiere (odbz:172.16.67.17) to you @ company.org: Invalid Data (System) [17]
14:27:33.374 WebEnv.initWeb: Servlet Init Parameter: idempiereMonitor [17]
14:27:33.374 AdempiereMonitor.init:  [17]
14:27:34.879-----------> AnnotationConfiguration.configure: ServletContainerInitializers: detected. Class hierarchy: empty [17]
14:27:35.118-----------> ClassLocator.getDependentXMLResources: Replicate resource: ckez
Overwrite bundleresource://182.fwk1399961333:2/metainfo/zk/config.xml
with bundleresource://182.fwk1399961333:19/metainfo/zk/config.xml [17]
14:27:35.118-----------> ClassLocator.getDependentXMLResources: Replicate resource: zk
Overwrite bundleresource://182.fwk1399961333:11/metainfo/zk/config.xml
with bundleresource://182.fwk1399961333:28/metainfo/zk/config.xml [17]
14:27:35.133-----------> ClassLocator.getDependentXMLResources: Replicate resource: zkbind
Overwrite bundleresource://182.fwk1399961333:12/metainfo/zk/config.xml
with bundleresource://182.fwk1399961333:29/metainfo/zk/config.xml [17]
14:27:35.165-----------> ClassLocator.getDependentXMLResources: Replicate resource: zul
Overwrite bundleresource://182.fwk1399961333:14/metainfo/zk/zk.xml
with bundleresource://182.fwk1399961333:31/metainfo/zk/zk.xml [17]
14:27:35.493-----------> LanguageDefinition.<init>: Replicated language: xhtml, overriden by [LanguageDefinition: xhtml] [17]
14:27:35.524-----------> LanguageDefinition.<init>: Replicated language: xul/html, overriden by [LanguageDefinition: xul/html] [17]
14:27:35.586-----------> ClassLocator.getDependentXMLResources: Replicate resource: calendar
Overwrite bundleresource://182.fwk1399961333:1/metainfo/zk/lang-addon.xml
with bundleresource://182.fwk1399961333:18/metainfo/zk/lang-addon.xml [17]
14:27:35.586-----------> ClassLocator.getDependentXMLResources: Replicate resource: ckez
Overwrite bundleresource://182.fwk1399961333:2/metainfo/zk/lang-addon.xml
with bundleresource://182.fwk1399961333:19/metainfo/zk/lang-addon.xml [17]
14:27:35.586-----------> ClassLocator.getDependentXMLResources: Replicate resource: gmapsz
Overwrite bundleresource://182.fwk1399961333:5/metainfo/zk/lang-addon.xml
with bundleresource://182.fwk1399961333:22/metainfo/zk/lang-addon.xml [17]
14:27:35.602-----------> ClassLocator.getDependentXMLResources: Replicate resource: timeline
Overwrite bundleresource://182.fwk1399961333:6/metainfo/zk/lang-addon.xml
with bundleresource://182.fwk1399961333:23/metainfo/zk/lang-addon.xml [17]
14:27:35.602-----------> ClassLocator.getDependentXMLResources: Replicate resource: timeplot
Overwrite bundleresource://182.fwk1399961333:7/metainfo/zk/lang-addon.xml
with bundleresource://182.fwk1399961333:24/metainfo/zk/lang-addon.xml [17]
14:27:35.602-----------> ClassLocator.getDependentXMLResources: Replicate resource: zkbind
Overwrite bundleresource://182.fwk1399961333:12/metainfo/zk/lang-addon.xml
with bundleresource://182.fwk1399961333:29/metainfo/zk/lang-addon.xml [17]
14:27:35.618-----------> ClassLocator.getDependentXMLResources: Replicate resource: zkplus
Overwrite bundleresource://182.fwk1399961333:13/metainfo/zk/lang-addon.xml
with bundleresource://182.fwk1399961333:30/metainfo/zk/lang-addon.xml [17]
14:27:35.764           WebUIServlet.init: iDempiere Web Client started successfully [17]
14:27:36.686-----------> AnnotationConfiguration.configure: ServletContainerInitializers: detected. Class hierarchy: empty [17]

*** 2016-07-14 14:27:36.903 idempiere Log (CLogFile) ***
14:27:38.519-----------> Node: [172.16.67.17]:5701 [adempiere.idempiere/localhost] [3.5.3] No join method is enabled! Starting standalone. [50]
14:28:36.399-----------> Msg.getMsg: NOT found: ni.idempiere.toolbar.action.toolbarbtn.label [37]
14:28:36.399-----------> Msg.getMsg: NOT found: ni.idempiere.toolbar.action.toolbarbtn.tooltip [37]
14:31:47.248-----------> Msg.getMsg: NOT found: ni.idempiere.toolbar.action.toolbarbtn.label [38]
14:31:47.248-----------> Msg.getMsg: NOT found: ni.idempiere.toolbar.action.toolbarbtn.tooltip [38]
14:31:52.319-----------> Msg.getMsg: NOT found: ni.idempiere.toolbar.action.toolbarbtn.label [38]
14:31:52.319-----------> Msg.getMsg: NOT found: ni.idempiere.toolbar.action.toolbarbtn.tooltip [38]
15:28:48.576-----------> Msg.getMsg: NOT found: ni.idempiere.toolbar.action.toolbarbtn.label [38]
15:28:48.576-----------> Msg.getMsg: NOT found: ni.idempiere.toolbar.action.toolbarbtn.tooltip [38]
