*** 2016-06-16 14:42:24.399 idempiere Log (CLogFile) ***
14:42:24.399 Adempiere.startup: iDempiere(r) Release 3.1_2015-10-31 -Smart Suite ERP, CRM and SCM- (c) 1999-2013 iDempiere(r); Implementation: iDempiere - Supported by iDempiere community [17]
14:42:24.399 Ini.loadProperties: E:\mercurialidempiere/idempiere-dev.properties #33 [17]
14:42:24.821 DB.isBuildOK: Build DB=${env.ADEMPIERE_VERSION} 20080428-1232 [17]
14:42:24.821 DB.isBuildOK: Build Cl=3.1.0.qualifier [17]
14:42:24.836-----------> DB.isBuildOK: Build Version Error 

The program assumes build version 3.1.0.qualifier, but database has build version ${env.ADEMPIERE_VERSION} 20080428-1232. 
This is likely to cause hard to fix errors. 
Please contact administrator. [17]
14:42:24.961 Language.getLanguage: Adding Language=en, Country=US, Locale=en_US [17]
14:42:24.961 Language.getLanguage: Adding Language=en, Country=US, Locale=en_US [17]
14:42:25.039 WebEnv.initWeb: Servlet Context Init Parameters: iDempiere Root
ServerRoot=1 [17]
14:42:25.039-----------> EMail.setFrom: you @ company.org: javax.mail.internet.AddressException: Local address contains control or whitespace in string ``you @ company.org'' [17]
14:42:25.055-----------> EMail.addTo: you @ company.org: javax.mail.internet.AddressException: Local address contains control or whitespace in string ``you @ company.org'' [17]
14:42:25.055-----------> EMail.isValid: From is invalid=null [17]
14:42:25.055-----------> EMail.isValid: From is invalid=null [17]
14:42:25.055-----------> MClient.sendEMail: Could NOT Send Email: Server started: iDempiere (odbz:10.0.5.43) to you @ company.org: Invalid Data (System) [17]
14:42:25.055 WebEnv.initWeb: Servlet Init Parameter: idempiereMonitor [17]
14:42:25.055 AdempiereMonitor.init:  [17]
14:42:26.633-----------> AnnotationConfiguration.configure: ServletContainerInitializers: detected. Class hierarchy: empty [17]
14:42:26.898-----------> ClassLocator.getDependentXMLResources: Replicate resource: ckez
Overwrite bundleresource://179.fwk1319287199:2/metainfo/zk/config.xml
with bundleresource://179.fwk1319287199:19/metainfo/zk/config.xml [17]
14:42:26.898-----------> ClassLocator.getDependentXMLResources: Replicate resource: zk
Overwrite bundleresource://179.fwk1319287199:11/metainfo/zk/config.xml
with bundleresource://179.fwk1319287199:28/metainfo/zk/config.xml [17]
14:42:26.913-----------> ClassLocator.getDependentXMLResources: Replicate resource: zkbind
Overwrite bundleresource://179.fwk1319287199:12/metainfo/zk/config.xml
with bundleresource://179.fwk1319287199:29/metainfo/zk/config.xml [17]
14:42:26.945-----------> ClassLocator.getDependentXMLResources: Replicate resource: zul
Overwrite bundleresource://179.fwk1319287199:14/metainfo/zk/zk.xml
with bundleresource://179.fwk1319287199:31/metainfo/zk/zk.xml [17]
14:42:27.335-----------> LanguageDefinition.<init>: Replicated language: xhtml, overriden by [LanguageDefinition: xhtml] [17]
14:42:27.367-----------> LanguageDefinition.<init>: Replicated language: xul/html, overriden by [LanguageDefinition: xul/html] [17]
14:42:27.429-----------> ClassLocator.getDependentXMLResources: Replicate resource: calendar
Overwrite bundleresource://179.fwk1319287199:1/metainfo/zk/lang-addon.xml
with bundleresource://179.fwk1319287199:18/metainfo/zk/lang-addon.xml [17]
14:42:27.429-----------> ClassLocator.getDependentXMLResources: Replicate resource: ckez
Overwrite bundleresource://179.fwk1319287199:2/metainfo/zk/lang-addon.xml
with bundleresource://179.fwk1319287199:19/metainfo/zk/lang-addon.xml [17]
14:42:27.445-----------> ClassLocator.getDependentXMLResources: Replicate resource: gmapsz
Overwrite bundleresource://179.fwk1319287199:5/metainfo/zk/lang-addon.xml
with bundleresource://179.fwk1319287199:22/metainfo/zk/lang-addon.xml [17]
14:42:27.445-----------> ClassLocator.getDependentXMLResources: Replicate resource: timeline
Overwrite bundleresource://179.fwk1319287199:6/metainfo/zk/lang-addon.xml
with bundleresource://179.fwk1319287199:23/metainfo/zk/lang-addon.xml [17]
14:42:27.445-----------> ClassLocator.getDependentXMLResources: Replicate resource: timeplot
Overwrite bundleresource://179.fwk1319287199:7/metainfo/zk/lang-addon.xml
with bundleresource://179.fwk1319287199:24/metainfo/zk/lang-addon.xml [17]
14:42:27.460-----------> ClassLocator.getDependentXMLResources: Replicate resource: zkbind
Overwrite bundleresource://179.fwk1319287199:12/metainfo/zk/lang-addon.xml
with bundleresource://179.fwk1319287199:29/metainfo/zk/lang-addon.xml [17]
14:42:27.476-----------> ClassLocator.getDependentXMLResources: Replicate resource: zkplus
Overwrite bundleresource://179.fwk1319287199:13/metainfo/zk/lang-addon.xml
with bundleresource://179.fwk1319287199:30/metainfo/zk/lang-addon.xml [17]
14:42:27.570           WebUIServlet.init: iDempiere Web Client started successfully [17]
14:42:28.538-----------> AnnotationConfiguration.configure: ServletContainerInitializers: detected. Class hierarchy: empty [17]

*** 2016-06-16 14:42:28.806 idempiere Log (CLogFile) ***
14:42:30.869-----------> Node: [10.0.5.43]:5701 [adempiere.idempiere/localhost] [3.5.3] No join method is enabled! Starting standalone. [48]
