*** 2016-07-13 16:20:43.463 idempiere Log (CLogFile) ***
16:20:43.463 Adempiere.startup: iDempiere(r) Release 3.1_2015-10-31 -Smart Suite ERP, CRM and SCM- (c) 1999-2013 iDempiere(r); Implementation: iDempiere - Supported by iDempiere community [17]
16:20:43.463 Ini.loadProperties: E:\mercurialidempiere/idempiere-test.properties #33 [17]
16:20:44.056 DB.isBuildOK: Build DB=${env.ADEMPIERE_VERSION} 20080428-1232 [17]
16:20:44.056 DB.isBuildOK: Build Cl=3.1.0.qualifier [17]
16:20:44.118-----------> DB.isBuildOK: Build Version Error 

The program assumes build version 3.1.0.qualifier, but database has build version ${env.ADEMPIERE_VERSION} 20080428-1232. 
This is likely to cause hard to fix errors. 
Please contact administrator. [17]
16:20:44.493 WebEnv.initWeb: Servlet Context Init Parameters: iDempiere Root
ServerRoot=1 [17]
16:20:44.500-----------> EMail.setFrom: you @ company.org: javax.mail.internet.AddressException: Local address contains control or whitespace in string ``you @ company.org'' [17]
16:20:44.516-----------> EMail.addTo: you @ company.org: javax.mail.internet.AddressException: Local address contains control or whitespace in string ``you @ company.org'' [17]
16:20:44.516-----------> EMail.isValid: From is invalid=null [17]
16:20:44.516-----------> EMail.isValid: From is invalid=null [17]
16:20:44.516-----------> MClient.sendEMail: Could NOT Send Email: Server started: iDempiere (odbz:10.0.5.58) to you @ company.org: Invalid Data (System) [17]
16:20:44.516 WebEnv.initWeb: Servlet Init Parameter: idempiereMonitor [17]
16:20:44.516 AdempiereMonitor.init:  [17]
16:20:50.228-----------> AnnotationConfiguration.configure: ServletContainerInitializers: detected. Class hierarchy: empty [17]
16:20:50.458-----------> ClassLocator.getDependentXMLResources: Replicate resource: ckez
Overwrite bundleresource://182.fwk491298318:2/metainfo/zk/config.xml
with bundleresource://182.fwk491298318:19/metainfo/zk/config.xml [17]
16:20:50.474-----------> ClassLocator.getDependentXMLResources: Replicate resource: zk
Overwrite bundleresource://182.fwk491298318:11/metainfo/zk/config.xml
with bundleresource://182.fwk491298318:28/metainfo/zk/config.xml [17]
16:20:50.474-----------> ClassLocator.getDependentXMLResources: Replicate resource: zkbind
Overwrite bundleresource://182.fwk491298318:12/metainfo/zk/config.xml
with bundleresource://182.fwk491298318:29/metainfo/zk/config.xml [17]
16:20:50.505-----------> ClassLocator.getDependentXMLResources: Replicate resource: zul
Overwrite bundleresource://182.fwk491298318:14/metainfo/zk/zk.xml
with bundleresource://182.fwk491298318:31/metainfo/zk/zk.xml [17]
16:20:50.818-----------> LanguageDefinition.<init>: Replicated language: xhtml, overriden by [LanguageDefinition: xhtml] [17]
16:20:50.833-----------> LanguageDefinition.<init>: Replicated language: xul/html, overriden by [LanguageDefinition: xul/html] [17]
16:20:50.896-----------> ClassLocator.getDependentXMLResources: Replicate resource: calendar
Overwrite bundleresource://182.fwk491298318:1/metainfo/zk/lang-addon.xml
with bundleresource://182.fwk491298318:18/metainfo/zk/lang-addon.xml [17]
16:20:50.896-----------> ClassLocator.getDependentXMLResources: Replicate resource: ckez
Overwrite bundleresource://182.fwk491298318:2/metainfo/zk/lang-addon.xml
with bundleresource://182.fwk491298318:19/metainfo/zk/lang-addon.xml [17]
16:20:50.912-----------> ClassLocator.getDependentXMLResources: Replicate resource: gmapsz
Overwrite bundleresource://182.fwk491298318:5/metainfo/zk/lang-addon.xml
with bundleresource://182.fwk491298318:22/metainfo/zk/lang-addon.xml [17]
16:20:50.912-----------> ClassLocator.getDependentXMLResources: Replicate resource: timeline
Overwrite bundleresource://182.fwk491298318:6/metainfo/zk/lang-addon.xml
with bundleresource://182.fwk491298318:23/metainfo/zk/lang-addon.xml [17]
16:20:50.912-----------> ClassLocator.getDependentXMLResources: Replicate resource: timeplot
Overwrite bundleresource://182.fwk491298318:7/metainfo/zk/lang-addon.xml
with bundleresource://182.fwk491298318:24/metainfo/zk/lang-addon.xml [17]
16:20:50.927-----------> ClassLocator.getDependentXMLResources: Replicate resource: zkbind
Overwrite bundleresource://182.fwk491298318:12/metainfo/zk/lang-addon.xml
with bundleresource://182.fwk491298318:29/metainfo/zk/lang-addon.xml [17]
16:20:50.927-----------> ClassLocator.getDependentXMLResources: Replicate resource: zkplus
Overwrite bundleresource://182.fwk491298318:13/metainfo/zk/lang-addon.xml
with bundleresource://182.fwk491298318:30/metainfo/zk/lang-addon.xml [17]
16:20:51.068           WebUIServlet.init: iDempiere Web Client started successfully [17]
16:20:52.058-----------> AnnotationConfiguration.configure: ServletContainerInitializers: detected. Class hierarchy: empty [17]

*** 2016-07-13 16:20:52.565 idempiere Log (CLogFile) ***
16:20:53.730-----------> Node: [10.0.5.58]:5701 [adempiere.idempiere/localhost] [3.5.3] No join method is enabled! Starting standalone. [41]
16:21:09.198-----------> Prop.loadProperties: E:\mercurialidempiere\home.properties not found [34]
16:21:09.198-----------> Prop.loadProperties: E:\mercurialidempiere\home.properties not found [30]
16:21:09.198-----------> Prop.loadProperties: !!WARNING:Please locate yout custom home.properties on iDEMPIERE_HOME. [34]
16:21:09.199-----------> Prop.loadProperties: !!WARNING:Please locate yout custom home.properties on iDEMPIERE_HOME. [30]
16:21:17.444-----------> Prop.loadProperties: E:\mercurialidempiere\home.properties not found [37]
16:21:17.444-----------> Prop.loadProperties: !!WARNING:Please locate yout custom home.properties on iDEMPIERE_HOME. [37]
