*** 2016-05-20 15:22:40.028 idempiere Log (CLogFile) ***
15:22:40.028 Adempiere.startup: iDempiere(r) Release 3.1_2015-10-31 -Smart Suite ERP, CRM and SCM- (c) 1999-2013 iDempiere(r); Implementation: iDempiere - Supported by iDempiere community [17]
15:22:40.028 Ini.loadProperties: E:\mercurialidempiere/idempiere.properties #32 [17]
15:22:40.665 DB.isBuildOK: Build DB=${env.ADEMPIERE_VERSION} 20080428-1232 [17]
15:22:40.665 DB.isBuildOK: Build Cl=3.1.0.qualifier [17]
15:22:40.685-----------> DB.isBuildOK: Build Version Error 

The program assumes build version 3.1.0.qualifier, but database has build version ${env.ADEMPIERE_VERSION} 20080428-1232. 
This is likely to cause hard to fix errors. 
Please contact administrator. [17]
15:22:40.807 Language.getLanguage: Adding Language=en, Country=US, Locale=en_US [17]
15:22:40.807 Language.getLanguage: Adding Language=en, Country=US, Locale=en_US [17]
15:22:40.885 WebEnv.initWeb: Servlet Context Init Parameters: iDempiere Root
ServerRoot=1 [17]
15:22:40.891-----------> EMail.setFrom: you @ company.org: javax.mail.internet.AddressException: Local address contains control or whitespace in string ``you @ company.org'' [17]
15:22:40.891-----------> EMail.addTo: you @ company.org: javax.mail.internet.AddressException: Local address contains control or whitespace in string ``you @ company.org'' [17]
15:22:40.891-----------> EMail.isValid: From is invalid=null [17]
15:22:40.891-----------> EMail.isValid: From is invalid=null [17]
15:22:40.906-----------> MClient.sendEMail: Could NOT Send Email: Server started: iDempiere (odbz:10.0.5.43) to you @ company.org: Invalid Data (System) [17]
15:22:40.906 WebEnv.initWeb: Servlet Init Parameter: idempiereMonitor [17]
15:22:40.906 AdempiereMonitor.init:  [17]
15:22:42.547-----------> AnnotationConfiguration.configure: ServletContainerInitializers: detected. Class hierarchy: empty [17]
15:22:42.844-----------> ClassLocator.getDependentXMLResources: Replicate resource: ckez
Overwrite bundleresource://178.fwk1399961333:2/metainfo/zk/config.xml
with bundleresource://178.fwk1399961333:19/metainfo/zk/config.xml [17]
15:22:42.844-----------> ClassLocator.getDependentXMLResources: Replicate resource: zk
Overwrite bundleresource://178.fwk1399961333:11/metainfo/zk/config.xml
with bundleresource://178.fwk1399961333:28/metainfo/zk/config.xml [17]
15:22:42.859-----------> ClassLocator.getDependentXMLResources: Replicate resource: zkbind
Overwrite bundleresource://178.fwk1399961333:12/metainfo/zk/config.xml
with bundleresource://178.fwk1399961333:29/metainfo/zk/config.xml [17]
15:22:42.890-----------> ClassLocator.getDependentXMLResources: Replicate resource: zul
Overwrite bundleresource://178.fwk1399961333:14/metainfo/zk/zk.xml
with bundleresource://178.fwk1399961333:31/metainfo/zk/zk.xml [17]
15:22:43.281-----------> LanguageDefinition.<init>: Replicated language: xhtml, overriden by [LanguageDefinition: xhtml] [17]
15:22:43.312-----------> LanguageDefinition.<init>: Replicated language: xul/html, overriden by [LanguageDefinition: xul/html] [17]
15:22:43.375-----------> ClassLocator.getDependentXMLResources: Replicate resource: calendar
Overwrite bundleresource://178.fwk1399961333:1/metainfo/zk/lang-addon.xml
with bundleresource://178.fwk1399961333:18/metainfo/zk/lang-addon.xml [17]
15:22:43.375-----------> ClassLocator.getDependentXMLResources: Replicate resource: ckez
Overwrite bundleresource://178.fwk1399961333:2/metainfo/zk/lang-addon.xml
with bundleresource://178.fwk1399961333:19/metainfo/zk/lang-addon.xml [17]
15:22:43.390-----------> ClassLocator.getDependentXMLResources: Replicate resource: gmapsz
Overwrite bundleresource://178.fwk1399961333:5/metainfo/zk/lang-addon.xml
with bundleresource://178.fwk1399961333:22/metainfo/zk/lang-addon.xml [17]
15:22:43.390-----------> ClassLocator.getDependentXMLResources: Replicate resource: timeline
Overwrite bundleresource://178.fwk1399961333:6/metainfo/zk/lang-addon.xml
with bundleresource://178.fwk1399961333:23/metainfo/zk/lang-addon.xml [17]
15:22:43.406-----------> ClassLocator.getDependentXMLResources: Replicate resource: timeplot
Overwrite bundleresource://178.fwk1399961333:7/metainfo/zk/lang-addon.xml
with bundleresource://178.fwk1399961333:24/metainfo/zk/lang-addon.xml [17]
15:22:43.422-----------> ClassLocator.getDependentXMLResources: Replicate resource: zkbind
Overwrite bundleresource://178.fwk1399961333:12/metainfo/zk/lang-addon.xml
with bundleresource://178.fwk1399961333:29/metainfo/zk/lang-addon.xml [17]
15:22:43.422-----------> ClassLocator.getDependentXMLResources: Replicate resource: zkplus
Overwrite bundleresource://178.fwk1399961333:13/metainfo/zk/lang-addon.xml
with bundleresource://178.fwk1399961333:30/metainfo/zk/lang-addon.xml [17]
15:22:43.578           WebUIServlet.init: iDempiere Web Client started successfully [17]
15:22:44.653-----------> AnnotationConfiguration.configure: ServletContainerInitializers: detected. Class hierarchy: empty [17]

*** 2016-05-20 15:22:44.912 idempiere Log (CLogFile) ***
15:22:46.893-----------> Node: [10.0.5.43]:5701 [adempiere.idempiere/localhost] [3.5.3] No join method is enabled! Starting standalone. [51]
15:23:23.128===========> MRole.addAccessSQL: TableName not correctly parsed - TableNameIn=C_Invoice - AccessSqlParser[C_Invoice=WHERE|0] - #1 C_Invoice=WHERE
 = SELECT C_Invoice_ID, DocumentNo, DateInvoiced, GrandTotal, Balance FROM C_Invoice WHERE  [37]
15:23:23.236-----------> LayoutRegion.setFlex: The flex attribute is deprecated, use setHflex and setVflex on child component instead. [37]
15:23:42.157===========> MRole.addAccessSQL: TableName not correctly parsed - TableNameIn=i - AccessSqlParser[|0]
 = SELECT	i.C_Invoice_ID 		,i.documentNo 		,i.dateinvoiced 		,i.grandtotal 		,(i.grandtotal - ABS(SUM(CASE WHEN al.amount IS NULL THEN 0 ELSE al.amount END))) Balance  FROM	C_Invoice i 		LEFT JOIN C_AllocationLine al ON (i.C_Invoice_ID=al.C_Invoice_ID AND al.C_Payment_ID IS NOT NULL) WHERE  i.C_DocTypetarget_ID=1000005 		AND i.DocStatus IN('CL','CO')   		AND (i.C_BPartner_ID=1000003)  GROUP BY i.C_Invoice_ID 		,i.documentno 		,i.dateinvoiced 		,i.grandtotal HAVING (i.grandtotal - ABS(SUM(CASE WHEN al.amount IS NULL THEN 0 ELSE al.amount END)))>0  [33]
