*** 2016-10-12 13:19:17.168 idempiere Log (CLogFile) ***
13:19:17.168 Adempiere.startup: iDempiere(r) Release 3.1_2015-10-31 -Smart Suite ERP, CRM and SCM- (c) 1999-2013 iDempiere(r); Implementation: iDempiere - Supported by iDempiere community [17]
13:19:17.184 Ini.loadProperties: E:\mercurialidempiere/idempiere.properties #33 [17]
13:19:17.793 AdempiereActivator.installPackage: ni.idempiere.importcurrencyrate 1.0.0 was installed: 2016-07-14 16:34:48.698 [17]
13:19:17.807 DB.isBuildOK: Build DB=${env.ADEMPIERE_VERSION} 20080428-1232 [17]
13:19:17.807 DB.isBuildOK: Build Cl=3.1.0.qualifier [17]
13:19:17.838-----------> DB.isBuildOK: Build Version Error 

The program assumes build version 3.1.0.qualifier, but database has build version ${env.ADEMPIERE_VERSION} 20080428-1232. 
This is likely to cause hard to fix errors. 
Please contact administrator. [17]
13:19:17.916 WebEnv.initWeb: Servlet Context Init Parameters: iDempiere Root
ServerRoot=1 [17]
13:19:17.932-----------> EMail.setFrom: you @ company.org: javax.mail.internet.AddressException: Local address contains control or whitespace in string ``you @ company.org'' [17]
13:19:17.932-----------> EMail.addTo: you @ company.org: javax.mail.internet.AddressException: Local address contains control or whitespace in string ``you @ company.org'' [17]
13:19:17.932-----------> EMail.isValid: From is invalid=null [17]
13:19:17.932-----------> EMail.isValid: From is invalid=null [17]
13:19:17.932-----------> MClient.sendEMail: Could NOT Send Email: Server started: iDempiere (odbz:192.168.163.1) to you @ company.org: Invalid Data (System) [17]
13:19:17.932 WebEnv.initWeb: Servlet Init Parameter: idempiereMonitor [17]
13:19:17.932 AdempiereMonitor.init:  [17]
13:19:19.657-----------> AnnotationConfiguration.configure: ServletContainerInitializers: detected. Class hierarchy: empty [17]
13:19:19.929-----------> ClassLocator.getDependentXMLResources: Replicate resource: ckez
Overwrite bundleresource://188.fwk176207911:2/metainfo/zk/config.xml
with bundleresource://188.fwk176207911:19/metainfo/zk/config.xml [17]
13:19:19.929-----------> ClassLocator.getDependentXMLResources: Replicate resource: zk
Overwrite bundleresource://188.fwk176207911:11/metainfo/zk/config.xml
with bundleresource://188.fwk176207911:28/metainfo/zk/config.xml [17]
13:19:19.945-----------> ClassLocator.getDependentXMLResources: Replicate resource: zkbind
Overwrite bundleresource://188.fwk176207911:12/metainfo/zk/config.xml
with bundleresource://188.fwk176207911:29/metainfo/zk/config.xml [17]
13:19:19.960-----------> ClassLocator.getDependentXMLResources: Replicate resource: zul
Overwrite bundleresource://188.fwk176207911:14/metainfo/zk/zk.xml
with bundleresource://188.fwk176207911:31/metainfo/zk/zk.xml [17]
13:19:20.403-----------> LanguageDefinition.<init>: Replicated language: xhtml, overriden by [LanguageDefinition: xhtml] [17]
13:19:20.438-----------> LanguageDefinition.<init>: Replicated language: xul/html, overriden by [LanguageDefinition: xul/html] [17]
13:19:20.482-----------> ClassLocator.getDependentXMLResources: Replicate resource: calendar
Overwrite bundleresource://188.fwk176207911:1/metainfo/zk/lang-addon.xml
with bundleresource://188.fwk176207911:18/metainfo/zk/lang-addon.xml [17]
13:19:20.497-----------> ClassLocator.getDependentXMLResources: Replicate resource: ckez
Overwrite bundleresource://188.fwk176207911:2/metainfo/zk/lang-addon.xml
with bundleresource://188.fwk176207911:19/metainfo/zk/lang-addon.xml [17]
13:19:20.497-----------> ClassLocator.getDependentXMLResources: Replicate resource: gmapsz
Overwrite bundleresource://188.fwk176207911:5/metainfo/zk/lang-addon.xml
with bundleresource://188.fwk176207911:22/metainfo/zk/lang-addon.xml [17]
13:19:20.497-----------> ClassLocator.getDependentXMLResources: Replicate resource: timeline
Overwrite bundleresource://188.fwk176207911:6/metainfo/zk/lang-addon.xml
with bundleresource://188.fwk176207911:23/metainfo/zk/lang-addon.xml [17]
13:19:20.497-----------> ClassLocator.getDependentXMLResources: Replicate resource: timeplot
Overwrite bundleresource://188.fwk176207911:7/metainfo/zk/lang-addon.xml
with bundleresource://188.fwk176207911:24/metainfo/zk/lang-addon.xml [17]
13:19:20.513-----------> ClassLocator.getDependentXMLResources: Replicate resource: zkbind
Overwrite bundleresource://188.fwk176207911:12/metainfo/zk/lang-addon.xml
with bundleresource://188.fwk176207911:29/metainfo/zk/lang-addon.xml [17]
13:19:20.513-----------> ClassLocator.getDependentXMLResources: Replicate resource: zkplus
Overwrite bundleresource://188.fwk176207911:13/metainfo/zk/lang-addon.xml
with bundleresource://188.fwk176207911:30/metainfo/zk/lang-addon.xml [17]
13:19:20.654           WebUIServlet.init: iDempiere Web Client started successfully [17]
13:19:21.811-----------> AnnotationConfiguration.configure: ServletContainerInitializers: detected. Class hierarchy: empty [17]

*** 2016-10-12 13:19:22.066 idempiere Log (CLogFile) ***
13:19:24.355-----------> Node: [192.168.163.1]:5701 [adempiere.idempiere/localhost] [3.5.3] No join method is enabled! Starting standalone. [50]
13:22:08.445-----------> Msg.getMsg: NOT found: ni.idempiere.toolbar.button.action.report.label [33]
13:22:08.445-----------> Msg.getMsg: NOT found: ni.idempiere.toolbar.button.action.report.tooltip [33]
13:22:13.095-----------> Msg.getMsg: NOT found: ni.idempiere.toolbar.button.action.report.label [33]
13:22:13.095-----------> Msg.getMsg: NOT found: ni.idempiere.toolbar.button.action.report.tooltip [33]
13:22:18.643-----------> Msg.getMsg: NOT found: ni.idempiere.toolbar.button.action.report.label [33]
13:22:18.643-----------> Msg.getMsg: NOT found: ni.idempiere.toolbar.button.action.report.tooltip [33]
13:22:22.270-----------> Msg.getMsg: NOT found: ni.idempiere.toolbar.button.action.report.label [33]
13:22:22.270-----------> Msg.getMsg: NOT found: ni.idempiere.toolbar.button.action.report.tooltip [33]
13:23:53.220-----------> DefaultProcessFactory.newProcessInstance: ni.idempiere.process.LCO_GenerateWithholding [155]
java.lang.ClassNotFoundException: ni.idempiere.process.LCO_GenerateWithholding cannot be found by org.adempiere.base_3.1.0.qualifier
	at org.eclipse.osgi.internal.loader.BundleLoader.findClassInternal(BundleLoader.java:432)
	at org.eclipse.osgi.internal.loader.BundleLoader.findClass(BundleLoader.java:345)
	at org.eclipse.osgi.internal.loader.BundleLoader.findClass(BundleLoader.java:337)
	at org.eclipse.osgi.internal.loader.ModuleClassLoader.loadClass(ModuleClassLoader.java:160)
	at java.lang.ClassLoader.loadClass(Unknown Source)
	at org.adempiere.base.DefaultProcessFactory.newProcessInstance(DefaultProcessFactory.java:64)
	at org.adempiere.base.Core.getProcess(Core.java:127)
	at org.adempiere.util.ProcessUtil.startJavaProcess(ProcessUtil.java:159)
	at org.compiere.apps.AbstractProcessCtl.startProcess(AbstractProcessCtl.java:466)
	at org.compiere.apps.AbstractProcessCtl.run(AbstractProcessCtl.java:234)
	at org.adempiere.webui.apps.WProcessCtl.process(WProcessCtl.java:197)
	at org.adempiere.webui.apps.AbstractProcessDialog$ProcessDialogRunnable.doRun(AbstractProcessDialog.java:1060)
	at org.adempiere.util.ContextRunnable.run(ContextRunnable.java:38)
	at org.adempiere.webui.apps.DesktopRunnable.run(DesktopRunnable.java:40)
	at java.util.concurrent.Executors$RunnableAdapter.call(Unknown Source)
	at java.util.concurrent.FutureTask.run(Unknown Source)
	at java.util.concurrent.ScheduledThreadPoolExecutor$ScheduledFutureTask.access$201(Unknown Source)
	at java.util.concurrent.ScheduledThreadPoolExecutor$ScheduledFutureTask.run(Unknown Source)
	at java.util.concurrent.ThreadPoolExecutor.runWorker(Unknown Source)
	at java.util.concurrent.ThreadPoolExecutor$Worker.run(Unknown Source)
	at java.lang.Thread.run(Unknown Source)

13:24:00.448-----------> AlertDefaultProcessFactory.newProcessInstance: ni.idempiere.process.LCO_GenerateWithholding [155]
java.lang.ClassNotFoundException: ni.idempiere.process.LCO_GenerateWithholding cannot be found by ni.hmil.override.codebase_1.0.0.qualifier
	at org.eclipse.osgi.internal.loader.BundleLoader.findClassInternal(BundleLoader.java:432)
	at org.eclipse.osgi.internal.loader.BundleLoader.findClass(BundleLoader.java:345)
	at org.eclipse.osgi.internal.loader.BundleLoader.findClass(BundleLoader.java:337)
	at org.eclipse.osgi.internal.loader.ModuleClassLoader.loadClass(ModuleClassLoader.java:160)
	at java.lang.ClassLoader.loadClass(Unknown Source)
	at org.adempiere.base.AlertDefaultProcessFactory.newProcessInstance(AlertDefaultProcessFactory.java:45)
	at org.adempiere.base.Core.getProcess(Core.java:127)
	at org.adempiere.util.ProcessUtil.startJavaProcess(ProcessUtil.java:159)
	at org.compiere.apps.AbstractProcessCtl.startProcess(AbstractProcessCtl.java:466)
	at org.compiere.apps.AbstractProcessCtl.run(AbstractProcessCtl.java:234)
	at org.adempiere.webui.apps.WProcessCtl.process(WProcessCtl.java:197)
	at org.adempiere.webui.apps.AbstractProcessDialog$ProcessDialogRunnable.doRun(AbstractProcessDialog.java:1060)
	at org.adempiere.util.ContextRunnable.run(ContextRunnable.java:38)
	at org.adempiere.webui.apps.DesktopRunnable.run(DesktopRunnable.java:40)
	at java.util.concurrent.Executors$RunnableAdapter.call(Unknown Source)
	at java.util.concurrent.FutureTask.run(Unknown Source)
	at java.util.concurrent.ScheduledThreadPoolExecutor$ScheduledFutureTask.access$201(Unknown Source)
	at java.util.concurrent.ScheduledThreadPoolExecutor$ScheduledFutureTask.run(Unknown Source)
	at java.util.concurrent.ThreadPoolExecutor.runWorker(Unknown Source)
	at java.util.concurrent.ThreadPoolExecutor$Worker.run(Unknown Source)
	at java.lang.Thread.run(Unknown Source)

13:24:24.723===========> DesktopImpl.service: [Desktop z_dq10:/index.zul] client error: Fallo al procesar 
script
Cannot read property 'focus' of null (TypeError) [33]
13:24:26.335-----------> Msg.getMsg: NOT found: ni.idempiere.toolbar.button.action.report.label [31]
13:24:26.335-----------> Msg.getMsg: NOT found: ni.idempiere.toolbar.button.action.report.tooltip [31]
13:27:07.221-----------> Msg.getMsg: NOT found: ni.idempiere.toolbar.button.action.report.label [33]
13:27:07.221-----------> Msg.getMsg: NOT found: ni.idempiere.toolbar.button.action.report.tooltip [33]
14:29:51.515-----------> ClusterService: [192.168.163.1]:5701 [adempiere.idempiere/localhost] [3.5.3] Resetting master confirmation timestamps because of huge system clock jump! Clock-Jump: 3524095ms, Master-Confirmation-Timeout: 500000ms. [92]
14:32:00.628-----------> Msg.getMsg: NOT found: ni.idempiere.toolbar.button.action.report.label [219]
14:32:00.644-----------> Msg.getMsg: NOT found: ni.idempiere.toolbar.button.action.report.tooltip [219]
14:33:39.622-----------> Msg.getMsg: NOT found: ni.idempiere.toolbar.button.action.report.label [38]
14:33:39.622-----------> Msg.getMsg: NOT found: ni.idempiere.toolbar.button.action.report.tooltip [38]
14:33:41.572-----------> Msg.getMsg: NOT found: ni.idempiere.toolbar.button.action.report.label [217]
14:33:41.572-----------> Msg.getMsg: NOT found: ni.idempiere.toolbar.button.action.report.tooltip [217]
14:34:52.585-----------> Msg.getMsg: NOT found: ni.idempiere.toolbar.button.action.report.label [217]
14:34:52.585-----------> Msg.getMsg: NOT found: ni.idempiere.toolbar.button.action.report.tooltip [217]
14:35:43.635-----------> Msg.getMsg: NOT found: ni.idempiere.toolbar.button.action.report.label [219]
14:35:43.635-----------> Msg.getMsg: NOT found: ni.idempiere.toolbar.button.action.report.tooltip [219]
14:36:39.330===========> MRole.getOrgWhere: No Access Org records [216]
14:36:58.906-----------> Msg.getMsg: NOT found: ni.idempiere.toolbar.button.action.report.label [227]
14:36:58.906-----------> Msg.getMsg: NOT found: ni.idempiere.toolbar.button.action.report.tooltip [227]
14:37:11.058-----------> Msg.getMsg: NOT found: ni.idempiere.toolbar.button.action.report.label [227]
14:37:11.058-----------> Msg.getMsg: NOT found: ni.idempiere.toolbar.button.action.report.tooltip [227]
14:37:27.389-----------> Msg.getMsg: NOT found: ni.idempiere.toolbar.button.action.report.label [216]
14:37:27.389-----------> Msg.getMsg: NOT found: ni.idempiere.toolbar.button.action.report.tooltip [216]
14:37:51.671-----------> Msg.getMsg: NOT found: ni.idempiere.toolbar.button.action.report.label [227]
14:37:51.671-----------> Msg.getMsg: NOT found: ni.idempiere.toolbar.button.action.report.tooltip [227]
14:38:24.842-----------> Msg.getMsg: NOT found: ni.idempiere.toolbar.button.action.report.label [217]
14:38:24.842-----------> Msg.getMsg: NOT found: ni.idempiere.toolbar.button.action.report.tooltip [217]
14:38:49.766-----------> Msg.getMsg: NOT found: ni.idempiere.toolbar.button.action.report.label [219]
14:38:49.766-----------> Msg.getMsg: NOT found: ni.idempiere.toolbar.button.action.report.tooltip [219]
14:40:59.514-----------> Msg.getMsg: NOT found: ni.idempiere.toolbar.button.action.report.label [228]
14:40:59.530-----------> Msg.getMsg: NOT found: ni.idempiere.toolbar.button.action.report.tooltip [228]
14:41:06.477-----------> Msg.getMsg: NOT found: ni.idempiere.toolbar.button.action.report.label [38]
14:41:06.477-----------> Msg.getMsg: NOT found: ni.idempiere.toolbar.button.action.report.tooltip [38]
14:41:07.269-----------> Msg.getMsg: NOT found: ni.idempiere.toolbar.button.action.report.label [228]
14:41:07.269-----------> Msg.getMsg: NOT found: ni.idempiere.toolbar.button.action.report.tooltip [228]
14:41:56.860-----------> Msg.getMsg: NOT found: ni.idempiere.toolbar.button.action.report.label [227]
14:41:56.860-----------> Msg.getMsg: NOT found: ni.idempiere.toolbar.button.action.report.tooltip [227]
14:42:32.755-----------> Msg.getMsg: NOT found: ni.idempiere.toolbar.button.action.report.label [228]
14:42:32.755-----------> Msg.getMsg: NOT found: ni.idempiere.toolbar.button.action.report.tooltip [228]
14:42:51.731-----------> Msg.getMsg: NOT found: ni.idempiere.toolbar.button.action.report.label [228]
14:42:51.731-----------> Msg.getMsg: NOT found: ni.idempiere.toolbar.button.action.report.tooltip [228]
14:43:05.631-----------> MPeriod.isOpen: May-16 - Period Control not found for NAC [228]
14:43:05.631-----------> MPeriod.isOpen: May-16: Not open for NAC (2016-05-31 00:00:00.0) [228]
14:43:05.637===========> CalloutEngine.start: start: dateAcct [228]
org.adempiere.exceptions.PeriodClosedException: Periodo Cerrado Fecha=2016-05-31 00:00:00.0, Tipo de Documento Base=Sin Contabilidad
	at org.compiere.model.MPeriod.testPeriodOpen(MPeriod.java:798)
	at org.compiere.model.MPeriod.testPeriodOpen(MPeriod.java:831)
	at org.compiere.model.CalloutEngine.checkPeriodOpen(CalloutEngine.java:280)
	at org.compiere.model.CalloutEngine.dateAcct(CalloutEngine.java:234)
	at sun.reflect.NativeMethodAccessorImpl.invoke0(Native Method)
	at sun.reflect.NativeMethodAccessorImpl.invoke(Unknown Source)
	at sun.reflect.DelegatingMethodAccessorImpl.invoke(Unknown Source)
	at java.lang.reflect.Method.invoke(Unknown Source)
	at org.compiere.model.CalloutEngine.start(CalloutEngine.java:109)
	at org.compiere.model.GridTab.processCallout(GridTab.java:2935)
	at org.compiere.model.GridTab.dataNew(GridTab.java:1193)
	at org.adempiere.webui.adwindow.AbstractADWindowContent.onCopyCallback(AbstractADWindowContent.java:1912)
	at org.adempiere.webui.adwindow.AbstractADWindowContent.access$13(AbstractADWindowContent.java:1902)
	at org.adempiere.webui.adwindow.AbstractADWindowContent$22.onCallback(AbstractADWindowContent.java:1892)
	at org.adempiere.webui.adwindow.AbstractADWindowContent$22.onCallback(AbstractADWindowContent.java:1)
	at org.adempiere.webui.adwindow.validator.WindowValidatorManager$ChainCallback.start(WindowValidatorManager.java:124)
	at org.adempiere.webui.adwindow.validator.WindowValidatorManager.fireWindowValidatorEvent(WindowValidatorManager.java:103)
	at org.adempiere.webui.adwindow.AbstractADWindowContent.onCopy(AbstractADWindowContent.java:1898)
	at sun.reflect.NativeMethodAccessorImpl.invoke0(Native Method)
	at sun.reflect.NativeMethodAccessorImpl.invoke(Unknown Source)
	at sun.reflect.DelegatingMethodAccessorImpl.invoke(Unknown Source)

14:43:13.389-----------> Msg.getMsg: NOT found: ni.idempiere.toolbar.button.action.report.label [228]
14:43:13.389-----------> Msg.getMsg: NOT found: ni.idempiere.toolbar.button.action.report.tooltip [228]
14:43:43.140-----------> MPeriod.isOpen: May-16 - Period Control not found for NAC [38]
14:43:43.140-----------> MPeriod.isOpen: May-16: Not open for NAC (2016-05-31 00:00:00.0) [38]
