*** 2016-09-12 10:12:16.133 idempiere Log (CLogFile) ***
10:12:16.133 Adempiere.startup: iDempiere(r) Release 3.1_2015-10-31 -Smart Suite ERP, CRM and SCM- (c) 1999-2013 iDempiere(r); Implementation: iDempiere - Supported by iDempiere community [17]
10:12:16.133 Ini.loadProperties: E:\mercurialidempiere/idempiere.properties #33 [17]
10:12:16.769 AdempiereActivator.installPackage: ni.idempiere.importcurrencyrate 1.0.0 was installed: 2016-07-14 16:34:48.698 [17]
10:12:16.784 DB.isBuildOK: Build DB=${env.ADEMPIERE_VERSION} 20080428-1232 [17]
10:12:16.784 DB.isBuildOK: Build Cl=3.1.0.qualifier [17]
10:12:16.808-----------> DB.isBuildOK: Build Version Error 

The program assumes build version 3.1.0.qualifier, but database has build version ${env.ADEMPIERE_VERSION} 20080428-1232. 
This is likely to cause hard to fix errors. 
Please contact administrator. [17]
10:12:16.879 WebEnv.initWeb: Servlet Context Init Parameters: iDempiere Root
ServerRoot=1 [17]
10:12:16.970-----------> EMail.setFrom: you @ company.org: javax.mail.internet.AddressException: Local address contains control or whitespace in string ``you @ company.org'' [17]
10:12:16.985-----------> EMail.addTo: you @ company.org: javax.mail.internet.AddressException: Local address contains control or whitespace in string ``you @ company.org'' [17]
10:12:16.985-----------> EMail.isValid: From is invalid=null [17]
10:12:16.985-----------> EMail.isValid: From is invalid=null [17]
10:12:16.985-----------> MClient.sendEMail: Could NOT Send Email: Server started: iDempiere (odbz:192.168.163.1) to you @ company.org: Invalid Data (System) [17]
10:12:16.985 WebEnv.initWeb: Servlet Init Parameter: idempiereMonitor [17]
10:12:16.985 AdempiereMonitor.init:  [17]
10:12:19.013-----------> AnnotationConfiguration.configure: ServletContainerInitializers: detected. Class hierarchy: empty [17]
10:12:19.279-----------> ClassLocator.getDependentXMLResources: Replicate resource: ckez
Overwrite bundleresource://184.fwk1319287199:2/metainfo/zk/config.xml
with bundleresource://184.fwk1319287199:19/metainfo/zk/config.xml [17]
10:12:19.279-----------> ClassLocator.getDependentXMLResources: Replicate resource: zk
Overwrite bundleresource://184.fwk1319287199:11/metainfo/zk/config.xml
with bundleresource://184.fwk1319287199:28/metainfo/zk/config.xml [17]
10:12:19.279-----------> ClassLocator.getDependentXMLResources: Replicate resource: zkbind
Overwrite bundleresource://184.fwk1319287199:12/metainfo/zk/config.xml
with bundleresource://184.fwk1319287199:29/metainfo/zk/config.xml [17]
10:12:19.310-----------> ClassLocator.getDependentXMLResources: Replicate resource: zul
Overwrite bundleresource://184.fwk1319287199:14/metainfo/zk/zk.xml
with bundleresource://184.fwk1319287199:31/metainfo/zk/zk.xml [17]
10:12:19.722-----------> LanguageDefinition.<init>: Replicated language: xhtml, overriden by [LanguageDefinition: xhtml] [17]
10:12:19.758-----------> LanguageDefinition.<init>: Replicated language: xul/html, overriden by [LanguageDefinition: xul/html] [17]
10:12:19.826-----------> ClassLocator.getDependentXMLResources: Replicate resource: calendar
Overwrite bundleresource://184.fwk1319287199:1/metainfo/zk/lang-addon.xml
with bundleresource://184.fwk1319287199:18/metainfo/zk/lang-addon.xml [17]
10:12:19.830-----------> ClassLocator.getDependentXMLResources: Replicate resource: ckez
Overwrite bundleresource://184.fwk1319287199:2/metainfo/zk/lang-addon.xml
with bundleresource://184.fwk1319287199:19/metainfo/zk/lang-addon.xml [17]
10:12:19.842-----------> ClassLocator.getDependentXMLResources: Replicate resource: gmapsz
Overwrite bundleresource://184.fwk1319287199:5/metainfo/zk/lang-addon.xml
with bundleresource://184.fwk1319287199:22/metainfo/zk/lang-addon.xml [17]
10:12:19.846-----------> ClassLocator.getDependentXMLResources: Replicate resource: timeline
Overwrite bundleresource://184.fwk1319287199:6/metainfo/zk/lang-addon.xml
with bundleresource://184.fwk1319287199:23/metainfo/zk/lang-addon.xml [17]
10:12:19.850-----------> ClassLocator.getDependentXMLResources: Replicate resource: timeplot
Overwrite bundleresource://184.fwk1319287199:7/metainfo/zk/lang-addon.xml
with bundleresource://184.fwk1319287199:24/metainfo/zk/lang-addon.xml [17]
10:12:19.866-----------> ClassLocator.getDependentXMLResources: Replicate resource: zkbind
Overwrite bundleresource://184.fwk1319287199:12/metainfo/zk/lang-addon.xml
with bundleresource://184.fwk1319287199:29/metainfo/zk/lang-addon.xml [17]
10:12:19.874-----------> ClassLocator.getDependentXMLResources: Replicate resource: zkplus
Overwrite bundleresource://184.fwk1319287199:13/metainfo/zk/lang-addon.xml
with bundleresource://184.fwk1319287199:30/metainfo/zk/lang-addon.xml [17]
10:12:20.163           WebUIServlet.init: iDempiere Web Client started successfully [17]
10:12:21.373-----------> AnnotationConfiguration.configure: ServletContainerInitializers: detected. Class hierarchy: empty [17]

*** 2016-09-12 10:12:21.65 idempiere Log (CLogFile) ***
10:12:24.187-----------> Node: [172.16.45.239]:5701 [adempiere.idempiere/localhost] [3.5.3] No join method is enabled! Starting standalone. [43]
