*** 2016-06-16 10:02:28.93 idempiere Log (CLogFile) ***
10:02:28.930 Adempiere.startup: iDempiere(r) Release 3.1_2015-10-31 -Smart Suite ERP, CRM and SCM- (c) 1999-2013 iDempiere(r); Implementation: iDempiere - Supported by iDempiere community [17]
10:02:28.930 Ini.loadProperties: E:\mercurialidempiere/idempiere-dev.properties #33 [17]
10:02:29.368 DB.isBuildOK: Build DB=${env.ADEMPIERE_VERSION} 20080428-1232 [17]
10:02:29.368 DB.isBuildOK: Build Cl=3.1.0.qualifier [17]
10:02:29.383-----------> DB.isBuildOK: Build Version Error 

The program assumes build version 3.1.0.qualifier, but database has build version ${env.ADEMPIERE_VERSION} 20080428-1232. 
This is likely to cause hard to fix errors. 
Please contact administrator. [17]
10:02:29.493 Language.getLanguage: Adding Language=en, Country=US, Locale=en_US [17]
10:02:29.493 Language.getLanguage: Adding Language=en, Country=US, Locale=en_US [17]
10:02:29.555 WebEnv.initWeb: Servlet Context Init Parameters: iDempiere Root
ServerRoot=1 [17]
10:02:29.571-----------> EMail.setFrom: you @ company.org: javax.mail.internet.AddressException: Local address contains control or whitespace in string ``you @ company.org'' [17]
10:02:29.571-----------> EMail.addTo: you @ company.org: javax.mail.internet.AddressException: Local address contains control or whitespace in string ``you @ company.org'' [17]
10:02:29.571-----------> EMail.isValid: From is invalid=null [17]
10:02:29.571-----------> EMail.isValid: From is invalid=null [17]
10:02:29.571-----------> MClient.sendEMail: Could NOT Send Email: Server started: iDempiere (odbz:10.0.5.43) to you @ company.org: Invalid Data (System) [17]
10:02:29.571 WebEnv.initWeb: Servlet Init Parameter: idempiereMonitor [17]
10:02:29.571 AdempiereMonitor.init:  [17]
10:02:31.211-----------> AnnotationConfiguration.configure: ServletContainerInitializers: detected. Class hierarchy: empty [17]
10:02:31.470-----------> ClassLocator.getDependentXMLResources: Replicate resource: ckez
Overwrite bundleresource://179.fwk1399961333:2/metainfo/zk/config.xml
with bundleresource://179.fwk1399961333:19/metainfo/zk/config.xml [17]
10:02:31.470-----------> ClassLocator.getDependentXMLResources: Replicate resource: zk
Overwrite bundleresource://179.fwk1399961333:11/metainfo/zk/config.xml
with bundleresource://179.fwk1399961333:28/metainfo/zk/config.xml [17]
10:02:31.470-----------> ClassLocator.getDependentXMLResources: Replicate resource: zkbind
Overwrite bundleresource://179.fwk1399961333:12/metainfo/zk/config.xml
with bundleresource://179.fwk1399961333:29/metainfo/zk/config.xml [17]
10:02:31.502-----------> ClassLocator.getDependentXMLResources: Replicate resource: zul
Overwrite bundleresource://179.fwk1399961333:14/metainfo/zk/zk.xml
with bundleresource://179.fwk1399961333:31/metainfo/zk/zk.xml [17]
10:02:31.877-----------> LanguageDefinition.<init>: Replicated language: xhtml, overriden by [LanguageDefinition: xhtml] [17]
10:02:31.908-----------> LanguageDefinition.<init>: Replicated language: xul/html, overriden by [LanguageDefinition: xul/html] [17]
10:02:31.970-----------> ClassLocator.getDependentXMLResources: Replicate resource: calendar
Overwrite bundleresource://179.fwk1399961333:1/metainfo/zk/lang-addon.xml
with bundleresource://179.fwk1399961333:18/metainfo/zk/lang-addon.xml [17]
10:02:31.970-----------> ClassLocator.getDependentXMLResources: Replicate resource: ckez
Overwrite bundleresource://179.fwk1399961333:2/metainfo/zk/lang-addon.xml
with bundleresource://179.fwk1399961333:19/metainfo/zk/lang-addon.xml [17]
10:02:31.970-----------> ClassLocator.getDependentXMLResources: Replicate resource: gmapsz
Overwrite bundleresource://179.fwk1399961333:5/metainfo/zk/lang-addon.xml
with bundleresource://179.fwk1399961333:22/metainfo/zk/lang-addon.xml [17]
10:02:31.970-----------> ClassLocator.getDependentXMLResources: Replicate resource: timeline
Overwrite bundleresource://179.fwk1399961333:6/metainfo/zk/lang-addon.xml
with bundleresource://179.fwk1399961333:23/metainfo/zk/lang-addon.xml [17]
10:02:31.986-----------> ClassLocator.getDependentXMLResources: Replicate resource: timeplot
Overwrite bundleresource://179.fwk1399961333:7/metainfo/zk/lang-addon.xml
with bundleresource://179.fwk1399961333:24/metainfo/zk/lang-addon.xml [17]
10:02:32.002-----------> ClassLocator.getDependentXMLResources: Replicate resource: zkbind
Overwrite bundleresource://179.fwk1399961333:12/metainfo/zk/lang-addon.xml
with bundleresource://179.fwk1399961333:29/metainfo/zk/lang-addon.xml [17]
10:02:32.002-----------> ClassLocator.getDependentXMLResources: Replicate resource: zkplus
Overwrite bundleresource://179.fwk1399961333:13/metainfo/zk/lang-addon.xml
with bundleresource://179.fwk1399961333:30/metainfo/zk/lang-addon.xml [17]
10:02:32.127           WebUIServlet.init: iDempiere Web Client started successfully [17]
10:02:33.127-----------> AnnotationConfiguration.configure: ServletContainerInitializers: detected. Class hierarchy: empty [17]

*** 2016-06-16 10:02:33.343 idempiere Log (CLogFile) ***
10:02:35.233-----------> Node: [10.0.5.43]:5701 [adempiere.idempiere/localhost] [3.5.3] No join method is enabled! Starting standalone. [42]
11:22:20.992-----------> GridTable.saveWarning: FillMandatory - Name
 [33]
11:28:33.992===========> MRule.saveError: Error - Wrong Script Value - format for JSR 223 Script must be engine:scriptName where supported engines must be something like groovy, jython, beanshell [31]
11:28:33.992-----------> MRule.save: beforeSave failed - MRule[0-dfsdf] [31]
11:28:34.002-----------> GridTable.saveWarning: Error - Wrong Script Value - format for JSR 223 Script must be engine:scriptName where supported engines must be something like groovy, jython, beanshell [31]
11:42:47.318===========> GridTab.processCallout: NoCurrencyConversion [31]
11:42:56.183===========> MPaymentAllocate.saveError: FillMandatory - Organization [31]
11:42:56.184-----------> GridTable.saveWarning: FillMandatory - Organization [31]
11:46:40.947===========> GridTab.processCallout: start [31]
java.lang.ClassCastException: java.math.BigDecimal cannot be cast to java.lang.Integer
	at ni.hmil.override.callout.NICalloutPayment.amounts(NICalloutPayment.java:331)
	at ni.hmil.override.callout.NICalloutPayment.start(NICalloutPayment.java:42)
	at org.compiere.model.GridTab.processCallout(GridTab.java:2971)
	at org.compiere.model.GridTab.processFieldChange(GridTab.java:2749)
	at org.adempiere.webui.adwindow.ADTabpanel.dataStatusChanged(ADTabpanel.java:1240)
	at org.compiere.model.GridTab.fireDataStatusChanged(GridTab.java:2362)
	at org.compiere.model.GridTab.dataStatusChanged(GridTab.java:2330)
	at org.compiere.model.GridTable.fireDataStatusChanged(GridTable.java:3348)
	at org.compiere.model.GridTable.setValueAt(GridTable.java:1325)
	at org.compiere.model.GridTable.setValueAt(GridTable.java:1250)
	at org.adempiere.webui.util.GridTabDataBinder.valueChange(GridTabDataBinder.java:126)
	at org.adempiere.webui.editor.WEditor.fireValueChange(WEditor.java:403)
	at org.adempiere.webui.editor.WNumberEditor.onEvent(WNumberEditor.java:187)
	at org.zkoss.zk.ui.AbstractComponent.onEvent(AbstractComponent.java:2773)
	at org.zkoss.zk.ui.AbstractComponent.service(AbstractComponent.java:2744)
	at org.zkoss.zk.ui.AbstractComponent.service(AbstractComponent.java:2685)
	at org.zkoss.zk.ui.impl.EventProcessor.process(EventProcessor.java:136)
	at org.zkoss.zk.ui.impl.UiEngineImpl.processEvent(UiEngineImpl.java:1765)
	at org.zkoss.zk.ui.impl.UiEngineImpl.process(UiEngineImpl.java:1550)
	at org.zkoss.zk.ui.impl.UiEngineImpl.execUpdate(UiEngineImpl.java:1260)
	at org.zkoss.zk.au.http.DHtmlUpdateServlet.process(DHtmlUpdateServlet.java:611)

11:46:40.996-----------> Msg.getMsg: NOT found: Callout Invalid: java.lang.ClassCastException: java.math.BigDecimal cannot be cast to java.lang.Integer [31]
11:46:45.068===========> NIMPayment.beforeSave: Log desde NINSSMPayment... [31]
11:47:00.138===========> GridTab.processCallout: NoCurrencyConversion [200]
11:47:23.404===========> MPaymentAllocate.saveError: FillMandatory - Organization [200]
11:47:23.405-----------> GridTable.saveWarning: FillMandatory - Organization [200]
11:47:53.095===========> GridTab.processCallout: start [216]
java.lang.ClassCastException: java.math.BigDecimal cannot be cast to java.lang.Integer
	at ni.hmil.override.callout.NICalloutPayment.amounts(NICalloutPayment.java:331)
	at ni.hmil.override.callout.NICalloutPayment.start(NICalloutPayment.java:42)
	at org.compiere.model.GridTab.processCallout(GridTab.java:2971)
	at org.compiere.model.GridTab.processFieldChange(GridTab.java:2749)
	at org.adempiere.webui.adwindow.ADTabpanel.dataStatusChanged(ADTabpanel.java:1240)
	at org.compiere.model.GridTab.fireDataStatusChanged(GridTab.java:2362)
	at org.compiere.model.GridTab.dataStatusChanged(GridTab.java:2330)
	at org.compiere.model.GridTable.fireDataStatusChanged(GridTable.java:3348)
	at org.compiere.model.GridTable.setValueAt(GridTable.java:1325)
	at org.compiere.model.GridTable.setValueAt(GridTable.java:1250)
	at org.adempiere.webui.util.GridTabDataBinder.valueChange(GridTabDataBinder.java:97)
	at org.adempiere.webui.editor.WEditor.fireValueChange(WEditor.java:403)
	at org.adempiere.webui.editor.WNumberEditor.onEvent(WNumberEditor.java:187)
	at org.zkoss.zk.ui.AbstractComponent.onEvent(AbstractComponent.java:2773)
	at org.zkoss.zk.ui.AbstractComponent.service(AbstractComponent.java:2744)
	at org.zkoss.zk.ui.AbstractComponent.service(AbstractComponent.java:2685)
	at org.zkoss.zk.ui.impl.EventProcessor.process(EventProcessor.java:136)
	at org.zkoss.zk.ui.impl.UiEngineImpl.processEvent(UiEngineImpl.java:1765)
	at org.zkoss.zk.ui.impl.UiEngineImpl.process(UiEngineImpl.java:1550)
	at org.zkoss.zk.ui.impl.UiEngineImpl.execUpdate(UiEngineImpl.java:1260)
	at org.zkoss.zk.au.http.DHtmlUpdateServlet.process(DHtmlUpdateServlet.java:611)

11:47:53.114-----------> Msg.getMsg: NOT found: Callout Invalid: java.lang.ClassCastException: java.math.BigDecimal cannot be cast to java.lang.Integer [216]
11:47:56.842===========> NIMPayment.beforeSave: Log desde NINSSMPayment... [200]
11:50:25.588===========> NIMPayment.beforeSave: Log desde NINSSMPayment... [221]
11:51:16.768===========> GridTab.processCallout: NoCurrencyConversion [31]
11:51:22.903-----------> Env.getContextAsDate: No value for: DateTrx [220]
11:51:29.538===========> MPaymentAllocate.saveError: FillMandatory - Organization [220]
11:51:29.538-----------> GridTable.saveWarning: FillMandatory - Organization [220]
11:51:34.233===========> MPaymentAllocate.saveError: Error - javax.script.ScriptException: Sourced file: inline evaluation of: ``import java.math.BigDecimal; A_PO.setDiscountAmt(new BigDecimal(10.05)); A_Tab.s . . . '' : Attempt to resolve method: setValue() on undefined variable or class name: A_Tab : at Line: 1 : in file: inline evaluation of: ``import java.math.BigDecimal; A_PO.setDiscountAmt(new BigDecimal(10.05)); A_Tab.s . . . '' : A_Tab .setValue ( "DiscountAmt" , new BigDecimal ( 10.05 ) ) 
 in inline evaluation of: ``import java.math.BigDecimal; A_PO.setDiscountAmt(new BigDecimal(10.05)); A_Tab.s . . . '' at line number 1 [200]
11:51:34.235===========> MPaymentAllocate.saveError: Error - javax.script.ScriptException: Sourced file: inline evaluation of: ``import java.math.BigDecimal; A_PO.setDiscountAmt(new BigDecimal(10.05)); A_Tab.s . . . '' : Attempt to resolve method: setValue() on undefined variable or class name: A_Tab : at Line: 1 : in file: inline evaluation of: ``import java.math.BigDecimal; A_PO.setDiscountAmt(new BigDecimal(10.05)); A_Tab.s . . . '' : A_Tab .setValue ( "DiscountAmt" , new BigDecimal ( 10.05 ) ) 
 in inline evaluation of: ``import java.math.BigDecimal; A_PO.setDiscountAmt(new BigDecimal(10.05)); A_Tab.s . . . '' at line number 1 [200]
11:51:34.237-----------> GridTable.saveWarning: Error - javax.script.ScriptException: Sourced file: inline evaluation of: ``import java.math.BigDecimal; A_PO.setDiscountAmt(new BigDecimal(10.05)); A_Tab.s . . . '' : Attempt to resolve method: setValue() on undefined variable or class name: A_Tab : at Line: 1 : in file: inline evaluation of: ``import java.math.BigDecimal; A_PO.setDiscountAmt(new BigDecimal(10.05)); A_Tab.s . . . '' : A_Tab .setValue ( "DiscountAmt" , new BigDecimal ( 10.05 ) ) 
 in inline evaluation of: ``import java.math.BigDecimal; A_PO.setDiscountAmt(new BigDecimal(10.05)); A_Tab.s . . . '' at line number 1 [200]
11:51:41.186===========> MPaymentAllocate.saveError: Error - javax.script.ScriptException: Sourced file: inline evaluation of: ``import java.math.BigDecimal; A_PO.setDiscountAmt(new BigDecimal(10.05)); A_Tab.s . . . '' : Attempt to resolve method: setValue() on undefined variable or class name: A_Tab : at Line: 1 : in file: inline evaluation of: ``import java.math.BigDecimal; A_PO.setDiscountAmt(new BigDecimal(10.05)); A_Tab.s . . . '' : A_Tab .setValue ( "DiscountAmt" , new BigDecimal ( 10.05 ) ) 
 in inline evaluation of: ``import java.math.BigDecimal; A_PO.setDiscountAmt(new BigDecimal(10.05)); A_Tab.s . . . '' at line number 1 [31]
11:51:41.188===========> MPaymentAllocate.saveError: Error - javax.script.ScriptException: Sourced file: inline evaluation of: ``import java.math.BigDecimal; A_PO.setDiscountAmt(new BigDecimal(10.05)); A_Tab.s . . . '' : Attempt to resolve method: setValue() on undefined variable or class name: A_Tab : at Line: 1 : in file: inline evaluation of: ``import java.math.BigDecimal; A_PO.setDiscountAmt(new BigDecimal(10.05)); A_Tab.s . . . '' : A_Tab .setValue ( "DiscountAmt" , new BigDecimal ( 10.05 ) ) 
 in inline evaluation of: ``import java.math.BigDecimal; A_PO.setDiscountAmt(new BigDecimal(10.05)); A_Tab.s . . . '' at line number 1 [31]
11:51:41.190-----------> GridTable.saveWarning: Error - javax.script.ScriptException: Sourced file: inline evaluation of: ``import java.math.BigDecimal; A_PO.setDiscountAmt(new BigDecimal(10.05)); A_Tab.s . . . '' : Attempt to resolve method: setValue() on undefined variable or class name: A_Tab : at Line: 1 : in file: inline evaluation of: ``import java.math.BigDecimal; A_PO.setDiscountAmt(new BigDecimal(10.05)); A_Tab.s . . . '' : A_Tab .setValue ( "DiscountAmt" , new BigDecimal ( 10.05 ) ) 
 in inline evaluation of: ``import java.math.BigDecimal; A_PO.setDiscountAmt(new BigDecimal(10.05)); A_Tab.s . . . '' at line number 1 [31]
11:56:52.979===========> GridTab.processCallout: NoCurrencyConversion [221]
11:57:02.405===========> MPaymentAllocate.saveError: FillMandatory - Organization [220]
11:57:02.407-----------> GridTable.saveWarning: FillMandatory - Organization [220]
14:22:25.583-----------> ClusterService: [10.0.5.43]:5701 [adempiere.idempiere/localhost] [3.5.3] Resetting master confirmation timestamps because of huge system clock jump! Clock-Jump: 8450597ms, Master-Confirmation-Timeout: 500000ms. [193]
14:22:41.831-----------> ThreadPoolAsynchronousRunner.log: com.mchange.v2.async.ThreadPoolAsynchronousRunner$DeadlockDetector@43478d9f -- APPARENT DEADLOCK!!! Creating emergency threads for unassigned pending tasks! [44]
14:22:42.463-----------> ThreadPoolAsynchronousRunner.log: com.mchange.v2.async.ThreadPoolAsynchronousRunner$DeadlockDetector@43478d9f -- APPARENT DEADLOCK!!! Complete Status: 
	Managed Threads: 3
	Active Threads: 3
	Active Tasks: 
		com.mchange.v2.resourcepool.BasicResourcePool$ScatteredAcquireTask@4f250aed
			on thread: C3P0PooledConnectionPoolManager[identityToken->2rvyuj9hoyh9uonqdst2|4669ed84, dataSourceName->iDempiereDS]-HelperThread-#2
		com.mchange.v2.resourcepool.BasicResourcePool$ScatteredAcquireTask@62e012da
			on thread: C3P0PooledConnectionPoolManager[identityToken->2rvyuj9hoyh9uonqdst2|4669ed84, dataSourceName->iDempiereDS]-HelperThread-#1
		com.mchange.v2.resourcepool.BasicResourcePool$ScatteredAcquireTask@4874a1bc
			on thread: C3P0PooledConnectionPoolManager[identityToken->2rvyuj9hoyh9uonqdst2|4669ed84, dataSourceName->iDempiereDS]-HelperThread-#0
	Pending Tasks: 
		com.mchange.v2.resourcepool.BasicResourcePool$1DestroyResourceTask@612662cd
		com.mchange.v2.resourcepool.BasicResourcePool$ScatteredAcquireTask@1f20b28f
		com.mchange.v2.resourcepool.BasicResourcePool$1DestroyResourceTask@1baada40
		com.mchange.v2.resourcepool.BasicResourcePool$ScatteredAcquireTask@6ddeadf0
Pool thread stack traces:
	Thread[C3P0PooledConnectionPoolManager[identityToken->2rvyuj9hoyh9uonqdst2|4669ed84, dataSourceName->iDempiereDS]-HelperThread-#2,5,main]
		java.net.DualStackPlainSocketImpl.connect0(Native Method)
		java.net.DualStackPlainSocketImpl.socketConnect(Unknown Source)
		java.net.AbstractPlainSocketImpl.doConnect(Unknown Source)
		java.net.AbstractPlainSocketImpl.connectToAddress(Unknown Source)
		java.net.AbstractPlainSocketImpl.connect(Unknown Source)
		java.net.PlainSocketImpl.connect(Unknown Source)
		java.net.SocksSocketImpl.connect(Unknown Source)
		java.net.Socket.connect(Unknown Source)
		org.postgresql.core.PGStream.<init>(PGStream.java:61)
		org.postgresql.core.v3.ConnectionFactoryImpl.openConnectionImpl(ConnectionFactoryImpl.java:129)
		org.postgresql.core.ConnectionFactory.openConnection(ConnectionFactory.java:65)
		org.postgresql.jdbc2.AbstractJdbc2Connection.<init>(AbstractJdbc2Connection.java:149)
		org.postgresql.jdbc3.AbstractJdbc3Connection.<init>(AbstractJdbc3Connection.java:35)
		org.postgresql.jdbc3g.AbstractJdbc3gConnection.<init>(AbstractJdbc3gConnection.java:22)
		org.postgresql.jdbc4.AbstractJdbc4Connection.<init>(AbstractJdbc4Connection.java:47)
		org.postgresql.jdbc4.Jdbc4Connection.<init>(Jdbc4Connection.java:30)
		org.postgresql.Driver.makeConnection(Driver.java:414)
		org.postgresql.Driver.connect(Driver.java:282)
		com.mchange.v2.c3p0.DriverManagerDataSource.getConnection(DriverManagerDataSource.java:175)
		com.mchange.v2.c3p0.WrapperConnectionPoolDataSource.getPooledConnection(WrapperConnectionPoolDataSource.java:220)
		com.mchange.v2.c3p0.WrapperConnectionPoolDataSource.getPooledConnection(WrapperConnectionPoolDataSource.java:206)
		com.mchange.v2.c3p0.impl.C3P0PooledConnectionPool$1PooledConnectionResourcePoolManager.acquireResource(C3P0PooledConnectionPool.java:200)
		com.mchange.v2.resourcepool.BasicResourcePool.doAcquire(BasicResourcePool.java:1127)
		com.mchange.v2.resourcepool.BasicResourcePool.doAcquireAndDecrementPendingAcquiresWithinLockOnSuccess(BasicResourcePool.java:1114)
		com.mchange.v2.resourcepool.BasicResourcePool.access$800(BasicResourcePool.java:44)
		com.mchange.v2.resourcepool.BasicResourcePool$ScatteredAcquireTask.run(BasicResourcePool.java:1855)
		com.mchange.v2.async.ThreadPoolAsynchronousRunner$PoolThread.run(ThreadPoolAsynchronousRunner.java:696)
	Thread[C3P0PooledConnectionPoolManager[identityToken->2rvyuj9hoyh9uonqdst2|4669ed84, dataSourceName->iDempiereDS]-HelperThread-#0,5,main]
		java.net.DualStackPlainSocketImpl.connect0(Native Method)
		java.net.DualStackPlainSocketImpl.socketConnect(Unknown Source)
		java.net.AbstractPlainSocketImpl.doConnect(Unknown Source)
		java.net.AbstractPlainSocketImpl.connectToAddress(Unknown Source)
		java.net.AbstractPlainSocketImpl.connect(Unknown Source)
		java.net.PlainSocketImpl.connect(Unknown Source)
		java.net.SocksSocketImpl.connect(Unknown Source)
		java.net.Socket.connect(Unknown Source)
		org.postgresql.core.PGStream.<init>(PGStream.java:61)
		org.postgresql.core.v3.ConnectionFactoryImpl.openConnectionImpl(ConnectionFactoryImpl.java:129)
		org.postgresql.core.ConnectionFactory.openConnection(ConnectionFactory.java:65)
		org.postgresql.jdbc2.AbstractJdbc2Connection.<init>(AbstractJdbc2Connection.java:149)
		org.postgresql.jdbc3.AbstractJdbc3Connection.<init>(AbstractJdbc3Connection.java:35)
		org.postgresql.jdbc3g.AbstractJdbc3gConnection.<init>(AbstractJdbc3gConnection.java:22)
		org.postgresql.jdbc4.AbstractJdbc4Connection.<init>(AbstractJdbc4Connection.java:47)
		org.postgresql.jdbc4.Jdbc4Connection.<init>(Jdbc4Connection.java:30)
		org.postgresql.Driver.makeConnection(Driver.java:414)
		org.postgresql.Driver.connect(Driver.java:282)
		com.mchange.v2.c3p0.DriverManagerDataSource.getConnection(DriverManagerDataSource.java:175)
		com.mchange.v2.c3p0.WrapperConnectionPoolDataSource.getPooledConnection(WrapperConnectionPoolDataSource.java:220)
		com.mchange.v2.c3p0.WrapperConnectionPoolDataSource.getPooledConnection(WrapperConnectionPoolDataSource.java:206)
		com.mchange.v2.c3p0.impl.C3P0PooledConnectionPool$1PooledConnectionResourcePoolManager.acquireResource(C3P0PooledConnectionPool.java:200)
		com.mchange.v2.resourcepool.BasicResourcePool.doAcquire(BasicResourcePool.java:1127)
		com.mchange.v2.resourcepool.BasicResourcePool.doAcquireAndDecrementPendingAcquiresWithinLockOnSuccess(BasicResourcePool.java:1114)
		com.mchange.v2.resourcepool.BasicResourcePool.access$800(BasicResourcePool.java:44)
		com.mchange.v2.resourcepool.BasicResourcePool$ScatteredAcquireTask.run(BasicResourcePool.java:1855)
		com.mchange.v2.async.ThreadPoolAsynchronousRunner$PoolThread.run(ThreadPoolAsynchronousRunner.java:696)
	Thread[C3P0PooledConnectionPoolManager[identityToken->2rvyuj9hoyh9uonqdst2|4669ed84, dataSourceName->iDempiereDS]-HelperThread-#1,5,main]
		java.net.DualStackPlainSocketImpl.connect0(Native Method)
		java.net.DualStackPlainSocketImpl.socketConnect(Unknown Source)
		java.net.AbstractPlainSocketImpl.doConnect(Unknown Source)
		java.net.AbstractPlainSocketImpl.connectToAddress(Unknown Source)
		java.net.AbstractPlainSocketImpl.connect(Unknown Source)
		java.net.PlainSocketImpl.connect(Unknown Source)
		java.net.SocksSocketImpl.connect(Unknown Source)
		java.net.Socket.connect(Unknown Source)
		org.postgresql.core.PGStream.<init>(PGStream.java:61)
		org.postgresql.core.v3.ConnectionFactoryImpl.openConnectionImpl(ConnectionFactoryImpl.java:129)
		org.postgresql.core.ConnectionFactory.openConnection(ConnectionFactory.java:65)
		org.postgresql.jdbc2.AbstractJdbc2Connection.<init>(AbstractJdbc2Connection.java:149)
		org.postgresql.jdbc3.AbstractJdbc3Connection.<init>(AbstractJdbc3Connection.java:35)
		org.postgresql.jdbc3g.AbstractJdbc3gConnection.<init>(AbstractJdbc3gConnection.java:22)
		org.postgresql.jdbc4.AbstractJdbc4Connection.<init>(AbstractJdbc4Connection.java:47)
		org.postgresql.jdbc4.Jdbc4Connection.<init>(Jdbc4Connection.java:30)
		org.postgresql.Driver.makeConnection(Driver.java:414)
		org.postgresql.Driver.connect(Driver.java:282)
		com.mchange.v2.c3p0.DriverManagerDataSource.getConnection(DriverManagerDataSource.java:175)
		com.mchange.v2.c3p0.WrapperConnectionPoolDataSource.getPooledConnection(WrapperConnectionPoolDataSource.java:220)
		com.mchange.v2.c3p0.WrapperConnectionPoolDataSource.getPooledConnection(WrapperConnectionPoolDataSource.java:206)
		com.mchange.v2.c3p0.impl.C3P0PooledConnectionPool$1PooledConnectionResourcePoolManager.acquireResource(C3P0PooledConnectionPool.java:200)
		com.mchange.v2.resourcepool.BasicResourcePool.doAcquire(BasicResourcePool.java:1127)
		com.mchange.v2.resourcepool.BasicResourcePool.doAcquireAndDecrementPendingAcquiresWithinLockOnSuccess(BasicResourcePool.java:1114)
		com.mchange.v2.resourcepool.BasicResourcePool.access$800(BasicResourcePool.java:44)
		com.mchange.v2.resourcepool.BasicResourcePool$ScatteredAcquireTask.run(BasicResourcePool.java:1855)
		com.mchange.v2.async.ThreadPoolAsynchronousRunner$PoolThread.run(ThreadPoolAsynchronousRunner.java:696)
 [44]
