*** 2017-07-21 14:10:33.416 idempiere Log (CLogFile) ***
14:10:33.415 Adempiere.startup: iDempiere(r) Release 3.1_2015-10-31 -Smart Suite ERP, CRM and SCM- (c) 1999-2013 iDempiere(r); Implementation: iDempiere - Supported by iDempiere community [17]
14:10:33.420 Ini.loadProperties: E:\mercurialidempiere/idempiere.properties #33 [17]
14:10:34.982 AdempiereActivator.installPackage: ni.idempiere.importcurrencyrate 1.0.0 was installed: 2017-05-19 12:08:41.274 [17]
14:10:34.986 AdempiereActivator.installPackage: cm.itkamer.wandapos-integration2 1.0.0 was installed: 2017-06-25 15:34:11.153 [17]
14:10:34.989 AdempiereActivator.installPackage: ni.hmil.override.codebase 1.0.0 was installed: 2017-06-19 23:52:10.981 [17]
14:10:35.094 DB.isBuildOK: Build DB=${env.ADEMPIERE_VERSION} 20080428-1232 [17]
14:10:35.094 DB.isBuildOK: Build Cl=3.1.0.qualifier [17]
14:10:35.275-----------> DB.isBuildOK: Error en la versión de la construcción 

El programa asume version de construcción 3.1.0.qualifier, pero la base de datos tiene una versión ${env.ADEMPIERE_VERSION} 20080428-1232.
Es posible que esto cause errores difíciles de corregir.
Por favor contacte al ADMINISTRADOR. [17]
14:10:35.531 WebEnv.initWeb: Servlet Context Init Parameters: iDempiere Root
ServerRoot=1 [17]
14:10:35.723-----------> EMail.setFrom: you @ company.org: javax.mail.internet.AddressException: Local address contains control or whitespace in string ``you @ company.org'' [17]
14:10:35.728-----------> EMail.addTo: you @ company.org: javax.mail.internet.AddressException: Local address contains control or whitespace in string ``you @ company.org'' [17]
14:10:35.728-----------> EMail.isValid: From is invalid=null [17]
14:10:35.728-----------> EMail.isValid: From is invalid=null [17]
14:10:35.729-----------> MClient.sendEMail: Could NOT Send Email: Server started: iDempiere (odbz:192.168.47.1) to you @ company.org: Invalid Data (System) [17]
14:10:35.729 WebEnv.initWeb: Servlet Init Parameter: idempiereMonitor [17]
14:10:35.729 AdempiereMonitor.init:  [17]
14:10:48.328-----------> AnnotationConfiguration.configure: ServletContainerInitializers: detected. Class hierarchy: empty [17]
14:10:48.667-----------> ClassLocator.getDependentXMLResources: Replicate resource: ckez
Overwrite bundleresource://187.fwk1319287199:2/metainfo/zk/config.xml
with bundleresource://187.fwk1319287199:19/metainfo/zk/config.xml [17]
14:10:48.672-----------> ClassLocator.getDependentXMLResources: Replicate resource: zk
Overwrite bundleresource://187.fwk1319287199:11/metainfo/zk/config.xml
with bundleresource://187.fwk1319287199:28/metainfo/zk/config.xml [17]
14:10:48.675-----------> ClassLocator.getDependentXMLResources: Replicate resource: zkbind
Overwrite bundleresource://187.fwk1319287199:12/metainfo/zk/config.xml
with bundleresource://187.fwk1319287199:29/metainfo/zk/config.xml [17]
14:10:48.699-----------> ClassLocator.getDependentXMLResources: Replicate resource: zul
Overwrite bundleresource://187.fwk1319287199:14/metainfo/zk/zk.xml
with bundleresource://187.fwk1319287199:31/metainfo/zk/zk.xml [17]
14:10:49.117-----------> LanguageDefinition.<init>: Replicated language: xhtml, overriden by [LanguageDefinition: xhtml] [17]
14:10:49.154-----------> LanguageDefinition.<init>: Replicated language: xul/html, overriden by [LanguageDefinition: xul/html] [17]
14:10:49.222-----------> ClassLocator.getDependentXMLResources: Replicate resource: calendar
Overwrite bundleresource://187.fwk1319287199:1/metainfo/zk/lang-addon.xml
with bundleresource://187.fwk1319287199:18/metainfo/zk/lang-addon.xml [17]
14:10:49.227-----------> ClassLocator.getDependentXMLResources: Replicate resource: ckez
Overwrite bundleresource://187.fwk1319287199:2/metainfo/zk/lang-addon.xml
with bundleresource://187.fwk1319287199:19/metainfo/zk/lang-addon.xml [17]
14:10:49.233-----------> ClassLocator.getDependentXMLResources: Replicate resource: gmapsz
Overwrite bundleresource://187.fwk1319287199:5/metainfo/zk/lang-addon.xml
with bundleresource://187.fwk1319287199:22/metainfo/zk/lang-addon.xml [17]
14:10:49.237-----------> ClassLocator.getDependentXMLResources: Replicate resource: timeline
Overwrite bundleresource://187.fwk1319287199:6/metainfo/zk/lang-addon.xml
with bundleresource://187.fwk1319287199:23/metainfo/zk/lang-addon.xml [17]
14:10:49.240-----------> ClassLocator.getDependentXMLResources: Replicate resource: timeplot
Overwrite bundleresource://187.fwk1319287199:7/metainfo/zk/lang-addon.xml
with bundleresource://187.fwk1319287199:24/metainfo/zk/lang-addon.xml [17]
14:10:49.251-----------> ClassLocator.getDependentXMLResources: Replicate resource: zkbind
Overwrite bundleresource://187.fwk1319287199:12/metainfo/zk/lang-addon.xml
with bundleresource://187.fwk1319287199:29/metainfo/zk/lang-addon.xml [17]
14:10:49.259-----------> ClassLocator.getDependentXMLResources: Replicate resource: zkplus
Overwrite bundleresource://187.fwk1319287199:13/metainfo/zk/lang-addon.xml
with bundleresource://187.fwk1319287199:30/metainfo/zk/lang-addon.xml [17]
14:10:49.579           WebUIServlet.init: iDempiere Web Client started successfully [17]
14:10:51.139-----------> AnnotationConfiguration.configure: ServletContainerInitializers: detected. Class hierarchy: empty [17]

*** 2017-07-21 14:10:51.786 idempiere Log (CLogFile) ***
14:10:54.256-----------> Node: [192.168.163.1]:5701 [adempiere.idempiere/localhost] [3.5.3] No join method is enabled! Starting standalone. [50]
14:11:19.941-----------> Msg.getMsg: NOT found: ni.idempiere.toolbar.button.action.report.label [37]
14:11:19.943-----------> Msg.getMsg: NOT found: ni.idempiere.toolbar.button.action.report.tooltip [37]
14:11:26.863===========> DesktopImpl.service: [Desktop z_s5h:/index.zul] client error: Failed to mount: adempiere.set is not a function [29]
14:11:26.944===========> DesktopImpl.service: [Desktop z_s5h:/index.zul] client error: Failed to mount: adempiere.set is not a function [29]
14:11:27.057===========> DesktopImpl.service: [Desktop z_s5h:/index.zul] client error: Failed to mount: adempiere.set is not a function [29]
14:11:27.769===========> DesktopImpl.service: [Desktop z_s5h:/index.zul] client error: Failed to mount: adempiere.set is not a function [89]
14:11:27.820===========> DesktopImpl.service: [Desktop z_s5h:/index.zul] client error: Failed to mount: adempiere.set is not a function [89]
14:11:27.829===========> DesktopImpl.service: [Desktop z_s5h:/index.zul] client error: Failed to mount: adempiere.set is not a function [89]
14:11:27.840===========> DesktopImpl.service: [Desktop z_s5h:/index.zul] client error: Failed to mount: adempiere.set is not a function [89]
14:11:27.850===========> DesktopImpl.service: [Desktop z_s5h:/index.zul] client error: Failed to mount: adempiere.set is not a function [89]
14:11:27.860===========> DesktopImpl.service: [Desktop z_s5h:/index.zul] client error: Failed to mount: adempiere.set is not a function [89]
14:11:27.870===========> DesktopImpl.service: [Desktop z_s5h:/index.zul] client error: Failed to mount: adempiere.set is not a function [89]
14:11:27.882===========> DesktopImpl.service: [Desktop z_s5h:/index.zul] client error: Failed to mount: adempiere.set is not a function [89]
14:11:27.892===========> DesktopImpl.service: [Desktop z_s5h:/index.zul] client error: Failed to mount: adempiere.set is not a function [89]
14:11:27.902===========> DesktopImpl.service: [Desktop z_s5h:/index.zul] client error: Failed to mount: adempiere.set is not a function [89]
14:11:27.911===========> DesktopImpl.service: [Desktop z_s5h:/index.zul] client error: Failed to mount: adempiere.set is not a function [89]
14:11:27.921===========> DesktopImpl.service: [Desktop z_s5h:/index.zul] client error: Failed to mount: adempiere.set is not a function [89]
14:11:27.930===========> DesktopImpl.service: [Desktop z_s5h:/index.zul] client error: Failed to mount: adempiere.set is not a function [89]
14:11:27.940===========> DesktopImpl.service: [Desktop z_s5h:/index.zul] client error: Failed to mount: adempiere.set is not a function [89]
14:11:27.950===========> DesktopImpl.service: [Desktop z_s5h:/index.zul] client error: Failed to mount: adempiere.set is not a function [89]
14:11:27.959===========> DesktopImpl.service: [Desktop z_s5h:/index.zul] client error: Failed to mount: adempiere.set is not a function [89]
14:11:27.968===========> DesktopImpl.service: [Desktop z_s5h:/index.zul] client error: Failed to mount: adempiere.set is not a function [89]
14:11:27.978===========> DesktopImpl.service: [Desktop z_s5h:/index.zul] client error: Failed to mount: adempiere.set is not a function [89]
14:11:27.991===========> DesktopImpl.service: [Desktop z_s5h:/index.zul] client error: Failed to mount: adempiere.set is not a function [89]
14:11:28.003===========> DesktopImpl.service: [Desktop z_s5h:/index.zul] client error: Failed to mount: adempiere.set is not a function [89]
14:11:28.734===========> DesktopImpl.service: [Desktop z_s5h:/index.zul] client error: Failed to mount: adempiere.set is not a function [28]
14:11:29.237===========> DesktopImpl.service: [Desktop z_s5h:/index.zul] client error: Failed to mount: adempiere.set is not a function [38]
14:11:29.250===========> DesktopImpl.service: [Desktop z_s5h:/index.zul] client error: Failed to mount: adempiere.set is not a function [38]
14:11:29.311===========> DesktopImpl.service: [Desktop z_s5h:/index.zul] client error: Failed to mount: adempiere.set is not a function [38]
14:11:29.326===========> DesktopImpl.service: [Desktop z_s5h:/index.zul] client error: Failed to mount: adempiere.set is not a function [38]
14:11:29.334===========> DesktopImpl.service: [Desktop z_s5h:/index.zul] client error: Failed to mount: adempiere.set is not a function [38]
14:32:00.388-----------> Msg.getMsg: NOT found: ni.idempiere.toolbar.button.action.report.label [123]
14:32:00.388-----------> Msg.getMsg: NOT found: ni.idempiere.toolbar.button.action.report.tooltip [123]
14:32:00.427===========> GridFieldVO.loadLookupInfo: No LookupInfo for C_Catalogo_ID [123]
java.lang.NullPointerException
	at org.compiere.model.MLookupFactory.getLookup_TableDir(MLookupFactory.java:788)
	at org.compiere.model.MLookupFactory.getLookupInfo(MLookupFactory.java:226)
	at org.compiere.model.GridFieldVO.loadLookupInfo(GridFieldVO.java:711)
	at org.compiere.model.GridFieldVO.initFinish(GridFieldVO.java:700)
	at org.compiere.model.GridFieldVO.create(GridFieldVO.java:312)
	at org.compiere.model.GridTabVO.createFields(GridTabVO.java:305)
	at org.compiere.model.GridTabVO.getFields(GridTabVO.java:499)
	at org.compiere.model.GridTab.loadFields(GridTab.java:362)
	at org.compiere.model.GridTab.loadTab(GridTab.java:308)
	at org.compiere.model.GridTab.initTab(GridTab.java:299)
	at org.compiere.model.GridWindow.initTab(GridWindow.java:195)

14:32:01.649===========> DesktopImpl.service: [Desktop z_r4g:/index.zul] client error: Failed to mount: adempiere.set is not a function [28]
14:32:01.662===========> DesktopImpl.service: [Desktop z_r4g:/index.zul] client error: Failed to mount: adempiere.set is not a function [28]
14:32:02.076===========> DesktopImpl.service: [Desktop z_r4g:/index.zul] client error: Failed to mount: adempiere.set is not a function [123]
14:32:02.129===========> DesktopImpl.service: [Desktop z_r4g:/index.zul] client error: Failed to mount: adempiere.set is not a function [123]
14:32:02.143===========> DesktopImpl.service: [Desktop z_r4g:/index.zul] client error: Failed to mount: adempiere.set is not a function [123]
14:32:02.153===========> DesktopImpl.service: [Desktop z_r4g:/index.zul] client error: Failed to mount: adempiere.set is not a function [123]
14:32:02.164===========> DesktopImpl.service: [Desktop z_r4g:/index.zul] client error: Failed to mount: adempiere.set is not a function [123]
14:32:02.175===========> DesktopImpl.service: [Desktop z_r4g:/index.zul] client error: Failed to mount: adempiere.set is not a function [123]
14:32:02.183===========> DesktopImpl.service: [Desktop z_r4g:/index.zul] client error: Failed to mount: adempiere.set is not a function [123]
14:32:02.191===========> DesktopImpl.service: [Desktop z_r4g:/index.zul] client error: Failed to mount: adempiere.set is not a function [123]
14:32:02.200===========> DesktopImpl.service: [Desktop z_r4g:/index.zul] client error: Failed to mount: adempiere.set is not a function [123]
14:32:02.208===========> DesktopImpl.service: [Desktop z_r4g:/index.zul] client error: Failed to mount: adempiere.set is not a function [123]
14:32:02.217===========> DesktopImpl.service: [Desktop z_r4g:/index.zul] client error: Failed to mount: adempiere.set is not a function [123]
14:32:02.225===========> DesktopImpl.service: [Desktop z_r4g:/index.zul] client error: Failed to mount: adempiere.set is not a function [123]
14:32:02.232===========> DesktopImpl.service: [Desktop z_r4g:/index.zul] client error: Failed to mount: adempiere.set is not a function [123]
14:32:02.242===========> DesktopImpl.service: [Desktop z_r4g:/index.zul] client error: Failed to mount: adempiere.set is not a function [123]
14:32:17.082===========> DesktopImpl.service: [Desktop z_r4g:/index.zul] client error: Failed to mount: adempiere.set is not a function [123]
14:32:17.090===========> DesktopImpl.service: [Desktop z_r4g:/index.zul] client error: Failed to mount: adempiere.set is not a function [123]
14:32:17.098===========> DesktopImpl.service: [Desktop z_r4g:/index.zul] client error: Failed to mount: adempiere.set is not a function [123]
14:32:17.105===========> DesktopImpl.service: [Desktop z_r4g:/index.zul] client error: Failed to mount: adempiere.set is not a function [123]
14:32:17.112===========> DesktopImpl.service: [Desktop z_r4g:/index.zul] client error: Failed to mount: adempiere.set is not a function [123]
14:32:17.119===========> DesktopImpl.service: [Desktop z_r4g:/index.zul] client error: Failed to mount: adempiere.set is not a function [123]
14:32:17.126===========> DesktopImpl.service: [Desktop z_r4g:/index.zul] client error: Failed to mount: adempiere.set is not a function [123]
14:32:17.133===========> DesktopImpl.service: [Desktop z_r4g:/index.zul] client error: Failed to mount: adempiere.set is not a function [123]
14:32:17.139===========> DesktopImpl.service: [Desktop z_r4g:/index.zul] client error: Failed to mount: adempiere.set is not a function [123]
14:32:17.146===========> DesktopImpl.service: [Desktop z_r4g:/index.zul] client error: Failed to mount: adempiere.set is not a function [123]
14:32:17.153===========> DesktopImpl.service: [Desktop z_r4g:/index.zul] client error: Failed to mount: adempiere.set is not a function [123]
14:32:17.159===========> DesktopImpl.service: [Desktop z_r4g:/index.zul] client error: Failed to mount: adempiere.set is not a function [123]
14:32:17.165===========> DesktopImpl.service: [Desktop z_r4g:/index.zul] client error: Failed to mount: adempiere.set is not a function [123]
14:32:45.319-----------> GridTable.saveWarning: FillMandatory - C_Catalogo_ID
 [38]
14:32:51.263-----------> GridTable.saveWarning: FillMandatory - C_Catalogo_ID
 [29]
14:34:37.912-----------> Msg.getMsg: NOT found: ni.idempiere.toolbar.button.action.report.label [123]
14:34:37.913-----------> Msg.getMsg: NOT found: ni.idempiere.toolbar.button.action.report.tooltip [123]
14:34:38.021===========> GridFieldVO.loadLookupInfo: No LookupInfo for NI_GrupoDificultad_ID [123]
java.lang.NullPointerException
	at org.compiere.model.MLookupFactory.getLookup_TableDir(MLookupFactory.java:788)
	at org.compiere.model.MLookupFactory.getLookupInfo(MLookupFactory.java:226)
	at org.compiere.model.GridFieldVO.loadLookupInfo(GridFieldVO.java:711)
	at org.compiere.model.GridFieldVO.initFinish(GridFieldVO.java:700)
	at org.compiere.model.GridFieldVO.create(GridFieldVO.java:312)
	at org.compiere.model.GridTabVO.createFields(GridTabVO.java:305)
	at org.compiere.model.GridTabVO.getFields(GridTabVO.java:499)
	at org.compiere.model.GridTab.loadFields(GridTab.java:362)
	at org.compiere.model.GridTab.loadTab(GridTab.java:308)
	at org.compiere.model.GridTab.initTab(GridTab.java:299)
	at org.compiere.model.GridWindow.initTab(GridWindow.java:195)

14:34:38.965===========> DesktopImpl.service: [Desktop z_r4g:/index.zul] client error: Failed to mount: adempiere.set is not a function [29]
14:34:39.011===========> DesktopImpl.service: [Desktop z_r4g:/index.zul] client error: Failed to mount: adempiere.set is not a function [29]
14:34:39.021===========> DesktopImpl.service: [Desktop z_r4g:/index.zul] client error: Failed to mount: adempiere.set is not a function [29]
14:34:39.674===========> DesktopImpl.service: [Desktop z_r4g:/index.zul] client error: Failed to mount: adempiere.set is not a function [28]
14:34:39.699===========> DesktopImpl.service: [Desktop z_r4g:/index.zul] client error: Failed to mount: adempiere.set is not a function [28]
14:34:39.707===========> DesktopImpl.service: [Desktop z_r4g:/index.zul] client error: Failed to mount: adempiere.set is not a function [28]
14:34:39.715===========> DesktopImpl.service: [Desktop z_r4g:/index.zul] client error: Failed to mount: adempiere.set is not a function [28]
14:34:39.723===========> DesktopImpl.service: [Desktop z_r4g:/index.zul] client error: Failed to mount: adempiere.set is not a function [28]
14:34:39.731===========> DesktopImpl.service: [Desktop z_r4g:/index.zul] client error: Failed to mount: adempiere.set is not a function [28]
14:34:39.740===========> DesktopImpl.service: [Desktop z_r4g:/index.zul] client error: Failed to mount: adempiere.set is not a function [28]
14:34:39.748===========> DesktopImpl.service: [Desktop z_r4g:/index.zul] client error: Failed to mount: adempiere.set is not a function [28]
14:34:39.756===========> DesktopImpl.service: [Desktop z_r4g:/index.zul] client error: Failed to mount: adempiere.set is not a function [28]
14:34:39.763===========> DesktopImpl.service: [Desktop z_r4g:/index.zul] client error: Failed to mount: adempiere.set is not a function [28]
14:34:39.771===========> DesktopImpl.service: [Desktop z_r4g:/index.zul] client error: Failed to mount: adempiere.set is not a function [28]
14:34:39.779===========> DesktopImpl.service: [Desktop z_r4g:/index.zul] client error: Failed to mount: adempiere.set is not a function [28]
14:34:39.787===========> DesktopImpl.service: [Desktop z_r4g:/index.zul] client error: Failed to mount: adempiere.set is not a function [28]
14:34:39.794===========> DesktopImpl.service: [Desktop z_r4g:/index.zul] client error: Failed to mount: adempiere.set is not a function [28]
14:34:39.802===========> DesktopImpl.service: [Desktop z_r4g:/index.zul] client error: Failed to mount: adempiere.set is not a function [28]
14:34:39.811===========> DesktopImpl.service: [Desktop z_r4g:/index.zul] client error: Failed to mount: adempiere.set is not a function [28]
14:34:39.819===========> DesktopImpl.service: [Desktop z_r4g:/index.zul] client error: Failed to mount: adempiere.set is not a function [28]
14:34:39.827===========> DesktopImpl.service: [Desktop z_r4g:/index.zul] client error: Failed to mount: adempiere.set is not a function [28]
14:34:39.865===========> DesktopImpl.service: [Desktop z_r4g:/index.zul] client error: Failed to mount: adempiere.set is not a function [28]
14:34:39.874===========> DesktopImpl.service: [Desktop z_r4g:/index.zul] client error: Failed to mount: adempiere.set is not a function [28]
14:34:39.882===========> DesktopImpl.service: [Desktop z_r4g:/index.zul] client error: Failed to mount: adempiere.set is not a function [28]
14:34:44.298-----------> Msg.getMsg: NOT found: ni.idempiere.toolbar.button.action.report.label [123]
14:34:44.299-----------> Msg.getMsg: NOT found: ni.idempiere.toolbar.button.action.report.tooltip [123]
14:34:44.653===========> DesktopImpl.service: [Desktop z_r4g:/index.zul] client error: Failed to mount: adempiere.set is not a function [29]
14:34:44.666===========> DesktopImpl.service: [Desktop z_r4g:/index.zul] client error: Failed to mount: adempiere.set is not a function [29]
14:34:44.676===========> DesktopImpl.service: [Desktop z_r4g:/index.zul] client error: Failed to mount: adempiere.set is not a function [29]
14:34:44.685===========> DesktopImpl.service: [Desktop z_r4g:/index.zul] client error: Failed to mount: adempiere.set is not a function [29]
14:34:44.944===========> DesktopImpl.service: [Desktop z_r4g:/index.zul] client error: Failed to mount: adempiere.set is not a function [28]
14:34:44.957===========> DesktopImpl.service: [Desktop z_r4g:/index.zul] client error: Failed to mount: adempiere.set is not a function [28]
14:34:44.967===========> DesktopImpl.service: [Desktop z_r4g:/index.zul] client error: Failed to mount: adempiere.set is not a function [28]
14:34:44.977===========> DesktopImpl.service: [Desktop z_r4g:/index.zul] client error: Failed to mount: adempiere.set is not a function [28]
14:34:44.988===========> DesktopImpl.service: [Desktop z_r4g:/index.zul] client error: Failed to mount: adempiere.set is not a function [28]
14:34:44.999===========> DesktopImpl.service: [Desktop z_r4g:/index.zul] client error: Failed to mount: adempiere.set is not a function [28]
14:34:45.010===========> DesktopImpl.service: [Desktop z_r4g:/index.zul] client error: Failed to mount: adempiere.set is not a function [28]
14:34:45.020===========> DesktopImpl.service: [Desktop z_r4g:/index.zul] client error: Failed to mount: adempiere.set is not a function [28]
14:34:45.027===========> DesktopImpl.service: [Desktop z_r4g:/index.zul] client error: Failed to mount: adempiere.set is not a function [28]
14:34:45.034===========> DesktopImpl.service: [Desktop z_r4g:/index.zul] client error: Failed to mount: adempiere.set is not a function [28]
14:34:45.041===========> DesktopImpl.service: [Desktop z_r4g:/index.zul] client error: Failed to mount: adempiere.set is not a function [28]
14:34:45.047===========> DesktopImpl.service: [Desktop z_r4g:/index.zul] client error: Failed to mount: adempiere.set is not a function [28]
14:34:45.055===========> DesktopImpl.service: [Desktop z_r4g:/index.zul] client error: Failed to mount: adempiere.set is not a function [28]
14:48:26.424-----------> Msg.getMsg: NOT found: ni.idempiere.toolbar.button.action.report.label [28]
14:48:26.424-----------> Msg.getMsg: NOT found: ni.idempiere.toolbar.button.action.report.tooltip [28]
14:48:26.475===========> GridFieldVO.loadLookupInfo: No LookupInfo for C_Catalogo_ID [28]
java.lang.NullPointerException
	at org.compiere.model.MLookupFactory.getLookup_TableDir(MLookupFactory.java:788)
	at org.compiere.model.MLookupFactory.getLookupInfo(MLookupFactory.java:226)
	at org.compiere.model.GridFieldVO.loadLookupInfo(GridFieldVO.java:711)
	at org.compiere.model.GridFieldVO.initFinish(GridFieldVO.java:700)
	at org.compiere.model.GridFieldVO.create(GridFieldVO.java:312)
	at org.compiere.model.GridTabVO.createFields(GridTabVO.java:305)
	at org.compiere.model.GridTabVO.getFields(GridTabVO.java:499)
	at org.compiere.model.GridTab.loadFields(GridTab.java:362)
	at org.compiere.model.GridTab.loadTab(GridTab.java:308)
	at org.compiere.model.GridTab.initTab(GridTab.java:299)
	at org.compiere.model.GridWindow.initTab(GridWindow.java:195)

14:48:27.597===========> DesktopImpl.service: [Desktop z_r4g:/index.zul] client error: Failed to mount: adempiere.set is not a function [123]
14:48:27.609===========> DesktopImpl.service: [Desktop z_r4g:/index.zul] client error: Failed to mount: adempiere.set is not a function [123]
14:48:27.620===========> DesktopImpl.service: [Desktop z_r4g:/index.zul] client error: Failed to mount: adempiere.set is not a function [123]
14:48:27.630===========> DesktopImpl.service: [Desktop z_r4g:/index.zul] client error: Failed to mount: adempiere.set is not a function [123]
14:48:27.971===========> DesktopImpl.service: [Desktop z_r4g:/index.zul] client error: Failed to mount: adempiere.set is not a function [38]
14:48:27.996===========> DesktopImpl.service: [Desktop z_r4g:/index.zul] client error: Failed to mount: adempiere.set is not a function [38]
14:48:28.007===========> DesktopImpl.service: [Desktop z_r4g:/index.zul] client error: Failed to mount: adempiere.set is not a function [38]
14:48:28.017===========> DesktopImpl.service: [Desktop z_r4g:/index.zul] client error: Failed to mount: adempiere.set is not a function [38]
14:48:28.026===========> DesktopImpl.service: [Desktop z_r4g:/index.zul] client error: Failed to mount: adempiere.set is not a function [38]
14:48:28.036===========> DesktopImpl.service: [Desktop z_r4g:/index.zul] client error: Failed to mount: adempiere.set is not a function [38]
14:48:28.045===========> DesktopImpl.service: [Desktop z_r4g:/index.zul] client error: Failed to mount: adempiere.set is not a function [38]
14:48:28.054===========> DesktopImpl.service: [Desktop z_r4g:/index.zul] client error: Failed to mount: adempiere.set is not a function [38]
14:48:28.066===========> DesktopImpl.service: [Desktop z_r4g:/index.zul] client error: Failed to mount: adempiere.set is not a function [38]
14:48:28.080===========> DesktopImpl.service: [Desktop z_r4g:/index.zul] client error: Failed to mount: adempiere.set is not a function [38]
14:48:28.092===========> DesktopImpl.service: [Desktop z_r4g:/index.zul] client error: Failed to mount: adempiere.set is not a function [38]
14:48:28.104===========> DesktopImpl.service: [Desktop z_r4g:/index.zul] client error: Failed to mount: adempiere.set is not a function [38]
14:48:28.113===========> DesktopImpl.service: [Desktop z_r4g:/index.zul] client error: Failed to mount: adempiere.set is not a function [38]
14:48:28.122===========> DesktopImpl.service: [Desktop z_r4g:/index.zul] client error: Failed to mount: adempiere.set is not a function [38]
14:48:35.668===========> DesktopImpl.service: [Desktop z_r4g:/index.zul] client error: Failed to mount: adempiere.set is not a function [123]
14:48:38.055===========> DesktopImpl.service: [Desktop z_r4g:/index.zul] client error: Failed to mount: adempiere.set is not a function [29]
14:48:40.475===========> DesktopImpl.service: [Desktop z_r4g:/index.zul] client error: Failed to mount: adempiere.set is not a function [28]
16:06:01.954-----------> Msg.getMsg: NOT found: ni.idempiere.toolbar.button.action.report.label [123]
16:06:01.955-----------> Msg.getMsg: NOT found: ni.idempiere.toolbar.button.action.report.tooltip [123]
16:06:15.852===========> DesktopImpl.service: [Desktop z_gxv:/index.zul] client error: Failed to mount: adempiere.set is not a function [29]
16:06:15.870===========> DesktopImpl.service: [Desktop z_gxv:/index.zul] client error: Failed to mount: adempiere.set is not a function [29]
16:06:16.589-----------> Msg.getMsg: NOT found: ni.idempiere.toolbar.button.action.report.label [123]
16:06:16.589-----------> Msg.getMsg: NOT found: ni.idempiere.toolbar.button.action.report.tooltip [123]
16:06:17.331===========> DesktopImpl.service: [Desktop z_gxv:/index.zul] client error: Failed to mount: adempiere.set is not a function [28]
16:06:17.374===========> DesktopImpl.service: [Desktop z_gxv:/index.zul] client error: Failed to mount: adempiere.set is not a function [28]
16:06:17.383===========> DesktopImpl.service: [Desktop z_gxv:/index.zul] client error: Failed to mount: adempiere.set is not a function [28]
16:06:17.392===========> DesktopImpl.service: [Desktop z_gxv:/index.zul] client error: Failed to mount: adempiere.set is not a function [28]
16:06:17.632===========> DesktopImpl.service: [Desktop z_gxv:/index.zul] client error: Failed to mount: adempiere.set is not a function [29]
16:06:21.273===========> DesktopImpl.service: [Desktop z_gxv:/index.zul] client error: Failed to mount: adempiere.set is not a function [29]
16:06:21.298===========> DesktopImpl.service: [Desktop z_gxv:/index.zul] client error: Failed to mount: adempiere.set is not a function [29]
16:06:21.311===========> DesktopImpl.service: [Desktop z_gxv:/index.zul] client error: Failed to mount: adempiere.set is not a function [29]
16:06:21.324===========> DesktopImpl.service: [Desktop z_gxv:/index.zul] client error: Failed to mount: adempiere.set is not a function [29]
16:06:21.337===========> DesktopImpl.service: [Desktop z_gxv:/index.zul] client error: Failed to mount: adempiere.set is not a function [29]
16:06:22.436===========> DesktopImpl.service: [Desktop z_gxv:/index.zul] client error: Failed to mount: adempiere.set is not a function [38]
16:06:22.463===========> DesktopImpl.service: [Desktop z_gxv:/index.zul] client error: Failed to mount: adempiere.set is not a function [38]
16:06:22.473===========> DesktopImpl.service: [Desktop z_gxv:/index.zul] client error: Failed to mount: adempiere.set is not a function [38]
16:06:22.482===========> DesktopImpl.service: [Desktop z_gxv:/index.zul] client error: Failed to mount: adempiere.set is not a function [38]
16:06:22.493===========> DesktopImpl.service: [Desktop z_gxv:/index.zul] client error: Failed to mount: adempiere.set is not a function [38]
16:06:22.503===========> DesktopImpl.service: [Desktop z_gxv:/index.zul] client error: Failed to mount: adempiere.set is not a function [38]
16:06:22.514===========> DesktopImpl.service: [Desktop z_gxv:/index.zul] client error: Failed to mount: adempiere.set is not a function [38]
16:06:22.524===========> DesktopImpl.service: [Desktop z_gxv:/index.zul] client error: Failed to mount: adempiere.set is not a function [38]
16:06:22.533===========> DesktopImpl.service: [Desktop z_gxv:/index.zul] client error: Failed to mount: adempiere.set is not a function [38]
16:06:22.543===========> DesktopImpl.service: [Desktop z_gxv:/index.zul] client error: Failed to mount: adempiere.set is not a function [38]
16:06:22.551===========> DesktopImpl.service: [Desktop z_gxv:/index.zul] client error: Failed to mount: adempiere.set is not a function [38]
16:06:22.561===========> DesktopImpl.service: [Desktop z_gxv:/index.zul] client error: Failed to mount: adempiere.set is not a function [38]
16:06:22.570===========> DesktopImpl.service: [Desktop z_gxv:/index.zul] client error: Failed to mount: adempiere.set is not a function [38]
16:06:22.580===========> DesktopImpl.service: [Desktop z_gxv:/index.zul] client error: Failed to mount: adempiere.set is not a function [38]
16:06:22.589===========> DesktopImpl.service: [Desktop z_gxv:/index.zul] client error: Failed to mount: adempiere.set is not a function [38]
16:06:22.598===========> DesktopImpl.service: [Desktop z_gxv:/index.zul] client error: Failed to mount: adempiere.set is not a function [38]
16:06:22.607===========> DesktopImpl.service: [Desktop z_gxv:/index.zul] client error: Failed to mount: adempiere.set is not a function [38]
16:06:22.615===========> DesktopImpl.service: [Desktop z_gxv:/index.zul] client error: Failed to mount: adempiere.set is not a function [38]
16:06:22.623===========> DesktopImpl.service: [Desktop z_gxv:/index.zul] client error: Failed to mount: adempiere.set is not a function [38]
16:06:22.632===========> DesktopImpl.service: [Desktop z_gxv:/index.zul] client error: Failed to mount: adempiere.set is not a function [38]
16:06:22.640===========> DesktopImpl.service: [Desktop z_gxv:/index.zul] client error: Failed to mount: adempiere.set is not a function [38]
16:06:22.647===========> DesktopImpl.service: [Desktop z_gxv:/index.zul] client error: Failed to mount: adempiere.set is not a function [38]
16:06:22.656===========> DesktopImpl.service: [Desktop z_gxv:/index.zul] client error: Failed to mount: adempiere.set is not a function [38]
16:06:22.664===========> DesktopImpl.service: [Desktop z_gxv:/index.zul] client error: Failed to mount: adempiere.set is not a function [38]
16:06:22.675===========> DesktopImpl.service: [Desktop z_gxv:/index.zul] client error: Failed to mount: adempiere.set is not a function [38]
16:06:22.684===========> DesktopImpl.service: [Desktop z_gxv:/index.zul] client error: Failed to mount: adempiere.set is not a function [38]
16:06:22.693===========> DesktopImpl.service: [Desktop z_gxv:/index.zul] client error: Failed to mount: adempiere.set is not a function [38]
16:06:22.702===========> DesktopImpl.service: [Desktop z_gxv:/index.zul] client error: Failed to mount: adempiere.set is not a function [38]
16:06:22.711===========> DesktopImpl.service: [Desktop z_gxv:/index.zul] client error: Failed to mount: adempiere.set is not a function [38]
16:06:22.720===========> DesktopImpl.service: [Desktop z_gxv:/index.zul] client error: Failed to mount: adempiere.set is not a function [38]
16:06:22.730===========> DesktopImpl.service: [Desktop z_gxv:/index.zul] client error: Failed to mount: adempiere.set is not a function [38]
16:06:22.739===========> DesktopImpl.service: [Desktop z_gxv:/index.zul] client error: Failed to mount: adempiere.set is not a function [38]
16:06:22.747===========> DesktopImpl.service: [Desktop z_gxv:/index.zul] client error: Failed to mount: adempiere.set is not a function [38]
16:06:22.756===========> DesktopImpl.service: [Desktop z_gxv:/index.zul] client error: Failed to mount: adempiere.set is not a function [38]
16:06:22.767===========> DesktopImpl.service: [Desktop z_gxv:/index.zul] client error: Failed to mount: adempiere.set is not a function [38]
16:06:22.776===========> DesktopImpl.service: [Desktop z_gxv:/index.zul] client error: Failed to mount: adempiere.set is not a function [38]
16:06:22.785===========> DesktopImpl.service: [Desktop z_gxv:/index.zul] client error: Failed to mount: adempiere.set is not a function [38]
16:06:22.796===========> DesktopImpl.service: [Desktop z_gxv:/index.zul] client error: Failed to mount: adempiere.set is not a function [38]
16:06:22.805===========> DesktopImpl.service: [Desktop z_gxv:/index.zul] client error: Failed to mount: adempiere.set is not a function [38]
16:06:22.815===========> DesktopImpl.service: [Desktop z_gxv:/index.zul] client error: Failed to mount: adempiere.set is not a function [38]
16:06:22.825===========> DesktopImpl.service: [Desktop z_gxv:/index.zul] client error: Failed to mount: adempiere.set is not a function [38]
16:06:22.834===========> DesktopImpl.service: [Desktop z_gxv:/index.zul] client error: Failed to mount: adempiere.set is not a function [38]
16:06:22.845===========> DesktopImpl.service: [Desktop z_gxv:/index.zul] client error: Failed to mount: adempiere.set is not a function [38]
16:06:22.854===========> DesktopImpl.service: [Desktop z_gxv:/index.zul] client error: Failed to mount: adempiere.set is not a function [38]
16:06:22.863===========> DesktopImpl.service: [Desktop z_gxv:/index.zul] client error: Failed to mount: adempiere.set is not a function [38]
16:06:22.874===========> DesktopImpl.service: [Desktop z_gxv:/index.zul] client error: Failed to mount: adempiere.set is not a function [38]
16:06:22.883===========> DesktopImpl.service: [Desktop z_gxv:/index.zul] client error: Failed to mount: adempiere.set is not a function [38]
16:11:42.454-----------> M_Element.set_Value: ColumnName - Value too long - truncated to length=30 [147]
16:11:42.454-----------> M_Element.set_Value: ColumnName - Value too long - truncated to length=30 [147]
16:11:43.444-----------> M_Element.set_Value: ColumnName - Value too long - truncated to length=30 [147]
16:15:01.471-----------> Msg.getMsg: NOT found: ni.idempiere.toolbar.button.action.report.label [38]
16:15:01.471-----------> Msg.getMsg: NOT found: ni.idempiere.toolbar.button.action.report.tooltip [38]
16:15:02.331===========> DesktopImpl.service: [Desktop z_gxv:/index.zul] client error: Failed to mount: adempiere.set is not a function [29]
16:15:02.379===========> DesktopImpl.service: [Desktop z_gxv:/index.zul] client error: Failed to mount: adempiere.set is not a function [29]
16:15:02.386===========> DesktopImpl.service: [Desktop z_gxv:/index.zul] client error: Failed to mount: adempiere.set is not a function [29]
16:15:02.675===========> DesktopImpl.service: [Desktop z_gxv:/index.zul] client error: Failed to mount: adempiere.set is not a function [123]
16:15:03.871===========> DesktopImpl.service: [Desktop z_gxv:/index.zul] client error: Failed to mount: adempiere.set is not a function [123]
16:15:03.892===========> DesktopImpl.service: [Desktop z_gxv:/index.zul] client error: Failed to mount: adempiere.set is not a function [123]
16:15:04.461===========> DesktopImpl.service: [Desktop z_gxv:/index.zul] client error: Failed to mount: adempiere.set is not a function [38]
16:15:04.477===========> DesktopImpl.service: [Desktop z_gxv:/index.zul] client error: Failed to mount: adempiere.set is not a function [38]
16:15:04.488===========> DesktopImpl.service: [Desktop z_gxv:/index.zul] client error: Failed to mount: adempiere.set is not a function [38]
16:15:04.499===========> DesktopImpl.service: [Desktop z_gxv:/index.zul] client error: Failed to mount: adempiere.set is not a function [38]
16:15:04.513===========> DesktopImpl.service: [Desktop z_gxv:/index.zul] client error: Failed to mount: adempiere.set is not a function [38]
16:15:04.522===========> DesktopImpl.service: [Desktop z_gxv:/index.zul] client error: Failed to mount: adempiere.set is not a function [38]
16:15:04.531===========> DesktopImpl.service: [Desktop z_gxv:/index.zul] client error: Failed to mount: adempiere.set is not a function [38]
16:15:04.540===========> DesktopImpl.service: [Desktop z_gxv:/index.zul] client error: Failed to mount: adempiere.set is not a function [38]
16:15:04.549===========> DesktopImpl.service: [Desktop z_gxv:/index.zul] client error: Failed to mount: adempiere.set is not a function [38]
16:15:04.557===========> DesktopImpl.service: [Desktop z_gxv:/index.zul] client error: Failed to mount: adempiere.set is not a function [38]
16:15:04.565===========> DesktopImpl.service: [Desktop z_gxv:/index.zul] client error: Failed to mount: adempiere.set is not a function [38]
16:15:04.575===========> DesktopImpl.service: [Desktop z_gxv:/index.zul] client error: Failed to mount: adempiere.set is not a function [38]
16:15:04.584===========> DesktopImpl.service: [Desktop z_gxv:/index.zul] client error: Failed to mount: adempiere.set is not a function [38]
16:15:04.594===========> DesktopImpl.service: [Desktop z_gxv:/index.zul] client error: Failed to mount: adempiere.set is not a function [38]
16:15:04.602===========> DesktopImpl.service: [Desktop z_gxv:/index.zul] client error: Failed to mount: adempiere.set is not a function [38]
16:15:04.611===========> DesktopImpl.service: [Desktop z_gxv:/index.zul] client error: Failed to mount: adempiere.set is not a function [38]
16:15:04.619===========> DesktopImpl.service: [Desktop z_gxv:/index.zul] client error: Failed to mount: adempiere.set is not a function [38]
16:15:04.630===========> DesktopImpl.service: [Desktop z_gxv:/index.zul] client error: Failed to mount: adempiere.set is not a function [38]
16:15:04.640===========> DesktopImpl.service: [Desktop z_gxv:/index.zul] client error: Failed to mount: adempiere.set is not a function [38]
16:15:04.649===========> DesktopImpl.service: [Desktop z_gxv:/index.zul] client error: Failed to mount: adempiere.set is not a function [38]
16:15:04.659===========> DesktopImpl.service: [Desktop z_gxv:/index.zul] client error: Failed to mount: adempiere.set is not a function [38]
16:15:04.668===========> DesktopImpl.service: [Desktop z_gxv:/index.zul] client error: Failed to mount: adempiere.set is not a function [38]
16:15:04.678===========> DesktopImpl.service: [Desktop z_gxv:/index.zul] client error: Failed to mount: adempiere.set is not a function [38]
16:15:04.687===========> DesktopImpl.service: [Desktop z_gxv:/index.zul] client error: Failed to mount: adempiere.set is not a function [38]
16:16:01.604-----------> Msg.getMsg: NOT found: ni.idempiere.toolbar.button.action.report.label [29]
16:16:01.605-----------> Msg.getMsg: NOT found: ni.idempiere.toolbar.button.action.report.tooltip [29]
16:16:02.136===========> DesktopImpl.service: [Desktop z_gxv:/index.zul] client error: Failed to mount: adempiere.set is not a function [38]
16:16:02.149===========> DesktopImpl.service: [Desktop z_gxv:/index.zul] client error: Failed to mount: adempiere.set is not a function [38]
16:16:02.158===========> DesktopImpl.service: [Desktop z_gxv:/index.zul] client error: Failed to mount: adempiere.set is not a function [38]
16:16:02.464===========> DesktopImpl.service: [Desktop z_gxv:/index.zul] client error: Failed to mount: adempiere.set is not a function [28]
16:16:07.304===========> DesktopImpl.service: [Desktop z_gxv:/index.zul] client error: Failed to mount: adempiere.set is not a function [38]
16:16:07.327===========> DesktopImpl.service: [Desktop z_gxv:/index.zul] client error: Failed to mount: adempiere.set is not a function [38]
16:16:07.680===========> DesktopImpl.service: [Desktop z_gxv:/index.zul] client error: Failed to mount: adempiere.set is not a function [28]
16:16:07.728===========> DesktopImpl.service: [Desktop z_gxv:/index.zul] client error: Failed to mount: adempiere.set is not a function [28]
16:16:07.784===========> DesktopImpl.service: [Desktop z_gxv:/index.zul] client error: Failed to mount: adempiere.set is not a function [28]
16:16:07.791===========> DesktopImpl.service: [Desktop z_gxv:/index.zul] client error: Failed to mount: adempiere.set is not a function [28]
16:16:07.798===========> DesktopImpl.service: [Desktop z_gxv:/index.zul] client error: Failed to mount: adempiere.set is not a function [28]
16:16:07.804===========> DesktopImpl.service: [Desktop z_gxv:/index.zul] client error: Failed to mount: adempiere.set is not a function [28]
16:16:07.811===========> DesktopImpl.service: [Desktop z_gxv:/index.zul] client error: Failed to mount: adempiere.set is not a function [28]
16:16:07.818===========> DesktopImpl.service: [Desktop z_gxv:/index.zul] client error: Failed to mount: adempiere.set is not a function [28]
16:16:07.826===========> DesktopImpl.service: [Desktop z_gxv:/index.zul] client error: Failed to mount: adempiere.set is not a function [28]
16:16:07.834===========> DesktopImpl.service: [Desktop z_gxv:/index.zul] client error: Failed to mount: adempiere.set is not a function [28]
16:16:07.842===========> DesktopImpl.service: [Desktop z_gxv:/index.zul] client error: Failed to mount: adempiere.set is not a function [28]
16:16:07.850===========> DesktopImpl.service: [Desktop z_gxv:/index.zul] client error: Failed to mount: adempiere.set is not a function [28]
16:16:07.858===========> DesktopImpl.service: [Desktop z_gxv:/index.zul] client error: Failed to mount: adempiere.set is not a function [28]
16:16:07.865===========> DesktopImpl.service: [Desktop z_gxv:/index.zul] client error: Failed to mount: adempiere.set is not a function [28]
16:16:07.872===========> DesktopImpl.service: [Desktop z_gxv:/index.zul] client error: Failed to mount: adempiere.set is not a function [28]
16:16:07.879===========> DesktopImpl.service: [Desktop z_gxv:/index.zul] client error: Failed to mount: adempiere.set is not a function [28]
16:16:18.822===========> DesktopImpl.service: [Desktop z_gxv:/index.zul] client error: Failed to mount: adempiere.set is not a function [28]
16:16:18.835===========> DesktopImpl.service: [Desktop z_gxv:/index.zul] client error: Failed to mount: adempiere.set is not a function [28]
16:16:18.842===========> DesktopImpl.service: [Desktop z_gxv:/index.zul] client error: Failed to mount: adempiere.set is not a function [28]
16:16:18.849===========> DesktopImpl.service: [Desktop z_gxv:/index.zul] client error: Failed to mount: adempiere.set is not a function [28]
16:16:34.385===========> DesktopImpl.service: [Desktop z_gxv:/index.zul] client error: Failed to mount: adempiere.set is not a function [38]
16:16:34.428===========> DesktopImpl.service: [Desktop z_gxv:/index.zul] client error: Failed to mount: adempiere.set is not a function [38]
16:16:34.440===========> DesktopImpl.service: [Desktop z_gxv:/index.zul] client error: Failed to mount: adempiere.set is not a function [38]
16:16:34.450===========> DesktopImpl.service: [Desktop z_gxv:/index.zul] client error: Failed to mount: adempiere.set is not a function [38]
16:16:49.982-----------> ADTabpanel.navigateTo: Tab does not have ID with Node_ID=1000021 [29]
16:16:49.991===========> UiEngineImpl.handleError:  [29]
org.adempiere.exceptions.AdempiereException: El registro no se encuentra en la búsqueda actual
	at org.adempiere.webui.adwindow.ADTabpanel.navigateTo(ADTabpanel.java:1215)
	at org.adempiere.webui.adwindow.ADTabpanel.onEvent(ADTabpanel.java:1079)
	at org.zkoss.zk.ui.AbstractComponent.onEvent(AbstractComponent.java:2773)
	at org.zkoss.zk.ui.AbstractComponent.service(AbstractComponent.java:2744)
	at org.zkoss.zk.ui.AbstractComponent.service(AbstractComponent.java:2685)
	at org.zkoss.zk.ui.impl.EventProcessor.process(EventProcessor.java:136)
	at org.zkoss.zk.ui.impl.UiEngineImpl.processEvent(UiEngineImpl.java:1765)
	at org.zkoss.zk.ui.impl.UiEngineImpl.process(UiEngineImpl.java:1550)
	at org.zkoss.zk.ui.impl.UiEngineImpl.execUpdate(UiEngineImpl.java:1260)
	at org.zkoss.zk.au.http.DHtmlUpdateServlet.process(DHtmlUpdateServlet.java:611)
	at org.zkoss.zk.au.http.DHtmlUpdateServlet.doGet(DHtmlUpdateServlet.java:485)
	at org.zkoss.zk.au.http.DHtmlUpdateServlet.doPost(DHtmlUpdateServlet.java:494)
	at javax.servlet.http.HttpServlet.service(HttpServlet.java:707)
	at javax.servlet.http.HttpServlet.service(HttpServlet.java:790)
	at org.eclipse.jetty.servlet.ServletHolder.handle(ServletHolder.java:808)
	at org.eclipse.jetty.servlet.ServletHandler.doHandle(ServletHandler.java:587)
	at org.eclipse.jetty.server.handler.ScopedHandler.handle(ScopedHandler.java:143)
	at org.eclipse.jetty.security.SecurityHandler.handle(SecurityHandler.java:577)
	at org.eclipse.jetty.server.session.SessionHandler.doHandle(SessionHandler.java:223)
	at org.eclipse.jetty.server.handler.ContextHandler.doHandle(ContextHandler.java:1127)
	at org.eclipse.jetty.servlet.ServletHandler.doScope(ServletHandler.java:515)

16:16:53.449-----------> ADTabpanel.navigateTo: Tab does not have ID with Node_ID=1000032 [28]
16:16:53.454===========> UiEngineImpl.handleError:  [28]
org.adempiere.exceptions.AdempiereException: El registro no se encuentra en la búsqueda actual
	at org.adempiere.webui.adwindow.ADTabpanel.navigateTo(ADTabpanel.java:1215)
	at org.adempiere.webui.adwindow.ADTabpanel.onEvent(ADTabpanel.java:1079)
	at org.zkoss.zk.ui.AbstractComponent.onEvent(AbstractComponent.java:2773)
	at org.zkoss.zk.ui.AbstractComponent.service(AbstractComponent.java:2744)
	at org.zkoss.zk.ui.AbstractComponent.service(AbstractComponent.java:2685)
	at org.zkoss.zk.ui.impl.EventProcessor.process(EventProcessor.java:136)
	at org.zkoss.zk.ui.impl.UiEngineImpl.processEvent(UiEngineImpl.java:1765)
	at org.zkoss.zk.ui.impl.UiEngineImpl.process(UiEngineImpl.java:1550)
	at org.zkoss.zk.ui.impl.UiEngineImpl.execUpdate(UiEngineImpl.java:1260)
	at org.zkoss.zk.au.http.DHtmlUpdateServlet.process(DHtmlUpdateServlet.java:611)
	at org.zkoss.zk.au.http.DHtmlUpdateServlet.doGet(DHtmlUpdateServlet.java:485)
	at org.zkoss.zk.au.http.DHtmlUpdateServlet.doPost(DHtmlUpdateServlet.java:494)
	at javax.servlet.http.HttpServlet.service(HttpServlet.java:707)
	at javax.servlet.http.HttpServlet.service(HttpServlet.java:790)
	at org.eclipse.jetty.servlet.ServletHolder.handle(ServletHolder.java:808)
	at org.eclipse.jetty.servlet.ServletHandler.doHandle(ServletHandler.java:587)
	at org.eclipse.jetty.server.handler.ScopedHandler.handle(ScopedHandler.java:143)
	at org.eclipse.jetty.security.SecurityHandler.handle(SecurityHandler.java:577)
	at org.eclipse.jetty.server.session.SessionHandler.doHandle(SessionHandler.java:223)
	at org.eclipse.jetty.server.handler.ContextHandler.doHandle(ContextHandler.java:1127)
	at org.eclipse.jetty.servlet.ServletHandler.doScope(ServletHandler.java:515)

16:17:39.606-----------> ADTabpanel.navigateTo: Tab does not have ID with Node_ID=53296 [28]
16:17:39.611===========> UiEngineImpl.handleError:  [28]
org.adempiere.exceptions.AdempiereException: El registro no se encuentra en la búsqueda actual
	at org.adempiere.webui.adwindow.ADTabpanel.navigateTo(ADTabpanel.java:1215)
	at org.adempiere.webui.adwindow.ADTabpanel.onEvent(ADTabpanel.java:1079)
	at org.zkoss.zk.ui.AbstractComponent.onEvent(AbstractComponent.java:2773)
	at org.zkoss.zk.ui.AbstractComponent.service(AbstractComponent.java:2744)
	at org.zkoss.zk.ui.AbstractComponent.service(AbstractComponent.java:2685)
	at org.zkoss.zk.ui.impl.EventProcessor.process(EventProcessor.java:136)
	at org.zkoss.zk.ui.impl.UiEngineImpl.processEvent(UiEngineImpl.java:1765)
	at org.zkoss.zk.ui.impl.UiEngineImpl.process(UiEngineImpl.java:1550)
	at org.zkoss.zk.ui.impl.UiEngineImpl.execUpdate(UiEngineImpl.java:1260)
	at org.zkoss.zk.au.http.DHtmlUpdateServlet.process(DHtmlUpdateServlet.java:611)
	at org.zkoss.zk.au.http.DHtmlUpdateServlet.doGet(DHtmlUpdateServlet.java:485)
	at org.zkoss.zk.au.http.DHtmlUpdateServlet.doPost(DHtmlUpdateServlet.java:494)
	at javax.servlet.http.HttpServlet.service(HttpServlet.java:707)
	at javax.servlet.http.HttpServlet.service(HttpServlet.java:790)
	at org.eclipse.jetty.servlet.ServletHolder.handle(ServletHolder.java:808)
	at org.eclipse.jetty.servlet.ServletHandler.doHandle(ServletHandler.java:587)
	at org.eclipse.jetty.server.handler.ScopedHandler.handle(ScopedHandler.java:143)
	at org.eclipse.jetty.security.SecurityHandler.handle(SecurityHandler.java:577)
	at org.eclipse.jetty.server.session.SessionHandler.doHandle(SessionHandler.java:223)
	at org.eclipse.jetty.server.handler.ContextHandler.doHandle(ContextHandler.java:1127)
	at org.eclipse.jetty.servlet.ServletHandler.doScope(ServletHandler.java:515)

16:19:27.647-----------> ADTabpanel.navigateTo: Tab does not have ID with Node_ID=1000074 [28]
16:19:27.654===========> UiEngineImpl.handleError:  [28]
org.adempiere.exceptions.AdempiereException: El registro no se encuentra en la búsqueda actual
	at org.adempiere.webui.adwindow.ADTabpanel.navigateTo(ADTabpanel.java:1215)
	at org.adempiere.webui.adwindow.ADTabpanel.onEvent(ADTabpanel.java:1079)
	at org.zkoss.zk.ui.AbstractComponent.onEvent(AbstractComponent.java:2773)
	at org.zkoss.zk.ui.AbstractComponent.service(AbstractComponent.java:2744)
	at org.zkoss.zk.ui.AbstractComponent.service(AbstractComponent.java:2685)
	at org.zkoss.zk.ui.impl.EventProcessor.process(EventProcessor.java:136)
	at org.zkoss.zk.ui.impl.UiEngineImpl.processEvent(UiEngineImpl.java:1765)
	at org.zkoss.zk.ui.impl.UiEngineImpl.process(UiEngineImpl.java:1550)
	at org.zkoss.zk.ui.impl.UiEngineImpl.execUpdate(UiEngineImpl.java:1260)
	at org.zkoss.zk.au.http.DHtmlUpdateServlet.process(DHtmlUpdateServlet.java:611)
	at org.zkoss.zk.au.http.DHtmlUpdateServlet.doGet(DHtmlUpdateServlet.java:485)
	at org.zkoss.zk.au.http.DHtmlUpdateServlet.doPost(DHtmlUpdateServlet.java:494)
	at javax.servlet.http.HttpServlet.service(HttpServlet.java:707)
	at javax.servlet.http.HttpServlet.service(HttpServlet.java:790)
	at org.eclipse.jetty.servlet.ServletHolder.handle(ServletHolder.java:808)
	at org.eclipse.jetty.servlet.ServletHandler.doHandle(ServletHandler.java:587)
	at org.eclipse.jetty.server.handler.ScopedHandler.handle(ScopedHandler.java:143)
	at org.eclipse.jetty.security.SecurityHandler.handle(SecurityHandler.java:577)
	at org.eclipse.jetty.server.session.SessionHandler.doHandle(SessionHandler.java:223)
	at org.eclipse.jetty.server.handler.ContextHandler.doHandle(ContextHandler.java:1127)
	at org.eclipse.jetty.servlet.ServletHandler.doScope(ServletHandler.java:515)

16:20:23.005-----------> ADTabpanel.navigateTo: Tab does not have ID with Node_ID=1000081 [123]
16:20:23.011===========> UiEngineImpl.handleError:  [123]
org.adempiere.exceptions.AdempiereException: El registro no se encuentra en la búsqueda actual
	at org.adempiere.webui.adwindow.ADTabpanel.navigateTo(ADTabpanel.java:1215)
	at org.adempiere.webui.adwindow.ADTabpanel.onEvent(ADTabpanel.java:1079)
	at org.zkoss.zk.ui.AbstractComponent.onEvent(AbstractComponent.java:2773)
	at org.zkoss.zk.ui.AbstractComponent.service(AbstractComponent.java:2744)
	at org.zkoss.zk.ui.AbstractComponent.service(AbstractComponent.java:2685)
	at org.zkoss.zk.ui.impl.EventProcessor.process(EventProcessor.java:136)
	at org.zkoss.zk.ui.impl.UiEngineImpl.processEvent(UiEngineImpl.java:1765)
	at org.zkoss.zk.ui.impl.UiEngineImpl.process(UiEngineImpl.java:1550)
	at org.zkoss.zk.ui.impl.UiEngineImpl.execUpdate(UiEngineImpl.java:1260)
	at org.zkoss.zk.au.http.DHtmlUpdateServlet.process(DHtmlUpdateServlet.java:611)
	at org.zkoss.zk.au.http.DHtmlUpdateServlet.doGet(DHtmlUpdateServlet.java:485)
	at org.zkoss.zk.au.http.DHtmlUpdateServlet.doPost(DHtmlUpdateServlet.java:494)
	at javax.servlet.http.HttpServlet.service(HttpServlet.java:707)
	at javax.servlet.http.HttpServlet.service(HttpServlet.java:790)
	at org.eclipse.jetty.servlet.ServletHolder.handle(ServletHolder.java:808)
	at org.eclipse.jetty.servlet.ServletHandler.doHandle(ServletHandler.java:587)
	at org.eclipse.jetty.server.handler.ScopedHandler.handle(ScopedHandler.java:143)
	at org.eclipse.jetty.security.SecurityHandler.handle(SecurityHandler.java:577)
	at org.eclipse.jetty.server.session.SessionHandler.doHandle(SessionHandler.java:223)
	at org.eclipse.jetty.server.handler.ContextHandler.doHandle(ContextHandler.java:1127)
	at org.eclipse.jetty.servlet.ServletHandler.doScope(ServletHandler.java:515)

16:20:25.360-----------> ADTabpanel.navigateTo: Tab does not have ID with Node_ID=1000081 [28]
16:20:25.365===========> UiEngineImpl.handleError:  [28]
org.adempiere.exceptions.AdempiereException: El registro no se encuentra en la búsqueda actual
	at org.adempiere.webui.adwindow.ADTabpanel.navigateTo(ADTabpanel.java:1215)
	at org.adempiere.webui.adwindow.ADTabpanel.onEvent(ADTabpanel.java:1079)
	at org.zkoss.zk.ui.AbstractComponent.onEvent(AbstractComponent.java:2773)
	at org.zkoss.zk.ui.AbstractComponent.service(AbstractComponent.java:2744)
	at org.zkoss.zk.ui.AbstractComponent.service(AbstractComponent.java:2685)
	at org.zkoss.zk.ui.impl.EventProcessor.process(EventProcessor.java:136)
	at org.zkoss.zk.ui.impl.UiEngineImpl.processEvent(UiEngineImpl.java:1765)
	at org.zkoss.zk.ui.impl.UiEngineImpl.process(UiEngineImpl.java:1550)
	at org.zkoss.zk.ui.impl.UiEngineImpl.execUpdate(UiEngineImpl.java:1260)
	at org.zkoss.zk.au.http.DHtmlUpdateServlet.process(DHtmlUpdateServlet.java:611)
	at org.zkoss.zk.au.http.DHtmlUpdateServlet.doGet(DHtmlUpdateServlet.java:485)
	at org.zkoss.zk.au.http.DHtmlUpdateServlet.doPost(DHtmlUpdateServlet.java:494)
	at javax.servlet.http.HttpServlet.service(HttpServlet.java:707)
	at javax.servlet.http.HttpServlet.service(HttpServlet.java:790)
	at org.eclipse.jetty.servlet.ServletHolder.handle(ServletHolder.java:808)
	at org.eclipse.jetty.servlet.ServletHandler.doHandle(ServletHandler.java:587)
	at org.eclipse.jetty.server.handler.ScopedHandler.handle(ScopedHandler.java:143)
	at org.eclipse.jetty.security.SecurityHandler.handle(SecurityHandler.java:577)
	at org.eclipse.jetty.server.session.SessionHandler.doHandle(SessionHandler.java:223)
	at org.eclipse.jetty.server.handler.ContextHandler.doHandle(ContextHandler.java:1127)
	at org.eclipse.jetty.servlet.ServletHandler.doScope(ServletHandler.java:515)

16:20:35.099-----------> ADTabpanel.navigateTo: Tab does not have ID with Node_ID=1000073 [28]
16:20:35.104===========> UiEngineImpl.handleError:  [28]
org.adempiere.exceptions.AdempiereException: El registro no se encuentra en la búsqueda actual
	at org.adempiere.webui.adwindow.ADTabpanel.navigateTo(ADTabpanel.java:1215)
	at org.adempiere.webui.adwindow.ADTabpanel.onEvent(ADTabpanel.java:1079)
	at org.zkoss.zk.ui.AbstractComponent.onEvent(AbstractComponent.java:2773)
	at org.zkoss.zk.ui.AbstractComponent.service(AbstractComponent.java:2744)
	at org.zkoss.zk.ui.AbstractComponent.service(AbstractComponent.java:2685)
	at org.zkoss.zk.ui.impl.EventProcessor.process(EventProcessor.java:136)
	at org.zkoss.zk.ui.impl.UiEngineImpl.processEvent(UiEngineImpl.java:1765)
	at org.zkoss.zk.ui.impl.UiEngineImpl.process(UiEngineImpl.java:1550)
	at org.zkoss.zk.ui.impl.UiEngineImpl.execUpdate(UiEngineImpl.java:1260)
	at org.zkoss.zk.au.http.DHtmlUpdateServlet.process(DHtmlUpdateServlet.java:611)
	at org.zkoss.zk.au.http.DHtmlUpdateServlet.doGet(DHtmlUpdateServlet.java:485)
	at org.zkoss.zk.au.http.DHtmlUpdateServlet.doPost(DHtmlUpdateServlet.java:494)
	at javax.servlet.http.HttpServlet.service(HttpServlet.java:707)
	at javax.servlet.http.HttpServlet.service(HttpServlet.java:790)
	at org.eclipse.jetty.servlet.ServletHolder.handle(ServletHolder.java:808)
	at org.eclipse.jetty.servlet.ServletHandler.doHandle(ServletHandler.java:587)
	at org.eclipse.jetty.server.handler.ScopedHandler.handle(ScopedHandler.java:143)
	at org.eclipse.jetty.security.SecurityHandler.handle(SecurityHandler.java:577)
	at org.eclipse.jetty.server.session.SessionHandler.doHandle(SessionHandler.java:223)
	at org.eclipse.jetty.server.handler.ContextHandler.doHandle(ContextHandler.java:1127)
	at org.eclipse.jetty.servlet.ServletHandler.doScope(ServletHandler.java:515)

16:20:37.088-----------> ADTabpanel.navigateTo: Tab does not have ID with Node_ID=1000065 [123]
16:20:37.094===========> UiEngineImpl.handleError:  [123]
org.adempiere.exceptions.AdempiereException: El registro no se encuentra en la búsqueda actual
	at org.adempiere.webui.adwindow.ADTabpanel.navigateTo(ADTabpanel.java:1215)
	at org.adempiere.webui.adwindow.ADTabpanel.onEvent(ADTabpanel.java:1079)
	at org.zkoss.zk.ui.AbstractComponent.onEvent(AbstractComponent.java:2773)
	at org.zkoss.zk.ui.AbstractComponent.service(AbstractComponent.java:2744)
	at org.zkoss.zk.ui.AbstractComponent.service(AbstractComponent.java:2685)
	at org.zkoss.zk.ui.impl.EventProcessor.process(EventProcessor.java:136)
	at org.zkoss.zk.ui.impl.UiEngineImpl.processEvent(UiEngineImpl.java:1765)
	at org.zkoss.zk.ui.impl.UiEngineImpl.process(UiEngineImpl.java:1550)
	at org.zkoss.zk.ui.impl.UiEngineImpl.execUpdate(UiEngineImpl.java:1260)
	at org.zkoss.zk.au.http.DHtmlUpdateServlet.process(DHtmlUpdateServlet.java:611)
	at org.zkoss.zk.au.http.DHtmlUpdateServlet.doGet(DHtmlUpdateServlet.java:485)
	at org.zkoss.zk.au.http.DHtmlUpdateServlet.doPost(DHtmlUpdateServlet.java:494)
	at javax.servlet.http.HttpServlet.service(HttpServlet.java:707)
	at javax.servlet.http.HttpServlet.service(HttpServlet.java:790)
	at org.eclipse.jetty.servlet.ServletHolder.handle(ServletHolder.java:808)
	at org.eclipse.jetty.servlet.ServletHandler.doHandle(ServletHandler.java:587)
	at org.eclipse.jetty.server.handler.ScopedHandler.handle(ScopedHandler.java:143)
	at org.eclipse.jetty.security.SecurityHandler.handle(SecurityHandler.java:577)
	at org.eclipse.jetty.server.session.SessionHandler.doHandle(SessionHandler.java:223)
	at org.eclipse.jetty.server.handler.ContextHandler.doHandle(ContextHandler.java:1127)
	at org.eclipse.jetty.servlet.ServletHandler.doScope(ServletHandler.java:515)

16:20:42.546-----------> Msg.getMsg: NOT found: ni.idempiere.toolbar.button.action.report.label [29]
16:20:42.547-----------> Msg.getMsg: NOT found: ni.idempiere.toolbar.button.action.report.tooltip [29]
16:20:43.022===========> DesktopImpl.service: [Desktop z_gxv:/index.zul] client error: Failed to mount: adempiere.set is not a function [38]
16:20:43.034===========> DesktopImpl.service: [Desktop z_gxv:/index.zul] client error: Failed to mount: adempiere.set is not a function [38]
16:20:43.043===========> DesktopImpl.service: [Desktop z_gxv:/index.zul] client error: Failed to mount: adempiere.set is not a function [38]
16:20:43.245===========> DesktopImpl.service: [Desktop z_gxv:/index.zul] client error: Failed to mount: adempiere.set is not a function [28]
16:20:47.418-----------> Msg.getMsg: NOT found: ni.idempiere.toolbar.button.action.report.label [29]
16:20:47.419-----------> Msg.getMsg: NOT found: ni.idempiere.toolbar.button.action.report.tooltip [29]
16:20:48.024===========> DesktopImpl.service: [Desktop z_gxv:/index.zul] client error: Failed to mount: adempiere.set is not a function [38]
16:20:48.036===========> DesktopImpl.service: [Desktop z_gxv:/index.zul] client error: Failed to mount: adempiere.set is not a function [38]
16:20:48.046===========> DesktopImpl.service: [Desktop z_gxv:/index.zul] client error: Failed to mount: adempiere.set is not a function [38]
16:20:48.056===========> DesktopImpl.service: [Desktop z_gxv:/index.zul] client error: Failed to mount: adempiere.set is not a function [38]
16:20:48.313===========> DesktopImpl.service: [Desktop z_gxv:/index.zul] client error: Failed to mount: adempiere.set is not a function [28]
16:20:49.933===========> DesktopImpl.service: [Desktop z_gxv:/index.zul] client error: Failed to mount: adempiere.set is not a function [28]
16:20:49.943===========> DesktopImpl.service: [Desktop z_gxv:/index.zul] client error: Failed to mount: adempiere.set is not a function [28]
16:20:50.281===========> DesktopImpl.service: [Desktop z_gxv:/index.zul] client error: Failed to mount: adempiere.set is not a function [29]
16:20:50.297===========> DesktopImpl.service: [Desktop z_gxv:/index.zul] client error: Failed to mount: adempiere.set is not a function [29]
16:20:50.304===========> DesktopImpl.service: [Desktop z_gxv:/index.zul] client error: Failed to mount: adempiere.set is not a function [29]
16:20:50.313===========> DesktopImpl.service: [Desktop z_gxv:/index.zul] client error: Failed to mount: adempiere.set is not a function [29]
16:20:50.320===========> DesktopImpl.service: [Desktop z_gxv:/index.zul] client error: Failed to mount: adempiere.set is not a function [29]
16:20:50.329===========> DesktopImpl.service: [Desktop z_gxv:/index.zul] client error: Failed to mount: adempiere.set is not a function [29]
16:20:50.335===========> DesktopImpl.service: [Desktop z_gxv:/index.zul] client error: Failed to mount: adempiere.set is not a function [29]
16:20:50.402===========> DesktopImpl.service: [Desktop z_gxv:/index.zul] client error: Failed to mount: adempiere.set is not a function [29]
16:20:50.409===========> DesktopImpl.service: [Desktop z_gxv:/index.zul] client error: Failed to mount: adempiere.set is not a function [29]
16:20:50.416===========> DesktopImpl.service: [Desktop z_gxv:/index.zul] client error: Failed to mount: adempiere.set is not a function [29]
16:20:50.421===========> DesktopImpl.service: [Desktop z_gxv:/index.zul] client error: Failed to mount: adempiere.set is not a function [29]
16:20:50.429===========> DesktopImpl.service: [Desktop z_gxv:/index.zul] client error: Failed to mount: adempiere.set is not a function [29]
16:20:56.099===========> DesktopImpl.service: [Desktop z_gxv:/index.zul] client error: Failed to mount: adempiere.set is not a function [29]
16:20:56.141===========> DesktopImpl.service: [Desktop z_gxv:/index.zul] client error: Failed to mount: adempiere.set is not a function [29]
16:20:56.279===========> DesktopImpl.service: [Desktop z_gxv:/index.zul] client error: Failed to mount: adempiere.set is not a function [123]
16:20:57.038===========> DesktopImpl.service: [Desktop z_gxv:/index.zul] client error: Failed to mount: adempiere.set is not a function [28]
16:20:57.089===========> DesktopImpl.service: [Desktop z_gxv:/index.zul] client error: Failed to mount: adempiere.set is not a function [28]
16:20:57.142===========> DesktopImpl.service: [Desktop z_gxv:/index.zul] client error: Failed to mount: adempiere.set is not a function [28]
16:21:00.898===========> DesktopImpl.service: [Desktop z_gxv:/index.zul] client error: Failed to mount: adempiere.set is not a function [123]
16:21:01.148===========> DesktopImpl.service: [Desktop z_gxv:/index.zul] client error: Failed to mount: adempiere.set is not a function [28]
16:21:01.414===========> DesktopImpl.service: [Desktop z_gxv:/index.zul] client error: Failed to mount: adempiere.set is not a function [123]
16:21:01.809===========> DesktopImpl.service: [Desktop z_gxv:/index.zul] client error: Failed to mount: adempiere.set is not a function [28]
16:21:02.163===========> DesktopImpl.service: [Desktop z_gxv:/index.zul] client error: Failed to mount: adempiere.set is not a function [123]
16:21:02.671===========> DesktopImpl.service: [Desktop z_gxv:/index.zul] client error: Failed to mount: adempiere.set is not a function [28]
16:21:06.831===========> DesktopImpl.service: [Desktop z_gxv:/index.zul] client error: Failed to mount: adempiere.set is not a function [123]
16:21:14.118===========> DesktopImpl.service: [Desktop z_gxv:/index.zul] client error: Failed to mount: adempiere.set is not a function [28]
16:21:15.020===========> DesktopImpl.service: [Desktop z_gxv:/index.zul] client error: Failed to mount: adempiere.set is not a function [123]
16:21:18.114===========> DesktopImpl.service: [Desktop z_gxv:/index.zul] client error: Failed to mount: adempiere.set is not a function [28]
16:21:37.819===========> DesktopImpl.service: [Desktop z_gxv:/index.zul] client error: Failed to mount: adempiere.set is not a function [28]
16:21:37.832===========> DesktopImpl.service: [Desktop z_gxv:/index.zul] client error: Failed to mount: adempiere.set is not a function [28]
16:21:37.843===========> DesktopImpl.service: [Desktop z_gxv:/index.zul] client error: Failed to mount: adempiere.set is not a function [28]
16:21:37.855===========> DesktopImpl.service: [Desktop z_gxv:/index.zul] client error: Failed to mount: adempiere.set is not a function [28]
16:21:51.532===========> DesktopImpl.service: [Desktop z_gxv:/index.zul] client error: Failed to mount: adempiere.set is not a function [38]
16:21:51.555===========> DesktopImpl.service: [Desktop z_gxv:/index.zul] client error: Failed to mount: adempiere.set is not a function [38]
16:21:51.564===========> DesktopImpl.service: [Desktop z_gxv:/index.zul] client error: Failed to mount: adempiere.set is not a function [38]
16:21:51.574===========> DesktopImpl.service: [Desktop z_gxv:/index.zul] client error: Failed to mount: adempiere.set is not a function [38]
16:21:51.584===========> DesktopImpl.service: [Desktop z_gxv:/index.zul] client error: Failed to mount: adempiere.set is not a function [38]
16:21:51.593===========> DesktopImpl.service: [Desktop z_gxv:/index.zul] client error: Failed to mount: adempiere.set is not a function [38]
16:21:51.601===========> DesktopImpl.service: [Desktop z_gxv:/index.zul] client error: Failed to mount: adempiere.set is not a function [38]
16:21:51.610===========> DesktopImpl.service: [Desktop z_gxv:/index.zul] client error: Failed to mount: adempiere.set is not a function [38]
16:21:51.618===========> DesktopImpl.service: [Desktop z_gxv:/index.zul] client error: Failed to mount: adempiere.set is not a function [38]
16:21:51.625===========> DesktopImpl.service: [Desktop z_gxv:/index.zul] client error: Failed to mount: adempiere.set is not a function [38]
16:21:51.631===========> DesktopImpl.service: [Desktop z_gxv:/index.zul] client error: Failed to mount: adempiere.set is not a function [38]
16:21:51.636===========> DesktopImpl.service: [Desktop z_gxv:/index.zul] client error: Failed to mount: adempiere.set is not a function [38]
16:21:51.643===========> DesktopImpl.service: [Desktop z_gxv:/index.zul] client error: Failed to mount: adempiere.set is not a function [38]
16:21:51.649===========> DesktopImpl.service: [Desktop z_gxv:/index.zul] client error: Failed to mount: adempiere.set is not a function [38]
16:21:51.654===========> DesktopImpl.service: [Desktop z_gxv:/index.zul] client error: Failed to mount: adempiere.set is not a function [38]
16:21:51.662===========> DesktopImpl.service: [Desktop z_gxv:/index.zul] client error: Failed to mount: adempiere.set is not a function [38]
16:22:04.257===========> DesktopImpl.service: [Desktop z_gxv:/index.zul] client error: Failed to mount: adempiere.set is not a function [29]
16:25:43.268-----------> Msg.getMsg: NOT found: ni.idempiere.toolbar.button.action.report.label [123]
16:25:43.268-----------> Msg.getMsg: NOT found: ni.idempiere.toolbar.button.action.report.tooltip [123]
16:25:43.914===========> DesktopImpl.service: [Desktop z_gxv:/index.zul] client error: Failed to mount: adempiere.set is not a function [28]
16:25:43.948===========> DesktopImpl.service: [Desktop z_gxv:/index.zul] client error: Failed to mount: adempiere.set is not a function [28]
16:25:43.955===========> DesktopImpl.service: [Desktop z_gxv:/index.zul] client error: Failed to mount: adempiere.set is not a function [28]
16:25:44.170===========> DesktopImpl.service: [Desktop z_gxv:/index.zul] client error: Failed to mount: adempiere.set is not a function [29]
16:25:45.899===========> DesktopImpl.service: [Desktop z_gxv:/index.zul] client error: Failed to mount: adempiere.set is not a function [29]
16:25:45.931===========> DesktopImpl.service: [Desktop z_gxv:/index.zul] client error: Failed to mount: adempiere.set is not a function [29]
16:25:45.940===========> DesktopImpl.service: [Desktop z_gxv:/index.zul] client error: Failed to mount: adempiere.set is not a function [29]
16:25:45.948===========> DesktopImpl.service: [Desktop z_gxv:/index.zul] client error: Failed to mount: adempiere.set is not a function [29]
16:25:45.958===========> DesktopImpl.service: [Desktop z_gxv:/index.zul] client error: Failed to mount: adempiere.set is not a function [29]
16:25:45.966===========> DesktopImpl.service: [Desktop z_gxv:/index.zul] client error: Failed to mount: adempiere.set is not a function [29]
16:25:46.664===========> DesktopImpl.service: [Desktop z_gxv:/index.zul] client error: Failed to mount: adempiere.set is not a function [123]
16:25:46.679===========> DesktopImpl.service: [Desktop z_gxv:/index.zul] client error: Failed to mount: adempiere.set is not a function [123]
16:25:46.686===========> DesktopImpl.service: [Desktop z_gxv:/index.zul] client error: Failed to mount: adempiere.set is not a function [123]
16:25:46.695===========> DesktopImpl.service: [Desktop z_gxv:/index.zul] client error: Failed to mount: adempiere.set is not a function [123]
16:25:46.702===========> DesktopImpl.service: [Desktop z_gxv:/index.zul] client error: Failed to mount: adempiere.set is not a function [123]
16:25:46.708===========> DesktopImpl.service: [Desktop z_gxv:/index.zul] client error: Failed to mount: adempiere.set is not a function [123]
16:25:46.714===========> DesktopImpl.service: [Desktop z_gxv:/index.zul] client error: Failed to mount: adempiere.set is not a function [123]
16:25:46.721===========> DesktopImpl.service: [Desktop z_gxv:/index.zul] client error: Failed to mount: adempiere.set is not a function [123]
16:25:46.728===========> DesktopImpl.service: [Desktop z_gxv:/index.zul] client error: Failed to mount: adempiere.set is not a function [123]
16:25:46.735===========> DesktopImpl.service: [Desktop z_gxv:/index.zul] client error: Failed to mount: adempiere.set is not a function [123]
16:25:46.743===========> DesktopImpl.service: [Desktop z_gxv:/index.zul] client error: Failed to mount: adempiere.set is not a function [123]
16:25:46.748===========> DesktopImpl.service: [Desktop z_gxv:/index.zul] client error: Failed to mount: adempiere.set is not a function [123]
16:25:46.755===========> DesktopImpl.service: [Desktop z_gxv:/index.zul] client error: Failed to mount: adempiere.set is not a function [123]
16:25:46.763===========> DesktopImpl.service: [Desktop z_gxv:/index.zul] client error: Failed to mount: adempiere.set is not a function [123]
16:25:46.769===========> DesktopImpl.service: [Desktop z_gxv:/index.zul] client error: Failed to mount: adempiere.set is not a function [123]
16:25:46.775===========> DesktopImpl.service: [Desktop z_gxv:/index.zul] client error: Failed to mount: adempiere.set is not a function [123]
16:25:46.781===========> DesktopImpl.service: [Desktop z_gxv:/index.zul] client error: Failed to mount: adempiere.set is not a function [123]
16:25:46.789===========> DesktopImpl.service: [Desktop z_gxv:/index.zul] client error: Failed to mount: adempiere.set is not a function [123]
16:25:46.796===========> DesktopImpl.service: [Desktop z_gxv:/index.zul] client error: Failed to mount: adempiere.set is not a function [123]
16:25:46.802===========> DesktopImpl.service: [Desktop z_gxv:/index.zul] client error: Failed to mount: adempiere.set is not a function [123]
16:35:23.026===========> UiEngineImpl.handleError:  [123]
java.lang.IndexOutOfBoundsException: Index: -1, Size: 16
	at java.util.ArrayList.rangeCheckForAdd(Unknown Source)
	at java.util.ArrayList.add(Unknown Source)
	at org.adempiere.webui.component.SimpleListModel.add(SimpleListModel.java:162)
	at org.adempiere.webui.adwindow.ADSortTab.migrateValueWithinYesList(ADSortTab.java:638)
	at org.adempiere.webui.adwindow.ADSortTab$DragListener.onEvent(ADSortTab.java:858)
	at org.adempiere.webui.component.Listbox.onEvent(Listbox.java:205)
	at org.zkoss.zk.ui.AbstractComponent.onEvent(AbstractComponent.java:2773)
	at org.zkoss.zk.ui.AbstractComponent.service(AbstractComponent.java:2744)
	at org.zkoss.zk.ui.AbstractComponent.service(AbstractComponent.java:2685)
	at org.zkoss.zk.ui.impl.EventProcessor.process(EventProcessor.java:136)
	at org.zkoss.zk.ui.impl.UiEngineImpl.processEvent(UiEngineImpl.java:1765)
	at org.zkoss.zk.ui.impl.UiEngineImpl.process(UiEngineImpl.java:1550)
	at org.zkoss.zk.ui.impl.UiEngineImpl.execUpdate(UiEngineImpl.java:1260)
	at org.zkoss.zk.au.http.DHtmlUpdateServlet.process(DHtmlUpdateServlet.java:611)
	at org.zkoss.zk.au.http.DHtmlUpdateServlet.doGet(DHtmlUpdateServlet.java:485)
	at org.zkoss.zk.au.http.DHtmlUpdateServlet.doPost(DHtmlUpdateServlet.java:494)
	at javax.servlet.http.HttpServlet.service(HttpServlet.java:707)
	at javax.servlet.http.HttpServlet.service(HttpServlet.java:790)
	at org.eclipse.jetty.servlet.ServletHolder.handle(ServletHolder.java:808)
	at org.eclipse.jetty.servlet.ServletHandler.doHandle(ServletHandler.java:587)
	at org.eclipse.jetty.server.handler.ScopedHandler.handle(ScopedHandler.java:143)

16:45:38.589-----------> Msg.getMsg: NOT found: ni.idempiere.toolbar.button.action.report.label [28]
16:45:38.589-----------> Msg.getMsg: NOT found: ni.idempiere.toolbar.button.action.report.tooltip [28]
16:45:39.172===========> DesktopImpl.service: [Desktop z_gxv:/index.zul] client error: Failed to mount: adempiere.set is not a function [198]
16:45:39.185===========> DesktopImpl.service: [Desktop z_gxv:/index.zul] client error: Failed to mount: adempiere.set is not a function [198]
16:45:39.193===========> DesktopImpl.service: [Desktop z_gxv:/index.zul] client error: Failed to mount: adempiere.set is not a function [198]
16:45:39.436===========> DesktopImpl.service: [Desktop z_gxv:/index.zul] client error: Failed to mount: adempiere.set is not a function [38]
16:45:46.272===========> DesktopImpl.service: [Desktop z_gxv:/index.zul] client error: Failed to mount: adempiere.set is not a function [28]
16:45:46.313===========> DesktopImpl.service: [Desktop z_gxv:/index.zul] client error: Failed to mount: adempiere.set is not a function [28]
16:45:46.321===========> DesktopImpl.service: [Desktop z_gxv:/index.zul] client error: Failed to mount: adempiere.set is not a function [28]
16:45:46.331===========> DesktopImpl.service: [Desktop z_gxv:/index.zul] client error: Failed to mount: adempiere.set is not a function [28]
16:46:35.942===========> DesktopImpl.service: [Desktop z_gxv:/index.zul] client error: Failed to mount: adempiere.set is not a function [28]
16:46:35.952===========> DesktopImpl.service: [Desktop z_gxv:/index.zul] client error: Failed to mount: adempiere.set is not a function [28]
16:46:35.961===========> DesktopImpl.service: [Desktop z_gxv:/index.zul] client error: Failed to mount: adempiere.set is not a function [28]
16:46:35.968===========> DesktopImpl.service: [Desktop z_gxv:/index.zul] client error: Failed to mount: adempiere.set is not a function [28]
16:46:35.976===========> DesktopImpl.service: [Desktop z_gxv:/index.zul] client error: Failed to mount: adempiere.set is not a function [28]
16:46:35.984===========> DesktopImpl.service: [Desktop z_gxv:/index.zul] client error: Failed to mount: adempiere.set is not a function [28]
16:46:36.028===========> DesktopImpl.service: [Desktop z_gxv:/index.zul] client error: Failed to mount: adempiere.set is not a function [28]
16:46:36.146===========> DesktopImpl.service: [Desktop z_gxv:/index.zul] client error: Failed to mount: adempiere.set is not a function [28]
16:46:36.236===========> DesktopImpl.service: [Desktop z_gxv:/index.zul] client error: Failed to mount: adempiere.set is not a function [28]
16:46:36.243===========> DesktopImpl.service: [Desktop z_gxv:/index.zul] client error: Failed to mount: adempiere.set is not a function [28]
16:46:36.250===========> DesktopImpl.service: [Desktop z_gxv:/index.zul] client error: Failed to mount: adempiere.set is not a function [28]
16:46:36.257===========> DesktopImpl.service: [Desktop z_gxv:/index.zul] client error: Failed to mount: adempiere.set is not a function [28]
16:46:36.263===========> DesktopImpl.service: [Desktop z_gxv:/index.zul] client error: Failed to mount: adempiere.set is not a function [28]
16:46:36.270===========> DesktopImpl.service: [Desktop z_gxv:/index.zul] client error: Failed to mount: adempiere.set is not a function [28]
16:46:36.276===========> DesktopImpl.service: [Desktop z_gxv:/index.zul] client error: Failed to mount: adempiere.set is not a function [28]
16:46:36.282===========> DesktopImpl.service: [Desktop z_gxv:/index.zul] client error: Failed to mount: adempiere.set is not a function [28]
16:46:48.070===========> DesktopImpl.service: [Desktop z_gxv:/index.zul] client error: Failed to mount: adempiere.set is not a function [28]
16:46:48.080===========> DesktopImpl.service: [Desktop z_gxv:/index.zul] client error: Failed to mount: adempiere.set is not a function [28]
16:46:49.311===========> DesktopImpl.service: [Desktop z_gxv:/index.zul] client error: Failed to mount: adempiere.set is not a function [198]
16:46:49.318===========> DesktopImpl.service: [Desktop z_gxv:/index.zul] client error: Failed to mount: adempiere.set is not a function [198]
16:46:49.326===========> DesktopImpl.service: [Desktop z_gxv:/index.zul] client error: Failed to mount: adempiere.set is not a function [198]
16:46:49.333===========> DesktopImpl.service: [Desktop z_gxv:/index.zul] client error: Failed to mount: adempiere.set is not a function [198]
16:46:59.474-----------> Msg.getMsg: NOT found: ni.idempiere.toolbar.button.action.report.label [198]
16:46:59.474-----------> Msg.getMsg: NOT found: ni.idempiere.toolbar.button.action.report.tooltip [198]
16:46:59.988===========> DesktopImpl.service: [Desktop z_gxv:/index.zul] client error: Failed to mount: adempiere.set is not a function [28]
16:46:59.999===========> DesktopImpl.service: [Desktop z_gxv:/index.zul] client error: Failed to mount: adempiere.set is not a function [28]
16:47:00.008===========> DesktopImpl.service: [Desktop z_gxv:/index.zul] client error: Failed to mount: adempiere.set is not a function [28]
16:47:00.985===========> DesktopImpl.service: [Desktop z_gxv:/index.zul] client error: Failed to mount: adempiere.set is not a function [123]
16:47:01.048===========> DesktopImpl.service: [Desktop z_gxv:/index.zul] client error: Failed to mount: adempiere.set is not a function [123]
16:47:01.055===========> DesktopImpl.service: [Desktop z_gxv:/index.zul] client error: Failed to mount: adempiere.set is not a function [123]
16:47:01.062===========> DesktopImpl.service: [Desktop z_gxv:/index.zul] client error: Failed to mount: adempiere.set is not a function [123]
16:47:01.067===========> DesktopImpl.service: [Desktop z_gxv:/index.zul] client error: Failed to mount: adempiere.set is not a function [123]
16:47:01.072===========> DesktopImpl.service: [Desktop z_gxv:/index.zul] client error: Failed to mount: adempiere.set is not a function [123]
16:47:01.077===========> DesktopImpl.service: [Desktop z_gxv:/index.zul] client error: Failed to mount: adempiere.set is not a function [123]
16:47:01.083===========> DesktopImpl.service: [Desktop z_gxv:/index.zul] client error: Failed to mount: adempiere.set is not a function [123]
16:47:01.090===========> DesktopImpl.service: [Desktop z_gxv:/index.zul] client error: Failed to mount: adempiere.set is not a function [123]
16:47:01.095===========> DesktopImpl.service: [Desktop z_gxv:/index.zul] client error: Failed to mount: adempiere.set is not a function [123]
16:47:01.100===========> DesktopImpl.service: [Desktop z_gxv:/index.zul] client error: Failed to mount: adempiere.set is not a function [123]
16:47:01.105===========> DesktopImpl.service: [Desktop z_gxv:/index.zul] client error: Failed to mount: adempiere.set is not a function [123]
16:47:01.111===========> DesktopImpl.service: [Desktop z_gxv:/index.zul] client error: Failed to mount: adempiere.set is not a function [123]
16:47:01.116===========> DesktopImpl.service: [Desktop z_gxv:/index.zul] client error: Failed to mount: adempiere.set is not a function [123]
16:47:01.121===========> DesktopImpl.service: [Desktop z_gxv:/index.zul] client error: Failed to mount: adempiere.set is not a function [123]
16:47:01.126===========> DesktopImpl.service: [Desktop z_gxv:/index.zul] client error: Failed to mount: adempiere.set is not a function [123]
16:47:01.131===========> DesktopImpl.service: [Desktop z_gxv:/index.zul] client error: Failed to mount: adempiere.set is not a function [123]
16:47:01.136===========> DesktopImpl.service: [Desktop z_gxv:/index.zul] client error: Failed to mount: adempiere.set is not a function [123]
16:47:01.141===========> DesktopImpl.service: [Desktop z_gxv:/index.zul] client error: Failed to mount: adempiere.set is not a function [123]
16:47:01.146===========> DesktopImpl.service: [Desktop z_gxv:/index.zul] client error: Failed to mount: adempiere.set is not a function [123]
16:47:01.154===========> DesktopImpl.service: [Desktop z_gxv:/index.zul] client error: Failed to mount: adempiere.set is not a function [123]
16:47:01.162===========> DesktopImpl.service: [Desktop z_gxv:/index.zul] client error: Failed to mount: adempiere.set is not a function [123]
16:47:01.168===========> DesktopImpl.service: [Desktop z_gxv:/index.zul] client error: Failed to mount: adempiere.set is not a function [123]
16:47:01.175===========> DesktopImpl.service: [Desktop z_gxv:/index.zul] client error: Failed to mount: adempiere.set is not a function [123]
16:47:01.181===========> DesktopImpl.service: [Desktop z_gxv:/index.zul] client error: Failed to mount: adempiere.set is not a function [123]
16:47:01.188===========> DesktopImpl.service: [Desktop z_gxv:/index.zul] client error: Failed to mount: adempiere.set is not a function [123]
16:47:01.195===========> DesktopImpl.service: [Desktop z_gxv:/index.zul] client error: Failed to mount: adempiere.set is not a function [123]
16:48:07.483-----------> Msg.getMsg: NOT found: ni.idempiere.toolbar.button.action.report.label [198]
16:48:07.483-----------> Msg.getMsg: NOT found: ni.idempiere.toolbar.button.action.report.tooltip [198]
16:48:07.515===========> GridFieldVO.loadLookupInfo: No LookupInfo for C_Catalogo_ID [198]
java.lang.NullPointerException
	at org.compiere.model.MLookupFactory.getLookup_TableDir(MLookupFactory.java:788)
	at org.compiere.model.MLookupFactory.getLookupInfo(MLookupFactory.java:226)
	at org.compiere.model.GridFieldVO.loadLookupInfo(GridFieldVO.java:711)
	at org.compiere.model.GridFieldVO.initFinish(GridFieldVO.java:700)
	at org.compiere.model.GridFieldVO.create(GridFieldVO.java:312)
	at org.compiere.model.GridTabVO.createFields(GridTabVO.java:305)
	at org.compiere.model.GridTabVO.getFields(GridTabVO.java:499)
	at org.compiere.model.GridTab.loadFields(GridTab.java:362)
	at org.compiere.model.GridTab.loadTab(GridTab.java:308)
	at org.compiere.model.GridTab.initTab(GridTab.java:299)
	at org.compiere.model.GridWindow.initTab(GridWindow.java:195)

16:48:13.840===========> DesktopImpl.service: [Desktop z_bu70:/index.zul] client error: Failed to mount: adempiere.set is not a function [123]
16:48:13.849===========> DesktopImpl.service: [Desktop z_bu70:/index.zul] client error: Failed to mount: adempiere.set is not a function [123]
16:48:14.460===========> DesktopImpl.service: [Desktop z_bu70:/index.zul] client error: Failed to mount: adempiere.set is not a function [198]
16:48:14.477===========> DesktopImpl.service: [Desktop z_bu70:/index.zul] client error: Failed to mount: adempiere.set is not a function [198]
16:48:14.484===========> DesktopImpl.service: [Desktop z_bu70:/index.zul] client error: Failed to mount: adempiere.set is not a function [198]
16:48:14.490===========> DesktopImpl.service: [Desktop z_bu70:/index.zul] client error: Failed to mount: adempiere.set is not a function [198]
16:48:14.495===========> DesktopImpl.service: [Desktop z_bu70:/index.zul] client error: Failed to mount: adempiere.set is not a function [198]
16:48:14.502===========> DesktopImpl.service: [Desktop z_bu70:/index.zul] client error: Failed to mount: adempiere.set is not a function [198]
16:48:14.509===========> DesktopImpl.service: [Desktop z_bu70:/index.zul] client error: Failed to mount: adempiere.set is not a function [198]
16:48:14.515===========> DesktopImpl.service: [Desktop z_bu70:/index.zul] client error: Failed to mount: adempiere.set is not a function [198]
16:48:14.520===========> DesktopImpl.service: [Desktop z_bu70:/index.zul] client error: Failed to mount: adempiere.set is not a function [198]
16:48:14.526===========> DesktopImpl.service: [Desktop z_bu70:/index.zul] client error: Failed to mount: adempiere.set is not a function [198]
16:48:14.531===========> DesktopImpl.service: [Desktop z_bu70:/index.zul] client error: Failed to mount: adempiere.set is not a function [198]
16:48:14.536===========> DesktopImpl.service: [Desktop z_bu70:/index.zul] client error: Failed to mount: adempiere.set is not a function [198]
16:48:14.541===========> DesktopImpl.service: [Desktop z_bu70:/index.zul] client error: Failed to mount: adempiere.set is not a function [198]
16:48:14.546===========> DesktopImpl.service: [Desktop z_bu70:/index.zul] client error: Failed to mount: adempiere.set is not a function [198]
16:48:14.551===========> DesktopImpl.service: [Desktop z_bu70:/index.zul] client error: Failed to mount: adempiere.set is not a function [198]
16:48:14.557===========> DesktopImpl.service: [Desktop z_bu70:/index.zul] client error: Failed to mount: adempiere.set is not a function [198]
16:48:14.562===========> DesktopImpl.service: [Desktop z_bu70:/index.zul] client error: Failed to mount: adempiere.set is not a function [198]
16:48:14.567===========> DesktopImpl.service: [Desktop z_bu70:/index.zul] client error: Failed to mount: adempiere.set is not a function [198]
16:48:14.572===========> DesktopImpl.service: [Desktop z_bu70:/index.zul] client error: Failed to mount: adempiere.set is not a function [198]
16:48:14.577===========> DesktopImpl.service: [Desktop z_bu70:/index.zul] client error: Failed to mount: adempiere.set is not a function [198]
16:48:14.584===========> DesktopImpl.service: [Desktop z_bu70:/index.zul] client error: Failed to mount: adempiere.set is not a function [198]
16:48:14.591===========> DesktopImpl.service: [Desktop z_bu70:/index.zul] client error: Failed to mount: adempiere.set is not a function [198]
