*** 2016-06-15 16:44:58.938 idempiere Log (CLogFile) ***
16:44:58.938 Adempiere.startup: iDempiere(r) Release 3.1_2015-10-31 -Smart Suite ERP, CRM and SCM- (c) 1999-2013 iDempiere(r); Implementation: iDempiere - Supported by iDempiere community [17]
16:44:58.985 Ini.loadProperties: E:\mercurialidempiere/idempiere-dev.properties #33 [17]
16:45:00.001 DB.isBuildOK: Build DB=${env.ADEMPIERE_VERSION} 20080428-1232 [17]
16:45:00.001 DB.isBuildOK: Build Cl=3.1.0.qualifier [17]
16:45:00.114-----------> DB.isBuildOK: Build Version Error 

The program assumes build version 3.1.0.qualifier, but database has build version ${env.ADEMPIERE_VERSION} 20080428-1232. 
This is likely to cause hard to fix errors. 
Please contact administrator. [17]
16:45:01.192 Language.getLanguage: Adding Language=en, Country=US, Locale=en_US [17]
16:45:01.217 Language.getLanguage: Adding Language=en, Country=US, Locale=en_US [17]
16:45:01.560 WebEnv.initWeb: Servlet Context Init Parameters: iDempiere Root
ServerRoot=1 [17]
16:45:01.560-----------> EMail.setFrom: you @ company.org: javax.mail.internet.AddressException: Local address contains control or whitespace in string ``you @ company.org'' [17]
16:45:01.576-----------> EMail.addTo: you @ company.org: javax.mail.internet.AddressException: Local address contains control or whitespace in string ``you @ company.org'' [17]
16:45:01.576-----------> EMail.isValid: From is invalid=null [17]
16:45:01.576-----------> EMail.isValid: From is invalid=null [17]
16:45:01.576-----------> MClient.sendEMail: Could NOT Send Email: Server started: iDempiere (odbz:10.0.5.41) to you @ company.org: Invalid Data (System) [17]
16:45:01.576 WebEnv.initWeb: Servlet Init Parameter: idempiereMonitor [17]
16:45:01.576 AdempiereMonitor.init:  [17]
16:45:04.248-----------> AnnotationConfiguration.configure: ServletContainerInitializers: detected. Class hierarchy: empty [17]
16:45:04.579-----------> ClassLocator.getDependentXMLResources: Replicate resource: ckez
Overwrite bundleresource://179.fwk176207911:2/metainfo/zk/config.xml
with bundleresource://179.fwk176207911:19/metainfo/zk/config.xml [17]
16:45:04.579-----------> ClassLocator.getDependentXMLResources: Replicate resource: zk
Overwrite bundleresource://179.fwk176207911:11/metainfo/zk/config.xml
with bundleresource://179.fwk176207911:28/metainfo/zk/config.xml [17]
16:45:04.579-----------> ClassLocator.getDependentXMLResources: Replicate resource: zkbind
Overwrite bundleresource://179.fwk176207911:12/metainfo/zk/config.xml
with bundleresource://179.fwk176207911:29/metainfo/zk/config.xml [17]
16:45:04.611-----------> ClassLocator.getDependentXMLResources: Replicate resource: zul
Overwrite bundleresource://179.fwk176207911:14/metainfo/zk/zk.xml
with bundleresource://179.fwk176207911:31/metainfo/zk/zk.xml [17]
16:45:05.236-----------> LanguageDefinition.<init>: Replicated language: xhtml, overriden by [LanguageDefinition: xhtml] [17]
16:45:05.267-----------> LanguageDefinition.<init>: Replicated language: xul/html, overriden by [LanguageDefinition: xul/html] [17]
16:45:05.332-----------> ClassLocator.getDependentXMLResources: Replicate resource: calendar
Overwrite bundleresource://179.fwk176207911:1/metainfo/zk/lang-addon.xml
with bundleresource://179.fwk176207911:18/metainfo/zk/lang-addon.xml [17]
16:45:05.332-----------> ClassLocator.getDependentXMLResources: Replicate resource: ckez
Overwrite bundleresource://179.fwk176207911:2/metainfo/zk/lang-addon.xml
with bundleresource://179.fwk176207911:19/metainfo/zk/lang-addon.xml [17]
16:45:05.348-----------> ClassLocator.getDependentXMLResources: Replicate resource: gmapsz
Overwrite bundleresource://179.fwk176207911:5/metainfo/zk/lang-addon.xml
with bundleresource://179.fwk176207911:22/metainfo/zk/lang-addon.xml [17]
16:45:05.348-----------> ClassLocator.getDependentXMLResources: Replicate resource: timeline
Overwrite bundleresource://179.fwk176207911:6/metainfo/zk/lang-addon.xml
with bundleresource://179.fwk176207911:23/metainfo/zk/lang-addon.xml [17]
16:45:05.348-----------> ClassLocator.getDependentXMLResources: Replicate resource: timeplot
Overwrite bundleresource://179.fwk176207911:7/metainfo/zk/lang-addon.xml
with bundleresource://179.fwk176207911:24/metainfo/zk/lang-addon.xml [17]
16:45:05.364-----------> ClassLocator.getDependentXMLResources: Replicate resource: zkbind
Overwrite bundleresource://179.fwk176207911:12/metainfo/zk/lang-addon.xml
with bundleresource://179.fwk176207911:29/metainfo/zk/lang-addon.xml [17]
16:45:05.379-----------> ClassLocator.getDependentXMLResources: Replicate resource: zkplus
Overwrite bundleresource://179.fwk176207911:13/metainfo/zk/lang-addon.xml
with bundleresource://179.fwk176207911:30/metainfo/zk/lang-addon.xml [17]
16:45:05.817           WebUIServlet.init: iDempiere Web Client started successfully [17]
16:45:06.864-----------> AnnotationConfiguration.configure: ServletContainerInitializers: detected. Class hierarchy: empty [17]

*** 2016-06-15 16:45:07.224 idempiere Log (CLogFile) ***
16:45:09.865-----------> Node: [10.0.5.41]:5701 [adempiere.idempiere/localhost] [3.5.3] No join method is enabled! Starting standalone. [48]
16:45:38.684-----------> Prop.loadProperties: E:\mercurialidempiere\home.properties not found [38]
16:45:38.684-----------> Prop.loadProperties: E:\mercurialidempiere\home.properties not found [35]
16:45:38.688-----------> Prop.loadProperties: !!WARNING:Please locate yout custom home.properties on iDEMPIERE_HOME. [38]
16:45:38.689-----------> Prop.loadProperties: !!WARNING:Please locate yout custom home.properties on iDEMPIERE_HOME. [35]
16:46:31.687===========> GridTab.processCallout: Callout @script:beanshell:CalculePaymentInvoices not found [34]
16:47:16.134===========> GridTab.processCallout: Callout @script:beanshell:CalculePaymentInvoices not found [33]
16:47:16.230-----------> Msg.getMsg: NOT found: Callout @script:beanshell:CalculePaymentInvoices not found [33]
