*** 2017-04-28 15:41:59.397 idempiere Log (CLogFile) ***
15:41:59.397 Adempiere.startup: iDempiere(r) Release 3.1_2015-10-31 -Smart Suite ERP, CRM and SCM- (c) 1999-2013 iDempiere(r); Implementation: iDempiere - Supported by iDempiere community [17]
15:41:59.399 Ini.loadProperties: E:\mercurialidempiere/idempiere.properties #33 [17]
15:41:59.930 AdempiereActivator.installPackage: ni.idempiere.wts 1.0.0 was installed: 2017-04-28 15:20:46.241 [17]
15:41:59.942 DB.isBuildOK: Build DB=${env.ADEMPIERE_VERSION} 20080428-1232 [17]
15:41:59.942 DB.isBuildOK: Build Cl=3.1.0.qualifier [17]
15:41:59.958-----------> DB.isBuildOK: Build Version Error 

The program assumes build version 3.1.0.qualifier, but database has build version ${env.ADEMPIERE_VERSION} 20080428-1232. 
This is likely to cause hard to fix errors. 
Please contact administrator. [17]
15:42:00.034 WebEnv.initWeb: Servlet Context Init Parameters: iDempiere Root
ServerRoot=1 [17]
15:42:00.219-----------> EMail.setFrom: you @ company.org: javax.mail.internet.AddressException: Local address contains control or whitespace in string ``you @ company.org'' [17]
15:42:00.221-----------> EMail.addTo: you @ company.org: javax.mail.internet.AddressException: Local address contains control or whitespace in string ``you @ company.org'' [17]
15:42:00.221-----------> EMail.isValid: From is invalid=null [17]
15:42:00.221-----------> EMail.isValid: From is invalid=null [17]
15:42:00.221-----------> MClient.sendEMail: Could NOT Send Email: Server started: iDempiere (odbz:192.168.47.1) to you @ company.org: Invalid Data (System) [17]
15:42:00.221 WebEnv.initWeb: Servlet Init Parameter: idempiereMonitor [17]
15:42:00.222 AdempiereMonitor.init:  [17]
15:42:01.889-----------> AnnotationConfiguration.configure: ServletContainerInitializers: detected. Class hierarchy: empty [17]
15:42:02.083-----------> ClassLocator.getDependentXMLResources: Replicate resource: ckez
Overwrite bundleresource://182.fwk1480207683:2/metainfo/zk/config.xml
with bundleresource://182.fwk1480207683:19/metainfo/zk/config.xml [17]
15:42:02.090-----------> ClassLocator.getDependentXMLResources: Replicate resource: zk
Overwrite bundleresource://182.fwk1480207683:11/metainfo/zk/config.xml
with bundleresource://182.fwk1480207683:28/metainfo/zk/config.xml [17]
15:42:02.095-----------> ClassLocator.getDependentXMLResources: Replicate resource: zkbind
Overwrite bundleresource://182.fwk1480207683:12/metainfo/zk/config.xml
with bundleresource://182.fwk1480207683:29/metainfo/zk/config.xml [17]
15:42:02.121-----------> ClassLocator.getDependentXMLResources: Replicate resource: zul
Overwrite bundleresource://182.fwk1480207683:14/metainfo/zk/zk.xml
with bundleresource://182.fwk1480207683:31/metainfo/zk/zk.xml [17]
15:42:02.470-----------> LanguageDefinition.<init>: Replicated language: xhtml, overriden by [LanguageDefinition: xhtml] [17]
15:42:02.499-----------> LanguageDefinition.<init>: Replicated language: xul/html, overriden by [LanguageDefinition: xul/html] [17]
15:42:02.584-----------> ClassLocator.getDependentXMLResources: Replicate resource: calendar
Overwrite bundleresource://182.fwk1480207683:1/metainfo/zk/lang-addon.xml
with bundleresource://182.fwk1480207683:18/metainfo/zk/lang-addon.xml [17]
15:42:02.589-----------> ClassLocator.getDependentXMLResources: Replicate resource: ckez
Overwrite bundleresource://182.fwk1480207683:2/metainfo/zk/lang-addon.xml
with bundleresource://182.fwk1480207683:19/metainfo/zk/lang-addon.xml [17]
15:42:02.596-----------> ClassLocator.getDependentXMLResources: Replicate resource: gmapsz
Overwrite bundleresource://182.fwk1480207683:5/metainfo/zk/lang-addon.xml
with bundleresource://182.fwk1480207683:22/metainfo/zk/lang-addon.xml [17]
15:42:02.601-----------> ClassLocator.getDependentXMLResources: Replicate resource: timeline
Overwrite bundleresource://182.fwk1480207683:6/metainfo/zk/lang-addon.xml
with bundleresource://182.fwk1480207683:23/metainfo/zk/lang-addon.xml [17]
15:42:02.606-----------> ClassLocator.getDependentXMLResources: Replicate resource: timeplot
Overwrite bundleresource://182.fwk1480207683:7/metainfo/zk/lang-addon.xml
with bundleresource://182.fwk1480207683:24/metainfo/zk/lang-addon.xml [17]
15:42:02.618-----------> ClassLocator.getDependentXMLResources: Replicate resource: zkbind
Overwrite bundleresource://182.fwk1480207683:12/metainfo/zk/lang-addon.xml
with bundleresource://182.fwk1480207683:29/metainfo/zk/lang-addon.xml [17]
15:42:02.626-----------> ClassLocator.getDependentXMLResources: Replicate resource: zkplus
Overwrite bundleresource://182.fwk1480207683:13/metainfo/zk/lang-addon.xml
with bundleresource://182.fwk1480207683:30/metainfo/zk/lang-addon.xml [17]
15:42:02.942           WebUIServlet.init: iDempiere Web Client started successfully [17]
15:42:03.947-----------> AnnotationConfiguration.configure: ServletContainerInitializers: detected. Class hierarchy: empty [17]
15:42:04.051-----------> LCO_ValidatorWH.initialize:  [71]

*** 2017-04-28 15:42:04.206 idempiere Log (CLogFile) ***
15:42:06.264-----------> Node: [192.168.163.1]:5701 [adempiere.idempiere/localhost] [3.5.3] No join method is enabled! Starting standalone. [48]
