*** 2016-07-12 13:35:48.222 idempiere Log (CLogFile) ***
13:35:48.222 Adempiere.startup: iDempiere(r) Release 3.1_2015-10-31 -Smart Suite ERP, CRM and SCM- (c) 1999-2013 iDempiere(r); Implementation: iDempiere - Supported by iDempiere community [17]
13:35:48.222 Ini.loadProperties: E:\mercurialidempiere/idempiere.properties #32 [17]
13:35:48.808 DB.isBuildOK: Build DB=${env.ADEMPIERE_VERSION} 20080428-1232 [17]
13:35:48.808 DB.isBuildOK: Build Cl=3.1.0.qualifier [17]
13:35:48.824-----------> DB.isBuildOK: Build Version Error 

The program assumes build version 3.1.0.qualifier, but database has build version ${env.ADEMPIERE_VERSION} 20080428-1232. 
This is likely to cause hard to fix errors. 
Please contact administrator. [17]
13:35:48.902 WebEnv.initWeb: Servlet Context Init Parameters: iDempiere Root
ServerRoot=1 [17]
13:35:48.917-----------> EMail.setFrom: you @ company.org: javax.mail.internet.AddressException: Local address contains control or whitespace in string ``you @ company.org'' [17]
13:35:48.917-----------> EMail.addTo: you @ company.org: javax.mail.internet.AddressException: Local address contains control or whitespace in string ``you @ company.org'' [17]
13:35:48.917-----------> EMail.isValid: From is invalid=null [17]
13:35:48.917-----------> EMail.isValid: From is invalid=null [17]
13:35:48.917-----------> MClient.sendEMail: Could NOT Send Email: Server started: iDempiere (odbz:172.16.67.23) to you @ company.org: Invalid Data (System) [17]
13:35:48.917 WebEnv.initWeb: Servlet Init Parameter: idempiereMonitor [17]
13:35:48.917 AdempiereMonitor.init:  [17]
13:35:50.183-----------> AnnotationConfiguration.configure: ServletContainerInitializers: detected. Class hierarchy: empty [17]
13:35:50.423-----------> ClassLocator.getDependentXMLResources: Replicate resource: ckez
Overwrite bundleresource://181.fwk1480207683:2/metainfo/zk/config.xml
with bundleresource://181.fwk1480207683:19/metainfo/zk/config.xml [17]
13:35:50.423-----------> ClassLocator.getDependentXMLResources: Replicate resource: zk
Overwrite bundleresource://181.fwk1480207683:11/metainfo/zk/config.xml
with bundleresource://181.fwk1480207683:28/metainfo/zk/config.xml [17]
13:35:50.423-----------> ClassLocator.getDependentXMLResources: Replicate resource: zkbind
Overwrite bundleresource://181.fwk1480207683:12/metainfo/zk/config.xml
with bundleresource://181.fwk1480207683:29/metainfo/zk/config.xml [17]
13:35:50.455-----------> ClassLocator.getDependentXMLResources: Replicate resource: zul
Overwrite bundleresource://181.fwk1480207683:14/metainfo/zk/zk.xml
with bundleresource://181.fwk1480207683:31/metainfo/zk/zk.xml [17]
13:35:50.783-----------> LanguageDefinition.<init>: Replicated language: xhtml, overriden by [LanguageDefinition: xhtml] [17]
13:35:50.798-----------> LanguageDefinition.<init>: Replicated language: xul/html, overriden by [LanguageDefinition: xul/html] [17]
13:35:50.861-----------> ClassLocator.getDependentXMLResources: Replicate resource: calendar
Overwrite bundleresource://181.fwk1480207683:1/metainfo/zk/lang-addon.xml
with bundleresource://181.fwk1480207683:18/metainfo/zk/lang-addon.xml [17]
13:35:50.861-----------> ClassLocator.getDependentXMLResources: Replicate resource: ckez
Overwrite bundleresource://181.fwk1480207683:2/metainfo/zk/lang-addon.xml
with bundleresource://181.fwk1480207683:19/metainfo/zk/lang-addon.xml [17]
13:35:50.876-----------> ClassLocator.getDependentXMLResources: Replicate resource: gmapsz
Overwrite bundleresource://181.fwk1480207683:5/metainfo/zk/lang-addon.xml
with bundleresource://181.fwk1480207683:22/metainfo/zk/lang-addon.xml [17]
13:35:50.876-----------> ClassLocator.getDependentXMLResources: Replicate resource: timeline
Overwrite bundleresource://181.fwk1480207683:6/metainfo/zk/lang-addon.xml
with bundleresource://181.fwk1480207683:23/metainfo/zk/lang-addon.xml [17]
13:35:50.876-----------> ClassLocator.getDependentXMLResources: Replicate resource: timeplot
Overwrite bundleresource://181.fwk1480207683:7/metainfo/zk/lang-addon.xml
with bundleresource://181.fwk1480207683:24/metainfo/zk/lang-addon.xml [17]
13:35:50.892-----------> ClassLocator.getDependentXMLResources: Replicate resource: zkbind
Overwrite bundleresource://181.fwk1480207683:12/metainfo/zk/lang-addon.xml
with bundleresource://181.fwk1480207683:29/metainfo/zk/lang-addon.xml [17]
13:35:50.892-----------> ClassLocator.getDependentXMLResources: Replicate resource: zkplus
Overwrite bundleresource://181.fwk1480207683:13/metainfo/zk/lang-addon.xml
with bundleresource://181.fwk1480207683:30/metainfo/zk/lang-addon.xml [17]
13:35:51.064           WebUIServlet.init: iDempiere Web Client started successfully [17]
13:35:51.955-----------> AnnotationConfiguration.configure: ServletContainerInitializers: detected. Class hierarchy: empty [17]

*** 2016-07-12 13:35:52.247 idempiere Log (CLogFile) ***
13:35:53.909-----------> Node: [172.16.67.23]:5701 [adempiere.idempiere/localhost] [3.5.3] No join method is enabled! Starting standalone. [42]
13:36:41.632-----------> Prop.loadProperties: E:\mercurialidempiere\home.properties not found [33]
13:36:41.633-----------> Prop.loadProperties: !!WARNING:Please locate yout custom home.properties on iDEMPIERE_HOME. [33]
13:37:00.230-----------> Prop.loadProperties: E:\mercurialidempiere\home.properties not found [34]
13:37:00.231-----------> Prop.loadProperties: !!WARNING:Please locate yout custom home.properties on iDEMPIERE_HOME. [34]
15:13:01.515-----------> ClusterService: [172.16.67.23]:5701 [adempiere.idempiere/localhost] [3.5.3] Resetting master confirmation timestamps because of huge system clock jump! Clock-Jump: 5660530ms, Master-Confirmation-Timeout: 500000ms. [106]
