*** 2016-06-28 17:08:33.797 idempiere Log (CLogFile) ***
17:08:33.797 Adempiere.startup: iDempiere(r) Release 3.1_2015-10-31 -Smart Suite ERP, CRM and SCM- (c) 1999-2013 iDempiere(r); Implementation: iDempiere - Supported by iDempiere community [17]
17:08:33.797 Ini.loadProperties: E:\mercurialidempiere/idempiere-dev.properties #33 [17]
17:08:34.496 DB.isBuildOK: Build DB=${env.ADEMPIERE_VERSION} 20080428-1232 [17]
17:08:34.496 DB.isBuildOK: Build Cl=3.1.0.qualifier [17]
17:08:34.559-----------> DB.isBuildOK: Build Version Error 

The program assumes build version 3.1.0.qualifier, but database has build version ${env.ADEMPIERE_VERSION} 20080428-1232. 
This is likely to cause hard to fix errors. 
Please contact administrator. [17]
17:08:34.699 WebEnv.initWeb: Servlet Context Init Parameters: iDempiere Root
ServerRoot=1 [17]
17:08:34.713-----------> EMail.setFrom: you @ company.org: javax.mail.internet.AddressException: Local address contains control or whitespace in string ``you @ company.org'' [17]
17:08:34.729-----------> EMail.addTo: you @ company.org: javax.mail.internet.AddressException: Local address contains control or whitespace in string ``you @ company.org'' [17]
17:08:34.729-----------> EMail.isValid: From is invalid=null [17]
17:08:34.729-----------> EMail.isValid: From is invalid=null [17]
17:08:34.729-----------> MClient.sendEMail: Could NOT Send Email: Server started: iDempiere (odbz:10.0.5.41) to you @ company.org: Invalid Data (System) [17]
17:08:34.729 WebEnv.initWeb: Servlet Init Parameter: idempiereMonitor [17]
17:08:34.729 AdempiereMonitor.init:  [17]
17:08:37.163-----------> AnnotationConfiguration.configure: ServletContainerInitializers: detected. Class hierarchy: empty [17]
17:08:37.412-----------> ClassLocator.getDependentXMLResources: Replicate resource: ckez
Overwrite bundleresource://179.fwk1399961333:2/metainfo/zk/config.xml
with bundleresource://179.fwk1399961333:19/metainfo/zk/config.xml [17]
17:08:37.428-----------> ClassLocator.getDependentXMLResources: Replicate resource: zk
Overwrite bundleresource://179.fwk1399961333:11/metainfo/zk/config.xml
with bundleresource://179.fwk1399961333:28/metainfo/zk/config.xml [17]
17:08:37.428-----------> ClassLocator.getDependentXMLResources: Replicate resource: zkbind
Overwrite bundleresource://179.fwk1399961333:12/metainfo/zk/config.xml
with bundleresource://179.fwk1399961333:29/metainfo/zk/config.xml [17]
17:08:37.459-----------> ClassLocator.getDependentXMLResources: Replicate resource: zul
Overwrite bundleresource://179.fwk1399961333:14/metainfo/zk/zk.xml
with bundleresource://179.fwk1399961333:31/metainfo/zk/zk.xml [17]
17:08:37.834-----------> LanguageDefinition.<init>: Replicated language: xhtml, overriden by [LanguageDefinition: xhtml] [17]
17:08:37.866-----------> LanguageDefinition.<init>: Replicated language: xul/html, overriden by [LanguageDefinition: xul/html] [17]
17:08:37.928-----------> ClassLocator.getDependentXMLResources: Replicate resource: calendar
Overwrite bundleresource://179.fwk1399961333:1/metainfo/zk/lang-addon.xml
with bundleresource://179.fwk1399961333:18/metainfo/zk/lang-addon.xml [17]
17:08:37.944-----------> ClassLocator.getDependentXMLResources: Replicate resource: ckez
Overwrite bundleresource://179.fwk1399961333:2/metainfo/zk/lang-addon.xml
with bundleresource://179.fwk1399961333:19/metainfo/zk/lang-addon.xml [17]
17:08:37.944-----------> ClassLocator.getDependentXMLResources: Replicate resource: gmapsz
Overwrite bundleresource://179.fwk1399961333:5/metainfo/zk/lang-addon.xml
with bundleresource://179.fwk1399961333:22/metainfo/zk/lang-addon.xml [17]
17:08:37.944-----------> ClassLocator.getDependentXMLResources: Replicate resource: timeline
Overwrite bundleresource://179.fwk1399961333:6/metainfo/zk/lang-addon.xml
with bundleresource://179.fwk1399961333:23/metainfo/zk/lang-addon.xml [17]
17:08:37.959-----------> ClassLocator.getDependentXMLResources: Replicate resource: timeplot
Overwrite bundleresource://179.fwk1399961333:7/metainfo/zk/lang-addon.xml
with bundleresource://179.fwk1399961333:24/metainfo/zk/lang-addon.xml [17]
17:08:37.975-----------> ClassLocator.getDependentXMLResources: Replicate resource: zkbind
Overwrite bundleresource://179.fwk1399961333:12/metainfo/zk/lang-addon.xml
with bundleresource://179.fwk1399961333:29/metainfo/zk/lang-addon.xml [17]
17:08:37.975-----------> ClassLocator.getDependentXMLResources: Replicate resource: zkplus
Overwrite bundleresource://179.fwk1399961333:13/metainfo/zk/lang-addon.xml
with bundleresource://179.fwk1399961333:30/metainfo/zk/lang-addon.xml [17]
17:08:38.116           WebUIServlet.init: iDempiere Web Client started successfully [17]
17:08:39.225-----------> AnnotationConfiguration.configure: ServletContainerInitializers: detected. Class hierarchy: empty [17]

*** 2016-06-28 17:08:39.477 idempiere Log (CLogFile) ***
17:08:41.765-----------> Node: [10.0.5.41]:5701 [adempiere.idempiere/localhost] [3.5.3] No join method is enabled! Starting standalone. [42]
17:08:51.723-----------> PackInHandler.dumpUnresolvedElements: AD_Field_Trl [Help=, Name=Payroll Process, Description=, AD_Language=es_EC, IsActive=true, IsTranslated=false] [50]
17:08:51.723-----------> PackInHandler.dumpUnresolvedElements: AD_Field [AD_Client_ID=0, AD_Org_ID=0, MandatoryLogic=, ReadOnlyLogic=, IsToolbarButton=, IsAlwaysUpdateable=, IsUpdateable=, ColumnSpan=1, EntityType=U, IsCentrallyMaintained=true, IsDisplayed=false, AD_Column_ID=7de173e7-91df-4cef-a089-b577030da571, SeqNo=230, AD_Tab_ID=53113, IsSameLine=false, IsHeading=false, Help=, IsFieldOnly=false, IsReadOnly=false, ObscureType=, Name=Payroll Process, IsMandatory=, AD_Val_Rule_ID=, Included_Tab_ID=, IsDisplayedGrid=true, SeqNoGrid=230, IsAllowCopy=, AD_Field_UU=431165e4-4513-4c56-bdd1-31df2dc74148, SortNo=0, IsEncrypted=false, IsActive=true, DisplayLength=0, DisplayLogic=, DefaultValue=, Description=, XPosition=1, NumLines=1, IsQuickEntry=false, IsAdvancedField=false, IsDefaultFocus=false, AD_FieldGroup_ID=, AD_Reference_ID=, AD_Reference_Value_ID=] unresolved [AD_Column_ID] [50]
17:08:51.727===========> PackIn.importXML: importXML: [50]
org.adempiere.exceptions.AdempiereException: Unresolved elements
	at org.adempiere.pipo2.PackIn.importXML(PackIn.java:183)
	at org.adempiere.pipo2.PackIn.importXML(PackIn.java:136)
	at org.adempiere.pipo.srv.PipoDictionaryService.merge(PipoDictionaryService.java:104)
	at org.adempiere.plugin.utils.Incremental2PackActivator.packIn(Incremental2PackActivator.java:198)
	at org.adempiere.plugin.utils.Incremental2PackActivator.packIn(Incremental2PackActivator.java:166)
	at org.adempiere.plugin.utils.Incremental2PackActivator.installPackage(Incremental2PackActivator.java:120)
	at org.adempiere.plugin.utils.Incremental2PackActivator.access$4(Incremental2PackActivator.java:89)
	at org.adempiere.plugin.utils.Incremental2PackActivator$2.run(Incremental2PackActivator.java:259)
	at java.util.concurrent.Executors$RunnableAdapter.call(Unknown Source)
	at java.util.concurrent.FutureTask.run(Unknown Source)
	at java.util.concurrent.ScheduledThreadPoolExecutor$ScheduledFutureTask.access$201(Unknown Source)
	at java.util.concurrent.ScheduledThreadPoolExecutor$ScheduledFutureTask.run(Unknown Source)
	at java.util.concurrent.ThreadPoolExecutor.runWorker(Unknown Source)
	at java.util.concurrent.ThreadPoolExecutor$Worker.run(Unknown Source)
	at java.lang.Thread.run(Unknown Source)

17:08:52.194===========> PackIn.importXML: importXML: [50]
java.lang.RuntimeException: Unresolved elements
	at org.adempiere.pipo2.PackIn.importXML(PackIn.java:188)
	at org.adempiere.pipo2.PackIn.importXML(PackIn.java:136)
	at org.adempiere.pipo.srv.PipoDictionaryService.merge(PipoDictionaryService.java:104)
	at org.adempiere.plugin.utils.Incremental2PackActivator.packIn(Incremental2PackActivator.java:198)
	at org.adempiere.plugin.utils.Incremental2PackActivator.packIn(Incremental2PackActivator.java:166)
	at org.adempiere.plugin.utils.Incremental2PackActivator.installPackage(Incremental2PackActivator.java:120)
	at org.adempiere.plugin.utils.Incremental2PackActivator.access$4(Incremental2PackActivator.java:89)
	at org.adempiere.plugin.utils.Incremental2PackActivator$2.run(Incremental2PackActivator.java:259)
	at java.util.concurrent.Executors$RunnableAdapter.call(Unknown Source)
	at java.util.concurrent.FutureTask.run(Unknown Source)
	at java.util.concurrent.ScheduledThreadPoolExecutor$ScheduledFutureTask.access$201(Unknown Source)
	at java.util.concurrent.ScheduledThreadPoolExecutor$ScheduledFutureTask.run(Unknown Source)
	at java.util.concurrent.ThreadPoolExecutor.runWorker(Unknown Source)
	at java.util.concurrent.ThreadPoolExecutor$Worker.run(Unknown Source)
	at java.lang.Thread.run(Unknown Source)
caused by: org.adempiere.exceptions.AdempiereException: Unresolved elements
	at org.adempiere.pipo2.PackIn.importXML(PackIn.java:183)
	at org.adempiere.pipo2.PackIn.importXML(PackIn.java:136)
	at org.adempiere.pipo.srv.PipoDictionaryService.merge(PipoDictionaryService.java:104)
	at org.adempiere.plugin.utils.Incremental2PackActivator.packIn(Incremental2PackActivator.java:198)
	at org.adempiere.plugin.utils.Incremental2PackActivator.packIn(Incremental2PackActivator.java:166)
	at org.adempiere.plugin.utils.Incremental2PackActivator.installPackage(Incremental2PackActivator.java:120)
	at org.adempiere.plugin.utils.Incremental2PackActivator.access$4(Incremental2PackActivator.java:89)
	at org.adempiere.plugin.utils.Incremental2PackActivator$2.run(Incremental2PackActivator.java:259)
	at java.util.concurrent.Executors$RunnableAdapter.call(Unknown Source)
	at java.util.concurrent.FutureTask.run(Unknown Source)
	at java.util.concurrent.ScheduledThreadPoolExecutor$ScheduledFutureTask.access$201(Unknown Source)
	at java.util.concurrent.ScheduledThreadPoolExecutor$ScheduledFutureTask.run(Unknown Source)
	at java.util.concurrent.ThreadPoolExecutor.runWorker(Unknown Source)
	at java.util.concurrent.ThreadPoolExecutor$Worker.run(Unknown Source)
	at java.lang.Thread.run(Unknown Source)

17:08:52.331===========> PipoDictionaryService.merge: importXML: [50]
java.lang.RuntimeException: Unresolved elements
	at org.adempiere.pipo2.PackIn.importXML(PackIn.java:188)
	at org.adempiere.pipo2.PackIn.importXML(PackIn.java:136)
	at org.adempiere.pipo.srv.PipoDictionaryService.merge(PipoDictionaryService.java:104)
	at org.adempiere.plugin.utils.Incremental2PackActivator.packIn(Incremental2PackActivator.java:198)
	at org.adempiere.plugin.utils.Incremental2PackActivator.packIn(Incremental2PackActivator.java:166)
	at org.adempiere.plugin.utils.Incremental2PackActivator.installPackage(Incremental2PackActivator.java:120)
	at org.adempiere.plugin.utils.Incremental2PackActivator.access$4(Incremental2PackActivator.java:89)
	at org.adempiere.plugin.utils.Incremental2PackActivator$2.run(Incremental2PackActivator.java:259)
	at java.util.concurrent.Executors$RunnableAdapter.call(Unknown Source)
	at java.util.concurrent.FutureTask.run(Unknown Source)
	at java.util.concurrent.ScheduledThreadPoolExecutor$ScheduledFutureTask.access$201(Unknown Source)
	at java.util.concurrent.ScheduledThreadPoolExecutor$ScheduledFutureTask.run(Unknown Source)
	at java.util.concurrent.ThreadPoolExecutor.runWorker(Unknown Source)
	at java.util.concurrent.ThreadPoolExecutor$Worker.run(Unknown Source)
	at java.lang.Thread.run(Unknown Source)
caused by: org.adempiere.exceptions.AdempiereException: Unresolved elements
	at org.adempiere.pipo2.PackIn.importXML(PackIn.java:183)
	at org.adempiere.pipo2.PackIn.importXML(PackIn.java:136)
	at org.adempiere.pipo.srv.PipoDictionaryService.merge(PipoDictionaryService.java:104)
	at org.adempiere.plugin.utils.Incremental2PackActivator.packIn(Incremental2PackActivator.java:198)
	at org.adempiere.plugin.utils.Incremental2PackActivator.packIn(Incremental2PackActivator.java:166)
	at org.adempiere.plugin.utils.Incremental2PackActivator.installPackage(Incremental2PackActivator.java:120)
	at org.adempiere.plugin.utils.Incremental2PackActivator.access$4(Incremental2PackActivator.java:89)
	at org.adempiere.plugin.utils.Incremental2PackActivator$2.run(Incremental2PackActivator.java:259)
	at java.util.concurrent.Executors$RunnableAdapter.call(Unknown Source)
	at java.util.concurrent.FutureTask.run(Unknown Source)
	at java.util.concurrent.ScheduledThreadPoolExecutor$ScheduledFutureTask.access$201(Unknown Source)
	at java.util.concurrent.ScheduledThreadPoolExecutor$ScheduledFutureTask.run(Unknown Source)
	at java.util.concurrent.ThreadPoolExecutor.runWorker(Unknown Source)
	at java.util.concurrent.ThreadPoolExecutor$Worker.run(Unknown Source)
	at java.lang.Thread.run(Unknown Source)

17:08:52.639===========> Trx.commit: PipoDS_0200a584-2b92-43e7-bc29-aec3373098d7 [50]
org.postgresql.util.PSQLException: ERROR: inserción o actualización en la tabla «ad_element» viola la llave foránea «entityt_adelement»
  Detail: La llave (entitytype)=(IGI) no está presente en la tabla «ad_entitytype».; State=23503; ErrorCode=0
	at org.postgresql.core.v3.QueryExecutorImpl.receiveErrorResponse(QueryExecutorImpl.java:2182)
	at org.postgresql.core.v3.QueryExecutorImpl.processResults(QueryExecutorImpl.java:1911)
	at org.postgresql.core.v3.QueryExecutorImpl.execute(QueryExecutorImpl.java:173)
	at org.postgresql.jdbc2.AbstractJdbc2Connection.executeTransactionCommand(AbstractJdbc2Connection.java:824)
	at org.postgresql.jdbc2.AbstractJdbc2Connection.commit(AbstractJdbc2Connection.java:848)
	at com.mchange.v2.c3p0.impl.NewProxyConnection.commit(NewProxyConnection.java:1007)
	at org.compiere.util.Trx.commit(Trx.java:357)
	at org.compiere.util.Trx.commit(Trx.java:399)
	at org.compiere.util.Trx.close(Trx.java:451)
	at org.adempiere.pipo.srv.PipoDictionaryService.merge(PipoDictionaryService.java:117)
	at org.adempiere.plugin.utils.Incremental2PackActivator.packIn(Incremental2PackActivator.java:198)
	at org.adempiere.plugin.utils.Incremental2PackActivator.packIn(Incremental2PackActivator.java:166)
	at org.adempiere.plugin.utils.Incremental2PackActivator.installPackage(Incremental2PackActivator.java:120)
	at org.adempiere.plugin.utils.Incremental2PackActivator.access$4(Incremental2PackActivator.java:89)
	at org.adempiere.plugin.utils.Incremental2PackActivator$2.run(Incremental2PackActivator.java:259)
	at java.util.concurrent.Executors$RunnableAdapter.call(Unknown Source)
	at java.util.concurrent.FutureTask.run(Unknown Source)
	at java.util.concurrent.ScheduledThreadPoolExecutor$ScheduledFutureTask.access$201(Unknown Source)
	at java.util.concurrent.ScheduledThreadPoolExecutor$ScheduledFutureTask.run(Unknown Source)
	at java.util.concurrent.ThreadPoolExecutor.runWorker(Unknown Source)
	at java.util.concurrent.ThreadPoolExecutor$Worker.run(Unknown Source)

17:08:53.020===========> Trx.saveError: DeleteErrorDependent - ERROR: inserción o actualización en la tabla «ad_element» viola la llave foránea «entityt_adelement»
  Detail: La llave (entitytype)=(IGI) no está presente en la tabla «ad_entitytype». [50]
17:08:53.553===========> Incremental2PackActivator.packIn: Pack in failed. [50]
java.lang.RuntimeException: Unresolved elements
	at org.adempiere.pipo2.PackIn.importXML(PackIn.java:188)
	at org.adempiere.pipo2.PackIn.importXML(PackIn.java:136)
	at org.adempiere.pipo.srv.PipoDictionaryService.merge(PipoDictionaryService.java:104)
	at org.adempiere.plugin.utils.Incremental2PackActivator.packIn(Incremental2PackActivator.java:198)
	at org.adempiere.plugin.utils.Incremental2PackActivator.packIn(Incremental2PackActivator.java:166)
	at org.adempiere.plugin.utils.Incremental2PackActivator.installPackage(Incremental2PackActivator.java:120)
	at org.adempiere.plugin.utils.Incremental2PackActivator.access$4(Incremental2PackActivator.java:89)
	at org.adempiere.plugin.utils.Incremental2PackActivator$2.run(Incremental2PackActivator.java:259)
	at java.util.concurrent.Executors$RunnableAdapter.call(Unknown Source)
	at java.util.concurrent.FutureTask.run(Unknown Source)
	at java.util.concurrent.ScheduledThreadPoolExecutor$ScheduledFutureTask.access$201(Unknown Source)
	at java.util.concurrent.ScheduledThreadPoolExecutor$ScheduledFutureTask.run(Unknown Source)
	at java.util.concurrent.ThreadPoolExecutor.runWorker(Unknown Source)
	at java.util.concurrent.ThreadPoolExecutor$Worker.run(Unknown Source)
	at java.lang.Thread.run(Unknown Source)
caused by: org.adempiere.exceptions.AdempiereException: Unresolved elements
	at org.adempiere.pipo2.PackIn.importXML(PackIn.java:183)
	at org.adempiere.pipo2.PackIn.importXML(PackIn.java:136)
	at org.adempiere.pipo.srv.PipoDictionaryService.merge(PipoDictionaryService.java:104)
	at org.adempiere.plugin.utils.Incremental2PackActivator.packIn(Incremental2PackActivator.java:198)
	at org.adempiere.plugin.utils.Incremental2PackActivator.packIn(Incremental2PackActivator.java:166)
	at org.adempiere.plugin.utils.Incremental2PackActivator.installPackage(Incremental2PackActivator.java:120)
	at org.adempiere.plugin.utils.Incremental2PackActivator.access$4(Incremental2PackActivator.java:89)
	at org.adempiere.plugin.utils.Incremental2PackActivator$2.run(Incremental2PackActivator.java:259)
	at java.util.concurrent.Executors$RunnableAdapter.call(Unknown Source)
	at java.util.concurrent.FutureTask.run(Unknown Source)
	at java.util.concurrent.ScheduledThreadPoolExecutor$ScheduledFutureTask.access$201(Unknown Source)
	at java.util.concurrent.ScheduledThreadPoolExecutor$ScheduledFutureTask.run(Unknown Source)
	at java.util.concurrent.ThreadPoolExecutor.runWorker(Unknown Source)
	at java.util.concurrent.ThreadPoolExecutor$Worker.run(Unknown Source)
	at java.lang.Thread.run(Unknown Source)

