*** 2017-07-17 13:16:41.193 idempiere Log (CLogFile) ***
13:16:41.193 Adempiere.startup: iDempiere(r) Release 3.1_2015-10-31 -Smart Suite ERP, CRM and SCM- (c) 1999-2013 iDempiere(r); Implementation: iDempiere - Supported by iDempiere community [17]
13:16:41.195 Ini.loadProperties: E:\mercurialidempiere/idempiere.properties #33 [17]
13:16:41.793 AdempiereActivator.installPackage: cm.itkamer.wandapos-integration2 1.0.0 was installed: 2017-06-25 15:34:11.153 [17]
13:16:41.795 AdempiereActivator.installPackage: ni.hmil.override.codebase 1.0.0 was installed: 2017-06-19 23:52:10.981 [17]
13:16:41.806 DB.isBuildOK: Build DB=${env.ADEMPIERE_VERSION} 20080428-1232 [17]
13:16:41.806 DB.isBuildOK: Build Cl=3.1.0.qualifier [17]
13:16:41.821-----------> DB.isBuildOK: Error en la versión de la construcción 

El programa asume version de construcción 3.1.0.qualifier, pero la base de datos tiene una versión ${env.ADEMPIERE_VERSION} 20080428-1232.
Es posible que esto cause errores difíciles de corregir.
Por favor contacte al ADMINISTRADOR. [17]
13:16:41.891 WebEnv.initWeb: Servlet Context Init Parameters: iDempiere Root
ServerRoot=1 [17]
13:16:42.069-----------> EMail.setFrom: you @ company.org: javax.mail.internet.AddressException: Local address contains control or whitespace in string ``you @ company.org'' [17]
13:16:42.070-----------> EMail.addTo: you @ company.org: javax.mail.internet.AddressException: Local address contains control or whitespace in string ``you @ company.org'' [17]
13:16:42.071-----------> EMail.isValid: From is invalid=null [17]
13:16:42.071-----------> EMail.isValid: From is invalid=null [17]
13:16:42.071-----------> MClient.sendEMail: Could NOT Send Email: Server started: iDempiere (odbz:192.168.47.1) to you @ company.org: Invalid Data (System) [17]
13:16:42.071 WebEnv.initWeb: Servlet Init Parameter: idempiereMonitor [17]
13:16:42.071 AdempiereMonitor.init:  [17]
13:16:43.696-----------> AnnotationConfiguration.configure: ServletContainerInitializers: detected. Class hierarchy: empty [17]
13:16:43.973-----------> ClassLocator.getDependentXMLResources: Replicate resource: ckez
Overwrite bundleresource://181.fwk1319287199:2/metainfo/zk/config.xml
with bundleresource://181.fwk1319287199:19/metainfo/zk/config.xml [17]
13:16:43.980-----------> ClassLocator.getDependentXMLResources: Replicate resource: zk
Overwrite bundleresource://181.fwk1319287199:11/metainfo/zk/config.xml
with bundleresource://181.fwk1319287199:28/metainfo/zk/config.xml [17]
13:16:43.985-----------> ClassLocator.getDependentXMLResources: Replicate resource: zkbind
Overwrite bundleresource://181.fwk1319287199:12/metainfo/zk/config.xml
with bundleresource://181.fwk1319287199:29/metainfo/zk/config.xml [17]
13:16:44.031-----------> ClassLocator.getDependentXMLResources: Replicate resource: zul
Overwrite bundleresource://181.fwk1319287199:14/metainfo/zk/zk.xml
with bundleresource://181.fwk1319287199:31/metainfo/zk/zk.xml [17]
13:16:44.441-----------> LanguageDefinition.<init>: Replicated language: xhtml, overriden by [LanguageDefinition: xhtml] [17]
13:16:44.471-----------> LanguageDefinition.<init>: Replicated language: xul/html, overriden by [LanguageDefinition: xul/html] [17]
13:16:44.552-----------> ClassLocator.getDependentXMLResources: Replicate resource: calendar
Overwrite bundleresource://181.fwk1319287199:1/metainfo/zk/lang-addon.xml
with bundleresource://181.fwk1319287199:18/metainfo/zk/lang-addon.xml [17]
13:16:44.558-----------> ClassLocator.getDependentXMLResources: Replicate resource: ckez
Overwrite bundleresource://181.fwk1319287199:2/metainfo/zk/lang-addon.xml
with bundleresource://181.fwk1319287199:19/metainfo/zk/lang-addon.xml [17]
13:16:44.564-----------> ClassLocator.getDependentXMLResources: Replicate resource: gmapsz
Overwrite bundleresource://181.fwk1319287199:5/metainfo/zk/lang-addon.xml
with bundleresource://181.fwk1319287199:22/metainfo/zk/lang-addon.xml [17]
13:16:44.569-----------> ClassLocator.getDependentXMLResources: Replicate resource: timeline
Overwrite bundleresource://181.fwk1319287199:6/metainfo/zk/lang-addon.xml
with bundleresource://181.fwk1319287199:23/metainfo/zk/lang-addon.xml [17]
13:16:44.577-----------> ClassLocator.getDependentXMLResources: Replicate resource: timeplot
Overwrite bundleresource://181.fwk1319287199:7/metainfo/zk/lang-addon.xml
with bundleresource://181.fwk1319287199:24/metainfo/zk/lang-addon.xml [17]
13:16:44.590-----------> ClassLocator.getDependentXMLResources: Replicate resource: zkbind
Overwrite bundleresource://181.fwk1319287199:12/metainfo/zk/lang-addon.xml
with bundleresource://181.fwk1319287199:29/metainfo/zk/lang-addon.xml [17]
13:16:44.599-----------> ClassLocator.getDependentXMLResources: Replicate resource: zkplus
Overwrite bundleresource://181.fwk1319287199:13/metainfo/zk/lang-addon.xml
with bundleresource://181.fwk1319287199:30/metainfo/zk/lang-addon.xml [17]
13:16:44.896           WebUIServlet.init: iDempiere Web Client started successfully [17]
13:16:46.060-----------> AnnotationConfiguration.configure: ServletContainerInitializers: detected. Class hierarchy: empty [17]

*** 2017-07-17 13:16:46.316 idempiere Log (CLogFile) ***
13:16:48.445-----------> Node: [192.168.163.1]:5701 [adempiere.idempiere/localhost] [3.5.3] No join method is enabled! Starting standalone. [48]
13:17:38.807===========> DesktopImpl.service: [Desktop z_r140:/index.zul] client error: Failed to mount: adempiere.set is not a function [32]
13:17:38.871===========> DesktopImpl.service: [Desktop z_r140:/index.zul] client error: Failed to mount: adempiere.set is not a function [32]
13:17:39.017===========> DesktopImpl.service: [Desktop z_r140:/index.zul] client error: Failed to mount: adempiere.set is not a function [32]
13:17:39.517===========> DesktopImpl.service: [Desktop z_r140:/index.zul] client error: Failed to mount: adempiere.set is not a function [130]
13:17:39.532===========> DesktopImpl.service: [Desktop z_r140:/index.zul] client error: Failed to mount: adempiere.set is not a function [130]
13:17:39.546===========> DesktopImpl.service: [Desktop z_r140:/index.zul] client error: Failed to mount: adempiere.set is not a function [130]
13:17:39.562===========> DesktopImpl.service: [Desktop z_r140:/index.zul] client error: Failed to mount: adempiere.set is not a function [130]
13:17:39.575===========> DesktopImpl.service: [Desktop z_r140:/index.zul] client error: Failed to mount: adempiere.set is not a function [130]
13:17:39.584===========> DesktopImpl.service: [Desktop z_r140:/index.zul] client error: Failed to mount: adempiere.set is not a function [130]
13:17:39.596===========> DesktopImpl.service: [Desktop z_r140:/index.zul] client error: Failed to mount: adempiere.set is not a function [130]
13:17:39.606===========> DesktopImpl.service: [Desktop z_r140:/index.zul] client error: Failed to mount: adempiere.set is not a function [130]
13:17:39.617===========> DesktopImpl.service: [Desktop z_r140:/index.zul] client error: Failed to mount: adempiere.set is not a function [130]
13:17:39.627===========> DesktopImpl.service: [Desktop z_r140:/index.zul] client error: Failed to mount: adempiere.set is not a function [130]
13:17:39.637===========> DesktopImpl.service: [Desktop z_r140:/index.zul] client error: Failed to mount: adempiere.set is not a function [130]
13:17:39.647===========> DesktopImpl.service: [Desktop z_r140:/index.zul] client error: Failed to mount: adempiere.set is not a function [130]
13:17:39.661===========> DesktopImpl.service: [Desktop z_r140:/index.zul] client error: Failed to mount: adempiere.set is not a function [130]
13:17:39.670===========> DesktopImpl.service: [Desktop z_r140:/index.zul] client error: Failed to mount: adempiere.set is not a function [130]
13:17:39.679===========> DesktopImpl.service: [Desktop z_r140:/index.zul] client error: Failed to mount: adempiere.set is not a function [130]
13:17:39.691===========> DesktopImpl.service: [Desktop z_r140:/index.zul] client error: Failed to mount: adempiere.set is not a function [130]
13:17:39.700===========> DesktopImpl.service: [Desktop z_r140:/index.zul] client error: Failed to mount: adempiere.set is not a function [130]
13:17:39.708===========> DesktopImpl.service: [Desktop z_r140:/index.zul] client error: Failed to mount: adempiere.set is not a function [130]
13:17:39.715===========> DesktopImpl.service: [Desktop z_r140:/index.zul] client error: Failed to mount: adempiere.set is not a function [130]
13:17:39.723===========> DesktopImpl.service: [Desktop z_r140:/index.zul] client error: Failed to mount: adempiere.set is not a function [130]
13:17:42.556===========> DesktopImpl.service: [Desktop z_r140:/index.zul] client error: Failed to mount: adempiere.set is not a function [128]
13:17:43.034===========> DesktopImpl.service: [Desktop z_r140:/index.zul] client error: Failed to mount: adempiere.set is not a function [63]
13:17:43.047===========> DesktopImpl.service: [Desktop z_r140:/index.zul] client error: Failed to mount: adempiere.set is not a function [63]
13:17:43.059===========> DesktopImpl.service: [Desktop z_r140:/index.zul] client error: Failed to mount: adempiere.set is not a function [63]
13:17:43.072===========> DesktopImpl.service: [Desktop z_r140:/index.zul] client error: Failed to mount: adempiere.set is not a function [63]
13:17:43.083===========> DesktopImpl.service: [Desktop z_r140:/index.zul] client error: Failed to mount: adempiere.set is not a function [63]
13:17:43.237===========> PackIn.importXML: importXML: [59]
java.lang.NullPointerException
	at org.adempiere.pipo2.handler.TableElementHandler.endElement(TableElementHandler.java:111)
	at org.adempiere.pipo2.PackInHandler.processDeferElements(PackInHandler.java:394)
	at org.adempiere.pipo2.PackInHandler.endElement(PackInHandler.java:309)
	at com.sun.org.apache.xerces.internal.parsers.AbstractSAXParser.endElement(Unknown Source)
	at com.sun.org.apache.xerces.internal.impl.XMLDocumentFragmentScannerImpl.scanEndElement(Unknown Source)
	at com.sun.org.apache.xerces.internal.impl.XMLDocumentFragmentScannerImpl$FragmentContentDriver.next(Unknown Source)
	at com.sun.org.apache.xerces.internal.impl.XMLDocumentScannerImpl.next(Unknown Source)
	at com.sun.org.apache.xerces.internal.impl.XMLDocumentFragmentScannerImpl.scanDocument(Unknown Source)
	at com.sun.org.apache.xerces.internal.parsers.XML11Configuration.parse(Unknown Source)
	at com.sun.org.apache.xerces.internal.parsers.XML11Configuration.parse(Unknown Source)
	at com.sun.org.apache.xerces.internal.parsers.XMLParser.parse(Unknown Source)
	at com.sun.org.apache.xerces.internal.parsers.AbstractSAXParser.parse(Unknown Source)
	at com.sun.org.apache.xerces.internal.jaxp.SAXParserImpl$JAXPSAXParser.parse(Unknown Source)
	at com.sun.org.apache.xerces.internal.jaxp.SAXParserImpl.parse(Unknown Source)
	at javax.xml.parsers.SAXParser.parse(Unknown Source)
	at org.adempiere.pipo2.PackIn.importXML(PackIn.java:173)
	at org.adempiere.pipo2.PackIn.importXML(PackIn.java:136)
	at org.adempiere.pipo2.PackInProcess.doIt(PackInProcess.java:143)
	at org.compiere.process.SvrProcess.process(SvrProcess.java:198)
	at org.compiere.process.SvrProcess.startProcess(SvrProcess.java:144)
	at org.adempiere.util.ProcessUtil.startJavaProcess(ProcessUtil.java:172)
	at org.compiere.apps.AbstractProcessCtl.startProcess(AbstractProcessCtl.java:466)
	at org.compiere.apps.AbstractProcessCtl.run(AbstractProcessCtl.java:234)

13:17:43.252===========> PackIn.importXML: importXML: [59]
java.lang.RuntimeException
	at org.adempiere.pipo2.PackIn.importXML(PackIn.java:188)
	at org.adempiere.pipo2.PackIn.importXML(PackIn.java:136)
	at org.adempiere.pipo2.PackInProcess.doIt(PackInProcess.java:143)
	at org.compiere.process.SvrProcess.process(SvrProcess.java:198)
	at org.compiere.process.SvrProcess.startProcess(SvrProcess.java:144)
	at org.adempiere.util.ProcessUtil.startJavaProcess(ProcessUtil.java:172)
	at org.compiere.apps.AbstractProcessCtl.startProcess(AbstractProcessCtl.java:466)
	at org.compiere.apps.AbstractProcessCtl.run(AbstractProcessCtl.java:234)
	at org.adempiere.webui.apps.WProcessCtl.process(WProcessCtl.java:197)
	at org.adempiere.webui.apps.AbstractProcessDialog$ProcessDialogRunnable.doRun(AbstractProcessDialog.java:1060)
	at org.adempiere.util.ContextRunnable.run(ContextRunnable.java:38)
	at org.adempiere.webui.apps.DesktopRunnable.run(DesktopRunnable.java:40)
	at java.util.concurrent.Executors$RunnableAdapter.call(Unknown Source)
	at java.util.concurrent.FutureTask.run(Unknown Source)
	at java.util.concurrent.ScheduledThreadPoolExecutor$ScheduledFutureTask.access$201(Unknown Source)
	at java.util.concurrent.ScheduledThreadPoolExecutor$ScheduledFutureTask.run(Unknown Source)
	at java.util.concurrent.ThreadPoolExecutor.runWorker(Unknown Source)
	at java.util.concurrent.ThreadPoolExecutor$Worker.run(Unknown Source)
	at java.lang.Thread.run(Unknown Source)
caused by: java.lang.NullPointerException
	at org.adempiere.pipo2.handler.TableElementHandler.endElement(TableElementHandler.java:111)
	at org.adempiere.pipo2.PackInHandler.processDeferElements(PackInHandler.java:394)
	at org.adempiere.pipo2.PackInHandler.endElement(PackInHandler.java:309)
	at com.sun.org.apache.xerces.internal.parsers.AbstractSAXParser.endElement(Unknown Source)
	at com.sun.org.apache.xerces.internal.impl.XMLDocumentFragmentScannerImpl.scanEndElement(Unknown Source)
	at com.sun.org.apache.xerces.internal.impl.XMLDocumentFragmentScannerImpl$FragmentContentDriver.next(Unknown Source)
	at com.sun.org.apache.xerces.internal.impl.XMLDocumentScannerImpl.next(Unknown Source)
	at com.sun.org.apache.xerces.internal.impl.XMLDocumentFragmentScannerImpl.scanDocument(Unknown Source)
	at com.sun.org.apache.xerces.internal.parsers.XML11Configuration.parse(Unknown Source)
	at com.sun.org.apache.xerces.internal.parsers.XML11Configuration.parse(Unknown Source)
	at com.sun.org.apache.xerces.internal.parsers.XMLParser.parse(Unknown Source)
	at com.sun.org.apache.xerces.internal.parsers.AbstractSAXParser.parse(Unknown Source)
	at com.sun.org.apache.xerces.internal.jaxp.SAXParserImpl$JAXPSAXParser.parse(Unknown Source)
	at com.sun.org.apache.xerces.internal.jaxp.SAXParserImpl.parse(Unknown Source)
	at javax.xml.parsers.SAXParser.parse(Unknown Source)
	at org.adempiere.pipo2.PackIn.importXML(PackIn.java:173)
	at org.adempiere.pipo2.PackIn.importXML(PackIn.java:136)
	at org.adempiere.pipo2.PackInProcess.doIt(PackInProcess.java:143)
	at org.compiere.process.SvrProcess.process(SvrProcess.java:198)
	at org.compiere.process.SvrProcess.startProcess(SvrProcess.java:144)
	at org.adempiere.util.ProcessUtil.startJavaProcess(ProcessUtil.java:172)
	at org.compiere.apps.AbstractProcessCtl.startProcess(AbstractProcessCtl.java:466)
	at org.compiere.apps.AbstractProcessCtl.run(AbstractProcessCtl.java:234)

13:17:43.264===========> PackInProcess.doIt: importXML: [59]
java.lang.RuntimeException
	at org.adempiere.pipo2.PackIn.importXML(PackIn.java:188)
	at org.adempiere.pipo2.PackIn.importXML(PackIn.java:136)
	at org.adempiere.pipo2.PackInProcess.doIt(PackInProcess.java:143)
	at org.compiere.process.SvrProcess.process(SvrProcess.java:198)
	at org.compiere.process.SvrProcess.startProcess(SvrProcess.java:144)
	at org.adempiere.util.ProcessUtil.startJavaProcess(ProcessUtil.java:172)
	at org.compiere.apps.AbstractProcessCtl.startProcess(AbstractProcessCtl.java:466)
	at org.compiere.apps.AbstractProcessCtl.run(AbstractProcessCtl.java:234)
	at org.adempiere.webui.apps.WProcessCtl.process(WProcessCtl.java:197)
	at org.adempiere.webui.apps.AbstractProcessDialog$ProcessDialogRunnable.doRun(AbstractProcessDialog.java:1060)
	at org.adempiere.util.ContextRunnable.run(ContextRunnable.java:38)
	at org.adempiere.webui.apps.DesktopRunnable.run(DesktopRunnable.java:40)
	at java.util.concurrent.Executors$RunnableAdapter.call(Unknown Source)
	at java.util.concurrent.FutureTask.run(Unknown Source)
	at java.util.concurrent.ScheduledThreadPoolExecutor$ScheduledFutureTask.access$201(Unknown Source)
	at java.util.concurrent.ScheduledThreadPoolExecutor$ScheduledFutureTask.run(Unknown Source)
	at java.util.concurrent.ThreadPoolExecutor.runWorker(Unknown Source)
	at java.util.concurrent.ThreadPoolExecutor$Worker.run(Unknown Source)
	at java.lang.Thread.run(Unknown Source)
caused by: java.lang.NullPointerException
	at org.adempiere.pipo2.handler.TableElementHandler.endElement(TableElementHandler.java:111)
	at org.adempiere.pipo2.PackInHandler.processDeferElements(PackInHandler.java:394)
	at org.adempiere.pipo2.PackInHandler.endElement(PackInHandler.java:309)
	at com.sun.org.apache.xerces.internal.parsers.AbstractSAXParser.endElement(Unknown Source)
	at com.sun.org.apache.xerces.internal.impl.XMLDocumentFragmentScannerImpl.scanEndElement(Unknown Source)
	at com.sun.org.apache.xerces.internal.impl.XMLDocumentFragmentScannerImpl$FragmentContentDriver.next(Unknown Source)
	at com.sun.org.apache.xerces.internal.impl.XMLDocumentScannerImpl.next(Unknown Source)
	at com.sun.org.apache.xerces.internal.impl.XMLDocumentFragmentScannerImpl.scanDocument(Unknown Source)
	at com.sun.org.apache.xerces.internal.parsers.XML11Configuration.parse(Unknown Source)
	at com.sun.org.apache.xerces.internal.parsers.XML11Configuration.parse(Unknown Source)
	at com.sun.org.apache.xerces.internal.parsers.XMLParser.parse(Unknown Source)
	at com.sun.org.apache.xerces.internal.parsers.AbstractSAXParser.parse(Unknown Source)
	at com.sun.org.apache.xerces.internal.jaxp.SAXParserImpl$JAXPSAXParser.parse(Unknown Source)
	at com.sun.org.apache.xerces.internal.jaxp.SAXParserImpl.parse(Unknown Source)
	at javax.xml.parsers.SAXParser.parse(Unknown Source)
	at org.adempiere.pipo2.PackIn.importXML(PackIn.java:173)
	at org.adempiere.pipo2.PackIn.importXML(PackIn.java:136)
	at org.adempiere.pipo2.PackInProcess.doIt(PackInProcess.java:143)
	at org.compiere.process.SvrProcess.process(SvrProcess.java:198)
	at org.compiere.process.SvrProcess.startProcess(SvrProcess.java:144)
	at org.adempiere.util.ProcessUtil.startJavaProcess(ProcessUtil.java:172)
	at org.compiere.apps.AbstractProcessCtl.startProcess(AbstractProcessCtl.java:466)
	at org.compiere.apps.AbstractProcessCtl.run(AbstractProcessCtl.java:234)

13:17:43.292===========> PackInProcess.process: java.lang.RuntimeException [59]
java.lang.NullPointerException
	at org.adempiere.pipo2.handler.TableElementHandler.endElement(TableElementHandler.java:111)
	at org.adempiere.pipo2.PackInHandler.processDeferElements(PackInHandler.java:394)
	at org.adempiere.pipo2.PackInHandler.endElement(PackInHandler.java:309)
	at com.sun.org.apache.xerces.internal.parsers.AbstractSAXParser.endElement(Unknown Source)
	at com.sun.org.apache.xerces.internal.impl.XMLDocumentFragmentScannerImpl.scanEndElement(Unknown Source)
	at com.sun.org.apache.xerces.internal.impl.XMLDocumentFragmentScannerImpl$FragmentContentDriver.next(Unknown Source)
	at com.sun.org.apache.xerces.internal.impl.XMLDocumentScannerImpl.next(Unknown Source)
	at com.sun.org.apache.xerces.internal.impl.XMLDocumentFragmentScannerImpl.scanDocument(Unknown Source)
	at com.sun.org.apache.xerces.internal.parsers.XML11Configuration.parse(Unknown Source)
	at com.sun.org.apache.xerces.internal.parsers.XML11Configuration.parse(Unknown Source)
	at com.sun.org.apache.xerces.internal.parsers.XMLParser.parse(Unknown Source)
	at com.sun.org.apache.xerces.internal.parsers.AbstractSAXParser.parse(Unknown Source)
	at com.sun.org.apache.xerces.internal.jaxp.SAXParserImpl$JAXPSAXParser.parse(Unknown Source)
	at com.sun.org.apache.xerces.internal.jaxp.SAXParserImpl.parse(Unknown Source)
	at javax.xml.parsers.SAXParser.parse(Unknown Source)
	at org.adempiere.pipo2.PackIn.importXML(PackIn.java:173)
	at org.adempiere.pipo2.PackIn.importXML(PackIn.java:136)
	at org.adempiere.pipo2.PackInProcess.doIt(PackInProcess.java:143)
	at org.compiere.process.SvrProcess.process(SvrProcess.java:198)
	at org.compiere.process.SvrProcess.startProcess(SvrProcess.java:144)
	at org.adempiere.util.ProcessUtil.startJavaProcess(ProcessUtil.java:172)
	at org.compiere.apps.AbstractProcessCtl.startProcess(AbstractProcessCtl.java:466)
	at org.compiere.apps.AbstractProcessCtl.run(AbstractProcessCtl.java:234)

13:19:52.974-----------> Node: [192.168.163.1]:5701 [adempiere.idempiere/localhost] [3.5.3] Terminating forcefully... [72]

*** 2017-07-17 13:19:52.976 idempiere Log (CLogFile) ***
