*** 2016-09-09 09:42:20.916 idempiere Log (CLogFile) ***
09:42:20.915 Adempiere.startup: iDempiere(r) Release 3.1_2015-10-31 -Smart Suite ERP, CRM and SCM- (c) 1999-2013 iDempiere(r); Implementation: iDempiere - Supported by iDempiere community [17]
09:42:20.937 Ini.loadProperties: E:\mercurialidempiere/idempiere.properties #33 [17]
09:42:22.654 AdempiereActivator.installPackage: ni.idempiere.importcurrencyrate 1.0.0 was installed: 2016-07-14 16:34:48.698 [17]
09:42:22.791 DB.isBuildOK: Build DB=${env.ADEMPIERE_VERSION} 20080428-1232 [17]
09:42:22.792 DB.isBuildOK: Build Cl=3.1.0.qualifier [17]
09:42:22.955-----------> DB.isBuildOK: Build Version Error 

The program assumes build version 3.1.0.qualifier, but database has build version ${env.ADEMPIERE_VERSION} 20080428-1232. 
This is likely to cause hard to fix errors. 
Please contact administrator. [17]
09:42:24.053 WebEnv.initWeb: Servlet Context Init Parameters: iDempiere Root
ServerRoot=1 [17]
09:42:24.151-----------> EMail.setFrom: you @ company.org: javax.mail.internet.AddressException: Local address contains control or whitespace in string ``you @ company.org'' [17]
09:42:24.154-----------> EMail.addTo: you @ company.org: javax.mail.internet.AddressException: Local address contains control or whitespace in string ``you @ company.org'' [17]
09:42:24.154-----------> EMail.isValid: From is invalid=null [17]
09:42:24.154-----------> EMail.isValid: From is invalid=null [17]
09:42:24.155-----------> MClient.sendEMail: Could NOT Send Email: Server started: iDempiere (odbz:192.168.163.1) to you @ company.org: Invalid Data (System) [17]
09:42:24.155 WebEnv.initWeb: Servlet Init Parameter: idempiereMonitor [17]
09:42:24.155 AdempiereMonitor.init:  [17]
09:42:32.027-----------> AnnotationConfiguration.configure: ServletContainerInitializers: detected. Class hierarchy: empty [17]
09:42:32.428-----------> ClassLocator.getDependentXMLResources: Replicate resource: ckez
Overwrite bundleresource://185.fwk1319287199:2/metainfo/zk/config.xml
with bundleresource://185.fwk1319287199:19/metainfo/zk/config.xml [17]
09:42:32.434-----------> ClassLocator.getDependentXMLResources: Replicate resource: zk
Overwrite bundleresource://185.fwk1319287199:11/metainfo/zk/config.xml
with bundleresource://185.fwk1319287199:28/metainfo/zk/config.xml [17]
09:42:32.438-----------> ClassLocator.getDependentXMLResources: Replicate resource: zkbind
Overwrite bundleresource://185.fwk1319287199:12/metainfo/zk/config.xml
with bundleresource://185.fwk1319287199:29/metainfo/zk/config.xml [17]
09:42:32.462-----------> ClassLocator.getDependentXMLResources: Replicate resource: zul
Overwrite bundleresource://185.fwk1319287199:14/metainfo/zk/zk.xml
with bundleresource://185.fwk1319287199:31/metainfo/zk/zk.xml [17]
09:42:32.902-----------> LanguageDefinition.<init>: Replicated language: xhtml, overriden by [LanguageDefinition: xhtml] [17]
09:42:32.932-----------> LanguageDefinition.<init>: Replicated language: xul/html, overriden by [LanguageDefinition: xul/html] [17]
09:42:33.011-----------> ClassLocator.getDependentXMLResources: Replicate resource: calendar
Overwrite bundleresource://185.fwk1319287199:1/metainfo/zk/lang-addon.xml
with bundleresource://185.fwk1319287199:18/metainfo/zk/lang-addon.xml [17]
09:42:33.015-----------> ClassLocator.getDependentXMLResources: Replicate resource: ckez
Overwrite bundleresource://185.fwk1319287199:2/metainfo/zk/lang-addon.xml
with bundleresource://185.fwk1319287199:19/metainfo/zk/lang-addon.xml [17]
09:42:33.020-----------> ClassLocator.getDependentXMLResources: Replicate resource: gmapsz
Overwrite bundleresource://185.fwk1319287199:5/metainfo/zk/lang-addon.xml
with bundleresource://185.fwk1319287199:22/metainfo/zk/lang-addon.xml [17]
09:42:33.024-----------> ClassLocator.getDependentXMLResources: Replicate resource: timeline
Overwrite bundleresource://185.fwk1319287199:6/metainfo/zk/lang-addon.xml
with bundleresource://185.fwk1319287199:23/metainfo/zk/lang-addon.xml [17]
09:42:33.028-----------> ClassLocator.getDependentXMLResources: Replicate resource: timeplot
Overwrite bundleresource://185.fwk1319287199:7/metainfo/zk/lang-addon.xml
with bundleresource://185.fwk1319287199:24/metainfo/zk/lang-addon.xml [17]
09:42:33.045-----------> ClassLocator.getDependentXMLResources: Replicate resource: zkbind
Overwrite bundleresource://185.fwk1319287199:12/metainfo/zk/lang-addon.xml
with bundleresource://185.fwk1319287199:29/metainfo/zk/lang-addon.xml [17]
09:42:33.055-----------> ClassLocator.getDependentXMLResources: Replicate resource: zkplus
Overwrite bundleresource://185.fwk1319287199:13/metainfo/zk/lang-addon.xml
with bundleresource://185.fwk1319287199:30/metainfo/zk/lang-addon.xml [17]
09:42:33.266           WebUIServlet.init: iDempiere Web Client started successfully [17]
09:42:34.448-----------> AnnotationConfiguration.configure: ServletContainerInitializers: detected. Class hierarchy: empty [17]

*** 2016-09-09 09:42:35.131 idempiere Log (CLogFile) ***
09:42:38.571-----------> Node: [172.16.45.186]:5701 [adempiere.idempiere/localhost] [3.5.3] No join method is enabled! Starting standalone. [41]
09:43:11.109-----------> Prop.loadProperties: E:\mercurialidempiere\home.properties not found [38]
09:43:11.110-----------> Prop.loadProperties: !!WARNING:Please locate yout custom home.properties on iDEMPIERE_HOME. [38]
09:49:43.995-----------> ServletHandler.doHandle: /webui/zkau [28]
java.lang.IllegalStateException: Form too many keys
	at org.eclipse.jetty.util.UrlEncoded.decodeUtf8To(UrlEncoded.java:526)
	at org.eclipse.jetty.util.UrlEncoded.decodeTo(UrlEncoded.java:641)
	at org.eclipse.jetty.server.Request.extractFormParameters(Request.java:370)
	at org.eclipse.jetty.server.Request.extractContentParameters(Request.java:302)
	at org.eclipse.jetty.server.Request.extractParameters(Request.java:256)
	at org.eclipse.jetty.server.Request.getParameter(Request.java:825)
	at org.zkoss.zk.au.http.DHtmlUpdateServlet$3.getDesktopId(DHtmlUpdateServlet.java:748)
	at org.zkoss.zk.au.http.DHtmlUpdateServlet.process(DHtmlUpdateServlet.java:531)
	at org.zkoss.zk.au.http.DHtmlUpdateServlet.doGet(DHtmlUpdateServlet.java:485)
	at org.zkoss.zk.au.http.DHtmlUpdateServlet.doPost(DHtmlUpdateServlet.java:494)
	at javax.servlet.http.HttpServlet.service(HttpServlet.java:707)
	at javax.servlet.http.HttpServlet.service(HttpServlet.java:790)
	at org.eclipse.jetty.servlet.ServletHolder.handle(ServletHolder.java:808)
	at org.eclipse.jetty.servlet.ServletHandler.doHandle(ServletHandler.java:587)
	at org.eclipse.jetty.server.handler.ScopedHandler.handle(ScopedHandler.java:143)
	at org.eclipse.jetty.security.SecurityHandler.handle(SecurityHandler.java:577)
	at org.eclipse.jetty.server.session.SessionHandler.doHandle(SessionHandler.java:223)
	at org.eclipse.jetty.server.handler.ContextHandler.doHandle(ContextHandler.java:1127)
	at org.eclipse.jetty.servlet.ServletHandler.doScope(ServletHandler.java:515)
	at org.eclipse.jetty.server.session.SessionHandler.doScope(SessionHandler.java:185)
	at org.eclipse.jetty.server.handler.ContextHandler.doScope(ContextHandler.java:1061)

09:49:44.016-----------> HttpParser.parseNext: badMessage: java.lang.IllegalStateException: too much data after closed for HttpChannelOverHttp@ea2154{r=1079,c=false,a=IDLE,uri=-} [28]
