*** 2017-06-18 20:24:11.234 idempiere Log (CLogFile) ***
20:24:11.234 Adempiere.startup: iDempiere(r) Release 3.1_2015-10-31 -Smart Suite ERP, CRM and SCM- (c) 1999-2013 iDempiere(r); Implementation: iDempiere - Supported by iDempiere community [17]
20:24:11.237 Ini.loadProperties: E:\mercurialidempiere/idempiereDEMO.properties #33 [17]
20:24:15.622 AdempiereActivator.installPackage: ni.hmil.override.codebase 1.0.0 was installed: 2017-06-18 10:07:05.297 [17]
20:24:17.298 DB.isBuildOK: Build DB=${env.ADEMPIERE_VERSION} 20080428-1232 [17]
20:24:17.299 DB.isBuildOK: Build Cl=3.1.0.qualifier [17]
20:24:18.876-----------> DB.isBuildOK: Error en la versión de la construcción 

El programa asume version de construcción 3.1.0.qualifier, pero la base de datos tiene una versión ${env.ADEMPIERE_VERSION} 20080428-1232.
Es posible que esto cause errores difíciles de corregir.
Por favor contacte al ADMINISTRADOR. [17]
20:24:23.539 WebEnv.initWeb: Servlet Context Init Parameters: iDempiere Root
ServerRoot=1 [17]
20:24:23.769-----------> EMail.setFrom: you @ company.org: javax.mail.internet.AddressException: Local address contains control or whitespace in string ``you @ company.org'' [17]
20:24:24.223-----------> EMail.addTo: you @ company.org: javax.mail.internet.AddressException: Local address contains control or whitespace in string ``you @ company.org'' [17]
20:24:24.224-----------> EMail.isValid: From is invalid=null [17]
20:24:24.224-----------> EMail.isValid: From is invalid=null [17]
20:24:24.224-----------> MClient.sendEMail: Could NOT Send Email: Server started: iDempiere (odbz:192.168.47.1) to you @ company.org: Invalid Data (System) [17]
20:24:24.224 WebEnv.initWeb: Servlet Init Parameter: idempiereMonitor [17]
20:24:24.224 AdempiereMonitor.init:  [17]
20:25:01.049-----------> AnnotationConfiguration.configure: ServletContainerInitializers: detected. Class hierarchy: empty [17]
20:25:01.307-----------> ClassLocator.getDependentXMLResources: Replicate resource: ckez
Overwrite bundleresource://182.fwk1319287199:2/metainfo/zk/config.xml
with bundleresource://182.fwk1319287199:19/metainfo/zk/config.xml [17]
20:25:01.316-----------> ClassLocator.getDependentXMLResources: Replicate resource: zk
Overwrite bundleresource://182.fwk1319287199:11/metainfo/zk/config.xml
with bundleresource://182.fwk1319287199:28/metainfo/zk/config.xml [17]
20:25:01.321-----------> ClassLocator.getDependentXMLResources: Replicate resource: zkbind
Overwrite bundleresource://182.fwk1319287199:12/metainfo/zk/config.xml
with bundleresource://182.fwk1319287199:29/metainfo/zk/config.xml [17]
20:25:01.355-----------> ClassLocator.getDependentXMLResources: Replicate resource: zul
Overwrite bundleresource://182.fwk1319287199:14/metainfo/zk/zk.xml
with bundleresource://182.fwk1319287199:31/metainfo/zk/zk.xml [17]
20:25:02.222-----------> LanguageDefinition.<init>: Replicated language: xhtml, overriden by [LanguageDefinition: xhtml] [17]
20:25:02.262-----------> LanguageDefinition.<init>: Replicated language: xul/html, overriden by [LanguageDefinition: xul/html] [17]
20:25:02.331-----------> ClassLocator.getDependentXMLResources: Replicate resource: calendar
Overwrite bundleresource://182.fwk1319287199:1/metainfo/zk/lang-addon.xml
with bundleresource://182.fwk1319287199:18/metainfo/zk/lang-addon.xml [17]
20:25:02.335-----------> ClassLocator.getDependentXMLResources: Replicate resource: ckez
Overwrite bundleresource://182.fwk1319287199:2/metainfo/zk/lang-addon.xml
with bundleresource://182.fwk1319287199:19/metainfo/zk/lang-addon.xml [17]
20:25:02.340-----------> ClassLocator.getDependentXMLResources: Replicate resource: gmapsz
Overwrite bundleresource://182.fwk1319287199:5/metainfo/zk/lang-addon.xml
with bundleresource://182.fwk1319287199:22/metainfo/zk/lang-addon.xml [17]
20:25:02.344-----------> ClassLocator.getDependentXMLResources: Replicate resource: timeline
Overwrite bundleresource://182.fwk1319287199:6/metainfo/zk/lang-addon.xml
with bundleresource://182.fwk1319287199:23/metainfo/zk/lang-addon.xml [17]
20:25:02.347-----------> ClassLocator.getDependentXMLResources: Replicate resource: timeplot
Overwrite bundleresource://182.fwk1319287199:7/metainfo/zk/lang-addon.xml
with bundleresource://182.fwk1319287199:24/metainfo/zk/lang-addon.xml [17]
20:25:02.361-----------> ClassLocator.getDependentXMLResources: Replicate resource: zkbind
Overwrite bundleresource://182.fwk1319287199:12/metainfo/zk/lang-addon.xml
with bundleresource://182.fwk1319287199:29/metainfo/zk/lang-addon.xml [17]
20:25:02.369-----------> ClassLocator.getDependentXMLResources: Replicate resource: zkplus
Overwrite bundleresource://182.fwk1319287199:13/metainfo/zk/lang-addon.xml
with bundleresource://182.fwk1319287199:30/metainfo/zk/lang-addon.xml [17]
20:25:03.110           WebUIServlet.init: iDempiere Web Client started successfully [17]
20:25:04.591-----------> AnnotationConfiguration.configure: ServletContainerInitializers: detected. Class hierarchy: empty [17]
20:25:04.764-----------> LCO_ValidatorWH.initialize:  [50]

*** 2017-06-18 20:25:05.059 idempiere Log (CLogFile) ***
20:25:05.210-----------> Prop.loadProperties: E:\mercurialidempiere\home.properties not found [38]
20:25:05.211-----------> Prop.loadProperties: !!WARNING:Please locate yout custom home.properties on iDEMPIERE_HOME. [38]
20:25:08.184-----------> Node: [192.168.163.1]:5701 [adempiere.idempiere/localhost] [3.5.3] No join method is enabled! Starting standalone. [52]
20:28:18.768-----------> MWorkflow.getNodesInOrder: Added Node w/o transition: MWFNode[1000004-Export Data to Queue,Action=Process:AD_Process_ID=1000042] [38]
20:28:18.769-----------> MWorkflow.getNodesInOrder: Added Node w/o transition: MWFNode[1000003-Turn ActiveMQ OFF,Action=Task:AD_Task_ID=50001] [38]
20:28:18.770-----------> MWorkflow.getNodesInOrder: Added Node w/o transition: MWFNode[1000002-Turn ActiveMQ ON,Action=Task:AD_Task_ID=50000] [38]
20:28:18.770-----------> MWorkflow.getNodesInOrder: Added Node w/o transition: MWFNode[1000001-Process Imported Orders,Action=Window:AD_Window_ID=281] [38]
20:28:18.770-----------> MWorkflow.getNodesInOrder: Added Node w/o transition: MWFNode[1000000-Import Orders from Wanda POS,Action=Process:AD_Process_ID=1000041] [38]
20:28:23.297-----------> MWorkflow.getNodesInOrder: Added Node w/o transition: MWFNode[1000004-Export Data to Queue,Action=Process:AD_Process_ID=1000042] [35]
20:28:23.298-----------> MWorkflow.getNodesInOrder: Added Node w/o transition: MWFNode[1000003-Turn ActiveMQ OFF,Action=Task:AD_Task_ID=50001] [35]
20:28:23.299-----------> MWorkflow.getNodesInOrder: Added Node w/o transition: MWFNode[1000002-Turn ActiveMQ ON,Action=Task:AD_Task_ID=50000] [35]
20:28:23.300-----------> MWorkflow.getNodesInOrder: Added Node w/o transition: MWFNode[1000001-Process Imported Orders,Action=Window:AD_Window_ID=281] [35]
20:28:23.300-----------> MWorkflow.getNodesInOrder: Added Node w/o transition: MWFNode[1000000-Import Orders from Wanda POS,Action=Process:AD_Process_ID=1000041] [35]
20:28:36.138-----------> MWorkflow.getNodesInOrder: Added Node w/o transition: MWFNode[1000004-Export Data to Queue,Action=Process:AD_Process_ID=1000042] [38]
20:28:36.139-----------> MWorkflow.getNodesInOrder: Added Node w/o transition: MWFNode[1000003-Turn ActiveMQ OFF,Action=Task:AD_Task_ID=50001] [38]
20:28:36.139-----------> MWorkflow.getNodesInOrder: Added Node w/o transition: MWFNode[1000002-Turn ActiveMQ ON,Action=Task:AD_Task_ID=50000] [38]
20:28:36.140-----------> MWorkflow.getNodesInOrder: Added Node w/o transition: MWFNode[1000001-Process Imported Orders,Action=Window:AD_Window_ID=281] [38]
20:28:36.141-----------> MWorkflow.getNodesInOrder: Added Node w/o transition: MWFNode[1000000-Import Orders from Wanda POS,Action=Process:AD_Process_ID=1000041] [38]
20:28:42.167-----------> MWorkflow.getNodesInOrder: Added Node w/o transition: MWFNode[1000004-Export Data to Queue,Action=Process:AD_Process_ID=1000042] [38]
20:28:42.168-----------> MWorkflow.getNodesInOrder: Added Node w/o transition: MWFNode[1000003-Turn ActiveMQ OFF,Action=Task:AD_Task_ID=50001] [38]
20:28:42.169-----------> MWorkflow.getNodesInOrder: Added Node w/o transition: MWFNode[1000002-Turn ActiveMQ ON,Action=Task:AD_Task_ID=50000] [38]
20:28:42.169-----------> MWorkflow.getNodesInOrder: Added Node w/o transition: MWFNode[1000001-Process Imported Orders,Action=Window:AD_Window_ID=281] [38]
20:28:42.170-----------> MWorkflow.getNodesInOrder: Added Node w/o transition: MWFNode[1000000-Import Orders from Wanda POS,Action=Process:AD_Process_ID=1000041] [38]
20:28:48.117-----------> MWorkflow.getNodesInOrder: Added Node w/o transition: MWFNode[1000004-Export Data to Queue,Action=Process:AD_Process_ID=1000042] [38]
20:28:48.118-----------> MWorkflow.getNodesInOrder: Added Node w/o transition: MWFNode[1000003-Turn ActiveMQ OFF,Action=Task:AD_Task_ID=50001] [38]
20:28:48.119-----------> MWorkflow.getNodesInOrder: Added Node w/o transition: MWFNode[1000002-Turn ActiveMQ ON,Action=Task:AD_Task_ID=50000] [38]
20:28:48.119-----------> MWorkflow.getNodesInOrder: Added Node w/o transition: MWFNode[1000001-Process Imported Orders,Action=Window:AD_Window_ID=281] [38]
20:28:48.120-----------> MWorkflow.getNodesInOrder: Added Node w/o transition: MWFNode[1000000-Import Orders from Wanda POS,Action=Process:AD_Process_ID=1000041] [38]
20:29:10.018===========> TableIndexElementHandler.validateTableIndex: ERROR: column am.amcanorder does not exist
  Position: 427 [71]
org.postgresql.util.PSQLException: ERROR: column am.amcanorder does not exist
  Position: 427; State=42703; ErrorCode=0
	at org.postgresql.core.v3.QueryExecutorImpl.receiveErrorResponse(QueryExecutorImpl.java:2182)
	at org.postgresql.core.v3.QueryExecutorImpl.processResults(QueryExecutorImpl.java:1911)
	at org.postgresql.core.v3.QueryExecutorImpl.execute(QueryExecutorImpl.java:173)
	at org.postgresql.jdbc2.AbstractJdbc2Statement.execute(AbstractJdbc2Statement.java:645)
	at org.postgresql.jdbc2.AbstractJdbc2Statement.executeWithFlags(AbstractJdbc2Statement.java:481)
	at org.postgresql.jdbc2.AbstractJdbc2Statement.executeQuery(AbstractJdbc2Statement.java:361)
	at org.postgresql.jdbc2.AbstractJdbc2DatabaseMetaData.getIndexInfo(AbstractJdbc2DatabaseMetaData.java:4230)
	at com.mchange.v2.c3p0.impl.NewProxyDatabaseMetaData.getIndexInfo(NewProxyDatabaseMetaData.java:3328)
	at org.compiere.process.TableIndexValidate.validateTableIndex(TableIndexValidate.java:69)
	at org.adempiere.pipo2.handler.TableIndexElementHandler.validateTableIndex(TableIndexElementHandler.java:112)
	at org.adempiere.pipo2.handler.TableIndexElementHandler.endElement(TableIndexElementHandler.java:93)
	at org.adempiere.pipo2.PackInHandler.processElement(PackInHandler.java:266)
	at org.adempiere.pipo2.PackInHandler.processElement(PackInHandler.java:258)
	at org.adempiere.pipo2.PackInHandler.endElement(PackInHandler.java:334)
	at com.sun.org.apache.xerces.internal.parsers.AbstractSAXParser.endElement(Unknown Source)
	at com.sun.org.apache.xerces.internal.impl.XMLDocumentFragmentScannerImpl.scanEndElement(Unknown Source)
	at com.sun.org.apache.xerces.internal.impl.XMLDocumentFragmentScannerImpl$FragmentContentDriver.next(Unknown Source)
	at com.sun.org.apache.xerces.internal.impl.XMLDocumentScannerImpl.next(Unknown Source)
	at com.sun.org.apache.xerces.internal.impl.XMLDocumentFragmentScannerImpl.scanDocument(Unknown Source)
	at com.sun.org.apache.xerces.internal.parsers.XML11Configuration.parse(Unknown Source)
	at com.sun.org.apache.xerces.internal.parsers.XML11Configuration.parse(Unknown Source)

20:29:17.295===========> PackIn.importXML: importXML: [71]
org.adempiere.pipo2.exception.DatabaseAccessException: Failed to validate AD_TableIndex for lco_invoicewithholding_uu_idx
	at org.adempiere.pipo2.handler.TableIndexElementHandler.endElement(TableIndexElementHandler.java:99)
	at org.adempiere.pipo2.PackInHandler.processElement(PackInHandler.java:266)
	at org.adempiere.pipo2.PackInHandler.processElement(PackInHandler.java:258)
	at org.adempiere.pipo2.PackInHandler.endElement(PackInHandler.java:334)
	at com.sun.org.apache.xerces.internal.parsers.AbstractSAXParser.endElement(Unknown Source)
	at com.sun.org.apache.xerces.internal.impl.XMLDocumentFragmentScannerImpl.scanEndElement(Unknown Source)
	at com.sun.org.apache.xerces.internal.impl.XMLDocumentFragmentScannerImpl$FragmentContentDriver.next(Unknown Source)
	at com.sun.org.apache.xerces.internal.impl.XMLDocumentScannerImpl.next(Unknown Source)
	at com.sun.org.apache.xerces.internal.impl.XMLDocumentFragmentScannerImpl.scanDocument(Unknown Source)
	at com.sun.org.apache.xerces.internal.parsers.XML11Configuration.parse(Unknown Source)
	at com.sun.org.apache.xerces.internal.parsers.XML11Configuration.parse(Unknown Source)
	at com.sun.org.apache.xerces.internal.parsers.XMLParser.parse(Unknown Source)
	at com.sun.org.apache.xerces.internal.parsers.AbstractSAXParser.parse(Unknown Source)
	at com.sun.org.apache.xerces.internal.jaxp.SAXParserImpl$JAXPSAXParser.parse(Unknown Source)
	at com.sun.org.apache.xerces.internal.jaxp.SAXParserImpl.parse(Unknown Source)
	at javax.xml.parsers.SAXParser.parse(Unknown Source)
	at org.adempiere.pipo2.PackIn.importXML(PackIn.java:173)
	at org.adempiere.pipo2.PackIn.importXML(PackIn.java:136)
	at org.adempiere.pipo.srv.PipoDictionaryService.merge(PipoDictionaryService.java:104)
	at org.adempiere.plugin.utils.Incremental2PackActivator.packIn(Incremental2PackActivator.java:198)
	at org.adempiere.plugin.utils.Incremental2PackActivator.packIn(Incremental2PackActivator.java:166)

20:29:20.253===========> PackIn.importXML: importXML: [71]
java.lang.RuntimeException: Failed to validate AD_TableIndex for lco_invoicewithholding_uu_idx
	at org.adempiere.pipo2.PackIn.importXML(PackIn.java:188)
	at org.adempiere.pipo2.PackIn.importXML(PackIn.java:136)
	at org.adempiere.pipo.srv.PipoDictionaryService.merge(PipoDictionaryService.java:104)
	at org.adempiere.plugin.utils.Incremental2PackActivator.packIn(Incremental2PackActivator.java:198)
	at org.adempiere.plugin.utils.Incremental2PackActivator.packIn(Incremental2PackActivator.java:166)
	at org.adempiere.plugin.utils.Incremental2PackActivator.installPackage(Incremental2PackActivator.java:120)
	at org.adempiere.plugin.utils.Incremental2PackActivator.access$4(Incremental2PackActivator.java:89)
	at org.adempiere.plugin.utils.Incremental2PackActivator$2.run(Incremental2PackActivator.java:259)
	at java.util.concurrent.Executors$RunnableAdapter.call(Unknown Source)
	at java.util.concurrent.FutureTask.run(Unknown Source)
	at java.util.concurrent.ScheduledThreadPoolExecutor$ScheduledFutureTask.access$201(Unknown Source)
	at java.util.concurrent.ScheduledThreadPoolExecutor$ScheduledFutureTask.run(Unknown Source)
	at java.util.concurrent.ThreadPoolExecutor.runWorker(Unknown Source)
	at java.util.concurrent.ThreadPoolExecutor$Worker.run(Unknown Source)
	at java.lang.Thread.run(Unknown Source)
caused by: org.adempiere.pipo2.exception.DatabaseAccessException: Failed to validate AD_TableIndex for lco_invoicewithholding_uu_idx
	at org.adempiere.pipo2.handler.TableIndexElementHandler.endElement(TableIndexElementHandler.java:99)
	at org.adempiere.pipo2.PackInHandler.processElement(PackInHandler.java:266)
	at org.adempiere.pipo2.PackInHandler.processElement(PackInHandler.java:258)
	at org.adempiere.pipo2.PackInHandler.endElement(PackInHandler.java:334)
	at com.sun.org.apache.xerces.internal.parsers.AbstractSAXParser.endElement(Unknown Source)
	at com.sun.org.apache.xerces.internal.impl.XMLDocumentFragmentScannerImpl.scanEndElement(Unknown Source)
	at com.sun.org.apache.xerces.internal.impl.XMLDocumentFragmentScannerImpl$FragmentContentDriver.next(Unknown Source)
	at com.sun.org.apache.xerces.internal.impl.XMLDocumentScannerImpl.next(Unknown Source)
	at com.sun.org.apache.xerces.internal.impl.XMLDocumentFragmentScannerImpl.scanDocument(Unknown Source)
	at com.sun.org.apache.xerces.internal.parsers.XML11Configuration.parse(Unknown Source)
	at com.sun.org.apache.xerces.internal.parsers.XML11Configuration.parse(Unknown Source)
	at com.sun.org.apache.xerces.internal.parsers.XMLParser.parse(Unknown Source)
	at com.sun.org.apache.xerces.internal.parsers.AbstractSAXParser.parse(Unknown Source)
	at com.sun.org.apache.xerces.internal.jaxp.SAXParserImpl$JAXPSAXParser.parse(Unknown Source)
	at com.sun.org.apache.xerces.internal.jaxp.SAXParserImpl.parse(Unknown Source)
	at javax.xml.parsers.SAXParser.parse(Unknown Source)
	at org.adempiere.pipo2.PackIn.importXML(PackIn.java:173)
	at org.adempiere.pipo2.PackIn.importXML(PackIn.java:136)
	at org.adempiere.pipo.srv.PipoDictionaryService.merge(PipoDictionaryService.java:104)
	at org.adempiere.plugin.utils.Incremental2PackActivator.packIn(Incremental2PackActivator.java:198)
	at org.adempiere.plugin.utils.Incremental2PackActivator.packIn(Incremental2PackActivator.java:166)

20:29:23.132===========> PipoDictionaryService.merge: importXML: [71]
java.lang.RuntimeException: Failed to validate AD_TableIndex for lco_invoicewithholding_uu_idx
	at org.adempiere.pipo2.PackIn.importXML(PackIn.java:188)
	at org.adempiere.pipo2.PackIn.importXML(PackIn.java:136)
	at org.adempiere.pipo.srv.PipoDictionaryService.merge(PipoDictionaryService.java:104)
	at org.adempiere.plugin.utils.Incremental2PackActivator.packIn(Incremental2PackActivator.java:198)
	at org.adempiere.plugin.utils.Incremental2PackActivator.packIn(Incremental2PackActivator.java:166)
	at org.adempiere.plugin.utils.Incremental2PackActivator.installPackage(Incremental2PackActivator.java:120)
	at org.adempiere.plugin.utils.Incremental2PackActivator.access$4(Incremental2PackActivator.java:89)
	at org.adempiere.plugin.utils.Incremental2PackActivator$2.run(Incremental2PackActivator.java:259)
	at java.util.concurrent.Executors$RunnableAdapter.call(Unknown Source)
	at java.util.concurrent.FutureTask.run(Unknown Source)
	at java.util.concurrent.ScheduledThreadPoolExecutor$ScheduledFutureTask.access$201(Unknown Source)
	at java.util.concurrent.ScheduledThreadPoolExecutor$ScheduledFutureTask.run(Unknown Source)
	at java.util.concurrent.ThreadPoolExecutor.runWorker(Unknown Source)
	at java.util.concurrent.ThreadPoolExecutor$Worker.run(Unknown Source)
	at java.lang.Thread.run(Unknown Source)
caused by: org.adempiere.pipo2.exception.DatabaseAccessException: Failed to validate AD_TableIndex for lco_invoicewithholding_uu_idx
	at org.adempiere.pipo2.handler.TableIndexElementHandler.endElement(TableIndexElementHandler.java:99)
	at org.adempiere.pipo2.PackInHandler.processElement(PackInHandler.java:266)
	at org.adempiere.pipo2.PackInHandler.processElement(PackInHandler.java:258)
	at org.adempiere.pipo2.PackInHandler.endElement(PackInHandler.java:334)
	at com.sun.org.apache.xerces.internal.parsers.AbstractSAXParser.endElement(Unknown Source)
	at com.sun.org.apache.xerces.internal.impl.XMLDocumentFragmentScannerImpl.scanEndElement(Unknown Source)
	at com.sun.org.apache.xerces.internal.impl.XMLDocumentFragmentScannerImpl$FragmentContentDriver.next(Unknown Source)
	at com.sun.org.apache.xerces.internal.impl.XMLDocumentScannerImpl.next(Unknown Source)
	at com.sun.org.apache.xerces.internal.impl.XMLDocumentFragmentScannerImpl.scanDocument(Unknown Source)
	at com.sun.org.apache.xerces.internal.parsers.XML11Configuration.parse(Unknown Source)
	at com.sun.org.apache.xerces.internal.parsers.XML11Configuration.parse(Unknown Source)
	at com.sun.org.apache.xerces.internal.parsers.XMLParser.parse(Unknown Source)
	at com.sun.org.apache.xerces.internal.parsers.AbstractSAXParser.parse(Unknown Source)
	at com.sun.org.apache.xerces.internal.jaxp.SAXParserImpl$JAXPSAXParser.parse(Unknown Source)
	at com.sun.org.apache.xerces.internal.jaxp.SAXParserImpl.parse(Unknown Source)
	at javax.xml.parsers.SAXParser.parse(Unknown Source)
	at org.adempiere.pipo2.PackIn.importXML(PackIn.java:173)
	at org.adempiere.pipo2.PackIn.importXML(PackIn.java:136)
	at org.adempiere.pipo.srv.PipoDictionaryService.merge(PipoDictionaryService.java:104)
	at org.adempiere.plugin.utils.Incremental2PackActivator.packIn(Incremental2PackActivator.java:198)
	at org.adempiere.plugin.utils.Incremental2PackActivator.packIn(Incremental2PackActivator.java:166)

20:29:34.872===========> Incremental2PackActivator.packIn: Pack in failed. [71]
java.lang.RuntimeException: Failed to validate AD_TableIndex for lco_invoicewithholding_uu_idx
	at org.adempiere.pipo2.PackIn.importXML(PackIn.java:188)
	at org.adempiere.pipo2.PackIn.importXML(PackIn.java:136)
	at org.adempiere.pipo.srv.PipoDictionaryService.merge(PipoDictionaryService.java:104)
	at org.adempiere.plugin.utils.Incremental2PackActivator.packIn(Incremental2PackActivator.java:198)
	at org.adempiere.plugin.utils.Incremental2PackActivator.packIn(Incremental2PackActivator.java:166)
	at org.adempiere.plugin.utils.Incremental2PackActivator.installPackage(Incremental2PackActivator.java:120)
	at org.adempiere.plugin.utils.Incremental2PackActivator.access$4(Incremental2PackActivator.java:89)
	at org.adempiere.plugin.utils.Incremental2PackActivator$2.run(Incremental2PackActivator.java:259)
	at java.util.concurrent.Executors$RunnableAdapter.call(Unknown Source)
	at java.util.concurrent.FutureTask.run(Unknown Source)
	at java.util.concurrent.ScheduledThreadPoolExecutor$ScheduledFutureTask.access$201(Unknown Source)
	at java.util.concurrent.ScheduledThreadPoolExecutor$ScheduledFutureTask.run(Unknown Source)
	at java.util.concurrent.ThreadPoolExecutor.runWorker(Unknown Source)
	at java.util.concurrent.ThreadPoolExecutor$Worker.run(Unknown Source)
	at java.lang.Thread.run(Unknown Source)
caused by: org.adempiere.pipo2.exception.DatabaseAccessException: Failed to validate AD_TableIndex for lco_invoicewithholding_uu_idx
	at org.adempiere.pipo2.handler.TableIndexElementHandler.endElement(TableIndexElementHandler.java:99)
	at org.adempiere.pipo2.PackInHandler.processElement(PackInHandler.java:266)
	at org.adempiere.pipo2.PackInHandler.processElement(PackInHandler.java:258)
	at org.adempiere.pipo2.PackInHandler.endElement(PackInHandler.java:334)
	at com.sun.org.apache.xerces.internal.parsers.AbstractSAXParser.endElement(Unknown Source)
	at com.sun.org.apache.xerces.internal.impl.XMLDocumentFragmentScannerImpl.scanEndElement(Unknown Source)
	at com.sun.org.apache.xerces.internal.impl.XMLDocumentFragmentScannerImpl$FragmentContentDriver.next(Unknown Source)
	at com.sun.org.apache.xerces.internal.impl.XMLDocumentScannerImpl.next(Unknown Source)
	at com.sun.org.apache.xerces.internal.impl.XMLDocumentFragmentScannerImpl.scanDocument(Unknown Source)
	at com.sun.org.apache.xerces.internal.parsers.XML11Configuration.parse(Unknown Source)
	at com.sun.org.apache.xerces.internal.parsers.XML11Configuration.parse(Unknown Source)
	at com.sun.org.apache.xerces.internal.parsers.XMLParser.parse(Unknown Source)
	at com.sun.org.apache.xerces.internal.parsers.AbstractSAXParser.parse(Unknown Source)
	at com.sun.org.apache.xerces.internal.jaxp.SAXParserImpl$JAXPSAXParser.parse(Unknown Source)
	at com.sun.org.apache.xerces.internal.jaxp.SAXParserImpl.parse(Unknown Source)
	at javax.xml.parsers.SAXParser.parse(Unknown Source)
	at org.adempiere.pipo2.PackIn.importXML(PackIn.java:173)
	at org.adempiere.pipo2.PackIn.importXML(PackIn.java:136)
	at org.adempiere.pipo.srv.PipoDictionaryService.merge(PipoDictionaryService.java:104)
	at org.adempiere.plugin.utils.Incremental2PackActivator.packIn(Incremental2PackActivator.java:198)
	at org.adempiere.plugin.utils.Incremental2PackActivator.packIn(Incremental2PackActivator.java:166)

20:30:13.672===========> ActiveMQClient.init: null [138]
javax.jms.JMSException: Could not connect to broker URL: tcp://http://172.110.22.217:61616. Reason: java.lang.IllegalArgumentException: port out of range:-1
	at org.apache.activemq.util.JMSExceptionSupport.create(JMSExceptionSupport.java:35)
	at org.apache.activemq.ActiveMQConnectionFactory.createActiveMQConnection(ActiveMQConnectionFactory.java:293)
	at org.apache.activemq.ActiveMQConnectionFactory.createConnection(ActiveMQConnectionFactory.java:191)
	at org.idempiere.process.ActiveMQClient.init(ActiveMQClient.java:46)
	at org.idempiere.process.Export2Queue.doIt(Export2Queue.java:107)
	at org.compiere.process.SvrProcess.process(SvrProcess.java:198)
	at org.compiere.process.SvrProcess.startProcess(SvrProcess.java:144)
	at org.adempiere.util.ProcessUtil.startJavaProcess(ProcessUtil.java:172)
	at org.compiere.apps.AbstractProcessCtl.startProcess(AbstractProcessCtl.java:466)
	at org.compiere.apps.AbstractProcessCtl.run(AbstractProcessCtl.java:234)
	at org.adempiere.webui.apps.WProcessCtl.process(WProcessCtl.java:197)
	at org.adempiere.webui.apps.AbstractProcessDialog$ProcessDialogRunnable.doRun(AbstractProcessDialog.java:1060)
	at org.adempiere.util.ContextRunnable.run(ContextRunnable.java:38)
	at org.adempiere.webui.apps.DesktopRunnable.run(DesktopRunnable.java:40)
	at java.util.concurrent.Executors$RunnableAdapter.call(Unknown Source)
	at java.util.concurrent.FutureTask.run(Unknown Source)
	at java.util.concurrent.ScheduledThreadPoolExecutor$ScheduledFutureTask.access$201(Unknown Source)
	at java.util.concurrent.ScheduledThreadPoolExecutor$ScheduledFutureTask.run(Unknown Source)
	at java.util.concurrent.ThreadPoolExecutor.runWorker(Unknown Source)
	at java.util.concurrent.ThreadPoolExecutor$Worker.run(Unknown Source)
	at java.lang.Thread.run(Unknown Source)
caused by: java.lang.IllegalArgumentException: port out of range:-1
	at java.net.InetSocketAddress.checkPort(Unknown Source)
	at java.net.InetSocketAddress.<init>(Unknown Source)
	at org.apache.activemq.transport.tcp.TcpTransport.connect(TcpTransport.java:482)
	at org.apache.activemq.transport.tcp.TcpTransport.doStart(TcpTransport.java:467)
	at org.apache.activemq.util.ServiceSupport.start(ServiceSupport.java:55)
	at org.apache.activemq.transport.AbstractInactivityMonitor.start(AbstractInactivityMonitor.java:132)
	at org.apache.activemq.transport.TransportFilter.start(TransportFilter.java:58)
	at org.apache.activemq.transport.WireFormatNegotiator.start(WireFormatNegotiator.java:72)
	at org.apache.activemq.transport.TransportFilter.start(TransportFilter.java:58)
	at org.apache.activemq.transport.TransportFilter.start(TransportFilter.java:58)
	at org.apache.activemq.ActiveMQConnectionFactory.createActiveMQConnection(ActiveMQConnectionFactory.java:273)
	at org.apache.activemq.ActiveMQConnectionFactory.createConnection(ActiveMQConnectionFactory.java:191)
	at org.idempiere.process.ActiveMQClient.init(ActiveMQClient.java:46)
	at org.idempiere.process.Export2Queue.doIt(Export2Queue.java:107)
	at org.compiere.process.SvrProcess.process(SvrProcess.java:198)
	at org.compiere.process.SvrProcess.startProcess(SvrProcess.java:144)
	at org.adempiere.util.ProcessUtil.startJavaProcess(ProcessUtil.java:172)
	at org.compiere.apps.AbstractProcessCtl.startProcess(AbstractProcessCtl.java:466)
	at org.compiere.apps.AbstractProcessCtl.run(AbstractProcessCtl.java:234)
	at org.adempiere.webui.apps.WProcessCtl.process(WProcessCtl.java:197)
	at org.adempiere.webui.apps.AbstractProcessDialog$ProcessDialogRunnable.doRun(AbstractProcessDialog.java:1060)

20:44:41.540-----------> ThreadPoolAsynchronousRunner.log: com.mchange.v2.async.ThreadPoolAsynchronousRunner$DeadlockDetector@284c086c -- APPARENT DEADLOCK!!! Creating emergency threads for unassigned pending tasks! [45]
20:44:41.544-----------> ThreadPoolAsynchronousRunner.log: com.mchange.v2.async.ThreadPoolAsynchronousRunner$DeadlockDetector@284c086c -- APPARENT DEADLOCK!!! Complete Status: 
	Managed Threads: 3
	Active Threads: 3
	Active Tasks: 
		com.mchange.v2.resourcepool.BasicResourcePool$AsyncTestIdleResourceTask@7e3add85
			on thread: C3P0PooledConnectionPoolManager[identityToken->1b608d59o1gri1cn1t7sblb|2b968df0, dataSourceName->iDempiereDS]-HelperThread-#0
		com.mchange.v2.resourcepool.BasicResourcePool$AsyncTestIdleResourceTask@bf4f1fc
			on thread: C3P0PooledConnectionPoolManager[identityToken->1b608d59o1gri1cn1t7sblb|2b968df0, dataSourceName->iDempiereDS]-HelperThread-#2
		com.mchange.v2.resourcepool.BasicResourcePool$AsyncTestIdleResourceTask@6e0ba83
			on thread: C3P0PooledConnectionPoolManager[identityToken->1b608d59o1gri1cn1t7sblb|2b968df0, dataSourceName->iDempiereDS]-HelperThread-#1
	Pending Tasks: 
		com.mchange.v2.resourcepool.BasicResourcePool$1RefurbishCheckinResourceTask@56f7d5f9
		com.mchange.v2.resourcepool.BasicResourcePool$1RefurbishCheckinResourceTask@667463dd
		com.mchange.v2.resourcepool.BasicResourcePool$1RefurbishCheckinResourceTask@41952913
		com.mchange.v2.resourcepool.BasicResourcePool$1DestroyResourceTask@5a5068ea
		com.mchange.v2.resourcepool.BasicResourcePool$ScatteredAcquireTask@551808f8
		com.mchange.v2.resourcepool.BasicResourcePool$1DestroyResourceTask@298acc42
		com.mchange.v2.resourcepool.BasicResourcePool$ScatteredAcquireTask@5768165c
		com.mchange.v2.resourcepool.BasicResourcePool$1DestroyResourceTask@5b1c159
		com.mchange.v2.resourcepool.BasicResourcePool$ScatteredAcquireTask@590cbcfa
Pool thread stack traces:
	Thread[C3P0PooledConnectionPoolManager[identityToken->1b608d59o1gri1cn1t7sblb|2b968df0, dataSourceName->iDempiereDS]-HelperThread-#2,5,main]
		java.net.SocketInputStream.socketRead0(Native Method)
		java.net.SocketInputStream.read(Unknown Source)
		java.net.SocketInputStream.read(Unknown Source)
		org.postgresql.core.VisibleBufferedInputStream.readMore(VisibleBufferedInputStream.java:143)
		org.postgresql.core.VisibleBufferedInputStream.ensureBytes(VisibleBufferedInputStream.java:112)
		org.postgresql.core.VisibleBufferedInputStream.read(VisibleBufferedInputStream.java:71)
		org.postgresql.core.PGStream.ReceiveChar(PGStream.java:282)
		org.postgresql.core.v3.QueryExecutorImpl.processResults(QueryExecutorImpl.java:1718)
		org.postgresql.core.v3.QueryExecutorImpl.execute(QueryExecutorImpl.java:173)
		org.postgresql.jdbc2.AbstractJdbc2Statement.execute(AbstractJdbc2Statement.java:645)
		org.postgresql.jdbc2.AbstractJdbc2Statement.executeWithFlags(AbstractJdbc2Statement.java:481)
		org.postgresql.jdbc2.AbstractJdbc2Statement.executeQuery(AbstractJdbc2Statement.java:361)
		com.mchange.v2.c3p0.impl.NewProxyStatement.executeQuery(NewProxyStatement.java:327)
		com.mchange.v2.c3p0.impl.DefaultConnectionTester.activeCheckConnection(DefaultConnectionTester.java:262)
		com.mchange.v2.c3p0.impl.C3P0PooledConnectionPool$1PooledConnectionResourcePoolManager.testPooledConnection(C3P0PooledConnectionPool.java:509)
		com.mchange.v2.c3p0.impl.C3P0PooledConnectionPool$1PooledConnectionResourcePoolManager.finerLoggingTestPooledConnection(C3P0PooledConnectionPool.java:451)
		com.mchange.v2.c3p0.impl.C3P0PooledConnectionPool$1PooledConnectionResourcePoolManager.finerLoggingTestPooledConnection(C3P0PooledConnectionPool.java:443)
		com.mchange.v2.c3p0.impl.C3P0PooledConnectionPool$1PooledConnectionResourcePoolManager.refurbishIdleResource(C3P0PooledConnectionPool.java:433)
		com.mchange.v2.resourcepool.BasicResourcePool$AsyncTestIdleResourceTask.run(BasicResourcePool.java:2196)
		com.mchange.v2.async.ThreadPoolAsynchronousRunner$PoolThread.run(ThreadPoolAsynchronousRunner.java:696)
	Thread[C3P0PooledConnectionPoolManager[identityToken->1b608d59o1gri1cn1t7sblb|2b968df0, dataSourceName->iDempiereDS]-HelperThread-#0,5,main]
		java.net.SocketInputStream.socketRead0(Native Method)
		java.net.SocketInputStream.read(Unknown Source)
		java.net.SocketInputStream.read(Unknown Source)
		org.postgresql.core.VisibleBufferedInputStream.readMore(VisibleBufferedInputStream.java:143)
		org.postgresql.core.VisibleBufferedInputStream.ensureBytes(VisibleBufferedInputStream.java:112)
		org.postgresql.core.VisibleBufferedInputStream.read(VisibleBufferedInputStream.java:71)
		org.postgresql.core.PGStream.ReceiveChar(PGStream.java:282)
		org.postgresql.core.v3.QueryExecutorImpl.processResults(QueryExecutorImpl.java:1718)
		org.postgresql.core.v3.QueryExecutorImpl.execute(QueryExecutorImpl.java:173)
		org.postgresql.jdbc2.AbstractJdbc2Statement.execute(AbstractJdbc2Statement.java:645)
		org.postgresql.jdbc2.AbstractJdbc2Statement.executeWithFlags(AbstractJdbc2Statement.java:481)
		org.postgresql.jdbc2.AbstractJdbc2Statement.executeQuery(AbstractJdbc2Statement.java:361)
		com.mchange.v2.c3p0.impl.NewProxyStatement.executeQuery(NewProxyStatement.java:327)
		com.mchange.v2.c3p0.impl.DefaultConnectionTester.activeCheckConnection(DefaultConnectionTester.java:262)
		com.mchange.v2.c3p0.impl.C3P0PooledConnectionPool$1PooledConnectionResourcePoolManager.testPooledConnection(C3P0PooledConnectionPool.java:509)
		com.mchange.v2.c3p0.impl.C3P0PooledConnectionPool$1PooledConnectionResourcePoolManager.finerLoggingTestPooledConnection(C3P0PooledConnectionPool.java:451)
		com.mchange.v2.c3p0.impl.C3P0PooledConnectionPool$1PooledConnectionResourcePoolManager.finerLoggingTestPooledConnection(C3P0PooledConnectionPool.java:443)
		com.mchange.v2.c3p0.impl.C3P0PooledConnectionPool$1PooledConnectionResourcePoolManager.refurbishIdleResource(C3P0PooledConnectionPool.java:433)
		com.mchange.v2.resourcepool.BasicResourcePool$AsyncTestIdleResourceTask.run(BasicResourcePool.java:2196)
		com.mchange.v2.async.ThreadPoolAsynchronousRunner$PoolThread.run(ThreadPoolAsynchronousRunner.java:696)
	Thread[C3P0PooledConnectionPoolManager[identityToken->1b608d59o1gri1cn1t7sblb|2b968df0, dataSourceName->iDempiereDS]-HelperThread-#1,5,main]
		java.net.SocketInputStream.socketRead0(Native Method)
		java.net.SocketInputStream.read(Unknown Source)
		java.net.SocketInputStream.read(Unknown Source)
		org.postgresql.core.VisibleBufferedInputStream.readMore(VisibleBufferedInputStream.java:143)
		org.postgresql.core.VisibleBufferedInputStream.ensureBytes(VisibleBufferedInputStream.java:112)
		org.postgresql.core.VisibleBufferedInputStream.read(VisibleBufferedInputStream.java:71)
		org.postgresql.core.PGStream.ReceiveChar(PGStream.java:282)
		org.postgresql.core.v3.QueryExecutorImpl.processResults(QueryExecutorImpl.java:1718)
		org.postgresql.core.v3.QueryExecutorImpl.execute(QueryExecutorImpl.java:173)
		org.postgresql.jdbc2.AbstractJdbc2Statement.execute(AbstractJdbc2Statement.java:645)
		org.postgresql.jdbc2.AbstractJdbc2Statement.executeWithFlags(AbstractJdbc2Statement.java:481)
		org.postgresql.jdbc2.AbstractJdbc2Statement.executeQuery(AbstractJdbc2Statement.java:361)
		com.mchange.v2.c3p0.impl.NewProxyStatement.executeQuery(NewProxyStatement.java:327)
		com.mchange.v2.c3p0.impl.DefaultConnectionTester.activeCheckConnection(DefaultConnectionTester.java:262)
		com.mchange.v2.c3p0.impl.C3P0PooledConnectionPool$1PooledConnectionResourcePoolManager.testPooledConnection(C3P0PooledConnectionPool.java:509)
		com.mchange.v2.c3p0.impl.C3P0PooledConnectionPool$1PooledConnectionResourcePoolManager.finerLoggingTestPooledConnection(C3P0PooledConnectionPool.java:451)
		com.mchange.v2.c3p0.impl.C3P0PooledConnectionPool$1PooledConnectionResourcePoolManager.finerLoggingTestPooledConnection(C3P0PooledConnectionPool.java:443)
		com.mchange.v2.c3p0.impl.C3P0PooledConnectionPool$1PooledConnectionResourcePoolManager.refurbishIdleResource(C3P0PooledConnectionPool.java:433)
		com.mchange.v2.resourcepool.BasicResourcePool$AsyncTestIdleResourceTask.run(BasicResourcePool.java:2196)
		com.mchange.v2.async.ThreadPoolAsynchronousRunner$PoolThread.run(ThreadPoolAsynchronousRunner.java:696)
 [45]
