*** 2017-09-04 18:25:17.122 idempiere Log (CLogFile) ***
18:25:17.121 Adempiere.startup: iDempiere(r) Release 3.1_2015-10-31 -Smart Suite ERP, CRM and SCM- (c) 1999-2013 iDempiere(r); Implementation: iDempiere - Supported by iDempiere community [17]
18:25:17.130 Ini.loadProperties: E:\mercurialidempiere/idempiere.properties #33 [17]
18:25:18.178 AdempiereActivator.installPackage: ni.idempiere.importcurrencyrate 1.0.0 was installed: 2017-05-19 12:08:41.274 [17]
18:25:18.181 AdempiereActivator.installPackage: ni.idempiere.override.codebase 1.0.0 was installed: 2017-08-07 00:33:04.411 [17]
18:25:18.183 AdempiereActivator.installPackage: ni.idempiere.procesingdocuments 1.0.0 was installed: 2017-08-14 01:30:40.036 [17]
18:25:18.186 AdempiereActivator.installPackage: cm.itkamer.wandapos-integration2 1.0.0 was installed: 2017-07-10 23:50:08.486 [17]
18:25:18.237 DB.isBuildOK: Build DB=${env.ADEMPIERE_VERSION} 20080428-1232 [17]
18:25:18.237 DB.isBuildOK: Build Cl=3.1.0.qualifier [17]
18:25:18.258-----------> DB.isBuildOK: Error en la versión de la construcción 

El programa asume version de construcción 3.1.0.qualifier, pero la base de datos tiene una versión ${env.ADEMPIERE_VERSION} 20080428-1232.
Es posible que esto cause errores difíciles de corregir.
Por favor contacte al ADMINISTRADOR. [17]
18:25:18.373 WebEnv.initWeb: Servlet Context Init Parameters: iDempiere Root
ServerRoot=1 [17]
18:25:18.574-----------> EMail.setFrom: you @ company.org: javax.mail.internet.AddressException: Local address contains control or whitespace in string ``you @ company.org'' [17]
18:25:18.577-----------> EMail.addTo: you @ company.org: javax.mail.internet.AddressException: Local address contains control or whitespace in string ``you @ company.org'' [17]
18:25:18.577-----------> EMail.isValid: From is invalid=null [17]
18:25:18.577-----------> EMail.isValid: From is invalid=null [17]
18:25:18.578-----------> MClient.sendEMail: Could NOT Send Email: Server started: iDempiere (odbz:192.168.47.1) to you @ company.org: Invalid Data (System) [17]
18:25:18.578 WebEnv.initWeb: Servlet Init Parameter: idempiereMonitor [17]
18:25:18.578 AdempiereMonitor.init:  [17]
18:25:25.871-----------> AnnotationConfiguration.configure: ServletContainerInitializers: detected. Class hierarchy: empty [17]
18:25:26.198-----------> ClassLocator.getDependentXMLResources: Replicate resource: ckez
Overwrite bundleresource://188.fwk1319287199:2/metainfo/zk/config.xml
with bundleresource://188.fwk1319287199:19/metainfo/zk/config.xml [17]
18:25:26.203-----------> ClassLocator.getDependentXMLResources: Replicate resource: zk
Overwrite bundleresource://188.fwk1319287199:11/metainfo/zk/config.xml
with bundleresource://188.fwk1319287199:28/metainfo/zk/config.xml [17]
18:25:26.208-----------> ClassLocator.getDependentXMLResources: Replicate resource: zkbind
Overwrite bundleresource://188.fwk1319287199:12/metainfo/zk/config.xml
with bundleresource://188.fwk1319287199:29/metainfo/zk/config.xml [17]
18:25:26.240-----------> ClassLocator.getDependentXMLResources: Replicate resource: zul
Overwrite bundleresource://188.fwk1319287199:14/metainfo/zk/zk.xml
with bundleresource://188.fwk1319287199:31/metainfo/zk/zk.xml [17]
18:25:26.624-----------> LanguageDefinition.<init>: Replicated language: xhtml, overriden by [LanguageDefinition: xhtml] [17]
18:25:26.651-----------> LanguageDefinition.<init>: Replicated language: xul/html, overriden by [LanguageDefinition: xul/html] [17]
18:25:26.720-----------> ClassLocator.getDependentXMLResources: Replicate resource: calendar
Overwrite bundleresource://188.fwk1319287199:1/metainfo/zk/lang-addon.xml
with bundleresource://188.fwk1319287199:18/metainfo/zk/lang-addon.xml [17]
18:25:26.723-----------> ClassLocator.getDependentXMLResources: Replicate resource: ckez
Overwrite bundleresource://188.fwk1319287199:2/metainfo/zk/lang-addon.xml
with bundleresource://188.fwk1319287199:19/metainfo/zk/lang-addon.xml [17]
18:25:26.731-----------> ClassLocator.getDependentXMLResources: Replicate resource: gmapsz
Overwrite bundleresource://188.fwk1319287199:5/metainfo/zk/lang-addon.xml
with bundleresource://188.fwk1319287199:22/metainfo/zk/lang-addon.xml [17]
18:25:26.737-----------> ClassLocator.getDependentXMLResources: Replicate resource: timeline
Overwrite bundleresource://188.fwk1319287199:6/metainfo/zk/lang-addon.xml
with bundleresource://188.fwk1319287199:23/metainfo/zk/lang-addon.xml [17]
18:25:26.742-----------> ClassLocator.getDependentXMLResources: Replicate resource: timeplot
Overwrite bundleresource://188.fwk1319287199:7/metainfo/zk/lang-addon.xml
with bundleresource://188.fwk1319287199:24/metainfo/zk/lang-addon.xml [17]
18:25:26.756-----------> ClassLocator.getDependentXMLResources: Replicate resource: zkbind
Overwrite bundleresource://188.fwk1319287199:12/metainfo/zk/lang-addon.xml
with bundleresource://188.fwk1319287199:29/metainfo/zk/lang-addon.xml [17]
18:25:26.765-----------> ClassLocator.getDependentXMLResources: Replicate resource: zkplus
Overwrite bundleresource://188.fwk1319287199:13/metainfo/zk/lang-addon.xml
with bundleresource://188.fwk1319287199:30/metainfo/zk/lang-addon.xml [17]
18:25:27.099           WebUIServlet.init: iDempiere Web Client started successfully [17]
18:25:28.213 Language.getLanguage: Adding Language=en, Country=US, Locale=en_US [31]
18:25:28.216 Language.getLanguage: Adding Language=es, Country=ES, Locale=es_ES [31]
18:25:28.425 Language.getLanguage: Adding Language=es, Country=NI, Locale=es_NI [31]
18:25:28.772-----------> AnnotationConfiguration.configure: ServletContainerInitializers: detected. Class hierarchy: empty [17]

*** 2017-09-04 18:25:29.82 idempiere Log (CLogFile) ***
18:25:32.742-----------> Node: [192.168.163.1]:5701 [adempiere.nemusa/localhost] [3.5.3] No join method is enabled! Starting standalone. [42]
18:35:08.320-----------> Doc_InOut.createFacts: No Costs for MiniColor [131]
18:36:01.478-----------> Doc_InOut.createFacts: No Costs for MiniColor [33]
18:36:05.215-----------> Doc_InOut.createFacts: No Costs for MiniColor [33]
18:48:28.726-----------> Doc_InOut.createFacts: No Costs for MiniColor [38]
