*** 2017-07-18 17:30:58.218 idempiere Log (CLogFile) ***
17:30:58.218 Adempiere.startup: iDempiere(r) Release 3.1_2015-10-31 -Smart Suite ERP, CRM and SCM- (c) 1999-2013 iDempiere(r); Implementation: iDempiere - Supported by iDempiere community [17]
17:30:58.221 Ini.loadProperties: E:\mercurialidempiere/idempiere.properties #33 [17]
17:30:58.842 AdempiereActivator.installPackage: cm.itkamer.wandapos-integration2 1.0.0 was installed: 2017-06-25 15:34:11.153 [17]
17:30:58.844 AdempiereActivator.installPackage: ni.hmil.override.codebase 1.0.0 was installed: 2017-06-19 23:52:10.981 [17]
17:30:58.907 DB.isBuildOK: Build DB=${env.ADEMPIERE_VERSION} 20080428-1232 [17]
17:30:58.907 DB.isBuildOK: Build Cl=3.1.0.qualifier [17]
17:30:58.924-----------> DB.isBuildOK: Error en la versión de la construcción 

El programa asume version de construcción 3.1.0.qualifier, pero la base de datos tiene una versión ${env.ADEMPIERE_VERSION} 20080428-1232.
Es posible que esto cause errores difíciles de corregir.
Por favor contacte al ADMINISTRADOR. [17]
17:30:59.002 WebEnv.initWeb: Servlet Context Init Parameters: iDempiere Root
ServerRoot=1 [17]
17:30:59.173-----------> EMail.setFrom: you @ company.org: javax.mail.internet.AddressException: Local address contains control or whitespace in string ``you @ company.org'' [17]
17:30:59.176-----------> EMail.addTo: you @ company.org: javax.mail.internet.AddressException: Local address contains control or whitespace in string ``you @ company.org'' [17]
17:30:59.176-----------> EMail.isValid: From is invalid=null [17]
17:30:59.176-----------> EMail.isValid: From is invalid=null [17]
17:30:59.177-----------> MClient.sendEMail: Could NOT Send Email: Server started: iDempiere (odbz:192.168.47.1) to you @ company.org: Invalid Data (System) [17]
17:30:59.177 WebEnv.initWeb: Servlet Init Parameter: idempiereMonitor [17]
17:30:59.177 AdempiereMonitor.init:  [17]
17:31:00.905-----------> AnnotationConfiguration.configure: ServletContainerInitializers: detected. Class hierarchy: empty [17]
17:31:01.142-----------> ClassLocator.getDependentXMLResources: Replicate resource: ckez
Overwrite bundleresource://184.fwk1319287199:2/metainfo/zk/config.xml
with bundleresource://184.fwk1319287199:19/metainfo/zk/config.xml [17]
17:31:01.148-----------> ClassLocator.getDependentXMLResources: Replicate resource: zk
Overwrite bundleresource://184.fwk1319287199:11/metainfo/zk/config.xml
with bundleresource://184.fwk1319287199:28/metainfo/zk/config.xml [17]
17:31:01.153-----------> ClassLocator.getDependentXMLResources: Replicate resource: zkbind
Overwrite bundleresource://184.fwk1319287199:12/metainfo/zk/config.xml
with bundleresource://184.fwk1319287199:29/metainfo/zk/config.xml [17]
17:31:01.186-----------> ClassLocator.getDependentXMLResources: Replicate resource: zul
Overwrite bundleresource://184.fwk1319287199:14/metainfo/zk/zk.xml
with bundleresource://184.fwk1319287199:31/metainfo/zk/zk.xml [17]
17:31:01.522-----------> LanguageDefinition.<init>: Replicated language: xhtml, overriden by [LanguageDefinition: xhtml] [17]
17:31:01.545-----------> LanguageDefinition.<init>: Replicated language: xul/html, overriden by [LanguageDefinition: xul/html] [17]
17:31:01.597-----------> ClassLocator.getDependentXMLResources: Replicate resource: calendar
Overwrite bundleresource://184.fwk1319287199:1/metainfo/zk/lang-addon.xml
with bundleresource://184.fwk1319287199:18/metainfo/zk/lang-addon.xml [17]
17:31:01.600-----------> ClassLocator.getDependentXMLResources: Replicate resource: ckez
Overwrite bundleresource://184.fwk1319287199:2/metainfo/zk/lang-addon.xml
with bundleresource://184.fwk1319287199:19/metainfo/zk/lang-addon.xml [17]
17:31:01.604-----------> ClassLocator.getDependentXMLResources: Replicate resource: gmapsz
Overwrite bundleresource://184.fwk1319287199:5/metainfo/zk/lang-addon.xml
with bundleresource://184.fwk1319287199:22/metainfo/zk/lang-addon.xml [17]
17:31:01.607-----------> ClassLocator.getDependentXMLResources: Replicate resource: timeline
Overwrite bundleresource://184.fwk1319287199:6/metainfo/zk/lang-addon.xml
with bundleresource://184.fwk1319287199:23/metainfo/zk/lang-addon.xml [17]
17:31:01.610-----------> ClassLocator.getDependentXMLResources: Replicate resource: timeplot
Overwrite bundleresource://184.fwk1319287199:7/metainfo/zk/lang-addon.xml
with bundleresource://184.fwk1319287199:24/metainfo/zk/lang-addon.xml [17]
17:31:01.620-----------> ClassLocator.getDependentXMLResources: Replicate resource: zkbind
Overwrite bundleresource://184.fwk1319287199:12/metainfo/zk/lang-addon.xml
with bundleresource://184.fwk1319287199:29/metainfo/zk/lang-addon.xml [17]
17:31:01.628-----------> ClassLocator.getDependentXMLResources: Replicate resource: zkplus
Overwrite bundleresource://184.fwk1319287199:13/metainfo/zk/lang-addon.xml
with bundleresource://184.fwk1319287199:30/metainfo/zk/lang-addon.xml [17]
17:31:01.957           WebUIServlet.init: iDempiere Web Client started successfully [17]
17:31:02.927-----------> AnnotationConfiguration.configure: ServletContainerInitializers: detected. Class hierarchy: empty [17]

*** 2017-07-18 17:31:03.179 idempiere Log (CLogFile) ***
17:31:05.330-----------> Node: [192.168.163.1]:5701 [adempiere.idempiere/localhost] [3.5.3] No join method is enabled! Starting standalone. [48]
17:31:42.095-----------> Msg.getMsg: NOT found: ni.idempiere.toolbar.button.action.report.label [121]
17:31:42.096-----------> Msg.getMsg: NOT found: ni.idempiere.toolbar.button.action.report.tooltip [121]
17:31:46.434===========> DesktopImpl.service: [Desktop z_rxs:/index.zul] client error: Failed to mount: adempiere.set is not a function [35]
17:31:46.489===========> DesktopImpl.service: [Desktop z_rxs:/index.zul] client error: Failed to mount: adempiere.set is not a function [35]
17:31:46.577===========> DesktopImpl.service: [Desktop z_rxs:/index.zul] client error: Failed to mount: adempiere.set is not a function [35]
17:31:46.589===========> DesktopImpl.service: [Desktop z_rxs:/index.zul] client error: Failed to mount: adempiere.set is not a function [35]
17:31:46.600===========> DesktopImpl.service: [Desktop z_rxs:/index.zul] client error: Failed to mount: adempiere.set is not a function [35]
17:31:46.611===========> DesktopImpl.service: [Desktop z_rxs:/index.zul] client error: Failed to mount: adempiere.set is not a function [35]
17:31:46.622===========> DesktopImpl.service: [Desktop z_rxs:/index.zul] client error: Failed to mount: adempiere.set is not a function [35]
17:31:47.122===========> DesktopImpl.service: [Desktop z_rxs:/index.zul] client error: Failed to mount: adempiere.set is not a function [39]
17:31:47.144===========> DesktopImpl.service: [Desktop z_rxs:/index.zul] client error: Failed to mount: adempiere.set is not a function [39]
17:31:47.154===========> DesktopImpl.service: [Desktop z_rxs:/index.zul] client error: Failed to mount: adempiere.set is not a function [39]
17:31:47.165===========> DesktopImpl.service: [Desktop z_rxs:/index.zul] client error: Failed to mount: adempiere.set is not a function [39]
17:31:47.176===========> DesktopImpl.service: [Desktop z_rxs:/index.zul] client error: Failed to mount: adempiere.set is not a function [39]
17:31:47.189===========> DesktopImpl.service: [Desktop z_rxs:/index.zul] client error: Failed to mount: adempiere.set is not a function [39]
17:31:47.199===========> DesktopImpl.service: [Desktop z_rxs:/index.zul] client error: Failed to mount: adempiere.set is not a function [39]
17:31:47.210===========> DesktopImpl.service: [Desktop z_rxs:/index.zul] client error: Failed to mount: adempiere.set is not a function [39]
17:31:47.221===========> DesktopImpl.service: [Desktop z_rxs:/index.zul] client error: Failed to mount: adempiere.set is not a function [39]
17:31:47.231===========> DesktopImpl.service: [Desktop z_rxs:/index.zul] client error: Failed to mount: adempiere.set is not a function [39]
17:31:47.242===========> DesktopImpl.service: [Desktop z_rxs:/index.zul] client error: Failed to mount: adempiere.set is not a function [39]
17:31:47.252===========> DesktopImpl.service: [Desktop z_rxs:/index.zul] client error: Failed to mount: adempiere.set is not a function [39]
17:31:47.263===========> DesktopImpl.service: [Desktop z_rxs:/index.zul] client error: Failed to mount: adempiere.set is not a function [39]
17:31:47.273===========> DesktopImpl.service: [Desktop z_rxs:/index.zul] client error: Failed to mount: adempiere.set is not a function [39]
17:32:29.547===========> DesktopImpl.service: [Desktop z_rxs:/index.zul] client error: Failed to mount: adempiere.set is not a function [39]
17:32:29.609===========> DesktopImpl.service: [Desktop z_rxs:/index.zul] client error: Failed to mount: adempiere.set is not a function [39]
17:32:29.623===========> DesktopImpl.service: [Desktop z_rxs:/index.zul] client error: Failed to mount: adempiere.set is not a function [39]
17:32:29.641===========> DesktopImpl.service: [Desktop z_rxs:/index.zul] client error: Failed to mount: adempiere.set is not a function [39]
17:32:29.654===========> DesktopImpl.service: [Desktop z_rxs:/index.zul] client error: Failed to mount: adempiere.set is not a function [39]
17:32:29.670===========> DesktopImpl.service: [Desktop z_rxs:/index.zul] client error: Failed to mount: adempiere.set is not a function [39]
17:32:29.693===========> DesktopImpl.service: [Desktop z_rxs:/index.zul] client error: Failed to mount: adempiere.set is not a function [39]
17:32:29.708===========> DesktopImpl.service: [Desktop z_rxs:/index.zul] client error: Failed to mount: adempiere.set is not a function [39]
17:32:56.000-----------> Msg.getMsg: NOT found: ni.idempiere.toolbar.button.action.report.label [29]
17:32:56.001-----------> Msg.getMsg: NOT found: ni.idempiere.toolbar.button.action.report.tooltip [29]
17:32:58.034===========> DesktopImpl.service: [Desktop z_qs40:/index.zul] client error: Failed to mount: adempiere.set is not a function [37]
17:32:58.065===========> DesktopImpl.service: [Desktop z_qs40:/index.zul] client error: Failed to mount: adempiere.set is not a function [37]
17:32:58.376===========> DesktopImpl.service: [Desktop z_qs40:/index.zul] client error: Failed to mount: adempiere.set is not a function [34]
17:32:58.420===========> DesktopImpl.service: [Desktop z_qs40:/index.zul] client error: Failed to mount: adempiere.set is not a function [34]
17:32:58.432===========> DesktopImpl.service: [Desktop z_qs40:/index.zul] client error: Failed to mount: adempiere.set is not a function [34]
17:32:58.442===========> DesktopImpl.service: [Desktop z_qs40:/index.zul] client error: Failed to mount: adempiere.set is not a function [34]
17:32:58.453===========> DesktopImpl.service: [Desktop z_qs40:/index.zul] client error: Failed to mount: adempiere.set is not a function [34]
17:32:58.463===========> DesktopImpl.service: [Desktop z_qs40:/index.zul] client error: Failed to mount: adempiere.set is not a function [34]
17:32:58.472===========> DesktopImpl.service: [Desktop z_qs40:/index.zul] client error: Failed to mount: adempiere.set is not a function [34]
17:32:58.483===========> DesktopImpl.service: [Desktop z_qs40:/index.zul] client error: Failed to mount: adempiere.set is not a function [34]
17:32:58.493===========> DesktopImpl.service: [Desktop z_qs40:/index.zul] client error: Failed to mount: adempiere.set is not a function [34]
17:32:58.504===========> DesktopImpl.service: [Desktop z_qs40:/index.zul] client error: Failed to mount: adempiere.set is not a function [34]
17:32:58.515===========> DesktopImpl.service: [Desktop z_qs40:/index.zul] client error: Failed to mount: adempiere.set is not a function [34]
17:32:58.528===========> DesktopImpl.service: [Desktop z_qs40:/index.zul] client error: Failed to mount: adempiere.set is not a function [34]
17:32:58.539===========> DesktopImpl.service: [Desktop z_qs40:/index.zul] client error: Failed to mount: adempiere.set is not a function [34]
17:32:59.672===========> DesktopImpl.service: [Desktop z_qs40:/index.zul] client error: Failed to mount: adempiere.set is not a function [29]
17:32:59.776===========> DesktopImpl.service: [Desktop z_qs40:/index.zul] client error: Failed to mount: adempiere.set is not a function [29]
17:32:59.787===========> DesktopImpl.service: [Desktop z_qs40:/index.zul] client error: Failed to mount: adempiere.set is not a function [29]
17:32:59.794===========> DesktopImpl.service: [Desktop z_qs40:/index.zul] client error: Failed to mount: adempiere.set is not a function [29]
17:32:59.802===========> DesktopImpl.service: [Desktop z_qs40:/index.zul] client error: Failed to mount: adempiere.set is not a function [29]
17:32:59.810===========> DesktopImpl.service: [Desktop z_qs40:/index.zul] client error: Failed to mount: adempiere.set is not a function [29]
17:32:59.817===========> DesktopImpl.service: [Desktop z_qs40:/index.zul] client error: Failed to mount: adempiere.set is not a function [29]
17:32:59.824===========> DesktopImpl.service: [Desktop z_qs40:/index.zul] client error: Failed to mount: adempiere.set is not a function [29]
17:33:00.479===========> DesktopImpl.service: [Desktop z_qs40:/index.zul] client error: Failed to mount: adempiere.set is not a function [39]
17:33:00.492===========> DesktopImpl.service: [Desktop z_qs40:/index.zul] client error: Failed to mount: adempiere.set is not a function [39]
17:33:00.502===========> DesktopImpl.service: [Desktop z_qs40:/index.zul] client error: Failed to mount: adempiere.set is not a function [39]
17:33:00.513===========> DesktopImpl.service: [Desktop z_qs40:/index.zul] client error: Failed to mount: adempiere.set is not a function [39]
17:33:00.524===========> DesktopImpl.service: [Desktop z_qs40:/index.zul] client error: Failed to mount: adempiere.set is not a function [39]
17:33:00.536===========> DesktopImpl.service: [Desktop z_qs40:/index.zul] client error: Failed to mount: adempiere.set is not a function [39]
17:33:47.597-----------> Msg.getMsg: NOT found: ni.idempiere.toolbar.button.action.report.label [121]
17:33:47.598-----------> Msg.getMsg: NOT found: ni.idempiere.toolbar.button.action.report.tooltip [121]
17:33:49.187===========> DesktopImpl.service: [Desktop z_avy:/index.zul] client error: Failed to mount: adempiere.set is not a function [37]
17:33:49.211===========> DesktopImpl.service: [Desktop z_avy:/index.zul] client error: Failed to mount: adempiere.set is not a function [37]
17:33:49.499===========> DesktopImpl.service: [Desktop z_avy:/index.zul] client error: Failed to mount: adempiere.set is not a function [39]
17:33:49.531===========> DesktopImpl.service: [Desktop z_avy:/index.zul] client error: Failed to mount: adempiere.set is not a function [39]
17:33:49.541===========> DesktopImpl.service: [Desktop z_avy:/index.zul] client error: Failed to mount: adempiere.set is not a function [39]
17:33:49.550===========> DesktopImpl.service: [Desktop z_avy:/index.zul] client error: Failed to mount: adempiere.set is not a function [39]
17:33:49.560===========> DesktopImpl.service: [Desktop z_avy:/index.zul] client error: Failed to mount: adempiere.set is not a function [39]
17:33:49.569===========> DesktopImpl.service: [Desktop z_avy:/index.zul] client error: Failed to mount: adempiere.set is not a function [39]
17:33:49.578===========> DesktopImpl.service: [Desktop z_avy:/index.zul] client error: Failed to mount: adempiere.set is not a function [39]
17:33:49.587===========> DesktopImpl.service: [Desktop z_avy:/index.zul] client error: Failed to mount: adempiere.set is not a function [39]
17:33:49.595===========> DesktopImpl.service: [Desktop z_avy:/index.zul] client error: Failed to mount: adempiere.set is not a function [39]
17:33:49.605===========> DesktopImpl.service: [Desktop z_avy:/index.zul] client error: Failed to mount: adempiere.set is not a function [39]
17:33:49.614===========> DesktopImpl.service: [Desktop z_avy:/index.zul] client error: Failed to mount: adempiere.set is not a function [39]
17:33:49.622===========> DesktopImpl.service: [Desktop z_avy:/index.zul] client error: Failed to mount: adempiere.set is not a function [39]
17:33:49.634===========> DesktopImpl.service: [Desktop z_avy:/index.zul] client error: Failed to mount: adempiere.set is not a function [39]
17:33:49.643===========> DesktopImpl.service: [Desktop z_avy:/index.zul] client error: Failed to mount: adempiere.set is not a function [39]
17:33:49.652===========> DesktopImpl.service: [Desktop z_avy:/index.zul] client error: Failed to mount: adempiere.set is not a function [39]
17:33:49.661===========> DesktopImpl.service: [Desktop z_avy:/index.zul] client error: Failed to mount: adempiere.set is not a function [39]
17:34:09.884===========> DesktopImpl.service: [Desktop z_avy:/index.zul] client error: Failed to mount: adempiere.set is not a function [29]
17:34:09.913===========> DesktopImpl.service: [Desktop z_avy:/index.zul] client error: Failed to mount: adempiere.set is not a function [29]
17:34:09.925===========> DesktopImpl.service: [Desktop z_avy:/index.zul] client error: Failed to mount: adempiere.set is not a function [29]
17:34:09.937===========> DesktopImpl.service: [Desktop z_avy:/index.zul] client error: Failed to mount: adempiere.set is not a function [29]
17:34:09.947===========> DesktopImpl.service: [Desktop z_avy:/index.zul] client error: Failed to mount: adempiere.set is not a function [29]
17:34:09.957===========> DesktopImpl.service: [Desktop z_avy:/index.zul] client error: Failed to mount: adempiere.set is not a function [29]
17:34:09.967===========> DesktopImpl.service: [Desktop z_avy:/index.zul] client error: Failed to mount: adempiere.set is not a function [29]
17:34:09.975===========> DesktopImpl.service: [Desktop z_avy:/index.zul] client error: Failed to mount: adempiere.set is not a function [29]
17:34:09.983===========> DesktopImpl.service: [Desktop z_avy:/index.zul] client error: Failed to mount: adempiere.set is not a function [29]
17:34:09.991===========> DesktopImpl.service: [Desktop z_avy:/index.zul] client error: Failed to mount: adempiere.set is not a function [29]
17:34:10.002===========> DesktopImpl.service: [Desktop z_avy:/index.zul] client error: Failed to mount: adempiere.set is not a function [29]
17:34:38.075-----------> DefaultFormFactory.newFormInstance: Web UI form not implemented for the swing form org.adempiere.webui.panel.WDocActionDialog [121]
17:34:38.079===========> UiEngineImpl.handleError:  [121]
org.adempiere.webui.exception.ApplicationException: Failed to open org.adempiere.webui.panel.WDocActionDialog
	at org.adempiere.webui.panel.AbstractMenuPanel.fireMenuSelectedEvent(AbstractMenuPanel.java:305)
	at org.adempiere.webui.panel.AbstractMenuPanel.doOnClick(AbstractMenuPanel.java:250)
	at org.adempiere.webui.panel.AbstractMenuPanel.onEvent(AbstractMenuPanel.java:224)
	at org.adempiere.webui.panel.MenuTreePanel.onEvent(MenuTreePanel.java:116)
	at org.zkoss.zk.ui.AbstractComponent.onEvent(AbstractComponent.java:2773)
	at org.zkoss.zk.ui.AbstractComponent.service(AbstractComponent.java:2744)
	at org.zkoss.zk.ui.AbstractComponent.service(AbstractComponent.java:2685)
	at org.zkoss.zk.ui.impl.EventProcessor.process(EventProcessor.java:136)
	at org.zkoss.zk.ui.impl.UiEngineImpl.processEvent(UiEngineImpl.java:1765)
	at org.zkoss.zk.ui.impl.UiEngineImpl.process(UiEngineImpl.java:1550)
	at org.zkoss.zk.ui.impl.UiEngineImpl.execUpdate(UiEngineImpl.java:1260)
	at org.zkoss.zk.au.http.DHtmlUpdateServlet.process(DHtmlUpdateServlet.java:611)
	at org.zkoss.zk.au.http.DHtmlUpdateServlet.doGet(DHtmlUpdateServlet.java:485)
	at org.zkoss.zk.au.http.DHtmlUpdateServlet.doPost(DHtmlUpdateServlet.java:494)
	at javax.servlet.http.HttpServlet.service(HttpServlet.java:707)
	at javax.servlet.http.HttpServlet.service(HttpServlet.java:790)
	at org.eclipse.jetty.servlet.ServletHolder.handle(ServletHolder.java:808)
	at org.eclipse.jetty.servlet.ServletHandler.doHandle(ServletHandler.java:587)
	at org.eclipse.jetty.server.handler.ScopedHandler.handle(ScopedHandler.java:143)
	at org.eclipse.jetty.security.SecurityHandler.handle(SecurityHandler.java:577)
	at org.eclipse.jetty.server.session.SessionHandler.doHandle(SessionHandler.java:223)
caused by: org.adempiere.webui.exception.ApplicationException: Failed to open org.adempiere.webui.panel.WDocActionDialog
	at org.adempiere.webui.panel.ADForm.openForm(ADForm.java:163)
	at org.adempiere.webui.panel.ADForm.openForm(ADForm.java:136)
	at org.adempiere.webui.desktop.TabbedDesktop.openForm(TabbedDesktop.java:88)
	at org.adempiere.webui.desktop.DefaultDesktop.openForm(DefaultDesktop.java:846)
	at org.adempiere.webui.desktop.AbstractDesktop.onMenuSelected(AbstractDesktop.java:77)
	at org.adempiere.webui.desktop.DefaultDesktop.onMenuSelected(DefaultDesktop.java:886)
	at org.adempiere.webui.panel.AbstractMenuPanel.fireMenuSelectedEvent(AbstractMenuPanel.java:301)
	at org.adempiere.webui.panel.AbstractMenuPanel.doOnClick(AbstractMenuPanel.java:250)
	at org.adempiere.webui.panel.AbstractMenuPanel.onEvent(AbstractMenuPanel.java:224)
	at org.adempiere.webui.panel.MenuTreePanel.onEvent(MenuTreePanel.java:116)
	at org.zkoss.zk.ui.AbstractComponent.onEvent(AbstractComponent.java:2773)
	at org.zkoss.zk.ui.AbstractComponent.service(AbstractComponent.java:2744)
	at org.zkoss.zk.ui.AbstractComponent.service(AbstractComponent.java:2685)
	at org.zkoss.zk.ui.impl.EventProcessor.process(EventProcessor.java:136)
	at org.zkoss.zk.ui.impl.UiEngineImpl.processEvent(UiEngineImpl.java:1765)
	at org.zkoss.zk.ui.impl.UiEngineImpl.process(UiEngineImpl.java:1550)
	at org.zkoss.zk.ui.impl.UiEngineImpl.execUpdate(UiEngineImpl.java:1260)
	at org.zkoss.zk.au.http.DHtmlUpdateServlet.process(DHtmlUpdateServlet.java:611)
	at org.zkoss.zk.au.http.DHtmlUpdateServlet.doGet(DHtmlUpdateServlet.java:485)
	at org.zkoss.zk.au.http.DHtmlUpdateServlet.doPost(DHtmlUpdateServlet.java:494)
	at javax.servlet.http.HttpServlet.service(HttpServlet.java:707)

