*** 2017-02-21 02:06:20.234 idempiere Log (CLogFile) ***
02:06:20.234 Adempiere.startup: iDempiere(r) Release 3.1_2015-10-31 -Smart Suite ERP, CRM and SCM- (c) 1999-2013 iDempiere(r); Implementation: iDempiere - Supported by iDempiere community [17]
02:06:20.234 Ini.loadProperties: E:\mercurialidempiere/idempiere.properties #33 [17]
02:06:20.734 DB.isBuildOK: Build DB=${env.ADEMPIERE_VERSION} 20080428-1232 [17]
02:06:20.734 DB.isBuildOK: Build Cl=3.1.0.qualifier [17]
02:06:20.750-----------> DB.isBuildOK: Build Version Error 

The program assumes build version 3.1.0.qualifier, but database has build version ${env.ADEMPIERE_VERSION} 20080428-1232. 
This is likely to cause hard to fix errors. 
Please contact administrator. [17]
02:06:20.835 WebEnv.initWeb: Servlet Context Init Parameters: iDempiere Root
ServerRoot=1 [17]
02:06:20.997-----------> EMail.setFrom: you @ company.org: javax.mail.internet.AddressException: Local address contains control or whitespace in string ``you @ company.org'' [17]
02:06:20.998-----------> EMail.addTo: you @ company.org: javax.mail.internet.AddressException: Local address contains control or whitespace in string ``you @ company.org'' [17]
02:06:20.999-----------> EMail.isValid: From is invalid=null [17]
02:06:20.999-----------> EMail.isValid: From is invalid=null [17]
02:06:20.999-----------> MClient.sendEMail: Could NOT Send Email: Server started: iDempiere (odbz:192.168.47.1) to you @ company.org: Invalid Data (System) [17]
02:06:20.999 WebEnv.initWeb: Servlet Init Parameter: idempiereMonitor [17]
02:06:20.999 AdempiereMonitor.init:  [17]
02:06:22.513-----------> AnnotationConfiguration.configure: ServletContainerInitializers: detected. Class hierarchy: empty [17]
02:06:22.735-----------> ClassLocator.getDependentXMLResources: Replicate resource: ckez
Overwrite bundleresource://181.fwk1319287199:2/metainfo/zk/config.xml
with bundleresource://181.fwk1319287199:19/metainfo/zk/config.xml [17]
02:06:22.735-----------> ClassLocator.getDependentXMLResources: Replicate resource: zk
Overwrite bundleresource://181.fwk1319287199:11/metainfo/zk/config.xml
with bundleresource://181.fwk1319287199:28/metainfo/zk/config.xml [17]
02:06:22.735-----------> ClassLocator.getDependentXMLResources: Replicate resource: zkbind
Overwrite bundleresource://181.fwk1319287199:12/metainfo/zk/config.xml
with bundleresource://181.fwk1319287199:29/metainfo/zk/config.xml [17]
02:06:22.775-----------> ClassLocator.getDependentXMLResources: Replicate resource: zul
Overwrite bundleresource://181.fwk1319287199:14/metainfo/zk/zk.xml
with bundleresource://181.fwk1319287199:31/metainfo/zk/zk.xml [17]
02:06:23.138-----------> LanguageDefinition.<init>: Replicated language: xhtml, overriden by [LanguageDefinition: xhtml] [17]
02:06:23.166-----------> LanguageDefinition.<init>: Replicated language: xul/html, overriden by [LanguageDefinition: xul/html] [17]
02:06:23.223-----------> ClassLocator.getDependentXMLResources: Replicate resource: calendar
Overwrite bundleresource://181.fwk1319287199:1/metainfo/zk/lang-addon.xml
with bundleresource://181.fwk1319287199:18/metainfo/zk/lang-addon.xml [17]
02:06:23.223-----------> ClassLocator.getDependentXMLResources: Replicate resource: ckez
Overwrite bundleresource://181.fwk1319287199:2/metainfo/zk/lang-addon.xml
with bundleresource://181.fwk1319287199:19/metainfo/zk/lang-addon.xml [17]
02:06:23.223-----------> ClassLocator.getDependentXMLResources: Replicate resource: gmapsz
Overwrite bundleresource://181.fwk1319287199:5/metainfo/zk/lang-addon.xml
with bundleresource://181.fwk1319287199:22/metainfo/zk/lang-addon.xml [17]
02:06:23.223-----------> ClassLocator.getDependentXMLResources: Replicate resource: timeline
Overwrite bundleresource://181.fwk1319287199:6/metainfo/zk/lang-addon.xml
with bundleresource://181.fwk1319287199:23/metainfo/zk/lang-addon.xml [17]
02:06:23.223-----------> ClassLocator.getDependentXMLResources: Replicate resource: timeplot
Overwrite bundleresource://181.fwk1319287199:7/metainfo/zk/lang-addon.xml
with bundleresource://181.fwk1319287199:24/metainfo/zk/lang-addon.xml [17]
02:06:23.238-----------> ClassLocator.getDependentXMLResources: Replicate resource: zkbind
Overwrite bundleresource://181.fwk1319287199:12/metainfo/zk/lang-addon.xml
with bundleresource://181.fwk1319287199:29/metainfo/zk/lang-addon.xml [17]
02:06:23.238-----------> ClassLocator.getDependentXMLResources: Replicate resource: zkplus
Overwrite bundleresource://181.fwk1319287199:13/metainfo/zk/lang-addon.xml
with bundleresource://181.fwk1319287199:30/metainfo/zk/lang-addon.xml [17]
02:06:23.502           WebUIServlet.init: iDempiere Web Client started successfully [17]
02:06:24.436-----------> AnnotationConfiguration.configure: ServletContainerInitializers: detected. Class hierarchy: empty [17]
02:06:24.559-----------> LCO_ValidatorWH.initialize:  [71]

*** 2017-02-21 02:06:24.701 idempiere Log (CLogFile) ***
02:06:26.782-----------> Node: [192.168.163.1]:5701 [adempiere.idempiere/localhost] [3.5.3] No join method is enabled! Starting standalone. [52]
02:08:49.418-----------> Msg.getMsg: NOT found: Do you realy want to erase queue ? [40]
