*** 2017-05-12 21:56:21.507 idempiere Log (CLogFile) ***
21:56:21.507 Adempiere.startup: iDempiere(r) Release 3.1_2015-10-31 -Smart Suite ERP, CRM and SCM- (c) 1999-2013 iDempiere(r); Implementation: iDempiere - Supported by iDempiere community [17]
21:56:21.511 Ini.loadProperties: E:\mercurialidempiere/idempiere.properties #33 [17]
21:56:22.155 AdempiereActivator.installPackage: ni.idempiere.wts 1.0.0 was installed: 2017-04-28 15:20:46.241 [17]
21:56:22.172 DB.isBuildOK: Build DB=${env.ADEMPIERE_VERSION} 20080428-1232 [17]
21:56:22.172 DB.isBuildOK: Build Cl=3.1.0.qualifier [17]
21:56:22.193-----------> DB.isBuildOK: Build Version Error 

The program assumes build version 3.1.0.qualifier, but database has build version ${env.ADEMPIERE_VERSION} 20080428-1232. 
This is likely to cause hard to fix errors. 
Please contact administrator. [17]
21:56:22.281 WebEnv.initWeb: Servlet Context Init Parameters: iDempiere Root
ServerRoot=1 [17]
21:56:22.502-----------> EMail.setFrom: you @ company.org: javax.mail.internet.AddressException: Local address contains control or whitespace in string ``you @ company.org'' [17]
21:56:22.504-----------> EMail.addTo: you @ company.org: javax.mail.internet.AddressException: Local address contains control or whitespace in string ``you @ company.org'' [17]
21:56:22.505-----------> EMail.isValid: From is invalid=null [17]
21:56:22.505-----------> EMail.isValid: From is invalid=null [17]
21:56:22.505-----------> MClient.sendEMail: Could NOT Send Email: Server started: iDempiere (odbz:192.168.47.1) to you @ company.org: Invalid Data (System) [17]
21:56:22.505 WebEnv.initWeb: Servlet Init Parameter: idempiereMonitor [17]
21:56:22.505 AdempiereMonitor.init:  [17]
21:56:24.298-----------> AnnotationConfiguration.configure: ServletContainerInitializers: detected. Class hierarchy: empty [17]
21:56:24.554-----------> ClassLocator.getDependentXMLResources: Replicate resource: ckez
Overwrite bundleresource://182.fwk1319287199:2/metainfo/zk/config.xml
with bundleresource://182.fwk1319287199:19/metainfo/zk/config.xml [17]
21:56:24.561-----------> ClassLocator.getDependentXMLResources: Replicate resource: zk
Overwrite bundleresource://182.fwk1319287199:11/metainfo/zk/config.xml
with bundleresource://182.fwk1319287199:28/metainfo/zk/config.xml [17]
21:56:24.565-----------> ClassLocator.getDependentXMLResources: Replicate resource: zkbind
Overwrite bundleresource://182.fwk1319287199:12/metainfo/zk/config.xml
with bundleresource://182.fwk1319287199:29/metainfo/zk/config.xml [17]
21:56:24.588-----------> ClassLocator.getDependentXMLResources: Replicate resource: zul
Overwrite bundleresource://182.fwk1319287199:14/metainfo/zk/zk.xml
with bundleresource://182.fwk1319287199:31/metainfo/zk/zk.xml [17]
21:56:24.981-----------> LanguageDefinition.<init>: Replicated language: xhtml, overriden by [LanguageDefinition: xhtml] [17]
21:56:25.012-----------> LanguageDefinition.<init>: Replicated language: xul/html, overriden by [LanguageDefinition: xul/html] [17]
21:56:25.069-----------> ClassLocator.getDependentXMLResources: Replicate resource: calendar
Overwrite bundleresource://182.fwk1319287199:1/metainfo/zk/lang-addon.xml
with bundleresource://182.fwk1319287199:18/metainfo/zk/lang-addon.xml [17]
21:56:25.073-----------> ClassLocator.getDependentXMLResources: Replicate resource: ckez
Overwrite bundleresource://182.fwk1319287199:2/metainfo/zk/lang-addon.xml
with bundleresource://182.fwk1319287199:19/metainfo/zk/lang-addon.xml [17]
21:56:25.077-----------> ClassLocator.getDependentXMLResources: Replicate resource: gmapsz
Overwrite bundleresource://182.fwk1319287199:5/metainfo/zk/lang-addon.xml
with bundleresource://182.fwk1319287199:22/metainfo/zk/lang-addon.xml [17]
21:56:25.081-----------> ClassLocator.getDependentXMLResources: Replicate resource: timeline
Overwrite bundleresource://182.fwk1319287199:6/metainfo/zk/lang-addon.xml
with bundleresource://182.fwk1319287199:23/metainfo/zk/lang-addon.xml [17]
21:56:25.091-----------> ClassLocator.getDependentXMLResources: Replicate resource: timeplot
Overwrite bundleresource://182.fwk1319287199:7/metainfo/zk/lang-addon.xml
with bundleresource://182.fwk1319287199:24/metainfo/zk/lang-addon.xml [17]
21:56:25.108-----------> ClassLocator.getDependentXMLResources: Replicate resource: zkbind
Overwrite bundleresource://182.fwk1319287199:12/metainfo/zk/lang-addon.xml
with bundleresource://182.fwk1319287199:29/metainfo/zk/lang-addon.xml [17]
21:56:25.118-----------> ClassLocator.getDependentXMLResources: Replicate resource: zkplus
Overwrite bundleresource://182.fwk1319287199:13/metainfo/zk/lang-addon.xml
with bundleresource://182.fwk1319287199:30/metainfo/zk/lang-addon.xml [17]
21:56:25.444           WebUIServlet.init: iDempiere Web Client started successfully [17]
21:56:26.659-----------> AnnotationConfiguration.configure: ServletContainerInitializers: detected. Class hierarchy: empty [17]
21:56:26.776-----------> LCO_ValidatorWH.initialize:  [70]

*** 2017-05-12 21:56:26.957 idempiere Log (CLogFile) ***
21:56:29.638-----------> Node: [192.168.163.1]:5701 [adempiere.idempiere/localhost] [3.5.3] No join method is enabled! Starting standalone. [50]
21:57:36.781===========> MRole.addAccessSQL: TableName not correctly parsed - TableNameIn=C_Project - AccessSqlParser[C_Project=WHERE|0] - #1 C_Project=WHERE
 = SELECT C_Project_ID, Value, DateContract, C_BPartner_ID, Name FROM C_Project WHERE  [39]
21:58:40.210===========> MRole.addAccessSQL: TableName not correctly parsed - TableNameIn=C_Project - AccessSqlParser[C_Project=WHERE|0] - #1 C_Project=WHERE
 = SELECT C_Project_ID, Value, DateContract, C_BPartner_ID, Name FROM C_Project WHERE  [35]
22:00:00.298===========> MRole.addAccessSQL: TableName not correctly parsed - TableNameIn=C_Project - AccessSqlParser[C_Project=WHERE|0] - #1 C_Project=WHERE
 = SELECT C_Project_ID, Value, DateContract, C_BPartner_ID, Name FROM C_Project WHERE  [30]
22:00:01.480===========> MRole.addAccessSQL: TableName not correctly parsed - TableNameIn=C_Project - AccessSqlParser[C_Project=WHERE|0] - #1 C_Project=WHERE
 = SELECT C_Project_ID, Value, DateContract, C_BPartner_ID, Name FROM C_Project WHERE  [30]
22:01:00.135===========> MOrder.saveError: FillMandatory - M_Warehouse_ID is mandatory. [38]
22:01:00.160===========> MOrder.saveError: FillMandatory - Almacén - M_Warehouse_ID is mandatory. [38]
22:01:10.373===========> UiEngineImpl.handleError:  [38]
java.lang.IllegalStateException: Cannot save Order
	at org.adempiere.webui.form.NICreateLineFormSO.processedSOL(NICreateLineFormSO.java:378)
	at org.adempiere.webui.form.NICreateLineFormSO.processedOS(NICreateLineFormSO.java:206)
	at org.adempiere.webui.form.WNICreateLineFormSO$1.onCallback(WNICreateLineFormSO.java:317)
	at org.adempiere.webui.form.WNICreateLineFormSO$1.onCallback(WNICreateLineFormSO.java:1)
	at org.adempiere.webui.window.FDialog$1.onCallback(FDialog.java:318)
	at org.adempiere.webui.window.FDialog$1.onCallback(FDialog.java:1)
	at org.adempiere.webui.component.Messagebox.onPageDetached(Messagebox.java:349)
	at org.zkoss.zk.ui.AbstractComponent.setPage0(AbstractComponent.java:477)
	at org.zkoss.zk.ui.AbstractComponent.setPageBefore(AbstractComponent.java:396)
	at org.zkoss.zk.ui.AbstractComponent.setPage(AbstractComponent.java:361)
	at org.zkoss.zk.ui.AbstractComponent.detach(AbstractComponent.java:1681)
	at org.adempiere.webui.component.Messagebox.onEvent(Messagebox.java:340)
	at org.zkoss.zk.ui.AbstractComponent.onEvent(AbstractComponent.java:2773)
	at org.zkoss.zk.ui.AbstractComponent.service(AbstractComponent.java:2744)
	at org.zkoss.zk.ui.AbstractComponent.service(AbstractComponent.java:2685)
	at org.zkoss.zk.ui.impl.EventProcessor.process(EventProcessor.java:136)
	at org.zkoss.zk.ui.impl.UiEngineImpl.processEvent(UiEngineImpl.java:1765)
	at org.zkoss.zk.ui.impl.UiEngineImpl.process(UiEngineImpl.java:1550)
	at org.zkoss.zk.ui.impl.UiEngineImpl.execUpdate(UiEngineImpl.java:1260)
	at org.zkoss.zk.au.http.DHtmlUpdateServlet.process(DHtmlUpdateServlet.java:611)
	at org.zkoss.zk.au.http.DHtmlUpdateServlet.doGet(DHtmlUpdateServlet.java:485)

