*** 2017-07-18 17:35:39.351 idempiere Log (CLogFile) ***
17:35:39.350 Adempiere.startup: iDempiere(r) Release 3.1_2015-10-31 -Smart Suite ERP, CRM and SCM- (c) 1999-2013 iDempiere(r); Implementation: iDempiere - Supported by iDempiere community [17]
17:35:39.353 Ini.loadProperties: E:\mercurialidempiere/idempiere.properties #33 [17]
17:35:39.925 AdempiereActivator.installPackage: ni.hmil.override.codebase 1.0.0 was installed: 2017-06-19 23:52:10.981 [17]
17:35:39.928 AdempiereActivator.installPackage: cm.itkamer.wandapos-integration2 1.0.0 was installed: 2017-06-25 15:34:11.153 [17]
17:35:39.941 DB.isBuildOK: Build DB=${env.ADEMPIERE_VERSION} 20080428-1232 [17]
17:35:39.941 DB.isBuildOK: Build Cl=3.1.0.qualifier [17]
17:35:39.957-----------> DB.isBuildOK: Error en la versión de la construcción 

El programa asume version de construcción 3.1.0.qualifier, pero la base de datos tiene una versión ${env.ADEMPIERE_VERSION} 20080428-1232.
Es posible que esto cause errores difíciles de corregir.
Por favor contacte al ADMINISTRADOR. [17]
17:35:40.028 WebEnv.initWeb: Servlet Context Init Parameters: iDempiere Root
ServerRoot=1 [17]
17:35:40.208-----------> EMail.setFrom: you @ company.org: javax.mail.internet.AddressException: Local address contains control or whitespace in string ``you @ company.org'' [17]
17:35:40.210-----------> EMail.addTo: you @ company.org: javax.mail.internet.AddressException: Local address contains control or whitespace in string ``you @ company.org'' [17]
17:35:40.211-----------> EMail.isValid: From is invalid=null [17]
17:35:40.211-----------> EMail.isValid: From is invalid=null [17]
17:35:40.211-----------> MClient.sendEMail: Could NOT Send Email: Server started: iDempiere (odbz:192.168.47.1) to you @ company.org: Invalid Data (System) [17]
17:35:40.211 WebEnv.initWeb: Servlet Init Parameter: idempiereMonitor [17]
17:35:40.211 AdempiereMonitor.init:  [17]
17:35:41.915-----------> AnnotationConfiguration.configure: ServletContainerInitializers: detected. Class hierarchy: empty [17]
17:35:42.162-----------> ClassLocator.getDependentXMLResources: Replicate resource: ckez
Overwrite bundleresource://184.fwk1480207683:2/metainfo/zk/config.xml
with bundleresource://184.fwk1480207683:19/metainfo/zk/config.xml [17]
17:35:42.167-----------> ClassLocator.getDependentXMLResources: Replicate resource: zk
Overwrite bundleresource://184.fwk1480207683:11/metainfo/zk/config.xml
with bundleresource://184.fwk1480207683:28/metainfo/zk/config.xml [17]
17:35:42.171-----------> ClassLocator.getDependentXMLResources: Replicate resource: zkbind
Overwrite bundleresource://184.fwk1480207683:12/metainfo/zk/config.xml
with bundleresource://184.fwk1480207683:29/metainfo/zk/config.xml [17]
17:35:42.201-----------> ClassLocator.getDependentXMLResources: Replicate resource: zul
Overwrite bundleresource://184.fwk1480207683:14/metainfo/zk/zk.xml
with bundleresource://184.fwk1480207683:31/metainfo/zk/zk.xml [17]
17:35:42.721-----------> LanguageDefinition.<init>: Replicated language: xhtml, overriden by [LanguageDefinition: xhtml] [17]
17:35:42.743-----------> LanguageDefinition.<init>: Replicated language: xul/html, overriden by [LanguageDefinition: xul/html] [17]
17:35:42.834-----------> ClassLocator.getDependentXMLResources: Replicate resource: calendar
Overwrite bundleresource://184.fwk1480207683:1/metainfo/zk/lang-addon.xml
with bundleresource://184.fwk1480207683:18/metainfo/zk/lang-addon.xml [17]
17:35:42.840-----------> ClassLocator.getDependentXMLResources: Replicate resource: ckez
Overwrite bundleresource://184.fwk1480207683:2/metainfo/zk/lang-addon.xml
with bundleresource://184.fwk1480207683:19/metainfo/zk/lang-addon.xml [17]
17:35:42.857-----------> ClassLocator.getDependentXMLResources: Replicate resource: gmapsz
Overwrite bundleresource://184.fwk1480207683:5/metainfo/zk/lang-addon.xml
with bundleresource://184.fwk1480207683:22/metainfo/zk/lang-addon.xml [17]
17:35:42.864-----------> ClassLocator.getDependentXMLResources: Replicate resource: timeline
Overwrite bundleresource://184.fwk1480207683:6/metainfo/zk/lang-addon.xml
with bundleresource://184.fwk1480207683:23/metainfo/zk/lang-addon.xml [17]
17:35:42.872-----------> ClassLocator.getDependentXMLResources: Replicate resource: timeplot
Overwrite bundleresource://184.fwk1480207683:7/metainfo/zk/lang-addon.xml
with bundleresource://184.fwk1480207683:24/metainfo/zk/lang-addon.xml [17]
17:35:42.888-----------> ClassLocator.getDependentXMLResources: Replicate resource: zkbind
Overwrite bundleresource://184.fwk1480207683:12/metainfo/zk/lang-addon.xml
with bundleresource://184.fwk1480207683:29/metainfo/zk/lang-addon.xml [17]
17:35:42.896-----------> ClassLocator.getDependentXMLResources: Replicate resource: zkplus
Overwrite bundleresource://184.fwk1480207683:13/metainfo/zk/lang-addon.xml
with bundleresource://184.fwk1480207683:30/metainfo/zk/lang-addon.xml [17]
17:35:43.195           WebUIServlet.init: iDempiere Web Client started successfully [17]
17:35:44.377-----------> AnnotationConfiguration.configure: ServletContainerInitializers: detected. Class hierarchy: empty [17]

*** 2017-07-18 17:35:44.63 idempiere Log (CLogFile) ***
17:35:47.545-----------> Node: [192.168.163.1]:5701 [adempiere.idempiere/localhost] [3.5.3] No join method is enabled! Starting standalone. [43]
17:43:58.763-----------> DefaultFormFactory.newFormInstance: Web UI form not implemented for the swing form org.adempiere.webui.panel.WDocActionDialog [127]
17:43:58.770===========> UiEngineImpl.handleError:  [127]
org.adempiere.webui.exception.ApplicationException: Failed to open org.adempiere.webui.panel.WDocActionDialog
	at org.adempiere.webui.panel.AbstractMenuPanel.fireMenuSelectedEvent(AbstractMenuPanel.java:305)
	at org.adempiere.webui.panel.AbstractMenuPanel.doOnClick(AbstractMenuPanel.java:250)
	at org.adempiere.webui.panel.AbstractMenuPanel.onEvent(AbstractMenuPanel.java:224)
	at org.adempiere.webui.panel.MenuTreePanel.onEvent(MenuTreePanel.java:116)
	at org.zkoss.zk.ui.AbstractComponent.onEvent(AbstractComponent.java:2773)
	at org.zkoss.zk.ui.AbstractComponent.service(AbstractComponent.java:2744)
	at org.zkoss.zk.ui.AbstractComponent.service(AbstractComponent.java:2685)
	at org.zkoss.zk.ui.impl.EventProcessor.process(EventProcessor.java:136)
	at org.zkoss.zk.ui.impl.UiEngineImpl.processEvent(UiEngineImpl.java:1765)
	at org.zkoss.zk.ui.impl.UiEngineImpl.process(UiEngineImpl.java:1550)
	at org.zkoss.zk.ui.impl.UiEngineImpl.execUpdate(UiEngineImpl.java:1260)
	at org.zkoss.zk.au.http.DHtmlUpdateServlet.process(DHtmlUpdateServlet.java:611)
	at org.zkoss.zk.au.http.DHtmlUpdateServlet.doGet(DHtmlUpdateServlet.java:485)
	at org.zkoss.zk.au.http.DHtmlUpdateServlet.doPost(DHtmlUpdateServlet.java:494)
	at javax.servlet.http.HttpServlet.service(HttpServlet.java:707)
	at javax.servlet.http.HttpServlet.service(HttpServlet.java:790)
	at org.eclipse.jetty.servlet.ServletHolder.handle(ServletHolder.java:808)
	at org.eclipse.jetty.servlet.ServletHandler.doHandle(ServletHandler.java:587)
	at org.eclipse.jetty.server.handler.ScopedHandler.handle(ScopedHandler.java:143)
	at org.eclipse.jetty.security.SecurityHandler.handle(SecurityHandler.java:577)
	at org.eclipse.jetty.server.session.SessionHandler.doHandle(SessionHandler.java:223)
caused by: org.adempiere.webui.exception.ApplicationException: Failed to open org.adempiere.webui.panel.WDocActionDialog
	at org.adempiere.webui.panel.ADForm.openForm(ADForm.java:163)
	at org.adempiere.webui.panel.ADForm.openForm(ADForm.java:136)
	at org.adempiere.webui.desktop.TabbedDesktop.openForm(TabbedDesktop.java:88)
	at org.adempiere.webui.desktop.DefaultDesktop.openForm(DefaultDesktop.java:846)
	at org.adempiere.webui.desktop.AbstractDesktop.onMenuSelected(AbstractDesktop.java:77)
	at org.adempiere.webui.desktop.DefaultDesktop.onMenuSelected(DefaultDesktop.java:886)
	at org.adempiere.webui.panel.AbstractMenuPanel.fireMenuSelectedEvent(AbstractMenuPanel.java:301)
	at org.adempiere.webui.panel.AbstractMenuPanel.doOnClick(AbstractMenuPanel.java:250)
	at org.adempiere.webui.panel.AbstractMenuPanel.onEvent(AbstractMenuPanel.java:224)
	at org.adempiere.webui.panel.MenuTreePanel.onEvent(MenuTreePanel.java:116)
	at org.zkoss.zk.ui.AbstractComponent.onEvent(AbstractComponent.java:2773)
	at org.zkoss.zk.ui.AbstractComponent.service(AbstractComponent.java:2744)
	at org.zkoss.zk.ui.AbstractComponent.service(AbstractComponent.java:2685)
	at org.zkoss.zk.ui.impl.EventProcessor.process(EventProcessor.java:136)
	at org.zkoss.zk.ui.impl.UiEngineImpl.processEvent(UiEngineImpl.java:1765)
	at org.zkoss.zk.ui.impl.UiEngineImpl.process(UiEngineImpl.java:1550)
	at org.zkoss.zk.ui.impl.UiEngineImpl.execUpdate(UiEngineImpl.java:1260)
	at org.zkoss.zk.au.http.DHtmlUpdateServlet.process(DHtmlUpdateServlet.java:611)
	at org.zkoss.zk.au.http.DHtmlUpdateServlet.doGet(DHtmlUpdateServlet.java:485)
	at org.zkoss.zk.au.http.DHtmlUpdateServlet.doPost(DHtmlUpdateServlet.java:494)
	at javax.servlet.http.HttpServlet.service(HttpServlet.java:707)

