*** 2017-07-17 23:58:46.982 idempiere Log (CLogFile) ***
23:58:46.982 Adempiere.startup: iDempiere(r) Release 3.1_2015-10-31 -Smart Suite ERP, CRM and SCM- (c) 1999-2013 iDempiere(r); Implementation: iDempiere - Supported by iDempiere community [17]
23:58:46.982 Ini.loadProperties: E:\mercurialidempiere/idempiere.properties #33 [17]
23:58:47.526 AdempiereActivator.installPackage: ni.hmil.override.codebase 1.0.0 was installed: 2017-06-19 23:52:10.981 [17]
23:58:47.528 AdempiereActivator.installPackage: cm.itkamer.wandapos-integration2 1.0.0 was installed: 2017-06-25 15:34:11.153 [17]
23:58:47.540 DB.isBuildOK: Build DB=${env.ADEMPIERE_VERSION} 20080428-1232 [17]
23:58:47.540 DB.isBuildOK: Build Cl=3.1.0.qualifier [17]
23:58:47.543-----------> DB.isBuildOK: Error en la versión de la construcción 

El programa asume version de construcción 3.1.0.qualifier, pero la base de datos tiene una versión ${env.ADEMPIERE_VERSION} 20080428-1232.
Es posible que esto cause errores difíciles de corregir.
Por favor contacte al ADMINISTRADOR. [17]
23:58:47.624 WebEnv.initWeb: Servlet Context Init Parameters: iDempiere Root
ServerRoot=1 [17]
23:58:47.791-----------> EMail.setFrom: you @ company.org: javax.mail.internet.AddressException: Local address contains control or whitespace in string ``you @ company.org'' [17]
23:58:47.791-----------> EMail.addTo: you @ company.org: javax.mail.internet.AddressException: Local address contains control or whitespace in string ``you @ company.org'' [17]
23:58:47.791-----------> EMail.isValid: From is invalid=null [17]
23:58:47.791-----------> EMail.isValid: From is invalid=null [17]
23:58:47.791-----------> MClient.sendEMail: Could NOT Send Email: Server started: iDempiere (odbz:192.168.47.1) to you @ company.org: Invalid Data (System) [17]
23:58:47.791 WebEnv.initWeb: Servlet Init Parameter: idempiereMonitor [17]
23:58:47.791 AdempiereMonitor.init:  [17]
23:58:49.350-----------> AnnotationConfiguration.configure: ServletContainerInitializers: detected. Class hierarchy: empty [17]
23:58:49.573-----------> ClassLocator.getDependentXMLResources: Replicate resource: ckez
Overwrite bundleresource://184.fwk47108597:2/metainfo/zk/config.xml
with bundleresource://184.fwk47108597:19/metainfo/zk/config.xml [17]
23:58:49.573-----------> ClassLocator.getDependentXMLResources: Replicate resource: zk
Overwrite bundleresource://184.fwk47108597:11/metainfo/zk/config.xml
with bundleresource://184.fwk47108597:28/metainfo/zk/config.xml [17]
23:58:49.589-----------> ClassLocator.getDependentXMLResources: Replicate resource: zkbind
Overwrite bundleresource://184.fwk47108597:12/metainfo/zk/config.xml
with bundleresource://184.fwk47108597:29/metainfo/zk/config.xml [17]
23:58:49.604-----------> ClassLocator.getDependentXMLResources: Replicate resource: zul
Overwrite bundleresource://184.fwk47108597:14/metainfo/zk/zk.xml
with bundleresource://184.fwk47108597:31/metainfo/zk/zk.xml [17]
23:58:49.964-----------> LanguageDefinition.<init>: Replicated language: xhtml, overriden by [LanguageDefinition: xhtml] [17]
23:58:49.995-----------> LanguageDefinition.<init>: Replicated language: xul/html, overriden by [LanguageDefinition: xul/html] [17]
23:58:50.058-----------> ClassLocator.getDependentXMLResources: Replicate resource: calendar
Overwrite bundleresource://184.fwk47108597:1/metainfo/zk/lang-addon.xml
with bundleresource://184.fwk47108597:18/metainfo/zk/lang-addon.xml [17]
23:58:50.058-----------> ClassLocator.getDependentXMLResources: Replicate resource: ckez
Overwrite bundleresource://184.fwk47108597:2/metainfo/zk/lang-addon.xml
with bundleresource://184.fwk47108597:19/metainfo/zk/lang-addon.xml [17]
23:58:50.073-----------> ClassLocator.getDependentXMLResources: Replicate resource: gmapsz
Overwrite bundleresource://184.fwk47108597:5/metainfo/zk/lang-addon.xml
with bundleresource://184.fwk47108597:22/metainfo/zk/lang-addon.xml [17]
23:58:50.073-----------> ClassLocator.getDependentXMLResources: Replicate resource: timeline
Overwrite bundleresource://184.fwk47108597:6/metainfo/zk/lang-addon.xml
with bundleresource://184.fwk47108597:23/metainfo/zk/lang-addon.xml [17]
23:58:50.073-----------> ClassLocator.getDependentXMLResources: Replicate resource: timeplot
Overwrite bundleresource://184.fwk47108597:7/metainfo/zk/lang-addon.xml
with bundleresource://184.fwk47108597:24/metainfo/zk/lang-addon.xml [17]
23:58:50.089-----------> ClassLocator.getDependentXMLResources: Replicate resource: zkbind
Overwrite bundleresource://184.fwk47108597:12/metainfo/zk/lang-addon.xml
with bundleresource://184.fwk47108597:29/metainfo/zk/lang-addon.xml [17]
23:58:50.089-----------> ClassLocator.getDependentXMLResources: Replicate resource: zkplus
Overwrite bundleresource://184.fwk47108597:13/metainfo/zk/lang-addon.xml
with bundleresource://184.fwk47108597:30/metainfo/zk/lang-addon.xml [17]
23:58:50.417           WebUIServlet.init: iDempiere Web Client started successfully [17]
23:58:51.383-----------> AnnotationConfiguration.configure: ServletContainerInitializers: detected. Class hierarchy: empty [17]

*** 2017-07-17 23:58:51.589 idempiere Log (CLogFile) ***
23:58:53.821-----------> Node: [192.168.163.1]:5701 [adempiere.idempiere/localhost] [3.5.3] No join method is enabled! Starting standalone. [42]
23:59:26.655-----------> Prop.loadProperties: E:\mercurialidempiere\home.properties not found [35]
23:59:26.656-----------> Prop.loadProperties: !!WARNING:Please locate yout custom home.properties on iDEMPIERE_HOME. [35]

*** 2017-07-18 00:12:34.839 idempiere Log (CLogFile) ***
