*** 2016-06-14 15:23:38.463 idempiere Log (CLogFile) ***
15:23:38.463 Adempiere.startup: iDempiere(r) Release 3.1_2015-10-31 -Smart Suite ERP, CRM and SCM- (c) 1999-2013 iDempiere(r); Implementation: iDempiere - Supported by iDempiere community [17]
15:23:38.463 Ini.loadProperties: E:\mercurialidempiere/idempiere-dev.properties #33 [17]
15:23:38.994 DB.isBuildOK: Build DB=${env.ADEMPIERE_VERSION} 20080428-1232 [17]
15:23:38.994 DB.isBuildOK: Build Cl=3.1.0.qualifier [17]
15:23:39.026-----------> DB.isBuildOK: Build Version Error 

The program assumes build version 3.1.0.qualifier, but database has build version ${env.ADEMPIERE_VERSION} 20080428-1232. 
This is likely to cause hard to fix errors. 
Please contact administrator. [17]
15:23:39.182 Language.getLanguage: Adding Language=en, Country=US, Locale=en_US [17]
15:23:39.197 Language.getLanguage: Adding Language=en, Country=US, Locale=en_US [17]
15:23:39.291 WebEnv.initWeb: Servlet Context Init Parameters: iDempiere Root
ServerRoot=1 [17]
15:23:39.291-----------> EMail.setFrom: you @ company.org: javax.mail.internet.AddressException: Local address contains control or whitespace in string ``you @ company.org'' [17]
15:23:39.307-----------> EMail.addTo: you @ company.org: javax.mail.internet.AddressException: Local address contains control or whitespace in string ``you @ company.org'' [17]
15:23:39.307-----------> EMail.isValid: From is invalid=null [17]
15:23:39.307-----------> EMail.isValid: From is invalid=null [17]
15:23:39.307-----------> MClient.sendEMail: Could NOT Send Email: Server started: iDempiere (odbz:10.0.5.41) to you @ company.org: Invalid Data (System) [17]
15:23:39.307 WebEnv.initWeb: Servlet Init Parameter: idempiereMonitor [17]
15:23:39.307 AdempiereMonitor.init:  [17]
15:23:41.041-----------> AnnotationConfiguration.configure: ServletContainerInitializers: detected. Class hierarchy: empty [17]
15:23:41.264-----------> ClassLocator.getDependentXMLResources: Replicate resource: ckez
Overwrite bundleresource://179.fwk1217681101:2/metainfo/zk/config.xml
with bundleresource://179.fwk1217681101:19/metainfo/zk/config.xml [17]
15:23:41.264-----------> ClassLocator.getDependentXMLResources: Replicate resource: zk
Overwrite bundleresource://179.fwk1217681101:11/metainfo/zk/config.xml
with bundleresource://179.fwk1217681101:28/metainfo/zk/config.xml [17]
15:23:41.264-----------> ClassLocator.getDependentXMLResources: Replicate resource: zkbind
Overwrite bundleresource://179.fwk1217681101:12/metainfo/zk/config.xml
with bundleresource://179.fwk1217681101:29/metainfo/zk/config.xml [17]
15:23:41.295-----------> ClassLocator.getDependentXMLResources: Replicate resource: zul
Overwrite bundleresource://179.fwk1217681101:14/metainfo/zk/zk.xml
with bundleresource://179.fwk1217681101:31/metainfo/zk/zk.xml [17]
15:23:41.623-----------> LanguageDefinition.<init>: Replicated language: xhtml, overriden by [LanguageDefinition: xhtml] [17]
15:23:41.639-----------> LanguageDefinition.<init>: Replicated language: xul/html, overriden by [LanguageDefinition: xul/html] [17]
15:23:41.701-----------> ClassLocator.getDependentXMLResources: Replicate resource: calendar
Overwrite bundleresource://179.fwk1217681101:1/metainfo/zk/lang-addon.xml
with bundleresource://179.fwk1217681101:18/metainfo/zk/lang-addon.xml [17]
15:23:41.701-----------> ClassLocator.getDependentXMLResources: Replicate resource: ckez
Overwrite bundleresource://179.fwk1217681101:2/metainfo/zk/lang-addon.xml
with bundleresource://179.fwk1217681101:19/metainfo/zk/lang-addon.xml [17]
15:23:41.701-----------> ClassLocator.getDependentXMLResources: Replicate resource: gmapsz
Overwrite bundleresource://179.fwk1217681101:5/metainfo/zk/lang-addon.xml
with bundleresource://179.fwk1217681101:22/metainfo/zk/lang-addon.xml [17]
15:23:41.701-----------> ClassLocator.getDependentXMLResources: Replicate resource: timeline
Overwrite bundleresource://179.fwk1217681101:6/metainfo/zk/lang-addon.xml
with bundleresource://179.fwk1217681101:23/metainfo/zk/lang-addon.xml [17]
15:23:41.717-----------> ClassLocator.getDependentXMLResources: Replicate resource: timeplot
Overwrite bundleresource://179.fwk1217681101:7/metainfo/zk/lang-addon.xml
with bundleresource://179.fwk1217681101:24/metainfo/zk/lang-addon.xml [17]
15:23:41.717-----------> ClassLocator.getDependentXMLResources: Replicate resource: zkbind
Overwrite bundleresource://179.fwk1217681101:12/metainfo/zk/lang-addon.xml
with bundleresource://179.fwk1217681101:29/metainfo/zk/lang-addon.xml [17]
15:23:41.733-----------> ClassLocator.getDependentXMLResources: Replicate resource: zkplus
Overwrite bundleresource://179.fwk1217681101:13/metainfo/zk/lang-addon.xml
with bundleresource://179.fwk1217681101:30/metainfo/zk/lang-addon.xml [17]
15:23:41.842           WebUIServlet.init: iDempiere Web Client started successfully [17]
15:23:42.701-----------> AnnotationConfiguration.configure: ServletContainerInitializers: detected. Class hierarchy: empty [17]

*** 2016-06-14 15:23:42.953 idempiere Log (CLogFile) ***
15:23:44.532-----------> Node: [10.0.5.41]:5701 [adempiere.idempiere/localhost] [3.5.3] No join method is enabled! Starting standalone. [43]
15:24:08.177-----------> Prop.loadProperties: E:\mercurialidempiere\home.properties not found [40]
15:24:08.177-----------> Prop.loadProperties: !!WARNING:Please locate yout custom home.properties on iDEMPIERE_HOME. [40]
