*** 2016-09-08 16:41:58.481 idempiere Log (CLogFile) ***
16:41:58.481 Adempiere.startup: iDempiere(r) Release 3.1_2015-10-31 -Smart Suite ERP, CRM and SCM- (c) 1999-2013 iDempiere(r); Implementation: iDempiere - Supported by iDempiere community [17]
16:41:58.485 Ini.loadProperties: E:\mercurialidempiere/idempiere.properties #33 [17]
16:41:59.450 AdempiereActivator.installPackage: ni.idempiere.importcurrencyrate 1.0.0 was installed: 2016-07-14 16:34:48.698 [17]
16:41:59.462 DB.isBuildOK: Build DB=${env.ADEMPIERE_VERSION} 20080428-1232 [17]
16:41:59.462 DB.isBuildOK: Build Cl=3.1.0.qualifier [17]
16:41:59.486-----------> DB.isBuildOK: Build Version Error 

The program assumes build version 3.1.0.qualifier, but database has build version ${env.ADEMPIERE_VERSION} 20080428-1232. 
This is likely to cause hard to fix errors. 
Please contact administrator. [17]
16:41:59.663 WebEnv.initWeb: Servlet Context Init Parameters: iDempiere Root
ServerRoot=1 [17]
16:41:59.754-----------> EMail.setFrom: you @ company.org: javax.mail.internet.AddressException: Local address contains control or whitespace in string ``you @ company.org'' [17]
16:41:59.758-----------> EMail.addTo: you @ company.org: javax.mail.internet.AddressException: Local address contains control or whitespace in string ``you @ company.org'' [17]
16:41:59.758-----------> EMail.isValid: From is invalid=null [17]
16:41:59.758-----------> EMail.isValid: From is invalid=null [17]
16:41:59.758-----------> MClient.sendEMail: Could NOT Send Email: Server started: iDempiere (odbz:192.168.163.1) to you @ company.org: Invalid Data (System) [17]
16:41:59.758 WebEnv.initWeb: Servlet Init Parameter: idempiereMonitor [17]
16:41:59.758 AdempiereMonitor.init:  [17]
16:42:05.231-----------> AnnotationConfiguration.configure: ServletContainerInitializers: detected. Class hierarchy: empty [17]
16:42:05.602-----------> ClassLocator.getDependentXMLResources: Replicate resource: ckez
Overwrite bundleresource://185.fwk1399961333:2/metainfo/zk/config.xml
with bundleresource://185.fwk1399961333:19/metainfo/zk/config.xml [17]
16:42:05.610-----------> ClassLocator.getDependentXMLResources: Replicate resource: zk
Overwrite bundleresource://185.fwk1399961333:11/metainfo/zk/config.xml
with bundleresource://185.fwk1399961333:28/metainfo/zk/config.xml [17]
16:42:05.618-----------> ClassLocator.getDependentXMLResources: Replicate resource: zkbind
Overwrite bundleresource://185.fwk1399961333:12/metainfo/zk/config.xml
with bundleresource://185.fwk1399961333:29/metainfo/zk/config.xml [17]
16:42:05.646-----------> ClassLocator.getDependentXMLResources: Replicate resource: zul
Overwrite bundleresource://185.fwk1399961333:14/metainfo/zk/zk.xml
with bundleresource://185.fwk1399961333:31/metainfo/zk/zk.xml [17]
16:42:06.086-----------> LanguageDefinition.<init>: Replicated language: xhtml, overriden by [LanguageDefinition: xhtml] [17]
16:42:06.110-----------> LanguageDefinition.<init>: Replicated language: xul/html, overriden by [LanguageDefinition: xul/html] [17]
16:42:06.186-----------> ClassLocator.getDependentXMLResources: Replicate resource: calendar
Overwrite bundleresource://185.fwk1399961333:1/metainfo/zk/lang-addon.xml
with bundleresource://185.fwk1399961333:18/metainfo/zk/lang-addon.xml [17]
16:42:06.194-----------> ClassLocator.getDependentXMLResources: Replicate resource: ckez
Overwrite bundleresource://185.fwk1399961333:2/metainfo/zk/lang-addon.xml
with bundleresource://185.fwk1399961333:19/metainfo/zk/lang-addon.xml [17]
16:42:06.198-----------> ClassLocator.getDependentXMLResources: Replicate resource: gmapsz
Overwrite bundleresource://185.fwk1399961333:5/metainfo/zk/lang-addon.xml
with bundleresource://185.fwk1399961333:22/metainfo/zk/lang-addon.xml [17]
16:42:06.202-----------> ClassLocator.getDependentXMLResources: Replicate resource: timeline
Overwrite bundleresource://185.fwk1399961333:6/metainfo/zk/lang-addon.xml
with bundleresource://185.fwk1399961333:23/metainfo/zk/lang-addon.xml [17]
16:42:06.210-----------> ClassLocator.getDependentXMLResources: Replicate resource: timeplot
Overwrite bundleresource://185.fwk1399961333:7/metainfo/zk/lang-addon.xml
with bundleresource://185.fwk1399961333:24/metainfo/zk/lang-addon.xml [17]
16:42:06.222-----------> ClassLocator.getDependentXMLResources: Replicate resource: zkbind
Overwrite bundleresource://185.fwk1399961333:12/metainfo/zk/lang-addon.xml
with bundleresource://185.fwk1399961333:29/metainfo/zk/lang-addon.xml [17]
16:42:06.230-----------> ClassLocator.getDependentXMLResources: Replicate resource: zkplus
Overwrite bundleresource://185.fwk1399961333:13/metainfo/zk/lang-addon.xml
with bundleresource://185.fwk1399961333:30/metainfo/zk/lang-addon.xml [17]
16:42:06.450           WebUIServlet.init: iDempiere Web Client started successfully [17]
16:42:07.737-----------> AnnotationConfiguration.configure: ServletContainerInitializers: detected. Class hierarchy: empty [17]

*** 2016-09-08 16:42:08.31 idempiere Log (CLogFile) ***
16:42:10.318-----------> Node: [172.16.45.186]:5701 [adempiere.idempiere/localhost] [3.5.3] No join method is enabled! Starting standalone. [42]
16:46:39.577===========> MOrder.saveError: FillMandatory - M_PriceList_ID is mandatory. [38]
16:46:39.584===========> MOrder.saveError: FillMandatory - Lista de Precios - M_PriceList_ID is mandatory. [38]
16:46:39.620-----------> MSMJTmpWebSales.delete: Not deleted [38]
16:48:14.565===========> MOrder.saveError: FillMandatory - M_PriceList_ID is mandatory. [33]
16:48:35.565===========> MOrder.saveError: FillMandatory - Lista de Precios - M_PriceList_ID is mandatory. [33]
16:48:39.551-----------> MSMJTmpWebSales.delete: Not deleted [33]
16:48:48.444-----------> ServletHandler.doHandle: /webui/zkau [39]
java.lang.IllegalStateException: Form too large: 1244111 > 200000
	at org.eclipse.jetty.server.Request.extractFormParameters(Request.java:364)
	at org.eclipse.jetty.server.Request.extractContentParameters(Request.java:302)
	at org.eclipse.jetty.server.Request.extractParameters(Request.java:256)
	at org.eclipse.jetty.server.Request.getParameter(Request.java:825)
	at org.zkoss.zk.au.http.DHtmlUpdateServlet$3.getDesktopId(DHtmlUpdateServlet.java:748)
	at org.zkoss.zk.au.http.DHtmlUpdateServlet.process(DHtmlUpdateServlet.java:531)
	at org.zkoss.zk.au.http.DHtmlUpdateServlet.doGet(DHtmlUpdateServlet.java:485)
	at org.zkoss.zk.au.http.DHtmlUpdateServlet.doPost(DHtmlUpdateServlet.java:494)
	at javax.servlet.http.HttpServlet.service(HttpServlet.java:707)
	at javax.servlet.http.HttpServlet.service(HttpServlet.java:790)
	at org.eclipse.jetty.servlet.ServletHolder.handle(ServletHolder.java:808)
	at org.eclipse.jetty.servlet.ServletHandler.doHandle(ServletHandler.java:587)
	at org.eclipse.jetty.server.handler.ScopedHandler.handle(ScopedHandler.java:143)
	at org.eclipse.jetty.security.SecurityHandler.handle(SecurityHandler.java:577)
	at org.eclipse.jetty.server.session.SessionHandler.doHandle(SessionHandler.java:223)
	at org.eclipse.jetty.server.handler.ContextHandler.doHandle(ContextHandler.java:1127)
	at org.eclipse.jetty.servlet.ServletHandler.doScope(ServletHandler.java:515)
	at org.eclipse.jetty.server.session.SessionHandler.doScope(SessionHandler.java:185)
	at org.eclipse.jetty.server.handler.ContextHandler.doScope(ContextHandler.java:1061)
	at org.eclipse.jetty.server.handler.ScopedHandler.handle(ScopedHandler.java:141)
	at org.eclipse.jetty.server.handler.ContextHandlerCollection.handle(ContextHandlerCollection.java:215)

16:48:48.451-----------> HttpParser.parseNext: badMessage: java.lang.IllegalStateException: too much data after closed for HttpChannelOverHttp@5b8fe3c7{r=3347,c=false,a=IDLE,uri=-} [39]
16:48:49.448-----------> ServletHandler.doHandle: /webui/zkau [38]
java.lang.IllegalStateException: Form too large: 1244111 > 200000
	at org.eclipse.jetty.server.Request.extractFormParameters(Request.java:364)
	at org.eclipse.jetty.server.Request.extractContentParameters(Request.java:302)
	at org.eclipse.jetty.server.Request.extractParameters(Request.java:256)
	at org.eclipse.jetty.server.Request.getParameter(Request.java:825)
	at org.zkoss.zk.au.http.DHtmlUpdateServlet$3.getDesktopId(DHtmlUpdateServlet.java:748)
	at org.zkoss.zk.au.http.DHtmlUpdateServlet.process(DHtmlUpdateServlet.java:531)
	at org.zkoss.zk.au.http.DHtmlUpdateServlet.doGet(DHtmlUpdateServlet.java:485)
	at org.zkoss.zk.au.http.DHtmlUpdateServlet.doPost(DHtmlUpdateServlet.java:494)
	at javax.servlet.http.HttpServlet.service(HttpServlet.java:707)
	at javax.servlet.http.HttpServlet.service(HttpServlet.java:790)
	at org.eclipse.jetty.servlet.ServletHolder.handle(ServletHolder.java:808)
	at org.eclipse.jetty.servlet.ServletHandler.doHandle(ServletHandler.java:587)
	at org.eclipse.jetty.server.handler.ScopedHandler.handle(ScopedHandler.java:143)
	at org.eclipse.jetty.security.SecurityHandler.handle(SecurityHandler.java:577)
	at org.eclipse.jetty.server.session.SessionHandler.doHandle(SessionHandler.java:223)
	at org.eclipse.jetty.server.handler.ContextHandler.doHandle(ContextHandler.java:1127)
	at org.eclipse.jetty.servlet.ServletHandler.doScope(ServletHandler.java:515)
	at org.eclipse.jetty.server.session.SessionHandler.doScope(SessionHandler.java:185)
	at org.eclipse.jetty.server.handler.ContextHandler.doScope(ContextHandler.java:1061)
	at org.eclipse.jetty.server.handler.ScopedHandler.handle(ScopedHandler.java:141)
	at org.eclipse.jetty.server.handler.ContextHandlerCollection.handle(ContextHandlerCollection.java:215)

16:48:49.452-----------> HttpParser.parseNext: badMessage: java.lang.IllegalStateException: too much data after closed for HttpChannelOverHttp@3f17ca8a{r=1,c=false,a=IDLE,uri=-} [38]
