*** 2016-05-20 11:55:48.08 idempiere Log (CLogFile) ***
11:55:48.080 Adempiere.startup: iDempiere(r) Release 3.1_2015-10-31 -Smart Suite ERP, CRM and SCM- (c) 1999-2013 iDempiere(r); Implementation: iDempiere - Supported by iDempiere community [17]
11:55:48.080 Ini.loadProperties: E:\mercurialidempiere/idempiere.properties #32 [17]
11:55:48.674 DB.isBuildOK: Build DB=${env.ADEMPIERE_VERSION} 20080428-1232 [17]
11:55:48.674 DB.isBuildOK: Build Cl=3.1.0.qualifier [17]
11:55:48.705-----------> DB.isBuildOK: Build Version Error 

The program assumes build version 3.1.0.qualifier, but database has build version ${env.ADEMPIERE_VERSION} 20080428-1232. 
This is likely to cause hard to fix errors. 
Please contact administrator. [17]
11:55:48.814 Language.getLanguage: Adding Language=en, Country=US, Locale=en_US [17]
11:55:48.814 Language.getLanguage: Adding Language=en, Country=US, Locale=en_US [17]
11:55:48.908 WebEnv.initWeb: Servlet Context Init Parameters: iDempiere Root
ServerRoot=1 [17]
11:55:48.924-----------> EMail.setFrom: you @ company.org: javax.mail.internet.AddressException: Local address contains control or whitespace in string ``you @ company.org'' [17]
11:55:48.924-----------> EMail.addTo: you @ company.org: javax.mail.internet.AddressException: Local address contains control or whitespace in string ``you @ company.org'' [17]
11:55:48.924-----------> EMail.isValid: From is invalid=null [17]
11:55:48.924-----------> EMail.isValid: From is invalid=null [17]
11:55:48.924-----------> MClient.sendEMail: Could NOT Send Email: Server started: iDempiere (odbz:10.0.5.43) to you @ company.org: Invalid Data (System) [17]
11:55:48.924 WebEnv.initWeb: Servlet Init Parameter: idempiereMonitor [17]
11:55:48.924 AdempiereMonitor.init:  [17]
11:55:50.627-----------> AnnotationConfiguration.configure: ServletContainerInitializers: detected. Class hierarchy: empty [17]
11:55:50.927-----------> ClassLocator.getDependentXMLResources: Replicate resource: ckez
Overwrite bundleresource://178.fwk47108597:2/metainfo/zk/config.xml
with bundleresource://178.fwk47108597:19/metainfo/zk/config.xml [17]
11:55:50.927-----------> ClassLocator.getDependentXMLResources: Replicate resource: zk
Overwrite bundleresource://178.fwk47108597:11/metainfo/zk/config.xml
with bundleresource://178.fwk47108597:28/metainfo/zk/config.xml [17]
11:55:50.927-----------> ClassLocator.getDependentXMLResources: Replicate resource: zkbind
Overwrite bundleresource://178.fwk47108597:12/metainfo/zk/config.xml
with bundleresource://178.fwk47108597:29/metainfo/zk/config.xml [17]
11:55:50.974-----------> ClassLocator.getDependentXMLResources: Replicate resource: zul
Overwrite bundleresource://178.fwk47108597:14/metainfo/zk/zk.xml
with bundleresource://178.fwk47108597:31/metainfo/zk/zk.xml [17]
11:55:51.380-----------> LanguageDefinition.<init>: Replicated language: xhtml, overriden by [LanguageDefinition: xhtml] [17]
11:55:51.427-----------> LanguageDefinition.<init>: Replicated language: xul/html, overriden by [LanguageDefinition: xul/html] [17]
11:55:51.505-----------> ClassLocator.getDependentXMLResources: Replicate resource: calendar
Overwrite bundleresource://178.fwk47108597:1/metainfo/zk/lang-addon.xml
with bundleresource://178.fwk47108597:18/metainfo/zk/lang-addon.xml [17]
11:55:51.505-----------> ClassLocator.getDependentXMLResources: Replicate resource: ckez
Overwrite bundleresource://178.fwk47108597:2/metainfo/zk/lang-addon.xml
with bundleresource://178.fwk47108597:19/metainfo/zk/lang-addon.xml [17]
11:55:51.521-----------> ClassLocator.getDependentXMLResources: Replicate resource: gmapsz
Overwrite bundleresource://178.fwk47108597:5/metainfo/zk/lang-addon.xml
with bundleresource://178.fwk47108597:22/metainfo/zk/lang-addon.xml [17]
11:55:51.521-----------> ClassLocator.getDependentXMLResources: Replicate resource: timeline
Overwrite bundleresource://178.fwk47108597:6/metainfo/zk/lang-addon.xml
with bundleresource://178.fwk47108597:23/metainfo/zk/lang-addon.xml [17]
11:55:51.521-----------> ClassLocator.getDependentXMLResources: Replicate resource: timeplot
Overwrite bundleresource://178.fwk47108597:7/metainfo/zk/lang-addon.xml
with bundleresource://178.fwk47108597:24/metainfo/zk/lang-addon.xml [17]
11:55:51.536-----------> ClassLocator.getDependentXMLResources: Replicate resource: zkbind
Overwrite bundleresource://178.fwk47108597:12/metainfo/zk/lang-addon.xml
with bundleresource://178.fwk47108597:29/metainfo/zk/lang-addon.xml [17]
11:55:51.552-----------> ClassLocator.getDependentXMLResources: Replicate resource: zkplus
Overwrite bundleresource://178.fwk47108597:13/metainfo/zk/lang-addon.xml
with bundleresource://178.fwk47108597:30/metainfo/zk/lang-addon.xml [17]
11:55:51.683           WebUIServlet.init: iDempiere Web Client started successfully [17]
11:55:52.734-----------> AnnotationConfiguration.configure: ServletContainerInitializers: detected. Class hierarchy: empty [17]

*** 2016-05-20 11:55:53.049 idempiere Log (CLogFile) ***
11:55:55.143-----------> Node: [10.0.5.43]:5701 [adempiere.idempiere/localhost] [3.5.3] No join method is enabled! Starting standalone. [48]
11:56:28.853===========> MRole.addAccessSQL: TableName not correctly parsed - TableNameIn=C_Invoice - AccessSqlParser[C_Invoice=WHERE|0] - #1 C_Invoice=WHERE
 = SELECT C_Invoice_ID, DocumentNo, DateInvoiced, GrandTotal, Balance FROM C_Invoice WHERE  [30]
11:56:28.939-----------> LayoutRegion.setFlex: The flex attribute is deprecated, use setHflex and setVflex on child component instead. [30]
