*** 2016-07-05 08:57:56.98 idempiere Log (CLogFile) ***
08:57:56.980 Adempiere.startup: iDempiere(r) Release 3.1_2015-10-31 -Smart Suite ERP, CRM and SCM- (c) 1999-2013 iDempiere(r); Implementation: iDempiere - Supported by iDempiere community [17]
08:57:57.000 Ini.loadProperties: E:\mercurialidempiere/idempiere.properties #32 [17]
08:57:59.099 DB.isBuildOK: Build DB=${env.ADEMPIERE_VERSION} 20080428-1232 [17]
08:57:59.099 DB.isBuildOK: Build Cl=3.1.0.qualifier [17]
08:57:59.169-----------> DB.isBuildOK: Build Version Error 

The program assumes build version 3.1.0.qualifier, but database has build version ${env.ADEMPIERE_VERSION} 20080428-1232. 
This is likely to cause hard to fix errors. 
Please contact administrator. [17]
08:58:01.215 WebEnv.initWeb: Servlet Context Init Parameters: iDempiere Root
ServerRoot=1 [17]
08:58:01.371-----------> EMail.setFrom: you @ company.org: javax.mail.internet.AddressException: Local address contains control or whitespace in string ``you @ company.org'' [17]
08:58:01.371-----------> EMail.addTo: you @ company.org: javax.mail.internet.AddressException: Local address contains control or whitespace in string ``you @ company.org'' [17]
08:58:01.371-----------> EMail.isValid: From is invalid=null [17]
08:58:01.371-----------> EMail.isValid: From is invalid=null [17]
08:58:01.371-----------> MClient.sendEMail: Could NOT Send Email: Server started: iDempiere (odbz:10.0.5.58) to you @ company.org: Invalid Data (System) [17]
08:58:01.371 WebEnv.initWeb: Servlet Init Parameter: idempiereMonitor [17]
08:58:01.371 AdempiereMonitor.init:  [17]
08:58:12.018-----------> AnnotationConfiguration.configure: ServletContainerInitializers: detected. Class hierarchy: empty [17]
08:58:12.582-----------> ClassLocator.getDependentXMLResources: Replicate resource: ckez
Overwrite bundleresource://180.fwk1480207683:2/metainfo/zk/config.xml
with bundleresource://180.fwk1480207683:19/metainfo/zk/config.xml [17]
08:58:12.582-----------> ClassLocator.getDependentXMLResources: Replicate resource: zk
Overwrite bundleresource://180.fwk1480207683:11/metainfo/zk/config.xml
with bundleresource://180.fwk1480207683:28/metainfo/zk/config.xml [17]
08:58:12.598-----------> ClassLocator.getDependentXMLResources: Replicate resource: zkbind
Overwrite bundleresource://180.fwk1480207683:12/metainfo/zk/config.xml
with bundleresource://180.fwk1480207683:29/metainfo/zk/config.xml [17]
08:58:12.629-----------> ClassLocator.getDependentXMLResources: Replicate resource: zul
Overwrite bundleresource://180.fwk1480207683:14/metainfo/zk/zk.xml
with bundleresource://180.fwk1480207683:31/metainfo/zk/zk.xml [17]
08:58:13.301-----------> LanguageDefinition.<init>: Replicated language: xhtml, overriden by [LanguageDefinition: xhtml] [17]
08:58:13.327-----------> LanguageDefinition.<init>: Replicated language: xul/html, overriden by [LanguageDefinition: xul/html] [17]
08:58:13.437-----------> ClassLocator.getDependentXMLResources: Replicate resource: calendar
Overwrite bundleresource://180.fwk1480207683:1/metainfo/zk/lang-addon.xml
with bundleresource://180.fwk1480207683:18/metainfo/zk/lang-addon.xml [17]
08:58:13.437-----------> ClassLocator.getDependentXMLResources: Replicate resource: ckez
Overwrite bundleresource://180.fwk1480207683:2/metainfo/zk/lang-addon.xml
with bundleresource://180.fwk1480207683:19/metainfo/zk/lang-addon.xml [17]
08:58:13.437-----------> ClassLocator.getDependentXMLResources: Replicate resource: gmapsz
Overwrite bundleresource://180.fwk1480207683:5/metainfo/zk/lang-addon.xml
with bundleresource://180.fwk1480207683:22/metainfo/zk/lang-addon.xml [17]
08:58:13.452-----------> ClassLocator.getDependentXMLResources: Replicate resource: timeline
Overwrite bundleresource://180.fwk1480207683:6/metainfo/zk/lang-addon.xml
with bundleresource://180.fwk1480207683:23/metainfo/zk/lang-addon.xml [17]
08:58:13.452-----------> ClassLocator.getDependentXMLResources: Replicate resource: timeplot
Overwrite bundleresource://180.fwk1480207683:7/metainfo/zk/lang-addon.xml
with bundleresource://180.fwk1480207683:24/metainfo/zk/lang-addon.xml [17]
08:58:13.452-----------> ClassLocator.getDependentXMLResources: Replicate resource: zkbind
Overwrite bundleresource://180.fwk1480207683:12/metainfo/zk/lang-addon.xml
with bundleresource://180.fwk1480207683:29/metainfo/zk/lang-addon.xml [17]
08:58:13.468-----------> ClassLocator.getDependentXMLResources: Replicate resource: zkplus
Overwrite bundleresource://180.fwk1480207683:13/metainfo/zk/lang-addon.xml
with bundleresource://180.fwk1480207683:30/metainfo/zk/lang-addon.xml [17]
08:58:13.656           WebUIServlet.init: iDempiere Web Client started successfully [17]
08:58:14.843-----------> AnnotationConfiguration.configure: ServletContainerInitializers: detected. Class hierarchy: empty [17]

*** 2016-07-05 08:58:15.659 idempiere Log (CLogFile) ***
08:58:21.040-----------> Node: [10.0.5.58]:5701 [adempiere.idempiere/localhost] [3.5.3] No join method is enabled! Starting standalone. [43]
09:01:14.754-----------> Prop.loadProperties: E:\mercurialidempiere\home.properties not found [35]
09:01:14.758-----------> Prop.loadProperties: !!WARNING:Please locate yout custom home.properties on iDEMPIERE_HOME. [35]
09:01:14.775-----------> Prop.loadProperties: E:\mercurialidempiere\home.properties not found [38]
09:01:14.775-----------> Prop.loadProperties: !!WARNING:Please locate yout custom home.properties on iDEMPIERE_HOME. [38]
