*** 2016-09-07 14:30:48.125 idempiere Log (CLogFile) ***
14:30:48.125 Adempiere.startup: iDempiere(r) Release 3.1_2015-10-31 -Smart Suite ERP, CRM and SCM- (c) 1999-2013 iDempiere(r); Implementation: iDempiere - Supported by iDempiere community [17]
14:30:48.141 Ini.loadProperties: E:\mercurialidempiere/idempiere.properties #33 [17]
14:30:49.029 AdempiereActivator.installPackage: ni.idempiere.importcurrencyrate 1.0.0 was installed: 2016-07-14 16:34:48.698 [17]
14:30:49.042 DB.isBuildOK: Build DB=${env.ADEMPIERE_VERSION} 20080428-1232 [17]
14:30:49.042 DB.isBuildOK: Build Cl=3.1.0.qualifier [17]
14:30:49.073-----------> DB.isBuildOK: Build Version Error 

The program assumes build version 3.1.0.qualifier, but database has build version ${env.ADEMPIERE_VERSION} 20080428-1232. 
This is likely to cause hard to fix errors. 
Please contact administrator. [17]
14:30:49.167 WebEnv.initWeb: Servlet Context Init Parameters: iDempiere Root
ServerRoot=1 [17]
14:30:49.245-----------> EMail.setFrom: you @ company.org: javax.mail.internet.AddressException: Local address contains control or whitespace in string ``you @ company.org'' [17]
14:30:49.245-----------> EMail.addTo: you @ company.org: javax.mail.internet.AddressException: Local address contains control or whitespace in string ``you @ company.org'' [17]
14:30:49.245-----------> EMail.isValid: From is invalid=null [17]
14:30:49.245-----------> EMail.isValid: From is invalid=null [17]
14:30:49.245-----------> MClient.sendEMail: Could NOT Send Email: Server started: iDempiere (odbz:192.168.163.1) to you @ company.org: Invalid Data (System) [17]
14:30:49.245 WebEnv.initWeb: Servlet Init Parameter: idempiereMonitor [17]
14:30:49.245 AdempiereMonitor.init:  [17]
14:30:54.409-----------> AnnotationConfiguration.configure: ServletContainerInitializers: detected. Class hierarchy: empty [17]
14:30:54.697-----------> ClassLocator.getDependentXMLResources: Replicate resource: ckez
Overwrite bundleresource://185.fwk47108597:2/metainfo/zk/config.xml
with bundleresource://185.fwk47108597:19/metainfo/zk/config.xml [17]
14:30:54.713-----------> ClassLocator.getDependentXMLResources: Replicate resource: zk
Overwrite bundleresource://185.fwk47108597:11/metainfo/zk/config.xml
with bundleresource://185.fwk47108597:28/metainfo/zk/config.xml [17]
14:30:54.713-----------> ClassLocator.getDependentXMLResources: Replicate resource: zkbind
Overwrite bundleresource://185.fwk47108597:12/metainfo/zk/config.xml
with bundleresource://185.fwk47108597:29/metainfo/zk/config.xml [17]
14:30:54.744-----------> ClassLocator.getDependentXMLResources: Replicate resource: zul
Overwrite bundleresource://185.fwk47108597:14/metainfo/zk/zk.xml
with bundleresource://185.fwk47108597:31/metainfo/zk/zk.xml [17]
14:30:55.103-----------> LanguageDefinition.<init>: Replicated language: xhtml, overriden by [LanguageDefinition: xhtml] [17]
14:30:55.135-----------> LanguageDefinition.<init>: Replicated language: xul/html, overriden by [LanguageDefinition: xul/html] [17]
14:30:55.213-----------> ClassLocator.getDependentXMLResources: Replicate resource: calendar
Overwrite bundleresource://185.fwk47108597:1/metainfo/zk/lang-addon.xml
with bundleresource://185.fwk47108597:18/metainfo/zk/lang-addon.xml [17]
14:30:55.213-----------> ClassLocator.getDependentXMLResources: Replicate resource: ckez
Overwrite bundleresource://185.fwk47108597:2/metainfo/zk/lang-addon.xml
with bundleresource://185.fwk47108597:19/metainfo/zk/lang-addon.xml [17]
14:30:55.228-----------> ClassLocator.getDependentXMLResources: Replicate resource: gmapsz
Overwrite bundleresource://185.fwk47108597:5/metainfo/zk/lang-addon.xml
with bundleresource://185.fwk47108597:22/metainfo/zk/lang-addon.xml [17]
14:30:55.228-----------> ClassLocator.getDependentXMLResources: Replicate resource: timeline
Overwrite bundleresource://185.fwk47108597:6/metainfo/zk/lang-addon.xml
with bundleresource://185.fwk47108597:23/metainfo/zk/lang-addon.xml [17]
14:30:55.228-----------> ClassLocator.getDependentXMLResources: Replicate resource: timeplot
Overwrite bundleresource://185.fwk47108597:7/metainfo/zk/lang-addon.xml
with bundleresource://185.fwk47108597:24/metainfo/zk/lang-addon.xml [17]
14:30:55.244-----------> ClassLocator.getDependentXMLResources: Replicate resource: zkbind
Overwrite bundleresource://185.fwk47108597:12/metainfo/zk/lang-addon.xml
with bundleresource://185.fwk47108597:29/metainfo/zk/lang-addon.xml [17]
14:30:55.260-----------> ClassLocator.getDependentXMLResources: Replicate resource: zkplus
Overwrite bundleresource://185.fwk47108597:13/metainfo/zk/lang-addon.xml
with bundleresource://185.fwk47108597:30/metainfo/zk/lang-addon.xml [17]
14:30:55.478           WebUIServlet.init: iDempiere Web Client started successfully [17]
14:30:56.659-----------> AnnotationConfiguration.configure: ServletContainerInitializers: detected. Class hierarchy: empty [17]

*** 2016-09-07 14:30:57.188 idempiere Log (CLogFile) ***
14:30:59.098-----------> Node: [172.16.45.186]:5701 [adempiere.idempiere/localhost] [3.5.3] No join method is enabled! Starting standalone. [50]
