*** 2017-06-21 21:50:17.679 idempiere Log (CLogFile) ***
21:50:17.679 Adempiere.startup: iDempiere(r) Release 3.1_2015-10-31 -Smart Suite ERP, CRM and SCM- (c) 1999-2013 iDempiere(r); Implementation: iDempiere - Supported by iDempiere community [17]
21:50:17.682 Ini.loadProperties: E:\mercurialidempiere/idempiere.properties #33 [17]
21:50:18.236 AdempiereActivator.installPackage: ni.hmil.override.codebase 1.0.0 was installed: 2017-06-19 23:52:10.981 [17]
21:50:18.247 DB.isBuildOK: Build DB=${env.ADEMPIERE_VERSION} 20080428-1232 [17]
21:50:18.247 DB.isBuildOK: Build Cl=3.1.0.qualifier [17]
21:50:18.264-----------> DB.isBuildOK: Error en la versión de la construcción 

El programa asume version de construcción 3.1.0.qualifier, pero la base de datos tiene una versión ${env.ADEMPIERE_VERSION} 20080428-1232.
Es posible que esto cause errores difíciles de corregir.
Por favor contacte al ADMINISTRADOR. [17]
21:50:18.337 WebEnv.initWeb: Servlet Context Init Parameters: iDempiere Root
ServerRoot=1 [17]
21:50:18.524-----------> EMail.setFrom: you @ company.org: javax.mail.internet.AddressException: Local address contains control or whitespace in string ``you @ company.org'' [17]
21:50:18.525-----------> EMail.addTo: you @ company.org: javax.mail.internet.AddressException: Local address contains control or whitespace in string ``you @ company.org'' [17]
21:50:18.526-----------> EMail.isValid: From is invalid=null [17]
21:50:18.526-----------> EMail.isValid: From is invalid=null [17]
21:50:18.526-----------> MClient.sendEMail: Could NOT Send Email: Server started: iDempiere (odbz:192.168.47.1) to you @ company.org: Invalid Data (System) [17]
21:50:18.526 WebEnv.initWeb: Servlet Init Parameter: idempiereMonitor [17]
21:50:18.526 AdempiereMonitor.init:  [17]
21:50:20.093-----------> AnnotationConfiguration.configure: ServletContainerInitializers: detected. Class hierarchy: empty [17]
21:50:20.339-----------> ClassLocator.getDependentXMLResources: Replicate resource: ckez
Overwrite bundleresource://181.fwk1480207683:2/metainfo/zk/config.xml
with bundleresource://181.fwk1480207683:19/metainfo/zk/config.xml [17]
21:50:20.345-----------> ClassLocator.getDependentXMLResources: Replicate resource: zk
Overwrite bundleresource://181.fwk1480207683:11/metainfo/zk/config.xml
with bundleresource://181.fwk1480207683:28/metainfo/zk/config.xml [17]
21:50:20.351-----------> ClassLocator.getDependentXMLResources: Replicate resource: zkbind
Overwrite bundleresource://181.fwk1480207683:12/metainfo/zk/config.xml
with bundleresource://181.fwk1480207683:29/metainfo/zk/config.xml [17]
21:50:20.385-----------> ClassLocator.getDependentXMLResources: Replicate resource: zul
Overwrite bundleresource://181.fwk1480207683:14/metainfo/zk/zk.xml
with bundleresource://181.fwk1480207683:31/metainfo/zk/zk.xml [17]
21:50:20.783-----------> LanguageDefinition.<init>: Replicated language: xhtml, overriden by [LanguageDefinition: xhtml] [17]
21:50:20.810-----------> LanguageDefinition.<init>: Replicated language: xul/html, overriden by [LanguageDefinition: xul/html] [17]
21:50:20.871-----------> ClassLocator.getDependentXMLResources: Replicate resource: calendar
Overwrite bundleresource://181.fwk1480207683:1/metainfo/zk/lang-addon.xml
with bundleresource://181.fwk1480207683:18/metainfo/zk/lang-addon.xml [17]
21:50:20.874-----------> ClassLocator.getDependentXMLResources: Replicate resource: ckez
Overwrite bundleresource://181.fwk1480207683:2/metainfo/zk/lang-addon.xml
with bundleresource://181.fwk1480207683:19/metainfo/zk/lang-addon.xml [17]
21:50:20.877-----------> ClassLocator.getDependentXMLResources: Replicate resource: gmapsz
Overwrite bundleresource://181.fwk1480207683:5/metainfo/zk/lang-addon.xml
with bundleresource://181.fwk1480207683:22/metainfo/zk/lang-addon.xml [17]
21:50:20.881-----------> ClassLocator.getDependentXMLResources: Replicate resource: timeline
Overwrite bundleresource://181.fwk1480207683:6/metainfo/zk/lang-addon.xml
with bundleresource://181.fwk1480207683:23/metainfo/zk/lang-addon.xml [17]
21:50:20.885-----------> ClassLocator.getDependentXMLResources: Replicate resource: timeplot
Overwrite bundleresource://181.fwk1480207683:7/metainfo/zk/lang-addon.xml
with bundleresource://181.fwk1480207683:24/metainfo/zk/lang-addon.xml [17]
21:50:20.899-----------> ClassLocator.getDependentXMLResources: Replicate resource: zkbind
Overwrite bundleresource://181.fwk1480207683:12/metainfo/zk/lang-addon.xml
with bundleresource://181.fwk1480207683:29/metainfo/zk/lang-addon.xml [17]
21:50:20.907-----------> ClassLocator.getDependentXMLResources: Replicate resource: zkplus
Overwrite bundleresource://181.fwk1480207683:13/metainfo/zk/lang-addon.xml
with bundleresource://181.fwk1480207683:30/metainfo/zk/lang-addon.xml [17]
21:50:21.198           WebUIServlet.init: iDempiere Web Client started successfully [17]
21:50:22.254-----------> AnnotationConfiguration.configure: ServletContainerInitializers: detected. Class hierarchy: empty [17]

*** 2017-06-21 21:50:22.458 idempiere Log (CLogFile) ***
21:50:24.750-----------> Node: [192.168.163.1]:5701 [adempiere.idempiere/localhost] [3.5.3] No join method is enabled! Starting standalone. [42]
21:52:00.510===========> NIMPayment.beforeSave: Log desde NINSSMPayment... [28]
21:52:25.909===========> NIMPayment.beforeSave: Log desde NINSSMPayment... [34]
21:52:50.319-----------> Env.getContextAsDate: No value for: DateTrx [39]
21:52:50.376-----------> Env.getContextAsDate: No value for: DateTrx [39]
21:52:50.401-----------> Env.getContextAsDate: No value for: DateTrx [39]
21:53:01.376===========> NIMPayment.beforeSave: Log desde NINSSMPayment... [60]
21:53:01.868===========> NIMPayment.beforeSave: Log desde NINSSMPayment... [60]
21:54:18.782===========> NIMPayment.beforeSave: Log desde NINSSMPayment... [34]
21:56:14.466===========> NIMPayment.beforeSave: Log desde NINSSMPayment... [56]
21:56:14.774-----------> FactLine.setAmtSource: Source DR Precision 33.325891 -> 33.33 [56]
21:56:14.777-----------> FactLine.setAmtSource: Source DR Precision 33.325891 -> 33.33 [56]
21:56:14.782-----------> FactLine.setAmtSource: Source CR Precision 0.666518 -> 0.67 [56]
21:56:14.788-----------> FactLine.setAmtSource: Source CR Precision 32.659373 -> 32.66 [56]
21:56:14.844===========> NIMPayment.beforeSave: Log desde NINSSMPayment... [56]
21:56:14.906-----------> FactLine.setAmtSource: Source DR Precision 32.659373 -> 32.66 [56]
21:56:14.911-----------> FactLine.setAmtSource: Source CR Precision 32.659373 -> 32.66 [56]
22:00:47.849-----------> FactLine.setAmtSource: Source DR Precision 33.325891 -> 33.33 [28]
22:00:47.851-----------> FactLine.setAmtSource: Source DR Precision 33.325891 -> 33.33 [28]
22:00:47.865-----------> FactLine.setAmtSource: Source CR Precision 0.666518 -> 0.67 [28]
22:00:47.870-----------> FactLine.setAmtSource: Source CR Precision 32.659373 -> 32.66 [28]
22:15:59.524-----------> FactLine.setAmtSource: Source DR Precision 33.325891 -> 33.33 [37]
22:16:22.277-----------> FactLine.setAmtSource: Source DR Precision 33.325891 -> 33.33 [37]
22:17:07.819-----------> FactLine.setAmtSource: Source CR Precision 0.666518 -> 0.67 [37]
22:17:07.826-----------> FactLine.setAmtSource: Source CR Precision 32.659373 -> 32.66 [37]
22:18:07.596-----------> FactLine.setAmtSource: Source DR Precision 33.325891 -> 33.33 [40]
22:18:07.599-----------> FactLine.setAmtSource: Source DR Precision 33.325891 -> 33.33 [40]
22:18:07.603-----------> FactLine.setAmtSource: Source CR Precision 0.666518 -> 0.67 [40]
22:18:07.607-----------> FactLine.setAmtSource: Source CR Precision 32.659373 -> 32.66 [40]
22:18:57.829-----------> FactLine.setAmtSource: Source DR Precision 33.325891 -> 33.3259 [37]
22:18:57.831-----------> FactLine.setAmtSource: Source DR Precision 33.325891 -> 33.3259 [37]
22:18:57.836-----------> FactLine.setAmtSource: Source CR Precision 0.666518 -> 0.6665 [37]
22:18:57.840-----------> FactLine.setAmtSource: Source CR Precision 32.659373 -> 32.6594 [37]
22:22:01.788===========> NIMPayment.beforeSave: Log desde NINSSMPayment... [34]
22:22:29.384===========> NIMPayment.beforeSave: Log desde NINSSMPayment... [144]
22:22:29.611-----------> FactLine.setAmtSource: Source DR Precision 1050.234500 -> 1050.23 [144]
22:22:29.612-----------> FactLine.setAmtSource: Source DR Precision 1050.234500 -> 1050.23 [144]
22:22:29.616-----------> FactLine.setAmtSource: Source CR Precision 1050.234500 -> 1050.23 [144]
22:22:29.679===========> NIMPayment.beforeSave: Log desde NINSSMPayment... [144]
22:22:29.722-----------> FactLine.setAmtSource: Source DR Precision 1050.234500 -> 1050.23 [144]
22:22:29.725-----------> FactLine.setAmtSource: Source CR Precision 1050.234500 -> 1050.23 [144]
22:24:02.661===========> NIMPayment.beforeSave: Log desde NINSSMPayment... [37]
22:24:02.951===========> NIMPayment.beforeSave: Log desde NINSSMPayment... [59]
22:24:03.041===========> NIMPayment.beforeSave: Log desde NINSSMPayment... [59]
22:24:03.119-----------> FactLine.setAmtSource: Source CR Precision 1050.234500 -> 1050.23 [59]
22:24:03.122-----------> FactLine.setAmtSource: Source DR Precision 1050.234500 -> 1050.23 [59]
22:24:03.139===========> NIMPayment.beforeSave: Log desde NINSSMPayment... [59]
22:24:03.298===========> NIMPayment.beforeSave: Log desde NINSSMPayment... [59]
22:24:03.465-----------> FactLine.setAmtSource: Source CR Precision 1050.234500 -> 1050.23 [59]
22:24:03.469-----------> FactLine.setAmtSource: Source DR Precision 1050.234500 -> 1050.23 [59]
22:24:03.652===========> NIMPayment.beforeSave: Log desde NINSSMPayment... [59]
