*** 2016-05-20 11:17:44.396 idempiere Log (CLogFile) ***
11:17:44.396 Adempiere.startup: iDempiere(r) Release 3.1_2015-10-31 -Smart Suite ERP, CRM and SCM- (c) 1999-2013 iDempiere(r); Implementation: iDempiere - Supported by iDempiere community [17]
11:17:44.398 Ini.loadProperties: E:\mercurialidempiere/idempiere.properties #32 [17]
11:17:44.864 DB.isBuildOK: Build DB=${env.ADEMPIERE_VERSION} 20080428-1232 [17]
11:17:44.864 DB.isBuildOK: Build Cl=3.1.0.qualifier [17]
11:17:44.880-----------> DB.isBuildOK: Build Version Error 

The program assumes build version 3.1.0.qualifier, but database has build version ${env.ADEMPIERE_VERSION} 20080428-1232. 
This is likely to cause hard to fix errors. 
Please contact administrator. [17]
11:17:44.974 Language.getLanguage: Adding Language=en, Country=US, Locale=en_US [17]
11:17:44.974 Language.getLanguage: Adding Language=en, Country=US, Locale=en_US [17]
11:17:45.020 WebEnv.initWeb: Servlet Context Init Parameters: iDempiere Root
ServerRoot=1 [17]
11:17:45.036-----------> EMail.setFrom: you @ company.org: javax.mail.internet.AddressException: Local address contains control or whitespace in string ``you @ company.org'' [17]
11:17:45.036-----------> EMail.addTo: you @ company.org: javax.mail.internet.AddressException: Local address contains control or whitespace in string ``you @ company.org'' [17]
11:17:45.036-----------> EMail.isValid: From is invalid=null [17]
11:17:45.036-----------> EMail.isValid: From is invalid=null [17]
11:17:45.036-----------> MClient.sendEMail: Could NOT Send Email: Server started: iDempiere (odbz:10.0.5.43) to you @ company.org: Invalid Data (System) [17]
11:17:45.036 WebEnv.initWeb: Servlet Init Parameter: idempiereMonitor [17]
11:17:45.036 AdempiereMonitor.init:  [17]
11:17:46.365-----------> AnnotationConfiguration.configure: ServletContainerInitializers: detected. Class hierarchy: empty [17]
11:17:46.616-----------> ClassLocator.getDependentXMLResources: Replicate resource: ckez
Overwrite bundleresource://178.fwk1319287199:2/metainfo/zk/config.xml
with bundleresource://178.fwk1319287199:19/metainfo/zk/config.xml [17]
11:17:46.616-----------> ClassLocator.getDependentXMLResources: Replicate resource: zk
Overwrite bundleresource://178.fwk1319287199:11/metainfo/zk/config.xml
with bundleresource://178.fwk1319287199:28/metainfo/zk/config.xml [17]
11:17:46.616-----------> ClassLocator.getDependentXMLResources: Replicate resource: zkbind
Overwrite bundleresource://178.fwk1319287199:12/metainfo/zk/config.xml
with bundleresource://178.fwk1319287199:29/metainfo/zk/config.xml [17]
11:17:46.647-----------> ClassLocator.getDependentXMLResources: Replicate resource: zul
Overwrite bundleresource://178.fwk1319287199:14/metainfo/zk/zk.xml
with bundleresource://178.fwk1319287199:31/metainfo/zk/zk.xml [17]
11:17:46.991-----------> LanguageDefinition.<init>: Replicated language: xhtml, overriden by [LanguageDefinition: xhtml] [17]
11:17:47.007-----------> LanguageDefinition.<init>: Replicated language: xul/html, overriden by [LanguageDefinition: xul/html] [17]
11:17:47.082-----------> ClassLocator.getDependentXMLResources: Replicate resource: calendar
Overwrite bundleresource://178.fwk1319287199:1/metainfo/zk/lang-addon.xml
with bundleresource://178.fwk1319287199:18/metainfo/zk/lang-addon.xml [17]
11:17:47.082-----------> ClassLocator.getDependentXMLResources: Replicate resource: ckez
Overwrite bundleresource://178.fwk1319287199:2/metainfo/zk/lang-addon.xml
with bundleresource://178.fwk1319287199:19/metainfo/zk/lang-addon.xml [17]
11:17:47.082-----------> ClassLocator.getDependentXMLResources: Replicate resource: gmapsz
Overwrite bundleresource://178.fwk1319287199:5/metainfo/zk/lang-addon.xml
with bundleresource://178.fwk1319287199:22/metainfo/zk/lang-addon.xml [17]
11:17:47.098-----------> ClassLocator.getDependentXMLResources: Replicate resource: timeline
Overwrite bundleresource://178.fwk1319287199:6/metainfo/zk/lang-addon.xml
with bundleresource://178.fwk1319287199:23/metainfo/zk/lang-addon.xml [17]
11:17:47.098-----------> ClassLocator.getDependentXMLResources: Replicate resource: timeplot
Overwrite bundleresource://178.fwk1319287199:7/metainfo/zk/lang-addon.xml
with bundleresource://178.fwk1319287199:24/metainfo/zk/lang-addon.xml [17]
11:17:47.098-----------> ClassLocator.getDependentXMLResources: Replicate resource: zkbind
Overwrite bundleresource://178.fwk1319287199:12/metainfo/zk/lang-addon.xml
with bundleresource://178.fwk1319287199:29/metainfo/zk/lang-addon.xml [17]
11:17:47.114-----------> ClassLocator.getDependentXMLResources: Replicate resource: zkplus
Overwrite bundleresource://178.fwk1319287199:13/metainfo/zk/lang-addon.xml
with bundleresource://178.fwk1319287199:30/metainfo/zk/lang-addon.xml [17]
11:17:47.207           WebUIServlet.init: iDempiere Web Client started successfully [17]
11:17:48.129-----------> AnnotationConfiguration.configure: ServletContainerInitializers: detected. Class hierarchy: empty [17]

*** 2016-05-20 11:17:48.372 idempiere Log (CLogFile) ***
11:17:50.029-----------> Node: [10.0.5.43]:5702 [adempiere.idempiere/localhost] [3.5.3] No join method is enabled! Starting standalone. [41]
11:17:50.071-----------> Node: [10.0.5.43]:5702 [adempiere.idempiere/localhost] [3.5.3] Config seed port is 5701 and cluster size is 1. Some of the ports seem occupied! [41]
11:18:16.983===========> MRole.addAccessSQL: TableName not correctly parsed - TableNameIn=C_Invoice - AccessSqlParser[C_Invoice=WHERE|0] - #1 C_Invoice=WHERE
 = SELECT C_Invoice_ID, DocumentNo, DateInvoiced, GrandTotal, Balance FROM C_Invoice WHERE  [27]
11:18:17.109===========> NINSSAllocateInvoice.<init>:  [27]
org.zkoss.zk.ui.UiException: Unsupported child for Borderlayout: <Panel null>
	at org.zkoss.zul.Borderlayout.beforeChildAdded(Borderlayout.java:173)
	at org.zkoss.zk.ui.AbstractComponent.insertBefore(AbstractComponent.java:1098)
	at org.zkoss.zul.Borderlayout.insertBefore(Borderlayout.java:218)
	at org.zkoss.zk.ui.AbstractComponent.appendChild(AbstractComponent.java:1295)
	at org.adempiere.webui.Form.WNINSSAllocateInvoice.zkInit(WNINSSAllocateInvoice.java:117)
	at org.adempiere.webui.Form.WNINSSAllocateInvoice.<init>(WNINSSAllocateInvoice.java:64)
	at sun.reflect.NativeConstructorAccessorImpl.newInstance0(Native Method)
	at sun.reflect.NativeConstructorAccessorImpl.newInstance(Unknown Source)
	at sun.reflect.DelegatingConstructorAccessorImpl.newInstance(Unknown Source)
	at java.lang.reflect.Constructor.newInstance(Unknown Source)
	at java.lang.Class.newInstance(Unknown Source)
	at org.adempiere.webui.factory.INSSFormFactory.newFormInstance(INSSFormFactory.java:21)
	at org.adempiere.webui.Extensions.getForm(Extensions.java:46)
	at org.adempiere.webui.panel.ADForm.openForm(ADForm.java:154)
	at org.adempiere.webui.panel.ADForm.openForm(ADForm.java:136)
	at org.adempiere.webui.desktop.TabbedDesktop.openForm(TabbedDesktop.java:88)
	at org.adempiere.webui.desktop.DefaultDesktop.openForm(DefaultDesktop.java:846)
	at org.adempiere.webui.desktop.AbstractDesktop.onMenuSelected(AbstractDesktop.java:77)
	at org.adempiere.webui.desktop.DefaultDesktop.onMenuSelected(DefaultDesktop.java:886)
	at org.adempiere.webui.panel.AbstractMenuPanel.fireMenuSelectedEvent(AbstractMenuPanel.java:301)
	at org.adempiere.webui.panel.AbstractMenuPanel.doOnClick(AbstractMenuPanel.java:250)

