*** 2017-07-19 21:19:20.342 idempiere Log (CLogFile) ***
21:19:20.342 Adempiere.startup: iDempiere(r) Release 3.1_2015-10-31 -Smart Suite ERP, CRM and SCM- (c) 1999-2013 iDempiere(r); Implementation: iDempiere - Supported by iDempiere community [17]
21:19:20.344 Ini.loadProperties: E:\mercurialidempiere/idempiere.properties #33 [17]
21:19:20.930 AdempiereActivator.installPackage: ni.hmil.override.codebase 1.0.0 was installed: 2017-06-19 23:52:10.981 [17]
21:19:20.933 AdempiereActivator.installPackage: cm.itkamer.wandapos-integration2 1.0.0 was installed: 2017-06-25 15:34:11.153 [17]
21:19:20.946 DB.isBuildOK: Build DB=${env.ADEMPIERE_VERSION} 20080428-1232 [17]
21:19:20.946 DB.isBuildOK: Build Cl=3.1.0.qualifier [17]
21:19:20.962-----------> DB.isBuildOK: Error en la versión de la construcción 

El programa asume version de construcción 3.1.0.qualifier, pero la base de datos tiene una versión ${env.ADEMPIERE_VERSION} 20080428-1232.
Es posible que esto cause errores difíciles de corregir.
Por favor contacte al ADMINISTRADOR. [17]
21:19:21.035 WebEnv.initWeb: Servlet Context Init Parameters: iDempiere Root
ServerRoot=1 [17]
21:19:21.202-----------> EMail.setFrom: you @ company.org: javax.mail.internet.AddressException: Local address contains control or whitespace in string ``you @ company.org'' [17]
21:19:21.204-----------> EMail.addTo: you @ company.org: javax.mail.internet.AddressException: Local address contains control or whitespace in string ``you @ company.org'' [17]
21:19:21.204-----------> EMail.isValid: From is invalid=null [17]
21:19:21.204-----------> EMail.isValid: From is invalid=null [17]
21:19:21.204-----------> MClient.sendEMail: Could NOT Send Email: Server started: iDempiere (odbz:192.168.47.1) to you @ company.org: Invalid Data (System) [17]
21:19:21.204 WebEnv.initWeb: Servlet Init Parameter: idempiereMonitor [17]
21:19:21.204 AdempiereMonitor.init:  [17]
21:19:22.820-----------> AnnotationConfiguration.configure: ServletContainerInitializers: detected. Class hierarchy: empty [17]
21:19:23.061-----------> ClassLocator.getDependentXMLResources: Replicate resource: ckez
Overwrite bundleresource://186.fwk1399961333:2/metainfo/zk/config.xml
with bundleresource://186.fwk1399961333:19/metainfo/zk/config.xml [17]
21:19:23.068-----------> ClassLocator.getDependentXMLResources: Replicate resource: zk
Overwrite bundleresource://186.fwk1399961333:11/metainfo/zk/config.xml
with bundleresource://186.fwk1399961333:28/metainfo/zk/config.xml [17]
21:19:23.074-----------> ClassLocator.getDependentXMLResources: Replicate resource: zkbind
Overwrite bundleresource://186.fwk1399961333:12/metainfo/zk/config.xml
with bundleresource://186.fwk1399961333:29/metainfo/zk/config.xml [17]
21:19:23.107-----------> ClassLocator.getDependentXMLResources: Replicate resource: zul
Overwrite bundleresource://186.fwk1399961333:14/metainfo/zk/zk.xml
with bundleresource://186.fwk1399961333:31/metainfo/zk/zk.xml [17]
21:19:23.453-----------> LanguageDefinition.<init>: Replicated language: xhtml, overriden by [LanguageDefinition: xhtml] [17]
21:19:23.476-----------> LanguageDefinition.<init>: Replicated language: xul/html, overriden by [LanguageDefinition: xul/html] [17]
21:19:23.532-----------> ClassLocator.getDependentXMLResources: Replicate resource: calendar
Overwrite bundleresource://186.fwk1399961333:1/metainfo/zk/lang-addon.xml
with bundleresource://186.fwk1399961333:18/metainfo/zk/lang-addon.xml [17]
21:19:23.536-----------> ClassLocator.getDependentXMLResources: Replicate resource: ckez
Overwrite bundleresource://186.fwk1399961333:2/metainfo/zk/lang-addon.xml
with bundleresource://186.fwk1399961333:19/metainfo/zk/lang-addon.xml [17]
21:19:23.540-----------> ClassLocator.getDependentXMLResources: Replicate resource: gmapsz
Overwrite bundleresource://186.fwk1399961333:5/metainfo/zk/lang-addon.xml
with bundleresource://186.fwk1399961333:22/metainfo/zk/lang-addon.xml [17]
21:19:23.544-----------> ClassLocator.getDependentXMLResources: Replicate resource: timeline
Overwrite bundleresource://186.fwk1399961333:6/metainfo/zk/lang-addon.xml
with bundleresource://186.fwk1399961333:23/metainfo/zk/lang-addon.xml [17]
21:19:23.547-----------> ClassLocator.getDependentXMLResources: Replicate resource: timeplot
Overwrite bundleresource://186.fwk1399961333:7/metainfo/zk/lang-addon.xml
with bundleresource://186.fwk1399961333:24/metainfo/zk/lang-addon.xml [17]
21:19:23.558-----------> ClassLocator.getDependentXMLResources: Replicate resource: zkbind
Overwrite bundleresource://186.fwk1399961333:12/metainfo/zk/lang-addon.xml
with bundleresource://186.fwk1399961333:29/metainfo/zk/lang-addon.xml [17]
21:19:23.563-----------> ClassLocator.getDependentXMLResources: Replicate resource: zkplus
Overwrite bundleresource://186.fwk1399961333:13/metainfo/zk/lang-addon.xml
with bundleresource://186.fwk1399961333:30/metainfo/zk/lang-addon.xml [17]
21:19:23.815           WebUIServlet.init: iDempiere Web Client started successfully [17]
21:19:24.747-----------> AnnotationConfiguration.configure: ServletContainerInitializers: detected. Class hierarchy: empty [17]

*** 2017-07-19 21:19:24.961 idempiere Log (CLogFile) ***
21:19:27.096-----------> Node: [192.168.163.1]:5701 [adempiere.idempiere/localhost] [3.5.3] No join method is enabled! Starting standalone. [48]
