*** 2016-08-07 17:19:29.123 idempiere Log (CLogFile) ***
17:19:29.122 Adempiere.startup: iDempiere(r) Release 3.1_2015-10-31 -Smart Suite ERP, CRM and SCM- (c) 1999-2013 iDempiere(r); Implementation: iDempiere - Supported by iDempiere community [17]
17:19:29.124 Ini.loadProperties: E:\mercurialidempiere/idempiere.properties #32 [17]
17:19:29.656 AdempiereActivator.installPackage: ni.idempiere.importcurrencyrate 1.0.0 was installed: 2016-07-14 15:40:48.116 [17]
17:19:29.667 DB.isBuildOK: Build DB=${env.ADEMPIERE_VERSION} 20080428-1232 [17]
17:19:29.667 DB.isBuildOK: Build Cl=3.1.0.qualifier [17]
17:19:29.685-----------> DB.isBuildOK: Build Version Error 

The program assumes build version 3.1.0.qualifier, but database has build version ${env.ADEMPIERE_VERSION} 20080428-1232. 
This is likely to cause hard to fix errors. 
Please contact administrator. [17]
17:19:29.757 WebEnv.initWeb: Servlet Context Init Parameters: iDempiere Root
ServerRoot=1 [17]
17:19:29.826-----------> EMail.setFrom: you @ company.org: javax.mail.internet.AddressException: Local address contains control or whitespace in string ``you @ company.org'' [17]
17:19:29.828-----------> EMail.addTo: you @ company.org: javax.mail.internet.AddressException: Local address contains control or whitespace in string ``you @ company.org'' [17]
17:19:29.828-----------> EMail.isValid: From is invalid=null [17]
17:19:29.828-----------> EMail.isValid: From is invalid=null [17]
17:19:29.828-----------> MClient.sendEMail: Could NOT Send Email: Server started: iDempiere (odbz:192.168.1.8) to you @ company.org: Invalid Data (System) [17]
17:19:29.828 WebEnv.initWeb: Servlet Init Parameter: idempiereMonitor [17]
17:19:29.828 AdempiereMonitor.init:  [17]
17:19:31.415-----------> AnnotationConfiguration.configure: ServletContainerInitializers: detected. Class hierarchy: empty [17]
17:19:31.630-----------> ClassLocator.getDependentXMLResources: Replicate resource: ckez
Overwrite bundleresource://187.fwk1399961333:2/metainfo/zk/config.xml
with bundleresource://187.fwk1399961333:19/metainfo/zk/config.xml [17]
17:19:31.634-----------> ClassLocator.getDependentXMLResources: Replicate resource: zk
Overwrite bundleresource://187.fwk1399961333:11/metainfo/zk/config.xml
with bundleresource://187.fwk1399961333:28/metainfo/zk/config.xml [17]
17:19:31.638-----------> ClassLocator.getDependentXMLResources: Replicate resource: zkbind
Overwrite bundleresource://187.fwk1399961333:12/metainfo/zk/config.xml
with bundleresource://187.fwk1399961333:29/metainfo/zk/config.xml [17]
17:19:31.669-----------> ClassLocator.getDependentXMLResources: Replicate resource: zul
Overwrite bundleresource://187.fwk1399961333:14/metainfo/zk/zk.xml
with bundleresource://187.fwk1399961333:31/metainfo/zk/zk.xml [17]
17:19:31.991-----------> LanguageDefinition.<init>: Replicated language: xhtml, overriden by [LanguageDefinition: xhtml] [17]
17:19:32.016-----------> LanguageDefinition.<init>: Replicated language: xul/html, overriden by [LanguageDefinition: xul/html] [17]
17:19:32.077-----------> ClassLocator.getDependentXMLResources: Replicate resource: calendar
Overwrite bundleresource://187.fwk1399961333:1/metainfo/zk/lang-addon.xml
with bundleresource://187.fwk1399961333:18/metainfo/zk/lang-addon.xml [17]
17:19:32.080-----------> ClassLocator.getDependentXMLResources: Replicate resource: ckez
Overwrite bundleresource://187.fwk1399961333:2/metainfo/zk/lang-addon.xml
with bundleresource://187.fwk1399961333:19/metainfo/zk/lang-addon.xml [17]
17:19:32.084-----------> ClassLocator.getDependentXMLResources: Replicate resource: gmapsz
Overwrite bundleresource://187.fwk1399961333:5/metainfo/zk/lang-addon.xml
with bundleresource://187.fwk1399961333:22/metainfo/zk/lang-addon.xml [17]
17:19:32.088-----------> ClassLocator.getDependentXMLResources: Replicate resource: timeline
Overwrite bundleresource://187.fwk1399961333:6/metainfo/zk/lang-addon.xml
with bundleresource://187.fwk1399961333:23/metainfo/zk/lang-addon.xml [17]
17:19:32.091-----------> ClassLocator.getDependentXMLResources: Replicate resource: timeplot
Overwrite bundleresource://187.fwk1399961333:7/metainfo/zk/lang-addon.xml
with bundleresource://187.fwk1399961333:24/metainfo/zk/lang-addon.xml [17]
17:19:32.105-----------> ClassLocator.getDependentXMLResources: Replicate resource: zkbind
Overwrite bundleresource://187.fwk1399961333:12/metainfo/zk/lang-addon.xml
with bundleresource://187.fwk1399961333:29/metainfo/zk/lang-addon.xml [17]
17:19:32.114-----------> ClassLocator.getDependentXMLResources: Replicate resource: zkplus
Overwrite bundleresource://187.fwk1399961333:13/metainfo/zk/lang-addon.xml
with bundleresource://187.fwk1399961333:30/metainfo/zk/lang-addon.xml [17]
17:19:32.268           WebUIServlet.init: iDempiere Web Client started successfully [17]
17:19:33.170-----------> AnnotationConfiguration.configure: ServletContainerInitializers: detected. Class hierarchy: empty [17]
17:19:33.262 AdempiereActivator.start: org.idempiere.budget 2.1.0.qualifier starting... [17]
17:19:33.264 AdempiereActivator.start: org.idempiere.budget 2.1.0.qualifier ready. [17]
17:19:33.271 AdempiereActivator.installPackage: org.idempiere.budget 2.1.0 was installed: 2016-08-07 16:37:40.439 [44]
17:19:33.466 AdempiereActivator.start: org.purchasing.forecast 2.1.0.qualifier starting... [17]
17:19:33.467 AdempiereActivator.start: org.purchasing.forecast 2.1.0.qualifier ready. [17]
17:19:33.469 AdempiereActivator.installPackage: org.purchasing.forecast 2.1.0 was installed: 2016-08-07 16:57:41.83 [54]

*** 2016-08-07 17:19:33.522 idempiere Log (CLogFile) ***
17:19:35.226-----------> Node: [192.168.1.8]:5701 [adempiere.idempiere/localhost] [3.5.3] No join method is enabled! Starting standalone. [52]
