*** 2017-07-19 14:35:57.704 idempiere Log (CLogFile) ***
14:35:57.704 Adempiere.startup: iDempiere(r) Release 3.1_2015-10-31 -Smart Suite ERP, CRM and SCM- (c) 1999-2013 iDempiere(r); Implementation: iDempiere - Supported by iDempiere community [17]
14:35:57.712 Ini.loadProperties: E:\mercurialidempiere/idempiere.properties #33 [17]
14:35:58.647 AdempiereActivator.installPackage: cm.itkamer.wandapos-integration2 1.0.0 was installed: 2017-06-25 15:34:11.153 [17]
14:35:58.649 AdempiereActivator.installPackage: ni.hmil.override.codebase 1.0.0 was installed: 2017-06-19 23:52:10.981 [17]
14:35:58.690 DB.isBuildOK: Build DB=${env.ADEMPIERE_VERSION} 20080428-1232 [17]
14:35:58.690 DB.isBuildOK: Build Cl=3.1.0.qualifier [17]
14:35:58.726-----------> DB.isBuildOK: Error en la versión de la construcción 

El programa asume version de construcción 3.1.0.qualifier, pero la base de datos tiene una versión ${env.ADEMPIERE_VERSION} 20080428-1232.
Es posible que esto cause errores difíciles de corregir.
Por favor contacte al ADMINISTRADOR. [17]
14:35:59.469 WebEnv.initWeb: Servlet Context Init Parameters: iDempiere Root
ServerRoot=1 [17]
14:35:59.641-----------> EMail.setFrom: you @ company.org: javax.mail.internet.AddressException: Local address contains control or whitespace in string ``you @ company.org'' [17]
14:35:59.644-----------> EMail.addTo: you @ company.org: javax.mail.internet.AddressException: Local address contains control or whitespace in string ``you @ company.org'' [17]
14:35:59.644-----------> EMail.isValid: From is invalid=null [17]
14:35:59.644-----------> EMail.isValid: From is invalid=null [17]
14:35:59.645-----------> MClient.sendEMail: Could NOT Send Email: Server started: iDempiere (odbz:192.168.47.1) to you @ company.org: Invalid Data (System) [17]
14:35:59.645 WebEnv.initWeb: Servlet Init Parameter: idempiereMonitor [17]
14:35:59.645 AdempiereMonitor.init:  [17]
14:36:05.593-----------> AnnotationConfiguration.configure: ServletContainerInitializers: detected. Class hierarchy: empty [17]
14:36:05.890-----------> ClassLocator.getDependentXMLResources: Replicate resource: ckez
Overwrite bundleresource://185.fwk1480207683:2/metainfo/zk/config.xml
with bundleresource://185.fwk1480207683:19/metainfo/zk/config.xml [17]
14:36:05.896-----------> ClassLocator.getDependentXMLResources: Replicate resource: zk
Overwrite bundleresource://185.fwk1480207683:11/metainfo/zk/config.xml
with bundleresource://185.fwk1480207683:28/metainfo/zk/config.xml [17]
14:36:05.902-----------> ClassLocator.getDependentXMLResources: Replicate resource: zkbind
Overwrite bundleresource://185.fwk1480207683:12/metainfo/zk/config.xml
with bundleresource://185.fwk1480207683:29/metainfo/zk/config.xml [17]
14:36:05.935-----------> ClassLocator.getDependentXMLResources: Replicate resource: zul
Overwrite bundleresource://185.fwk1480207683:14/metainfo/zk/zk.xml
with bundleresource://185.fwk1480207683:31/metainfo/zk/zk.xml [17]
14:36:06.327-----------> LanguageDefinition.<init>: Replicated language: xhtml, overriden by [LanguageDefinition: xhtml] [17]
14:36:06.357-----------> LanguageDefinition.<init>: Replicated language: xul/html, overriden by [LanguageDefinition: xul/html] [17]
14:36:06.435-----------> ClassLocator.getDependentXMLResources: Replicate resource: calendar
Overwrite bundleresource://185.fwk1480207683:1/metainfo/zk/lang-addon.xml
with bundleresource://185.fwk1480207683:18/metainfo/zk/lang-addon.xml [17]
14:36:06.440-----------> ClassLocator.getDependentXMLResources: Replicate resource: ckez
Overwrite bundleresource://185.fwk1480207683:2/metainfo/zk/lang-addon.xml
with bundleresource://185.fwk1480207683:19/metainfo/zk/lang-addon.xml [17]
14:36:06.448-----------> ClassLocator.getDependentXMLResources: Replicate resource: gmapsz
Overwrite bundleresource://185.fwk1480207683:5/metainfo/zk/lang-addon.xml
with bundleresource://185.fwk1480207683:22/metainfo/zk/lang-addon.xml [17]
14:36:06.454-----------> ClassLocator.getDependentXMLResources: Replicate resource: timeline
Overwrite bundleresource://185.fwk1480207683:6/metainfo/zk/lang-addon.xml
with bundleresource://185.fwk1480207683:23/metainfo/zk/lang-addon.xml [17]
14:36:06.458-----------> ClassLocator.getDependentXMLResources: Replicate resource: timeplot
Overwrite bundleresource://185.fwk1480207683:7/metainfo/zk/lang-addon.xml
with bundleresource://185.fwk1480207683:24/metainfo/zk/lang-addon.xml [17]
14:36:06.470-----------> ClassLocator.getDependentXMLResources: Replicate resource: zkbind
Overwrite bundleresource://185.fwk1480207683:12/metainfo/zk/lang-addon.xml
with bundleresource://185.fwk1480207683:29/metainfo/zk/lang-addon.xml [17]
14:36:06.478-----------> ClassLocator.getDependentXMLResources: Replicate resource: zkplus
Overwrite bundleresource://185.fwk1480207683:13/metainfo/zk/lang-addon.xml
with bundleresource://185.fwk1480207683:30/metainfo/zk/lang-addon.xml [17]
14:36:06.783           WebUIServlet.init: iDempiere Web Client started successfully [17]
14:36:07.928-----------> AnnotationConfiguration.configure: ServletContainerInitializers: detected. Class hierarchy: empty [17]

*** 2017-07-19 14:36:08.315 idempiere Log (CLogFile) ***
14:36:11.224-----------> Node: [192.168.163.1]:5701 [adempiere.idempiere/localhost] [3.5.3] No join method is enabled! Starting standalone. [42]
14:37:49.610-----------> Prop.loadProperties: E:\mercurialidempiere\home.properties not found [28]
14:37:49.611-----------> Prop.loadProperties: !!WARNING:Please locate yout custom home.properties on iDEMPIERE_HOME. [28]
14:38:22.032-----------> Msg.getMsg: NOT found: ni.idempiere.toolbar.button.action.report.label [38]
14:38:22.033-----------> Msg.getMsg: NOT found: ni.idempiere.toolbar.button.action.report.tooltip [38]
14:38:24.230===========> DesktopImpl.service: [Desktop z_649:/index.zul] client error: Failed to mount: adempiere.set is not a function [28]
14:38:24.338===========> DesktopImpl.service: [Desktop z_649:/index.zul] client error: Failed to mount: adempiere.set is not a function [28]
14:38:25.036===========> DesktopImpl.service: [Desktop z_649:/index.zul] client error: Failed to mount: adempiere.set is not a function [30]
14:38:25.057===========> DesktopImpl.service: [Desktop z_649:/index.zul] client error: Failed to mount: adempiere.set is not a function [30]
14:38:25.072===========> DesktopImpl.service: [Desktop z_649:/index.zul] client error: Failed to mount: adempiere.set is not a function [30]
14:38:25.087===========> DesktopImpl.service: [Desktop z_649:/index.zul] client error: Failed to mount: adempiere.set is not a function [30]
14:38:25.103===========> DesktopImpl.service: [Desktop z_649:/index.zul] client error: Failed to mount: adempiere.set is not a function [30]
14:38:25.117===========> DesktopImpl.service: [Desktop z_649:/index.zul] client error: Failed to mount: adempiere.set is not a function [30]
14:38:25.129===========> DesktopImpl.service: [Desktop z_649:/index.zul] client error: Failed to mount: adempiere.set is not a function [30]
14:38:25.139===========> DesktopImpl.service: [Desktop z_649:/index.zul] client error: Failed to mount: adempiere.set is not a function [30]
14:38:25.149===========> DesktopImpl.service: [Desktop z_649:/index.zul] client error: Failed to mount: adempiere.set is not a function [30]
14:38:25.159===========> DesktopImpl.service: [Desktop z_649:/index.zul] client error: Failed to mount: adempiere.set is not a function [30]
14:38:25.170===========> DesktopImpl.service: [Desktop z_649:/index.zul] client error: Failed to mount: adempiere.set is not a function [30]
14:38:25.181===========> DesktopImpl.service: [Desktop z_649:/index.zul] client error: Failed to mount: adempiere.set is not a function [30]
14:38:25.195===========> DesktopImpl.service: [Desktop z_649:/index.zul] client error: Failed to mount: adempiere.set is not a function [30]
14:38:25.208===========> DesktopImpl.service: [Desktop z_649:/index.zul] client error: Failed to mount: adempiere.set is not a function [30]
14:38:25.222===========> DesktopImpl.service: [Desktop z_649:/index.zul] client error: Failed to mount: adempiere.set is not a function [30]
14:38:25.234===========> DesktopImpl.service: [Desktop z_649:/index.zul] client error: Failed to mount: adempiere.set is not a function [30]
14:38:25.248===========> DesktopImpl.service: [Desktop z_649:/index.zul] client error: Failed to mount: adempiere.set is not a function [30]
14:38:25.264===========> DesktopImpl.service: [Desktop z_649:/index.zul] client error: Failed to mount: adempiere.set is not a function [30]
14:38:25.281===========> DesktopImpl.service: [Desktop z_649:/index.zul] client error: Failed to mount: adempiere.set is not a function [30]
14:38:25.313===========> DesktopImpl.service: [Desktop z_649:/index.zul] client error: Failed to mount: adempiere.set is not a function [30]
14:38:25.331===========> DesktopImpl.service: [Desktop z_649:/index.zul] client error: Failed to mount: adempiere.set is not a function [30]
14:38:25.345===========> DesktopImpl.service: [Desktop z_649:/index.zul] client error: Failed to mount: adempiere.set is not a function [30]
14:38:25.359===========> DesktopImpl.service: [Desktop z_649:/index.zul] client error: Failed to mount: adempiere.set is not a function [30]
14:38:25.377===========> DesktopImpl.service: [Desktop z_649:/index.zul] client error: Failed to mount: adempiere.set is not a function [30]
14:38:25.390===========> DesktopImpl.service: [Desktop z_649:/index.zul] client error: Failed to mount: adempiere.set is not a function [30]
14:38:25.403===========> DesktopImpl.service: [Desktop z_649:/index.zul] client error: Failed to mount: adempiere.set is not a function [30]
14:38:26.534===========> DesktopImpl.service: [Desktop z_649:/index.zul] client error: Failed to mount: adempiere.set is not a function [33]
14:40:03.045-----------> Msg.getMsg: NOT found: linea 16 [38]
14:40:03.056===========> GridTab.processCallout:  [38]
javax.script.ScriptException: Sourced file: inline evaluation of: ``import java.util.Properties;  import org.adempiere.base.IColumnCallout;  import  . . . '' : Typed variable declaration : Class: WDocActionDialog not found in namespace : at Line: 17 : in file: inline evaluation of: ``import java.util.Properties;  import org.adempiere.base.IColumnCallout;  import  . . . '' : WDocActionDialog 
 in inline evaluation of: ``import java.util.Properties;  import org.adempiere.base.IColumnCallout;  import  . . . '' at line number 17
	at bsh.engine.BshScriptEngine.evalSource(BshScriptEngine.java:92)
	at bsh.engine.BshScriptEngine.eval(BshScriptEngine.java:46)
	at javax.script.AbstractScriptEngine.eval(Unknown Source)
	at org.compiere.model.GridTab.processCallout(GridTab.java:2887)
	at org.adempiere.webui.adwindow.AbstractADWindowContent.processButtonCallout(AbstractADWindowContent.java:3049)
	at org.adempiere.webui.adwindow.AbstractADWindowContent.access$28(AbstractADWindowContent.java:3043)
	at org.adempiere.webui.adwindow.AbstractADWindowContent$47.run(AbstractADWindowContent.java:3017)
	at org.adempiere.webui.apps.BusyDialogTemplate.onEvent(BusyDialogTemplate.java:37)
	at org.zkoss.zk.ui.AbstractComponent.onEvent(AbstractComponent.java:2773)
	at org.zkoss.zk.ui.AbstractComponent.service(AbstractComponent.java:2744)
	at org.zkoss.zk.ui.AbstractComponent.service(AbstractComponent.java:2685)
	at org.zkoss.zk.ui.impl.EventProcessor.process(EventProcessor.java:136)
	at org.zkoss.zk.ui.impl.UiEngineImpl.processEvent(UiEngineImpl.java:1765)
	at org.zkoss.zk.ui.impl.UiEngineImpl.process(UiEngineImpl.java:1550)
	at org.zkoss.zk.ui.impl.UiEngineImpl.execUpdate(UiEngineImpl.java:1260)
	at org.zkoss.zk.au.http.DHtmlUpdateServlet.process(DHtmlUpdateServlet.java:611)
	at org.zkoss.zk.au.http.DHtmlUpdateServlet.doGet(DHtmlUpdateServlet.java:485)
	at org.zkoss.zk.au.http.DHtmlUpdateServlet.doPost(DHtmlUpdateServlet.java:494)
	at javax.servlet.http.HttpServlet.service(HttpServlet.java:707)
	at javax.servlet.http.HttpServlet.service(HttpServlet.java:790)
	at org.eclipse.jetty.servlet.ServletHolder.handle(ServletHolder.java:808)

14:48:41.103-----------> Msg.getMsg: NOT found: linea 16 [39]
14:48:42.405===========> GridTab.processCallout:  [39]
javax.script.ScriptException: Sourced file: inline evaluation of: ``import java.util.Properties;  import org.adempiere.base.IColumnCallout;  import  . . . '' : Typed variable declaration : Class: WDocActionDialog not found in namespace : at Line: 17 : in file: inline evaluation of: ``import java.util.Properties;  import org.adempiere.base.IColumnCallout;  import  . . . '' : WDocActionDialog 
 in inline evaluation of: ``import java.util.Properties;  import org.adempiere.base.IColumnCallout;  import  . . . '' at line number 17
	at bsh.engine.BshScriptEngine.evalSource(BshScriptEngine.java:92)
	at bsh.engine.BshScriptEngine.eval(BshScriptEngine.java:46)
	at javax.script.AbstractScriptEngine.eval(Unknown Source)
	at org.compiere.model.GridTab.processCallout(GridTab.java:2887)
	at org.adempiere.webui.adwindow.AbstractADWindowContent.processButtonCallout(AbstractADWindowContent.java:3049)
	at org.adempiere.webui.adwindow.AbstractADWindowContent.access$28(AbstractADWindowContent.java:3043)
	at org.adempiere.webui.adwindow.AbstractADWindowContent$47.run(AbstractADWindowContent.java:3017)
	at org.adempiere.webui.apps.BusyDialogTemplate.onEvent(BusyDialogTemplate.java:37)
	at org.zkoss.zk.ui.AbstractComponent.onEvent(AbstractComponent.java:2773)
	at org.zkoss.zk.ui.AbstractComponent.service(AbstractComponent.java:2744)
	at org.zkoss.zk.ui.AbstractComponent.service(AbstractComponent.java:2685)
	at org.zkoss.zk.ui.impl.EventProcessor.process(EventProcessor.java:136)
	at org.zkoss.zk.ui.impl.UiEngineImpl.processEvent(UiEngineImpl.java:1765)
	at org.zkoss.zk.ui.impl.UiEngineImpl.process(UiEngineImpl.java:1550)
	at org.zkoss.zk.ui.impl.UiEngineImpl.execUpdate(UiEngineImpl.java:1260)
	at org.zkoss.zk.au.http.DHtmlUpdateServlet.process(DHtmlUpdateServlet.java:611)
	at org.zkoss.zk.au.http.DHtmlUpdateServlet.doGet(DHtmlUpdateServlet.java:485)
	at org.zkoss.zk.au.http.DHtmlUpdateServlet.doPost(DHtmlUpdateServlet.java:494)
	at javax.servlet.http.HttpServlet.service(HttpServlet.java:707)
	at javax.servlet.http.HttpServlet.service(HttpServlet.java:790)
	at org.eclipse.jetty.servlet.ServletHolder.handle(ServletHolder.java:808)

