*** 2017-04-28 11:27:37.825 idempiere Log (CLogFile) ***
11:27:37.825 Adempiere.startup: iDempiere(r) Release 3.1_2015-10-31 -Smart Suite ERP, CRM and SCM- (c) 1999-2013 iDempiere(r); Implementation: iDempiere - Supported by iDempiere community [17]
11:27:37.838 Ini.loadProperties: E:\mercurialidempiere/idempiere.properties #33 [17]
11:27:39.385 DB.isBuildOK: Build DB=${env.ADEMPIERE_VERSION} 20080428-1232 [17]
11:27:39.386 DB.isBuildOK: Build Cl=3.1.0.qualifier [17]
11:27:39.470-----------> DB.isBuildOK: Build Version Error 

The program assumes build version 3.1.0.qualifier, but database has build version ${env.ADEMPIERE_VERSION} 20080428-1232. 
This is likely to cause hard to fix errors. 
Please contact administrator. [17]
11:27:41.763 WebEnv.initWeb: Servlet Context Init Parameters: iDempiere Root
ServerRoot=1 [17]
11:27:42.028-----------> EMail.setFrom: you @ company.org: javax.mail.internet.AddressException: Local address contains control or whitespace in string ``you @ company.org'' [17]
11:27:42.032-----------> EMail.addTo: you @ company.org: javax.mail.internet.AddressException: Local address contains control or whitespace in string ``you @ company.org'' [17]
11:27:42.032-----------> EMail.isValid: From is invalid=null [17]
11:27:42.032-----------> EMail.isValid: From is invalid=null [17]
11:27:42.032-----------> MClient.sendEMail: Could NOT Send Email: Server started: iDempiere (odbz:192.168.47.1) to you @ company.org: Invalid Data (System) [17]
11:27:42.033 WebEnv.initWeb: Servlet Init Parameter: idempiereMonitor [17]
11:27:42.033 AdempiereMonitor.init:  [17]
11:27:56.150-----------> AnnotationConfiguration.configure: ServletContainerInitializers: detected. Class hierarchy: empty [17]
11:27:56.616-----------> ClassLocator.getDependentXMLResources: Replicate resource: ckez
Overwrite bundleresource://182.fwk1480207683:2/metainfo/zk/config.xml
with bundleresource://182.fwk1480207683:19/metainfo/zk/config.xml [17]
11:27:56.623-----------> ClassLocator.getDependentXMLResources: Replicate resource: zk
Overwrite bundleresource://182.fwk1480207683:11/metainfo/zk/config.xml
with bundleresource://182.fwk1480207683:28/metainfo/zk/config.xml [17]
11:27:56.628-----------> ClassLocator.getDependentXMLResources: Replicate resource: zkbind
Overwrite bundleresource://182.fwk1480207683:12/metainfo/zk/config.xml
with bundleresource://182.fwk1480207683:29/metainfo/zk/config.xml [17]
11:27:56.661-----------> ClassLocator.getDependentXMLResources: Replicate resource: zul
Overwrite bundleresource://182.fwk1480207683:14/metainfo/zk/zk.xml
with bundleresource://182.fwk1480207683:31/metainfo/zk/zk.xml [17]
11:27:57.210-----------> LanguageDefinition.<init>: Replicated language: xhtml, overriden by [LanguageDefinition: xhtml] [17]
11:27:57.278-----------> LanguageDefinition.<init>: Replicated language: xul/html, overriden by [LanguageDefinition: xul/html] [17]
11:27:57.382-----------> ClassLocator.getDependentXMLResources: Replicate resource: calendar
Overwrite bundleresource://182.fwk1480207683:1/metainfo/zk/lang-addon.xml
with bundleresource://182.fwk1480207683:18/metainfo/zk/lang-addon.xml [17]
11:27:57.388-----------> ClassLocator.getDependentXMLResources: Replicate resource: ckez
Overwrite bundleresource://182.fwk1480207683:2/metainfo/zk/lang-addon.xml
with bundleresource://182.fwk1480207683:19/metainfo/zk/lang-addon.xml [17]
11:27:57.397-----------> ClassLocator.getDependentXMLResources: Replicate resource: gmapsz
Overwrite bundleresource://182.fwk1480207683:5/metainfo/zk/lang-addon.xml
with bundleresource://182.fwk1480207683:22/metainfo/zk/lang-addon.xml [17]
11:27:57.401-----------> ClassLocator.getDependentXMLResources: Replicate resource: timeline
Overwrite bundleresource://182.fwk1480207683:6/metainfo/zk/lang-addon.xml
with bundleresource://182.fwk1480207683:23/metainfo/zk/lang-addon.xml [17]
11:27:57.406-----------> ClassLocator.getDependentXMLResources: Replicate resource: timeplot
Overwrite bundleresource://182.fwk1480207683:7/metainfo/zk/lang-addon.xml
with bundleresource://182.fwk1480207683:24/metainfo/zk/lang-addon.xml [17]
11:27:57.444-----------> ClassLocator.getDependentXMLResources: Replicate resource: zkbind
Overwrite bundleresource://182.fwk1480207683:12/metainfo/zk/lang-addon.xml
with bundleresource://182.fwk1480207683:29/metainfo/zk/lang-addon.xml [17]
11:27:57.491-----------> ClassLocator.getDependentXMLResources: Replicate resource: zkplus
Overwrite bundleresource://182.fwk1480207683:13/metainfo/zk/lang-addon.xml
with bundleresource://182.fwk1480207683:30/metainfo/zk/lang-addon.xml [17]
11:27:57.855           WebUIServlet.init: iDempiere Web Client started successfully [17]
11:27:59.106-----------> AnnotationConfiguration.configure: ServletContainerInitializers: detected. Class hierarchy: empty [17]
11:27:59.680-----------> LCO_ValidatorWH.initialize:  [39]

*** 2017-04-28 11:28:00.139 idempiere Log (CLogFile) ***
11:28:02.149-----------> Node: [192.168.163.1]:5701 [adempiere.idempiere/localhost] [3.5.3] No join method is enabled! Starting standalone. [50]
