*** 2016-09-08 14:19:48.948 idempiere Log (CLogFile) ***
14:19:48.948 Adempiere.startup: iDempiere(r) Release 3.1_2015-10-31 -Smart Suite ERP, CRM and SCM- (c) 1999-2013 iDempiere(r); Implementation: iDempiere - Supported by iDempiere community [17]
14:19:48.948 Ini.loadProperties: E:\mercurialidempiere/idempiere.properties #33 [17]
14:19:49.851 AdempiereActivator.installPackage: ni.idempiere.importcurrencyrate 1.0.0 was installed: 2016-07-14 16:34:48.698 [17]
14:19:49.895 DB.isBuildOK: Build DB=${env.ADEMPIERE_VERSION} 20080428-1232 [17]
14:19:49.895 DB.isBuildOK: Build Cl=3.1.0.qualifier [17]
14:19:49.925-----------> DB.isBuildOK: Build Version Error 

The program assumes build version 3.1.0.qualifier, but database has build version ${env.ADEMPIERE_VERSION} 20080428-1232. 
This is likely to cause hard to fix errors. 
Please contact administrator. [17]
14:19:50.089 WebEnv.initWeb: Servlet Context Init Parameters: iDempiere Root
ServerRoot=1 [17]
14:19:50.179-----------> EMail.setFrom: you @ company.org: javax.mail.internet.AddressException: Local address contains control or whitespace in string ``you @ company.org'' [17]
14:19:50.179-----------> EMail.addTo: you @ company.org: javax.mail.internet.AddressException: Local address contains control or whitespace in string ``you @ company.org'' [17]
14:19:50.179-----------> EMail.isValid: From is invalid=null [17]
14:19:50.179-----------> EMail.isValid: From is invalid=null [17]
14:19:50.179-----------> MClient.sendEMail: Could NOT Send Email: Server started: iDempiere (odbz:192.168.163.1) to you @ company.org: Invalid Data (System) [17]
14:19:50.179 WebEnv.initWeb: Servlet Init Parameter: idempiereMonitor [17]
14:19:50.179 AdempiereMonitor.init:  [17]
14:19:59.015-----------> AnnotationConfiguration.configure: ServletContainerInitializers: detected. Class hierarchy: empty [17]
14:19:59.356-----------> ClassLocator.getDependentXMLResources: Replicate resource: ckez
Overwrite bundleresource://185.fwk1399961333:2/metainfo/zk/config.xml
with bundleresource://185.fwk1399961333:19/metainfo/zk/config.xml [17]
14:19:59.378-----------> ClassLocator.getDependentXMLResources: Replicate resource: zk
Overwrite bundleresource://185.fwk1399961333:11/metainfo/zk/config.xml
with bundleresource://185.fwk1399961333:28/metainfo/zk/config.xml [17]
14:19:59.384-----------> ClassLocator.getDependentXMLResources: Replicate resource: zkbind
Overwrite bundleresource://185.fwk1399961333:12/metainfo/zk/config.xml
with bundleresource://185.fwk1399961333:29/metainfo/zk/config.xml [17]
14:19:59.408-----------> ClassLocator.getDependentXMLResources: Replicate resource: zul
Overwrite bundleresource://185.fwk1399961333:14/metainfo/zk/zk.xml
with bundleresource://185.fwk1399961333:31/metainfo/zk/zk.xml [17]
14:19:59.811-----------> LanguageDefinition.<init>: Replicated language: xhtml, overriden by [LanguageDefinition: xhtml] [17]
14:19:59.842-----------> LanguageDefinition.<init>: Replicated language: xul/html, overriden by [LanguageDefinition: xul/html] [17]
14:19:59.916-----------> ClassLocator.getDependentXMLResources: Replicate resource: calendar
Overwrite bundleresource://185.fwk1399961333:1/metainfo/zk/lang-addon.xml
with bundleresource://185.fwk1399961333:18/metainfo/zk/lang-addon.xml [17]
14:19:59.917-----------> ClassLocator.getDependentXMLResources: Replicate resource: ckez
Overwrite bundleresource://185.fwk1399961333:2/metainfo/zk/lang-addon.xml
with bundleresource://185.fwk1399961333:19/metainfo/zk/lang-addon.xml [17]
14:19:59.925-----------> ClassLocator.getDependentXMLResources: Replicate resource: gmapsz
Overwrite bundleresource://185.fwk1399961333:5/metainfo/zk/lang-addon.xml
with bundleresource://185.fwk1399961333:22/metainfo/zk/lang-addon.xml [17]
14:19:59.930-----------> ClassLocator.getDependentXMLResources: Replicate resource: timeline
Overwrite bundleresource://185.fwk1399961333:6/metainfo/zk/lang-addon.xml
with bundleresource://185.fwk1399961333:23/metainfo/zk/lang-addon.xml [17]
14:19:59.934-----------> ClassLocator.getDependentXMLResources: Replicate resource: timeplot
Overwrite bundleresource://185.fwk1399961333:7/metainfo/zk/lang-addon.xml
with bundleresource://185.fwk1399961333:24/metainfo/zk/lang-addon.xml [17]
14:19:59.949-----------> ClassLocator.getDependentXMLResources: Replicate resource: zkbind
Overwrite bundleresource://185.fwk1399961333:12/metainfo/zk/lang-addon.xml
with bundleresource://185.fwk1399961333:29/metainfo/zk/lang-addon.xml [17]
14:19:59.961-----------> ClassLocator.getDependentXMLResources: Replicate resource: zkplus
Overwrite bundleresource://185.fwk1399961333:13/metainfo/zk/lang-addon.xml
with bundleresource://185.fwk1399961333:30/metainfo/zk/lang-addon.xml [17]
14:20:00.198           WebUIServlet.init: iDempiere Web Client started successfully [17]
14:20:01.497-----------> AnnotationConfiguration.configure: ServletContainerInitializers: detected. Class hierarchy: empty [17]

*** 2016-09-08 14:20:02.074 idempiere Log (CLogFile) ***
14:20:04.325-----------> Node: [172.16.45.186]:5701 [adempiere.idempiere/localhost] [3.5.3] No join method is enabled! Starting standalone. [41]
14:20:17.893-----------> Prop.loadProperties: E:\mercurialidempiere\home.properties not found [30]
14:20:17.898-----------> Prop.loadProperties: !!WARNING:Please locate yout custom home.properties on iDEMPIERE_HOME. [30]
14:20:43.619===========> MRole.getOrgWhere: No Access Org records [30]
14:21:04.587===========> SimplifiedSales.<init>: WSimplifiedSales constructor error [29]
java.lang.NullPointerException
	at com.smj.webui.apps.form.WSimplifiedSales.isAdminRole(WSimplifiedSales.java:2712)
	at com.smj.webui.apps.form.WSimplifiedSales.zkInit(WSimplifiedSales.java:583)
	at com.smj.webui.apps.form.WSimplifiedSales.<init>(WSimplifiedSales.java:160)
	at sun.reflect.NativeConstructorAccessorImpl.newInstance0(Native Method)
	at sun.reflect.NativeConstructorAccessorImpl.newInstance(Unknown Source)
	at sun.reflect.DelegatingConstructorAccessorImpl.newInstance(Unknown Source)
	at java.lang.reflect.Constructor.newInstance(Unknown Source)
	at java.lang.Class.newInstance(Unknown Source)
	at org.smj.webui.factory.PosFormFactory.newFormInstance(PosFormFactory.java:32)
	at org.adempiere.webui.Extensions.getForm(Extensions.java:46)
	at org.adempiere.webui.panel.ADForm.openForm(ADForm.java:154)
	at org.adempiere.webui.panel.ADForm.openForm(ADForm.java:136)
	at org.adempiere.webui.desktop.TabbedDesktop.openForm(TabbedDesktop.java:88)
	at org.adempiere.webui.desktop.DefaultDesktop.openForm(DefaultDesktop.java:846)
	at org.adempiere.webui.desktop.AbstractDesktop.onMenuSelected(AbstractDesktop.java:77)
	at org.adempiere.webui.desktop.DefaultDesktop.onMenuSelected(DefaultDesktop.java:886)
	at org.adempiere.webui.panel.AbstractMenuPanel.fireMenuSelectedEvent(AbstractMenuPanel.java:301)
	at org.adempiere.webui.panel.AbstractMenuPanel.doOnClick(AbstractMenuPanel.java:250)
	at org.adempiere.webui.panel.AbstractMenuPanel.onEvent(AbstractMenuPanel.java:224)
	at org.adempiere.webui.panel.MenuTreePanel.onEvent(MenuTreePanel.java:116)
	at org.zkoss.zk.ui.AbstractComponent.onEvent(AbstractComponent.java:2773)

