*** 2016-06-03 11:04:17.463 idempiere Log (CLogFile) ***
11:04:17.463 Adempiere.startup: iDempiere(r) Release 3.1_2015-10-31 -Smart Suite ERP, CRM and SCM- (c) 1999-2013 iDempiere(r); Implementation: iDempiere - Supported by iDempiere community [17]
11:04:17.465 Ini.loadProperties: E:\mercurialidempiere/idempiere-test.properties #33 [17]
11:04:17.853 DB.isBuildOK: Build DB=${env.ADEMPIERE_VERSION} 20080428-1232 [17]
11:04:17.853 DB.isBuildOK: Build Cl=3.1.0.qualifier [17]
11:04:17.878-----------> DB.isBuildOK: Build Version Error 

The program assumes build version 3.1.0.qualifier, but database has build version ${env.ADEMPIERE_VERSION} 20080428-1232. 
This is likely to cause hard to fix errors. 
Please contact administrator. [17]
11:04:18.005 Language.getLanguage: Adding Language=en, Country=US, Locale=en_US [17]
11:04:18.005 Language.getLanguage: Adding Language=en, Country=US, Locale=en_US [17]
11:04:18.074 WebEnv.initWeb: Servlet Context Init Parameters: iDempiere Root
ServerRoot=1 [17]
11:04:18.089-----------> EMail.setFrom: you @ company.org: javax.mail.internet.AddressException: Local address contains control or whitespace in string ``you @ company.org'' [17]
11:04:18.089-----------> EMail.addTo: you @ company.org: javax.mail.internet.AddressException: Local address contains control or whitespace in string ``you @ company.org'' [17]
11:04:18.089-----------> EMail.isValid: From is invalid=null [17]
11:04:18.089-----------> EMail.isValid: From is invalid=null [17]
11:04:18.089-----------> MClient.sendEMail: Could NOT Send Email: Server started: iDempiere (odbz:10.0.5.43) to you @ company.org: Invalid Data (System) [17]
11:04:18.089 WebEnv.initWeb: Servlet Init Parameter: idempiereMonitor [17]
11:04:18.089 AdempiereMonitor.init:  [17]
11:04:19.644-----------> AnnotationConfiguration.configure: ServletContainerInitializers: detected. Class hierarchy: empty [17]
11:04:19.877-----------> ClassLocator.getDependentXMLResources: Replicate resource: ckez
Overwrite bundleresource://179.fwk47108597:2/metainfo/zk/config.xml
with bundleresource://179.fwk47108597:19/metainfo/zk/config.xml [17]
11:04:19.882-----------> ClassLocator.getDependentXMLResources: Replicate resource: zk
Overwrite bundleresource://179.fwk47108597:11/metainfo/zk/config.xml
with bundleresource://179.fwk47108597:28/metainfo/zk/config.xml [17]
11:04:19.883-----------> ClassLocator.getDependentXMLResources: Replicate resource: zkbind
Overwrite bundleresource://179.fwk47108597:12/metainfo/zk/config.xml
with bundleresource://179.fwk47108597:29/metainfo/zk/config.xml [17]
11:04:19.912-----------> ClassLocator.getDependentXMLResources: Replicate resource: zul
Overwrite bundleresource://179.fwk47108597:14/metainfo/zk/zk.xml
with bundleresource://179.fwk47108597:31/metainfo/zk/zk.xml [17]
11:04:20.241-----------> LanguageDefinition.<init>: Replicated language: xhtml, overriden by [LanguageDefinition: xhtml] [17]
11:04:20.282-----------> LanguageDefinition.<init>: Replicated language: xul/html, overriden by [LanguageDefinition: xul/html] [17]
11:04:20.329-----------> ClassLocator.getDependentXMLResources: Replicate resource: calendar
Overwrite bundleresource://179.fwk47108597:1/metainfo/zk/lang-addon.xml
with bundleresource://179.fwk47108597:18/metainfo/zk/lang-addon.xml [17]
11:04:20.329-----------> ClassLocator.getDependentXMLResources: Replicate resource: ckez
Overwrite bundleresource://179.fwk47108597:2/metainfo/zk/lang-addon.xml
with bundleresource://179.fwk47108597:19/metainfo/zk/lang-addon.xml [17]
11:04:20.329-----------> ClassLocator.getDependentXMLResources: Replicate resource: gmapsz
Overwrite bundleresource://179.fwk47108597:5/metainfo/zk/lang-addon.xml
with bundleresource://179.fwk47108597:22/metainfo/zk/lang-addon.xml [17]
11:04:20.344-----------> ClassLocator.getDependentXMLResources: Replicate resource: timeline
Overwrite bundleresource://179.fwk47108597:6/metainfo/zk/lang-addon.xml
with bundleresource://179.fwk47108597:23/metainfo/zk/lang-addon.xml [17]
11:04:20.344-----------> ClassLocator.getDependentXMLResources: Replicate resource: timeplot
Overwrite bundleresource://179.fwk47108597:7/metainfo/zk/lang-addon.xml
with bundleresource://179.fwk47108597:24/metainfo/zk/lang-addon.xml [17]
11:04:20.344-----------> ClassLocator.getDependentXMLResources: Replicate resource: zkbind
Overwrite bundleresource://179.fwk47108597:12/metainfo/zk/lang-addon.xml
with bundleresource://179.fwk47108597:29/metainfo/zk/lang-addon.xml [17]
11:04:20.360-----------> ClassLocator.getDependentXMLResources: Replicate resource: zkplus
Overwrite bundleresource://179.fwk47108597:13/metainfo/zk/lang-addon.xml
with bundleresource://179.fwk47108597:30/metainfo/zk/lang-addon.xml [17]
11:04:20.430           WebUIServlet.init: iDempiere Web Client started successfully [17]
11:04:21.357-----------> AnnotationConfiguration.configure: ServletContainerInitializers: detected. Class hierarchy: empty [17]

*** 2016-06-03 11:04:21.624 idempiere Log (CLogFile) ***
11:04:23.687-----------> Node: [10.0.5.43]:5701 [adempiere.idempiere/localhost] [3.5.3] No join method is enabled! Starting standalone. [41]
11:06:20.818===========> MRole.addAccessSQL: TableName not correctly parsed - TableNameIn=C_Invoice - AccessSqlParser[C_Invoice=WHERE|0] - #1 C_Invoice=WHERE
 = SELECT C_Invoice_ID, DocumentNo, DateInvoiced, GrandTotal, PartialPayment, Balance, PaidBill FROM C_Invoice WHERE  [37]
11:06:38.695-----------> Msg.getMsg: NOT found: El proveedor seleccionado, tiene pago en borrador que necesita  primero ser procesado. [36]
11:06:51.698===========> MPaymentAllocate.invokeMethod: ondelete script UPDATE C_Payment set PayAmt=sc.Amount,DiscountAmt=sc.DiscountAmt,WriteOffAmt=sc.WriteOffAmt,OverUnderAmt=sc.OverUnderAmt FROM ( SELECT  COALESCE(sc.Amount,0) Amount,COALESCE(sc.DiscountAmt,0) DiscountAmt,COALESCE(sc.WriteOffAmt,0) WriteOffAmt,COALESCE(sc.OverUnderAmt,0) OverUnderAmt FROM C_Payment p       LEFT JOIN (  	SELECT 	C_Payment_ID,SUM(Amount) OVER() Amount,SUM(DiscountAmt) OVER() DiscountAmt, 			SUM(WriteOffAmt) OVER() WriteOffAmt,SUM(OverUnderAmt) OVER() OverUnderAmt 	FROM	C_PaymentAllocate  	WHERE	C_Payment_ID=1000051 AND C_PaymentAllocate_ID NOT IN(1000087) )sc ON  p.C_Payment_ID=sc.C_Payment_ID WHERE p.C_Payment_ID=1000051)sc  [36]
11:10:57.063===========> MRole.addAccessSQL: TableName not correctly parsed - TableNameIn=C_Invoice - AccessSqlParser[C_Invoice=WHERE|0] - #1 C_Invoice=WHERE
 = SELECT C_Invoice_ID, DocumentNo, DateInvoiced, GrandTotal, PartialPayment, Balance, PaidBill FROM C_Invoice WHERE  [122]
