*** 2016-06-07 12:30:12.659 idempiere Log (CLogFile) ***
12:30:12.659 Adempiere.startup: iDempiere(r) Release 3.1_2015-10-31 -Smart Suite ERP, CRM and SCM- (c) 1999-2013 iDempiere(r); Implementation: iDempiere - Supported by iDempiere community [17]
12:30:12.659 Ini.loadProperties: E:\mercurialidempiere/idempiere-test.properties #33 [17]
12:30:13.096 DB.isBuildOK: Build DB=${env.ADEMPIERE_VERSION} 20080428-1232 [17]
12:30:13.096 DB.isBuildOK: Build Cl=3.1.0.qualifier [17]
12:30:13.112-----------> DB.isBuildOK: Build Version Error 

The program assumes build version 3.1.0.qualifier, but database has build version ${env.ADEMPIERE_VERSION} 20080428-1232. 
This is likely to cause hard to fix errors. 
Please contact administrator. [17]
12:30:13.206 Language.getLanguage: Adding Language=en, Country=US, Locale=en_US [17]
12:30:13.206 Language.getLanguage: Adding Language=en, Country=US, Locale=en_US [17]
12:30:13.268 WebEnv.initWeb: Servlet Context Init Parameters: iDempiere Root
ServerRoot=1 [17]
12:30:13.284-----------> EMail.setFrom: you @ company.org: javax.mail.internet.AddressException: Local address contains control or whitespace in string ``you @ company.org'' [17]
12:30:13.284-----------> EMail.addTo: you @ company.org: javax.mail.internet.AddressException: Local address contains control or whitespace in string ``you @ company.org'' [17]
12:30:13.284-----------> EMail.isValid: From is invalid=null [17]
12:30:13.284-----------> EMail.isValid: From is invalid=null [17]
12:30:13.284-----------> MClient.sendEMail: Could NOT Send Email: Server started: iDempiere (odbz:10.0.5.43) to you @ company.org: Invalid Data (System) [17]
12:30:13.284 WebEnv.initWeb: Servlet Init Parameter: idempiereMonitor [17]
12:30:13.284 AdempiereMonitor.init:  [17]
12:30:14.670-----------> AnnotationConfiguration.configure: ServletContainerInitializers: detected. Class hierarchy: empty [17]
12:30:14.899-----------> ClassLocator.getDependentXMLResources: Replicate resource: ckez
Overwrite bundleresource://179.fwk1399961333:2/metainfo/zk/config.xml
with bundleresource://179.fwk1399961333:19/metainfo/zk/config.xml [17]
12:30:14.899-----------> ClassLocator.getDependentXMLResources: Replicate resource: zk
Overwrite bundleresource://179.fwk1399961333:11/metainfo/zk/config.xml
with bundleresource://179.fwk1399961333:28/metainfo/zk/config.xml [17]
12:30:14.914-----------> ClassLocator.getDependentXMLResources: Replicate resource: zkbind
Overwrite bundleresource://179.fwk1399961333:12/metainfo/zk/config.xml
with bundleresource://179.fwk1399961333:29/metainfo/zk/config.xml [17]
12:30:14.930-----------> ClassLocator.getDependentXMLResources: Replicate resource: zul
Overwrite bundleresource://179.fwk1399961333:14/metainfo/zk/zk.xml
with bundleresource://179.fwk1399961333:31/metainfo/zk/zk.xml [17]
12:30:15.258-----------> LanguageDefinition.<init>: Replicated language: xhtml, overriden by [LanguageDefinition: xhtml] [17]
12:30:15.274-----------> LanguageDefinition.<init>: Replicated language: xul/html, overriden by [LanguageDefinition: xul/html] [17]
12:30:15.320-----------> ClassLocator.getDependentXMLResources: Replicate resource: calendar
Overwrite bundleresource://179.fwk1399961333:1/metainfo/zk/lang-addon.xml
with bundleresource://179.fwk1399961333:18/metainfo/zk/lang-addon.xml [17]
12:30:15.320-----------> ClassLocator.getDependentXMLResources: Replicate resource: ckez
Overwrite bundleresource://179.fwk1399961333:2/metainfo/zk/lang-addon.xml
with bundleresource://179.fwk1399961333:19/metainfo/zk/lang-addon.xml [17]
12:30:15.320-----------> ClassLocator.getDependentXMLResources: Replicate resource: gmapsz
Overwrite bundleresource://179.fwk1399961333:5/metainfo/zk/lang-addon.xml
with bundleresource://179.fwk1399961333:22/metainfo/zk/lang-addon.xml [17]
12:30:15.336-----------> ClassLocator.getDependentXMLResources: Replicate resource: timeline
Overwrite bundleresource://179.fwk1399961333:6/metainfo/zk/lang-addon.xml
with bundleresource://179.fwk1399961333:23/metainfo/zk/lang-addon.xml [17]
12:30:15.336-----------> ClassLocator.getDependentXMLResources: Replicate resource: timeplot
Overwrite bundleresource://179.fwk1399961333:7/metainfo/zk/lang-addon.xml
with bundleresource://179.fwk1399961333:24/metainfo/zk/lang-addon.xml [17]
12:30:15.352-----------> ClassLocator.getDependentXMLResources: Replicate resource: zkbind
Overwrite bundleresource://179.fwk1399961333:12/metainfo/zk/lang-addon.xml
with bundleresource://179.fwk1399961333:29/metainfo/zk/lang-addon.xml [17]
12:30:15.352-----------> ClassLocator.getDependentXMLResources: Replicate resource: zkplus
Overwrite bundleresource://179.fwk1399961333:13/metainfo/zk/lang-addon.xml
with bundleresource://179.fwk1399961333:30/metainfo/zk/lang-addon.xml [17]
12:30:15.445           WebUIServlet.init: iDempiere Web Client started successfully [17]
12:30:16.336-----------> AnnotationConfiguration.configure: ServletContainerInitializers: detected. Class hierarchy: empty [17]

*** 2016-06-07 12:30:16.606 idempiere Log (CLogFile) ***
12:30:18.809-----------> Node: [10.0.5.43]:5701 [adempiere.idempiere/localhost] [3.5.3] No join method is enabled! Starting standalone. [48]
12:30:59.341-----------> DefaultModelFactory.getClass: No class for table with it entity: LCO_WithholdingType [37]
12:31:04.739===========> MRole.addAccessSQL: TableName not correctly parsed - TableNameIn=C_Invoice - AccessSqlParser[C_Invoice=WHERE|0] - #1 C_Invoice=WHERE
 = SELECT C_Invoice_ID, DocumentNo, DateInvoiced, GrandTotal, PartialPayment, Balance, PaidBill FROM C_Invoice WHERE  [33]
12:31:44.782===========> MPayment.saveError: FillMandatory - Organization [32]
12:31:57.444===========> UiEngineImpl.handleError:  [32]
org.adempiere.exceptions.AdempiereException: org.adempiere.exceptions.AdempiereException: Fill mandatory fields: : Organization
	at org.adempiere.webui.form.NIAllocateInvoice.procesedInvoice(NIAllocateInvoice.java:325)
	at org.adempiere.webui.form.WNIAllocateInvoice$1.onCallback(WNIAllocateInvoice.java:265)
	at org.adempiere.webui.form.WNIAllocateInvoice$1.onCallback(WNIAllocateInvoice.java:1)
	at org.adempiere.webui.window.FDialog$1.onCallback(FDialog.java:318)
	at org.adempiere.webui.window.FDialog$1.onCallback(FDialog.java:1)
	at org.adempiere.webui.component.Messagebox.onPageDetached(Messagebox.java:349)
	at org.zkoss.zk.ui.AbstractComponent.setPage0(AbstractComponent.java:477)
	at org.zkoss.zk.ui.AbstractComponent.setPageBefore(AbstractComponent.java:396)
	at org.zkoss.zk.ui.AbstractComponent.setPage(AbstractComponent.java:361)
	at org.zkoss.zk.ui.AbstractComponent.detach(AbstractComponent.java:1681)
	at org.adempiere.webui.component.Messagebox.onEvent(Messagebox.java:340)
	at org.zkoss.zk.ui.AbstractComponent.onEvent(AbstractComponent.java:2773)
	at org.zkoss.zk.ui.AbstractComponent.service(AbstractComponent.java:2744)
	at org.zkoss.zk.ui.AbstractComponent.service(AbstractComponent.java:2685)
	at org.zkoss.zk.ui.impl.EventProcessor.process(EventProcessor.java:136)
	at org.zkoss.zk.ui.impl.UiEngineImpl.processEvent(UiEngineImpl.java:1765)
	at org.zkoss.zk.ui.impl.UiEngineImpl.process(UiEngineImpl.java:1550)
	at org.zkoss.zk.ui.impl.UiEngineImpl.execUpdate(UiEngineImpl.java:1260)
	at org.zkoss.zk.au.http.DHtmlUpdateServlet.process(DHtmlUpdateServlet.java:611)
	at org.zkoss.zk.au.http.DHtmlUpdateServlet.doGet(DHtmlUpdateServlet.java:485)
	at org.zkoss.zk.au.http.DHtmlUpdateServlet.doPost(DHtmlUpdateServlet.java:494)
caused by: org.adempiere.exceptions.AdempiereException: Fill mandatory fields: : Organization
	at org.compiere.model.PO.saveEx(PO.java:2224)
	at org.adempiere.webui.form.NIAllocateInvoice.procesedInvoice(NIAllocateInvoice.java:236)
	at org.adempiere.webui.form.WNIAllocateInvoice$1.onCallback(WNIAllocateInvoice.java:265)
	at org.adempiere.webui.form.WNIAllocateInvoice$1.onCallback(WNIAllocateInvoice.java:1)
	at org.adempiere.webui.window.FDialog$1.onCallback(FDialog.java:318)
	at org.adempiere.webui.window.FDialog$1.onCallback(FDialog.java:1)
	at org.adempiere.webui.component.Messagebox.onPageDetached(Messagebox.java:349)
	at org.zkoss.zk.ui.AbstractComponent.setPage0(AbstractComponent.java:477)
	at org.zkoss.zk.ui.AbstractComponent.setPageBefore(AbstractComponent.java:396)
	at org.zkoss.zk.ui.AbstractComponent.setPage(AbstractComponent.java:361)
	at org.zkoss.zk.ui.AbstractComponent.detach(AbstractComponent.java:1681)
	at org.adempiere.webui.component.Messagebox.onEvent(Messagebox.java:340)
	at org.zkoss.zk.ui.AbstractComponent.onEvent(AbstractComponent.java:2773)
	at org.zkoss.zk.ui.AbstractComponent.service(AbstractComponent.java:2744)
	at org.zkoss.zk.ui.AbstractComponent.service(AbstractComponent.java:2685)
	at org.zkoss.zk.ui.impl.EventProcessor.process(EventProcessor.java:136)
	at org.zkoss.zk.ui.impl.UiEngineImpl.processEvent(UiEngineImpl.java:1765)
	at org.zkoss.zk.ui.impl.UiEngineImpl.process(UiEngineImpl.java:1550)
	at org.zkoss.zk.ui.impl.UiEngineImpl.execUpdate(UiEngineImpl.java:1260)
	at org.zkoss.zk.au.http.DHtmlUpdateServlet.process(DHtmlUpdateServlet.java:611)
	at org.zkoss.zk.au.http.DHtmlUpdateServlet.doGet(DHtmlUpdateServlet.java:485)

12:33:11.980===========> MRole.addAccessSQL: TableName not correctly parsed - TableNameIn=C_Invoice - AccessSqlParser[C_Invoice=WHERE|0] - #1 C_Invoice=WHERE
 = SELECT C_Invoice_ID, DocumentNo, DateInvoiced, GrandTotal, PartialPayment, Balance, PaidBill FROM C_Invoice WHERE  [37]
12:34:34.356===========> MPaymentAllocate.invokeMethod: ondelete script UPDATE C_Payment set PayAmt=sc.Amount,DiscountAmt=sc.DiscountAmt,WriteOffAmt=sc.WriteOffAmt,OverUnderAmt=sc.OverUnderAmt FROM ( SELECT  COALESCE(sc.Amount,0) Amount,COALESCE(sc.DiscountAmt,0) DiscountAmt,COALESCE(sc.WriteOffAmt,0) WriteOffAmt,COALESCE(sc.OverUnderAmt,0) OverUnderAmt FROM C_Payment p       LEFT JOIN (  	SELECT 	C_Payment_ID,SUM(Amount) OVER() Amount,SUM(DiscountAmt) OVER() DiscountAmt, 			SUM(WriteOffAmt) OVER() WriteOffAmt,SUM(OverUnderAmt) OVER() OverUnderAmt 	FROM	C_PaymentAllocate  	WHERE	C_Payment_ID=1000072 AND C_PaymentAllocate_ID NOT IN(1000090) )sc ON  p.C_Payment_ID=sc.C_Payment_ID WHERE p.C_Payment_ID=1000072)sc  [33]
