*** 2016-06-05 20:32:27.81 idempiere Log (CLogFile) ***
20:32:27.810 Adempiere.startup: iDempiere(r) Release 3.1_2015-10-31 -Smart Suite ERP, CRM and SCM- (c) 1999-2013 iDempiere(r); Implementation: iDempiere - Supported by iDempiere community [17]
20:32:27.810 Ini.loadProperties: E:\mercurialidempiere/idempiere.properties #32 [17]
20:32:28.294 DB.isBuildOK: Build DB=${env.ADEMPIERE_VERSION} 20080428-1232 [17]
20:32:28.294 DB.isBuildOK: Build Cl=3.1.0.qualifier [17]
20:32:28.325-----------> DB.isBuildOK: Build Version Error 

The program assumes build version 3.1.0.qualifier, but database has build version ${env.ADEMPIERE_VERSION} 20080428-1232. 
This is likely to cause hard to fix errors. 
Please contact administrator. [17]
20:32:28.403 Language.getLanguage: Adding Language=en, Country=US, Locale=en_US [17]
20:32:28.403 Language.getLanguage: Adding Language=en, Country=US, Locale=en_US [17]
20:32:28.466 WebEnv.initWeb: Servlet Context Init Parameters: iDempiere Root
ServerRoot=1 [17]
20:32:28.513-----------> EMail.setFrom: you @ company.org: javax.mail.internet.AddressException: Local address contains control or whitespace in string ``you @ company.org'' [17]
20:32:28.513-----------> EMail.addTo: you @ company.org: javax.mail.internet.AddressException: Local address contains control or whitespace in string ``you @ company.org'' [17]
20:32:28.513-----------> EMail.isValid: From is invalid=null [17]
20:32:28.513-----------> EMail.isValid: From is invalid=null [17]
20:32:28.513-----------> MClient.sendEMail: Could NOT Send Email: Server started: iDempiere (odbz:127.0.0.1) to you @ company.org: Invalid Data (System) [17]
20:32:28.513 WebEnv.initWeb: Servlet Init Parameter: idempiereMonitor [17]
20:32:28.513 AdempiereMonitor.init:  [17]
20:32:29.919-----------> AnnotationConfiguration.configure: ServletContainerInitializers: detected. Class hierarchy: empty [17]
20:32:30.170-----------> ClassLocator.getDependentXMLResources: Replicate resource: ckez
Overwrite bundleresource://179.fwk1319287199:2/metainfo/zk/config.xml
with bundleresource://179.fwk1319287199:19/metainfo/zk/config.xml [17]
20:32:30.170-----------> ClassLocator.getDependentXMLResources: Replicate resource: zk
Overwrite bundleresource://179.fwk1319287199:11/metainfo/zk/config.xml
with bundleresource://179.fwk1319287199:28/metainfo/zk/config.xml [17]
20:32:30.170-----------> ClassLocator.getDependentXMLResources: Replicate resource: zkbind
Overwrite bundleresource://179.fwk1319287199:12/metainfo/zk/config.xml
with bundleresource://179.fwk1319287199:29/metainfo/zk/config.xml [17]
20:32:30.202-----------> ClassLocator.getDependentXMLResources: Replicate resource: zul
Overwrite bundleresource://179.fwk1319287199:14/metainfo/zk/zk.xml
with bundleresource://179.fwk1319287199:31/metainfo/zk/zk.xml [17]
20:32:30.561-----------> LanguageDefinition.<init>: Replicated language: xhtml, overriden by [LanguageDefinition: xhtml] [17]
20:32:30.592-----------> LanguageDefinition.<init>: Replicated language: xul/html, overriden by [LanguageDefinition: xul/html] [17]
20:32:30.639-----------> ClassLocator.getDependentXMLResources: Replicate resource: calendar
Overwrite bundleresource://179.fwk1319287199:1/metainfo/zk/lang-addon.xml
with bundleresource://179.fwk1319287199:18/metainfo/zk/lang-addon.xml [17]
20:32:30.655-----------> ClassLocator.getDependentXMLResources: Replicate resource: ckez
Overwrite bundleresource://179.fwk1319287199:2/metainfo/zk/lang-addon.xml
with bundleresource://179.fwk1319287199:19/metainfo/zk/lang-addon.xml [17]
20:32:30.655-----------> ClassLocator.getDependentXMLResources: Replicate resource: gmapsz
Overwrite bundleresource://179.fwk1319287199:5/metainfo/zk/lang-addon.xml
with bundleresource://179.fwk1319287199:22/metainfo/zk/lang-addon.xml [17]
20:32:30.655-----------> ClassLocator.getDependentXMLResources: Replicate resource: timeline
Overwrite bundleresource://179.fwk1319287199:6/metainfo/zk/lang-addon.xml
with bundleresource://179.fwk1319287199:23/metainfo/zk/lang-addon.xml [17]
20:32:30.670-----------> ClassLocator.getDependentXMLResources: Replicate resource: timeplot
Overwrite bundleresource://179.fwk1319287199:7/metainfo/zk/lang-addon.xml
with bundleresource://179.fwk1319287199:24/metainfo/zk/lang-addon.xml [17]
20:32:30.686-----------> ClassLocator.getDependentXMLResources: Replicate resource: zkbind
Overwrite bundleresource://179.fwk1319287199:12/metainfo/zk/lang-addon.xml
with bundleresource://179.fwk1319287199:29/metainfo/zk/lang-addon.xml [17]
20:32:30.686-----------> ClassLocator.getDependentXMLResources: Replicate resource: zkplus
Overwrite bundleresource://179.fwk1319287199:13/metainfo/zk/lang-addon.xml
with bundleresource://179.fwk1319287199:30/metainfo/zk/lang-addon.xml [17]
20:32:30.858           WebUIServlet.init: iDempiere Web Client started successfully [17]
20:32:31.827-----------> AnnotationConfiguration.configure: ServletContainerInitializers: detected. Class hierarchy: empty [17]

*** 2016-06-05 20:32:32.132 idempiere Log (CLogFile) ***
20:32:34.000-----------> Node: [127.0.0.1]:5701 [adempiere.idempiere/localhost] [3.5.3] No join method is enabled! Starting standalone. [41]
20:33:53.157===========> MRole.addAccessSQL: TableName not correctly parsed - TableNameIn=AD_Attachment - AccessSqlParser[AD_Attachment=WHERE|0] - #1 AD_Attachment=WHERE
 = SELECT AD_Attachment_ID, Title, Textmsg FROM AD_Attachment WHERE  [32]
20:34:50.572===========> MRole.addAccessSQL: TableName not correctly parsed - TableNameIn=AD_Attachment - AccessSqlParser[AD_Attachment=WHERE|0] - #1 AD_Attachment=WHERE
 = SELECT AD_Attachment_ID, Title, Textmsg FROM AD_Attachment WHERE  [37]
