*** 2016-10-10 09:19:55.211 idempiere Log (CLogFile) ***
09:19:55.207 Adempiere.startup: iDempiere(r) Release 3.1_2015-10-31 -Smart Suite ERP, CRM and SCM- (c) 1999-2013 iDempiere(r); Implementation: iDempiere - Supported by iDempiere community [17]
09:19:55.235 Ini.loadProperties: E:\mercurialidempiere/idempiere.properties #33 [17]
09:19:57.354 AdempiereActivator.installPackage: ni.idempiere.importcurrencyrate 1.0.0 was installed: 2016-07-14 16:34:48.698 [17]
09:19:57.511 DB.isBuildOK: Build DB=${env.ADEMPIERE_VERSION} 20080428-1232 [17]
09:19:57.511 DB.isBuildOK: Build Cl=3.1.0.qualifier [17]
09:19:57.611-----------> DB.isBuildOK: Build Version Error 

The program assumes build version 3.1.0.qualifier, but database has build version ${env.ADEMPIERE_VERSION} 20080428-1232. 
This is likely to cause hard to fix errors. 
Please contact administrator. [17]
09:19:58.672 WebEnv.initWeb: Servlet Context Init Parameters: iDempiere Root
ServerRoot=1 [17]
09:19:58.702-----------> EMail.setFrom: you @ company.org: javax.mail.internet.AddressException: Local address contains control or whitespace in string ``you @ company.org'' [17]
09:19:58.706-----------> EMail.addTo: you @ company.org: javax.mail.internet.AddressException: Local address contains control or whitespace in string ``you @ company.org'' [17]
09:19:58.706-----------> EMail.isValid: From is invalid=null [17]
09:19:58.706-----------> EMail.isValid: From is invalid=null [17]
09:19:58.706-----------> MClient.sendEMail: Could NOT Send Email: Server started: iDempiere (odbz:192.168.163.1) to you @ company.org: Invalid Data (System) [17]
09:19:58.706 WebEnv.initWeb: Servlet Init Parameter: idempiereMonitor [17]
09:19:58.706 AdempiereMonitor.init:  [17]
09:20:08.186-----------> AnnotationConfiguration.configure: ServletContainerInitializers: detected. Class hierarchy: empty [17]
09:20:08.817-----------> ClassLocator.getDependentXMLResources: Replicate resource: ckez
Overwrite bundleresource://187.fwk1319287199:2/metainfo/zk/config.xml
with bundleresource://187.fwk1319287199:19/metainfo/zk/config.xml [17]
09:20:08.830-----------> ClassLocator.getDependentXMLResources: Replicate resource: zk
Overwrite bundleresource://187.fwk1319287199:11/metainfo/zk/config.xml
with bundleresource://187.fwk1319287199:28/metainfo/zk/config.xml [17]
09:20:08.837-----------> ClassLocator.getDependentXMLResources: Replicate resource: zkbind
Overwrite bundleresource://187.fwk1319287199:12/metainfo/zk/config.xml
with bundleresource://187.fwk1319287199:29/metainfo/zk/config.xml [17]
09:20:08.893-----------> ClassLocator.getDependentXMLResources: Replicate resource: zul
Overwrite bundleresource://187.fwk1319287199:14/metainfo/zk/zk.xml
with bundleresource://187.fwk1319287199:31/metainfo/zk/zk.xml [17]
09:20:09.597-----------> LanguageDefinition.<init>: Replicated language: xhtml, overriden by [LanguageDefinition: xhtml] [17]
09:20:09.639-----------> LanguageDefinition.<init>: Replicated language: xul/html, overriden by [LanguageDefinition: xul/html] [17]
09:20:09.756-----------> ClassLocator.getDependentXMLResources: Replicate resource: calendar
Overwrite bundleresource://187.fwk1319287199:1/metainfo/zk/lang-addon.xml
with bundleresource://187.fwk1319287199:18/metainfo/zk/lang-addon.xml [17]
09:20:09.763-----------> ClassLocator.getDependentXMLResources: Replicate resource: ckez
Overwrite bundleresource://187.fwk1319287199:2/metainfo/zk/lang-addon.xml
with bundleresource://187.fwk1319287199:19/metainfo/zk/lang-addon.xml [17]
09:20:09.774-----------> ClassLocator.getDependentXMLResources: Replicate resource: gmapsz
Overwrite bundleresource://187.fwk1319287199:5/metainfo/zk/lang-addon.xml
with bundleresource://187.fwk1319287199:22/metainfo/zk/lang-addon.xml [17]
09:20:09.779-----------> ClassLocator.getDependentXMLResources: Replicate resource: timeline
Overwrite bundleresource://187.fwk1319287199:6/metainfo/zk/lang-addon.xml
with bundleresource://187.fwk1319287199:23/metainfo/zk/lang-addon.xml [17]
09:20:09.782-----------> ClassLocator.getDependentXMLResources: Replicate resource: timeplot
Overwrite bundleresource://187.fwk1319287199:7/metainfo/zk/lang-addon.xml
with bundleresource://187.fwk1319287199:24/metainfo/zk/lang-addon.xml [17]
09:20:09.809-----------> ClassLocator.getDependentXMLResources: Replicate resource: zkbind
Overwrite bundleresource://187.fwk1319287199:12/metainfo/zk/lang-addon.xml
with bundleresource://187.fwk1319287199:29/metainfo/zk/lang-addon.xml [17]
09:20:09.824-----------> ClassLocator.getDependentXMLResources: Replicate resource: zkplus
Overwrite bundleresource://187.fwk1319287199:13/metainfo/zk/lang-addon.xml
with bundleresource://187.fwk1319287199:30/metainfo/zk/lang-addon.xml [17]
09:20:10.071           WebUIServlet.init: iDempiere Web Client started successfully [17]
09:20:11.859-----------> AnnotationConfiguration.configure: ServletContainerInitializers: detected. Class hierarchy: empty [17]

*** 2016-10-10 09:20:12.69 idempiere Log (CLogFile) ***
09:20:17.444-----------> Node: [192.168.163.1]:5701 [adempiere.idempiere/localhost] [3.5.3] No join method is enabled! Starting standalone. [42]
09:26:57.612-----------> Prop.loadProperties: E:\mercurialidempiere\home.properties not found [38]
09:26:57.613-----------> Prop.loadProperties: !!WARNING:Please locate yout custom home.properties on iDEMPIERE_HOME. [38]
09:27:21.960-----------> Msg.getMsg: NOT found: ni.idempiere.toolbar.button.action.report.label [38]
09:27:21.960-----------> Msg.getMsg: NOT found: ni.idempiere.toolbar.button.action.report.tooltip [38]
09:27:28.775===========> Query.list: SELECT Updated,CreatedBy,IsTableBased,IsActive,IsStandardHeaderFooter,AD_PrintFont_ID,AD_Table_ID,IsForm,HeaderMargin,UpdatedBy,AD_PrintColor_ID,Created,Name,CreateCopy,FooterMargin,AD_Client_ID,AD_PrintPaper_ID,AD_Org_ID,Description,AD_PrintFormat_ID,AD_ReportView_ID,AD_PrintTableFormat_ID,PrinterName,IsDefault,JasperProcess_ID,Classname,Args,AD_PrintFormat_UU,AD_Window_ID FROM AD_PrintFormat WHERE (AD_Table_ID=? AND IsTableBased='Y' AND (AD_Window_ID=? OR AD_Window_ID IS NULL) AND (GL_Category_ID=1000007)  AND AD_Client_ID IN(0,1000000) AND AD_Org_ID IN(0,1000000) AND  (AD_PrintFormat_ID IS NULL OR AD_PrintFormat_ID NOT IN ( SELECT Record_ID FROM AD_Private_Access WHERE AD_Table_ID = 493 AND AD_User_ID <> 0 AND IsActive = 'Y' )) ) AND AD_Client_ID=? ORDER BY  AD_Client_ID DESC, IsDefault DESC, Name [35]
org.postgresql.util.PSQLException: ERROR: no existe la columna «gl_category_id»
  Position: 492; State=42703; ErrorCode=0
	at org.postgresql.core.v3.QueryExecutorImpl.receiveErrorResponse(QueryExecutorImpl.java:2182)
	at org.postgresql.core.v3.QueryExecutorImpl.processResults(QueryExecutorImpl.java:1911)
	at org.postgresql.core.v3.QueryExecutorImpl.execute(QueryExecutorImpl.java:173)
	at org.postgresql.jdbc2.AbstractJdbc2Statement.execute(AbstractJdbc2Statement.java:645)
	at org.postgresql.jdbc2.AbstractJdbc2Statement.executeWithFlags(AbstractJdbc2Statement.java:495)
	at org.postgresql.jdbc2.AbstractJdbc2Statement.executeQuery(AbstractJdbc2Statement.java:380)
	at com.mchange.v2.c3p0.impl.NewProxyPreparedStatement.executeQuery(NewProxyPreparedStatement.java:1418)
	at sun.reflect.GeneratedMethodAccessor21.invoke(Unknown Source)
	at sun.reflect.DelegatingMethodAccessorImpl.invoke(Unknown Source)
	at java.lang.reflect.Method.invoke(Unknown Source)
	at org.compiere.db.StatementProxy.invoke(StatementProxy.java:128)
	at com.sun.proxy.$Proxy3.executeQuery(Unknown Source)
	at org.compiere.model.Query.createResultSet(Query.java:785)
	at org.compiere.model.Query.list(Query.java:273)
	at ni.idempiere.model.NIMPrintFormat.getAccessiblePrintFormats(NIMPrintFormat.java:65)
	at ni.idempiere.toolbar.eventlistener.NIReportAction.getPrintFormats(NIReportAction.java:483)
	at ni.idempiere.toolbar.eventlistener.NIReportAction.<init>(NIReportAction.java:94)
	at ni.idempiere.toolbar.button.action.ToolbarAction.execute(ToolbarAction.java:15)
	at org.adempiere.webui.adwindow.ToolbarCustomButton.onEvent(ToolbarCustomButton.java:50)
	at org.zkoss.zk.ui.AbstractComponent.onEvent(AbstractComponent.java:2773)
	at org.zkoss.zk.ui.AbstractComponent.service(AbstractComponent.java:2744)

09:27:28.949===========> UiEngineImpl.handleError:  [35]
org.adempiere.exceptions.DBException: org.postgresql.util.PSQLException: ERROR: no existe la columna «gl_category_id»
  Position: 492
	at org.compiere.model.Query.list(Query.java:283)
	at ni.idempiere.model.NIMPrintFormat.getAccessiblePrintFormats(NIMPrintFormat.java:65)
	at ni.idempiere.toolbar.eventlistener.NIReportAction.getPrintFormats(NIReportAction.java:483)
	at ni.idempiere.toolbar.eventlistener.NIReportAction.<init>(NIReportAction.java:94)
	at ni.idempiere.toolbar.button.action.ToolbarAction.execute(ToolbarAction.java:15)
	at org.adempiere.webui.adwindow.ToolbarCustomButton.onEvent(ToolbarCustomButton.java:50)
	at org.zkoss.zk.ui.AbstractComponent.onEvent(AbstractComponent.java:2773)
	at org.zkoss.zk.ui.AbstractComponent.service(AbstractComponent.java:2744)
	at org.zkoss.zk.ui.AbstractComponent.service(AbstractComponent.java:2685)
	at org.zkoss.zk.ui.impl.EventProcessor.process(EventProcessor.java:136)
	at org.zkoss.zk.ui.impl.UiEngineImpl.processEvent(UiEngineImpl.java:1765)
	at org.zkoss.zk.ui.impl.UiEngineImpl.process(UiEngineImpl.java:1550)
	at org.zkoss.zk.ui.impl.UiEngineImpl.execUpdate(UiEngineImpl.java:1260)
	at org.zkoss.zk.au.http.DHtmlUpdateServlet.process(DHtmlUpdateServlet.java:611)
	at org.zkoss.zk.au.http.DHtmlUpdateServlet.doGet(DHtmlUpdateServlet.java:485)
	at org.zkoss.zk.au.http.DHtmlUpdateServlet.doPost(DHtmlUpdateServlet.java:494)
	at javax.servlet.http.HttpServlet.service(HttpServlet.java:707)
	at javax.servlet.http.HttpServlet.service(HttpServlet.java:790)
	at org.eclipse.jetty.servlet.ServletHolder.handle(ServletHolder.java:808)
	at org.eclipse.jetty.servlet.ServletHandler.doHandle(ServletHandler.java:587)
	at org.eclipse.jetty.server.handler.ScopedHandler.handle(ScopedHandler.java:143)
caused by: org.postgresql.util.PSQLException: ERROR: no existe la columna «gl_category_id»
  Position: 492; State=42703; ErrorCode=0
	at org.postgresql.core.v3.QueryExecutorImpl.receiveErrorResponse(QueryExecutorImpl.java:2182)
	at org.postgresql.core.v3.QueryExecutorImpl.processResults(QueryExecutorImpl.java:1911)
	at org.postgresql.core.v3.QueryExecutorImpl.execute(QueryExecutorImpl.java:173)
	at org.postgresql.jdbc2.AbstractJdbc2Statement.execute(AbstractJdbc2Statement.java:645)
	at org.postgresql.jdbc2.AbstractJdbc2Statement.executeWithFlags(AbstractJdbc2Statement.java:495)
	at org.postgresql.jdbc2.AbstractJdbc2Statement.executeQuery(AbstractJdbc2Statement.java:380)
	at com.mchange.v2.c3p0.impl.NewProxyPreparedStatement.executeQuery(NewProxyPreparedStatement.java:1418)
	at sun.reflect.GeneratedMethodAccessor21.invoke(Unknown Source)
	at sun.reflect.DelegatingMethodAccessorImpl.invoke(Unknown Source)
	at java.lang.reflect.Method.invoke(Unknown Source)
	at org.compiere.db.StatementProxy.invoke(StatementProxy.java:128)
	at com.sun.proxy.$Proxy3.executeQuery(Unknown Source)
	at org.compiere.model.Query.createResultSet(Query.java:785)
	at org.compiere.model.Query.list(Query.java:273)
	at ni.idempiere.model.NIMPrintFormat.getAccessiblePrintFormats(NIMPrintFormat.java:65)
	at ni.idempiere.toolbar.eventlistener.NIReportAction.getPrintFormats(NIReportAction.java:483)
	at ni.idempiere.toolbar.eventlistener.NIReportAction.<init>(NIReportAction.java:94)
	at ni.idempiere.toolbar.button.action.ToolbarAction.execute(ToolbarAction.java:15)
	at org.adempiere.webui.adwindow.ToolbarCustomButton.onEvent(ToolbarCustomButton.java:50)
	at org.zkoss.zk.ui.AbstractComponent.onEvent(AbstractComponent.java:2773)
	at org.zkoss.zk.ui.AbstractComponent.service(AbstractComponent.java:2744)

09:27:45.604-----------> Msg.getMsg: NOT found: ni.idempiere.toolbar.button.action.report.label [35]
09:27:45.605-----------> Msg.getMsg: NOT found: ni.idempiere.toolbar.button.action.report.tooltip [35]
09:28:05.680-----------> Msg.getMsg: NOT found: ni.idempiere.toolbar.button.action.report.label [33]
09:28:05.681-----------> Msg.getMsg: NOT found: ni.idempiere.toolbar.button.action.report.tooltip [33]
09:32:44.694-----------> Msg.getMsg: NOT found: ni.idempiere.toolbar.button.action.report.label [179]
09:32:44.695-----------> Msg.getMsg: NOT found: ni.idempiere.toolbar.button.action.report.tooltip [179]
09:33:01.610-----------> Msg.getMsg: NOT found: ni.idempiere.toolbar.button.action.report.label [38]
09:33:01.611-----------> Msg.getMsg: NOT found: ni.idempiere.toolbar.button.action.report.tooltip [38]
09:36:24.803-----------> Msg.getMsg: NOT found: ni.idempiere.toolbar.button.action.report.label [180]
09:36:24.803-----------> Msg.getMsg: NOT found: ni.idempiere.toolbar.button.action.report.tooltip [180]
09:37:31.522-----------> Msg.getMsg: NOT found: ni.idempiere.toolbar.button.action.report.label [180]
09:37:31.522-----------> Msg.getMsg: NOT found: ni.idempiere.toolbar.button.action.report.tooltip [180]
09:39:47.667-----------> Msg.getMsg: NOT found: ni.idempiere.toolbar.button.action.report.label [35]
09:39:47.668-----------> Msg.getMsg: NOT found: ni.idempiere.toolbar.button.action.report.tooltip [35]
