*** 2017-06-21 22:42:06.902 idempiere Log (CLogFile) ***
22:42:06.901 Adempiere.startup: iDempiere(r) Release 3.1_2015-10-31 -Smart Suite ERP, CRM and SCM- (c) 1999-2013 iDempiere(r); Implementation: iDempiere - Supported by iDempiere community [17]
22:42:06.904 Ini.loadProperties: E:\mercurialidempiere/idempiere.properties #33 [17]
22:42:07.692 AdempiereActivator.installPackage: ni.hmil.override.codebase 1.0.0 was installed: 2017-06-19 23:52:10.981 [17]
22:42:07.723 DB.isBuildOK: Build DB=${env.ADEMPIERE_VERSION} 20080428-1232 [17]
22:42:07.723 DB.isBuildOK: Build Cl=3.1.0.qualifier [17]
22:42:07.749-----------> DB.isBuildOK: Error en la versión de la construcción 

El programa asume version de construcción 3.1.0.qualifier, pero la base de datos tiene una versión ${env.ADEMPIERE_VERSION} 20080428-1232.
Es posible que esto cause errores difíciles de corregir.
Por favor contacte al ADMINISTRADOR. [17]
22:42:07.857 WebEnv.initWeb: Servlet Context Init Parameters: iDempiere Root
ServerRoot=1 [17]
22:42:08.048-----------> EMail.setFrom: you @ company.org: javax.mail.internet.AddressException: Local address contains control or whitespace in string ``you @ company.org'' [17]
22:42:08.049-----------> EMail.addTo: you @ company.org: javax.mail.internet.AddressException: Local address contains control or whitespace in string ``you @ company.org'' [17]
22:42:08.050-----------> EMail.isValid: From is invalid=null [17]
22:42:08.050-----------> EMail.isValid: From is invalid=null [17]
22:42:08.050-----------> MClient.sendEMail: Could NOT Send Email: Server started: iDempiere (odbz:192.168.47.1) to you @ company.org: Invalid Data (System) [17]
22:42:08.050 WebEnv.initWeb: Servlet Init Parameter: idempiereMonitor [17]
22:42:08.050 AdempiereMonitor.init:  [17]
22:42:14.653-----------> AnnotationConfiguration.configure: ServletContainerInitializers: detected. Class hierarchy: empty [17]
22:42:14.975-----------> ClassLocator.getDependentXMLResources: Replicate resource: ckez
Overwrite bundleresource://181.fwk1480207683:2/metainfo/zk/config.xml
with bundleresource://181.fwk1480207683:19/metainfo/zk/config.xml [17]
22:42:14.982-----------> ClassLocator.getDependentXMLResources: Replicate resource: zk
Overwrite bundleresource://181.fwk1480207683:11/metainfo/zk/config.xml
with bundleresource://181.fwk1480207683:28/metainfo/zk/config.xml [17]
22:42:14.987-----------> ClassLocator.getDependentXMLResources: Replicate resource: zkbind
Overwrite bundleresource://181.fwk1480207683:12/metainfo/zk/config.xml
with bundleresource://181.fwk1480207683:29/metainfo/zk/config.xml [17]
22:42:15.020-----------> ClassLocator.getDependentXMLResources: Replicate resource: zul
Overwrite bundleresource://181.fwk1480207683:14/metainfo/zk/zk.xml
with bundleresource://181.fwk1480207683:31/metainfo/zk/zk.xml [17]
22:42:15.467-----------> LanguageDefinition.<init>: Replicated language: xhtml, overriden by [LanguageDefinition: xhtml] [17]
22:42:15.490-----------> LanguageDefinition.<init>: Replicated language: xul/html, overriden by [LanguageDefinition: xul/html] [17]
22:42:15.536-----------> ClassLocator.getDependentXMLResources: Replicate resource: calendar
Overwrite bundleresource://181.fwk1480207683:1/metainfo/zk/lang-addon.xml
with bundleresource://181.fwk1480207683:18/metainfo/zk/lang-addon.xml [17]
22:42:15.539-----------> ClassLocator.getDependentXMLResources: Replicate resource: ckez
Overwrite bundleresource://181.fwk1480207683:2/metainfo/zk/lang-addon.xml
with bundleresource://181.fwk1480207683:19/metainfo/zk/lang-addon.xml [17]
22:42:15.543-----------> ClassLocator.getDependentXMLResources: Replicate resource: gmapsz
Overwrite bundleresource://181.fwk1480207683:5/metainfo/zk/lang-addon.xml
with bundleresource://181.fwk1480207683:22/metainfo/zk/lang-addon.xml [17]
22:42:15.547-----------> ClassLocator.getDependentXMLResources: Replicate resource: timeline
Overwrite bundleresource://181.fwk1480207683:6/metainfo/zk/lang-addon.xml
with bundleresource://181.fwk1480207683:23/metainfo/zk/lang-addon.xml [17]
22:42:15.550-----------> ClassLocator.getDependentXMLResources: Replicate resource: timeplot
Overwrite bundleresource://181.fwk1480207683:7/metainfo/zk/lang-addon.xml
with bundleresource://181.fwk1480207683:24/metainfo/zk/lang-addon.xml [17]
22:42:15.559-----------> ClassLocator.getDependentXMLResources: Replicate resource: zkbind
Overwrite bundleresource://181.fwk1480207683:12/metainfo/zk/lang-addon.xml
with bundleresource://181.fwk1480207683:29/metainfo/zk/lang-addon.xml [17]
22:42:15.565-----------> ClassLocator.getDependentXMLResources: Replicate resource: zkplus
Overwrite bundleresource://181.fwk1480207683:13/metainfo/zk/lang-addon.xml
with bundleresource://181.fwk1480207683:30/metainfo/zk/lang-addon.xml [17]
22:42:16.020           WebUIServlet.init: iDempiere Web Client started successfully [17]
22:42:17.145-----------> AnnotationConfiguration.configure: ServletContainerInitializers: detected. Class hierarchy: empty [17]

*** 2017-06-21 22:42:17.649 idempiere Log (CLogFile) ***
22:42:19.749-----------> Node: [192.168.163.1]:5701 [adempiere.idempiere/localhost] [3.5.3] No join method is enabled! Starting standalone. [42]
22:54:00.920-----------> Prop.loadProperties: E:\mercurialidempiere\home.properties not found [34]
22:54:00.921-----------> Prop.loadProperties: !!WARNING:Please locate yout custom home.properties on iDEMPIERE_HOME. [34]
