*** 2016-06-03 11:01:42.771 idempiere Log (CLogFile) ***
11:01:42.770 Adempiere.startup: iDempiere(r) Release 3.1_2015-10-31 -Smart Suite ERP, CRM and SCM- (c) 1999-2013 iDempiere(r); Implementation: iDempiere - Supported by iDempiere community [17]
11:01:42.774 Ini.loadProperties: E:\mercurialidempiere/idempiere-test.properties #33 [17]
11:01:43.161 DB.isBuildOK: Build DB=${env.ADEMPIERE_VERSION} 20080428-1232 [17]
11:01:43.161 DB.isBuildOK: Build Cl=3.1.0.qualifier [17]
11:01:43.180-----------> DB.isBuildOK: Build Version Error 

The program assumes build version 3.1.0.qualifier, but database has build version ${env.ADEMPIERE_VERSION} 20080428-1232. 
This is likely to cause hard to fix errors. 
Please contact administrator. [17]
11:01:43.308 Language.getLanguage: Adding Language=en, Country=US, Locale=en_US [17]
11:01:43.312 Language.getLanguage: Adding Language=en, Country=US, Locale=en_US [17]
11:01:43.382 WebEnv.initWeb: Servlet Context Init Parameters: iDempiere Root
ServerRoot=1 [17]
11:01:43.392-----------> EMail.setFrom: you @ company.org: javax.mail.internet.AddressException: Local address contains control or whitespace in string ``you @ company.org'' [17]
11:01:43.397-----------> EMail.addTo: you @ company.org: javax.mail.internet.AddressException: Local address contains control or whitespace in string ``you @ company.org'' [17]
11:01:43.397-----------> EMail.isValid: From is invalid=null [17]
11:01:43.397-----------> EMail.isValid: From is invalid=null [17]
11:01:43.397-----------> MClient.sendEMail: Could NOT Send Email: Server started: iDempiere (odbz:10.0.5.43) to you @ company.org: Invalid Data (System) [17]
11:01:43.397 WebEnv.initWeb: Servlet Init Parameter: idempiereMonitor [17]
11:01:43.397 AdempiereMonitor.init:  [17]
11:01:44.866-----------> AnnotationConfiguration.configure: ServletContainerInitializers: detected. Class hierarchy: empty [17]
11:01:45.136-----------> ClassLocator.getDependentXMLResources: Replicate resource: ckez
Overwrite bundleresource://179.fwk1480207683:2/metainfo/zk/config.xml
with bundleresource://179.fwk1480207683:19/metainfo/zk/config.xml [17]
11:01:45.158-----------> ClassLocator.getDependentXMLResources: Replicate resource: zk
Overwrite bundleresource://179.fwk1480207683:11/metainfo/zk/config.xml
with bundleresource://179.fwk1480207683:28/metainfo/zk/config.xml [17]
11:01:45.161-----------> ClassLocator.getDependentXMLResources: Replicate resource: zkbind
Overwrite bundleresource://179.fwk1480207683:12/metainfo/zk/config.xml
with bundleresource://179.fwk1480207683:29/metainfo/zk/config.xml [17]
11:01:45.187-----------> ClassLocator.getDependentXMLResources: Replicate resource: zul
Overwrite bundleresource://179.fwk1480207683:14/metainfo/zk/zk.xml
with bundleresource://179.fwk1480207683:31/metainfo/zk/zk.xml [17]
11:01:45.497-----------> LanguageDefinition.<init>: Replicated language: xhtml, overriden by [LanguageDefinition: xhtml] [17]
11:01:45.520-----------> LanguageDefinition.<init>: Replicated language: xul/html, overriden by [LanguageDefinition: xul/html] [17]
11:01:45.571-----------> ClassLocator.getDependentXMLResources: Replicate resource: calendar
Overwrite bundleresource://179.fwk1480207683:1/metainfo/zk/lang-addon.xml
with bundleresource://179.fwk1480207683:18/metainfo/zk/lang-addon.xml [17]
11:01:45.576-----------> ClassLocator.getDependentXMLResources: Replicate resource: ckez
Overwrite bundleresource://179.fwk1480207683:2/metainfo/zk/lang-addon.xml
with bundleresource://179.fwk1480207683:19/metainfo/zk/lang-addon.xml [17]
11:01:45.582-----------> ClassLocator.getDependentXMLResources: Replicate resource: gmapsz
Overwrite bundleresource://179.fwk1480207683:5/metainfo/zk/lang-addon.xml
with bundleresource://179.fwk1480207683:22/metainfo/zk/lang-addon.xml [17]
11:01:45.586-----------> ClassLocator.getDependentXMLResources: Replicate resource: timeline
Overwrite bundleresource://179.fwk1480207683:6/metainfo/zk/lang-addon.xml
with bundleresource://179.fwk1480207683:23/metainfo/zk/lang-addon.xml [17]
11:01:45.590-----------> ClassLocator.getDependentXMLResources: Replicate resource: timeplot
Overwrite bundleresource://179.fwk1480207683:7/metainfo/zk/lang-addon.xml
with bundleresource://179.fwk1480207683:24/metainfo/zk/lang-addon.xml [17]
11:01:45.601-----------> ClassLocator.getDependentXMLResources: Replicate resource: zkbind
Overwrite bundleresource://179.fwk1480207683:12/metainfo/zk/lang-addon.xml
with bundleresource://179.fwk1480207683:29/metainfo/zk/lang-addon.xml [17]
11:01:45.608-----------> ClassLocator.getDependentXMLResources: Replicate resource: zkplus
Overwrite bundleresource://179.fwk1480207683:13/metainfo/zk/lang-addon.xml
with bundleresource://179.fwk1480207683:30/metainfo/zk/lang-addon.xml [17]
11:01:45.695           WebUIServlet.init: iDempiere Web Client started successfully [17]
11:01:46.579-----------> AnnotationConfiguration.configure: ServletContainerInitializers: detected. Class hierarchy: empty [17]

*** 2016-06-03 11:01:46.908 idempiere Log (CLogFile) ***
11:01:49.014-----------> Node: [10.0.5.43]:5701 [adempiere.idempiere/localhost] [3.5.3] No join method is enabled! Starting standalone. [42]
